main
here debug =  False
here N =  11
m= 0
11
9 2 1
[0, 1, 2, 3, 4, 5, 6, 7, 8]
1 <class 'int'>
[9, 10]
[0, 1]
debug is  False
waiting for network ready...
waiting for network ready...
8 start to run round 0 C: [0, 1, 2, 3, 4, 5, 6, 7, 8] N: 9
old [0, 1, 2, 3, 4, 5, 6, 7, 8]
new [0, 1, 2, 3, 4, 5, 6, 7, 8]
run round 0 adkr round taking 1.282926 sec
pc size for round 0 is 5871
(3, b'0D\x02 o\xaf\xcd\x84\x14/\x10\xa5\xd4M\xa9\x99\x9b\x10\x8e\xf8_\xd1$\xdc\xac\x11\xcb\x9d\xeb\n\xa0\x97\xec\xbd\xa6\x19\x02 T\xa7;\xb3\x0b\xba6"\x9b\r\x94w\xc6\xf7\xe8p\xf4\x06\xa9\xbb\xf2\xe8/\x08\xd6\xd93\x85RI\xad8')
(7, b'0E\x02!\x00\xc9\xa2\xafF0\xbc\xc6\xd8\xd0\xc0\t\xe3\xa7=\xf3\x05\x03\r\xbd$\x02;\x97i\x06\xa1\xa8\x96>jp\xdf\x02 r\x0f,\xb2]y\x92?\xdeM\xd8@\x8f\xbd\x02\x8a\xa3bh/5\x8f\xe6\xb8yr%\x13S\xdb\xe8i')
(1, b'0E\x02!\x00\xa3/\xc4\xf1\xdf9j\xfa\xa2\xc2\xa0\xf2\x80\xf6\x06\xfeb\x85\r\xd4\x0f\x1f\xd1\xd7h1\xeb\x12\xa7M\xd7\xef\x02 r\xef\xf60k\x1a\xb2\x1c\x9c_\x86H\x19\x9b\xc5n\xf4Q\xac\x9f\xee6\x80}\xdaM\x9e\xe6\x9bs\xd2G')
8 config verify passed!
Node 8 read a proofchain using 0.003299 sec
8 start to run round 1 C: [0, 1, 2, 3, 4, 5, 6, 7, 8] N: 9
old [0, 1, 2, 3, 4, 5, 6, 7, 8]
new [0, 1, 2, 3, 4, 5, 6, 7, 8]
run round 1 adkr round taking 1.496643 sec
pc size for round 1 is 11361
(7, b'0E\x02!\x00\xc9\xa2\xafF0\xbc\xc6\xd8\xd0\xc0\t\xe3\xa7=\xf3\x05\x03\r\xbd$\x02;\x97i\x06\xa1\xa8\x96>jp\xdf\x02 r\x0f,\xb2]y\x92?\xdeM\xd8@\x8f\xbd\x02\x8a\xa3bh/5\x8f\xe6\xb8yr%\x13S\xdb\xe8i')
(3, b'0D\x02 o\xaf\xcd\x84\x14/\x10\xa5\xd4M\xa9\x99\x9b\x10\x8e\xf8_\xd1$\xdc\xac\x11\xcb\x9d\xeb\n\xa0\x97\xec\xbd\xa6\x19\x02 T\xa7;\xb3\x0b\xba6"\x9b\r\x94w\xc6\xf7\xe8p\xf4\x06\xa9\xbb\xf2\xe8/\x08\xd6\xd93\x85RI\xad8')
(1, b'0E\x02!\x00\xa3/\xc4\xf1\xdf9j\xfa\xa2\xc2\xa0\xf2\x80\xf6\x06\xfeb\x85\r\xd4\x0f\x1f\xd1\xd7h1\xeb\x12\xa7M\xd7\xef\x02 r\xef\xf60k\x1a\xb2\x1c\x9c_\x86H\x19\x9b\xc5n\xf4Q\xac\x9f\xee6\x80}\xdaM\x9e\xe6\x9bs\xd2G')
(3, b'0D\x02 o\xaf\xcd\x84\x14/\x10\xa5\xd4M\xa9\x99\x9b\x10\x8e\xf8_\xd1$\xdc\xac\x11\xcb\x9d\xeb\n\xa0\x97\xec\xbd\xa6\x19\x02 T\xa7;\xb3\x0b\xba6"\x9b\r\x94w\xc6\xf7\xe8p\xf4\x06\xa9\xbb\xf2\xe8/\x08\xd6\xd93\x85RI\xad8')
(7, b'0E\x02!\x00\xc9\xa2\xafF0\xbc\xc6\xd8\xd0\xc0\t\xe3\xa7=\xf3\x05\x03\r\xbd$\x02;\x97i\x06\xa1\xa8\x96>jp\xdf\x02 r\x0f,\xb2]y\x92?\xdeM\xd8@\x8f\xbd\x02\x8a\xa3bh/5\x8f\xe6\xb8yr%\x13S\xdb\xe8i')
(1, b'0E\x02!\x00\xa3/\xc4\xf1\xdf9j\xfa\xa2\xc2\xa0\xf2\x80\xf6\x06\xfeb\x85\r\xd4\x0f\x1f\xd1\xd7h1\xeb\x12\xa7M\xd7\xef\x02 r\xef\xf60k\x1a\xb2\x1c\x9c_\x86H\x19\x9b\xc5n\xf4Q\xac\x9f\xee6\x80}\xdaM\x9e\xe6\x9bs\xd2G')
8 config verify passed!
Node 8 read a proofchain using 0.003363 sec
node 8 breaks in 2.787139 seconds with 2 round, adkr_old avg time: 1.389785, pc size: 11361, verify time: 0.003363
8 set stop as true
