main
here debug =  False
here N =  7
m= 0
7
7 1 1
[0, 1, 2, 3, 4, 5, 6]
1 <class 'int'>
[7, 8, 9, 10]
[0, 1, 2, 3]
debug is  False
waiting for network ready...
1 start to run round 0 C: [0, 1, 2, 3, 4, 5, 6] N: 7
old [0, 1, 2, 3, 4, 5, 6]
new [0, 1, 2, 3, 4, 5, 6]
run round 0 adkr round taking 0.790567 sec
pc size for round 0 is 4643
(1, b'0E\x02!\x00\xb7~\x00\xffN\xcb\xf5.\xa2\x15\x9bVr\x16\xcdnr\xf2R?Q#\xe8w%\x93\xb0c\xd7\xd7\x95\x16\x02 \x03\x97\xbb\xaa\x08,A\x8a\xa4\x0e\xc6\x14@\x1eO.\xfdy\x17\x91\xa4\x07V \xf7+^\x12\x13~.\x91')
(4, b"0E\x02!\x00\x83\xfc\xebp\x1f\x0eex\x93\x05D\x18\x8e*'\xbf5\x8b\xbd\xf1i\xff\x7f\xdd\x1e\xff\x8elbJ)o\x02 \\\xf8\xf1\xf2E\xfc\xf6A\xb7\xc6\xbc$\xc4\xdbD\xf3\x96\xe1S\xda\x069\xa3r\x87\x9eK\xbd\xf4O\xb1a")
1 config verify passed!!!!
Node 1 read a proofchain using 0.003528 sec
1 start to run round 1 C: [0, 1, 2, 3, 4, 5, 6] N: 7
old [0, 1, 2, 3, 4, 5, 6]
new [0, 1, 2, 3, 4, 5, 6]
run round 1 adkr round taking 0.893717 sec
pc size for round 1 is 8904
(4, b"0E\x02!\x00\x83\xfc\xebp\x1f\x0eex\x93\x05D\x18\x8e*'\xbf5\x8b\xbd\xf1i\xff\x7f\xdd\x1e\xff\x8elbJ)o\x02 \\\xf8\xf1\xf2E\xfc\xf6A\xb7\xc6\xbc$\xc4\xdbD\xf3\x96\xe1S\xda\x069\xa3r\x87\x9eK\xbd\xf4O\xb1a")
(1, b'0E\x02!\x00\xb7~\x00\xffN\xcb\xf5.\xa2\x15\x9bVr\x16\xcdnr\xf2R?Q#\xe8w%\x93\xb0c\xd7\xd7\x95\x16\x02 \x03\x97\xbb\xaa\x08,A\x8a\xa4\x0e\xc6\x14@\x1eO.\xfdy\x17\x91\xa4\x07V \xf7+^\x12\x13~.\x91')
(1, b'0E\x02!\x00\xb7~\x00\xffN\xcb\xf5.\xa2\x15\x9bVr\x16\xcdnr\xf2R?Q#\xe8w%\x93\xb0c\xd7\xd7\x95\x16\x02 \x03\x97\xbb\xaa\x08,A\x8a\xa4\x0e\xc6\x14@\x1eO.\xfdy\x17\x91\xa4\x07V \xf7+^\x12\x13~.\x91')
(4, b"0E\x02!\x00\x83\xfc\xebp\x1f\x0eex\x93\x05D\x18\x8e*'\xbf5\x8b\xbd\xf1i\xff\x7f\xdd\x1e\xff\x8elbJ)o\x02 \\\xf8\xf1\xf2E\xfc\xf6A\xb7\xc6\xbc$\xc4\xdbD\xf3\x96\xe1S\xda\x069\xa3r\x87\x9eK\xbd\xf4O\xb1a")
1 config verify passed!!!!
Node 1 read a proofchain using 0.006060 sec
1 start to run round 2 C: [0, 1, 2, 3, 4, 5, 6] N: 7
old [0, 1, 2, 3, 4, 5, 6]
new [0, 1, 2, 3, 4, 5, 6]
run round 2 adkr round taking 0.888000 sec
pc size for round 2 is 13166
(1, b'0E\x02!\x00\xb7~\x00\xffN\xcb\xf5.\xa2\x15\x9bVr\x16\xcdnr\xf2R?Q#\xe8w%\x93\xb0c\xd7\xd7\x95\x16\x02 \x03\x97\xbb\xaa\x08,A\x8a\xa4\x0e\xc6\x14@\x1eO.\xfdy\x17\x91\xa4\x07V \xf7+^\x12\x13~.\x91')
(4, b"0E\x02!\x00\x83\xfc\xebp\x1f\x0eex\x93\x05D\x18\x8e*'\xbf5\x8b\xbd\xf1i\xff\x7f\xdd\x1e\xff\x8elbJ)o\x02 \\\xf8\xf1\xf2E\xfc\xf6A\xb7\xc6\xbc$\xc4\xdbD\xf3\x96\xe1S\xda\x069\xa3r\x87\x9eK\xbd\xf4O\xb1a")
(4, b"0E\x02!\x00\x83\xfc\xebp\x1f\x0eex\x93\x05D\x18\x8e*'\xbf5\x8b\xbd\xf1i\xff\x7f\xdd\x1e\xff\x8elbJ)o\x02 \\\xf8\xf1\xf2E\xfc\xf6A\xb7\xc6\xbc$\xc4\xdbD\xf3\x96\xe1S\xda\x069\xa3r\x87\x9eK\xbd\xf4O\xb1a")
(1, b'0E\x02!\x00\xb7~\x00\xffN\xcb\xf5.\xa2\x15\x9bVr\x16\xcdnr\xf2R?Q#\xe8w%\x93\xb0c\xd7\xd7\x95\x16\x02 \x03\x97\xbb\xaa\x08,A\x8a\xa4\x0e\xc6\x14@\x1eO.\xfdy\x17\x91\xa4\x07V \xf7+^\x12\x13~.\x91')
(1, b'0E\x02!\x00\xb7~\x00\xffN\xcb\xf5.\xa2\x15\x9bVr\x16\xcdnr\xf2R?Q#\xe8w%\x93\xb0c\xd7\xd7\x95\x16\x02 \x03\x97\xbb\xaa\x08,A\x8a\xa4\x0e\xc6\x14@\x1eO.\xfdy\x17\x91\xa4\x07V \xf7+^\x12\x13~.\x91')
(4, b"0E\x02!\x00\x83\xfc\xebp\x1f\x0eex\x93\x05D\x18\x8e*'\xbf5\x8b\xbd\xf1i\xff\x7f\xdd\x1e\xff\x8elbJ)o\x02 \\\xf8\xf1\xf2E\xfc\xf6A\xb7\xc6\xbc$\xc4\xdbD\xf3\x96\xe1S\xda\x069\xa3r\x87\x9eK\xbd\xf4O\xb1a")
1 config verify passed!!!!
Node 1 read a proofchain using 0.003536 sec
1 start to run round 3 C: [0, 1, 2, 3, 4, 5, 6] N: 7
old [0, 1, 2, 3, 4, 5, 6]
new [0, 1, 2, 3, 4, 5, 6]
run round 3 adkr round taking 0.940526 sec
pc size for round 3 is 17427
(4, b"0E\x02!\x00\x83\xfc\xebp\x1f\x0eex\x93\x05D\x18\x8e*'\xbf5\x8b\xbd\xf1i\xff\x7f\xdd\x1e\xff\x8elbJ)o\x02 \\\xf8\xf1\xf2E\xfc\xf6A\xb7\xc6\xbc$\xc4\xdbD\xf3\x96\xe1S\xda\x069\xa3r\x87\x9eK\xbd\xf4O\xb1a")
(1, b'0E\x02!\x00\xb7~\x00\xffN\xcb\xf5.\xa2\x15\x9bVr\x16\xcdnr\xf2R?Q#\xe8w%\x93\xb0c\xd7\xd7\x95\x16\x02 \x03\x97\xbb\xaa\x08,A\x8a\xa4\x0e\xc6\x14@\x1eO.\xfdy\x17\x91\xa4\x07V \xf7+^\x12\x13~.\x91')
(1, b'0E\x02!\x00\xb7~\x00\xffN\xcb\xf5.\xa2\x15\x9bVr\x16\xcdnr\xf2R?Q#\xe8w%\x93\xb0c\xd7\xd7\x95\x16\x02 \x03\x97\xbb\xaa\x08,A\x8a\xa4\x0e\xc6\x14@\x1eO.\xfdy\x17\x91\xa4\x07V \xf7+^\x12\x13~.\x91')
(4, b"0E\x02!\x00\x83\xfc\xebp\x1f\x0eex\x93\x05D\x18\x8e*'\xbf5\x8b\xbd\xf1i\xff\x7f\xdd\x1e\xff\x8elbJ)o\x02 \\\xf8\xf1\xf2E\xfc\xf6A\xb7\xc6\xbc$\xc4\xdbD\xf3\x96\xe1S\xda\x069\xa3r\x87\x9eK\xbd\xf4O\xb1a")
(4, b"0E\x02!\x00\x83\xfc\xebp\x1f\x0eex\x93\x05D\x18\x8e*'\xbf5\x8b\xbd\xf1i\xff\x7f\xdd\x1e\xff\x8elbJ)o\x02 \\\xf8\xf1\xf2E\xfc\xf6A\xb7\xc6\xbc$\xc4\xdbD\xf3\x96\xe1S\xda\x069\xa3r\x87\x9eK\xbd\xf4O\xb1a")
(1, b'0E\x02!\x00\xb7~\x00\xffN\xcb\xf5.\xa2\x15\x9bVr\x16\xcdnr\xf2R?Q#\xe8w%\x93\xb0c\xd7\xd7\x95\x16\x02 \x03\x97\xbb\xaa\x08,A\x8a\xa4\x0e\xc6\x14@\x1eO.\xfdy\x17\x91\xa4\x07V \xf7+^\x12\x13~.\x91')
(1, b'0E\x02!\x00\xb7~\x00\xffN\xcb\xf5.\xa2\x15\x9bVr\x16\xcdnr\xf2R?Q#\xe8w%\x93\xb0c\xd7\xd7\x95\x16\x02 \x03\x97\xbb\xaa\x08,A\x8a\xa4\x0e\xc6\x14@\x1eO.\xfdy\x17\x91\xa4\x07V \xf7+^\x12\x13~.\x91')
(4, b"0E\x02!\x00\x83\xfc\xebp\x1f\x0eex\x93\x05D\x18\x8e*'\xbf5\x8b\xbd\xf1i\xff\x7f\xdd\x1e\xff\x8elbJ)o\x02 \\\xf8\xf1\xf2E\xfc\xf6A\xb7\xc6\xbc$\xc4\xdbD\xf3\x96\xe1S\xda\x069\xa3r\x87\x9eK\xbd\xf4O\xb1a")
1 config verify passed!!!!
Node 1 read a proofchain using 0.003639 sec
1 start to run round 4 C: [0, 1, 2, 3, 4, 5, 6] N: 7
old [0, 1, 2, 3, 4, 5, 6]
new [0, 1, 2, 3, 4, 5, 6]
run round 4 adkr round taking 0.902740 sec
pc size for round 4 is 21689
(1, b'0E\x02!\x00\xb7~\x00\xffN\xcb\xf5.\xa2\x15\x9bVr\x16\xcdnr\xf2R?Q#\xe8w%\x93\xb0c\xd7\xd7\x95\x16\x02 \x03\x97\xbb\xaa\x08,A\x8a\xa4\x0e\xc6\x14@\x1eO.\xfdy\x17\x91\xa4\x07V \xf7+^\x12\x13~.\x91')
(4, b"0E\x02!\x00\x83\xfc\xebp\x1f\x0eex\x93\x05D\x18\x8e*'\xbf5\x8b\xbd\xf1i\xff\x7f\xdd\x1e\xff\x8elbJ)o\x02 \\\xf8\xf1\xf2E\xfc\xf6A\xb7\xc6\xbc$\xc4\xdbD\xf3\x96\xe1S\xda\x069\xa3r\x87\x9eK\xbd\xf4O\xb1a")
(4, b"0E\x02!\x00\x83\xfc\xebp\x1f\x0eex\x93\x05D\x18\x8e*'\xbf5\x8b\xbd\xf1i\xff\x7f\xdd\x1e\xff\x8elbJ)o\x02 \\\xf8\xf1\xf2E\xfc\xf6A\xb7\xc6\xbc$\xc4\xdbD\xf3\x96\xe1S\xda\x069\xa3r\x87\x9eK\xbd\xf4O\xb1a")
(1, b'0E\x02!\x00\xb7~\x00\xffN\xcb\xf5.\xa2\x15\x9bVr\x16\xcdnr\xf2R?Q#\xe8w%\x93\xb0c\xd7\xd7\x95\x16\x02 \x03\x97\xbb\xaa\x08,A\x8a\xa4\x0e\xc6\x14@\x1eO.\xfdy\x17\x91\xa4\x07V \xf7+^\x12\x13~.\x91')
(1, b'0E\x02!\x00\xb7~\x00\xffN\xcb\xf5.\xa2\x15\x9bVr\x16\xcdnr\xf2R?Q#\xe8w%\x93\xb0c\xd7\xd7\x95\x16\x02 \x03\x97\xbb\xaa\x08,A\x8a\xa4\x0e\xc6\x14@\x1eO.\xfdy\x17\x91\xa4\x07V \xf7+^\x12\x13~.\x91')
(4, b"0E\x02!\x00\x83\xfc\xebp\x1f\x0eex\x93\x05D\x18\x8e*'\xbf5\x8b\xbd\xf1i\xff\x7f\xdd\x1e\xff\x8elbJ)o\x02 \\\xf8\xf1\xf2E\xfc\xf6A\xb7\xc6\xbc$\xc4\xdbD\xf3\x96\xe1S\xda\x069\xa3r\x87\x9eK\xbd\xf4O\xb1a")
(4, b"0E\x02!\x00\x83\xfc\xebp\x1f\x0eex\x93\x05D\x18\x8e*'\xbf5\x8b\xbd\xf1i\xff\x7f\xdd\x1e\xff\x8elbJ)o\x02 \\\xf8\xf1\xf2E\xfc\xf6A\xb7\xc6\xbc$\xc4\xdbD\xf3\x96\xe1S\xda\x069\xa3r\x87\x9eK\xbd\xf4O\xb1a")
(1, b'0E\x02!\x00\xb7~\x00\xffN\xcb\xf5.\xa2\x15\x9bVr\x16\xcdnr\xf2R?Q#\xe8w%\x93\xb0c\xd7\xd7\x95\x16\x02 \x03\x97\xbb\xaa\x08,A\x8a\xa4\x0e\xc6\x14@\x1eO.\xfdy\x17\x91\xa4\x07V \xf7+^\x12\x13~.\x91')
(1, b'0E\x02!\x00\xb7~\x00\xffN\xcb\xf5.\xa2\x15\x9bVr\x16\xcdnr\xf2R?Q#\xe8w%\x93\xb0c\xd7\xd7\x95\x16\x02 \x03\x97\xbb\xaa\x08,A\x8a\xa4\x0e\xc6\x14@\x1eO.\xfdy\x17\x91\xa4\x07V \xf7+^\x12\x13~.\x91')
(4, b"0E\x02!\x00\x83\xfc\xebp\x1f\x0eex\x93\x05D\x18\x8e*'\xbf5\x8b\xbd\xf1i\xff\x7f\xdd\x1e\xff\x8elbJ)o\x02 \\\xf8\xf1\xf2E\xfc\xf6A\xb7\xc6\xbc$\xc4\xdbD\xf3\x96\xe1S\xda\x069\xa3r\x87\x9eK\xbd\xf4O\xb1a")
1 config verify passed!!!!
Node 1 read a proofchain using 0.004153 sec
1 start to run round 5 C: [0, 1, 2, 3, 4, 5, 6] N: 7
old [0, 1, 2, 3, 4, 5, 6]
new [0, 1, 2, 3, 4, 5, 6]
run round 5 adkr round taking 0.940225 sec
pc size for round 5 is 25950
(4, b"0E\x02!\x00\x83\xfc\xebp\x1f\x0eex\x93\x05D\x18\x8e*'\xbf5\x8b\xbd\xf1i\xff\x7f\xdd\x1e\xff\x8elbJ)o\x02 \\\xf8\xf1\xf2E\xfc\xf6A\xb7\xc6\xbc$\xc4\xdbD\xf3\x96\xe1S\xda\x069\xa3r\x87\x9eK\xbd\xf4O\xb1a")
(1, b'0E\x02!\x00\xb7~\x00\xffN\xcb\xf5.\xa2\x15\x9bVr\x16\xcdnr\xf2R?Q#\xe8w%\x93\xb0c\xd7\xd7\x95\x16\x02 \x03\x97\xbb\xaa\x08,A\x8a\xa4\x0e\xc6\x14@\x1eO.\xfdy\x17\x91\xa4\x07V \xf7+^\x12\x13~.\x91')
(1, b'0E\x02!\x00\xb7~\x00\xffN\xcb\xf5.\xa2\x15\x9bVr\x16\xcdnr\xf2R?Q#\xe8w%\x93\xb0c\xd7\xd7\x95\x16\x02 \x03\x97\xbb\xaa\x08,A\x8a\xa4\x0e\xc6\x14@\x1eO.\xfdy\x17\x91\xa4\x07V \xf7+^\x12\x13~.\x91')
(4, b"0E\x02!\x00\x83\xfc\xebp\x1f\x0eex\x93\x05D\x18\x8e*'\xbf5\x8b\xbd\xf1i\xff\x7f\xdd\x1e\xff\x8elbJ)o\x02 \\\xf8\xf1\xf2E\xfc\xf6A\xb7\xc6\xbc$\xc4\xdbD\xf3\x96\xe1S\xda\x069\xa3r\x87\x9eK\xbd\xf4O\xb1a")
(4, b"0E\x02!\x00\x83\xfc\xebp\x1f\x0eex\x93\x05D\x18\x8e*'\xbf5\x8b\xbd\xf1i\xff\x7f\xdd\x1e\xff\x8elbJ)o\x02 \\\xf8\xf1\xf2E\xfc\xf6A\xb7\xc6\xbc$\xc4\xdbD\xf3\x96\xe1S\xda\x069\xa3r\x87\x9eK\xbd\xf4O\xb1a")
(1, b'0E\x02!\x00\xb7~\x00\xffN\xcb\xf5.\xa2\x15\x9bVr\x16\xcdnr\xf2R?Q#\xe8w%\x93\xb0c\xd7\xd7\x95\x16\x02 \x03\x97\xbb\xaa\x08,A\x8a\xa4\x0e\xc6\x14@\x1eO.\xfdy\x17\x91\xa4\x07V \xf7+^\x12\x13~.\x91')
(1, b'0E\x02!\x00\xb7~\x00\xffN\xcb\xf5.\xa2\x15\x9bVr\x16\xcdnr\xf2R?Q#\xe8w%\x93\xb0c\xd7\xd7\x95\x16\x02 \x03\x97\xbb\xaa\x08,A\x8a\xa4\x0e\xc6\x14@\x1eO.\xfdy\x17\x91\xa4\x07V \xf7+^\x12\x13~.\x91')
(4, b"0E\x02!\x00\x83\xfc\xebp\x1f\x0eex\x93\x05D\x18\x8e*'\xbf5\x8b\xbd\xf1i\xff\x7f\xdd\x1e\xff\x8elbJ)o\x02 \\\xf8\xf1\xf2E\xfc\xf6A\xb7\xc6\xbc$\xc4\xdbD\xf3\x96\xe1S\xda\x069\xa3r\x87\x9eK\xbd\xf4O\xb1a")
(4, b"0E\x02!\x00\x83\xfc\xebp\x1f\x0eex\x93\x05D\x18\x8e*'\xbf5\x8b\xbd\xf1i\xff\x7f\xdd\x1e\xff\x8elbJ)o\x02 \\\xf8\xf1\xf2E\xfc\xf6A\xb7\xc6\xbc$\xc4\xdbD\xf3\x96\xe1S\xda\x069\xa3r\x87\x9eK\xbd\xf4O\xb1a")
(1, b'0E\x02!\x00\xb7~\x00\xffN\xcb\xf5.\xa2\x15\x9bVr\x16\xcdnr\xf2R?Q#\xe8w%\x93\xb0c\xd7\xd7\x95\x16\x02 \x03\x97\xbb\xaa\x08,A\x8a\xa4\x0e\xc6\x14@\x1eO.\xfdy\x17\x91\xa4\x07V \xf7+^\x12\x13~.\x91')
(1, b'0E\x02!\x00\xb7~\x00\xffN\xcb\xf5.\xa2\x15\x9bVr\x16\xcdnr\xf2R?Q#\xe8w%\x93\xb0c\xd7\xd7\x95\x16\x02 \x03\x97\xbb\xaa\x08,A\x8a\xa4\x0e\xc6\x14@\x1eO.\xfdy\x17\x91\xa4\x07V \xf7+^\x12\x13~.\x91')
(4, b"0E\x02!\x00\x83\xfc\xebp\x1f\x0eex\x93\x05D\x18\x8e*'\xbf5\x8b\xbd\xf1i\xff\x7f\xdd\x1e\xff\x8elbJ)o\x02 \\\xf8\xf1\xf2E\xfc\xf6A\xb7\xc6\xbc$\xc4\xdbD\xf3\x96\xe1S\xda\x069\xa3r\x87\x9eK\xbd\xf4O\xb1a")
1 config verify passed!!!!
Node 1 read a proofchain using 0.004435 sec
1 start to run round 6 C: [0, 1, 2, 3, 4, 5, 6] N: 7
old [0, 1, 2, 3, 4, 5, 6]
new [0, 1, 2, 3, 4, 5, 6]
run round 6 adkr round taking 0.917549 sec
pc size for round 6 is 30212
(1, b'0E\x02!\x00\xb7~\x00\xffN\xcb\xf5.\xa2\x15\x9bVr\x16\xcdnr\xf2R?Q#\xe8w%\x93\xb0c\xd7\xd7\x95\x16\x02 \x03\x97\xbb\xaa\x08,A\x8a\xa4\x0e\xc6\x14@\x1eO.\xfdy\x17\x91\xa4\x07V \xf7+^\x12\x13~.\x91')
(4, b"0E\x02!\x00\x83\xfc\xebp\x1f\x0eex\x93\x05D\x18\x8e*'\xbf5\x8b\xbd\xf1i\xff\x7f\xdd\x1e\xff\x8elbJ)o\x02 \\\xf8\xf1\xf2E\xfc\xf6A\xb7\xc6\xbc$\xc4\xdbD\xf3\x96\xe1S\xda\x069\xa3r\x87\x9eK\xbd\xf4O\xb1a")
(4, b"0E\x02!\x00\x83\xfc\xebp\x1f\x0eex\x93\x05D\x18\x8e*'\xbf5\x8b\xbd\xf1i\xff\x7f\xdd\x1e\xff\x8elbJ)o\x02 \\\xf8\xf1\xf2E\xfc\xf6A\xb7\xc6\xbc$\xc4\xdbD\xf3\x96\xe1S\xda\x069\xa3r\x87\x9eK\xbd\xf4O\xb1a")
(1, b'0E\x02!\x00\xb7~\x00\xffN\xcb\xf5.\xa2\x15\x9bVr\x16\xcdnr\xf2R?Q#\xe8w%\x93\xb0c\xd7\xd7\x95\x16\x02 \x03\x97\xbb\xaa\x08,A\x8a\xa4\x0e\xc6\x14@\x1eO.\xfdy\x17\x91\xa4\x07V \xf7+^\x12\x13~.\x91')
(1, b'0E\x02!\x00\xb7~\x00\xffN\xcb\xf5.\xa2\x15\x9bVr\x16\xcdnr\xf2R?Q#\xe8w%\x93\xb0c\xd7\xd7\x95\x16\x02 \x03\x97\xbb\xaa\x08,A\x8a\xa4\x0e\xc6\x14@\x1eO.\xfdy\x17\x91\xa4\x07V \xf7+^\x12\x13~.\x91')
(4, b"0E\x02!\x00\x83\xfc\xebp\x1f\x0eex\x93\x05D\x18\x8e*'\xbf5\x8b\xbd\xf1i\xff\x7f\xdd\x1e\xff\x8elbJ)o\x02 \\\xf8\xf1\xf2E\xfc\xf6A\xb7\xc6\xbc$\xc4\xdbD\xf3\x96\xe1S\xda\x069\xa3r\x87\x9eK\xbd\xf4O\xb1a")
(4, b"0E\x02!\x00\x83\xfc\xebp\x1f\x0eex\x93\x05D\x18\x8e*'\xbf5\x8b\xbd\xf1i\xff\x7f\xdd\x1e\xff\x8elbJ)o\x02 \\\xf8\xf1\xf2E\xfc\xf6A\xb7\xc6\xbc$\xc4\xdbD\xf3\x96\xe1S\xda\x069\xa3r\x87\x9eK\xbd\xf4O\xb1a")
(1, b'0E\x02!\x00\xb7~\x00\xffN\xcb\xf5.\xa2\x15\x9bVr\x16\xcdnr\xf2R?Q#\xe8w%\x93\xb0c\xd7\xd7\x95\x16\x02 \x03\x97\xbb\xaa\x08,A\x8a\xa4\x0e\xc6\x14@\x1eO.\xfdy\x17\x91\xa4\x07V \xf7+^\x12\x13~.\x91')
(1, b'0E\x02!\x00\xb7~\x00\xffN\xcb\xf5.\xa2\x15\x9bVr\x16\xcdnr\xf2R?Q#\xe8w%\x93\xb0c\xd7\xd7\x95\x16\x02 \x03\x97\xbb\xaa\x08,A\x8a\xa4\x0e\xc6\x14@\x1eO.\xfdy\x17\x91\xa4\x07V \xf7+^\x12\x13~.\x91')
(4, b"0E\x02!\x00\x83\xfc\xebp\x1f\x0eex\x93\x05D\x18\x8e*'\xbf5\x8b\xbd\xf1i\xff\x7f\xdd\x1e\xff\x8elbJ)o\x02 \\\xf8\xf1\xf2E\xfc\xf6A\xb7\xc6\xbc$\xc4\xdbD\xf3\x96\xe1S\xda\x069\xa3r\x87\x9eK\xbd\xf4O\xb1a")
(4, b"0E\x02!\x00\x83\xfc\xebp\x1f\x0eex\x93\x05D\x18\x8e*'\xbf5\x8b\xbd\xf1i\xff\x7f\xdd\x1e\xff\x8elbJ)o\x02 \\\xf8\xf1\xf2E\xfc\xf6A\xb7\xc6\xbc$\xc4\xdbD\xf3\x96\xe1S\xda\x069\xa3r\x87\x9eK\xbd\xf4O\xb1a")
(1, b'0E\x02!\x00\xb7~\x00\xffN\xcb\xf5.\xa2\x15\x9bVr\x16\xcdnr\xf2R?Q#\xe8w%\x93\xb0c\xd7\xd7\x95\x16\x02 \x03\x97\xbb\xaa\x08,A\x8a\xa4\x0e\xc6\x14@\x1eO.\xfdy\x17\x91\xa4\x07V \xf7+^\x12\x13~.\x91')
(1, b'0E\x02!\x00\xb7~\x00\xffN\xcb\xf5.\xa2\x15\x9bVr\x16\xcdnr\xf2R?Q#\xe8w%\x93\xb0c\xd7\xd7\x95\x16\x02 \x03\x97\xbb\xaa\x08,A\x8a\xa4\x0e\xc6\x14@\x1eO.\xfdy\x17\x91\xa4\x07V \xf7+^\x12\x13~.\x91')
(4, b"0E\x02!\x00\x83\xfc\xebp\x1f\x0eex\x93\x05D\x18\x8e*'\xbf5\x8b\xbd\xf1i\xff\x7f\xdd\x1e\xff\x8elbJ)o\x02 \\\xf8\xf1\xf2E\xfc\xf6A\xb7\xc6\xbc$\xc4\xdbD\xf3\x96\xe1S\xda\x069\xa3r\x87\x9eK\xbd\xf4O\xb1a")
1 config verify passed!!!!
Node 1 read a proofchain using 0.004437 sec
1 start to run round 7 C: [0, 1, 2, 3, 4, 5, 6] N: 7
old [0, 1, 2, 3, 4, 5, 6]
new [0, 1, 2, 3, 4, 5, 6]
run round 7 adkr round taking 0.959104 sec
pc size for round 7 is 34473
(4, b"0E\x02!\x00\x83\xfc\xebp\x1f\x0eex\x93\x05D\x18\x8e*'\xbf5\x8b\xbd\xf1i\xff\x7f\xdd\x1e\xff\x8elbJ)o\x02 \\\xf8\xf1\xf2E\xfc\xf6A\xb7\xc6\xbc$\xc4\xdbD\xf3\x96\xe1S\xda\x069\xa3r\x87\x9eK\xbd\xf4O\xb1a")
(1, b'0E\x02!\x00\xb7~\x00\xffN\xcb\xf5.\xa2\x15\x9bVr\x16\xcdnr\xf2R?Q#\xe8w%\x93\xb0c\xd7\xd7\x95\x16\x02 \x03\x97\xbb\xaa\x08,A\x8a\xa4\x0e\xc6\x14@\x1eO.\xfdy\x17\x91\xa4\x07V \xf7+^\x12\x13~.\x91')
(1, b'0E\x02!\x00\xb7~\x00\xffN\xcb\xf5.\xa2\x15\x9bVr\x16\xcdnr\xf2R?Q#\xe8w%\x93\xb0c\xd7\xd7\x95\x16\x02 \x03\x97\xbb\xaa\x08,A\x8a\xa4\x0e\xc6\x14@\x1eO.\xfdy\x17\x91\xa4\x07V \xf7+^\x12\x13~.\x91')
(4, b"0E\x02!\x00\x83\xfc\xebp\x1f\x0eex\x93\x05D\x18\x8e*'\xbf5\x8b\xbd\xf1i\xff\x7f\xdd\x1e\xff\x8elbJ)o\x02 \\\xf8\xf1\xf2E\xfc\xf6A\xb7\xc6\xbc$\xc4\xdbD\xf3\x96\xe1S\xda\x069\xa3r\x87\x9eK\xbd\xf4O\xb1a")
(4, b"0E\x02!\x00\x83\xfc\xebp\x1f\x0eex\x93\x05D\x18\x8e*'\xbf5\x8b\xbd\xf1i\xff\x7f\xdd\x1e\xff\x8elbJ)o\x02 \\\xf8\xf1\xf2E\xfc\xf6A\xb7\xc6\xbc$\xc4\xdbD\xf3\x96\xe1S\xda\x069\xa3r\x87\x9eK\xbd\xf4O\xb1a")
(1, b'0E\x02!\x00\xb7~\x00\xffN\xcb\xf5.\xa2\x15\x9bVr\x16\xcdnr\xf2R?Q#\xe8w%\x93\xb0c\xd7\xd7\x95\x16\x02 \x03\x97\xbb\xaa\x08,A\x8a\xa4\x0e\xc6\x14@\x1eO.\xfdy\x17\x91\xa4\x07V \xf7+^\x12\x13~.\x91')
(1, b'0E\x02!\x00\xb7~\x00\xffN\xcb\xf5.\xa2\x15\x9bVr\x16\xcdnr\xf2R?Q#\xe8w%\x93\xb0c\xd7\xd7\x95\x16\x02 \x03\x97\xbb\xaa\x08,A\x8a\xa4\x0e\xc6\x14@\x1eO.\xfdy\x17\x91\xa4\x07V \xf7+^\x12\x13~.\x91')
(4, b"0E\x02!\x00\x83\xfc\xebp\x1f\x0eex\x93\x05D\x18\x8e*'\xbf5\x8b\xbd\xf1i\xff\x7f\xdd\x1e\xff\x8elbJ)o\x02 \\\xf8\xf1\xf2E\xfc\xf6A\xb7\xc6\xbc$\xc4\xdbD\xf3\x96\xe1S\xda\x069\xa3r\x87\x9eK\xbd\xf4O\xb1a")
(4, b"0E\x02!\x00\x83\xfc\xebp\x1f\x0eex\x93\x05D\x18\x8e*'\xbf5\x8b\xbd\xf1i\xff\x7f\xdd\x1e\xff\x8elbJ)o\x02 \\\xf8\xf1\xf2E\xfc\xf6A\xb7\xc6\xbc$\xc4\xdbD\xf3\x96\xe1S\xda\x069\xa3r\x87\x9eK\xbd\xf4O\xb1a")
(1, b'0E\x02!\x00\xb7~\x00\xffN\xcb\xf5.\xa2\x15\x9bVr\x16\xcdnr\xf2R?Q#\xe8w%\x93\xb0c\xd7\xd7\x95\x16\x02 \x03\x97\xbb\xaa\x08,A\x8a\xa4\x0e\xc6\x14@\x1eO.\xfdy\x17\x91\xa4\x07V \xf7+^\x12\x13~.\x91')
(1, b'0E\x02!\x00\xb7~\x00\xffN\xcb\xf5.\xa2\x15\x9bVr\x16\xcdnr\xf2R?Q#\xe8w%\x93\xb0c\xd7\xd7\x95\x16\x02 \x03\x97\xbb\xaa\x08,A\x8a\xa4\x0e\xc6\x14@\x1eO.\xfdy\x17\x91\xa4\x07V \xf7+^\x12\x13~.\x91')
(4, b"0E\x02!\x00\x83\xfc\xebp\x1f\x0eex\x93\x05D\x18\x8e*'\xbf5\x8b\xbd\xf1i\xff\x7f\xdd\x1e\xff\x8elbJ)o\x02 \\\xf8\xf1\xf2E\xfc\xf6A\xb7\xc6\xbc$\xc4\xdbD\xf3\x96\xe1S\xda\x069\xa3r\x87\x9eK\xbd\xf4O\xb1a")
(4, b"0E\x02!\x00\x83\xfc\xebp\x1f\x0eex\x93\x05D\x18\x8e*'\xbf5\x8b\xbd\xf1i\xff\x7f\xdd\x1e\xff\x8elbJ)o\x02 \\\xf8\xf1\xf2E\xfc\xf6A\xb7\xc6\xbc$\xc4\xdbD\xf3\x96\xe1S\xda\x069\xa3r\x87\x9eK\xbd\xf4O\xb1a")
(1, b'0E\x02!\x00\xb7~\x00\xffN\xcb\xf5.\xa2\x15\x9bVr\x16\xcdnr\xf2R?Q#\xe8w%\x93\xb0c\xd7\xd7\x95\x16\x02 \x03\x97\xbb\xaa\x08,A\x8a\xa4\x0e\xc6\x14@\x1eO.\xfdy\x17\x91\xa4\x07V \xf7+^\x12\x13~.\x91')
(1, b'0E\x02!\x00\xb7~\x00\xffN\xcb\xf5.\xa2\x15\x9bVr\x16\xcdnr\xf2R?Q#\xe8w%\x93\xb0c\xd7\xd7\x95\x16\x02 \x03\x97\xbb\xaa\x08,A\x8a\xa4\x0e\xc6\x14@\x1eO.\xfdy\x17\x91\xa4\x07V \xf7+^\x12\x13~.\x91')
(4, b"0E\x02!\x00\x83\xfc\xebp\x1f\x0eex\x93\x05D\x18\x8e*'\xbf5\x8b\xbd\xf1i\xff\x7f\xdd\x1e\xff\x8elbJ)o\x02 \\\xf8\xf1\xf2E\xfc\xf6A\xb7\xc6\xbc$\xc4\xdbD\xf3\x96\xe1S\xda\x069\xa3r\x87\x9eK\xbd\xf4O\xb1a")
1 config verify passed!!!!
Node 1 read a proofchain using 0.004731 sec
1 start to run round 8 C: [0, 1, 2, 3, 4, 5, 6] N: 7
old [0, 1, 2, 3, 4, 5, 6]
new [0, 1, 2, 3, 4, 5, 6]
run round 8 adkr round taking 1.008430 sec
pc size for round 8 is 38734
(1, b'0E\x02!\x00\xb7~\x00\xffN\xcb\xf5.\xa2\x15\x9bVr\x16\xcdnr\xf2R?Q#\xe8w%\x93\xb0c\xd7\xd7\x95\x16\x02 \x03\x97\xbb\xaa\x08,A\x8a\xa4\x0e\xc6\x14@\x1eO.\xfdy\x17\x91\xa4\x07V \xf7+^\x12\x13~.\x91')
(4, b"0E\x02!\x00\x83\xfc\xebp\x1f\x0eex\x93\x05D\x18\x8e*'\xbf5\x8b\xbd\xf1i\xff\x7f\xdd\x1e\xff\x8elbJ)o\x02 \\\xf8\xf1\xf2E\xfc\xf6A\xb7\xc6\xbc$\xc4\xdbD\xf3\x96\xe1S\xda\x069\xa3r\x87\x9eK\xbd\xf4O\xb1a")
(4, b"0E\x02!\x00\x83\xfc\xebp\x1f\x0eex\x93\x05D\x18\x8e*'\xbf5\x8b\xbd\xf1i\xff\x7f\xdd\x1e\xff\x8elbJ)o\x02 \\\xf8\xf1\xf2E\xfc\xf6A\xb7\xc6\xbc$\xc4\xdbD\xf3\x96\xe1S\xda\x069\xa3r\x87\x9eK\xbd\xf4O\xb1a")
(1, b'0E\x02!\x00\xb7~\x00\xffN\xcb\xf5.\xa2\x15\x9bVr\x16\xcdnr\xf2R?Q#\xe8w%\x93\xb0c\xd7\xd7\x95\x16\x02 \x03\x97\xbb\xaa\x08,A\x8a\xa4\x0e\xc6\x14@\x1eO.\xfdy\x17\x91\xa4\x07V \xf7+^\x12\x13~.\x91')
(1, b'0E\x02!\x00\xb7~\x00\xffN\xcb\xf5.\xa2\x15\x9bVr\x16\xcdnr\xf2R?Q#\xe8w%\x93\xb0c\xd7\xd7\x95\x16\x02 \x03\x97\xbb\xaa\x08,A\x8a\xa4\x0e\xc6\x14@\x1eO.\xfdy\x17\x91\xa4\x07V \xf7+^\x12\x13~.\x91')
(4, b"0E\x02!\x00\x83\xfc\xebp\x1f\x0eex\x93\x05D\x18\x8e*'\xbf5\x8b\xbd\xf1i\xff\x7f\xdd\x1e\xff\x8elbJ)o\x02 \\\xf8\xf1\xf2E\xfc\xf6A\xb7\xc6\xbc$\xc4\xdbD\xf3\x96\xe1S\xda\x069\xa3r\x87\x9eK\xbd\xf4O\xb1a")
(4, b"0E\x02!\x00\x83\xfc\xebp\x1f\x0eex\x93\x05D\x18\x8e*'\xbf5\x8b\xbd\xf1i\xff\x7f\xdd\x1e\xff\x8elbJ)o\x02 \\\xf8\xf1\xf2E\xfc\xf6A\xb7\xc6\xbc$\xc4\xdbD\xf3\x96\xe1S\xda\x069\xa3r\x87\x9eK\xbd\xf4O\xb1a")
(1, b'0E\x02!\x00\xb7~\x00\xffN\xcb\xf5.\xa2\x15\x9bVr\x16\xcdnr\xf2R?Q#\xe8w%\x93\xb0c\xd7\xd7\x95\x16\x02 \x03\x97\xbb\xaa\x08,A\x8a\xa4\x0e\xc6\x14@\x1eO.\xfdy\x17\x91\xa4\x07V \xf7+^\x12\x13~.\x91')
(1, b'0E\x02!\x00\xb7~\x00\xffN\xcb\xf5.\xa2\x15\x9bVr\x16\xcdnr\xf2R?Q#\xe8w%\x93\xb0c\xd7\xd7\x95\x16\x02 \x03\x97\xbb\xaa\x08,A\x8a\xa4\x0e\xc6\x14@\x1eO.\xfdy\x17\x91\xa4\x07V \xf7+^\x12\x13~.\x91')
(4, b"0E\x02!\x00\x83\xfc\xebp\x1f\x0eex\x93\x05D\x18\x8e*'\xbf5\x8b\xbd\xf1i\xff\x7f\xdd\x1e\xff\x8elbJ)o\x02 \\\xf8\xf1\xf2E\xfc\xf6A\xb7\xc6\xbc$\xc4\xdbD\xf3\x96\xe1S\xda\x069\xa3r\x87\x9eK\xbd\xf4O\xb1a")
(4, b"0E\x02!\x00\x83\xfc\xebp\x1f\x0eex\x93\x05D\x18\x8e*'\xbf5\x8b\xbd\xf1i\xff\x7f\xdd\x1e\xff\x8elbJ)o\x02 \\\xf8\xf1\xf2E\xfc\xf6A\xb7\xc6\xbc$\xc4\xdbD\xf3\x96\xe1S\xda\x069\xa3r\x87\x9eK\xbd\xf4O\xb1a")
(1, b'0E\x02!\x00\xb7~\x00\xffN\xcb\xf5.\xa2\x15\x9bVr\x16\xcdnr\xf2R?Q#\xe8w%\x93\xb0c\xd7\xd7\x95\x16\x02 \x03\x97\xbb\xaa\x08,A\x8a\xa4\x0e\xc6\x14@\x1eO.\xfdy\x17\x91\xa4\x07V \xf7+^\x12\x13~.\x91')
(1, b'0E\x02!\x00\xb7~\x00\xffN\xcb\xf5.\xa2\x15\x9bVr\x16\xcdnr\xf2R?Q#\xe8w%\x93\xb0c\xd7\xd7\x95\x16\x02 \x03\x97\xbb\xaa\x08,A\x8a\xa4\x0e\xc6\x14@\x1eO.\xfdy\x17\x91\xa4\x07V \xf7+^\x12\x13~.\x91')
(4, b"0E\x02!\x00\x83\xfc\xebp\x1f\x0eex\x93\x05D\x18\x8e*'\xbf5\x8b\xbd\xf1i\xff\x7f\xdd\x1e\xff\x8elbJ)o\x02 \\\xf8\xf1\xf2E\xfc\xf6A\xb7\xc6\xbc$\xc4\xdbD\xf3\x96\xe1S\xda\x069\xa3r\x87\x9eK\xbd\xf4O\xb1a")
(4, b"0E\x02!\x00\x83\xfc\xebp\x1f\x0eex\x93\x05D\x18\x8e*'\xbf5\x8b\xbd\xf1i\xff\x7f\xdd\x1e\xff\x8elbJ)o\x02 \\\xf8\xf1\xf2E\xfc\xf6A\xb7\xc6\xbc$\xc4\xdbD\xf3\x96\xe1S\xda\x069\xa3r\x87\x9eK\xbd\xf4O\xb1a")
(1, b'0E\x02!\x00\xb7~\x00\xffN\xcb\xf5.\xa2\x15\x9bVr\x16\xcdnr\xf2R?Q#\xe8w%\x93\xb0c\xd7\xd7\x95\x16\x02 \x03\x97\xbb\xaa\x08,A\x8a\xa4\x0e\xc6\x14@\x1eO.\xfdy\x17\x91\xa4\x07V \xf7+^\x12\x13~.\x91')
(1, b'0E\x02!\x00\xb7~\x00\xffN\xcb\xf5.\xa2\x15\x9bVr\x16\xcdnr\xf2R?Q#\xe8w%\x93\xb0c\xd7\xd7\x95\x16\x02 \x03\x97\xbb\xaa\x08,A\x8a\xa4\x0e\xc6\x14@\x1eO.\xfdy\x17\x91\xa4\x07V \xf7+^\x12\x13~.\x91')
(4, b"0E\x02!\x00\x83\xfc\xebp\x1f\x0eex\x93\x05D\x18\x8e*'\xbf5\x8b\xbd\xf1i\xff\x7f\xdd\x1e\xff\x8elbJ)o\x02 \\\xf8\xf1\xf2E\xfc\xf6A\xb7\xc6\xbc$\xc4\xdbD\xf3\x96\xe1S\xda\x069\xa3r\x87\x9eK\xbd\xf4O\xb1a")
1 config verify passed!!!!
Node 1 read a proofchain using 0.007214 sec
1 start to run round 9 C: [0, 1, 2, 3, 4, 5, 6] N: 7
old [0, 1, 2, 3, 4, 5, 6]
new [0, 1, 2, 3, 4, 5, 6]
run round 9 adkr round taking 0.921547 sec
pc size for round 9 is 42996
(4, b"0E\x02!\x00\x83\xfc\xebp\x1f\x0eex\x93\x05D\x18\x8e*'\xbf5\x8b\xbd\xf1i\xff\x7f\xdd\x1e\xff\x8elbJ)o\x02 \\\xf8\xf1\xf2E\xfc\xf6A\xb7\xc6\xbc$\xc4\xdbD\xf3\x96\xe1S\xda\x069\xa3r\x87\x9eK\xbd\xf4O\xb1a")
(1, b'0E\x02!\x00\xb7~\x00\xffN\xcb\xf5.\xa2\x15\x9bVr\x16\xcdnr\xf2R?Q#\xe8w%\x93\xb0c\xd7\xd7\x95\x16\x02 \x03\x97\xbb\xaa\x08,A\x8a\xa4\x0e\xc6\x14@\x1eO.\xfdy\x17\x91\xa4\x07V \xf7+^\x12\x13~.\x91')
(1, b'0E\x02!\x00\xb7~\x00\xffN\xcb\xf5.\xa2\x15\x9bVr\x16\xcdnr\xf2R?Q#\xe8w%\x93\xb0c\xd7\xd7\x95\x16\x02 \x03\x97\xbb\xaa\x08,A\x8a\xa4\x0e\xc6\x14@\x1eO.\xfdy\x17\x91\xa4\x07V \xf7+^\x12\x13~.\x91')
(4, b"0E\x02!\x00\x83\xfc\xebp\x1f\x0eex\x93\x05D\x18\x8e*'\xbf5\x8b\xbd\xf1i\xff\x7f\xdd\x1e\xff\x8elbJ)o\x02 \\\xf8\xf1\xf2E\xfc\xf6A\xb7\xc6\xbc$\xc4\xdbD\xf3\x96\xe1S\xda\x069\xa3r\x87\x9eK\xbd\xf4O\xb1a")
(4, b"0E\x02!\x00\x83\xfc\xebp\x1f\x0eex\x93\x05D\x18\x8e*'\xbf5\x8b\xbd\xf1i\xff\x7f\xdd\x1e\xff\x8elbJ)o\x02 \\\xf8\xf1\xf2E\xfc\xf6A\xb7\xc6\xbc$\xc4\xdbD\xf3\x96\xe1S\xda\x069\xa3r\x87\x9eK\xbd\xf4O\xb1a")
(1, b'0E\x02!\x00\xb7~\x00\xffN\xcb\xf5.\xa2\x15\x9bVr\x16\xcdnr\xf2R?Q#\xe8w%\x93\xb0c\xd7\xd7\x95\x16\x02 \x03\x97\xbb\xaa\x08,A\x8a\xa4\x0e\xc6\x14@\x1eO.\xfdy\x17\x91\xa4\x07V \xf7+^\x12\x13~.\x91')
(1, b'0E\x02!\x00\xb7~\x00\xffN\xcb\xf5.\xa2\x15\x9bVr\x16\xcdnr\xf2R?Q#\xe8w%\x93\xb0c\xd7\xd7\x95\x16\x02 \x03\x97\xbb\xaa\x08,A\x8a\xa4\x0e\xc6\x14@\x1eO.\xfdy\x17\x91\xa4\x07V \xf7+^\x12\x13~.\x91')
(4, b"0E\x02!\x00\x83\xfc\xebp\x1f\x0eex\x93\x05D\x18\x8e*'\xbf5\x8b\xbd\xf1i\xff\x7f\xdd\x1e\xff\x8elbJ)o\x02 \\\xf8\xf1\xf2E\xfc\xf6A\xb7\xc6\xbc$\xc4\xdbD\xf3\x96\xe1S\xda\x069\xa3r\x87\x9eK\xbd\xf4O\xb1a")
(4, b"0E\x02!\x00\x83\xfc\xebp\x1f\x0eex\x93\x05D\x18\x8e*'\xbf5\x8b\xbd\xf1i\xff\x7f\xdd\x1e\xff\x8elbJ)o\x02 \\\xf8\xf1\xf2E\xfc\xf6A\xb7\xc6\xbc$\xc4\xdbD\xf3\x96\xe1S\xda\x069\xa3r\x87\x9eK\xbd\xf4O\xb1a")
(1, b'0E\x02!\x00\xb7~\x00\xffN\xcb\xf5.\xa2\x15\x9bVr\x16\xcdnr\xf2R?Q#\xe8w%\x93\xb0c\xd7\xd7\x95\x16\x02 \x03\x97\xbb\xaa\x08,A\x8a\xa4\x0e\xc6\x14@\x1eO.\xfdy\x17\x91\xa4\x07V \xf7+^\x12\x13~.\x91')
(1, b'0E\x02!\x00\xb7~\x00\xffN\xcb\xf5.\xa2\x15\x9bVr\x16\xcdnr\xf2R?Q#\xe8w%\x93\xb0c\xd7\xd7\x95\x16\x02 \x03\x97\xbb\xaa\x08,A\x8a\xa4\x0e\xc6\x14@\x1eO.\xfdy\x17\x91\xa4\x07V \xf7+^\x12\x13~.\x91')
(4, b"0E\x02!\x00\x83\xfc\xebp\x1f\x0eex\x93\x05D\x18\x8e*'\xbf5\x8b\xbd\xf1i\xff\x7f\xdd\x1e\xff\x8elbJ)o\x02 \\\xf8\xf1\xf2E\xfc\xf6A\xb7\xc6\xbc$\xc4\xdbD\xf3\x96\xe1S\xda\x069\xa3r\x87\x9eK\xbd\xf4O\xb1a")
(4, b"0E\x02!\x00\x83\xfc\xebp\x1f\x0eex\x93\x05D\x18\x8e*'\xbf5\x8b\xbd\xf1i\xff\x7f\xdd\x1e\xff\x8elbJ)o\x02 \\\xf8\xf1\xf2E\xfc\xf6A\xb7\xc6\xbc$\xc4\xdbD\xf3\x96\xe1S\xda\x069\xa3r\x87\x9eK\xbd\xf4O\xb1a")
(1, b'0E\x02!\x00\xb7~\x00\xffN\xcb\xf5.\xa2\x15\x9bVr\x16\xcdnr\xf2R?Q#\xe8w%\x93\xb0c\xd7\xd7\x95\x16\x02 \x03\x97\xbb\xaa\x08,A\x8a\xa4\x0e\xc6\x14@\x1eO.\xfdy\x17\x91\xa4\x07V \xf7+^\x12\x13~.\x91')
(1, b'0E\x02!\x00\xb7~\x00\xffN\xcb\xf5.\xa2\x15\x9bVr\x16\xcdnr\xf2R?Q#\xe8w%\x93\xb0c\xd7\xd7\x95\x16\x02 \x03\x97\xbb\xaa\x08,A\x8a\xa4\x0e\xc6\x14@\x1eO.\xfdy\x17\x91\xa4\x07V \xf7+^\x12\x13~.\x91')
(4, b"0E\x02!\x00\x83\xfc\xebp\x1f\x0eex\x93\x05D\x18\x8e*'\xbf5\x8b\xbd\xf1i\xff\x7f\xdd\x1e\xff\x8elbJ)o\x02 \\\xf8\xf1\xf2E\xfc\xf6A\xb7\xc6\xbc$\xc4\xdbD\xf3\x96\xe1S\xda\x069\xa3r\x87\x9eK\xbd\xf4O\xb1a")
(4, b"0E\x02!\x00\x83\xfc\xebp\x1f\x0eex\x93\x05D\x18\x8e*'\xbf5\x8b\xbd\xf1i\xff\x7f\xdd\x1e\xff\x8elbJ)o\x02 \\\xf8\xf1\xf2E\xfc\xf6A\xb7\xc6\xbc$\xc4\xdbD\xf3\x96\xe1S\xda\x069\xa3r\x87\x9eK\xbd\xf4O\xb1a")
(1, b'0E\x02!\x00\xb7~\x00\xffN\xcb\xf5.\xa2\x15\x9bVr\x16\xcdnr\xf2R?Q#\xe8w%\x93\xb0c\xd7\xd7\x95\x16\x02 \x03\x97\xbb\xaa\x08,A\x8a\xa4\x0e\xc6\x14@\x1eO.\xfdy\x17\x91\xa4\x07V \xf7+^\x12\x13~.\x91')
(1, b'0E\x02!\x00\xb7~\x00\xffN\xcb\xf5.\xa2\x15\x9bVr\x16\xcdnr\xf2R?Q#\xe8w%\x93\xb0c\xd7\xd7\x95\x16\x02 \x03\x97\xbb\xaa\x08,A\x8a\xa4\x0e\xc6\x14@\x1eO.\xfdy\x17\x91\xa4\x07V \xf7+^\x12\x13~.\x91')
(4, b"0E\x02!\x00\x83\xfc\xebp\x1f\x0eex\x93\x05D\x18\x8e*'\xbf5\x8b\xbd\xf1i\xff\x7f\xdd\x1e\xff\x8elbJ)o\x02 \\\xf8\xf1\xf2E\xfc\xf6A\xb7\xc6\xbc$\xc4\xdbD\xf3\x96\xe1S\xda\x069\xa3r\x87\x9eK\xbd\xf4O\xb1a")
1 config verify passed!!!!
Node 1 read a proofchain using 0.006268 sec
1 start to run round 10 C: [0, 1, 2, 3, 4, 5, 6] N: 7
old [0, 1, 2, 3, 4, 5, 6]
new [0, 1, 2, 3, 4, 5, 6]
run round 10 adkr round taking 0.931260 sec
pc size for round 10 is 47256
(1, b'0E\x02!\x00\xb7~\x00\xffN\xcb\xf5.\xa2\x15\x9bVr\x16\xcdnr\xf2R?Q#\xe8w%\x93\xb0c\xd7\xd7\x95\x16\x02 \x03\x97\xbb\xaa\x08,A\x8a\xa4\x0e\xc6\x14@\x1eO.\xfdy\x17\x91\xa4\x07V \xf7+^\x12\x13~.\x91')
(4, b"0E\x02!\x00\x83\xfc\xebp\x1f\x0eex\x93\x05D\x18\x8e*'\xbf5\x8b\xbd\xf1i\xff\x7f\xdd\x1e\xff\x8elbJ)o\x02 \\\xf8\xf1\xf2E\xfc\xf6A\xb7\xc6\xbc$\xc4\xdbD\xf3\x96\xe1S\xda\x069\xa3r\x87\x9eK\xbd\xf4O\xb1a")
(4, b"0E\x02!\x00\x83\xfc\xebp\x1f\x0eex\x93\x05D\x18\x8e*'\xbf5\x8b\xbd\xf1i\xff\x7f\xdd\x1e\xff\x8elbJ)o\x02 \\\xf8\xf1\xf2E\xfc\xf6A\xb7\xc6\xbc$\xc4\xdbD\xf3\x96\xe1S\xda\x069\xa3r\x87\x9eK\xbd\xf4O\xb1a")
(1, b'0E\x02!\x00\xb7~\x00\xffN\xcb\xf5.\xa2\x15\x9bVr\x16\xcdnr\xf2R?Q#\xe8w%\x93\xb0c\xd7\xd7\x95\x16\x02 \x03\x97\xbb\xaa\x08,A\x8a\xa4\x0e\xc6\x14@\x1eO.\xfdy\x17\x91\xa4\x07V \xf7+^\x12\x13~.\x91')
(1, b'0E\x02!\x00\xb7~\x00\xffN\xcb\xf5.\xa2\x15\x9bVr\x16\xcdnr\xf2R?Q#\xe8w%\x93\xb0c\xd7\xd7\x95\x16\x02 \x03\x97\xbb\xaa\x08,A\x8a\xa4\x0e\xc6\x14@\x1eO.\xfdy\x17\x91\xa4\x07V \xf7+^\x12\x13~.\x91')
(4, b"0E\x02!\x00\x83\xfc\xebp\x1f\x0eex\x93\x05D\x18\x8e*'\xbf5\x8b\xbd\xf1i\xff\x7f\xdd\x1e\xff\x8elbJ)o\x02 \\\xf8\xf1\xf2E\xfc\xf6A\xb7\xc6\xbc$\xc4\xdbD\xf3\x96\xe1S\xda\x069\xa3r\x87\x9eK\xbd\xf4O\xb1a")
(4, b"0E\x02!\x00\x83\xfc\xebp\x1f\x0eex\x93\x05D\x18\x8e*'\xbf5\x8b\xbd\xf1i\xff\x7f\xdd\x1e\xff\x8elbJ)o\x02 \\\xf8\xf1\xf2E\xfc\xf6A\xb7\xc6\xbc$\xc4\xdbD\xf3\x96\xe1S\xda\x069\xa3r\x87\x9eK\xbd\xf4O\xb1a")
(1, b'0E\x02!\x00\xb7~\x00\xffN\xcb\xf5.\xa2\x15\x9bVr\x16\xcdnr\xf2R?Q#\xe8w%\x93\xb0c\xd7\xd7\x95\x16\x02 \x03\x97\xbb\xaa\x08,A\x8a\xa4\x0e\xc6\x14@\x1eO.\xfdy\x17\x91\xa4\x07V \xf7+^\x12\x13~.\x91')
(1, b'0E\x02!\x00\xb7~\x00\xffN\xcb\xf5.\xa2\x15\x9bVr\x16\xcdnr\xf2R?Q#\xe8w%\x93\xb0c\xd7\xd7\x95\x16\x02 \x03\x97\xbb\xaa\x08,A\x8a\xa4\x0e\xc6\x14@\x1eO.\xfdy\x17\x91\xa4\x07V \xf7+^\x12\x13~.\x91')
(4, b"0E\x02!\x00\x83\xfc\xebp\x1f\x0eex\x93\x05D\x18\x8e*'\xbf5\x8b\xbd\xf1i\xff\x7f\xdd\x1e\xff\x8elbJ)o\x02 \\\xf8\xf1\xf2E\xfc\xf6A\xb7\xc6\xbc$\xc4\xdbD\xf3\x96\xe1S\xda\x069\xa3r\x87\x9eK\xbd\xf4O\xb1a")
(4, b"0E\x02!\x00\x83\xfc\xebp\x1f\x0eex\x93\x05D\x18\x8e*'\xbf5\x8b\xbd\xf1i\xff\x7f\xdd\x1e\xff\x8elbJ)o\x02 \\\xf8\xf1\xf2E\xfc\xf6A\xb7\xc6\xbc$\xc4\xdbD\xf3\x96\xe1S\xda\x069\xa3r\x87\x9eK\xbd\xf4O\xb1a")
(1, b'0E\x02!\x00\xb7~\x00\xffN\xcb\xf5.\xa2\x15\x9bVr\x16\xcdnr\xf2R?Q#\xe8w%\x93\xb0c\xd7\xd7\x95\x16\x02 \x03\x97\xbb\xaa\x08,A\x8a\xa4\x0e\xc6\x14@\x1eO.\xfdy\x17\x91\xa4\x07V \xf7+^\x12\x13~.\x91')
(1, b'0E\x02!\x00\xb7~\x00\xffN\xcb\xf5.\xa2\x15\x9bVr\x16\xcdnr\xf2R?Q#\xe8w%\x93\xb0c\xd7\xd7\x95\x16\x02 \x03\x97\xbb\xaa\x08,A\x8a\xa4\x0e\xc6\x14@\x1eO.\xfdy\x17\x91\xa4\x07V \xf7+^\x12\x13~.\x91')
(4, b"0E\x02!\x00\x83\xfc\xebp\x1f\x0eex\x93\x05D\x18\x8e*'\xbf5\x8b\xbd\xf1i\xff\x7f\xdd\x1e\xff\x8elbJ)o\x02 \\\xf8\xf1\xf2E\xfc\xf6A\xb7\xc6\xbc$\xc4\xdbD\xf3\x96\xe1S\xda\x069\xa3r\x87\x9eK\xbd\xf4O\xb1a")
(4, b"0E\x02!\x00\x83\xfc\xebp\x1f\x0eex\x93\x05D\x18\x8e*'\xbf5\x8b\xbd\xf1i\xff\x7f\xdd\x1e\xff\x8elbJ)o\x02 \\\xf8\xf1\xf2E\xfc\xf6A\xb7\xc6\xbc$\xc4\xdbD\xf3\x96\xe1S\xda\x069\xa3r\x87\x9eK\xbd\xf4O\xb1a")
(1, b'0E\x02!\x00\xb7~\x00\xffN\xcb\xf5.\xa2\x15\x9bVr\x16\xcdnr\xf2R?Q#\xe8w%\x93\xb0c\xd7\xd7\x95\x16\x02 \x03\x97\xbb\xaa\x08,A\x8a\xa4\x0e\xc6\x14@\x1eO.\xfdy\x17\x91\xa4\x07V \xf7+^\x12\x13~.\x91')
(1, b'0E\x02!\x00\xb7~\x00\xffN\xcb\xf5.\xa2\x15\x9bVr\x16\xcdnr\xf2R?Q#\xe8w%\x93\xb0c\xd7\xd7\x95\x16\x02 \x03\x97\xbb\xaa\x08,A\x8a\xa4\x0e\xc6\x14@\x1eO.\xfdy\x17\x91\xa4\x07V \xf7+^\x12\x13~.\x91')
(4, b"0E\x02!\x00\x83\xfc\xebp\x1f\x0eex\x93\x05D\x18\x8e*'\xbf5\x8b\xbd\xf1i\xff\x7f\xdd\x1e\xff\x8elbJ)o\x02 \\\xf8\xf1\xf2E\xfc\xf6A\xb7\xc6\xbc$\xc4\xdbD\xf3\x96\xe1S\xda\x069\xa3r\x87\x9eK\xbd\xf4O\xb1a")
(4, b"0E\x02!\x00\x83\xfc\xebp\x1f\x0eex\x93\x05D\x18\x8e*'\xbf5\x8b\xbd\xf1i\xff\x7f\xdd\x1e\xff\x8elbJ)o\x02 \\\xf8\xf1\xf2E\xfc\xf6A\xb7\xc6\xbc$\xc4\xdbD\xf3\x96\xe1S\xda\x069\xa3r\x87\x9eK\xbd\xf4O\xb1a")
(1, b'0E\x02!\x00\xb7~\x00\xffN\xcb\xf5.\xa2\x15\x9bVr\x16\xcdnr\xf2R?Q#\xe8w%\x93\xb0c\xd7\xd7\x95\x16\x02 \x03\x97\xbb\xaa\x08,A\x8a\xa4\x0e\xc6\x14@\x1eO.\xfdy\x17\x91\xa4\x07V \xf7+^\x12\x13~.\x91')
(1, b'0E\x02!\x00\xb7~\x00\xffN\xcb\xf5.\xa2\x15\x9bVr\x16\xcdnr\xf2R?Q#\xe8w%\x93\xb0c\xd7\xd7\x95\x16\x02 \x03\x97\xbb\xaa\x08,A\x8a\xa4\x0e\xc6\x14@\x1eO.\xfdy\x17\x91\xa4\x07V \xf7+^\x12\x13~.\x91')
(4, b"0E\x02!\x00\x83\xfc\xebp\x1f\x0eex\x93\x05D\x18\x8e*'\xbf5\x8b\xbd\xf1i\xff\x7f\xdd\x1e\xff\x8elbJ)o\x02 \\\xf8\xf1\xf2E\xfc\xf6A\xb7\xc6\xbc$\xc4\xdbD\xf3\x96\xe1S\xda\x069\xa3r\x87\x9eK\xbd\xf4O\xb1a")
1 config verify passed!!!!
Node 1 read a proofchain using 0.006886 sec
1 start to run round 11 C: [0, 1, 2, 3, 4, 5, 6] N: 7
old [0, 1, 2, 3, 4, 5, 6]
new [0, 1, 2, 3, 4, 5, 6]
run round 11 adkr round taking 0.943437 sec
pc size for round 11 is 51516
(4, b"0E\x02!\x00\x83\xfc\xebp\x1f\x0eex\x93\x05D\x18\x8e*'\xbf5\x8b\xbd\xf1i\xff\x7f\xdd\x1e\xff\x8elbJ)o\x02 \\\xf8\xf1\xf2E\xfc\xf6A\xb7\xc6\xbc$\xc4\xdbD\xf3\x96\xe1S\xda\x069\xa3r\x87\x9eK\xbd\xf4O\xb1a")
(1, b'0E\x02!\x00\xb7~\x00\xffN\xcb\xf5.\xa2\x15\x9bVr\x16\xcdnr\xf2R?Q#\xe8w%\x93\xb0c\xd7\xd7\x95\x16\x02 \x03\x97\xbb\xaa\x08,A\x8a\xa4\x0e\xc6\x14@\x1eO.\xfdy\x17\x91\xa4\x07V \xf7+^\x12\x13~.\x91')
(1, b'0E\x02!\x00\xb7~\x00\xffN\xcb\xf5.\xa2\x15\x9bVr\x16\xcdnr\xf2R?Q#\xe8w%\x93\xb0c\xd7\xd7\x95\x16\x02 \x03\x97\xbb\xaa\x08,A\x8a\xa4\x0e\xc6\x14@\x1eO.\xfdy\x17\x91\xa4\x07V \xf7+^\x12\x13~.\x91')
(4, b"0E\x02!\x00\x83\xfc\xebp\x1f\x0eex\x93\x05D\x18\x8e*'\xbf5\x8b\xbd\xf1i\xff\x7f\xdd\x1e\xff\x8elbJ)o\x02 \\\xf8\xf1\xf2E\xfc\xf6A\xb7\xc6\xbc$\xc4\xdbD\xf3\x96\xe1S\xda\x069\xa3r\x87\x9eK\xbd\xf4O\xb1a")
(4, b"0E\x02!\x00\x83\xfc\xebp\x1f\x0eex\x93\x05D\x18\x8e*'\xbf5\x8b\xbd\xf1i\xff\x7f\xdd\x1e\xff\x8elbJ)o\x02 \\\xf8\xf1\xf2E\xfc\xf6A\xb7\xc6\xbc$\xc4\xdbD\xf3\x96\xe1S\xda\x069\xa3r\x87\x9eK\xbd\xf4O\xb1a")
(1, b'0E\x02!\x00\xb7~\x00\xffN\xcb\xf5.\xa2\x15\x9bVr\x16\xcdnr\xf2R?Q#\xe8w%\x93\xb0c\xd7\xd7\x95\x16\x02 \x03\x97\xbb\xaa\x08,A\x8a\xa4\x0e\xc6\x14@\x1eO.\xfdy\x17\x91\xa4\x07V \xf7+^\x12\x13~.\x91')
(1, b'0E\x02!\x00\xb7~\x00\xffN\xcb\xf5.\xa2\x15\x9bVr\x16\xcdnr\xf2R?Q#\xe8w%\x93\xb0c\xd7\xd7\x95\x16\x02 \x03\x97\xbb\xaa\x08,A\x8a\xa4\x0e\xc6\x14@\x1eO.\xfdy\x17\x91\xa4\x07V \xf7+^\x12\x13~.\x91')
(4, b"0E\x02!\x00\x83\xfc\xebp\x1f\x0eex\x93\x05D\x18\x8e*'\xbf5\x8b\xbd\xf1i\xff\x7f\xdd\x1e\xff\x8elbJ)o\x02 \\\xf8\xf1\xf2E\xfc\xf6A\xb7\xc6\xbc$\xc4\xdbD\xf3\x96\xe1S\xda\x069\xa3r\x87\x9eK\xbd\xf4O\xb1a")
(4, b"0E\x02!\x00\x83\xfc\xebp\x1f\x0eex\x93\x05D\x18\x8e*'\xbf5\x8b\xbd\xf1i\xff\x7f\xdd\x1e\xff\x8elbJ)o\x02 \\\xf8\xf1\xf2E\xfc\xf6A\xb7\xc6\xbc$\xc4\xdbD\xf3\x96\xe1S\xda\x069\xa3r\x87\x9eK\xbd\xf4O\xb1a")
(1, b'0E\x02!\x00\xb7~\x00\xffN\xcb\xf5.\xa2\x15\x9bVr\x16\xcdnr\xf2R?Q#\xe8w%\x93\xb0c\xd7\xd7\x95\x16\x02 \x03\x97\xbb\xaa\x08,A\x8a\xa4\x0e\xc6\x14@\x1eO.\xfdy\x17\x91\xa4\x07V \xf7+^\x12\x13~.\x91')
(1, b'0E\x02!\x00\xb7~\x00\xffN\xcb\xf5.\xa2\x15\x9bVr\x16\xcdnr\xf2R?Q#\xe8w%\x93\xb0c\xd7\xd7\x95\x16\x02 \x03\x97\xbb\xaa\x08,A\x8a\xa4\x0e\xc6\x14@\x1eO.\xfdy\x17\x91\xa4\x07V \xf7+^\x12\x13~.\x91')
(4, b"0E\x02!\x00\x83\xfc\xebp\x1f\x0eex\x93\x05D\x18\x8e*'\xbf5\x8b\xbd\xf1i\xff\x7f\xdd\x1e\xff\x8elbJ)o\x02 \\\xf8\xf1\xf2E\xfc\xf6A\xb7\xc6\xbc$\xc4\xdbD\xf3\x96\xe1S\xda\x069\xa3r\x87\x9eK\xbd\xf4O\xb1a")
(4, b"0E\x02!\x00\x83\xfc\xebp\x1f\x0eex\x93\x05D\x18\x8e*'\xbf5\x8b\xbd\xf1i\xff\x7f\xdd\x1e\xff\x8elbJ)o\x02 \\\xf8\xf1\xf2E\xfc\xf6A\xb7\xc6\xbc$\xc4\xdbD\xf3\x96\xe1S\xda\x069\xa3r\x87\x9eK\xbd\xf4O\xb1a")
(1, b'0E\x02!\x00\xb7~\x00\xffN\xcb\xf5.\xa2\x15\x9bVr\x16\xcdnr\xf2R?Q#\xe8w%\x93\xb0c\xd7\xd7\x95\x16\x02 \x03\x97\xbb\xaa\x08,A\x8a\xa4\x0e\xc6\x14@\x1eO.\xfdy\x17\x91\xa4\x07V \xf7+^\x12\x13~.\x91')
(1, b'0E\x02!\x00\xb7~\x00\xffN\xcb\xf5.\xa2\x15\x9bVr\x16\xcdnr\xf2R?Q#\xe8w%\x93\xb0c\xd7\xd7\x95\x16\x02 \x03\x97\xbb\xaa\x08,A\x8a\xa4\x0e\xc6\x14@\x1eO.\xfdy\x17\x91\xa4\x07V \xf7+^\x12\x13~.\x91')
(4, b"0E\x02!\x00\x83\xfc\xebp\x1f\x0eex\x93\x05D\x18\x8e*'\xbf5\x8b\xbd\xf1i\xff\x7f\xdd\x1e\xff\x8elbJ)o\x02 \\\xf8\xf1\xf2E\xfc\xf6A\xb7\xc6\xbc$\xc4\xdbD\xf3\x96\xe1S\xda\x069\xa3r\x87\x9eK\xbd\xf4O\xb1a")
(4, b"0E\x02!\x00\x83\xfc\xebp\x1f\x0eex\x93\x05D\x18\x8e*'\xbf5\x8b\xbd\xf1i\xff\x7f\xdd\x1e\xff\x8elbJ)o\x02 \\\xf8\xf1\xf2E\xfc\xf6A\xb7\xc6\xbc$\xc4\xdbD\xf3\x96\xe1S\xda\x069\xa3r\x87\x9eK\xbd\xf4O\xb1a")
(1, b'0E\x02!\x00\xb7~\x00\xffN\xcb\xf5.\xa2\x15\x9bVr\x16\xcdnr\xf2R?Q#\xe8w%\x93\xb0c\xd7\xd7\x95\x16\x02 \x03\x97\xbb\xaa\x08,A\x8a\xa4\x0e\xc6\x14@\x1eO.\xfdy\x17\x91\xa4\x07V \xf7+^\x12\x13~.\x91')
(1, b'0E\x02!\x00\xb7~\x00\xffN\xcb\xf5.\xa2\x15\x9bVr\x16\xcdnr\xf2R?Q#\xe8w%\x93\xb0c\xd7\xd7\x95\x16\x02 \x03\x97\xbb\xaa\x08,A\x8a\xa4\x0e\xc6\x14@\x1eO.\xfdy\x17\x91\xa4\x07V \xf7+^\x12\x13~.\x91')
(4, b"0E\x02!\x00\x83\xfc\xebp\x1f\x0eex\x93\x05D\x18\x8e*'\xbf5\x8b\xbd\xf1i\xff\x7f\xdd\x1e\xff\x8elbJ)o\x02 \\\xf8\xf1\xf2E\xfc\xf6A\xb7\xc6\xbc$\xc4\xdbD\xf3\x96\xe1S\xda\x069\xa3r\x87\x9eK\xbd\xf4O\xb1a")
(4, b"0E\x02!\x00\x83\xfc\xebp\x1f\x0eex\x93\x05D\x18\x8e*'\xbf5\x8b\xbd\xf1i\xff\x7f\xdd\x1e\xff\x8elbJ)o\x02 \\\xf8\xf1\xf2E\xfc\xf6A\xb7\xc6\xbc$\xc4\xdbD\xf3\x96\xe1S\xda\x069\xa3r\x87\x9eK\xbd\xf4O\xb1a")
(1, b'0E\x02!\x00\xb7~\x00\xffN\xcb\xf5.\xa2\x15\x9bVr\x16\xcdnr\xf2R?Q#\xe8w%\x93\xb0c\xd7\xd7\x95\x16\x02 \x03\x97\xbb\xaa\x08,A\x8a\xa4\x0e\xc6\x14@\x1eO.\xfdy\x17\x91\xa4\x07V \xf7+^\x12\x13~.\x91')
(1, b'0E\x02!\x00\xb7~\x00\xffN\xcb\xf5.\xa2\x15\x9bVr\x16\xcdnr\xf2R?Q#\xe8w%\x93\xb0c\xd7\xd7\x95\x16\x02 \x03\x97\xbb\xaa\x08,A\x8a\xa4\x0e\xc6\x14@\x1eO.\xfdy\x17\x91\xa4\x07V \xf7+^\x12\x13~.\x91')
(4, b"0E\x02!\x00\x83\xfc\xebp\x1f\x0eex\x93\x05D\x18\x8e*'\xbf5\x8b\xbd\xf1i\xff\x7f\xdd\x1e\xff\x8elbJ)o\x02 \\\xf8\xf1\xf2E\xfc\xf6A\xb7\xc6\xbc$\xc4\xdbD\xf3\x96\xe1S\xda\x069\xa3r\x87\x9eK\xbd\xf4O\xb1a")
1 config verify passed!!!!
Node 1 read a proofchain using 0.005923 sec
1 start to run round 12 C: [0, 1, 2, 3, 4, 5, 6] N: 7
old [0, 1, 2, 3, 4, 5, 6]
new [0, 1, 2, 3, 4, 5, 6]
run round 12 adkr round taking 0.961844 sec
pc size for round 12 is 55776
(1, b'0E\x02!\x00\xb7~\x00\xffN\xcb\xf5.\xa2\x15\x9bVr\x16\xcdnr\xf2R?Q#\xe8w%\x93\xb0c\xd7\xd7\x95\x16\x02 \x03\x97\xbb\xaa\x08,A\x8a\xa4\x0e\xc6\x14@\x1eO.\xfdy\x17\x91\xa4\x07V \xf7+^\x12\x13~.\x91')
(4, b"0E\x02!\x00\x83\xfc\xebp\x1f\x0eex\x93\x05D\x18\x8e*'\xbf5\x8b\xbd\xf1i\xff\x7f\xdd\x1e\xff\x8elbJ)o\x02 \\\xf8\xf1\xf2E\xfc\xf6A\xb7\xc6\xbc$\xc4\xdbD\xf3\x96\xe1S\xda\x069\xa3r\x87\x9eK\xbd\xf4O\xb1a")
(4, b"0E\x02!\x00\x83\xfc\xebp\x1f\x0eex\x93\x05D\x18\x8e*'\xbf5\x8b\xbd\xf1i\xff\x7f\xdd\x1e\xff\x8elbJ)o\x02 \\\xf8\xf1\xf2E\xfc\xf6A\xb7\xc6\xbc$\xc4\xdbD\xf3\x96\xe1S\xda\x069\xa3r\x87\x9eK\xbd\xf4O\xb1a")
(1, b'0E\x02!\x00\xb7~\x00\xffN\xcb\xf5.\xa2\x15\x9bVr\x16\xcdnr\xf2R?Q#\xe8w%\x93\xb0c\xd7\xd7\x95\x16\x02 \x03\x97\xbb\xaa\x08,A\x8a\xa4\x0e\xc6\x14@\x1eO.\xfdy\x17\x91\xa4\x07V \xf7+^\x12\x13~.\x91')
(1, b'0E\x02!\x00\xb7~\x00\xffN\xcb\xf5.\xa2\x15\x9bVr\x16\xcdnr\xf2R?Q#\xe8w%\x93\xb0c\xd7\xd7\x95\x16\x02 \x03\x97\xbb\xaa\x08,A\x8a\xa4\x0e\xc6\x14@\x1eO.\xfdy\x17\x91\xa4\x07V \xf7+^\x12\x13~.\x91')
(4, b"0E\x02!\x00\x83\xfc\xebp\x1f\x0eex\x93\x05D\x18\x8e*'\xbf5\x8b\xbd\xf1i\xff\x7f\xdd\x1e\xff\x8elbJ)o\x02 \\\xf8\xf1\xf2E\xfc\xf6A\xb7\xc6\xbc$\xc4\xdbD\xf3\x96\xe1S\xda\x069\xa3r\x87\x9eK\xbd\xf4O\xb1a")
(4, b"0E\x02!\x00\x83\xfc\xebp\x1f\x0eex\x93\x05D\x18\x8e*'\xbf5\x8b\xbd\xf1i\xff\x7f\xdd\x1e\xff\x8elbJ)o\x02 \\\xf8\xf1\xf2E\xfc\xf6A\xb7\xc6\xbc$\xc4\xdbD\xf3\x96\xe1S\xda\x069\xa3r\x87\x9eK\xbd\xf4O\xb1a")
(1, b'0E\x02!\x00\xb7~\x00\xffN\xcb\xf5.\xa2\x15\x9bVr\x16\xcdnr\xf2R?Q#\xe8w%\x93\xb0c\xd7\xd7\x95\x16\x02 \x03\x97\xbb\xaa\x08,A\x8a\xa4\x0e\xc6\x14@\x1eO.\xfdy\x17\x91\xa4\x07V \xf7+^\x12\x13~.\x91')
(1, b'0E\x02!\x00\xb7~\x00\xffN\xcb\xf5.\xa2\x15\x9bVr\x16\xcdnr\xf2R?Q#\xe8w%\x93\xb0c\xd7\xd7\x95\x16\x02 \x03\x97\xbb\xaa\x08,A\x8a\xa4\x0e\xc6\x14@\x1eO.\xfdy\x17\x91\xa4\x07V \xf7+^\x12\x13~.\x91')
(4, b"0E\x02!\x00\x83\xfc\xebp\x1f\x0eex\x93\x05D\x18\x8e*'\xbf5\x8b\xbd\xf1i\xff\x7f\xdd\x1e\xff\x8elbJ)o\x02 \\\xf8\xf1\xf2E\xfc\xf6A\xb7\xc6\xbc$\xc4\xdbD\xf3\x96\xe1S\xda\x069\xa3r\x87\x9eK\xbd\xf4O\xb1a")
(4, b"0E\x02!\x00\x83\xfc\xebp\x1f\x0eex\x93\x05D\x18\x8e*'\xbf5\x8b\xbd\xf1i\xff\x7f\xdd\x1e\xff\x8elbJ)o\x02 \\\xf8\xf1\xf2E\xfc\xf6A\xb7\xc6\xbc$\xc4\xdbD\xf3\x96\xe1S\xda\x069\xa3r\x87\x9eK\xbd\xf4O\xb1a")
(1, b'0E\x02!\x00\xb7~\x00\xffN\xcb\xf5.\xa2\x15\x9bVr\x16\xcdnr\xf2R?Q#\xe8w%\x93\xb0c\xd7\xd7\x95\x16\x02 \x03\x97\xbb\xaa\x08,A\x8a\xa4\x0e\xc6\x14@\x1eO.\xfdy\x17\x91\xa4\x07V \xf7+^\x12\x13~.\x91')
(1, b'0E\x02!\x00\xb7~\x00\xffN\xcb\xf5.\xa2\x15\x9bVr\x16\xcdnr\xf2R?Q#\xe8w%\x93\xb0c\xd7\xd7\x95\x16\x02 \x03\x97\xbb\xaa\x08,A\x8a\xa4\x0e\xc6\x14@\x1eO.\xfdy\x17\x91\xa4\x07V \xf7+^\x12\x13~.\x91')
(4, b"0E\x02!\x00\x83\xfc\xebp\x1f\x0eex\x93\x05D\x18\x8e*'\xbf5\x8b\xbd\xf1i\xff\x7f\xdd\x1e\xff\x8elbJ)o\x02 \\\xf8\xf1\xf2E\xfc\xf6A\xb7\xc6\xbc$\xc4\xdbD\xf3\x96\xe1S\xda\x069\xa3r\x87\x9eK\xbd\xf4O\xb1a")
(4, b"0E\x02!\x00\x83\xfc\xebp\x1f\x0eex\x93\x05D\x18\x8e*'\xbf5\x8b\xbd\xf1i\xff\x7f\xdd\x1e\xff\x8elbJ)o\x02 \\\xf8\xf1\xf2E\xfc\xf6A\xb7\xc6\xbc$\xc4\xdbD\xf3\x96\xe1S\xda\x069\xa3r\x87\x9eK\xbd\xf4O\xb1a")
(1, b'0E\x02!\x00\xb7~\x00\xffN\xcb\xf5.\xa2\x15\x9bVr\x16\xcdnr\xf2R?Q#\xe8w%\x93\xb0c\xd7\xd7\x95\x16\x02 \x03\x97\xbb\xaa\x08,A\x8a\xa4\x0e\xc6\x14@\x1eO.\xfdy\x17\x91\xa4\x07V \xf7+^\x12\x13~.\x91')
(1, b'0E\x02!\x00\xb7~\x00\xffN\xcb\xf5.\xa2\x15\x9bVr\x16\xcdnr\xf2R?Q#\xe8w%\x93\xb0c\xd7\xd7\x95\x16\x02 \x03\x97\xbb\xaa\x08,A\x8a\xa4\x0e\xc6\x14@\x1eO.\xfdy\x17\x91\xa4\x07V \xf7+^\x12\x13~.\x91')
(4, b"0E\x02!\x00\x83\xfc\xebp\x1f\x0eex\x93\x05D\x18\x8e*'\xbf5\x8b\xbd\xf1i\xff\x7f\xdd\x1e\xff\x8elbJ)o\x02 \\\xf8\xf1\xf2E\xfc\xf6A\xb7\xc6\xbc$\xc4\xdbD\xf3\x96\xe1S\xda\x069\xa3r\x87\x9eK\xbd\xf4O\xb1a")
(4, b"0E\x02!\x00\x83\xfc\xebp\x1f\x0eex\x93\x05D\x18\x8e*'\xbf5\x8b\xbd\xf1i\xff\x7f\xdd\x1e\xff\x8elbJ)o\x02 \\\xf8\xf1\xf2E\xfc\xf6A\xb7\xc6\xbc$\xc4\xdbD\xf3\x96\xe1S\xda\x069\xa3r\x87\x9eK\xbd\xf4O\xb1a")
(1, b'0E\x02!\x00\xb7~\x00\xffN\xcb\xf5.\xa2\x15\x9bVr\x16\xcdnr\xf2R?Q#\xe8w%\x93\xb0c\xd7\xd7\x95\x16\x02 \x03\x97\xbb\xaa\x08,A\x8a\xa4\x0e\xc6\x14@\x1eO.\xfdy\x17\x91\xa4\x07V \xf7+^\x12\x13~.\x91')
(1, b'0E\x02!\x00\xb7~\x00\xffN\xcb\xf5.\xa2\x15\x9bVr\x16\xcdnr\xf2R?Q#\xe8w%\x93\xb0c\xd7\xd7\x95\x16\x02 \x03\x97\xbb\xaa\x08,A\x8a\xa4\x0e\xc6\x14@\x1eO.\xfdy\x17\x91\xa4\x07V \xf7+^\x12\x13~.\x91')
(4, b"0E\x02!\x00\x83\xfc\xebp\x1f\x0eex\x93\x05D\x18\x8e*'\xbf5\x8b\xbd\xf1i\xff\x7f\xdd\x1e\xff\x8elbJ)o\x02 \\\xf8\xf1\xf2E\xfc\xf6A\xb7\xc6\xbc$\xc4\xdbD\xf3\x96\xe1S\xda\x069\xa3r\x87\x9eK\xbd\xf4O\xb1a")
(4, b"0E\x02!\x00\x83\xfc\xebp\x1f\x0eex\x93\x05D\x18\x8e*'\xbf5\x8b\xbd\xf1i\xff\x7f\xdd\x1e\xff\x8elbJ)o\x02 \\\xf8\xf1\xf2E\xfc\xf6A\xb7\xc6\xbc$\xc4\xdbD\xf3\x96\xe1S\xda\x069\xa3r\x87\x9eK\xbd\xf4O\xb1a")
(1, b'0E\x02!\x00\xb7~\x00\xffN\xcb\xf5.\xa2\x15\x9bVr\x16\xcdnr\xf2R?Q#\xe8w%\x93\xb0c\xd7\xd7\x95\x16\x02 \x03\x97\xbb\xaa\x08,A\x8a\xa4\x0e\xc6\x14@\x1eO.\xfdy\x17\x91\xa4\x07V \xf7+^\x12\x13~.\x91')
(1, b'0E\x02!\x00\xb7~\x00\xffN\xcb\xf5.\xa2\x15\x9bVr\x16\xcdnr\xf2R?Q#\xe8w%\x93\xb0c\xd7\xd7\x95\x16\x02 \x03\x97\xbb\xaa\x08,A\x8a\xa4\x0e\xc6\x14@\x1eO.\xfdy\x17\x91\xa4\x07V \xf7+^\x12\x13~.\x91')
(4, b"0E\x02!\x00\x83\xfc\xebp\x1f\x0eex\x93\x05D\x18\x8e*'\xbf5\x8b\xbd\xf1i\xff\x7f\xdd\x1e\xff\x8elbJ)o\x02 \\\xf8\xf1\xf2E\xfc\xf6A\xb7\xc6\xbc$\xc4\xdbD\xf3\x96\xe1S\xda\x069\xa3r\x87\x9eK\xbd\xf4O\xb1a")
1 config verify passed!!!!
Node 1 read a proofchain using 0.006202 sec
1 start to run round 13 C: [0, 1, 2, 3, 4, 5, 6] N: 7
old [0, 1, 2, 3, 4, 5, 6]
new [0, 1, 2, 3, 4, 5, 6]
run round 13 adkr round taking 0.978852 sec
pc size for round 13 is 60037
(4, b"0E\x02!\x00\x83\xfc\xebp\x1f\x0eex\x93\x05D\x18\x8e*'\xbf5\x8b\xbd\xf1i\xff\x7f\xdd\x1e\xff\x8elbJ)o\x02 \\\xf8\xf1\xf2E\xfc\xf6A\xb7\xc6\xbc$\xc4\xdbD\xf3\x96\xe1S\xda\x069\xa3r\x87\x9eK\xbd\xf4O\xb1a")
(1, b'0E\x02!\x00\xb7~\x00\xffN\xcb\xf5.\xa2\x15\x9bVr\x16\xcdnr\xf2R?Q#\xe8w%\x93\xb0c\xd7\xd7\x95\x16\x02 \x03\x97\xbb\xaa\x08,A\x8a\xa4\x0e\xc6\x14@\x1eO.\xfdy\x17\x91\xa4\x07V \xf7+^\x12\x13~.\x91')
(1, b'0E\x02!\x00\xb7~\x00\xffN\xcb\xf5.\xa2\x15\x9bVr\x16\xcdnr\xf2R?Q#\xe8w%\x93\xb0c\xd7\xd7\x95\x16\x02 \x03\x97\xbb\xaa\x08,A\x8a\xa4\x0e\xc6\x14@\x1eO.\xfdy\x17\x91\xa4\x07V \xf7+^\x12\x13~.\x91')
(4, b"0E\x02!\x00\x83\xfc\xebp\x1f\x0eex\x93\x05D\x18\x8e*'\xbf5\x8b\xbd\xf1i\xff\x7f\xdd\x1e\xff\x8elbJ)o\x02 \\\xf8\xf1\xf2E\xfc\xf6A\xb7\xc6\xbc$\xc4\xdbD\xf3\x96\xe1S\xda\x069\xa3r\x87\x9eK\xbd\xf4O\xb1a")
(4, b"0E\x02!\x00\x83\xfc\xebp\x1f\x0eex\x93\x05D\x18\x8e*'\xbf5\x8b\xbd\xf1i\xff\x7f\xdd\x1e\xff\x8elbJ)o\x02 \\\xf8\xf1\xf2E\xfc\xf6A\xb7\xc6\xbc$\xc4\xdbD\xf3\x96\xe1S\xda\x069\xa3r\x87\x9eK\xbd\xf4O\xb1a")
(1, b'0E\x02!\x00\xb7~\x00\xffN\xcb\xf5.\xa2\x15\x9bVr\x16\xcdnr\xf2R?Q#\xe8w%\x93\xb0c\xd7\xd7\x95\x16\x02 \x03\x97\xbb\xaa\x08,A\x8a\xa4\x0e\xc6\x14@\x1eO.\xfdy\x17\x91\xa4\x07V \xf7+^\x12\x13~.\x91')
(1, b'0E\x02!\x00\xb7~\x00\xffN\xcb\xf5.\xa2\x15\x9bVr\x16\xcdnr\xf2R?Q#\xe8w%\x93\xb0c\xd7\xd7\x95\x16\x02 \x03\x97\xbb\xaa\x08,A\x8a\xa4\x0e\xc6\x14@\x1eO.\xfdy\x17\x91\xa4\x07V \xf7+^\x12\x13~.\x91')
(4, b"0E\x02!\x00\x83\xfc\xebp\x1f\x0eex\x93\x05D\x18\x8e*'\xbf5\x8b\xbd\xf1i\xff\x7f\xdd\x1e\xff\x8elbJ)o\x02 \\\xf8\xf1\xf2E\xfc\xf6A\xb7\xc6\xbc$\xc4\xdbD\xf3\x96\xe1S\xda\x069\xa3r\x87\x9eK\xbd\xf4O\xb1a")
(4, b"0E\x02!\x00\x83\xfc\xebp\x1f\x0eex\x93\x05D\x18\x8e*'\xbf5\x8b\xbd\xf1i\xff\x7f\xdd\x1e\xff\x8elbJ)o\x02 \\\xf8\xf1\xf2E\xfc\xf6A\xb7\xc6\xbc$\xc4\xdbD\xf3\x96\xe1S\xda\x069\xa3r\x87\x9eK\xbd\xf4O\xb1a")
(1, b'0E\x02!\x00\xb7~\x00\xffN\xcb\xf5.\xa2\x15\x9bVr\x16\xcdnr\xf2R?Q#\xe8w%\x93\xb0c\xd7\xd7\x95\x16\x02 \x03\x97\xbb\xaa\x08,A\x8a\xa4\x0e\xc6\x14@\x1eO.\xfdy\x17\x91\xa4\x07V \xf7+^\x12\x13~.\x91')
(1, b'0E\x02!\x00\xb7~\x00\xffN\xcb\xf5.\xa2\x15\x9bVr\x16\xcdnr\xf2R?Q#\xe8w%\x93\xb0c\xd7\xd7\x95\x16\x02 \x03\x97\xbb\xaa\x08,A\x8a\xa4\x0e\xc6\x14@\x1eO.\xfdy\x17\x91\xa4\x07V \xf7+^\x12\x13~.\x91')
(4, b"0E\x02!\x00\x83\xfc\xebp\x1f\x0eex\x93\x05D\x18\x8e*'\xbf5\x8b\xbd\xf1i\xff\x7f\xdd\x1e\xff\x8elbJ)o\x02 \\\xf8\xf1\xf2E\xfc\xf6A\xb7\xc6\xbc$\xc4\xdbD\xf3\x96\xe1S\xda\x069\xa3r\x87\x9eK\xbd\xf4O\xb1a")
(4, b"0E\x02!\x00\x83\xfc\xebp\x1f\x0eex\x93\x05D\x18\x8e*'\xbf5\x8b\xbd\xf1i\xff\x7f\xdd\x1e\xff\x8elbJ)o\x02 \\\xf8\xf1\xf2E\xfc\xf6A\xb7\xc6\xbc$\xc4\xdbD\xf3\x96\xe1S\xda\x069\xa3r\x87\x9eK\xbd\xf4O\xb1a")
(1, b'0E\x02!\x00\xb7~\x00\xffN\xcb\xf5.\xa2\x15\x9bVr\x16\xcdnr\xf2R?Q#\xe8w%\x93\xb0c\xd7\xd7\x95\x16\x02 \x03\x97\xbb\xaa\x08,A\x8a\xa4\x0e\xc6\x14@\x1eO.\xfdy\x17\x91\xa4\x07V \xf7+^\x12\x13~.\x91')
(1, b'0E\x02!\x00\xb7~\x00\xffN\xcb\xf5.\xa2\x15\x9bVr\x16\xcdnr\xf2R?Q#\xe8w%\x93\xb0c\xd7\xd7\x95\x16\x02 \x03\x97\xbb\xaa\x08,A\x8a\xa4\x0e\xc6\x14@\x1eO.\xfdy\x17\x91\xa4\x07V \xf7+^\x12\x13~.\x91')
(4, b"0E\x02!\x00\x83\xfc\xebp\x1f\x0eex\x93\x05D\x18\x8e*'\xbf5\x8b\xbd\xf1i\xff\x7f\xdd\x1e\xff\x8elbJ)o\x02 \\\xf8\xf1\xf2E\xfc\xf6A\xb7\xc6\xbc$\xc4\xdbD\xf3\x96\xe1S\xda\x069\xa3r\x87\x9eK\xbd\xf4O\xb1a")
(4, b"0E\x02!\x00\x83\xfc\xebp\x1f\x0eex\x93\x05D\x18\x8e*'\xbf5\x8b\xbd\xf1i\xff\x7f\xdd\x1e\xff\x8elbJ)o\x02 \\\xf8\xf1\xf2E\xfc\xf6A\xb7\xc6\xbc$\xc4\xdbD\xf3\x96\xe1S\xda\x069\xa3r\x87\x9eK\xbd\xf4O\xb1a")
(1, b'0E\x02!\x00\xb7~\x00\xffN\xcb\xf5.\xa2\x15\x9bVr\x16\xcdnr\xf2R?Q#\xe8w%\x93\xb0c\xd7\xd7\x95\x16\x02 \x03\x97\xbb\xaa\x08,A\x8a\xa4\x0e\xc6\x14@\x1eO.\xfdy\x17\x91\xa4\x07V \xf7+^\x12\x13~.\x91')
(1, b'0E\x02!\x00\xb7~\x00\xffN\xcb\xf5.\xa2\x15\x9bVr\x16\xcdnr\xf2R?Q#\xe8w%\x93\xb0c\xd7\xd7\x95\x16\x02 \x03\x97\xbb\xaa\x08,A\x8a\xa4\x0e\xc6\x14@\x1eO.\xfdy\x17\x91\xa4\x07V \xf7+^\x12\x13~.\x91')
(4, b"0E\x02!\x00\x83\xfc\xebp\x1f\x0eex\x93\x05D\x18\x8e*'\xbf5\x8b\xbd\xf1i\xff\x7f\xdd\x1e\xff\x8elbJ)o\x02 \\\xf8\xf1\xf2E\xfc\xf6A\xb7\xc6\xbc$\xc4\xdbD\xf3\x96\xe1S\xda\x069\xa3r\x87\x9eK\xbd\xf4O\xb1a")
(4, b"0E\x02!\x00\x83\xfc\xebp\x1f\x0eex\x93\x05D\x18\x8e*'\xbf5\x8b\xbd\xf1i\xff\x7f\xdd\x1e\xff\x8elbJ)o\x02 \\\xf8\xf1\xf2E\xfc\xf6A\xb7\xc6\xbc$\xc4\xdbD\xf3\x96\xe1S\xda\x069\xa3r\x87\x9eK\xbd\xf4O\xb1a")
(1, b'0E\x02!\x00\xb7~\x00\xffN\xcb\xf5.\xa2\x15\x9bVr\x16\xcdnr\xf2R?Q#\xe8w%\x93\xb0c\xd7\xd7\x95\x16\x02 \x03\x97\xbb\xaa\x08,A\x8a\xa4\x0e\xc6\x14@\x1eO.\xfdy\x17\x91\xa4\x07V \xf7+^\x12\x13~.\x91')
(1, b'0E\x02!\x00\xb7~\x00\xffN\xcb\xf5.\xa2\x15\x9bVr\x16\xcdnr\xf2R?Q#\xe8w%\x93\xb0c\xd7\xd7\x95\x16\x02 \x03\x97\xbb\xaa\x08,A\x8a\xa4\x0e\xc6\x14@\x1eO.\xfdy\x17\x91\xa4\x07V \xf7+^\x12\x13~.\x91')
(4, b"0E\x02!\x00\x83\xfc\xebp\x1f\x0eex\x93\x05D\x18\x8e*'\xbf5\x8b\xbd\xf1i\xff\x7f\xdd\x1e\xff\x8elbJ)o\x02 \\\xf8\xf1\xf2E\xfc\xf6A\xb7\xc6\xbc$\xc4\xdbD\xf3\x96\xe1S\xda\x069\xa3r\x87\x9eK\xbd\xf4O\xb1a")
(4, b"0E\x02!\x00\x83\xfc\xebp\x1f\x0eex\x93\x05D\x18\x8e*'\xbf5\x8b\xbd\xf1i\xff\x7f\xdd\x1e\xff\x8elbJ)o\x02 \\\xf8\xf1\xf2E\xfc\xf6A\xb7\xc6\xbc$\xc4\xdbD\xf3\x96\xe1S\xda\x069\xa3r\x87\x9eK\xbd\xf4O\xb1a")
(1, b'0E\x02!\x00\xb7~\x00\xffN\xcb\xf5.\xa2\x15\x9bVr\x16\xcdnr\xf2R?Q#\xe8w%\x93\xb0c\xd7\xd7\x95\x16\x02 \x03\x97\xbb\xaa\x08,A\x8a\xa4\x0e\xc6\x14@\x1eO.\xfdy\x17\x91\xa4\x07V \xf7+^\x12\x13~.\x91')
(1, b'0E\x02!\x00\xb7~\x00\xffN\xcb\xf5.\xa2\x15\x9bVr\x16\xcdnr\xf2R?Q#\xe8w%\x93\xb0c\xd7\xd7\x95\x16\x02 \x03\x97\xbb\xaa\x08,A\x8a\xa4\x0e\xc6\x14@\x1eO.\xfdy\x17\x91\xa4\x07V \xf7+^\x12\x13~.\x91')
(4, b"0E\x02!\x00\x83\xfc\xebp\x1f\x0eex\x93\x05D\x18\x8e*'\xbf5\x8b\xbd\xf1i\xff\x7f\xdd\x1e\xff\x8elbJ)o\x02 \\\xf8\xf1\xf2E\xfc\xf6A\xb7\xc6\xbc$\xc4\xdbD\xf3\x96\xe1S\xda\x069\xa3r\x87\x9eK\xbd\xf4O\xb1a")
1 config verify passed!!!!
Node 1 read a proofchain using 0.006271 sec
1 start to run round 14 C: [0, 1, 2, 3, 4, 5, 6] N: 7
old [0, 1, 2, 3, 4, 5, 6]
new [0, 1, 2, 3, 4, 5, 6]
run round 14 adkr round taking 0.927857 sec
pc size for round 14 is 64298
(1, b'0E\x02!\x00\xb7~\x00\xffN\xcb\xf5.\xa2\x15\x9bVr\x16\xcdnr\xf2R?Q#\xe8w%\x93\xb0c\xd7\xd7\x95\x16\x02 \x03\x97\xbb\xaa\x08,A\x8a\xa4\x0e\xc6\x14@\x1eO.\xfdy\x17\x91\xa4\x07V \xf7+^\x12\x13~.\x91')
(4, b"0E\x02!\x00\x83\xfc\xebp\x1f\x0eex\x93\x05D\x18\x8e*'\xbf5\x8b\xbd\xf1i\xff\x7f\xdd\x1e\xff\x8elbJ)o\x02 \\\xf8\xf1\xf2E\xfc\xf6A\xb7\xc6\xbc$\xc4\xdbD\xf3\x96\xe1S\xda\x069\xa3r\x87\x9eK\xbd\xf4O\xb1a")
(4, b"0E\x02!\x00\x83\xfc\xebp\x1f\x0eex\x93\x05D\x18\x8e*'\xbf5\x8b\xbd\xf1i\xff\x7f\xdd\x1e\xff\x8elbJ)o\x02 \\\xf8\xf1\xf2E\xfc\xf6A\xb7\xc6\xbc$\xc4\xdbD\xf3\x96\xe1S\xda\x069\xa3r\x87\x9eK\xbd\xf4O\xb1a")
(1, b'0E\x02!\x00\xb7~\x00\xffN\xcb\xf5.\xa2\x15\x9bVr\x16\xcdnr\xf2R?Q#\xe8w%\x93\xb0c\xd7\xd7\x95\x16\x02 \x03\x97\xbb\xaa\x08,A\x8a\xa4\x0e\xc6\x14@\x1eO.\xfdy\x17\x91\xa4\x07V \xf7+^\x12\x13~.\x91')
(1, b'0E\x02!\x00\xb7~\x00\xffN\xcb\xf5.\xa2\x15\x9bVr\x16\xcdnr\xf2R?Q#\xe8w%\x93\xb0c\xd7\xd7\x95\x16\x02 \x03\x97\xbb\xaa\x08,A\x8a\xa4\x0e\xc6\x14@\x1eO.\xfdy\x17\x91\xa4\x07V \xf7+^\x12\x13~.\x91')
(4, b"0E\x02!\x00\x83\xfc\xebp\x1f\x0eex\x93\x05D\x18\x8e*'\xbf5\x8b\xbd\xf1i\xff\x7f\xdd\x1e\xff\x8elbJ)o\x02 \\\xf8\xf1\xf2E\xfc\xf6A\xb7\xc6\xbc$\xc4\xdbD\xf3\x96\xe1S\xda\x069\xa3r\x87\x9eK\xbd\xf4O\xb1a")
(4, b"0E\x02!\x00\x83\xfc\xebp\x1f\x0eex\x93\x05D\x18\x8e*'\xbf5\x8b\xbd\xf1i\xff\x7f\xdd\x1e\xff\x8elbJ)o\x02 \\\xf8\xf1\xf2E\xfc\xf6A\xb7\xc6\xbc$\xc4\xdbD\xf3\x96\xe1S\xda\x069\xa3r\x87\x9eK\xbd\xf4O\xb1a")
(1, b'0E\x02!\x00\xb7~\x00\xffN\xcb\xf5.\xa2\x15\x9bVr\x16\xcdnr\xf2R?Q#\xe8w%\x93\xb0c\xd7\xd7\x95\x16\x02 \x03\x97\xbb\xaa\x08,A\x8a\xa4\x0e\xc6\x14@\x1eO.\xfdy\x17\x91\xa4\x07V \xf7+^\x12\x13~.\x91')
(1, b'0E\x02!\x00\xb7~\x00\xffN\xcb\xf5.\xa2\x15\x9bVr\x16\xcdnr\xf2R?Q#\xe8w%\x93\xb0c\xd7\xd7\x95\x16\x02 \x03\x97\xbb\xaa\x08,A\x8a\xa4\x0e\xc6\x14@\x1eO.\xfdy\x17\x91\xa4\x07V \xf7+^\x12\x13~.\x91')
(4, b"0E\x02!\x00\x83\xfc\xebp\x1f\x0eex\x93\x05D\x18\x8e*'\xbf5\x8b\xbd\xf1i\xff\x7f\xdd\x1e\xff\x8elbJ)o\x02 \\\xf8\xf1\xf2E\xfc\xf6A\xb7\xc6\xbc$\xc4\xdbD\xf3\x96\xe1S\xda\x069\xa3r\x87\x9eK\xbd\xf4O\xb1a")
(4, b"0E\x02!\x00\x83\xfc\xebp\x1f\x0eex\x93\x05D\x18\x8e*'\xbf5\x8b\xbd\xf1i\xff\x7f\xdd\x1e\xff\x8elbJ)o\x02 \\\xf8\xf1\xf2E\xfc\xf6A\xb7\xc6\xbc$\xc4\xdbD\xf3\x96\xe1S\xda\x069\xa3r\x87\x9eK\xbd\xf4O\xb1a")
(1, b'0E\x02!\x00\xb7~\x00\xffN\xcb\xf5.\xa2\x15\x9bVr\x16\xcdnr\xf2R?Q#\xe8w%\x93\xb0c\xd7\xd7\x95\x16\x02 \x03\x97\xbb\xaa\x08,A\x8a\xa4\x0e\xc6\x14@\x1eO.\xfdy\x17\x91\xa4\x07V \xf7+^\x12\x13~.\x91')
(1, b'0E\x02!\x00\xb7~\x00\xffN\xcb\xf5.\xa2\x15\x9bVr\x16\xcdnr\xf2R?Q#\xe8w%\x93\xb0c\xd7\xd7\x95\x16\x02 \x03\x97\xbb\xaa\x08,A\x8a\xa4\x0e\xc6\x14@\x1eO.\xfdy\x17\x91\xa4\x07V \xf7+^\x12\x13~.\x91')
(4, b"0E\x02!\x00\x83\xfc\xebp\x1f\x0eex\x93\x05D\x18\x8e*'\xbf5\x8b\xbd\xf1i\xff\x7f\xdd\x1e\xff\x8elbJ)o\x02 \\\xf8\xf1\xf2E\xfc\xf6A\xb7\xc6\xbc$\xc4\xdbD\xf3\x96\xe1S\xda\x069\xa3r\x87\x9eK\xbd\xf4O\xb1a")
(4, b"0E\x02!\x00\x83\xfc\xebp\x1f\x0eex\x93\x05D\x18\x8e*'\xbf5\x8b\xbd\xf1i\xff\x7f\xdd\x1e\xff\x8elbJ)o\x02 \\\xf8\xf1\xf2E\xfc\xf6A\xb7\xc6\xbc$\xc4\xdbD\xf3\x96\xe1S\xda\x069\xa3r\x87\x9eK\xbd\xf4O\xb1a")
(1, b'0E\x02!\x00\xb7~\x00\xffN\xcb\xf5.\xa2\x15\x9bVr\x16\xcdnr\xf2R?Q#\xe8w%\x93\xb0c\xd7\xd7\x95\x16\x02 \x03\x97\xbb\xaa\x08,A\x8a\xa4\x0e\xc6\x14@\x1eO.\xfdy\x17\x91\xa4\x07V \xf7+^\x12\x13~.\x91')
(1, b'0E\x02!\x00\xb7~\x00\xffN\xcb\xf5.\xa2\x15\x9bVr\x16\xcdnr\xf2R?Q#\xe8w%\x93\xb0c\xd7\xd7\x95\x16\x02 \x03\x97\xbb\xaa\x08,A\x8a\xa4\x0e\xc6\x14@\x1eO.\xfdy\x17\x91\xa4\x07V \xf7+^\x12\x13~.\x91')
(4, b"0E\x02!\x00\x83\xfc\xebp\x1f\x0eex\x93\x05D\x18\x8e*'\xbf5\x8b\xbd\xf1i\xff\x7f\xdd\x1e\xff\x8elbJ)o\x02 \\\xf8\xf1\xf2E\xfc\xf6A\xb7\xc6\xbc$\xc4\xdbD\xf3\x96\xe1S\xda\x069\xa3r\x87\x9eK\xbd\xf4O\xb1a")
(4, b"0E\x02!\x00\x83\xfc\xebp\x1f\x0eex\x93\x05D\x18\x8e*'\xbf5\x8b\xbd\xf1i\xff\x7f\xdd\x1e\xff\x8elbJ)o\x02 \\\xf8\xf1\xf2E\xfc\xf6A\xb7\xc6\xbc$\xc4\xdbD\xf3\x96\xe1S\xda\x069\xa3r\x87\x9eK\xbd\xf4O\xb1a")
(1, b'0E\x02!\x00\xb7~\x00\xffN\xcb\xf5.\xa2\x15\x9bVr\x16\xcdnr\xf2R?Q#\xe8w%\x93\xb0c\xd7\xd7\x95\x16\x02 \x03\x97\xbb\xaa\x08,A\x8a\xa4\x0e\xc6\x14@\x1eO.\xfdy\x17\x91\xa4\x07V \xf7+^\x12\x13~.\x91')
(1, b'0E\x02!\x00\xb7~\x00\xffN\xcb\xf5.\xa2\x15\x9bVr\x16\xcdnr\xf2R?Q#\xe8w%\x93\xb0c\xd7\xd7\x95\x16\x02 \x03\x97\xbb\xaa\x08,A\x8a\xa4\x0e\xc6\x14@\x1eO.\xfdy\x17\x91\xa4\x07V \xf7+^\x12\x13~.\x91')
(4, b"0E\x02!\x00\x83\xfc\xebp\x1f\x0eex\x93\x05D\x18\x8e*'\xbf5\x8b\xbd\xf1i\xff\x7f\xdd\x1e\xff\x8elbJ)o\x02 \\\xf8\xf1\xf2E\xfc\xf6A\xb7\xc6\xbc$\xc4\xdbD\xf3\x96\xe1S\xda\x069\xa3r\x87\x9eK\xbd\xf4O\xb1a")
(4, b"0E\x02!\x00\x83\xfc\xebp\x1f\x0eex\x93\x05D\x18\x8e*'\xbf5\x8b\xbd\xf1i\xff\x7f\xdd\x1e\xff\x8elbJ)o\x02 \\\xf8\xf1\xf2E\xfc\xf6A\xb7\xc6\xbc$\xc4\xdbD\xf3\x96\xe1S\xda\x069\xa3r\x87\x9eK\xbd\xf4O\xb1a")
(1, b'0E\x02!\x00\xb7~\x00\xffN\xcb\xf5.\xa2\x15\x9bVr\x16\xcdnr\xf2R?Q#\xe8w%\x93\xb0c\xd7\xd7\x95\x16\x02 \x03\x97\xbb\xaa\x08,A\x8a\xa4\x0e\xc6\x14@\x1eO.\xfdy\x17\x91\xa4\x07V \xf7+^\x12\x13~.\x91')
(1, b'0E\x02!\x00\xb7~\x00\xffN\xcb\xf5.\xa2\x15\x9bVr\x16\xcdnr\xf2R?Q#\xe8w%\x93\xb0c\xd7\xd7\x95\x16\x02 \x03\x97\xbb\xaa\x08,A\x8a\xa4\x0e\xc6\x14@\x1eO.\xfdy\x17\x91\xa4\x07V \xf7+^\x12\x13~.\x91')
(4, b"0E\x02!\x00\x83\xfc\xebp\x1f\x0eex\x93\x05D\x18\x8e*'\xbf5\x8b\xbd\xf1i\xff\x7f\xdd\x1e\xff\x8elbJ)o\x02 \\\xf8\xf1\xf2E\xfc\xf6A\xb7\xc6\xbc$\xc4\xdbD\xf3\x96\xe1S\xda\x069\xa3r\x87\x9eK\xbd\xf4O\xb1a")
(4, b"0E\x02!\x00\x83\xfc\xebp\x1f\x0eex\x93\x05D\x18\x8e*'\xbf5\x8b\xbd\xf1i\xff\x7f\xdd\x1e\xff\x8elbJ)o\x02 \\\xf8\xf1\xf2E\xfc\xf6A\xb7\xc6\xbc$\xc4\xdbD\xf3\x96\xe1S\xda\x069\xa3r\x87\x9eK\xbd\xf4O\xb1a")
(1, b'0E\x02!\x00\xb7~\x00\xffN\xcb\xf5.\xa2\x15\x9bVr\x16\xcdnr\xf2R?Q#\xe8w%\x93\xb0c\xd7\xd7\x95\x16\x02 \x03\x97\xbb\xaa\x08,A\x8a\xa4\x0e\xc6\x14@\x1eO.\xfdy\x17\x91\xa4\x07V \xf7+^\x12\x13~.\x91')
(1, b'0E\x02!\x00\xb7~\x00\xffN\xcb\xf5.\xa2\x15\x9bVr\x16\xcdnr\xf2R?Q#\xe8w%\x93\xb0c\xd7\xd7\x95\x16\x02 \x03\x97\xbb\xaa\x08,A\x8a\xa4\x0e\xc6\x14@\x1eO.\xfdy\x17\x91\xa4\x07V \xf7+^\x12\x13~.\x91')
(4, b"0E\x02!\x00\x83\xfc\xebp\x1f\x0eex\x93\x05D\x18\x8e*'\xbf5\x8b\xbd\xf1i\xff\x7f\xdd\x1e\xff\x8elbJ)o\x02 \\\xf8\xf1\xf2E\xfc\xf6A\xb7\xc6\xbc$\xc4\xdbD\xf3\x96\xe1S\xda\x069\xa3r\x87\x9eK\xbd\xf4O\xb1a")
1 config verify passed!!!!
Node 1 read a proofchain using 0.006584 sec
1 start to run round 15 C: [0, 1, 2, 3, 4, 5, 6] N: 7
old [0, 1, 2, 3, 4, 5, 6]
new [0, 1, 2, 3, 4, 5, 6]
run round 15 adkr round taking 0.929191 sec
pc size for round 15 is 68568
(4, b"0E\x02!\x00\x83\xfc\xebp\x1f\x0eex\x93\x05D\x18\x8e*'\xbf5\x8b\xbd\xf1i\xff\x7f\xdd\x1e\xff\x8elbJ)o\x02 \\\xf8\xf1\xf2E\xfc\xf6A\xb7\xc6\xbc$\xc4\xdbD\xf3\x96\xe1S\xda\x069\xa3r\x87\x9eK\xbd\xf4O\xb1a")
(1, b'0E\x02!\x00\xb7~\x00\xffN\xcb\xf5.\xa2\x15\x9bVr\x16\xcdnr\xf2R?Q#\xe8w%\x93\xb0c\xd7\xd7\x95\x16\x02 \x03\x97\xbb\xaa\x08,A\x8a\xa4\x0e\xc6\x14@\x1eO.\xfdy\x17\x91\xa4\x07V \xf7+^\x12\x13~.\x91')
(1, b'0E\x02!\x00\xb7~\x00\xffN\xcb\xf5.\xa2\x15\x9bVr\x16\xcdnr\xf2R?Q#\xe8w%\x93\xb0c\xd7\xd7\x95\x16\x02 \x03\x97\xbb\xaa\x08,A\x8a\xa4\x0e\xc6\x14@\x1eO.\xfdy\x17\x91\xa4\x07V \xf7+^\x12\x13~.\x91')
(4, b"0E\x02!\x00\x83\xfc\xebp\x1f\x0eex\x93\x05D\x18\x8e*'\xbf5\x8b\xbd\xf1i\xff\x7f\xdd\x1e\xff\x8elbJ)o\x02 \\\xf8\xf1\xf2E\xfc\xf6A\xb7\xc6\xbc$\xc4\xdbD\xf3\x96\xe1S\xda\x069\xa3r\x87\x9eK\xbd\xf4O\xb1a")
(4, b"0E\x02!\x00\x83\xfc\xebp\x1f\x0eex\x93\x05D\x18\x8e*'\xbf5\x8b\xbd\xf1i\xff\x7f\xdd\x1e\xff\x8elbJ)o\x02 \\\xf8\xf1\xf2E\xfc\xf6A\xb7\xc6\xbc$\xc4\xdbD\xf3\x96\xe1S\xda\x069\xa3r\x87\x9eK\xbd\xf4O\xb1a")
(1, b'0E\x02!\x00\xb7~\x00\xffN\xcb\xf5.\xa2\x15\x9bVr\x16\xcdnr\xf2R?Q#\xe8w%\x93\xb0c\xd7\xd7\x95\x16\x02 \x03\x97\xbb\xaa\x08,A\x8a\xa4\x0e\xc6\x14@\x1eO.\xfdy\x17\x91\xa4\x07V \xf7+^\x12\x13~.\x91')
(1, b'0E\x02!\x00\xb7~\x00\xffN\xcb\xf5.\xa2\x15\x9bVr\x16\xcdnr\xf2R?Q#\xe8w%\x93\xb0c\xd7\xd7\x95\x16\x02 \x03\x97\xbb\xaa\x08,A\x8a\xa4\x0e\xc6\x14@\x1eO.\xfdy\x17\x91\xa4\x07V \xf7+^\x12\x13~.\x91')
(4, b"0E\x02!\x00\x83\xfc\xebp\x1f\x0eex\x93\x05D\x18\x8e*'\xbf5\x8b\xbd\xf1i\xff\x7f\xdd\x1e\xff\x8elbJ)o\x02 \\\xf8\xf1\xf2E\xfc\xf6A\xb7\xc6\xbc$\xc4\xdbD\xf3\x96\xe1S\xda\x069\xa3r\x87\x9eK\xbd\xf4O\xb1a")
(4, b"0E\x02!\x00\x83\xfc\xebp\x1f\x0eex\x93\x05D\x18\x8e*'\xbf5\x8b\xbd\xf1i\xff\x7f\xdd\x1e\xff\x8elbJ)o\x02 \\\xf8\xf1\xf2E\xfc\xf6A\xb7\xc6\xbc$\xc4\xdbD\xf3\x96\xe1S\xda\x069\xa3r\x87\x9eK\xbd\xf4O\xb1a")
(1, b'0E\x02!\x00\xb7~\x00\xffN\xcb\xf5.\xa2\x15\x9bVr\x16\xcdnr\xf2R?Q#\xe8w%\x93\xb0c\xd7\xd7\x95\x16\x02 \x03\x97\xbb\xaa\x08,A\x8a\xa4\x0e\xc6\x14@\x1eO.\xfdy\x17\x91\xa4\x07V \xf7+^\x12\x13~.\x91')
(1, b'0E\x02!\x00\xb7~\x00\xffN\xcb\xf5.\xa2\x15\x9bVr\x16\xcdnr\xf2R?Q#\xe8w%\x93\xb0c\xd7\xd7\x95\x16\x02 \x03\x97\xbb\xaa\x08,A\x8a\xa4\x0e\xc6\x14@\x1eO.\xfdy\x17\x91\xa4\x07V \xf7+^\x12\x13~.\x91')
(4, b"0E\x02!\x00\x83\xfc\xebp\x1f\x0eex\x93\x05D\x18\x8e*'\xbf5\x8b\xbd\xf1i\xff\x7f\xdd\x1e\xff\x8elbJ)o\x02 \\\xf8\xf1\xf2E\xfc\xf6A\xb7\xc6\xbc$\xc4\xdbD\xf3\x96\xe1S\xda\x069\xa3r\x87\x9eK\xbd\xf4O\xb1a")
(4, b"0E\x02!\x00\x83\xfc\xebp\x1f\x0eex\x93\x05D\x18\x8e*'\xbf5\x8b\xbd\xf1i\xff\x7f\xdd\x1e\xff\x8elbJ)o\x02 \\\xf8\xf1\xf2E\xfc\xf6A\xb7\xc6\xbc$\xc4\xdbD\xf3\x96\xe1S\xda\x069\xa3r\x87\x9eK\xbd\xf4O\xb1a")
(1, b'0E\x02!\x00\xb7~\x00\xffN\xcb\xf5.\xa2\x15\x9bVr\x16\xcdnr\xf2R?Q#\xe8w%\x93\xb0c\xd7\xd7\x95\x16\x02 \x03\x97\xbb\xaa\x08,A\x8a\xa4\x0e\xc6\x14@\x1eO.\xfdy\x17\x91\xa4\x07V \xf7+^\x12\x13~.\x91')
(1, b'0E\x02!\x00\xb7~\x00\xffN\xcb\xf5.\xa2\x15\x9bVr\x16\xcdnr\xf2R?Q#\xe8w%\x93\xb0c\xd7\xd7\x95\x16\x02 \x03\x97\xbb\xaa\x08,A\x8a\xa4\x0e\xc6\x14@\x1eO.\xfdy\x17\x91\xa4\x07V \xf7+^\x12\x13~.\x91')
(4, b"0E\x02!\x00\x83\xfc\xebp\x1f\x0eex\x93\x05D\x18\x8e*'\xbf5\x8b\xbd\xf1i\xff\x7f\xdd\x1e\xff\x8elbJ)o\x02 \\\xf8\xf1\xf2E\xfc\xf6A\xb7\xc6\xbc$\xc4\xdbD\xf3\x96\xe1S\xda\x069\xa3r\x87\x9eK\xbd\xf4O\xb1a")
(4, b"0E\x02!\x00\x83\xfc\xebp\x1f\x0eex\x93\x05D\x18\x8e*'\xbf5\x8b\xbd\xf1i\xff\x7f\xdd\x1e\xff\x8elbJ)o\x02 \\\xf8\xf1\xf2E\xfc\xf6A\xb7\xc6\xbc$\xc4\xdbD\xf3\x96\xe1S\xda\x069\xa3r\x87\x9eK\xbd\xf4O\xb1a")
(1, b'0E\x02!\x00\xb7~\x00\xffN\xcb\xf5.\xa2\x15\x9bVr\x16\xcdnr\xf2R?Q#\xe8w%\x93\xb0c\xd7\xd7\x95\x16\x02 \x03\x97\xbb\xaa\x08,A\x8a\xa4\x0e\xc6\x14@\x1eO.\xfdy\x17\x91\xa4\x07V \xf7+^\x12\x13~.\x91')
(1, b'0E\x02!\x00\xb7~\x00\xffN\xcb\xf5.\xa2\x15\x9bVr\x16\xcdnr\xf2R?Q#\xe8w%\x93\xb0c\xd7\xd7\x95\x16\x02 \x03\x97\xbb\xaa\x08,A\x8a\xa4\x0e\xc6\x14@\x1eO.\xfdy\x17\x91\xa4\x07V \xf7+^\x12\x13~.\x91')
(4, b"0E\x02!\x00\x83\xfc\xebp\x1f\x0eex\x93\x05D\x18\x8e*'\xbf5\x8b\xbd\xf1i\xff\x7f\xdd\x1e\xff\x8elbJ)o\x02 \\\xf8\xf1\xf2E\xfc\xf6A\xb7\xc6\xbc$\xc4\xdbD\xf3\x96\xe1S\xda\x069\xa3r\x87\x9eK\xbd\xf4O\xb1a")
(4, b"0E\x02!\x00\x83\xfc\xebp\x1f\x0eex\x93\x05D\x18\x8e*'\xbf5\x8b\xbd\xf1i\xff\x7f\xdd\x1e\xff\x8elbJ)o\x02 \\\xf8\xf1\xf2E\xfc\xf6A\xb7\xc6\xbc$\xc4\xdbD\xf3\x96\xe1S\xda\x069\xa3r\x87\x9eK\xbd\xf4O\xb1a")
(1, b'0E\x02!\x00\xb7~\x00\xffN\xcb\xf5.\xa2\x15\x9bVr\x16\xcdnr\xf2R?Q#\xe8w%\x93\xb0c\xd7\xd7\x95\x16\x02 \x03\x97\xbb\xaa\x08,A\x8a\xa4\x0e\xc6\x14@\x1eO.\xfdy\x17\x91\xa4\x07V \xf7+^\x12\x13~.\x91')
(1, b'0E\x02!\x00\xb7~\x00\xffN\xcb\xf5.\xa2\x15\x9bVr\x16\xcdnr\xf2R?Q#\xe8w%\x93\xb0c\xd7\xd7\x95\x16\x02 \x03\x97\xbb\xaa\x08,A\x8a\xa4\x0e\xc6\x14@\x1eO.\xfdy\x17\x91\xa4\x07V \xf7+^\x12\x13~.\x91')
(4, b"0E\x02!\x00\x83\xfc\xebp\x1f\x0eex\x93\x05D\x18\x8e*'\xbf5\x8b\xbd\xf1i\xff\x7f\xdd\x1e\xff\x8elbJ)o\x02 \\\xf8\xf1\xf2E\xfc\xf6A\xb7\xc6\xbc$\xc4\xdbD\xf3\x96\xe1S\xda\x069\xa3r\x87\x9eK\xbd\xf4O\xb1a")
(4, b"0E\x02!\x00\x83\xfc\xebp\x1f\x0eex\x93\x05D\x18\x8e*'\xbf5\x8b\xbd\xf1i\xff\x7f\xdd\x1e\xff\x8elbJ)o\x02 \\\xf8\xf1\xf2E\xfc\xf6A\xb7\xc6\xbc$\xc4\xdbD\xf3\x96\xe1S\xda\x069\xa3r\x87\x9eK\xbd\xf4O\xb1a")
(1, b'0E\x02!\x00\xb7~\x00\xffN\xcb\xf5.\xa2\x15\x9bVr\x16\xcdnr\xf2R?Q#\xe8w%\x93\xb0c\xd7\xd7\x95\x16\x02 \x03\x97\xbb\xaa\x08,A\x8a\xa4\x0e\xc6\x14@\x1eO.\xfdy\x17\x91\xa4\x07V \xf7+^\x12\x13~.\x91')
(1, b'0E\x02!\x00\xb7~\x00\xffN\xcb\xf5.\xa2\x15\x9bVr\x16\xcdnr\xf2R?Q#\xe8w%\x93\xb0c\xd7\xd7\x95\x16\x02 \x03\x97\xbb\xaa\x08,A\x8a\xa4\x0e\xc6\x14@\x1eO.\xfdy\x17\x91\xa4\x07V \xf7+^\x12\x13~.\x91')
(4, b"0E\x02!\x00\x83\xfc\xebp\x1f\x0eex\x93\x05D\x18\x8e*'\xbf5\x8b\xbd\xf1i\xff\x7f\xdd\x1e\xff\x8elbJ)o\x02 \\\xf8\xf1\xf2E\xfc\xf6A\xb7\xc6\xbc$\xc4\xdbD\xf3\x96\xe1S\xda\x069\xa3r\x87\x9eK\xbd\xf4O\xb1a")
(4, b"0E\x02!\x00\x83\xfc\xebp\x1f\x0eex\x93\x05D\x18\x8e*'\xbf5\x8b\xbd\xf1i\xff\x7f\xdd\x1e\xff\x8elbJ)o\x02 \\\xf8\xf1\xf2E\xfc\xf6A\xb7\xc6\xbc$\xc4\xdbD\xf3\x96\xe1S\xda\x069\xa3r\x87\x9eK\xbd\xf4O\xb1a")
(1, b'0E\x02!\x00\xb7~\x00\xffN\xcb\xf5.\xa2\x15\x9bVr\x16\xcdnr\xf2R?Q#\xe8w%\x93\xb0c\xd7\xd7\x95\x16\x02 \x03\x97\xbb\xaa\x08,A\x8a\xa4\x0e\xc6\x14@\x1eO.\xfdy\x17\x91\xa4\x07V \xf7+^\x12\x13~.\x91')
(1, b'0E\x02!\x00\xb7~\x00\xffN\xcb\xf5.\xa2\x15\x9bVr\x16\xcdnr\xf2R?Q#\xe8w%\x93\xb0c\xd7\xd7\x95\x16\x02 \x03\x97\xbb\xaa\x08,A\x8a\xa4\x0e\xc6\x14@\x1eO.\xfdy\x17\x91\xa4\x07V \xf7+^\x12\x13~.\x91')
(4, b"0E\x02!\x00\x83\xfc\xebp\x1f\x0eex\x93\x05D\x18\x8e*'\xbf5\x8b\xbd\xf1i\xff\x7f\xdd\x1e\xff\x8elbJ)o\x02 \\\xf8\xf1\xf2E\xfc\xf6A\xb7\xc6\xbc$\xc4\xdbD\xf3\x96\xe1S\xda\x069\xa3r\x87\x9eK\xbd\xf4O\xb1a")
1 config verify passed!!!!
Node 1 read a proofchain using 0.006983 sec
1 start to run round 16 C: [0, 1, 2, 3, 4, 5, 6] N: 7
old [0, 1, 2, 3, 4, 5, 6]
new [0, 1, 2, 3, 4, 5, 6]
run round 16 adkr round taking 0.992104 sec
pc size for round 16 is 72830
(1, b'0E\x02!\x00\xb7~\x00\xffN\xcb\xf5.\xa2\x15\x9bVr\x16\xcdnr\xf2R?Q#\xe8w%\x93\xb0c\xd7\xd7\x95\x16\x02 \x03\x97\xbb\xaa\x08,A\x8a\xa4\x0e\xc6\x14@\x1eO.\xfdy\x17\x91\xa4\x07V \xf7+^\x12\x13~.\x91')
(4, b"0E\x02!\x00\x83\xfc\xebp\x1f\x0eex\x93\x05D\x18\x8e*'\xbf5\x8b\xbd\xf1i\xff\x7f\xdd\x1e\xff\x8elbJ)o\x02 \\\xf8\xf1\xf2E\xfc\xf6A\xb7\xc6\xbc$\xc4\xdbD\xf3\x96\xe1S\xda\x069\xa3r\x87\x9eK\xbd\xf4O\xb1a")
(4, b"0E\x02!\x00\x83\xfc\xebp\x1f\x0eex\x93\x05D\x18\x8e*'\xbf5\x8b\xbd\xf1i\xff\x7f\xdd\x1e\xff\x8elbJ)o\x02 \\\xf8\xf1\xf2E\xfc\xf6A\xb7\xc6\xbc$\xc4\xdbD\xf3\x96\xe1S\xda\x069\xa3r\x87\x9eK\xbd\xf4O\xb1a")
(1, b'0E\x02!\x00\xb7~\x00\xffN\xcb\xf5.\xa2\x15\x9bVr\x16\xcdnr\xf2R?Q#\xe8w%\x93\xb0c\xd7\xd7\x95\x16\x02 \x03\x97\xbb\xaa\x08,A\x8a\xa4\x0e\xc6\x14@\x1eO.\xfdy\x17\x91\xa4\x07V \xf7+^\x12\x13~.\x91')
(1, b'0E\x02!\x00\xb7~\x00\xffN\xcb\xf5.\xa2\x15\x9bVr\x16\xcdnr\xf2R?Q#\xe8w%\x93\xb0c\xd7\xd7\x95\x16\x02 \x03\x97\xbb\xaa\x08,A\x8a\xa4\x0e\xc6\x14@\x1eO.\xfdy\x17\x91\xa4\x07V \xf7+^\x12\x13~.\x91')
(4, b"0E\x02!\x00\x83\xfc\xebp\x1f\x0eex\x93\x05D\x18\x8e*'\xbf5\x8b\xbd\xf1i\xff\x7f\xdd\x1e\xff\x8elbJ)o\x02 \\\xf8\xf1\xf2E\xfc\xf6A\xb7\xc6\xbc$\xc4\xdbD\xf3\x96\xe1S\xda\x069\xa3r\x87\x9eK\xbd\xf4O\xb1a")
(4, b"0E\x02!\x00\x83\xfc\xebp\x1f\x0eex\x93\x05D\x18\x8e*'\xbf5\x8b\xbd\xf1i\xff\x7f\xdd\x1e\xff\x8elbJ)o\x02 \\\xf8\xf1\xf2E\xfc\xf6A\xb7\xc6\xbc$\xc4\xdbD\xf3\x96\xe1S\xda\x069\xa3r\x87\x9eK\xbd\xf4O\xb1a")
(1, b'0E\x02!\x00\xb7~\x00\xffN\xcb\xf5.\xa2\x15\x9bVr\x16\xcdnr\xf2R?Q#\xe8w%\x93\xb0c\xd7\xd7\x95\x16\x02 \x03\x97\xbb\xaa\x08,A\x8a\xa4\x0e\xc6\x14@\x1eO.\xfdy\x17\x91\xa4\x07V \xf7+^\x12\x13~.\x91')
(1, b'0E\x02!\x00\xb7~\x00\xffN\xcb\xf5.\xa2\x15\x9bVr\x16\xcdnr\xf2R?Q#\xe8w%\x93\xb0c\xd7\xd7\x95\x16\x02 \x03\x97\xbb\xaa\x08,A\x8a\xa4\x0e\xc6\x14@\x1eO.\xfdy\x17\x91\xa4\x07V \xf7+^\x12\x13~.\x91')
(4, b"0E\x02!\x00\x83\xfc\xebp\x1f\x0eex\x93\x05D\x18\x8e*'\xbf5\x8b\xbd\xf1i\xff\x7f\xdd\x1e\xff\x8elbJ)o\x02 \\\xf8\xf1\xf2E\xfc\xf6A\xb7\xc6\xbc$\xc4\xdbD\xf3\x96\xe1S\xda\x069\xa3r\x87\x9eK\xbd\xf4O\xb1a")
(4, b"0E\x02!\x00\x83\xfc\xebp\x1f\x0eex\x93\x05D\x18\x8e*'\xbf5\x8b\xbd\xf1i\xff\x7f\xdd\x1e\xff\x8elbJ)o\x02 \\\xf8\xf1\xf2E\xfc\xf6A\xb7\xc6\xbc$\xc4\xdbD\xf3\x96\xe1S\xda\x069\xa3r\x87\x9eK\xbd\xf4O\xb1a")
(1, b'0E\x02!\x00\xb7~\x00\xffN\xcb\xf5.\xa2\x15\x9bVr\x16\xcdnr\xf2R?Q#\xe8w%\x93\xb0c\xd7\xd7\x95\x16\x02 \x03\x97\xbb\xaa\x08,A\x8a\xa4\x0e\xc6\x14@\x1eO.\xfdy\x17\x91\xa4\x07V \xf7+^\x12\x13~.\x91')
(1, b'0E\x02!\x00\xb7~\x00\xffN\xcb\xf5.\xa2\x15\x9bVr\x16\xcdnr\xf2R?Q#\xe8w%\x93\xb0c\xd7\xd7\x95\x16\x02 \x03\x97\xbb\xaa\x08,A\x8a\xa4\x0e\xc6\x14@\x1eO.\xfdy\x17\x91\xa4\x07V \xf7+^\x12\x13~.\x91')
(4, b"0E\x02!\x00\x83\xfc\xebp\x1f\x0eex\x93\x05D\x18\x8e*'\xbf5\x8b\xbd\xf1i\xff\x7f\xdd\x1e\xff\x8elbJ)o\x02 \\\xf8\xf1\xf2E\xfc\xf6A\xb7\xc6\xbc$\xc4\xdbD\xf3\x96\xe1S\xda\x069\xa3r\x87\x9eK\xbd\xf4O\xb1a")
(4, b"0E\x02!\x00\x83\xfc\xebp\x1f\x0eex\x93\x05D\x18\x8e*'\xbf5\x8b\xbd\xf1i\xff\x7f\xdd\x1e\xff\x8elbJ)o\x02 \\\xf8\xf1\xf2E\xfc\xf6A\xb7\xc6\xbc$\xc4\xdbD\xf3\x96\xe1S\xda\x069\xa3r\x87\x9eK\xbd\xf4O\xb1a")
(1, b'0E\x02!\x00\xb7~\x00\xffN\xcb\xf5.\xa2\x15\x9bVr\x16\xcdnr\xf2R?Q#\xe8w%\x93\xb0c\xd7\xd7\x95\x16\x02 \x03\x97\xbb\xaa\x08,A\x8a\xa4\x0e\xc6\x14@\x1eO.\xfdy\x17\x91\xa4\x07V \xf7+^\x12\x13~.\x91')
(1, b'0E\x02!\x00\xb7~\x00\xffN\xcb\xf5.\xa2\x15\x9bVr\x16\xcdnr\xf2R?Q#\xe8w%\x93\xb0c\xd7\xd7\x95\x16\x02 \x03\x97\xbb\xaa\x08,A\x8a\xa4\x0e\xc6\x14@\x1eO.\xfdy\x17\x91\xa4\x07V \xf7+^\x12\x13~.\x91')
(4, b"0E\x02!\x00\x83\xfc\xebp\x1f\x0eex\x93\x05D\x18\x8e*'\xbf5\x8b\xbd\xf1i\xff\x7f\xdd\x1e\xff\x8elbJ)o\x02 \\\xf8\xf1\xf2E\xfc\xf6A\xb7\xc6\xbc$\xc4\xdbD\xf3\x96\xe1S\xda\x069\xa3r\x87\x9eK\xbd\xf4O\xb1a")
(4, b"0E\x02!\x00\x83\xfc\xebp\x1f\x0eex\x93\x05D\x18\x8e*'\xbf5\x8b\xbd\xf1i\xff\x7f\xdd\x1e\xff\x8elbJ)o\x02 \\\xf8\xf1\xf2E\xfc\xf6A\xb7\xc6\xbc$\xc4\xdbD\xf3\x96\xe1S\xda\x069\xa3r\x87\x9eK\xbd\xf4O\xb1a")
(1, b'0E\x02!\x00\xb7~\x00\xffN\xcb\xf5.\xa2\x15\x9bVr\x16\xcdnr\xf2R?Q#\xe8w%\x93\xb0c\xd7\xd7\x95\x16\x02 \x03\x97\xbb\xaa\x08,A\x8a\xa4\x0e\xc6\x14@\x1eO.\xfdy\x17\x91\xa4\x07V \xf7+^\x12\x13~.\x91')
(1, b'0E\x02!\x00\xb7~\x00\xffN\xcb\xf5.\xa2\x15\x9bVr\x16\xcdnr\xf2R?Q#\xe8w%\x93\xb0c\xd7\xd7\x95\x16\x02 \x03\x97\xbb\xaa\x08,A\x8a\xa4\x0e\xc6\x14@\x1eO.\xfdy\x17\x91\xa4\x07V \xf7+^\x12\x13~.\x91')
(4, b"0E\x02!\x00\x83\xfc\xebp\x1f\x0eex\x93\x05D\x18\x8e*'\xbf5\x8b\xbd\xf1i\xff\x7f\xdd\x1e\xff\x8elbJ)o\x02 \\\xf8\xf1\xf2E\xfc\xf6A\xb7\xc6\xbc$\xc4\xdbD\xf3\x96\xe1S\xda\x069\xa3r\x87\x9eK\xbd\xf4O\xb1a")
(4, b"0E\x02!\x00\x83\xfc\xebp\x1f\x0eex\x93\x05D\x18\x8e*'\xbf5\x8b\xbd\xf1i\xff\x7f\xdd\x1e\xff\x8elbJ)o\x02 \\\xf8\xf1\xf2E\xfc\xf6A\xb7\xc6\xbc$\xc4\xdbD\xf3\x96\xe1S\xda\x069\xa3r\x87\x9eK\xbd\xf4O\xb1a")
(1, b'0E\x02!\x00\xb7~\x00\xffN\xcb\xf5.\xa2\x15\x9bVr\x16\xcdnr\xf2R?Q#\xe8w%\x93\xb0c\xd7\xd7\x95\x16\x02 \x03\x97\xbb\xaa\x08,A\x8a\xa4\x0e\xc6\x14@\x1eO.\xfdy\x17\x91\xa4\x07V \xf7+^\x12\x13~.\x91')
(1, b'0E\x02!\x00\xb7~\x00\xffN\xcb\xf5.\xa2\x15\x9bVr\x16\xcdnr\xf2R?Q#\xe8w%\x93\xb0c\xd7\xd7\x95\x16\x02 \x03\x97\xbb\xaa\x08,A\x8a\xa4\x0e\xc6\x14@\x1eO.\xfdy\x17\x91\xa4\x07V \xf7+^\x12\x13~.\x91')
(4, b"0E\x02!\x00\x83\xfc\xebp\x1f\x0eex\x93\x05D\x18\x8e*'\xbf5\x8b\xbd\xf1i\xff\x7f\xdd\x1e\xff\x8elbJ)o\x02 \\\xf8\xf1\xf2E\xfc\xf6A\xb7\xc6\xbc$\xc4\xdbD\xf3\x96\xe1S\xda\x069\xa3r\x87\x9eK\xbd\xf4O\xb1a")
(4, b"0E\x02!\x00\x83\xfc\xebp\x1f\x0eex\x93\x05D\x18\x8e*'\xbf5\x8b\xbd\xf1i\xff\x7f\xdd\x1e\xff\x8elbJ)o\x02 \\\xf8\xf1\xf2E\xfc\xf6A\xb7\xc6\xbc$\xc4\xdbD\xf3\x96\xe1S\xda\x069\xa3r\x87\x9eK\xbd\xf4O\xb1a")
(1, b'0E\x02!\x00\xb7~\x00\xffN\xcb\xf5.\xa2\x15\x9bVr\x16\xcdnr\xf2R?Q#\xe8w%\x93\xb0c\xd7\xd7\x95\x16\x02 \x03\x97\xbb\xaa\x08,A\x8a\xa4\x0e\xc6\x14@\x1eO.\xfdy\x17\x91\xa4\x07V \xf7+^\x12\x13~.\x91')
(1, b'0E\x02!\x00\xb7~\x00\xffN\xcb\xf5.\xa2\x15\x9bVr\x16\xcdnr\xf2R?Q#\xe8w%\x93\xb0c\xd7\xd7\x95\x16\x02 \x03\x97\xbb\xaa\x08,A\x8a\xa4\x0e\xc6\x14@\x1eO.\xfdy\x17\x91\xa4\x07V \xf7+^\x12\x13~.\x91')
(4, b"0E\x02!\x00\x83\xfc\xebp\x1f\x0eex\x93\x05D\x18\x8e*'\xbf5\x8b\xbd\xf1i\xff\x7f\xdd\x1e\xff\x8elbJ)o\x02 \\\xf8\xf1\xf2E\xfc\xf6A\xb7\xc6\xbc$\xc4\xdbD\xf3\x96\xe1S\xda\x069\xa3r\x87\x9eK\xbd\xf4O\xb1a")
(4, b"0E\x02!\x00\x83\xfc\xebp\x1f\x0eex\x93\x05D\x18\x8e*'\xbf5\x8b\xbd\xf1i\xff\x7f\xdd\x1e\xff\x8elbJ)o\x02 \\\xf8\xf1\xf2E\xfc\xf6A\xb7\xc6\xbc$\xc4\xdbD\xf3\x96\xe1S\xda\x069\xa3r\x87\x9eK\xbd\xf4O\xb1a")
(1, b'0E\x02!\x00\xb7~\x00\xffN\xcb\xf5.\xa2\x15\x9bVr\x16\xcdnr\xf2R?Q#\xe8w%\x93\xb0c\xd7\xd7\x95\x16\x02 \x03\x97\xbb\xaa\x08,A\x8a\xa4\x0e\xc6\x14@\x1eO.\xfdy\x17\x91\xa4\x07V \xf7+^\x12\x13~.\x91')
(1, b'0E\x02!\x00\xb7~\x00\xffN\xcb\xf5.\xa2\x15\x9bVr\x16\xcdnr\xf2R?Q#\xe8w%\x93\xb0c\xd7\xd7\x95\x16\x02 \x03\x97\xbb\xaa\x08,A\x8a\xa4\x0e\xc6\x14@\x1eO.\xfdy\x17\x91\xa4\x07V \xf7+^\x12\x13~.\x91')
(4, b"0E\x02!\x00\x83\xfc\xebp\x1f\x0eex\x93\x05D\x18\x8e*'\xbf5\x8b\xbd\xf1i\xff\x7f\xdd\x1e\xff\x8elbJ)o\x02 \\\xf8\xf1\xf2E\xfc\xf6A\xb7\xc6\xbc$\xc4\xdbD\xf3\x96\xe1S\xda\x069\xa3r\x87\x9eK\xbd\xf4O\xb1a")
1 config verify passed!!!!
Node 1 read a proofchain using 0.007188 sec
1 start to run round 17 C: [0, 1, 2, 3, 4, 5, 6] N: 7
old [0, 1, 2, 3, 4, 5, 6]
new [0, 1, 2, 3, 4, 5, 6]
run round 17 adkr round taking 0.991933 sec
pc size for round 17 is 77091
(4, b"0E\x02!\x00\x83\xfc\xebp\x1f\x0eex\x93\x05D\x18\x8e*'\xbf5\x8b\xbd\xf1i\xff\x7f\xdd\x1e\xff\x8elbJ)o\x02 \\\xf8\xf1\xf2E\xfc\xf6A\xb7\xc6\xbc$\xc4\xdbD\xf3\x96\xe1S\xda\x069\xa3r\x87\x9eK\xbd\xf4O\xb1a")
(1, b'0E\x02!\x00\xb7~\x00\xffN\xcb\xf5.\xa2\x15\x9bVr\x16\xcdnr\xf2R?Q#\xe8w%\x93\xb0c\xd7\xd7\x95\x16\x02 \x03\x97\xbb\xaa\x08,A\x8a\xa4\x0e\xc6\x14@\x1eO.\xfdy\x17\x91\xa4\x07V \xf7+^\x12\x13~.\x91')
(1, b'0E\x02!\x00\xb7~\x00\xffN\xcb\xf5.\xa2\x15\x9bVr\x16\xcdnr\xf2R?Q#\xe8w%\x93\xb0c\xd7\xd7\x95\x16\x02 \x03\x97\xbb\xaa\x08,A\x8a\xa4\x0e\xc6\x14@\x1eO.\xfdy\x17\x91\xa4\x07V \xf7+^\x12\x13~.\x91')
(4, b"0E\x02!\x00\x83\xfc\xebp\x1f\x0eex\x93\x05D\x18\x8e*'\xbf5\x8b\xbd\xf1i\xff\x7f\xdd\x1e\xff\x8elbJ)o\x02 \\\xf8\xf1\xf2E\xfc\xf6A\xb7\xc6\xbc$\xc4\xdbD\xf3\x96\xe1S\xda\x069\xa3r\x87\x9eK\xbd\xf4O\xb1a")
(4, b"0E\x02!\x00\x83\xfc\xebp\x1f\x0eex\x93\x05D\x18\x8e*'\xbf5\x8b\xbd\xf1i\xff\x7f\xdd\x1e\xff\x8elbJ)o\x02 \\\xf8\xf1\xf2E\xfc\xf6A\xb7\xc6\xbc$\xc4\xdbD\xf3\x96\xe1S\xda\x069\xa3r\x87\x9eK\xbd\xf4O\xb1a")
(1, b'0E\x02!\x00\xb7~\x00\xffN\xcb\xf5.\xa2\x15\x9bVr\x16\xcdnr\xf2R?Q#\xe8w%\x93\xb0c\xd7\xd7\x95\x16\x02 \x03\x97\xbb\xaa\x08,A\x8a\xa4\x0e\xc6\x14@\x1eO.\xfdy\x17\x91\xa4\x07V \xf7+^\x12\x13~.\x91')
(1, b'0E\x02!\x00\xb7~\x00\xffN\xcb\xf5.\xa2\x15\x9bVr\x16\xcdnr\xf2R?Q#\xe8w%\x93\xb0c\xd7\xd7\x95\x16\x02 \x03\x97\xbb\xaa\x08,A\x8a\xa4\x0e\xc6\x14@\x1eO.\xfdy\x17\x91\xa4\x07V \xf7+^\x12\x13~.\x91')
(4, b"0E\x02!\x00\x83\xfc\xebp\x1f\x0eex\x93\x05D\x18\x8e*'\xbf5\x8b\xbd\xf1i\xff\x7f\xdd\x1e\xff\x8elbJ)o\x02 \\\xf8\xf1\xf2E\xfc\xf6A\xb7\xc6\xbc$\xc4\xdbD\xf3\x96\xe1S\xda\x069\xa3r\x87\x9eK\xbd\xf4O\xb1a")
(4, b"0E\x02!\x00\x83\xfc\xebp\x1f\x0eex\x93\x05D\x18\x8e*'\xbf5\x8b\xbd\xf1i\xff\x7f\xdd\x1e\xff\x8elbJ)o\x02 \\\xf8\xf1\xf2E\xfc\xf6A\xb7\xc6\xbc$\xc4\xdbD\xf3\x96\xe1S\xda\x069\xa3r\x87\x9eK\xbd\xf4O\xb1a")
(1, b'0E\x02!\x00\xb7~\x00\xffN\xcb\xf5.\xa2\x15\x9bVr\x16\xcdnr\xf2R?Q#\xe8w%\x93\xb0c\xd7\xd7\x95\x16\x02 \x03\x97\xbb\xaa\x08,A\x8a\xa4\x0e\xc6\x14@\x1eO.\xfdy\x17\x91\xa4\x07V \xf7+^\x12\x13~.\x91')
(1, b'0E\x02!\x00\xb7~\x00\xffN\xcb\xf5.\xa2\x15\x9bVr\x16\xcdnr\xf2R?Q#\xe8w%\x93\xb0c\xd7\xd7\x95\x16\x02 \x03\x97\xbb\xaa\x08,A\x8a\xa4\x0e\xc6\x14@\x1eO.\xfdy\x17\x91\xa4\x07V \xf7+^\x12\x13~.\x91')
(4, b"0E\x02!\x00\x83\xfc\xebp\x1f\x0eex\x93\x05D\x18\x8e*'\xbf5\x8b\xbd\xf1i\xff\x7f\xdd\x1e\xff\x8elbJ)o\x02 \\\xf8\xf1\xf2E\xfc\xf6A\xb7\xc6\xbc$\xc4\xdbD\xf3\x96\xe1S\xda\x069\xa3r\x87\x9eK\xbd\xf4O\xb1a")
(4, b"0E\x02!\x00\x83\xfc\xebp\x1f\x0eex\x93\x05D\x18\x8e*'\xbf5\x8b\xbd\xf1i\xff\x7f\xdd\x1e\xff\x8elbJ)o\x02 \\\xf8\xf1\xf2E\xfc\xf6A\xb7\xc6\xbc$\xc4\xdbD\xf3\x96\xe1S\xda\x069\xa3r\x87\x9eK\xbd\xf4O\xb1a")
(1, b'0E\x02!\x00\xb7~\x00\xffN\xcb\xf5.\xa2\x15\x9bVr\x16\xcdnr\xf2R?Q#\xe8w%\x93\xb0c\xd7\xd7\x95\x16\x02 \x03\x97\xbb\xaa\x08,A\x8a\xa4\x0e\xc6\x14@\x1eO.\xfdy\x17\x91\xa4\x07V \xf7+^\x12\x13~.\x91')
(1, b'0E\x02!\x00\xb7~\x00\xffN\xcb\xf5.\xa2\x15\x9bVr\x16\xcdnr\xf2R?Q#\xe8w%\x93\xb0c\xd7\xd7\x95\x16\x02 \x03\x97\xbb\xaa\x08,A\x8a\xa4\x0e\xc6\x14@\x1eO.\xfdy\x17\x91\xa4\x07V \xf7+^\x12\x13~.\x91')
(4, b"0E\x02!\x00\x83\xfc\xebp\x1f\x0eex\x93\x05D\x18\x8e*'\xbf5\x8b\xbd\xf1i\xff\x7f\xdd\x1e\xff\x8elbJ)o\x02 \\\xf8\xf1\xf2E\xfc\xf6A\xb7\xc6\xbc$\xc4\xdbD\xf3\x96\xe1S\xda\x069\xa3r\x87\x9eK\xbd\xf4O\xb1a")
(4, b"0E\x02!\x00\x83\xfc\xebp\x1f\x0eex\x93\x05D\x18\x8e*'\xbf5\x8b\xbd\xf1i\xff\x7f\xdd\x1e\xff\x8elbJ)o\x02 \\\xf8\xf1\xf2E\xfc\xf6A\xb7\xc6\xbc$\xc4\xdbD\xf3\x96\xe1S\xda\x069\xa3r\x87\x9eK\xbd\xf4O\xb1a")
(1, b'0E\x02!\x00\xb7~\x00\xffN\xcb\xf5.\xa2\x15\x9bVr\x16\xcdnr\xf2R?Q#\xe8w%\x93\xb0c\xd7\xd7\x95\x16\x02 \x03\x97\xbb\xaa\x08,A\x8a\xa4\x0e\xc6\x14@\x1eO.\xfdy\x17\x91\xa4\x07V \xf7+^\x12\x13~.\x91')
(1, b'0E\x02!\x00\xb7~\x00\xffN\xcb\xf5.\xa2\x15\x9bVr\x16\xcdnr\xf2R?Q#\xe8w%\x93\xb0c\xd7\xd7\x95\x16\x02 \x03\x97\xbb\xaa\x08,A\x8a\xa4\x0e\xc6\x14@\x1eO.\xfdy\x17\x91\xa4\x07V \xf7+^\x12\x13~.\x91')
(4, b"0E\x02!\x00\x83\xfc\xebp\x1f\x0eex\x93\x05D\x18\x8e*'\xbf5\x8b\xbd\xf1i\xff\x7f\xdd\x1e\xff\x8elbJ)o\x02 \\\xf8\xf1\xf2E\xfc\xf6A\xb7\xc6\xbc$\xc4\xdbD\xf3\x96\xe1S\xda\x069\xa3r\x87\x9eK\xbd\xf4O\xb1a")
(4, b"0E\x02!\x00\x83\xfc\xebp\x1f\x0eex\x93\x05D\x18\x8e*'\xbf5\x8b\xbd\xf1i\xff\x7f\xdd\x1e\xff\x8elbJ)o\x02 \\\xf8\xf1\xf2E\xfc\xf6A\xb7\xc6\xbc$\xc4\xdbD\xf3\x96\xe1S\xda\x069\xa3r\x87\x9eK\xbd\xf4O\xb1a")
(1, b'0E\x02!\x00\xb7~\x00\xffN\xcb\xf5.\xa2\x15\x9bVr\x16\xcdnr\xf2R?Q#\xe8w%\x93\xb0c\xd7\xd7\x95\x16\x02 \x03\x97\xbb\xaa\x08,A\x8a\xa4\x0e\xc6\x14@\x1eO.\xfdy\x17\x91\xa4\x07V \xf7+^\x12\x13~.\x91')
(1, b'0E\x02!\x00\xb7~\x00\xffN\xcb\xf5.\xa2\x15\x9bVr\x16\xcdnr\xf2R?Q#\xe8w%\x93\xb0c\xd7\xd7\x95\x16\x02 \x03\x97\xbb\xaa\x08,A\x8a\xa4\x0e\xc6\x14@\x1eO.\xfdy\x17\x91\xa4\x07V \xf7+^\x12\x13~.\x91')
(4, b"0E\x02!\x00\x83\xfc\xebp\x1f\x0eex\x93\x05D\x18\x8e*'\xbf5\x8b\xbd\xf1i\xff\x7f\xdd\x1e\xff\x8elbJ)o\x02 \\\xf8\xf1\xf2E\xfc\xf6A\xb7\xc6\xbc$\xc4\xdbD\xf3\x96\xe1S\xda\x069\xa3r\x87\x9eK\xbd\xf4O\xb1a")
(4, b"0E\x02!\x00\x83\xfc\xebp\x1f\x0eex\x93\x05D\x18\x8e*'\xbf5\x8b\xbd\xf1i\xff\x7f\xdd\x1e\xff\x8elbJ)o\x02 \\\xf8\xf1\xf2E\xfc\xf6A\xb7\xc6\xbc$\xc4\xdbD\xf3\x96\xe1S\xda\x069\xa3r\x87\x9eK\xbd\xf4O\xb1a")
(1, b'0E\x02!\x00\xb7~\x00\xffN\xcb\xf5.\xa2\x15\x9bVr\x16\xcdnr\xf2R?Q#\xe8w%\x93\xb0c\xd7\xd7\x95\x16\x02 \x03\x97\xbb\xaa\x08,A\x8a\xa4\x0e\xc6\x14@\x1eO.\xfdy\x17\x91\xa4\x07V \xf7+^\x12\x13~.\x91')
(1, b'0E\x02!\x00\xb7~\x00\xffN\xcb\xf5.\xa2\x15\x9bVr\x16\xcdnr\xf2R?Q#\xe8w%\x93\xb0c\xd7\xd7\x95\x16\x02 \x03\x97\xbb\xaa\x08,A\x8a\xa4\x0e\xc6\x14@\x1eO.\xfdy\x17\x91\xa4\x07V \xf7+^\x12\x13~.\x91')
(4, b"0E\x02!\x00\x83\xfc\xebp\x1f\x0eex\x93\x05D\x18\x8e*'\xbf5\x8b\xbd\xf1i\xff\x7f\xdd\x1e\xff\x8elbJ)o\x02 \\\xf8\xf1\xf2E\xfc\xf6A\xb7\xc6\xbc$\xc4\xdbD\xf3\x96\xe1S\xda\x069\xa3r\x87\x9eK\xbd\xf4O\xb1a")
(4, b"0E\x02!\x00\x83\xfc\xebp\x1f\x0eex\x93\x05D\x18\x8e*'\xbf5\x8b\xbd\xf1i\xff\x7f\xdd\x1e\xff\x8elbJ)o\x02 \\\xf8\xf1\xf2E\xfc\xf6A\xb7\xc6\xbc$\xc4\xdbD\xf3\x96\xe1S\xda\x069\xa3r\x87\x9eK\xbd\xf4O\xb1a")
(1, b'0E\x02!\x00\xb7~\x00\xffN\xcb\xf5.\xa2\x15\x9bVr\x16\xcdnr\xf2R?Q#\xe8w%\x93\xb0c\xd7\xd7\x95\x16\x02 \x03\x97\xbb\xaa\x08,A\x8a\xa4\x0e\xc6\x14@\x1eO.\xfdy\x17\x91\xa4\x07V \xf7+^\x12\x13~.\x91')
(1, b'0E\x02!\x00\xb7~\x00\xffN\xcb\xf5.\xa2\x15\x9bVr\x16\xcdnr\xf2R?Q#\xe8w%\x93\xb0c\xd7\xd7\x95\x16\x02 \x03\x97\xbb\xaa\x08,A\x8a\xa4\x0e\xc6\x14@\x1eO.\xfdy\x17\x91\xa4\x07V \xf7+^\x12\x13~.\x91')
(4, b"0E\x02!\x00\x83\xfc\xebp\x1f\x0eex\x93\x05D\x18\x8e*'\xbf5\x8b\xbd\xf1i\xff\x7f\xdd\x1e\xff\x8elbJ)o\x02 \\\xf8\xf1\xf2E\xfc\xf6A\xb7\xc6\xbc$\xc4\xdbD\xf3\x96\xe1S\xda\x069\xa3r\x87\x9eK\xbd\xf4O\xb1a")
(4, b"0E\x02!\x00\x83\xfc\xebp\x1f\x0eex\x93\x05D\x18\x8e*'\xbf5\x8b\xbd\xf1i\xff\x7f\xdd\x1e\xff\x8elbJ)o\x02 \\\xf8\xf1\xf2E\xfc\xf6A\xb7\xc6\xbc$\xc4\xdbD\xf3\x96\xe1S\xda\x069\xa3r\x87\x9eK\xbd\xf4O\xb1a")
(1, b'0E\x02!\x00\xb7~\x00\xffN\xcb\xf5.\xa2\x15\x9bVr\x16\xcdnr\xf2R?Q#\xe8w%\x93\xb0c\xd7\xd7\x95\x16\x02 \x03\x97\xbb\xaa\x08,A\x8a\xa4\x0e\xc6\x14@\x1eO.\xfdy\x17\x91\xa4\x07V \xf7+^\x12\x13~.\x91')
(1, b'0E\x02!\x00\xb7~\x00\xffN\xcb\xf5.\xa2\x15\x9bVr\x16\xcdnr\xf2R?Q#\xe8w%\x93\xb0c\xd7\xd7\x95\x16\x02 \x03\x97\xbb\xaa\x08,A\x8a\xa4\x0e\xc6\x14@\x1eO.\xfdy\x17\x91\xa4\x07V \xf7+^\x12\x13~.\x91')
(4, b"0E\x02!\x00\x83\xfc\xebp\x1f\x0eex\x93\x05D\x18\x8e*'\xbf5\x8b\xbd\xf1i\xff\x7f\xdd\x1e\xff\x8elbJ)o\x02 \\\xf8\xf1\xf2E\xfc\xf6A\xb7\xc6\xbc$\xc4\xdbD\xf3\x96\xe1S\xda\x069\xa3r\x87\x9eK\xbd\xf4O\xb1a")
1 config verify passed!!!!
Node 1 read a proofchain using 0.007367 sec
1 start to run round 18 C: [0, 1, 2, 3, 4, 5, 6] N: 7
old [0, 1, 2, 3, 4, 5, 6]
new [0, 1, 2, 3, 4, 5, 6]
run round 18 adkr round taking 0.986927 sec
pc size for round 18 is 81352
(1, b'0E\x02!\x00\xb7~\x00\xffN\xcb\xf5.\xa2\x15\x9bVr\x16\xcdnr\xf2R?Q#\xe8w%\x93\xb0c\xd7\xd7\x95\x16\x02 \x03\x97\xbb\xaa\x08,A\x8a\xa4\x0e\xc6\x14@\x1eO.\xfdy\x17\x91\xa4\x07V \xf7+^\x12\x13~.\x91')
(4, b"0E\x02!\x00\x83\xfc\xebp\x1f\x0eex\x93\x05D\x18\x8e*'\xbf5\x8b\xbd\xf1i\xff\x7f\xdd\x1e\xff\x8elbJ)o\x02 \\\xf8\xf1\xf2E\xfc\xf6A\xb7\xc6\xbc$\xc4\xdbD\xf3\x96\xe1S\xda\x069\xa3r\x87\x9eK\xbd\xf4O\xb1a")
(4, b"0E\x02!\x00\x83\xfc\xebp\x1f\x0eex\x93\x05D\x18\x8e*'\xbf5\x8b\xbd\xf1i\xff\x7f\xdd\x1e\xff\x8elbJ)o\x02 \\\xf8\xf1\xf2E\xfc\xf6A\xb7\xc6\xbc$\xc4\xdbD\xf3\x96\xe1S\xda\x069\xa3r\x87\x9eK\xbd\xf4O\xb1a")
(1, b'0E\x02!\x00\xb7~\x00\xffN\xcb\xf5.\xa2\x15\x9bVr\x16\xcdnr\xf2R?Q#\xe8w%\x93\xb0c\xd7\xd7\x95\x16\x02 \x03\x97\xbb\xaa\x08,A\x8a\xa4\x0e\xc6\x14@\x1eO.\xfdy\x17\x91\xa4\x07V \xf7+^\x12\x13~.\x91')
(1, b'0E\x02!\x00\xb7~\x00\xffN\xcb\xf5.\xa2\x15\x9bVr\x16\xcdnr\xf2R?Q#\xe8w%\x93\xb0c\xd7\xd7\x95\x16\x02 \x03\x97\xbb\xaa\x08,A\x8a\xa4\x0e\xc6\x14@\x1eO.\xfdy\x17\x91\xa4\x07V \xf7+^\x12\x13~.\x91')
(4, b"0E\x02!\x00\x83\xfc\xebp\x1f\x0eex\x93\x05D\x18\x8e*'\xbf5\x8b\xbd\xf1i\xff\x7f\xdd\x1e\xff\x8elbJ)o\x02 \\\xf8\xf1\xf2E\xfc\xf6A\xb7\xc6\xbc$\xc4\xdbD\xf3\x96\xe1S\xda\x069\xa3r\x87\x9eK\xbd\xf4O\xb1a")
(4, b"0E\x02!\x00\x83\xfc\xebp\x1f\x0eex\x93\x05D\x18\x8e*'\xbf5\x8b\xbd\xf1i\xff\x7f\xdd\x1e\xff\x8elbJ)o\x02 \\\xf8\xf1\xf2E\xfc\xf6A\xb7\xc6\xbc$\xc4\xdbD\xf3\x96\xe1S\xda\x069\xa3r\x87\x9eK\xbd\xf4O\xb1a")
(1, b'0E\x02!\x00\xb7~\x00\xffN\xcb\xf5.\xa2\x15\x9bVr\x16\xcdnr\xf2R?Q#\xe8w%\x93\xb0c\xd7\xd7\x95\x16\x02 \x03\x97\xbb\xaa\x08,A\x8a\xa4\x0e\xc6\x14@\x1eO.\xfdy\x17\x91\xa4\x07V \xf7+^\x12\x13~.\x91')
(1, b'0E\x02!\x00\xb7~\x00\xffN\xcb\xf5.\xa2\x15\x9bVr\x16\xcdnr\xf2R?Q#\xe8w%\x93\xb0c\xd7\xd7\x95\x16\x02 \x03\x97\xbb\xaa\x08,A\x8a\xa4\x0e\xc6\x14@\x1eO.\xfdy\x17\x91\xa4\x07V \xf7+^\x12\x13~.\x91')
(4, b"0E\x02!\x00\x83\xfc\xebp\x1f\x0eex\x93\x05D\x18\x8e*'\xbf5\x8b\xbd\xf1i\xff\x7f\xdd\x1e\xff\x8elbJ)o\x02 \\\xf8\xf1\xf2E\xfc\xf6A\xb7\xc6\xbc$\xc4\xdbD\xf3\x96\xe1S\xda\x069\xa3r\x87\x9eK\xbd\xf4O\xb1a")
(4, b"0E\x02!\x00\x83\xfc\xebp\x1f\x0eex\x93\x05D\x18\x8e*'\xbf5\x8b\xbd\xf1i\xff\x7f\xdd\x1e\xff\x8elbJ)o\x02 \\\xf8\xf1\xf2E\xfc\xf6A\xb7\xc6\xbc$\xc4\xdbD\xf3\x96\xe1S\xda\x069\xa3r\x87\x9eK\xbd\xf4O\xb1a")
(1, b'0E\x02!\x00\xb7~\x00\xffN\xcb\xf5.\xa2\x15\x9bVr\x16\xcdnr\xf2R?Q#\xe8w%\x93\xb0c\xd7\xd7\x95\x16\x02 \x03\x97\xbb\xaa\x08,A\x8a\xa4\x0e\xc6\x14@\x1eO.\xfdy\x17\x91\xa4\x07V \xf7+^\x12\x13~.\x91')
(1, b'0E\x02!\x00\xb7~\x00\xffN\xcb\xf5.\xa2\x15\x9bVr\x16\xcdnr\xf2R?Q#\xe8w%\x93\xb0c\xd7\xd7\x95\x16\x02 \x03\x97\xbb\xaa\x08,A\x8a\xa4\x0e\xc6\x14@\x1eO.\xfdy\x17\x91\xa4\x07V \xf7+^\x12\x13~.\x91')
(4, b"0E\x02!\x00\x83\xfc\xebp\x1f\x0eex\x93\x05D\x18\x8e*'\xbf5\x8b\xbd\xf1i\xff\x7f\xdd\x1e\xff\x8elbJ)o\x02 \\\xf8\xf1\xf2E\xfc\xf6A\xb7\xc6\xbc$\xc4\xdbD\xf3\x96\xe1S\xda\x069\xa3r\x87\x9eK\xbd\xf4O\xb1a")
(4, b"0E\x02!\x00\x83\xfc\xebp\x1f\x0eex\x93\x05D\x18\x8e*'\xbf5\x8b\xbd\xf1i\xff\x7f\xdd\x1e\xff\x8elbJ)o\x02 \\\xf8\xf1\xf2E\xfc\xf6A\xb7\xc6\xbc$\xc4\xdbD\xf3\x96\xe1S\xda\x069\xa3r\x87\x9eK\xbd\xf4O\xb1a")
(1, b'0E\x02!\x00\xb7~\x00\xffN\xcb\xf5.\xa2\x15\x9bVr\x16\xcdnr\xf2R?Q#\xe8w%\x93\xb0c\xd7\xd7\x95\x16\x02 \x03\x97\xbb\xaa\x08,A\x8a\xa4\x0e\xc6\x14@\x1eO.\xfdy\x17\x91\xa4\x07V \xf7+^\x12\x13~.\x91')
(1, b'0E\x02!\x00\xb7~\x00\xffN\xcb\xf5.\xa2\x15\x9bVr\x16\xcdnr\xf2R?Q#\xe8w%\x93\xb0c\xd7\xd7\x95\x16\x02 \x03\x97\xbb\xaa\x08,A\x8a\xa4\x0e\xc6\x14@\x1eO.\xfdy\x17\x91\xa4\x07V \xf7+^\x12\x13~.\x91')
(4, b"0E\x02!\x00\x83\xfc\xebp\x1f\x0eex\x93\x05D\x18\x8e*'\xbf5\x8b\xbd\xf1i\xff\x7f\xdd\x1e\xff\x8elbJ)o\x02 \\\xf8\xf1\xf2E\xfc\xf6A\xb7\xc6\xbc$\xc4\xdbD\xf3\x96\xe1S\xda\x069\xa3r\x87\x9eK\xbd\xf4O\xb1a")
(4, b"0E\x02!\x00\x83\xfc\xebp\x1f\x0eex\x93\x05D\x18\x8e*'\xbf5\x8b\xbd\xf1i\xff\x7f\xdd\x1e\xff\x8elbJ)o\x02 \\\xf8\xf1\xf2E\xfc\xf6A\xb7\xc6\xbc$\xc4\xdbD\xf3\x96\xe1S\xda\x069\xa3r\x87\x9eK\xbd\xf4O\xb1a")
(1, b'0E\x02!\x00\xb7~\x00\xffN\xcb\xf5.\xa2\x15\x9bVr\x16\xcdnr\xf2R?Q#\xe8w%\x93\xb0c\xd7\xd7\x95\x16\x02 \x03\x97\xbb\xaa\x08,A\x8a\xa4\x0e\xc6\x14@\x1eO.\xfdy\x17\x91\xa4\x07V \xf7+^\x12\x13~.\x91')
(1, b'0E\x02!\x00\xb7~\x00\xffN\xcb\xf5.\xa2\x15\x9bVr\x16\xcdnr\xf2R?Q#\xe8w%\x93\xb0c\xd7\xd7\x95\x16\x02 \x03\x97\xbb\xaa\x08,A\x8a\xa4\x0e\xc6\x14@\x1eO.\xfdy\x17\x91\xa4\x07V \xf7+^\x12\x13~.\x91')
(4, b"0E\x02!\x00\x83\xfc\xebp\x1f\x0eex\x93\x05D\x18\x8e*'\xbf5\x8b\xbd\xf1i\xff\x7f\xdd\x1e\xff\x8elbJ)o\x02 \\\xf8\xf1\xf2E\xfc\xf6A\xb7\xc6\xbc$\xc4\xdbD\xf3\x96\xe1S\xda\x069\xa3r\x87\x9eK\xbd\xf4O\xb1a")
(4, b"0E\x02!\x00\x83\xfc\xebp\x1f\x0eex\x93\x05D\x18\x8e*'\xbf5\x8b\xbd\xf1i\xff\x7f\xdd\x1e\xff\x8elbJ)o\x02 \\\xf8\xf1\xf2E\xfc\xf6A\xb7\xc6\xbc$\xc4\xdbD\xf3\x96\xe1S\xda\x069\xa3r\x87\x9eK\xbd\xf4O\xb1a")
(1, b'0E\x02!\x00\xb7~\x00\xffN\xcb\xf5.\xa2\x15\x9bVr\x16\xcdnr\xf2R?Q#\xe8w%\x93\xb0c\xd7\xd7\x95\x16\x02 \x03\x97\xbb\xaa\x08,A\x8a\xa4\x0e\xc6\x14@\x1eO.\xfdy\x17\x91\xa4\x07V \xf7+^\x12\x13~.\x91')
(1, b'0E\x02!\x00\xb7~\x00\xffN\xcb\xf5.\xa2\x15\x9bVr\x16\xcdnr\xf2R?Q#\xe8w%\x93\xb0c\xd7\xd7\x95\x16\x02 \x03\x97\xbb\xaa\x08,A\x8a\xa4\x0e\xc6\x14@\x1eO.\xfdy\x17\x91\xa4\x07V \xf7+^\x12\x13~.\x91')
(4, b"0E\x02!\x00\x83\xfc\xebp\x1f\x0eex\x93\x05D\x18\x8e*'\xbf5\x8b\xbd\xf1i\xff\x7f\xdd\x1e\xff\x8elbJ)o\x02 \\\xf8\xf1\xf2E\xfc\xf6A\xb7\xc6\xbc$\xc4\xdbD\xf3\x96\xe1S\xda\x069\xa3r\x87\x9eK\xbd\xf4O\xb1a")
(4, b"0E\x02!\x00\x83\xfc\xebp\x1f\x0eex\x93\x05D\x18\x8e*'\xbf5\x8b\xbd\xf1i\xff\x7f\xdd\x1e\xff\x8elbJ)o\x02 \\\xf8\xf1\xf2E\xfc\xf6A\xb7\xc6\xbc$\xc4\xdbD\xf3\x96\xe1S\xda\x069\xa3r\x87\x9eK\xbd\xf4O\xb1a")
(1, b'0E\x02!\x00\xb7~\x00\xffN\xcb\xf5.\xa2\x15\x9bVr\x16\xcdnr\xf2R?Q#\xe8w%\x93\xb0c\xd7\xd7\x95\x16\x02 \x03\x97\xbb\xaa\x08,A\x8a\xa4\x0e\xc6\x14@\x1eO.\xfdy\x17\x91\xa4\x07V \xf7+^\x12\x13~.\x91')
(1, b'0E\x02!\x00\xb7~\x00\xffN\xcb\xf5.\xa2\x15\x9bVr\x16\xcdnr\xf2R?Q#\xe8w%\x93\xb0c\xd7\xd7\x95\x16\x02 \x03\x97\xbb\xaa\x08,A\x8a\xa4\x0e\xc6\x14@\x1eO.\xfdy\x17\x91\xa4\x07V \xf7+^\x12\x13~.\x91')
(4, b"0E\x02!\x00\x83\xfc\xebp\x1f\x0eex\x93\x05D\x18\x8e*'\xbf5\x8b\xbd\xf1i\xff\x7f\xdd\x1e\xff\x8elbJ)o\x02 \\\xf8\xf1\xf2E\xfc\xf6A\xb7\xc6\xbc$\xc4\xdbD\xf3\x96\xe1S\xda\x069\xa3r\x87\x9eK\xbd\xf4O\xb1a")
(4, b"0E\x02!\x00\x83\xfc\xebp\x1f\x0eex\x93\x05D\x18\x8e*'\xbf5\x8b\xbd\xf1i\xff\x7f\xdd\x1e\xff\x8elbJ)o\x02 \\\xf8\xf1\xf2E\xfc\xf6A\xb7\xc6\xbc$\xc4\xdbD\xf3\x96\xe1S\xda\x069\xa3r\x87\x9eK\xbd\xf4O\xb1a")
(1, b'0E\x02!\x00\xb7~\x00\xffN\xcb\xf5.\xa2\x15\x9bVr\x16\xcdnr\xf2R?Q#\xe8w%\x93\xb0c\xd7\xd7\x95\x16\x02 \x03\x97\xbb\xaa\x08,A\x8a\xa4\x0e\xc6\x14@\x1eO.\xfdy\x17\x91\xa4\x07V \xf7+^\x12\x13~.\x91')
(1, b'0E\x02!\x00\xb7~\x00\xffN\xcb\xf5.\xa2\x15\x9bVr\x16\xcdnr\xf2R?Q#\xe8w%\x93\xb0c\xd7\xd7\x95\x16\x02 \x03\x97\xbb\xaa\x08,A\x8a\xa4\x0e\xc6\x14@\x1eO.\xfdy\x17\x91\xa4\x07V \xf7+^\x12\x13~.\x91')
(4, b"0E\x02!\x00\x83\xfc\xebp\x1f\x0eex\x93\x05D\x18\x8e*'\xbf5\x8b\xbd\xf1i\xff\x7f\xdd\x1e\xff\x8elbJ)o\x02 \\\xf8\xf1\xf2E\xfc\xf6A\xb7\xc6\xbc$\xc4\xdbD\xf3\x96\xe1S\xda\x069\xa3r\x87\x9eK\xbd\xf4O\xb1a")
(4, b"0E\x02!\x00\x83\xfc\xebp\x1f\x0eex\x93\x05D\x18\x8e*'\xbf5\x8b\xbd\xf1i\xff\x7f\xdd\x1e\xff\x8elbJ)o\x02 \\\xf8\xf1\xf2E\xfc\xf6A\xb7\xc6\xbc$\xc4\xdbD\xf3\x96\xe1S\xda\x069\xa3r\x87\x9eK\xbd\xf4O\xb1a")
(1, b'0E\x02!\x00\xb7~\x00\xffN\xcb\xf5.\xa2\x15\x9bVr\x16\xcdnr\xf2R?Q#\xe8w%\x93\xb0c\xd7\xd7\x95\x16\x02 \x03\x97\xbb\xaa\x08,A\x8a\xa4\x0e\xc6\x14@\x1eO.\xfdy\x17\x91\xa4\x07V \xf7+^\x12\x13~.\x91')
(1, b'0E\x02!\x00\xb7~\x00\xffN\xcb\xf5.\xa2\x15\x9bVr\x16\xcdnr\xf2R?Q#\xe8w%\x93\xb0c\xd7\xd7\x95\x16\x02 \x03\x97\xbb\xaa\x08,A\x8a\xa4\x0e\xc6\x14@\x1eO.\xfdy\x17\x91\xa4\x07V \xf7+^\x12\x13~.\x91')
(4, b"0E\x02!\x00\x83\xfc\xebp\x1f\x0eex\x93\x05D\x18\x8e*'\xbf5\x8b\xbd\xf1i\xff\x7f\xdd\x1e\xff\x8elbJ)o\x02 \\\xf8\xf1\xf2E\xfc\xf6A\xb7\xc6\xbc$\xc4\xdbD\xf3\x96\xe1S\xda\x069\xa3r\x87\x9eK\xbd\xf4O\xb1a")
1 config verify passed!!!!
Node 1 read a proofchain using 0.007624 sec
1 start to run round 19 C: [0, 1, 2, 3, 4, 5, 6] N: 7
old [0, 1, 2, 3, 4, 5, 6]
new [0, 1, 2, 3, 4, 5, 6]
run round 19 adkr round taking 0.994121 sec
pc size for round 19 is 85612
(4, b"0E\x02!\x00\x83\xfc\xebp\x1f\x0eex\x93\x05D\x18\x8e*'\xbf5\x8b\xbd\xf1i\xff\x7f\xdd\x1e\xff\x8elbJ)o\x02 \\\xf8\xf1\xf2E\xfc\xf6A\xb7\xc6\xbc$\xc4\xdbD\xf3\x96\xe1S\xda\x069\xa3r\x87\x9eK\xbd\xf4O\xb1a")
(1, b'0E\x02!\x00\xb7~\x00\xffN\xcb\xf5.\xa2\x15\x9bVr\x16\xcdnr\xf2R?Q#\xe8w%\x93\xb0c\xd7\xd7\x95\x16\x02 \x03\x97\xbb\xaa\x08,A\x8a\xa4\x0e\xc6\x14@\x1eO.\xfdy\x17\x91\xa4\x07V \xf7+^\x12\x13~.\x91')
(1, b'0E\x02!\x00\xb7~\x00\xffN\xcb\xf5.\xa2\x15\x9bVr\x16\xcdnr\xf2R?Q#\xe8w%\x93\xb0c\xd7\xd7\x95\x16\x02 \x03\x97\xbb\xaa\x08,A\x8a\xa4\x0e\xc6\x14@\x1eO.\xfdy\x17\x91\xa4\x07V \xf7+^\x12\x13~.\x91')
(4, b"0E\x02!\x00\x83\xfc\xebp\x1f\x0eex\x93\x05D\x18\x8e*'\xbf5\x8b\xbd\xf1i\xff\x7f\xdd\x1e\xff\x8elbJ)o\x02 \\\xf8\xf1\xf2E\xfc\xf6A\xb7\xc6\xbc$\xc4\xdbD\xf3\x96\xe1S\xda\x069\xa3r\x87\x9eK\xbd\xf4O\xb1a")
(4, b"0E\x02!\x00\x83\xfc\xebp\x1f\x0eex\x93\x05D\x18\x8e*'\xbf5\x8b\xbd\xf1i\xff\x7f\xdd\x1e\xff\x8elbJ)o\x02 \\\xf8\xf1\xf2E\xfc\xf6A\xb7\xc6\xbc$\xc4\xdbD\xf3\x96\xe1S\xda\x069\xa3r\x87\x9eK\xbd\xf4O\xb1a")
(1, b'0E\x02!\x00\xb7~\x00\xffN\xcb\xf5.\xa2\x15\x9bVr\x16\xcdnr\xf2R?Q#\xe8w%\x93\xb0c\xd7\xd7\x95\x16\x02 \x03\x97\xbb\xaa\x08,A\x8a\xa4\x0e\xc6\x14@\x1eO.\xfdy\x17\x91\xa4\x07V \xf7+^\x12\x13~.\x91')
(1, b'0E\x02!\x00\xb7~\x00\xffN\xcb\xf5.\xa2\x15\x9bVr\x16\xcdnr\xf2R?Q#\xe8w%\x93\xb0c\xd7\xd7\x95\x16\x02 \x03\x97\xbb\xaa\x08,A\x8a\xa4\x0e\xc6\x14@\x1eO.\xfdy\x17\x91\xa4\x07V \xf7+^\x12\x13~.\x91')
(4, b"0E\x02!\x00\x83\xfc\xebp\x1f\x0eex\x93\x05D\x18\x8e*'\xbf5\x8b\xbd\xf1i\xff\x7f\xdd\x1e\xff\x8elbJ)o\x02 \\\xf8\xf1\xf2E\xfc\xf6A\xb7\xc6\xbc$\xc4\xdbD\xf3\x96\xe1S\xda\x069\xa3r\x87\x9eK\xbd\xf4O\xb1a")
(4, b"0E\x02!\x00\x83\xfc\xebp\x1f\x0eex\x93\x05D\x18\x8e*'\xbf5\x8b\xbd\xf1i\xff\x7f\xdd\x1e\xff\x8elbJ)o\x02 \\\xf8\xf1\xf2E\xfc\xf6A\xb7\xc6\xbc$\xc4\xdbD\xf3\x96\xe1S\xda\x069\xa3r\x87\x9eK\xbd\xf4O\xb1a")
(1, b'0E\x02!\x00\xb7~\x00\xffN\xcb\xf5.\xa2\x15\x9bVr\x16\xcdnr\xf2R?Q#\xe8w%\x93\xb0c\xd7\xd7\x95\x16\x02 \x03\x97\xbb\xaa\x08,A\x8a\xa4\x0e\xc6\x14@\x1eO.\xfdy\x17\x91\xa4\x07V \xf7+^\x12\x13~.\x91')
(1, b'0E\x02!\x00\xb7~\x00\xffN\xcb\xf5.\xa2\x15\x9bVr\x16\xcdnr\xf2R?Q#\xe8w%\x93\xb0c\xd7\xd7\x95\x16\x02 \x03\x97\xbb\xaa\x08,A\x8a\xa4\x0e\xc6\x14@\x1eO.\xfdy\x17\x91\xa4\x07V \xf7+^\x12\x13~.\x91')
(4, b"0E\x02!\x00\x83\xfc\xebp\x1f\x0eex\x93\x05D\x18\x8e*'\xbf5\x8b\xbd\xf1i\xff\x7f\xdd\x1e\xff\x8elbJ)o\x02 \\\xf8\xf1\xf2E\xfc\xf6A\xb7\xc6\xbc$\xc4\xdbD\xf3\x96\xe1S\xda\x069\xa3r\x87\x9eK\xbd\xf4O\xb1a")
(4, b"0E\x02!\x00\x83\xfc\xebp\x1f\x0eex\x93\x05D\x18\x8e*'\xbf5\x8b\xbd\xf1i\xff\x7f\xdd\x1e\xff\x8elbJ)o\x02 \\\xf8\xf1\xf2E\xfc\xf6A\xb7\xc6\xbc$\xc4\xdbD\xf3\x96\xe1S\xda\x069\xa3r\x87\x9eK\xbd\xf4O\xb1a")
(1, b'0E\x02!\x00\xb7~\x00\xffN\xcb\xf5.\xa2\x15\x9bVr\x16\xcdnr\xf2R?Q#\xe8w%\x93\xb0c\xd7\xd7\x95\x16\x02 \x03\x97\xbb\xaa\x08,A\x8a\xa4\x0e\xc6\x14@\x1eO.\xfdy\x17\x91\xa4\x07V \xf7+^\x12\x13~.\x91')
(1, b'0E\x02!\x00\xb7~\x00\xffN\xcb\xf5.\xa2\x15\x9bVr\x16\xcdnr\xf2R?Q#\xe8w%\x93\xb0c\xd7\xd7\x95\x16\x02 \x03\x97\xbb\xaa\x08,A\x8a\xa4\x0e\xc6\x14@\x1eO.\xfdy\x17\x91\xa4\x07V \xf7+^\x12\x13~.\x91')
(4, b"0E\x02!\x00\x83\xfc\xebp\x1f\x0eex\x93\x05D\x18\x8e*'\xbf5\x8b\xbd\xf1i\xff\x7f\xdd\x1e\xff\x8elbJ)o\x02 \\\xf8\xf1\xf2E\xfc\xf6A\xb7\xc6\xbc$\xc4\xdbD\xf3\x96\xe1S\xda\x069\xa3r\x87\x9eK\xbd\xf4O\xb1a")
(4, b"0E\x02!\x00\x83\xfc\xebp\x1f\x0eex\x93\x05D\x18\x8e*'\xbf5\x8b\xbd\xf1i\xff\x7f\xdd\x1e\xff\x8elbJ)o\x02 \\\xf8\xf1\xf2E\xfc\xf6A\xb7\xc6\xbc$\xc4\xdbD\xf3\x96\xe1S\xda\x069\xa3r\x87\x9eK\xbd\xf4O\xb1a")
(1, b'0E\x02!\x00\xb7~\x00\xffN\xcb\xf5.\xa2\x15\x9bVr\x16\xcdnr\xf2R?Q#\xe8w%\x93\xb0c\xd7\xd7\x95\x16\x02 \x03\x97\xbb\xaa\x08,A\x8a\xa4\x0e\xc6\x14@\x1eO.\xfdy\x17\x91\xa4\x07V \xf7+^\x12\x13~.\x91')
(1, b'0E\x02!\x00\xb7~\x00\xffN\xcb\xf5.\xa2\x15\x9bVr\x16\xcdnr\xf2R?Q#\xe8w%\x93\xb0c\xd7\xd7\x95\x16\x02 \x03\x97\xbb\xaa\x08,A\x8a\xa4\x0e\xc6\x14@\x1eO.\xfdy\x17\x91\xa4\x07V \xf7+^\x12\x13~.\x91')
(4, b"0E\x02!\x00\x83\xfc\xebp\x1f\x0eex\x93\x05D\x18\x8e*'\xbf5\x8b\xbd\xf1i\xff\x7f\xdd\x1e\xff\x8elbJ)o\x02 \\\xf8\xf1\xf2E\xfc\xf6A\xb7\xc6\xbc$\xc4\xdbD\xf3\x96\xe1S\xda\x069\xa3r\x87\x9eK\xbd\xf4O\xb1a")
(4, b"0E\x02!\x00\x83\xfc\xebp\x1f\x0eex\x93\x05D\x18\x8e*'\xbf5\x8b\xbd\xf1i\xff\x7f\xdd\x1e\xff\x8elbJ)o\x02 \\\xf8\xf1\xf2E\xfc\xf6A\xb7\xc6\xbc$\xc4\xdbD\xf3\x96\xe1S\xda\x069\xa3r\x87\x9eK\xbd\xf4O\xb1a")
(1, b'0E\x02!\x00\xb7~\x00\xffN\xcb\xf5.\xa2\x15\x9bVr\x16\xcdnr\xf2R?Q#\xe8w%\x93\xb0c\xd7\xd7\x95\x16\x02 \x03\x97\xbb\xaa\x08,A\x8a\xa4\x0e\xc6\x14@\x1eO.\xfdy\x17\x91\xa4\x07V \xf7+^\x12\x13~.\x91')
(1, b'0E\x02!\x00\xb7~\x00\xffN\xcb\xf5.\xa2\x15\x9bVr\x16\xcdnr\xf2R?Q#\xe8w%\x93\xb0c\xd7\xd7\x95\x16\x02 \x03\x97\xbb\xaa\x08,A\x8a\xa4\x0e\xc6\x14@\x1eO.\xfdy\x17\x91\xa4\x07V \xf7+^\x12\x13~.\x91')
(4, b"0E\x02!\x00\x83\xfc\xebp\x1f\x0eex\x93\x05D\x18\x8e*'\xbf5\x8b\xbd\xf1i\xff\x7f\xdd\x1e\xff\x8elbJ)o\x02 \\\xf8\xf1\xf2E\xfc\xf6A\xb7\xc6\xbc$\xc4\xdbD\xf3\x96\xe1S\xda\x069\xa3r\x87\x9eK\xbd\xf4O\xb1a")
(4, b"0E\x02!\x00\x83\xfc\xebp\x1f\x0eex\x93\x05D\x18\x8e*'\xbf5\x8b\xbd\xf1i\xff\x7f\xdd\x1e\xff\x8elbJ)o\x02 \\\xf8\xf1\xf2E\xfc\xf6A\xb7\xc6\xbc$\xc4\xdbD\xf3\x96\xe1S\xda\x069\xa3r\x87\x9eK\xbd\xf4O\xb1a")
(1, b'0E\x02!\x00\xb7~\x00\xffN\xcb\xf5.\xa2\x15\x9bVr\x16\xcdnr\xf2R?Q#\xe8w%\x93\xb0c\xd7\xd7\x95\x16\x02 \x03\x97\xbb\xaa\x08,A\x8a\xa4\x0e\xc6\x14@\x1eO.\xfdy\x17\x91\xa4\x07V \xf7+^\x12\x13~.\x91')
(1, b'0E\x02!\x00\xb7~\x00\xffN\xcb\xf5.\xa2\x15\x9bVr\x16\xcdnr\xf2R?Q#\xe8w%\x93\xb0c\xd7\xd7\x95\x16\x02 \x03\x97\xbb\xaa\x08,A\x8a\xa4\x0e\xc6\x14@\x1eO.\xfdy\x17\x91\xa4\x07V \xf7+^\x12\x13~.\x91')
(4, b"0E\x02!\x00\x83\xfc\xebp\x1f\x0eex\x93\x05D\x18\x8e*'\xbf5\x8b\xbd\xf1i\xff\x7f\xdd\x1e\xff\x8elbJ)o\x02 \\\xf8\xf1\xf2E\xfc\xf6A\xb7\xc6\xbc$\xc4\xdbD\xf3\x96\xe1S\xda\x069\xa3r\x87\x9eK\xbd\xf4O\xb1a")
(4, b"0E\x02!\x00\x83\xfc\xebp\x1f\x0eex\x93\x05D\x18\x8e*'\xbf5\x8b\xbd\xf1i\xff\x7f\xdd\x1e\xff\x8elbJ)o\x02 \\\xf8\xf1\xf2E\xfc\xf6A\xb7\xc6\xbc$\xc4\xdbD\xf3\x96\xe1S\xda\x069\xa3r\x87\x9eK\xbd\xf4O\xb1a")
(1, b'0E\x02!\x00\xb7~\x00\xffN\xcb\xf5.\xa2\x15\x9bVr\x16\xcdnr\xf2R?Q#\xe8w%\x93\xb0c\xd7\xd7\x95\x16\x02 \x03\x97\xbb\xaa\x08,A\x8a\xa4\x0e\xc6\x14@\x1eO.\xfdy\x17\x91\xa4\x07V \xf7+^\x12\x13~.\x91')
(1, b'0E\x02!\x00\xb7~\x00\xffN\xcb\xf5.\xa2\x15\x9bVr\x16\xcdnr\xf2R?Q#\xe8w%\x93\xb0c\xd7\xd7\x95\x16\x02 \x03\x97\xbb\xaa\x08,A\x8a\xa4\x0e\xc6\x14@\x1eO.\xfdy\x17\x91\xa4\x07V \xf7+^\x12\x13~.\x91')
(4, b"0E\x02!\x00\x83\xfc\xebp\x1f\x0eex\x93\x05D\x18\x8e*'\xbf5\x8b\xbd\xf1i\xff\x7f\xdd\x1e\xff\x8elbJ)o\x02 \\\xf8\xf1\xf2E\xfc\xf6A\xb7\xc6\xbc$\xc4\xdbD\xf3\x96\xe1S\xda\x069\xa3r\x87\x9eK\xbd\xf4O\xb1a")
(4, b"0E\x02!\x00\x83\xfc\xebp\x1f\x0eex\x93\x05D\x18\x8e*'\xbf5\x8b\xbd\xf1i\xff\x7f\xdd\x1e\xff\x8elbJ)o\x02 \\\xf8\xf1\xf2E\xfc\xf6A\xb7\xc6\xbc$\xc4\xdbD\xf3\x96\xe1S\xda\x069\xa3r\x87\x9eK\xbd\xf4O\xb1a")
(1, b'0E\x02!\x00\xb7~\x00\xffN\xcb\xf5.\xa2\x15\x9bVr\x16\xcdnr\xf2R?Q#\xe8w%\x93\xb0c\xd7\xd7\x95\x16\x02 \x03\x97\xbb\xaa\x08,A\x8a\xa4\x0e\xc6\x14@\x1eO.\xfdy\x17\x91\xa4\x07V \xf7+^\x12\x13~.\x91')
(1, b'0E\x02!\x00\xb7~\x00\xffN\xcb\xf5.\xa2\x15\x9bVr\x16\xcdnr\xf2R?Q#\xe8w%\x93\xb0c\xd7\xd7\x95\x16\x02 \x03\x97\xbb\xaa\x08,A\x8a\xa4\x0e\xc6\x14@\x1eO.\xfdy\x17\x91\xa4\x07V \xf7+^\x12\x13~.\x91')
(4, b"0E\x02!\x00\x83\xfc\xebp\x1f\x0eex\x93\x05D\x18\x8e*'\xbf5\x8b\xbd\xf1i\xff\x7f\xdd\x1e\xff\x8elbJ)o\x02 \\\xf8\xf1\xf2E\xfc\xf6A\xb7\xc6\xbc$\xc4\xdbD\xf3\x96\xe1S\xda\x069\xa3r\x87\x9eK\xbd\xf4O\xb1a")
(4, b"0E\x02!\x00\x83\xfc\xebp\x1f\x0eex\x93\x05D\x18\x8e*'\xbf5\x8b\xbd\xf1i\xff\x7f\xdd\x1e\xff\x8elbJ)o\x02 \\\xf8\xf1\xf2E\xfc\xf6A\xb7\xc6\xbc$\xc4\xdbD\xf3\x96\xe1S\xda\x069\xa3r\x87\x9eK\xbd\xf4O\xb1a")
(1, b'0E\x02!\x00\xb7~\x00\xffN\xcb\xf5.\xa2\x15\x9bVr\x16\xcdnr\xf2R?Q#\xe8w%\x93\xb0c\xd7\xd7\x95\x16\x02 \x03\x97\xbb\xaa\x08,A\x8a\xa4\x0e\xc6\x14@\x1eO.\xfdy\x17\x91\xa4\x07V \xf7+^\x12\x13~.\x91')
(1, b'0E\x02!\x00\xb7~\x00\xffN\xcb\xf5.\xa2\x15\x9bVr\x16\xcdnr\xf2R?Q#\xe8w%\x93\xb0c\xd7\xd7\x95\x16\x02 \x03\x97\xbb\xaa\x08,A\x8a\xa4\x0e\xc6\x14@\x1eO.\xfdy\x17\x91\xa4\x07V \xf7+^\x12\x13~.\x91')
(4, b"0E\x02!\x00\x83\xfc\xebp\x1f\x0eex\x93\x05D\x18\x8e*'\xbf5\x8b\xbd\xf1i\xff\x7f\xdd\x1e\xff\x8elbJ)o\x02 \\\xf8\xf1\xf2E\xfc\xf6A\xb7\xc6\xbc$\xc4\xdbD\xf3\x96\xe1S\xda\x069\xa3r\x87\x9eK\xbd\xf4O\xb1a")
1 config verify passed!!!!
Node 1 read a proofchain using 0.007897 sec
node 1 breaks in 18.922201 seconds with 20 round, adkr_old avg time: 0.939997, pc size: 85612, verify time: 0.007897
1 set stop as true
