main
here debug =  False
here N =  7
m= 0
7
7 1 1
[0, 1, 2, 3, 4, 5, 6]
1 <class 'int'>
[7, 8, 9, 10]
[0, 1, 2, 3]
debug is  False
waiting for network ready...
6 start to run round 0 C: [0, 1, 2, 3, 4, 5, 6] N: 7
old [0, 1, 2, 3, 4, 5, 6]
new [0, 1, 2, 3, 4, 5, 6]
run round 0 adkr round taking 0.883087 sec
pc size for round 0 is 4643
(4, b"0E\x02!\x00\x83\xfc\xebp\x1f\x0eex\x93\x05D\x18\x8e*'\xbf5\x8b\xbd\xf1i\xff\x7f\xdd\x1e\xff\x8elbJ)o\x02 \\\xf8\xf1\xf2E\xfc\xf6A\xb7\xc6\xbc$\xc4\xdbD\xf3\x96\xe1S\xda\x069\xa3r\x87\x9eK\xbd\xf4O\xb1a")
(1, b'0E\x02!\x00\xb7~\x00\xffN\xcb\xf5.\xa2\x15\x9bVr\x16\xcdnr\xf2R?Q#\xe8w%\x93\xb0c\xd7\xd7\x95\x16\x02 \x03\x97\xbb\xaa\x08,A\x8a\xa4\x0e\xc6\x14@\x1eO.\xfdy\x17\x91\xa4\x07V \xf7+^\x12\x13~.\x91')
6 config verify passed!!!!
Node 6 read a proofchain using 0.002936 sec
6 start to run round 1 C: [0, 1, 2, 3, 4, 5, 6] N: 7
old [0, 1, 2, 3, 4, 5, 6]
new [0, 1, 2, 3, 4, 5, 6]
run round 1 adkr round taking 0.888407 sec
pc size for round 1 is 8904
(4, b"0E\x02!\x00\x83\xfc\xebp\x1f\x0eex\x93\x05D\x18\x8e*'\xbf5\x8b\xbd\xf1i\xff\x7f\xdd\x1e\xff\x8elbJ)o\x02 \\\xf8\xf1\xf2E\xfc\xf6A\xb7\xc6\xbc$\xc4\xdbD\xf3\x96\xe1S\xda\x069\xa3r\x87\x9eK\xbd\xf4O\xb1a")
(1, b'0E\x02!\x00\xb7~\x00\xffN\xcb\xf5.\xa2\x15\x9bVr\x16\xcdnr\xf2R?Q#\xe8w%\x93\xb0c\xd7\xd7\x95\x16\x02 \x03\x97\xbb\xaa\x08,A\x8a\xa4\x0e\xc6\x14@\x1eO.\xfdy\x17\x91\xa4\x07V \xf7+^\x12\x13~.\x91')
(4, b"0E\x02!\x00\x83\xfc\xebp\x1f\x0eex\x93\x05D\x18\x8e*'\xbf5\x8b\xbd\xf1i\xff\x7f\xdd\x1e\xff\x8elbJ)o\x02 \\\xf8\xf1\xf2E\xfc\xf6A\xb7\xc6\xbc$\xc4\xdbD\xf3\x96\xe1S\xda\x069\xa3r\x87\x9eK\xbd\xf4O\xb1a")
(1, b'0E\x02!\x00\xb7~\x00\xffN\xcb\xf5.\xa2\x15\x9bVr\x16\xcdnr\xf2R?Q#\xe8w%\x93\xb0c\xd7\xd7\x95\x16\x02 \x03\x97\xbb\xaa\x08,A\x8a\xa4\x0e\xc6\x14@\x1eO.\xfdy\x17\x91\xa4\x07V \xf7+^\x12\x13~.\x91')
6 config verify passed!!!!
Node 6 read a proofchain using 0.003154 sec
6 start to run round 2 C: [0, 1, 2, 3, 4, 5, 6] N: 7
old [0, 1, 2, 3, 4, 5, 6]
new [0, 1, 2, 3, 4, 5, 6]
run round 2 adkr round taking 0.908159 sec
pc size for round 2 is 13166
(4, b"0E\x02!\x00\x83\xfc\xebp\x1f\x0eex\x93\x05D\x18\x8e*'\xbf5\x8b\xbd\xf1i\xff\x7f\xdd\x1e\xff\x8elbJ)o\x02 \\\xf8\xf1\xf2E\xfc\xf6A\xb7\xc6\xbc$\xc4\xdbD\xf3\x96\xe1S\xda\x069\xa3r\x87\x9eK\xbd\xf4O\xb1a")
(1, b'0E\x02!\x00\xb7~\x00\xffN\xcb\xf5.\xa2\x15\x9bVr\x16\xcdnr\xf2R?Q#\xe8w%\x93\xb0c\xd7\xd7\x95\x16\x02 \x03\x97\xbb\xaa\x08,A\x8a\xa4\x0e\xc6\x14@\x1eO.\xfdy\x17\x91\xa4\x07V \xf7+^\x12\x13~.\x91')
(4, b"0E\x02!\x00\x83\xfc\xebp\x1f\x0eex\x93\x05D\x18\x8e*'\xbf5\x8b\xbd\xf1i\xff\x7f\xdd\x1e\xff\x8elbJ)o\x02 \\\xf8\xf1\xf2E\xfc\xf6A\xb7\xc6\xbc$\xc4\xdbD\xf3\x96\xe1S\xda\x069\xa3r\x87\x9eK\xbd\xf4O\xb1a")
(1, b'0E\x02!\x00\xb7~\x00\xffN\xcb\xf5.\xa2\x15\x9bVr\x16\xcdnr\xf2R?Q#\xe8w%\x93\xb0c\xd7\xd7\x95\x16\x02 \x03\x97\xbb\xaa\x08,A\x8a\xa4\x0e\xc6\x14@\x1eO.\xfdy\x17\x91\xa4\x07V \xf7+^\x12\x13~.\x91')
(4, b"0E\x02!\x00\x83\xfc\xebp\x1f\x0eex\x93\x05D\x18\x8e*'\xbf5\x8b\xbd\xf1i\xff\x7f\xdd\x1e\xff\x8elbJ)o\x02 \\\xf8\xf1\xf2E\xfc\xf6A\xb7\xc6\xbc$\xc4\xdbD\xf3\x96\xe1S\xda\x069\xa3r\x87\x9eK\xbd\xf4O\xb1a")
(1, b'0E\x02!\x00\xb7~\x00\xffN\xcb\xf5.\xa2\x15\x9bVr\x16\xcdnr\xf2R?Q#\xe8w%\x93\xb0c\xd7\xd7\x95\x16\x02 \x03\x97\xbb\xaa\x08,A\x8a\xa4\x0e\xc6\x14@\x1eO.\xfdy\x17\x91\xa4\x07V \xf7+^\x12\x13~.\x91')
6 config verify passed!!!!
Node 6 read a proofchain using 0.003404 sec
6 start to run round 3 C: [0, 1, 2, 3, 4, 5, 6] N: 7
old [0, 1, 2, 3, 4, 5, 6]
new [0, 1, 2, 3, 4, 5, 6]
run round 3 adkr round taking 0.940717 sec
pc size for round 3 is 17427
(4, b"0E\x02!\x00\x83\xfc\xebp\x1f\x0eex\x93\x05D\x18\x8e*'\xbf5\x8b\xbd\xf1i\xff\x7f\xdd\x1e\xff\x8elbJ)o\x02 \\\xf8\xf1\xf2E\xfc\xf6A\xb7\xc6\xbc$\xc4\xdbD\xf3\x96\xe1S\xda\x069\xa3r\x87\x9eK\xbd\xf4O\xb1a")
(1, b'0E\x02!\x00\xb7~\x00\xffN\xcb\xf5.\xa2\x15\x9bVr\x16\xcdnr\xf2R?Q#\xe8w%\x93\xb0c\xd7\xd7\x95\x16\x02 \x03\x97\xbb\xaa\x08,A\x8a\xa4\x0e\xc6\x14@\x1eO.\xfdy\x17\x91\xa4\x07V \xf7+^\x12\x13~.\x91')
(4, b"0E\x02!\x00\x83\xfc\xebp\x1f\x0eex\x93\x05D\x18\x8e*'\xbf5\x8b\xbd\xf1i\xff\x7f\xdd\x1e\xff\x8elbJ)o\x02 \\\xf8\xf1\xf2E\xfc\xf6A\xb7\xc6\xbc$\xc4\xdbD\xf3\x96\xe1S\xda\x069\xa3r\x87\x9eK\xbd\xf4O\xb1a")
(1, b'0E\x02!\x00\xb7~\x00\xffN\xcb\xf5.\xa2\x15\x9bVr\x16\xcdnr\xf2R?Q#\xe8w%\x93\xb0c\xd7\xd7\x95\x16\x02 \x03\x97\xbb\xaa\x08,A\x8a\xa4\x0e\xc6\x14@\x1eO.\xfdy\x17\x91\xa4\x07V \xf7+^\x12\x13~.\x91')
(4, b"0E\x02!\x00\x83\xfc\xebp\x1f\x0eex\x93\x05D\x18\x8e*'\xbf5\x8b\xbd\xf1i\xff\x7f\xdd\x1e\xff\x8elbJ)o\x02 \\\xf8\xf1\xf2E\xfc\xf6A\xb7\xc6\xbc$\xc4\xdbD\xf3\x96\xe1S\xda\x069\xa3r\x87\x9eK\xbd\xf4O\xb1a")
(1, b'0E\x02!\x00\xb7~\x00\xffN\xcb\xf5.\xa2\x15\x9bVr\x16\xcdnr\xf2R?Q#\xe8w%\x93\xb0c\xd7\xd7\x95\x16\x02 \x03\x97\xbb\xaa\x08,A\x8a\xa4\x0e\xc6\x14@\x1eO.\xfdy\x17\x91\xa4\x07V \xf7+^\x12\x13~.\x91')
(4, b"0E\x02!\x00\x83\xfc\xebp\x1f\x0eex\x93\x05D\x18\x8e*'\xbf5\x8b\xbd\xf1i\xff\x7f\xdd\x1e\xff\x8elbJ)o\x02 \\\xf8\xf1\xf2E\xfc\xf6A\xb7\xc6\xbc$\xc4\xdbD\xf3\x96\xe1S\xda\x069\xa3r\x87\x9eK\xbd\xf4O\xb1a")
(1, b'0E\x02!\x00\xb7~\x00\xffN\xcb\xf5.\xa2\x15\x9bVr\x16\xcdnr\xf2R?Q#\xe8w%\x93\xb0c\xd7\xd7\x95\x16\x02 \x03\x97\xbb\xaa\x08,A\x8a\xa4\x0e\xc6\x14@\x1eO.\xfdy\x17\x91\xa4\x07V \xf7+^\x12\x13~.\x91')
6 config verify passed!!!!
Node 6 read a proofchain using 0.003791 sec
6 start to run round 4 C: [0, 1, 2, 3, 4, 5, 6] N: 7
old [0, 1, 2, 3, 4, 5, 6]
new [0, 1, 2, 3, 4, 5, 6]
run round 4 adkr round taking 0.901187 sec
pc size for round 4 is 21689
(4, b"0E\x02!\x00\x83\xfc\xebp\x1f\x0eex\x93\x05D\x18\x8e*'\xbf5\x8b\xbd\xf1i\xff\x7f\xdd\x1e\xff\x8elbJ)o\x02 \\\xf8\xf1\xf2E\xfc\xf6A\xb7\xc6\xbc$\xc4\xdbD\xf3\x96\xe1S\xda\x069\xa3r\x87\x9eK\xbd\xf4O\xb1a")
(1, b'0E\x02!\x00\xb7~\x00\xffN\xcb\xf5.\xa2\x15\x9bVr\x16\xcdnr\xf2R?Q#\xe8w%\x93\xb0c\xd7\xd7\x95\x16\x02 \x03\x97\xbb\xaa\x08,A\x8a\xa4\x0e\xc6\x14@\x1eO.\xfdy\x17\x91\xa4\x07V \xf7+^\x12\x13~.\x91')
(4, b"0E\x02!\x00\x83\xfc\xebp\x1f\x0eex\x93\x05D\x18\x8e*'\xbf5\x8b\xbd\xf1i\xff\x7f\xdd\x1e\xff\x8elbJ)o\x02 \\\xf8\xf1\xf2E\xfc\xf6A\xb7\xc6\xbc$\xc4\xdbD\xf3\x96\xe1S\xda\x069\xa3r\x87\x9eK\xbd\xf4O\xb1a")
(1, b'0E\x02!\x00\xb7~\x00\xffN\xcb\xf5.\xa2\x15\x9bVr\x16\xcdnr\xf2R?Q#\xe8w%\x93\xb0c\xd7\xd7\x95\x16\x02 \x03\x97\xbb\xaa\x08,A\x8a\xa4\x0e\xc6\x14@\x1eO.\xfdy\x17\x91\xa4\x07V \xf7+^\x12\x13~.\x91')
(4, b"0E\x02!\x00\x83\xfc\xebp\x1f\x0eex\x93\x05D\x18\x8e*'\xbf5\x8b\xbd\xf1i\xff\x7f\xdd\x1e\xff\x8elbJ)o\x02 \\\xf8\xf1\xf2E\xfc\xf6A\xb7\xc6\xbc$\xc4\xdbD\xf3\x96\xe1S\xda\x069\xa3r\x87\x9eK\xbd\xf4O\xb1a")
(1, b'0E\x02!\x00\xb7~\x00\xffN\xcb\xf5.\xa2\x15\x9bVr\x16\xcdnr\xf2R?Q#\xe8w%\x93\xb0c\xd7\xd7\x95\x16\x02 \x03\x97\xbb\xaa\x08,A\x8a\xa4\x0e\xc6\x14@\x1eO.\xfdy\x17\x91\xa4\x07V \xf7+^\x12\x13~.\x91')
(4, b"0E\x02!\x00\x83\xfc\xebp\x1f\x0eex\x93\x05D\x18\x8e*'\xbf5\x8b\xbd\xf1i\xff\x7f\xdd\x1e\xff\x8elbJ)o\x02 \\\xf8\xf1\xf2E\xfc\xf6A\xb7\xc6\xbc$\xc4\xdbD\xf3\x96\xe1S\xda\x069\xa3r\x87\x9eK\xbd\xf4O\xb1a")
(1, b'0E\x02!\x00\xb7~\x00\xffN\xcb\xf5.\xa2\x15\x9bVr\x16\xcdnr\xf2R?Q#\xe8w%\x93\xb0c\xd7\xd7\x95\x16\x02 \x03\x97\xbb\xaa\x08,A\x8a\xa4\x0e\xc6\x14@\x1eO.\xfdy\x17\x91\xa4\x07V \xf7+^\x12\x13~.\x91')
(4, b"0E\x02!\x00\x83\xfc\xebp\x1f\x0eex\x93\x05D\x18\x8e*'\xbf5\x8b\xbd\xf1i\xff\x7f\xdd\x1e\xff\x8elbJ)o\x02 \\\xf8\xf1\xf2E\xfc\xf6A\xb7\xc6\xbc$\xc4\xdbD\xf3\x96\xe1S\xda\x069\xa3r\x87\x9eK\xbd\xf4O\xb1a")
(1, b'0E\x02!\x00\xb7~\x00\xffN\xcb\xf5.\xa2\x15\x9bVr\x16\xcdnr\xf2R?Q#\xe8w%\x93\xb0c\xd7\xd7\x95\x16\x02 \x03\x97\xbb\xaa\x08,A\x8a\xa4\x0e\xc6\x14@\x1eO.\xfdy\x17\x91\xa4\x07V \xf7+^\x12\x13~.\x91')
6 config verify passed!!!!
Node 6 read a proofchain using 0.003971 sec
6 start to run round 5 C: [0, 1, 2, 3, 4, 5, 6] N: 7
old [0, 1, 2, 3, 4, 5, 6]
new [0, 1, 2, 3, 4, 5, 6]
run round 5 adkr round taking 0.944714 sec
pc size for round 5 is 25950
(4, b"0E\x02!\x00\x83\xfc\xebp\x1f\x0eex\x93\x05D\x18\x8e*'\xbf5\x8b\xbd\xf1i\xff\x7f\xdd\x1e\xff\x8elbJ)o\x02 \\\xf8\xf1\xf2E\xfc\xf6A\xb7\xc6\xbc$\xc4\xdbD\xf3\x96\xe1S\xda\x069\xa3r\x87\x9eK\xbd\xf4O\xb1a")
(1, b'0E\x02!\x00\xb7~\x00\xffN\xcb\xf5.\xa2\x15\x9bVr\x16\xcdnr\xf2R?Q#\xe8w%\x93\xb0c\xd7\xd7\x95\x16\x02 \x03\x97\xbb\xaa\x08,A\x8a\xa4\x0e\xc6\x14@\x1eO.\xfdy\x17\x91\xa4\x07V \xf7+^\x12\x13~.\x91')
(4, b"0E\x02!\x00\x83\xfc\xebp\x1f\x0eex\x93\x05D\x18\x8e*'\xbf5\x8b\xbd\xf1i\xff\x7f\xdd\x1e\xff\x8elbJ)o\x02 \\\xf8\xf1\xf2E\xfc\xf6A\xb7\xc6\xbc$\xc4\xdbD\xf3\x96\xe1S\xda\x069\xa3r\x87\x9eK\xbd\xf4O\xb1a")
(1, b'0E\x02!\x00\xb7~\x00\xffN\xcb\xf5.\xa2\x15\x9bVr\x16\xcdnr\xf2R?Q#\xe8w%\x93\xb0c\xd7\xd7\x95\x16\x02 \x03\x97\xbb\xaa\x08,A\x8a\xa4\x0e\xc6\x14@\x1eO.\xfdy\x17\x91\xa4\x07V \xf7+^\x12\x13~.\x91')
(4, b"0E\x02!\x00\x83\xfc\xebp\x1f\x0eex\x93\x05D\x18\x8e*'\xbf5\x8b\xbd\xf1i\xff\x7f\xdd\x1e\xff\x8elbJ)o\x02 \\\xf8\xf1\xf2E\xfc\xf6A\xb7\xc6\xbc$\xc4\xdbD\xf3\x96\xe1S\xda\x069\xa3r\x87\x9eK\xbd\xf4O\xb1a")
(1, b'0E\x02!\x00\xb7~\x00\xffN\xcb\xf5.\xa2\x15\x9bVr\x16\xcdnr\xf2R?Q#\xe8w%\x93\xb0c\xd7\xd7\x95\x16\x02 \x03\x97\xbb\xaa\x08,A\x8a\xa4\x0e\xc6\x14@\x1eO.\xfdy\x17\x91\xa4\x07V \xf7+^\x12\x13~.\x91')
(4, b"0E\x02!\x00\x83\xfc\xebp\x1f\x0eex\x93\x05D\x18\x8e*'\xbf5\x8b\xbd\xf1i\xff\x7f\xdd\x1e\xff\x8elbJ)o\x02 \\\xf8\xf1\xf2E\xfc\xf6A\xb7\xc6\xbc$\xc4\xdbD\xf3\x96\xe1S\xda\x069\xa3r\x87\x9eK\xbd\xf4O\xb1a")
(1, b'0E\x02!\x00\xb7~\x00\xffN\xcb\xf5.\xa2\x15\x9bVr\x16\xcdnr\xf2R?Q#\xe8w%\x93\xb0c\xd7\xd7\x95\x16\x02 \x03\x97\xbb\xaa\x08,A\x8a\xa4\x0e\xc6\x14@\x1eO.\xfdy\x17\x91\xa4\x07V \xf7+^\x12\x13~.\x91')
(4, b"0E\x02!\x00\x83\xfc\xebp\x1f\x0eex\x93\x05D\x18\x8e*'\xbf5\x8b\xbd\xf1i\xff\x7f\xdd\x1e\xff\x8elbJ)o\x02 \\\xf8\xf1\xf2E\xfc\xf6A\xb7\xc6\xbc$\xc4\xdbD\xf3\x96\xe1S\xda\x069\xa3r\x87\x9eK\xbd\xf4O\xb1a")
(1, b'0E\x02!\x00\xb7~\x00\xffN\xcb\xf5.\xa2\x15\x9bVr\x16\xcdnr\xf2R?Q#\xe8w%\x93\xb0c\xd7\xd7\x95\x16\x02 \x03\x97\xbb\xaa\x08,A\x8a\xa4\x0e\xc6\x14@\x1eO.\xfdy\x17\x91\xa4\x07V \xf7+^\x12\x13~.\x91')
(4, b"0E\x02!\x00\x83\xfc\xebp\x1f\x0eex\x93\x05D\x18\x8e*'\xbf5\x8b\xbd\xf1i\xff\x7f\xdd\x1e\xff\x8elbJ)o\x02 \\\xf8\xf1\xf2E\xfc\xf6A\xb7\xc6\xbc$\xc4\xdbD\xf3\x96\xe1S\xda\x069\xa3r\x87\x9eK\xbd\xf4O\xb1a")
(1, b'0E\x02!\x00\xb7~\x00\xffN\xcb\xf5.\xa2\x15\x9bVr\x16\xcdnr\xf2R?Q#\xe8w%\x93\xb0c\xd7\xd7\x95\x16\x02 \x03\x97\xbb\xaa\x08,A\x8a\xa4\x0e\xc6\x14@\x1eO.\xfdy\x17\x91\xa4\x07V \xf7+^\x12\x13~.\x91')
6 config verify passed!!!!
Node 6 read a proofchain using 0.004297 sec
6 start to run round 6 C: [0, 1, 2, 3, 4, 5, 6] N: 7
old [0, 1, 2, 3, 4, 5, 6]
new [0, 1, 2, 3, 4, 5, 6]
run round 6 adkr round taking 0.918026 sec
pc size for round 6 is 30212
(4, b"0E\x02!\x00\x83\xfc\xebp\x1f\x0eex\x93\x05D\x18\x8e*'\xbf5\x8b\xbd\xf1i\xff\x7f\xdd\x1e\xff\x8elbJ)o\x02 \\\xf8\xf1\xf2E\xfc\xf6A\xb7\xc6\xbc$\xc4\xdbD\xf3\x96\xe1S\xda\x069\xa3r\x87\x9eK\xbd\xf4O\xb1a")
(1, b'0E\x02!\x00\xb7~\x00\xffN\xcb\xf5.\xa2\x15\x9bVr\x16\xcdnr\xf2R?Q#\xe8w%\x93\xb0c\xd7\xd7\x95\x16\x02 \x03\x97\xbb\xaa\x08,A\x8a\xa4\x0e\xc6\x14@\x1eO.\xfdy\x17\x91\xa4\x07V \xf7+^\x12\x13~.\x91')
(4, b"0E\x02!\x00\x83\xfc\xebp\x1f\x0eex\x93\x05D\x18\x8e*'\xbf5\x8b\xbd\xf1i\xff\x7f\xdd\x1e\xff\x8elbJ)o\x02 \\\xf8\xf1\xf2E\xfc\xf6A\xb7\xc6\xbc$\xc4\xdbD\xf3\x96\xe1S\xda\x069\xa3r\x87\x9eK\xbd\xf4O\xb1a")
(1, b'0E\x02!\x00\xb7~\x00\xffN\xcb\xf5.\xa2\x15\x9bVr\x16\xcdnr\xf2R?Q#\xe8w%\x93\xb0c\xd7\xd7\x95\x16\x02 \x03\x97\xbb\xaa\x08,A\x8a\xa4\x0e\xc6\x14@\x1eO.\xfdy\x17\x91\xa4\x07V \xf7+^\x12\x13~.\x91')
(4, b"0E\x02!\x00\x83\xfc\xebp\x1f\x0eex\x93\x05D\x18\x8e*'\xbf5\x8b\xbd\xf1i\xff\x7f\xdd\x1e\xff\x8elbJ)o\x02 \\\xf8\xf1\xf2E\xfc\xf6A\xb7\xc6\xbc$\xc4\xdbD\xf3\x96\xe1S\xda\x069\xa3r\x87\x9eK\xbd\xf4O\xb1a")
(1, b'0E\x02!\x00\xb7~\x00\xffN\xcb\xf5.\xa2\x15\x9bVr\x16\xcdnr\xf2R?Q#\xe8w%\x93\xb0c\xd7\xd7\x95\x16\x02 \x03\x97\xbb\xaa\x08,A\x8a\xa4\x0e\xc6\x14@\x1eO.\xfdy\x17\x91\xa4\x07V \xf7+^\x12\x13~.\x91')
(4, b"0E\x02!\x00\x83\xfc\xebp\x1f\x0eex\x93\x05D\x18\x8e*'\xbf5\x8b\xbd\xf1i\xff\x7f\xdd\x1e\xff\x8elbJ)o\x02 \\\xf8\xf1\xf2E\xfc\xf6A\xb7\xc6\xbc$\xc4\xdbD\xf3\x96\xe1S\xda\x069\xa3r\x87\x9eK\xbd\xf4O\xb1a")
(1, b'0E\x02!\x00\xb7~\x00\xffN\xcb\xf5.\xa2\x15\x9bVr\x16\xcdnr\xf2R?Q#\xe8w%\x93\xb0c\xd7\xd7\x95\x16\x02 \x03\x97\xbb\xaa\x08,A\x8a\xa4\x0e\xc6\x14@\x1eO.\xfdy\x17\x91\xa4\x07V \xf7+^\x12\x13~.\x91')
(4, b"0E\x02!\x00\x83\xfc\xebp\x1f\x0eex\x93\x05D\x18\x8e*'\xbf5\x8b\xbd\xf1i\xff\x7f\xdd\x1e\xff\x8elbJ)o\x02 \\\xf8\xf1\xf2E\xfc\xf6A\xb7\xc6\xbc$\xc4\xdbD\xf3\x96\xe1S\xda\x069\xa3r\x87\x9eK\xbd\xf4O\xb1a")
(1, b'0E\x02!\x00\xb7~\x00\xffN\xcb\xf5.\xa2\x15\x9bVr\x16\xcdnr\xf2R?Q#\xe8w%\x93\xb0c\xd7\xd7\x95\x16\x02 \x03\x97\xbb\xaa\x08,A\x8a\xa4\x0e\xc6\x14@\x1eO.\xfdy\x17\x91\xa4\x07V \xf7+^\x12\x13~.\x91')
(4, b"0E\x02!\x00\x83\xfc\xebp\x1f\x0eex\x93\x05D\x18\x8e*'\xbf5\x8b\xbd\xf1i\xff\x7f\xdd\x1e\xff\x8elbJ)o\x02 \\\xf8\xf1\xf2E\xfc\xf6A\xb7\xc6\xbc$\xc4\xdbD\xf3\x96\xe1S\xda\x069\xa3r\x87\x9eK\xbd\xf4O\xb1a")
(1, b'0E\x02!\x00\xb7~\x00\xffN\xcb\xf5.\xa2\x15\x9bVr\x16\xcdnr\xf2R?Q#\xe8w%\x93\xb0c\xd7\xd7\x95\x16\x02 \x03\x97\xbb\xaa\x08,A\x8a\xa4\x0e\xc6\x14@\x1eO.\xfdy\x17\x91\xa4\x07V \xf7+^\x12\x13~.\x91')
(4, b"0E\x02!\x00\x83\xfc\xebp\x1f\x0eex\x93\x05D\x18\x8e*'\xbf5\x8b\xbd\xf1i\xff\x7f\xdd\x1e\xff\x8elbJ)o\x02 \\\xf8\xf1\xf2E\xfc\xf6A\xb7\xc6\xbc$\xc4\xdbD\xf3\x96\xe1S\xda\x069\xa3r\x87\x9eK\xbd\xf4O\xb1a")
(1, b'0E\x02!\x00\xb7~\x00\xffN\xcb\xf5.\xa2\x15\x9bVr\x16\xcdnr\xf2R?Q#\xe8w%\x93\xb0c\xd7\xd7\x95\x16\x02 \x03\x97\xbb\xaa\x08,A\x8a\xa4\x0e\xc6\x14@\x1eO.\xfdy\x17\x91\xa4\x07V \xf7+^\x12\x13~.\x91')
6 config verify passed!!!!
Node 6 read a proofchain using 0.004619 sec
6 start to run round 7 C: [0, 1, 2, 3, 4, 5, 6] N: 7
old [0, 1, 2, 3, 4, 5, 6]
new [0, 1, 2, 3, 4, 5, 6]
run round 7 adkr round taking 0.954776 sec
pc size for round 7 is 34473
(4, b"0E\x02!\x00\x83\xfc\xebp\x1f\x0eex\x93\x05D\x18\x8e*'\xbf5\x8b\xbd\xf1i\xff\x7f\xdd\x1e\xff\x8elbJ)o\x02 \\\xf8\xf1\xf2E\xfc\xf6A\xb7\xc6\xbc$\xc4\xdbD\xf3\x96\xe1S\xda\x069\xa3r\x87\x9eK\xbd\xf4O\xb1a")
(1, b'0E\x02!\x00\xb7~\x00\xffN\xcb\xf5.\xa2\x15\x9bVr\x16\xcdnr\xf2R?Q#\xe8w%\x93\xb0c\xd7\xd7\x95\x16\x02 \x03\x97\xbb\xaa\x08,A\x8a\xa4\x0e\xc6\x14@\x1eO.\xfdy\x17\x91\xa4\x07V \xf7+^\x12\x13~.\x91')
(4, b"0E\x02!\x00\x83\xfc\xebp\x1f\x0eex\x93\x05D\x18\x8e*'\xbf5\x8b\xbd\xf1i\xff\x7f\xdd\x1e\xff\x8elbJ)o\x02 \\\xf8\xf1\xf2E\xfc\xf6A\xb7\xc6\xbc$\xc4\xdbD\xf3\x96\xe1S\xda\x069\xa3r\x87\x9eK\xbd\xf4O\xb1a")
(1, b'0E\x02!\x00\xb7~\x00\xffN\xcb\xf5.\xa2\x15\x9bVr\x16\xcdnr\xf2R?Q#\xe8w%\x93\xb0c\xd7\xd7\x95\x16\x02 \x03\x97\xbb\xaa\x08,A\x8a\xa4\x0e\xc6\x14@\x1eO.\xfdy\x17\x91\xa4\x07V \xf7+^\x12\x13~.\x91')
(4, b"0E\x02!\x00\x83\xfc\xebp\x1f\x0eex\x93\x05D\x18\x8e*'\xbf5\x8b\xbd\xf1i\xff\x7f\xdd\x1e\xff\x8elbJ)o\x02 \\\xf8\xf1\xf2E\xfc\xf6A\xb7\xc6\xbc$\xc4\xdbD\xf3\x96\xe1S\xda\x069\xa3r\x87\x9eK\xbd\xf4O\xb1a")
(1, b'0E\x02!\x00\xb7~\x00\xffN\xcb\xf5.\xa2\x15\x9bVr\x16\xcdnr\xf2R?Q#\xe8w%\x93\xb0c\xd7\xd7\x95\x16\x02 \x03\x97\xbb\xaa\x08,A\x8a\xa4\x0e\xc6\x14@\x1eO.\xfdy\x17\x91\xa4\x07V \xf7+^\x12\x13~.\x91')
(4, b"0E\x02!\x00\x83\xfc\xebp\x1f\x0eex\x93\x05D\x18\x8e*'\xbf5\x8b\xbd\xf1i\xff\x7f\xdd\x1e\xff\x8elbJ)o\x02 \\\xf8\xf1\xf2E\xfc\xf6A\xb7\xc6\xbc$\xc4\xdbD\xf3\x96\xe1S\xda\x069\xa3r\x87\x9eK\xbd\xf4O\xb1a")
(1, b'0E\x02!\x00\xb7~\x00\xffN\xcb\xf5.\xa2\x15\x9bVr\x16\xcdnr\xf2R?Q#\xe8w%\x93\xb0c\xd7\xd7\x95\x16\x02 \x03\x97\xbb\xaa\x08,A\x8a\xa4\x0e\xc6\x14@\x1eO.\xfdy\x17\x91\xa4\x07V \xf7+^\x12\x13~.\x91')
(4, b"0E\x02!\x00\x83\xfc\xebp\x1f\x0eex\x93\x05D\x18\x8e*'\xbf5\x8b\xbd\xf1i\xff\x7f\xdd\x1e\xff\x8elbJ)o\x02 \\\xf8\xf1\xf2E\xfc\xf6A\xb7\xc6\xbc$\xc4\xdbD\xf3\x96\xe1S\xda\x069\xa3r\x87\x9eK\xbd\xf4O\xb1a")
(1, b'0E\x02!\x00\xb7~\x00\xffN\xcb\xf5.\xa2\x15\x9bVr\x16\xcdnr\xf2R?Q#\xe8w%\x93\xb0c\xd7\xd7\x95\x16\x02 \x03\x97\xbb\xaa\x08,A\x8a\xa4\x0e\xc6\x14@\x1eO.\xfdy\x17\x91\xa4\x07V \xf7+^\x12\x13~.\x91')
(4, b"0E\x02!\x00\x83\xfc\xebp\x1f\x0eex\x93\x05D\x18\x8e*'\xbf5\x8b\xbd\xf1i\xff\x7f\xdd\x1e\xff\x8elbJ)o\x02 \\\xf8\xf1\xf2E\xfc\xf6A\xb7\xc6\xbc$\xc4\xdbD\xf3\x96\xe1S\xda\x069\xa3r\x87\x9eK\xbd\xf4O\xb1a")
(1, b'0E\x02!\x00\xb7~\x00\xffN\xcb\xf5.\xa2\x15\x9bVr\x16\xcdnr\xf2R?Q#\xe8w%\x93\xb0c\xd7\xd7\x95\x16\x02 \x03\x97\xbb\xaa\x08,A\x8a\xa4\x0e\xc6\x14@\x1eO.\xfdy\x17\x91\xa4\x07V \xf7+^\x12\x13~.\x91')
(4, b"0E\x02!\x00\x83\xfc\xebp\x1f\x0eex\x93\x05D\x18\x8e*'\xbf5\x8b\xbd\xf1i\xff\x7f\xdd\x1e\xff\x8elbJ)o\x02 \\\xf8\xf1\xf2E\xfc\xf6A\xb7\xc6\xbc$\xc4\xdbD\xf3\x96\xe1S\xda\x069\xa3r\x87\x9eK\xbd\xf4O\xb1a")
(1, b'0E\x02!\x00\xb7~\x00\xffN\xcb\xf5.\xa2\x15\x9bVr\x16\xcdnr\xf2R?Q#\xe8w%\x93\xb0c\xd7\xd7\x95\x16\x02 \x03\x97\xbb\xaa\x08,A\x8a\xa4\x0e\xc6\x14@\x1eO.\xfdy\x17\x91\xa4\x07V \xf7+^\x12\x13~.\x91')
(4, b"0E\x02!\x00\x83\xfc\xebp\x1f\x0eex\x93\x05D\x18\x8e*'\xbf5\x8b\xbd\xf1i\xff\x7f\xdd\x1e\xff\x8elbJ)o\x02 \\\xf8\xf1\xf2E\xfc\xf6A\xb7\xc6\xbc$\xc4\xdbD\xf3\x96\xe1S\xda\x069\xa3r\x87\x9eK\xbd\xf4O\xb1a")
(1, b'0E\x02!\x00\xb7~\x00\xffN\xcb\xf5.\xa2\x15\x9bVr\x16\xcdnr\xf2R?Q#\xe8w%\x93\xb0c\xd7\xd7\x95\x16\x02 \x03\x97\xbb\xaa\x08,A\x8a\xa4\x0e\xc6\x14@\x1eO.\xfdy\x17\x91\xa4\x07V \xf7+^\x12\x13~.\x91')
6 config verify passed!!!!
Node 6 read a proofchain using 0.004821 sec
6 start to run round 8 C: [0, 1, 2, 3, 4, 5, 6] N: 7
old [0, 1, 2, 3, 4, 5, 6]
new [0, 1, 2, 3, 4, 5, 6]
run round 8 adkr round taking 0.986775 sec
pc size for round 8 is 38734
(4, b"0E\x02!\x00\x83\xfc\xebp\x1f\x0eex\x93\x05D\x18\x8e*'\xbf5\x8b\xbd\xf1i\xff\x7f\xdd\x1e\xff\x8elbJ)o\x02 \\\xf8\xf1\xf2E\xfc\xf6A\xb7\xc6\xbc$\xc4\xdbD\xf3\x96\xe1S\xda\x069\xa3r\x87\x9eK\xbd\xf4O\xb1a")
(1, b'0E\x02!\x00\xb7~\x00\xffN\xcb\xf5.\xa2\x15\x9bVr\x16\xcdnr\xf2R?Q#\xe8w%\x93\xb0c\xd7\xd7\x95\x16\x02 \x03\x97\xbb\xaa\x08,A\x8a\xa4\x0e\xc6\x14@\x1eO.\xfdy\x17\x91\xa4\x07V \xf7+^\x12\x13~.\x91')
(4, b"0E\x02!\x00\x83\xfc\xebp\x1f\x0eex\x93\x05D\x18\x8e*'\xbf5\x8b\xbd\xf1i\xff\x7f\xdd\x1e\xff\x8elbJ)o\x02 \\\xf8\xf1\xf2E\xfc\xf6A\xb7\xc6\xbc$\xc4\xdbD\xf3\x96\xe1S\xda\x069\xa3r\x87\x9eK\xbd\xf4O\xb1a")
(1, b'0E\x02!\x00\xb7~\x00\xffN\xcb\xf5.\xa2\x15\x9bVr\x16\xcdnr\xf2R?Q#\xe8w%\x93\xb0c\xd7\xd7\x95\x16\x02 \x03\x97\xbb\xaa\x08,A\x8a\xa4\x0e\xc6\x14@\x1eO.\xfdy\x17\x91\xa4\x07V \xf7+^\x12\x13~.\x91')
(4, b"0E\x02!\x00\x83\xfc\xebp\x1f\x0eex\x93\x05D\x18\x8e*'\xbf5\x8b\xbd\xf1i\xff\x7f\xdd\x1e\xff\x8elbJ)o\x02 \\\xf8\xf1\xf2E\xfc\xf6A\xb7\xc6\xbc$\xc4\xdbD\xf3\x96\xe1S\xda\x069\xa3r\x87\x9eK\xbd\xf4O\xb1a")
(1, b'0E\x02!\x00\xb7~\x00\xffN\xcb\xf5.\xa2\x15\x9bVr\x16\xcdnr\xf2R?Q#\xe8w%\x93\xb0c\xd7\xd7\x95\x16\x02 \x03\x97\xbb\xaa\x08,A\x8a\xa4\x0e\xc6\x14@\x1eO.\xfdy\x17\x91\xa4\x07V \xf7+^\x12\x13~.\x91')
(4, b"0E\x02!\x00\x83\xfc\xebp\x1f\x0eex\x93\x05D\x18\x8e*'\xbf5\x8b\xbd\xf1i\xff\x7f\xdd\x1e\xff\x8elbJ)o\x02 \\\xf8\xf1\xf2E\xfc\xf6A\xb7\xc6\xbc$\xc4\xdbD\xf3\x96\xe1S\xda\x069\xa3r\x87\x9eK\xbd\xf4O\xb1a")
(1, b'0E\x02!\x00\xb7~\x00\xffN\xcb\xf5.\xa2\x15\x9bVr\x16\xcdnr\xf2R?Q#\xe8w%\x93\xb0c\xd7\xd7\x95\x16\x02 \x03\x97\xbb\xaa\x08,A\x8a\xa4\x0e\xc6\x14@\x1eO.\xfdy\x17\x91\xa4\x07V \xf7+^\x12\x13~.\x91')
(4, b"0E\x02!\x00\x83\xfc\xebp\x1f\x0eex\x93\x05D\x18\x8e*'\xbf5\x8b\xbd\xf1i\xff\x7f\xdd\x1e\xff\x8elbJ)o\x02 \\\xf8\xf1\xf2E\xfc\xf6A\xb7\xc6\xbc$\xc4\xdbD\xf3\x96\xe1S\xda\x069\xa3r\x87\x9eK\xbd\xf4O\xb1a")
(1, b'0E\x02!\x00\xb7~\x00\xffN\xcb\xf5.\xa2\x15\x9bVr\x16\xcdnr\xf2R?Q#\xe8w%\x93\xb0c\xd7\xd7\x95\x16\x02 \x03\x97\xbb\xaa\x08,A\x8a\xa4\x0e\xc6\x14@\x1eO.\xfdy\x17\x91\xa4\x07V \xf7+^\x12\x13~.\x91')
(4, b"0E\x02!\x00\x83\xfc\xebp\x1f\x0eex\x93\x05D\x18\x8e*'\xbf5\x8b\xbd\xf1i\xff\x7f\xdd\x1e\xff\x8elbJ)o\x02 \\\xf8\xf1\xf2E\xfc\xf6A\xb7\xc6\xbc$\xc4\xdbD\xf3\x96\xe1S\xda\x069\xa3r\x87\x9eK\xbd\xf4O\xb1a")
(1, b'0E\x02!\x00\xb7~\x00\xffN\xcb\xf5.\xa2\x15\x9bVr\x16\xcdnr\xf2R?Q#\xe8w%\x93\xb0c\xd7\xd7\x95\x16\x02 \x03\x97\xbb\xaa\x08,A\x8a\xa4\x0e\xc6\x14@\x1eO.\xfdy\x17\x91\xa4\x07V \xf7+^\x12\x13~.\x91')
(4, b"0E\x02!\x00\x83\xfc\xebp\x1f\x0eex\x93\x05D\x18\x8e*'\xbf5\x8b\xbd\xf1i\xff\x7f\xdd\x1e\xff\x8elbJ)o\x02 \\\xf8\xf1\xf2E\xfc\xf6A\xb7\xc6\xbc$\xc4\xdbD\xf3\x96\xe1S\xda\x069\xa3r\x87\x9eK\xbd\xf4O\xb1a")
(1, b'0E\x02!\x00\xb7~\x00\xffN\xcb\xf5.\xa2\x15\x9bVr\x16\xcdnr\xf2R?Q#\xe8w%\x93\xb0c\xd7\xd7\x95\x16\x02 \x03\x97\xbb\xaa\x08,A\x8a\xa4\x0e\xc6\x14@\x1eO.\xfdy\x17\x91\xa4\x07V \xf7+^\x12\x13~.\x91')
(4, b"0E\x02!\x00\x83\xfc\xebp\x1f\x0eex\x93\x05D\x18\x8e*'\xbf5\x8b\xbd\xf1i\xff\x7f\xdd\x1e\xff\x8elbJ)o\x02 \\\xf8\xf1\xf2E\xfc\xf6A\xb7\xc6\xbc$\xc4\xdbD\xf3\x96\xe1S\xda\x069\xa3r\x87\x9eK\xbd\xf4O\xb1a")
(1, b'0E\x02!\x00\xb7~\x00\xffN\xcb\xf5.\xa2\x15\x9bVr\x16\xcdnr\xf2R?Q#\xe8w%\x93\xb0c\xd7\xd7\x95\x16\x02 \x03\x97\xbb\xaa\x08,A\x8a\xa4\x0e\xc6\x14@\x1eO.\xfdy\x17\x91\xa4\x07V \xf7+^\x12\x13~.\x91')
(4, b"0E\x02!\x00\x83\xfc\xebp\x1f\x0eex\x93\x05D\x18\x8e*'\xbf5\x8b\xbd\xf1i\xff\x7f\xdd\x1e\xff\x8elbJ)o\x02 \\\xf8\xf1\xf2E\xfc\xf6A\xb7\xc6\xbc$\xc4\xdbD\xf3\x96\xe1S\xda\x069\xa3r\x87\x9eK\xbd\xf4O\xb1a")
(1, b'0E\x02!\x00\xb7~\x00\xffN\xcb\xf5.\xa2\x15\x9bVr\x16\xcdnr\xf2R?Q#\xe8w%\x93\xb0c\xd7\xd7\x95\x16\x02 \x03\x97\xbb\xaa\x08,A\x8a\xa4\x0e\xc6\x14@\x1eO.\xfdy\x17\x91\xa4\x07V \xf7+^\x12\x13~.\x91')
6 config verify passed!!!!
Node 6 read a proofchain using 0.005373 sec
6 start to run round 9 C: [0, 1, 2, 3, 4, 5, 6] N: 7
old [0, 1, 2, 3, 4, 5, 6]
new [0, 1, 2, 3, 4, 5, 6]
run round 9 adkr round taking 0.907591 sec
pc size for round 9 is 42996
(4, b"0E\x02!\x00\x83\xfc\xebp\x1f\x0eex\x93\x05D\x18\x8e*'\xbf5\x8b\xbd\xf1i\xff\x7f\xdd\x1e\xff\x8elbJ)o\x02 \\\xf8\xf1\xf2E\xfc\xf6A\xb7\xc6\xbc$\xc4\xdbD\xf3\x96\xe1S\xda\x069\xa3r\x87\x9eK\xbd\xf4O\xb1a")
(1, b'0E\x02!\x00\xb7~\x00\xffN\xcb\xf5.\xa2\x15\x9bVr\x16\xcdnr\xf2R?Q#\xe8w%\x93\xb0c\xd7\xd7\x95\x16\x02 \x03\x97\xbb\xaa\x08,A\x8a\xa4\x0e\xc6\x14@\x1eO.\xfdy\x17\x91\xa4\x07V \xf7+^\x12\x13~.\x91')
(4, b"0E\x02!\x00\x83\xfc\xebp\x1f\x0eex\x93\x05D\x18\x8e*'\xbf5\x8b\xbd\xf1i\xff\x7f\xdd\x1e\xff\x8elbJ)o\x02 \\\xf8\xf1\xf2E\xfc\xf6A\xb7\xc6\xbc$\xc4\xdbD\xf3\x96\xe1S\xda\x069\xa3r\x87\x9eK\xbd\xf4O\xb1a")
(1, b'0E\x02!\x00\xb7~\x00\xffN\xcb\xf5.\xa2\x15\x9bVr\x16\xcdnr\xf2R?Q#\xe8w%\x93\xb0c\xd7\xd7\x95\x16\x02 \x03\x97\xbb\xaa\x08,A\x8a\xa4\x0e\xc6\x14@\x1eO.\xfdy\x17\x91\xa4\x07V \xf7+^\x12\x13~.\x91')
(4, b"0E\x02!\x00\x83\xfc\xebp\x1f\x0eex\x93\x05D\x18\x8e*'\xbf5\x8b\xbd\xf1i\xff\x7f\xdd\x1e\xff\x8elbJ)o\x02 \\\xf8\xf1\xf2E\xfc\xf6A\xb7\xc6\xbc$\xc4\xdbD\xf3\x96\xe1S\xda\x069\xa3r\x87\x9eK\xbd\xf4O\xb1a")
(1, b'0E\x02!\x00\xb7~\x00\xffN\xcb\xf5.\xa2\x15\x9bVr\x16\xcdnr\xf2R?Q#\xe8w%\x93\xb0c\xd7\xd7\x95\x16\x02 \x03\x97\xbb\xaa\x08,A\x8a\xa4\x0e\xc6\x14@\x1eO.\xfdy\x17\x91\xa4\x07V \xf7+^\x12\x13~.\x91')
(4, b"0E\x02!\x00\x83\xfc\xebp\x1f\x0eex\x93\x05D\x18\x8e*'\xbf5\x8b\xbd\xf1i\xff\x7f\xdd\x1e\xff\x8elbJ)o\x02 \\\xf8\xf1\xf2E\xfc\xf6A\xb7\xc6\xbc$\xc4\xdbD\xf3\x96\xe1S\xda\x069\xa3r\x87\x9eK\xbd\xf4O\xb1a")
(1, b'0E\x02!\x00\xb7~\x00\xffN\xcb\xf5.\xa2\x15\x9bVr\x16\xcdnr\xf2R?Q#\xe8w%\x93\xb0c\xd7\xd7\x95\x16\x02 \x03\x97\xbb\xaa\x08,A\x8a\xa4\x0e\xc6\x14@\x1eO.\xfdy\x17\x91\xa4\x07V \xf7+^\x12\x13~.\x91')
(4, b"0E\x02!\x00\x83\xfc\xebp\x1f\x0eex\x93\x05D\x18\x8e*'\xbf5\x8b\xbd\xf1i\xff\x7f\xdd\x1e\xff\x8elbJ)o\x02 \\\xf8\xf1\xf2E\xfc\xf6A\xb7\xc6\xbc$\xc4\xdbD\xf3\x96\xe1S\xda\x069\xa3r\x87\x9eK\xbd\xf4O\xb1a")
(1, b'0E\x02!\x00\xb7~\x00\xffN\xcb\xf5.\xa2\x15\x9bVr\x16\xcdnr\xf2R?Q#\xe8w%\x93\xb0c\xd7\xd7\x95\x16\x02 \x03\x97\xbb\xaa\x08,A\x8a\xa4\x0e\xc6\x14@\x1eO.\xfdy\x17\x91\xa4\x07V \xf7+^\x12\x13~.\x91')
(4, b"0E\x02!\x00\x83\xfc\xebp\x1f\x0eex\x93\x05D\x18\x8e*'\xbf5\x8b\xbd\xf1i\xff\x7f\xdd\x1e\xff\x8elbJ)o\x02 \\\xf8\xf1\xf2E\xfc\xf6A\xb7\xc6\xbc$\xc4\xdbD\xf3\x96\xe1S\xda\x069\xa3r\x87\x9eK\xbd\xf4O\xb1a")
(1, b'0E\x02!\x00\xb7~\x00\xffN\xcb\xf5.\xa2\x15\x9bVr\x16\xcdnr\xf2R?Q#\xe8w%\x93\xb0c\xd7\xd7\x95\x16\x02 \x03\x97\xbb\xaa\x08,A\x8a\xa4\x0e\xc6\x14@\x1eO.\xfdy\x17\x91\xa4\x07V \xf7+^\x12\x13~.\x91')
(4, b"0E\x02!\x00\x83\xfc\xebp\x1f\x0eex\x93\x05D\x18\x8e*'\xbf5\x8b\xbd\xf1i\xff\x7f\xdd\x1e\xff\x8elbJ)o\x02 \\\xf8\xf1\xf2E\xfc\xf6A\xb7\xc6\xbc$\xc4\xdbD\xf3\x96\xe1S\xda\x069\xa3r\x87\x9eK\xbd\xf4O\xb1a")
(1, b'0E\x02!\x00\xb7~\x00\xffN\xcb\xf5.\xa2\x15\x9bVr\x16\xcdnr\xf2R?Q#\xe8w%\x93\xb0c\xd7\xd7\x95\x16\x02 \x03\x97\xbb\xaa\x08,A\x8a\xa4\x0e\xc6\x14@\x1eO.\xfdy\x17\x91\xa4\x07V \xf7+^\x12\x13~.\x91')
(4, b"0E\x02!\x00\x83\xfc\xebp\x1f\x0eex\x93\x05D\x18\x8e*'\xbf5\x8b\xbd\xf1i\xff\x7f\xdd\x1e\xff\x8elbJ)o\x02 \\\xf8\xf1\xf2E\xfc\xf6A\xb7\xc6\xbc$\xc4\xdbD\xf3\x96\xe1S\xda\x069\xa3r\x87\x9eK\xbd\xf4O\xb1a")
(1, b'0E\x02!\x00\xb7~\x00\xffN\xcb\xf5.\xa2\x15\x9bVr\x16\xcdnr\xf2R?Q#\xe8w%\x93\xb0c\xd7\xd7\x95\x16\x02 \x03\x97\xbb\xaa\x08,A\x8a\xa4\x0e\xc6\x14@\x1eO.\xfdy\x17\x91\xa4\x07V \xf7+^\x12\x13~.\x91')
(4, b"0E\x02!\x00\x83\xfc\xebp\x1f\x0eex\x93\x05D\x18\x8e*'\xbf5\x8b\xbd\xf1i\xff\x7f\xdd\x1e\xff\x8elbJ)o\x02 \\\xf8\xf1\xf2E\xfc\xf6A\xb7\xc6\xbc$\xc4\xdbD\xf3\x96\xe1S\xda\x069\xa3r\x87\x9eK\xbd\xf4O\xb1a")
(1, b'0E\x02!\x00\xb7~\x00\xffN\xcb\xf5.\xa2\x15\x9bVr\x16\xcdnr\xf2R?Q#\xe8w%\x93\xb0c\xd7\xd7\x95\x16\x02 \x03\x97\xbb\xaa\x08,A\x8a\xa4\x0e\xc6\x14@\x1eO.\xfdy\x17\x91\xa4\x07V \xf7+^\x12\x13~.\x91')
(4, b"0E\x02!\x00\x83\xfc\xebp\x1f\x0eex\x93\x05D\x18\x8e*'\xbf5\x8b\xbd\xf1i\xff\x7f\xdd\x1e\xff\x8elbJ)o\x02 \\\xf8\xf1\xf2E\xfc\xf6A\xb7\xc6\xbc$\xc4\xdbD\xf3\x96\xe1S\xda\x069\xa3r\x87\x9eK\xbd\xf4O\xb1a")
(1, b'0E\x02!\x00\xb7~\x00\xffN\xcb\xf5.\xa2\x15\x9bVr\x16\xcdnr\xf2R?Q#\xe8w%\x93\xb0c\xd7\xd7\x95\x16\x02 \x03\x97\xbb\xaa\x08,A\x8a\xa4\x0e\xc6\x14@\x1eO.\xfdy\x17\x91\xa4\x07V \xf7+^\x12\x13~.\x91')
6 config verify passed!!!!
Node 6 read a proofchain using 0.005279 sec
6 start to run round 10 C: [0, 1, 2, 3, 4, 5, 6] N: 7
old [0, 1, 2, 3, 4, 5, 6]
new [0, 1, 2, 3, 4, 5, 6]
run round 10 adkr round taking 0.936911 sec
pc size for round 10 is 47256
(4, b"0E\x02!\x00\x83\xfc\xebp\x1f\x0eex\x93\x05D\x18\x8e*'\xbf5\x8b\xbd\xf1i\xff\x7f\xdd\x1e\xff\x8elbJ)o\x02 \\\xf8\xf1\xf2E\xfc\xf6A\xb7\xc6\xbc$\xc4\xdbD\xf3\x96\xe1S\xda\x069\xa3r\x87\x9eK\xbd\xf4O\xb1a")
(1, b'0E\x02!\x00\xb7~\x00\xffN\xcb\xf5.\xa2\x15\x9bVr\x16\xcdnr\xf2R?Q#\xe8w%\x93\xb0c\xd7\xd7\x95\x16\x02 \x03\x97\xbb\xaa\x08,A\x8a\xa4\x0e\xc6\x14@\x1eO.\xfdy\x17\x91\xa4\x07V \xf7+^\x12\x13~.\x91')
(4, b"0E\x02!\x00\x83\xfc\xebp\x1f\x0eex\x93\x05D\x18\x8e*'\xbf5\x8b\xbd\xf1i\xff\x7f\xdd\x1e\xff\x8elbJ)o\x02 \\\xf8\xf1\xf2E\xfc\xf6A\xb7\xc6\xbc$\xc4\xdbD\xf3\x96\xe1S\xda\x069\xa3r\x87\x9eK\xbd\xf4O\xb1a")
(1, b'0E\x02!\x00\xb7~\x00\xffN\xcb\xf5.\xa2\x15\x9bVr\x16\xcdnr\xf2R?Q#\xe8w%\x93\xb0c\xd7\xd7\x95\x16\x02 \x03\x97\xbb\xaa\x08,A\x8a\xa4\x0e\xc6\x14@\x1eO.\xfdy\x17\x91\xa4\x07V \xf7+^\x12\x13~.\x91')
(4, b"0E\x02!\x00\x83\xfc\xebp\x1f\x0eex\x93\x05D\x18\x8e*'\xbf5\x8b\xbd\xf1i\xff\x7f\xdd\x1e\xff\x8elbJ)o\x02 \\\xf8\xf1\xf2E\xfc\xf6A\xb7\xc6\xbc$\xc4\xdbD\xf3\x96\xe1S\xda\x069\xa3r\x87\x9eK\xbd\xf4O\xb1a")
(1, b'0E\x02!\x00\xb7~\x00\xffN\xcb\xf5.\xa2\x15\x9bVr\x16\xcdnr\xf2R?Q#\xe8w%\x93\xb0c\xd7\xd7\x95\x16\x02 \x03\x97\xbb\xaa\x08,A\x8a\xa4\x0e\xc6\x14@\x1eO.\xfdy\x17\x91\xa4\x07V \xf7+^\x12\x13~.\x91')
(4, b"0E\x02!\x00\x83\xfc\xebp\x1f\x0eex\x93\x05D\x18\x8e*'\xbf5\x8b\xbd\xf1i\xff\x7f\xdd\x1e\xff\x8elbJ)o\x02 \\\xf8\xf1\xf2E\xfc\xf6A\xb7\xc6\xbc$\xc4\xdbD\xf3\x96\xe1S\xda\x069\xa3r\x87\x9eK\xbd\xf4O\xb1a")
(1, b'0E\x02!\x00\xb7~\x00\xffN\xcb\xf5.\xa2\x15\x9bVr\x16\xcdnr\xf2R?Q#\xe8w%\x93\xb0c\xd7\xd7\x95\x16\x02 \x03\x97\xbb\xaa\x08,A\x8a\xa4\x0e\xc6\x14@\x1eO.\xfdy\x17\x91\xa4\x07V \xf7+^\x12\x13~.\x91')
(4, b"0E\x02!\x00\x83\xfc\xebp\x1f\x0eex\x93\x05D\x18\x8e*'\xbf5\x8b\xbd\xf1i\xff\x7f\xdd\x1e\xff\x8elbJ)o\x02 \\\xf8\xf1\xf2E\xfc\xf6A\xb7\xc6\xbc$\xc4\xdbD\xf3\x96\xe1S\xda\x069\xa3r\x87\x9eK\xbd\xf4O\xb1a")
(1, b'0E\x02!\x00\xb7~\x00\xffN\xcb\xf5.\xa2\x15\x9bVr\x16\xcdnr\xf2R?Q#\xe8w%\x93\xb0c\xd7\xd7\x95\x16\x02 \x03\x97\xbb\xaa\x08,A\x8a\xa4\x0e\xc6\x14@\x1eO.\xfdy\x17\x91\xa4\x07V \xf7+^\x12\x13~.\x91')
(4, b"0E\x02!\x00\x83\xfc\xebp\x1f\x0eex\x93\x05D\x18\x8e*'\xbf5\x8b\xbd\xf1i\xff\x7f\xdd\x1e\xff\x8elbJ)o\x02 \\\xf8\xf1\xf2E\xfc\xf6A\xb7\xc6\xbc$\xc4\xdbD\xf3\x96\xe1S\xda\x069\xa3r\x87\x9eK\xbd\xf4O\xb1a")
(1, b'0E\x02!\x00\xb7~\x00\xffN\xcb\xf5.\xa2\x15\x9bVr\x16\xcdnr\xf2R?Q#\xe8w%\x93\xb0c\xd7\xd7\x95\x16\x02 \x03\x97\xbb\xaa\x08,A\x8a\xa4\x0e\xc6\x14@\x1eO.\xfdy\x17\x91\xa4\x07V \xf7+^\x12\x13~.\x91')
(4, b"0E\x02!\x00\x83\xfc\xebp\x1f\x0eex\x93\x05D\x18\x8e*'\xbf5\x8b\xbd\xf1i\xff\x7f\xdd\x1e\xff\x8elbJ)o\x02 \\\xf8\xf1\xf2E\xfc\xf6A\xb7\xc6\xbc$\xc4\xdbD\xf3\x96\xe1S\xda\x069\xa3r\x87\x9eK\xbd\xf4O\xb1a")
(1, b'0E\x02!\x00\xb7~\x00\xffN\xcb\xf5.\xa2\x15\x9bVr\x16\xcdnr\xf2R?Q#\xe8w%\x93\xb0c\xd7\xd7\x95\x16\x02 \x03\x97\xbb\xaa\x08,A\x8a\xa4\x0e\xc6\x14@\x1eO.\xfdy\x17\x91\xa4\x07V \xf7+^\x12\x13~.\x91')
(4, b"0E\x02!\x00\x83\xfc\xebp\x1f\x0eex\x93\x05D\x18\x8e*'\xbf5\x8b\xbd\xf1i\xff\x7f\xdd\x1e\xff\x8elbJ)o\x02 \\\xf8\xf1\xf2E\xfc\xf6A\xb7\xc6\xbc$\xc4\xdbD\xf3\x96\xe1S\xda\x069\xa3r\x87\x9eK\xbd\xf4O\xb1a")
(1, b'0E\x02!\x00\xb7~\x00\xffN\xcb\xf5.\xa2\x15\x9bVr\x16\xcdnr\xf2R?Q#\xe8w%\x93\xb0c\xd7\xd7\x95\x16\x02 \x03\x97\xbb\xaa\x08,A\x8a\xa4\x0e\xc6\x14@\x1eO.\xfdy\x17\x91\xa4\x07V \xf7+^\x12\x13~.\x91')
(4, b"0E\x02!\x00\x83\xfc\xebp\x1f\x0eex\x93\x05D\x18\x8e*'\xbf5\x8b\xbd\xf1i\xff\x7f\xdd\x1e\xff\x8elbJ)o\x02 \\\xf8\xf1\xf2E\xfc\xf6A\xb7\xc6\xbc$\xc4\xdbD\xf3\x96\xe1S\xda\x069\xa3r\x87\x9eK\xbd\xf4O\xb1a")
(1, b'0E\x02!\x00\xb7~\x00\xffN\xcb\xf5.\xa2\x15\x9bVr\x16\xcdnr\xf2R?Q#\xe8w%\x93\xb0c\xd7\xd7\x95\x16\x02 \x03\x97\xbb\xaa\x08,A\x8a\xa4\x0e\xc6\x14@\x1eO.\xfdy\x17\x91\xa4\x07V \xf7+^\x12\x13~.\x91')
(4, b"0E\x02!\x00\x83\xfc\xebp\x1f\x0eex\x93\x05D\x18\x8e*'\xbf5\x8b\xbd\xf1i\xff\x7f\xdd\x1e\xff\x8elbJ)o\x02 \\\xf8\xf1\xf2E\xfc\xf6A\xb7\xc6\xbc$\xc4\xdbD\xf3\x96\xe1S\xda\x069\xa3r\x87\x9eK\xbd\xf4O\xb1a")
(1, b'0E\x02!\x00\xb7~\x00\xffN\xcb\xf5.\xa2\x15\x9bVr\x16\xcdnr\xf2R?Q#\xe8w%\x93\xb0c\xd7\xd7\x95\x16\x02 \x03\x97\xbb\xaa\x08,A\x8a\xa4\x0e\xc6\x14@\x1eO.\xfdy\x17\x91\xa4\x07V \xf7+^\x12\x13~.\x91')
(4, b"0E\x02!\x00\x83\xfc\xebp\x1f\x0eex\x93\x05D\x18\x8e*'\xbf5\x8b\xbd\xf1i\xff\x7f\xdd\x1e\xff\x8elbJ)o\x02 \\\xf8\xf1\xf2E\xfc\xf6A\xb7\xc6\xbc$\xc4\xdbD\xf3\x96\xe1S\xda\x069\xa3r\x87\x9eK\xbd\xf4O\xb1a")
(1, b'0E\x02!\x00\xb7~\x00\xffN\xcb\xf5.\xa2\x15\x9bVr\x16\xcdnr\xf2R?Q#\xe8w%\x93\xb0c\xd7\xd7\x95\x16\x02 \x03\x97\xbb\xaa\x08,A\x8a\xa4\x0e\xc6\x14@\x1eO.\xfdy\x17\x91\xa4\x07V \xf7+^\x12\x13~.\x91')
6 config verify passed!!!!
Node 6 read a proofchain using 0.005253 sec
6 start to run round 11 C: [0, 1, 2, 3, 4, 5, 6] N: 7
old [0, 1, 2, 3, 4, 5, 6]
new [0, 1, 2, 3, 4, 5, 6]
run round 11 adkr round taking 0.944530 sec
pc size for round 11 is 51516
(4, b"0E\x02!\x00\x83\xfc\xebp\x1f\x0eex\x93\x05D\x18\x8e*'\xbf5\x8b\xbd\xf1i\xff\x7f\xdd\x1e\xff\x8elbJ)o\x02 \\\xf8\xf1\xf2E\xfc\xf6A\xb7\xc6\xbc$\xc4\xdbD\xf3\x96\xe1S\xda\x069\xa3r\x87\x9eK\xbd\xf4O\xb1a")
(1, b'0E\x02!\x00\xb7~\x00\xffN\xcb\xf5.\xa2\x15\x9bVr\x16\xcdnr\xf2R?Q#\xe8w%\x93\xb0c\xd7\xd7\x95\x16\x02 \x03\x97\xbb\xaa\x08,A\x8a\xa4\x0e\xc6\x14@\x1eO.\xfdy\x17\x91\xa4\x07V \xf7+^\x12\x13~.\x91')
(4, b"0E\x02!\x00\x83\xfc\xebp\x1f\x0eex\x93\x05D\x18\x8e*'\xbf5\x8b\xbd\xf1i\xff\x7f\xdd\x1e\xff\x8elbJ)o\x02 \\\xf8\xf1\xf2E\xfc\xf6A\xb7\xc6\xbc$\xc4\xdbD\xf3\x96\xe1S\xda\x069\xa3r\x87\x9eK\xbd\xf4O\xb1a")
(1, b'0E\x02!\x00\xb7~\x00\xffN\xcb\xf5.\xa2\x15\x9bVr\x16\xcdnr\xf2R?Q#\xe8w%\x93\xb0c\xd7\xd7\x95\x16\x02 \x03\x97\xbb\xaa\x08,A\x8a\xa4\x0e\xc6\x14@\x1eO.\xfdy\x17\x91\xa4\x07V \xf7+^\x12\x13~.\x91')
(4, b"0E\x02!\x00\x83\xfc\xebp\x1f\x0eex\x93\x05D\x18\x8e*'\xbf5\x8b\xbd\xf1i\xff\x7f\xdd\x1e\xff\x8elbJ)o\x02 \\\xf8\xf1\xf2E\xfc\xf6A\xb7\xc6\xbc$\xc4\xdbD\xf3\x96\xe1S\xda\x069\xa3r\x87\x9eK\xbd\xf4O\xb1a")
(1, b'0E\x02!\x00\xb7~\x00\xffN\xcb\xf5.\xa2\x15\x9bVr\x16\xcdnr\xf2R?Q#\xe8w%\x93\xb0c\xd7\xd7\x95\x16\x02 \x03\x97\xbb\xaa\x08,A\x8a\xa4\x0e\xc6\x14@\x1eO.\xfdy\x17\x91\xa4\x07V \xf7+^\x12\x13~.\x91')
(4, b"0E\x02!\x00\x83\xfc\xebp\x1f\x0eex\x93\x05D\x18\x8e*'\xbf5\x8b\xbd\xf1i\xff\x7f\xdd\x1e\xff\x8elbJ)o\x02 \\\xf8\xf1\xf2E\xfc\xf6A\xb7\xc6\xbc$\xc4\xdbD\xf3\x96\xe1S\xda\x069\xa3r\x87\x9eK\xbd\xf4O\xb1a")
(1, b'0E\x02!\x00\xb7~\x00\xffN\xcb\xf5.\xa2\x15\x9bVr\x16\xcdnr\xf2R?Q#\xe8w%\x93\xb0c\xd7\xd7\x95\x16\x02 \x03\x97\xbb\xaa\x08,A\x8a\xa4\x0e\xc6\x14@\x1eO.\xfdy\x17\x91\xa4\x07V \xf7+^\x12\x13~.\x91')
(4, b"0E\x02!\x00\x83\xfc\xebp\x1f\x0eex\x93\x05D\x18\x8e*'\xbf5\x8b\xbd\xf1i\xff\x7f\xdd\x1e\xff\x8elbJ)o\x02 \\\xf8\xf1\xf2E\xfc\xf6A\xb7\xc6\xbc$\xc4\xdbD\xf3\x96\xe1S\xda\x069\xa3r\x87\x9eK\xbd\xf4O\xb1a")
(1, b'0E\x02!\x00\xb7~\x00\xffN\xcb\xf5.\xa2\x15\x9bVr\x16\xcdnr\xf2R?Q#\xe8w%\x93\xb0c\xd7\xd7\x95\x16\x02 \x03\x97\xbb\xaa\x08,A\x8a\xa4\x0e\xc6\x14@\x1eO.\xfdy\x17\x91\xa4\x07V \xf7+^\x12\x13~.\x91')
(4, b"0E\x02!\x00\x83\xfc\xebp\x1f\x0eex\x93\x05D\x18\x8e*'\xbf5\x8b\xbd\xf1i\xff\x7f\xdd\x1e\xff\x8elbJ)o\x02 \\\xf8\xf1\xf2E\xfc\xf6A\xb7\xc6\xbc$\xc4\xdbD\xf3\x96\xe1S\xda\x069\xa3r\x87\x9eK\xbd\xf4O\xb1a")
(1, b'0E\x02!\x00\xb7~\x00\xffN\xcb\xf5.\xa2\x15\x9bVr\x16\xcdnr\xf2R?Q#\xe8w%\x93\xb0c\xd7\xd7\x95\x16\x02 \x03\x97\xbb\xaa\x08,A\x8a\xa4\x0e\xc6\x14@\x1eO.\xfdy\x17\x91\xa4\x07V \xf7+^\x12\x13~.\x91')
(4, b"0E\x02!\x00\x83\xfc\xebp\x1f\x0eex\x93\x05D\x18\x8e*'\xbf5\x8b\xbd\xf1i\xff\x7f\xdd\x1e\xff\x8elbJ)o\x02 \\\xf8\xf1\xf2E\xfc\xf6A\xb7\xc6\xbc$\xc4\xdbD\xf3\x96\xe1S\xda\x069\xa3r\x87\x9eK\xbd\xf4O\xb1a")
(1, b'0E\x02!\x00\xb7~\x00\xffN\xcb\xf5.\xa2\x15\x9bVr\x16\xcdnr\xf2R?Q#\xe8w%\x93\xb0c\xd7\xd7\x95\x16\x02 \x03\x97\xbb\xaa\x08,A\x8a\xa4\x0e\xc6\x14@\x1eO.\xfdy\x17\x91\xa4\x07V \xf7+^\x12\x13~.\x91')
(4, b"0E\x02!\x00\x83\xfc\xebp\x1f\x0eex\x93\x05D\x18\x8e*'\xbf5\x8b\xbd\xf1i\xff\x7f\xdd\x1e\xff\x8elbJ)o\x02 \\\xf8\xf1\xf2E\xfc\xf6A\xb7\xc6\xbc$\xc4\xdbD\xf3\x96\xe1S\xda\x069\xa3r\x87\x9eK\xbd\xf4O\xb1a")
(1, b'0E\x02!\x00\xb7~\x00\xffN\xcb\xf5.\xa2\x15\x9bVr\x16\xcdnr\xf2R?Q#\xe8w%\x93\xb0c\xd7\xd7\x95\x16\x02 \x03\x97\xbb\xaa\x08,A\x8a\xa4\x0e\xc6\x14@\x1eO.\xfdy\x17\x91\xa4\x07V \xf7+^\x12\x13~.\x91')
(4, b"0E\x02!\x00\x83\xfc\xebp\x1f\x0eex\x93\x05D\x18\x8e*'\xbf5\x8b\xbd\xf1i\xff\x7f\xdd\x1e\xff\x8elbJ)o\x02 \\\xf8\xf1\xf2E\xfc\xf6A\xb7\xc6\xbc$\xc4\xdbD\xf3\x96\xe1S\xda\x069\xa3r\x87\x9eK\xbd\xf4O\xb1a")
(1, b'0E\x02!\x00\xb7~\x00\xffN\xcb\xf5.\xa2\x15\x9bVr\x16\xcdnr\xf2R?Q#\xe8w%\x93\xb0c\xd7\xd7\x95\x16\x02 \x03\x97\xbb\xaa\x08,A\x8a\xa4\x0e\xc6\x14@\x1eO.\xfdy\x17\x91\xa4\x07V \xf7+^\x12\x13~.\x91')
(4, b"0E\x02!\x00\x83\xfc\xebp\x1f\x0eex\x93\x05D\x18\x8e*'\xbf5\x8b\xbd\xf1i\xff\x7f\xdd\x1e\xff\x8elbJ)o\x02 \\\xf8\xf1\xf2E\xfc\xf6A\xb7\xc6\xbc$\xc4\xdbD\xf3\x96\xe1S\xda\x069\xa3r\x87\x9eK\xbd\xf4O\xb1a")
(1, b'0E\x02!\x00\xb7~\x00\xffN\xcb\xf5.\xa2\x15\x9bVr\x16\xcdnr\xf2R?Q#\xe8w%\x93\xb0c\xd7\xd7\x95\x16\x02 \x03\x97\xbb\xaa\x08,A\x8a\xa4\x0e\xc6\x14@\x1eO.\xfdy\x17\x91\xa4\x07V \xf7+^\x12\x13~.\x91')
(4, b"0E\x02!\x00\x83\xfc\xebp\x1f\x0eex\x93\x05D\x18\x8e*'\xbf5\x8b\xbd\xf1i\xff\x7f\xdd\x1e\xff\x8elbJ)o\x02 \\\xf8\xf1\xf2E\xfc\xf6A\xb7\xc6\xbc$\xc4\xdbD\xf3\x96\xe1S\xda\x069\xa3r\x87\x9eK\xbd\xf4O\xb1a")
(1, b'0E\x02!\x00\xb7~\x00\xffN\xcb\xf5.\xa2\x15\x9bVr\x16\xcdnr\xf2R?Q#\xe8w%\x93\xb0c\xd7\xd7\x95\x16\x02 \x03\x97\xbb\xaa\x08,A\x8a\xa4\x0e\xc6\x14@\x1eO.\xfdy\x17\x91\xa4\x07V \xf7+^\x12\x13~.\x91')
(4, b"0E\x02!\x00\x83\xfc\xebp\x1f\x0eex\x93\x05D\x18\x8e*'\xbf5\x8b\xbd\xf1i\xff\x7f\xdd\x1e\xff\x8elbJ)o\x02 \\\xf8\xf1\xf2E\xfc\xf6A\xb7\xc6\xbc$\xc4\xdbD\xf3\x96\xe1S\xda\x069\xa3r\x87\x9eK\xbd\xf4O\xb1a")
(1, b'0E\x02!\x00\xb7~\x00\xffN\xcb\xf5.\xa2\x15\x9bVr\x16\xcdnr\xf2R?Q#\xe8w%\x93\xb0c\xd7\xd7\x95\x16\x02 \x03\x97\xbb\xaa\x08,A\x8a\xa4\x0e\xc6\x14@\x1eO.\xfdy\x17\x91\xa4\x07V \xf7+^\x12\x13~.\x91')
6 config verify passed!!!!
Node 6 read a proofchain using 0.005642 sec
6 start to run round 12 C: [0, 1, 2, 3, 4, 5, 6] N: 7
old [0, 1, 2, 3, 4, 5, 6]
new [0, 1, 2, 3, 4, 5, 6]
run round 12 adkr round taking 0.959898 sec
pc size for round 12 is 55776
(4, b"0E\x02!\x00\x83\xfc\xebp\x1f\x0eex\x93\x05D\x18\x8e*'\xbf5\x8b\xbd\xf1i\xff\x7f\xdd\x1e\xff\x8elbJ)o\x02 \\\xf8\xf1\xf2E\xfc\xf6A\xb7\xc6\xbc$\xc4\xdbD\xf3\x96\xe1S\xda\x069\xa3r\x87\x9eK\xbd\xf4O\xb1a")
(1, b'0E\x02!\x00\xb7~\x00\xffN\xcb\xf5.\xa2\x15\x9bVr\x16\xcdnr\xf2R?Q#\xe8w%\x93\xb0c\xd7\xd7\x95\x16\x02 \x03\x97\xbb\xaa\x08,A\x8a\xa4\x0e\xc6\x14@\x1eO.\xfdy\x17\x91\xa4\x07V \xf7+^\x12\x13~.\x91')
(4, b"0E\x02!\x00\x83\xfc\xebp\x1f\x0eex\x93\x05D\x18\x8e*'\xbf5\x8b\xbd\xf1i\xff\x7f\xdd\x1e\xff\x8elbJ)o\x02 \\\xf8\xf1\xf2E\xfc\xf6A\xb7\xc6\xbc$\xc4\xdbD\xf3\x96\xe1S\xda\x069\xa3r\x87\x9eK\xbd\xf4O\xb1a")
(1, b'0E\x02!\x00\xb7~\x00\xffN\xcb\xf5.\xa2\x15\x9bVr\x16\xcdnr\xf2R?Q#\xe8w%\x93\xb0c\xd7\xd7\x95\x16\x02 \x03\x97\xbb\xaa\x08,A\x8a\xa4\x0e\xc6\x14@\x1eO.\xfdy\x17\x91\xa4\x07V \xf7+^\x12\x13~.\x91')
(4, b"0E\x02!\x00\x83\xfc\xebp\x1f\x0eex\x93\x05D\x18\x8e*'\xbf5\x8b\xbd\xf1i\xff\x7f\xdd\x1e\xff\x8elbJ)o\x02 \\\xf8\xf1\xf2E\xfc\xf6A\xb7\xc6\xbc$\xc4\xdbD\xf3\x96\xe1S\xda\x069\xa3r\x87\x9eK\xbd\xf4O\xb1a")
(1, b'0E\x02!\x00\xb7~\x00\xffN\xcb\xf5.\xa2\x15\x9bVr\x16\xcdnr\xf2R?Q#\xe8w%\x93\xb0c\xd7\xd7\x95\x16\x02 \x03\x97\xbb\xaa\x08,A\x8a\xa4\x0e\xc6\x14@\x1eO.\xfdy\x17\x91\xa4\x07V \xf7+^\x12\x13~.\x91')
(4, b"0E\x02!\x00\x83\xfc\xebp\x1f\x0eex\x93\x05D\x18\x8e*'\xbf5\x8b\xbd\xf1i\xff\x7f\xdd\x1e\xff\x8elbJ)o\x02 \\\xf8\xf1\xf2E\xfc\xf6A\xb7\xc6\xbc$\xc4\xdbD\xf3\x96\xe1S\xda\x069\xa3r\x87\x9eK\xbd\xf4O\xb1a")
(1, b'0E\x02!\x00\xb7~\x00\xffN\xcb\xf5.\xa2\x15\x9bVr\x16\xcdnr\xf2R?Q#\xe8w%\x93\xb0c\xd7\xd7\x95\x16\x02 \x03\x97\xbb\xaa\x08,A\x8a\xa4\x0e\xc6\x14@\x1eO.\xfdy\x17\x91\xa4\x07V \xf7+^\x12\x13~.\x91')
(4, b"0E\x02!\x00\x83\xfc\xebp\x1f\x0eex\x93\x05D\x18\x8e*'\xbf5\x8b\xbd\xf1i\xff\x7f\xdd\x1e\xff\x8elbJ)o\x02 \\\xf8\xf1\xf2E\xfc\xf6A\xb7\xc6\xbc$\xc4\xdbD\xf3\x96\xe1S\xda\x069\xa3r\x87\x9eK\xbd\xf4O\xb1a")
(1, b'0E\x02!\x00\xb7~\x00\xffN\xcb\xf5.\xa2\x15\x9bVr\x16\xcdnr\xf2R?Q#\xe8w%\x93\xb0c\xd7\xd7\x95\x16\x02 \x03\x97\xbb\xaa\x08,A\x8a\xa4\x0e\xc6\x14@\x1eO.\xfdy\x17\x91\xa4\x07V \xf7+^\x12\x13~.\x91')
(4, b"0E\x02!\x00\x83\xfc\xebp\x1f\x0eex\x93\x05D\x18\x8e*'\xbf5\x8b\xbd\xf1i\xff\x7f\xdd\x1e\xff\x8elbJ)o\x02 \\\xf8\xf1\xf2E\xfc\xf6A\xb7\xc6\xbc$\xc4\xdbD\xf3\x96\xe1S\xda\x069\xa3r\x87\x9eK\xbd\xf4O\xb1a")
(1, b'0E\x02!\x00\xb7~\x00\xffN\xcb\xf5.\xa2\x15\x9bVr\x16\xcdnr\xf2R?Q#\xe8w%\x93\xb0c\xd7\xd7\x95\x16\x02 \x03\x97\xbb\xaa\x08,A\x8a\xa4\x0e\xc6\x14@\x1eO.\xfdy\x17\x91\xa4\x07V \xf7+^\x12\x13~.\x91')
(4, b"0E\x02!\x00\x83\xfc\xebp\x1f\x0eex\x93\x05D\x18\x8e*'\xbf5\x8b\xbd\xf1i\xff\x7f\xdd\x1e\xff\x8elbJ)o\x02 \\\xf8\xf1\xf2E\xfc\xf6A\xb7\xc6\xbc$\xc4\xdbD\xf3\x96\xe1S\xda\x069\xa3r\x87\x9eK\xbd\xf4O\xb1a")
(1, b'0E\x02!\x00\xb7~\x00\xffN\xcb\xf5.\xa2\x15\x9bVr\x16\xcdnr\xf2R?Q#\xe8w%\x93\xb0c\xd7\xd7\x95\x16\x02 \x03\x97\xbb\xaa\x08,A\x8a\xa4\x0e\xc6\x14@\x1eO.\xfdy\x17\x91\xa4\x07V \xf7+^\x12\x13~.\x91')
(4, b"0E\x02!\x00\x83\xfc\xebp\x1f\x0eex\x93\x05D\x18\x8e*'\xbf5\x8b\xbd\xf1i\xff\x7f\xdd\x1e\xff\x8elbJ)o\x02 \\\xf8\xf1\xf2E\xfc\xf6A\xb7\xc6\xbc$\xc4\xdbD\xf3\x96\xe1S\xda\x069\xa3r\x87\x9eK\xbd\xf4O\xb1a")
(1, b'0E\x02!\x00\xb7~\x00\xffN\xcb\xf5.\xa2\x15\x9bVr\x16\xcdnr\xf2R?Q#\xe8w%\x93\xb0c\xd7\xd7\x95\x16\x02 \x03\x97\xbb\xaa\x08,A\x8a\xa4\x0e\xc6\x14@\x1eO.\xfdy\x17\x91\xa4\x07V \xf7+^\x12\x13~.\x91')
(4, b"0E\x02!\x00\x83\xfc\xebp\x1f\x0eex\x93\x05D\x18\x8e*'\xbf5\x8b\xbd\xf1i\xff\x7f\xdd\x1e\xff\x8elbJ)o\x02 \\\xf8\xf1\xf2E\xfc\xf6A\xb7\xc6\xbc$\xc4\xdbD\xf3\x96\xe1S\xda\x069\xa3r\x87\x9eK\xbd\xf4O\xb1a")
(1, b'0E\x02!\x00\xb7~\x00\xffN\xcb\xf5.\xa2\x15\x9bVr\x16\xcdnr\xf2R?Q#\xe8w%\x93\xb0c\xd7\xd7\x95\x16\x02 \x03\x97\xbb\xaa\x08,A\x8a\xa4\x0e\xc6\x14@\x1eO.\xfdy\x17\x91\xa4\x07V \xf7+^\x12\x13~.\x91')
(4, b"0E\x02!\x00\x83\xfc\xebp\x1f\x0eex\x93\x05D\x18\x8e*'\xbf5\x8b\xbd\xf1i\xff\x7f\xdd\x1e\xff\x8elbJ)o\x02 \\\xf8\xf1\xf2E\xfc\xf6A\xb7\xc6\xbc$\xc4\xdbD\xf3\x96\xe1S\xda\x069\xa3r\x87\x9eK\xbd\xf4O\xb1a")
(1, b'0E\x02!\x00\xb7~\x00\xffN\xcb\xf5.\xa2\x15\x9bVr\x16\xcdnr\xf2R?Q#\xe8w%\x93\xb0c\xd7\xd7\x95\x16\x02 \x03\x97\xbb\xaa\x08,A\x8a\xa4\x0e\xc6\x14@\x1eO.\xfdy\x17\x91\xa4\x07V \xf7+^\x12\x13~.\x91')
(4, b"0E\x02!\x00\x83\xfc\xebp\x1f\x0eex\x93\x05D\x18\x8e*'\xbf5\x8b\xbd\xf1i\xff\x7f\xdd\x1e\xff\x8elbJ)o\x02 \\\xf8\xf1\xf2E\xfc\xf6A\xb7\xc6\xbc$\xc4\xdbD\xf3\x96\xe1S\xda\x069\xa3r\x87\x9eK\xbd\xf4O\xb1a")
(1, b'0E\x02!\x00\xb7~\x00\xffN\xcb\xf5.\xa2\x15\x9bVr\x16\xcdnr\xf2R?Q#\xe8w%\x93\xb0c\xd7\xd7\x95\x16\x02 \x03\x97\xbb\xaa\x08,A\x8a\xa4\x0e\xc6\x14@\x1eO.\xfdy\x17\x91\xa4\x07V \xf7+^\x12\x13~.\x91')
(4, b"0E\x02!\x00\x83\xfc\xebp\x1f\x0eex\x93\x05D\x18\x8e*'\xbf5\x8b\xbd\xf1i\xff\x7f\xdd\x1e\xff\x8elbJ)o\x02 \\\xf8\xf1\xf2E\xfc\xf6A\xb7\xc6\xbc$\xc4\xdbD\xf3\x96\xe1S\xda\x069\xa3r\x87\x9eK\xbd\xf4O\xb1a")
(1, b'0E\x02!\x00\xb7~\x00\xffN\xcb\xf5.\xa2\x15\x9bVr\x16\xcdnr\xf2R?Q#\xe8w%\x93\xb0c\xd7\xd7\x95\x16\x02 \x03\x97\xbb\xaa\x08,A\x8a\xa4\x0e\xc6\x14@\x1eO.\xfdy\x17\x91\xa4\x07V \xf7+^\x12\x13~.\x91')
(4, b"0E\x02!\x00\x83\xfc\xebp\x1f\x0eex\x93\x05D\x18\x8e*'\xbf5\x8b\xbd\xf1i\xff\x7f\xdd\x1e\xff\x8elbJ)o\x02 \\\xf8\xf1\xf2E\xfc\xf6A\xb7\xc6\xbc$\xc4\xdbD\xf3\x96\xe1S\xda\x069\xa3r\x87\x9eK\xbd\xf4O\xb1a")
(1, b'0E\x02!\x00\xb7~\x00\xffN\xcb\xf5.\xa2\x15\x9bVr\x16\xcdnr\xf2R?Q#\xe8w%\x93\xb0c\xd7\xd7\x95\x16\x02 \x03\x97\xbb\xaa\x08,A\x8a\xa4\x0e\xc6\x14@\x1eO.\xfdy\x17\x91\xa4\x07V \xf7+^\x12\x13~.\x91')
6 config verify passed!!!!
Node 6 read a proofchain using 0.005767 sec
6 start to run round 13 C: [0, 1, 2, 3, 4, 5, 6] N: 7
old [0, 1, 2, 3, 4, 5, 6]
new [0, 1, 2, 3, 4, 5, 6]
run round 13 adkr round taking 0.971160 sec
pc size for round 13 is 60037
(4, b"0E\x02!\x00\x83\xfc\xebp\x1f\x0eex\x93\x05D\x18\x8e*'\xbf5\x8b\xbd\xf1i\xff\x7f\xdd\x1e\xff\x8elbJ)o\x02 \\\xf8\xf1\xf2E\xfc\xf6A\xb7\xc6\xbc$\xc4\xdbD\xf3\x96\xe1S\xda\x069\xa3r\x87\x9eK\xbd\xf4O\xb1a")
(1, b'0E\x02!\x00\xb7~\x00\xffN\xcb\xf5.\xa2\x15\x9bVr\x16\xcdnr\xf2R?Q#\xe8w%\x93\xb0c\xd7\xd7\x95\x16\x02 \x03\x97\xbb\xaa\x08,A\x8a\xa4\x0e\xc6\x14@\x1eO.\xfdy\x17\x91\xa4\x07V \xf7+^\x12\x13~.\x91')
(4, b"0E\x02!\x00\x83\xfc\xebp\x1f\x0eex\x93\x05D\x18\x8e*'\xbf5\x8b\xbd\xf1i\xff\x7f\xdd\x1e\xff\x8elbJ)o\x02 \\\xf8\xf1\xf2E\xfc\xf6A\xb7\xc6\xbc$\xc4\xdbD\xf3\x96\xe1S\xda\x069\xa3r\x87\x9eK\xbd\xf4O\xb1a")
(1, b'0E\x02!\x00\xb7~\x00\xffN\xcb\xf5.\xa2\x15\x9bVr\x16\xcdnr\xf2R?Q#\xe8w%\x93\xb0c\xd7\xd7\x95\x16\x02 \x03\x97\xbb\xaa\x08,A\x8a\xa4\x0e\xc6\x14@\x1eO.\xfdy\x17\x91\xa4\x07V \xf7+^\x12\x13~.\x91')
(4, b"0E\x02!\x00\x83\xfc\xebp\x1f\x0eex\x93\x05D\x18\x8e*'\xbf5\x8b\xbd\xf1i\xff\x7f\xdd\x1e\xff\x8elbJ)o\x02 \\\xf8\xf1\xf2E\xfc\xf6A\xb7\xc6\xbc$\xc4\xdbD\xf3\x96\xe1S\xda\x069\xa3r\x87\x9eK\xbd\xf4O\xb1a")
(1, b'0E\x02!\x00\xb7~\x00\xffN\xcb\xf5.\xa2\x15\x9bVr\x16\xcdnr\xf2R?Q#\xe8w%\x93\xb0c\xd7\xd7\x95\x16\x02 \x03\x97\xbb\xaa\x08,A\x8a\xa4\x0e\xc6\x14@\x1eO.\xfdy\x17\x91\xa4\x07V \xf7+^\x12\x13~.\x91')
(4, b"0E\x02!\x00\x83\xfc\xebp\x1f\x0eex\x93\x05D\x18\x8e*'\xbf5\x8b\xbd\xf1i\xff\x7f\xdd\x1e\xff\x8elbJ)o\x02 \\\xf8\xf1\xf2E\xfc\xf6A\xb7\xc6\xbc$\xc4\xdbD\xf3\x96\xe1S\xda\x069\xa3r\x87\x9eK\xbd\xf4O\xb1a")
(1, b'0E\x02!\x00\xb7~\x00\xffN\xcb\xf5.\xa2\x15\x9bVr\x16\xcdnr\xf2R?Q#\xe8w%\x93\xb0c\xd7\xd7\x95\x16\x02 \x03\x97\xbb\xaa\x08,A\x8a\xa4\x0e\xc6\x14@\x1eO.\xfdy\x17\x91\xa4\x07V \xf7+^\x12\x13~.\x91')
(4, b"0E\x02!\x00\x83\xfc\xebp\x1f\x0eex\x93\x05D\x18\x8e*'\xbf5\x8b\xbd\xf1i\xff\x7f\xdd\x1e\xff\x8elbJ)o\x02 \\\xf8\xf1\xf2E\xfc\xf6A\xb7\xc6\xbc$\xc4\xdbD\xf3\x96\xe1S\xda\x069\xa3r\x87\x9eK\xbd\xf4O\xb1a")
(1, b'0E\x02!\x00\xb7~\x00\xffN\xcb\xf5.\xa2\x15\x9bVr\x16\xcdnr\xf2R?Q#\xe8w%\x93\xb0c\xd7\xd7\x95\x16\x02 \x03\x97\xbb\xaa\x08,A\x8a\xa4\x0e\xc6\x14@\x1eO.\xfdy\x17\x91\xa4\x07V \xf7+^\x12\x13~.\x91')
(4, b"0E\x02!\x00\x83\xfc\xebp\x1f\x0eex\x93\x05D\x18\x8e*'\xbf5\x8b\xbd\xf1i\xff\x7f\xdd\x1e\xff\x8elbJ)o\x02 \\\xf8\xf1\xf2E\xfc\xf6A\xb7\xc6\xbc$\xc4\xdbD\xf3\x96\xe1S\xda\x069\xa3r\x87\x9eK\xbd\xf4O\xb1a")
(1, b'0E\x02!\x00\xb7~\x00\xffN\xcb\xf5.\xa2\x15\x9bVr\x16\xcdnr\xf2R?Q#\xe8w%\x93\xb0c\xd7\xd7\x95\x16\x02 \x03\x97\xbb\xaa\x08,A\x8a\xa4\x0e\xc6\x14@\x1eO.\xfdy\x17\x91\xa4\x07V \xf7+^\x12\x13~.\x91')
(4, b"0E\x02!\x00\x83\xfc\xebp\x1f\x0eex\x93\x05D\x18\x8e*'\xbf5\x8b\xbd\xf1i\xff\x7f\xdd\x1e\xff\x8elbJ)o\x02 \\\xf8\xf1\xf2E\xfc\xf6A\xb7\xc6\xbc$\xc4\xdbD\xf3\x96\xe1S\xda\x069\xa3r\x87\x9eK\xbd\xf4O\xb1a")
(1, b'0E\x02!\x00\xb7~\x00\xffN\xcb\xf5.\xa2\x15\x9bVr\x16\xcdnr\xf2R?Q#\xe8w%\x93\xb0c\xd7\xd7\x95\x16\x02 \x03\x97\xbb\xaa\x08,A\x8a\xa4\x0e\xc6\x14@\x1eO.\xfdy\x17\x91\xa4\x07V \xf7+^\x12\x13~.\x91')
(4, b"0E\x02!\x00\x83\xfc\xebp\x1f\x0eex\x93\x05D\x18\x8e*'\xbf5\x8b\xbd\xf1i\xff\x7f\xdd\x1e\xff\x8elbJ)o\x02 \\\xf8\xf1\xf2E\xfc\xf6A\xb7\xc6\xbc$\xc4\xdbD\xf3\x96\xe1S\xda\x069\xa3r\x87\x9eK\xbd\xf4O\xb1a")
(1, b'0E\x02!\x00\xb7~\x00\xffN\xcb\xf5.\xa2\x15\x9bVr\x16\xcdnr\xf2R?Q#\xe8w%\x93\xb0c\xd7\xd7\x95\x16\x02 \x03\x97\xbb\xaa\x08,A\x8a\xa4\x0e\xc6\x14@\x1eO.\xfdy\x17\x91\xa4\x07V \xf7+^\x12\x13~.\x91')
(4, b"0E\x02!\x00\x83\xfc\xebp\x1f\x0eex\x93\x05D\x18\x8e*'\xbf5\x8b\xbd\xf1i\xff\x7f\xdd\x1e\xff\x8elbJ)o\x02 \\\xf8\xf1\xf2E\xfc\xf6A\xb7\xc6\xbc$\xc4\xdbD\xf3\x96\xe1S\xda\x069\xa3r\x87\x9eK\xbd\xf4O\xb1a")
(1, b'0E\x02!\x00\xb7~\x00\xffN\xcb\xf5.\xa2\x15\x9bVr\x16\xcdnr\xf2R?Q#\xe8w%\x93\xb0c\xd7\xd7\x95\x16\x02 \x03\x97\xbb\xaa\x08,A\x8a\xa4\x0e\xc6\x14@\x1eO.\xfdy\x17\x91\xa4\x07V \xf7+^\x12\x13~.\x91')
(4, b"0E\x02!\x00\x83\xfc\xebp\x1f\x0eex\x93\x05D\x18\x8e*'\xbf5\x8b\xbd\xf1i\xff\x7f\xdd\x1e\xff\x8elbJ)o\x02 \\\xf8\xf1\xf2E\xfc\xf6A\xb7\xc6\xbc$\xc4\xdbD\xf3\x96\xe1S\xda\x069\xa3r\x87\x9eK\xbd\xf4O\xb1a")
(1, b'0E\x02!\x00\xb7~\x00\xffN\xcb\xf5.\xa2\x15\x9bVr\x16\xcdnr\xf2R?Q#\xe8w%\x93\xb0c\xd7\xd7\x95\x16\x02 \x03\x97\xbb\xaa\x08,A\x8a\xa4\x0e\xc6\x14@\x1eO.\xfdy\x17\x91\xa4\x07V \xf7+^\x12\x13~.\x91')
(4, b"0E\x02!\x00\x83\xfc\xebp\x1f\x0eex\x93\x05D\x18\x8e*'\xbf5\x8b\xbd\xf1i\xff\x7f\xdd\x1e\xff\x8elbJ)o\x02 \\\xf8\xf1\xf2E\xfc\xf6A\xb7\xc6\xbc$\xc4\xdbD\xf3\x96\xe1S\xda\x069\xa3r\x87\x9eK\xbd\xf4O\xb1a")
(1, b'0E\x02!\x00\xb7~\x00\xffN\xcb\xf5.\xa2\x15\x9bVr\x16\xcdnr\xf2R?Q#\xe8w%\x93\xb0c\xd7\xd7\x95\x16\x02 \x03\x97\xbb\xaa\x08,A\x8a\xa4\x0e\xc6\x14@\x1eO.\xfdy\x17\x91\xa4\x07V \xf7+^\x12\x13~.\x91')
(4, b"0E\x02!\x00\x83\xfc\xebp\x1f\x0eex\x93\x05D\x18\x8e*'\xbf5\x8b\xbd\xf1i\xff\x7f\xdd\x1e\xff\x8elbJ)o\x02 \\\xf8\xf1\xf2E\xfc\xf6A\xb7\xc6\xbc$\xc4\xdbD\xf3\x96\xe1S\xda\x069\xa3r\x87\x9eK\xbd\xf4O\xb1a")
(1, b'0E\x02!\x00\xb7~\x00\xffN\xcb\xf5.\xa2\x15\x9bVr\x16\xcdnr\xf2R?Q#\xe8w%\x93\xb0c\xd7\xd7\x95\x16\x02 \x03\x97\xbb\xaa\x08,A\x8a\xa4\x0e\xc6\x14@\x1eO.\xfdy\x17\x91\xa4\x07V \xf7+^\x12\x13~.\x91')
(4, b"0E\x02!\x00\x83\xfc\xebp\x1f\x0eex\x93\x05D\x18\x8e*'\xbf5\x8b\xbd\xf1i\xff\x7f\xdd\x1e\xff\x8elbJ)o\x02 \\\xf8\xf1\xf2E\xfc\xf6A\xb7\xc6\xbc$\xc4\xdbD\xf3\x96\xe1S\xda\x069\xa3r\x87\x9eK\xbd\xf4O\xb1a")
(1, b'0E\x02!\x00\xb7~\x00\xffN\xcb\xf5.\xa2\x15\x9bVr\x16\xcdnr\xf2R?Q#\xe8w%\x93\xb0c\xd7\xd7\x95\x16\x02 \x03\x97\xbb\xaa\x08,A\x8a\xa4\x0e\xc6\x14@\x1eO.\xfdy\x17\x91\xa4\x07V \xf7+^\x12\x13~.\x91')
(4, b"0E\x02!\x00\x83\xfc\xebp\x1f\x0eex\x93\x05D\x18\x8e*'\xbf5\x8b\xbd\xf1i\xff\x7f\xdd\x1e\xff\x8elbJ)o\x02 \\\xf8\xf1\xf2E\xfc\xf6A\xb7\xc6\xbc$\xc4\xdbD\xf3\x96\xe1S\xda\x069\xa3r\x87\x9eK\xbd\xf4O\xb1a")
(1, b'0E\x02!\x00\xb7~\x00\xffN\xcb\xf5.\xa2\x15\x9bVr\x16\xcdnr\xf2R?Q#\xe8w%\x93\xb0c\xd7\xd7\x95\x16\x02 \x03\x97\xbb\xaa\x08,A\x8a\xa4\x0e\xc6\x14@\x1eO.\xfdy\x17\x91\xa4\x07V \xf7+^\x12\x13~.\x91')
6 config verify passed!!!!
Node 6 read a proofchain using 0.006138 sec
6 start to run round 14 C: [0, 1, 2, 3, 4, 5, 6] N: 7
old [0, 1, 2, 3, 4, 5, 6]
new [0, 1, 2, 3, 4, 5, 6]
run round 14 adkr round taking 0.929771 sec
pc size for round 14 is 64298
(4, b"0E\x02!\x00\x83\xfc\xebp\x1f\x0eex\x93\x05D\x18\x8e*'\xbf5\x8b\xbd\xf1i\xff\x7f\xdd\x1e\xff\x8elbJ)o\x02 \\\xf8\xf1\xf2E\xfc\xf6A\xb7\xc6\xbc$\xc4\xdbD\xf3\x96\xe1S\xda\x069\xa3r\x87\x9eK\xbd\xf4O\xb1a")
(1, b'0E\x02!\x00\xb7~\x00\xffN\xcb\xf5.\xa2\x15\x9bVr\x16\xcdnr\xf2R?Q#\xe8w%\x93\xb0c\xd7\xd7\x95\x16\x02 \x03\x97\xbb\xaa\x08,A\x8a\xa4\x0e\xc6\x14@\x1eO.\xfdy\x17\x91\xa4\x07V \xf7+^\x12\x13~.\x91')
(4, b"0E\x02!\x00\x83\xfc\xebp\x1f\x0eex\x93\x05D\x18\x8e*'\xbf5\x8b\xbd\xf1i\xff\x7f\xdd\x1e\xff\x8elbJ)o\x02 \\\xf8\xf1\xf2E\xfc\xf6A\xb7\xc6\xbc$\xc4\xdbD\xf3\x96\xe1S\xda\x069\xa3r\x87\x9eK\xbd\xf4O\xb1a")
(1, b'0E\x02!\x00\xb7~\x00\xffN\xcb\xf5.\xa2\x15\x9bVr\x16\xcdnr\xf2R?Q#\xe8w%\x93\xb0c\xd7\xd7\x95\x16\x02 \x03\x97\xbb\xaa\x08,A\x8a\xa4\x0e\xc6\x14@\x1eO.\xfdy\x17\x91\xa4\x07V \xf7+^\x12\x13~.\x91')
(4, b"0E\x02!\x00\x83\xfc\xebp\x1f\x0eex\x93\x05D\x18\x8e*'\xbf5\x8b\xbd\xf1i\xff\x7f\xdd\x1e\xff\x8elbJ)o\x02 \\\xf8\xf1\xf2E\xfc\xf6A\xb7\xc6\xbc$\xc4\xdbD\xf3\x96\xe1S\xda\x069\xa3r\x87\x9eK\xbd\xf4O\xb1a")
(1, b'0E\x02!\x00\xb7~\x00\xffN\xcb\xf5.\xa2\x15\x9bVr\x16\xcdnr\xf2R?Q#\xe8w%\x93\xb0c\xd7\xd7\x95\x16\x02 \x03\x97\xbb\xaa\x08,A\x8a\xa4\x0e\xc6\x14@\x1eO.\xfdy\x17\x91\xa4\x07V \xf7+^\x12\x13~.\x91')
(4, b"0E\x02!\x00\x83\xfc\xebp\x1f\x0eex\x93\x05D\x18\x8e*'\xbf5\x8b\xbd\xf1i\xff\x7f\xdd\x1e\xff\x8elbJ)o\x02 \\\xf8\xf1\xf2E\xfc\xf6A\xb7\xc6\xbc$\xc4\xdbD\xf3\x96\xe1S\xda\x069\xa3r\x87\x9eK\xbd\xf4O\xb1a")
(1, b'0E\x02!\x00\xb7~\x00\xffN\xcb\xf5.\xa2\x15\x9bVr\x16\xcdnr\xf2R?Q#\xe8w%\x93\xb0c\xd7\xd7\x95\x16\x02 \x03\x97\xbb\xaa\x08,A\x8a\xa4\x0e\xc6\x14@\x1eO.\xfdy\x17\x91\xa4\x07V \xf7+^\x12\x13~.\x91')
(4, b"0E\x02!\x00\x83\xfc\xebp\x1f\x0eex\x93\x05D\x18\x8e*'\xbf5\x8b\xbd\xf1i\xff\x7f\xdd\x1e\xff\x8elbJ)o\x02 \\\xf8\xf1\xf2E\xfc\xf6A\xb7\xc6\xbc$\xc4\xdbD\xf3\x96\xe1S\xda\x069\xa3r\x87\x9eK\xbd\xf4O\xb1a")
(1, b'0E\x02!\x00\xb7~\x00\xffN\xcb\xf5.\xa2\x15\x9bVr\x16\xcdnr\xf2R?Q#\xe8w%\x93\xb0c\xd7\xd7\x95\x16\x02 \x03\x97\xbb\xaa\x08,A\x8a\xa4\x0e\xc6\x14@\x1eO.\xfdy\x17\x91\xa4\x07V \xf7+^\x12\x13~.\x91')
(4, b"0E\x02!\x00\x83\xfc\xebp\x1f\x0eex\x93\x05D\x18\x8e*'\xbf5\x8b\xbd\xf1i\xff\x7f\xdd\x1e\xff\x8elbJ)o\x02 \\\xf8\xf1\xf2E\xfc\xf6A\xb7\xc6\xbc$\xc4\xdbD\xf3\x96\xe1S\xda\x069\xa3r\x87\x9eK\xbd\xf4O\xb1a")
(1, b'0E\x02!\x00\xb7~\x00\xffN\xcb\xf5.\xa2\x15\x9bVr\x16\xcdnr\xf2R?Q#\xe8w%\x93\xb0c\xd7\xd7\x95\x16\x02 \x03\x97\xbb\xaa\x08,A\x8a\xa4\x0e\xc6\x14@\x1eO.\xfdy\x17\x91\xa4\x07V \xf7+^\x12\x13~.\x91')
(4, b"0E\x02!\x00\x83\xfc\xebp\x1f\x0eex\x93\x05D\x18\x8e*'\xbf5\x8b\xbd\xf1i\xff\x7f\xdd\x1e\xff\x8elbJ)o\x02 \\\xf8\xf1\xf2E\xfc\xf6A\xb7\xc6\xbc$\xc4\xdbD\xf3\x96\xe1S\xda\x069\xa3r\x87\x9eK\xbd\xf4O\xb1a")
(1, b'0E\x02!\x00\xb7~\x00\xffN\xcb\xf5.\xa2\x15\x9bVr\x16\xcdnr\xf2R?Q#\xe8w%\x93\xb0c\xd7\xd7\x95\x16\x02 \x03\x97\xbb\xaa\x08,A\x8a\xa4\x0e\xc6\x14@\x1eO.\xfdy\x17\x91\xa4\x07V \xf7+^\x12\x13~.\x91')
(4, b"0E\x02!\x00\x83\xfc\xebp\x1f\x0eex\x93\x05D\x18\x8e*'\xbf5\x8b\xbd\xf1i\xff\x7f\xdd\x1e\xff\x8elbJ)o\x02 \\\xf8\xf1\xf2E\xfc\xf6A\xb7\xc6\xbc$\xc4\xdbD\xf3\x96\xe1S\xda\x069\xa3r\x87\x9eK\xbd\xf4O\xb1a")
(1, b'0E\x02!\x00\xb7~\x00\xffN\xcb\xf5.\xa2\x15\x9bVr\x16\xcdnr\xf2R?Q#\xe8w%\x93\xb0c\xd7\xd7\x95\x16\x02 \x03\x97\xbb\xaa\x08,A\x8a\xa4\x0e\xc6\x14@\x1eO.\xfdy\x17\x91\xa4\x07V \xf7+^\x12\x13~.\x91')
(4, b"0E\x02!\x00\x83\xfc\xebp\x1f\x0eex\x93\x05D\x18\x8e*'\xbf5\x8b\xbd\xf1i\xff\x7f\xdd\x1e\xff\x8elbJ)o\x02 \\\xf8\xf1\xf2E\xfc\xf6A\xb7\xc6\xbc$\xc4\xdbD\xf3\x96\xe1S\xda\x069\xa3r\x87\x9eK\xbd\xf4O\xb1a")
(1, b'0E\x02!\x00\xb7~\x00\xffN\xcb\xf5.\xa2\x15\x9bVr\x16\xcdnr\xf2R?Q#\xe8w%\x93\xb0c\xd7\xd7\x95\x16\x02 \x03\x97\xbb\xaa\x08,A\x8a\xa4\x0e\xc6\x14@\x1eO.\xfdy\x17\x91\xa4\x07V \xf7+^\x12\x13~.\x91')
(4, b"0E\x02!\x00\x83\xfc\xebp\x1f\x0eex\x93\x05D\x18\x8e*'\xbf5\x8b\xbd\xf1i\xff\x7f\xdd\x1e\xff\x8elbJ)o\x02 \\\xf8\xf1\xf2E\xfc\xf6A\xb7\xc6\xbc$\xc4\xdbD\xf3\x96\xe1S\xda\x069\xa3r\x87\x9eK\xbd\xf4O\xb1a")
(1, b'0E\x02!\x00\xb7~\x00\xffN\xcb\xf5.\xa2\x15\x9bVr\x16\xcdnr\xf2R?Q#\xe8w%\x93\xb0c\xd7\xd7\x95\x16\x02 \x03\x97\xbb\xaa\x08,A\x8a\xa4\x0e\xc6\x14@\x1eO.\xfdy\x17\x91\xa4\x07V \xf7+^\x12\x13~.\x91')
(4, b"0E\x02!\x00\x83\xfc\xebp\x1f\x0eex\x93\x05D\x18\x8e*'\xbf5\x8b\xbd\xf1i\xff\x7f\xdd\x1e\xff\x8elbJ)o\x02 \\\xf8\xf1\xf2E\xfc\xf6A\xb7\xc6\xbc$\xc4\xdbD\xf3\x96\xe1S\xda\x069\xa3r\x87\x9eK\xbd\xf4O\xb1a")
(1, b'0E\x02!\x00\xb7~\x00\xffN\xcb\xf5.\xa2\x15\x9bVr\x16\xcdnr\xf2R?Q#\xe8w%\x93\xb0c\xd7\xd7\x95\x16\x02 \x03\x97\xbb\xaa\x08,A\x8a\xa4\x0e\xc6\x14@\x1eO.\xfdy\x17\x91\xa4\x07V \xf7+^\x12\x13~.\x91')
(4, b"0E\x02!\x00\x83\xfc\xebp\x1f\x0eex\x93\x05D\x18\x8e*'\xbf5\x8b\xbd\xf1i\xff\x7f\xdd\x1e\xff\x8elbJ)o\x02 \\\xf8\xf1\xf2E\xfc\xf6A\xb7\xc6\xbc$\xc4\xdbD\xf3\x96\xe1S\xda\x069\xa3r\x87\x9eK\xbd\xf4O\xb1a")
(1, b'0E\x02!\x00\xb7~\x00\xffN\xcb\xf5.\xa2\x15\x9bVr\x16\xcdnr\xf2R?Q#\xe8w%\x93\xb0c\xd7\xd7\x95\x16\x02 \x03\x97\xbb\xaa\x08,A\x8a\xa4\x0e\xc6\x14@\x1eO.\xfdy\x17\x91\xa4\x07V \xf7+^\x12\x13~.\x91')
(4, b"0E\x02!\x00\x83\xfc\xebp\x1f\x0eex\x93\x05D\x18\x8e*'\xbf5\x8b\xbd\xf1i\xff\x7f\xdd\x1e\xff\x8elbJ)o\x02 \\\xf8\xf1\xf2E\xfc\xf6A\xb7\xc6\xbc$\xc4\xdbD\xf3\x96\xe1S\xda\x069\xa3r\x87\x9eK\xbd\xf4O\xb1a")
(1, b'0E\x02!\x00\xb7~\x00\xffN\xcb\xf5.\xa2\x15\x9bVr\x16\xcdnr\xf2R?Q#\xe8w%\x93\xb0c\xd7\xd7\x95\x16\x02 \x03\x97\xbb\xaa\x08,A\x8a\xa4\x0e\xc6\x14@\x1eO.\xfdy\x17\x91\xa4\x07V \xf7+^\x12\x13~.\x91')
(4, b"0E\x02!\x00\x83\xfc\xebp\x1f\x0eex\x93\x05D\x18\x8e*'\xbf5\x8b\xbd\xf1i\xff\x7f\xdd\x1e\xff\x8elbJ)o\x02 \\\xf8\xf1\xf2E\xfc\xf6A\xb7\xc6\xbc$\xc4\xdbD\xf3\x96\xe1S\xda\x069\xa3r\x87\x9eK\xbd\xf4O\xb1a")
(1, b'0E\x02!\x00\xb7~\x00\xffN\xcb\xf5.\xa2\x15\x9bVr\x16\xcdnr\xf2R?Q#\xe8w%\x93\xb0c\xd7\xd7\x95\x16\x02 \x03\x97\xbb\xaa\x08,A\x8a\xa4\x0e\xc6\x14@\x1eO.\xfdy\x17\x91\xa4\x07V \xf7+^\x12\x13~.\x91')
(4, b"0E\x02!\x00\x83\xfc\xebp\x1f\x0eex\x93\x05D\x18\x8e*'\xbf5\x8b\xbd\xf1i\xff\x7f\xdd\x1e\xff\x8elbJ)o\x02 \\\xf8\xf1\xf2E\xfc\xf6A\xb7\xc6\xbc$\xc4\xdbD\xf3\x96\xe1S\xda\x069\xa3r\x87\x9eK\xbd\xf4O\xb1a")
(1, b'0E\x02!\x00\xb7~\x00\xffN\xcb\xf5.\xa2\x15\x9bVr\x16\xcdnr\xf2R?Q#\xe8w%\x93\xb0c\xd7\xd7\x95\x16\x02 \x03\x97\xbb\xaa\x08,A\x8a\xa4\x0e\xc6\x14@\x1eO.\xfdy\x17\x91\xa4\x07V \xf7+^\x12\x13~.\x91')
6 config verify passed!!!!
Node 6 read a proofchain using 0.006384 sec
6 start to run round 15 C: [0, 1, 2, 3, 4, 5, 6] N: 7
old [0, 1, 2, 3, 4, 5, 6]
new [0, 1, 2, 3, 4, 5, 6]
run round 15 adkr round taking 0.933661 sec
pc size for round 15 is 68568
(4, b"0E\x02!\x00\x83\xfc\xebp\x1f\x0eex\x93\x05D\x18\x8e*'\xbf5\x8b\xbd\xf1i\xff\x7f\xdd\x1e\xff\x8elbJ)o\x02 \\\xf8\xf1\xf2E\xfc\xf6A\xb7\xc6\xbc$\xc4\xdbD\xf3\x96\xe1S\xda\x069\xa3r\x87\x9eK\xbd\xf4O\xb1a")
(1, b'0E\x02!\x00\xb7~\x00\xffN\xcb\xf5.\xa2\x15\x9bVr\x16\xcdnr\xf2R?Q#\xe8w%\x93\xb0c\xd7\xd7\x95\x16\x02 \x03\x97\xbb\xaa\x08,A\x8a\xa4\x0e\xc6\x14@\x1eO.\xfdy\x17\x91\xa4\x07V \xf7+^\x12\x13~.\x91')
(4, b"0E\x02!\x00\x83\xfc\xebp\x1f\x0eex\x93\x05D\x18\x8e*'\xbf5\x8b\xbd\xf1i\xff\x7f\xdd\x1e\xff\x8elbJ)o\x02 \\\xf8\xf1\xf2E\xfc\xf6A\xb7\xc6\xbc$\xc4\xdbD\xf3\x96\xe1S\xda\x069\xa3r\x87\x9eK\xbd\xf4O\xb1a")
(1, b'0E\x02!\x00\xb7~\x00\xffN\xcb\xf5.\xa2\x15\x9bVr\x16\xcdnr\xf2R?Q#\xe8w%\x93\xb0c\xd7\xd7\x95\x16\x02 \x03\x97\xbb\xaa\x08,A\x8a\xa4\x0e\xc6\x14@\x1eO.\xfdy\x17\x91\xa4\x07V \xf7+^\x12\x13~.\x91')
(4, b"0E\x02!\x00\x83\xfc\xebp\x1f\x0eex\x93\x05D\x18\x8e*'\xbf5\x8b\xbd\xf1i\xff\x7f\xdd\x1e\xff\x8elbJ)o\x02 \\\xf8\xf1\xf2E\xfc\xf6A\xb7\xc6\xbc$\xc4\xdbD\xf3\x96\xe1S\xda\x069\xa3r\x87\x9eK\xbd\xf4O\xb1a")
(1, b'0E\x02!\x00\xb7~\x00\xffN\xcb\xf5.\xa2\x15\x9bVr\x16\xcdnr\xf2R?Q#\xe8w%\x93\xb0c\xd7\xd7\x95\x16\x02 \x03\x97\xbb\xaa\x08,A\x8a\xa4\x0e\xc6\x14@\x1eO.\xfdy\x17\x91\xa4\x07V \xf7+^\x12\x13~.\x91')
(4, b"0E\x02!\x00\x83\xfc\xebp\x1f\x0eex\x93\x05D\x18\x8e*'\xbf5\x8b\xbd\xf1i\xff\x7f\xdd\x1e\xff\x8elbJ)o\x02 \\\xf8\xf1\xf2E\xfc\xf6A\xb7\xc6\xbc$\xc4\xdbD\xf3\x96\xe1S\xda\x069\xa3r\x87\x9eK\xbd\xf4O\xb1a")
(1, b'0E\x02!\x00\xb7~\x00\xffN\xcb\xf5.\xa2\x15\x9bVr\x16\xcdnr\xf2R?Q#\xe8w%\x93\xb0c\xd7\xd7\x95\x16\x02 \x03\x97\xbb\xaa\x08,A\x8a\xa4\x0e\xc6\x14@\x1eO.\xfdy\x17\x91\xa4\x07V \xf7+^\x12\x13~.\x91')
(4, b"0E\x02!\x00\x83\xfc\xebp\x1f\x0eex\x93\x05D\x18\x8e*'\xbf5\x8b\xbd\xf1i\xff\x7f\xdd\x1e\xff\x8elbJ)o\x02 \\\xf8\xf1\xf2E\xfc\xf6A\xb7\xc6\xbc$\xc4\xdbD\xf3\x96\xe1S\xda\x069\xa3r\x87\x9eK\xbd\xf4O\xb1a")
(1, b'0E\x02!\x00\xb7~\x00\xffN\xcb\xf5.\xa2\x15\x9bVr\x16\xcdnr\xf2R?Q#\xe8w%\x93\xb0c\xd7\xd7\x95\x16\x02 \x03\x97\xbb\xaa\x08,A\x8a\xa4\x0e\xc6\x14@\x1eO.\xfdy\x17\x91\xa4\x07V \xf7+^\x12\x13~.\x91')
(4, b"0E\x02!\x00\x83\xfc\xebp\x1f\x0eex\x93\x05D\x18\x8e*'\xbf5\x8b\xbd\xf1i\xff\x7f\xdd\x1e\xff\x8elbJ)o\x02 \\\xf8\xf1\xf2E\xfc\xf6A\xb7\xc6\xbc$\xc4\xdbD\xf3\x96\xe1S\xda\x069\xa3r\x87\x9eK\xbd\xf4O\xb1a")
(1, b'0E\x02!\x00\xb7~\x00\xffN\xcb\xf5.\xa2\x15\x9bVr\x16\xcdnr\xf2R?Q#\xe8w%\x93\xb0c\xd7\xd7\x95\x16\x02 \x03\x97\xbb\xaa\x08,A\x8a\xa4\x0e\xc6\x14@\x1eO.\xfdy\x17\x91\xa4\x07V \xf7+^\x12\x13~.\x91')
(4, b"0E\x02!\x00\x83\xfc\xebp\x1f\x0eex\x93\x05D\x18\x8e*'\xbf5\x8b\xbd\xf1i\xff\x7f\xdd\x1e\xff\x8elbJ)o\x02 \\\xf8\xf1\xf2E\xfc\xf6A\xb7\xc6\xbc$\xc4\xdbD\xf3\x96\xe1S\xda\x069\xa3r\x87\x9eK\xbd\xf4O\xb1a")
(1, b'0E\x02!\x00\xb7~\x00\xffN\xcb\xf5.\xa2\x15\x9bVr\x16\xcdnr\xf2R?Q#\xe8w%\x93\xb0c\xd7\xd7\x95\x16\x02 \x03\x97\xbb\xaa\x08,A\x8a\xa4\x0e\xc6\x14@\x1eO.\xfdy\x17\x91\xa4\x07V \xf7+^\x12\x13~.\x91')
(4, b"0E\x02!\x00\x83\xfc\xebp\x1f\x0eex\x93\x05D\x18\x8e*'\xbf5\x8b\xbd\xf1i\xff\x7f\xdd\x1e\xff\x8elbJ)o\x02 \\\xf8\xf1\xf2E\xfc\xf6A\xb7\xc6\xbc$\xc4\xdbD\xf3\x96\xe1S\xda\x069\xa3r\x87\x9eK\xbd\xf4O\xb1a")
(1, b'0E\x02!\x00\xb7~\x00\xffN\xcb\xf5.\xa2\x15\x9bVr\x16\xcdnr\xf2R?Q#\xe8w%\x93\xb0c\xd7\xd7\x95\x16\x02 \x03\x97\xbb\xaa\x08,A\x8a\xa4\x0e\xc6\x14@\x1eO.\xfdy\x17\x91\xa4\x07V \xf7+^\x12\x13~.\x91')
(4, b"0E\x02!\x00\x83\xfc\xebp\x1f\x0eex\x93\x05D\x18\x8e*'\xbf5\x8b\xbd\xf1i\xff\x7f\xdd\x1e\xff\x8elbJ)o\x02 \\\xf8\xf1\xf2E\xfc\xf6A\xb7\xc6\xbc$\xc4\xdbD\xf3\x96\xe1S\xda\x069\xa3r\x87\x9eK\xbd\xf4O\xb1a")
(1, b'0E\x02!\x00\xb7~\x00\xffN\xcb\xf5.\xa2\x15\x9bVr\x16\xcdnr\xf2R?Q#\xe8w%\x93\xb0c\xd7\xd7\x95\x16\x02 \x03\x97\xbb\xaa\x08,A\x8a\xa4\x0e\xc6\x14@\x1eO.\xfdy\x17\x91\xa4\x07V \xf7+^\x12\x13~.\x91')
(4, b"0E\x02!\x00\x83\xfc\xebp\x1f\x0eex\x93\x05D\x18\x8e*'\xbf5\x8b\xbd\xf1i\xff\x7f\xdd\x1e\xff\x8elbJ)o\x02 \\\xf8\xf1\xf2E\xfc\xf6A\xb7\xc6\xbc$\xc4\xdbD\xf3\x96\xe1S\xda\x069\xa3r\x87\x9eK\xbd\xf4O\xb1a")
(1, b'0E\x02!\x00\xb7~\x00\xffN\xcb\xf5.\xa2\x15\x9bVr\x16\xcdnr\xf2R?Q#\xe8w%\x93\xb0c\xd7\xd7\x95\x16\x02 \x03\x97\xbb\xaa\x08,A\x8a\xa4\x0e\xc6\x14@\x1eO.\xfdy\x17\x91\xa4\x07V \xf7+^\x12\x13~.\x91')
(4, b"0E\x02!\x00\x83\xfc\xebp\x1f\x0eex\x93\x05D\x18\x8e*'\xbf5\x8b\xbd\xf1i\xff\x7f\xdd\x1e\xff\x8elbJ)o\x02 \\\xf8\xf1\xf2E\xfc\xf6A\xb7\xc6\xbc$\xc4\xdbD\xf3\x96\xe1S\xda\x069\xa3r\x87\x9eK\xbd\xf4O\xb1a")
(1, b'0E\x02!\x00\xb7~\x00\xffN\xcb\xf5.\xa2\x15\x9bVr\x16\xcdnr\xf2R?Q#\xe8w%\x93\xb0c\xd7\xd7\x95\x16\x02 \x03\x97\xbb\xaa\x08,A\x8a\xa4\x0e\xc6\x14@\x1eO.\xfdy\x17\x91\xa4\x07V \xf7+^\x12\x13~.\x91')
(4, b"0E\x02!\x00\x83\xfc\xebp\x1f\x0eex\x93\x05D\x18\x8e*'\xbf5\x8b\xbd\xf1i\xff\x7f\xdd\x1e\xff\x8elbJ)o\x02 \\\xf8\xf1\xf2E\xfc\xf6A\xb7\xc6\xbc$\xc4\xdbD\xf3\x96\xe1S\xda\x069\xa3r\x87\x9eK\xbd\xf4O\xb1a")
(1, b'0E\x02!\x00\xb7~\x00\xffN\xcb\xf5.\xa2\x15\x9bVr\x16\xcdnr\xf2R?Q#\xe8w%\x93\xb0c\xd7\xd7\x95\x16\x02 \x03\x97\xbb\xaa\x08,A\x8a\xa4\x0e\xc6\x14@\x1eO.\xfdy\x17\x91\xa4\x07V \xf7+^\x12\x13~.\x91')
(4, b"0E\x02!\x00\x83\xfc\xebp\x1f\x0eex\x93\x05D\x18\x8e*'\xbf5\x8b\xbd\xf1i\xff\x7f\xdd\x1e\xff\x8elbJ)o\x02 \\\xf8\xf1\xf2E\xfc\xf6A\xb7\xc6\xbc$\xc4\xdbD\xf3\x96\xe1S\xda\x069\xa3r\x87\x9eK\xbd\xf4O\xb1a")
(1, b'0E\x02!\x00\xb7~\x00\xffN\xcb\xf5.\xa2\x15\x9bVr\x16\xcdnr\xf2R?Q#\xe8w%\x93\xb0c\xd7\xd7\x95\x16\x02 \x03\x97\xbb\xaa\x08,A\x8a\xa4\x0e\xc6\x14@\x1eO.\xfdy\x17\x91\xa4\x07V \xf7+^\x12\x13~.\x91')
(4, b"0E\x02!\x00\x83\xfc\xebp\x1f\x0eex\x93\x05D\x18\x8e*'\xbf5\x8b\xbd\xf1i\xff\x7f\xdd\x1e\xff\x8elbJ)o\x02 \\\xf8\xf1\xf2E\xfc\xf6A\xb7\xc6\xbc$\xc4\xdbD\xf3\x96\xe1S\xda\x069\xa3r\x87\x9eK\xbd\xf4O\xb1a")
(1, b'0E\x02!\x00\xb7~\x00\xffN\xcb\xf5.\xa2\x15\x9bVr\x16\xcdnr\xf2R?Q#\xe8w%\x93\xb0c\xd7\xd7\x95\x16\x02 \x03\x97\xbb\xaa\x08,A\x8a\xa4\x0e\xc6\x14@\x1eO.\xfdy\x17\x91\xa4\x07V \xf7+^\x12\x13~.\x91')
(4, b"0E\x02!\x00\x83\xfc\xebp\x1f\x0eex\x93\x05D\x18\x8e*'\xbf5\x8b\xbd\xf1i\xff\x7f\xdd\x1e\xff\x8elbJ)o\x02 \\\xf8\xf1\xf2E\xfc\xf6A\xb7\xc6\xbc$\xc4\xdbD\xf3\x96\xe1S\xda\x069\xa3r\x87\x9eK\xbd\xf4O\xb1a")
(1, b'0E\x02!\x00\xb7~\x00\xffN\xcb\xf5.\xa2\x15\x9bVr\x16\xcdnr\xf2R?Q#\xe8w%\x93\xb0c\xd7\xd7\x95\x16\x02 \x03\x97\xbb\xaa\x08,A\x8a\xa4\x0e\xc6\x14@\x1eO.\xfdy\x17\x91\xa4\x07V \xf7+^\x12\x13~.\x91')
(4, b"0E\x02!\x00\x83\xfc\xebp\x1f\x0eex\x93\x05D\x18\x8e*'\xbf5\x8b\xbd\xf1i\xff\x7f\xdd\x1e\xff\x8elbJ)o\x02 \\\xf8\xf1\xf2E\xfc\xf6A\xb7\xc6\xbc$\xc4\xdbD\xf3\x96\xe1S\xda\x069\xa3r\x87\x9eK\xbd\xf4O\xb1a")
(1, b'0E\x02!\x00\xb7~\x00\xffN\xcb\xf5.\xa2\x15\x9bVr\x16\xcdnr\xf2R?Q#\xe8w%\x93\xb0c\xd7\xd7\x95\x16\x02 \x03\x97\xbb\xaa\x08,A\x8a\xa4\x0e\xc6\x14@\x1eO.\xfdy\x17\x91\xa4\x07V \xf7+^\x12\x13~.\x91')
6 config verify passed!!!!
Node 6 read a proofchain using 0.006904 sec
6 start to run round 16 C: [0, 1, 2, 3, 4, 5, 6] N: 7
old [0, 1, 2, 3, 4, 5, 6]
new [0, 1, 2, 3, 4, 5, 6]
run round 16 adkr round taking 0.992630 sec
pc size for round 16 is 72830
(4, b"0E\x02!\x00\x83\xfc\xebp\x1f\x0eex\x93\x05D\x18\x8e*'\xbf5\x8b\xbd\xf1i\xff\x7f\xdd\x1e\xff\x8elbJ)o\x02 \\\xf8\xf1\xf2E\xfc\xf6A\xb7\xc6\xbc$\xc4\xdbD\xf3\x96\xe1S\xda\x069\xa3r\x87\x9eK\xbd\xf4O\xb1a")
(1, b'0E\x02!\x00\xb7~\x00\xffN\xcb\xf5.\xa2\x15\x9bVr\x16\xcdnr\xf2R?Q#\xe8w%\x93\xb0c\xd7\xd7\x95\x16\x02 \x03\x97\xbb\xaa\x08,A\x8a\xa4\x0e\xc6\x14@\x1eO.\xfdy\x17\x91\xa4\x07V \xf7+^\x12\x13~.\x91')
(4, b"0E\x02!\x00\x83\xfc\xebp\x1f\x0eex\x93\x05D\x18\x8e*'\xbf5\x8b\xbd\xf1i\xff\x7f\xdd\x1e\xff\x8elbJ)o\x02 \\\xf8\xf1\xf2E\xfc\xf6A\xb7\xc6\xbc$\xc4\xdbD\xf3\x96\xe1S\xda\x069\xa3r\x87\x9eK\xbd\xf4O\xb1a")
(1, b'0E\x02!\x00\xb7~\x00\xffN\xcb\xf5.\xa2\x15\x9bVr\x16\xcdnr\xf2R?Q#\xe8w%\x93\xb0c\xd7\xd7\x95\x16\x02 \x03\x97\xbb\xaa\x08,A\x8a\xa4\x0e\xc6\x14@\x1eO.\xfdy\x17\x91\xa4\x07V \xf7+^\x12\x13~.\x91')
(4, b"0E\x02!\x00\x83\xfc\xebp\x1f\x0eex\x93\x05D\x18\x8e*'\xbf5\x8b\xbd\xf1i\xff\x7f\xdd\x1e\xff\x8elbJ)o\x02 \\\xf8\xf1\xf2E\xfc\xf6A\xb7\xc6\xbc$\xc4\xdbD\xf3\x96\xe1S\xda\x069\xa3r\x87\x9eK\xbd\xf4O\xb1a")
(1, b'0E\x02!\x00\xb7~\x00\xffN\xcb\xf5.\xa2\x15\x9bVr\x16\xcdnr\xf2R?Q#\xe8w%\x93\xb0c\xd7\xd7\x95\x16\x02 \x03\x97\xbb\xaa\x08,A\x8a\xa4\x0e\xc6\x14@\x1eO.\xfdy\x17\x91\xa4\x07V \xf7+^\x12\x13~.\x91')
(4, b"0E\x02!\x00\x83\xfc\xebp\x1f\x0eex\x93\x05D\x18\x8e*'\xbf5\x8b\xbd\xf1i\xff\x7f\xdd\x1e\xff\x8elbJ)o\x02 \\\xf8\xf1\xf2E\xfc\xf6A\xb7\xc6\xbc$\xc4\xdbD\xf3\x96\xe1S\xda\x069\xa3r\x87\x9eK\xbd\xf4O\xb1a")
(1, b'0E\x02!\x00\xb7~\x00\xffN\xcb\xf5.\xa2\x15\x9bVr\x16\xcdnr\xf2R?Q#\xe8w%\x93\xb0c\xd7\xd7\x95\x16\x02 \x03\x97\xbb\xaa\x08,A\x8a\xa4\x0e\xc6\x14@\x1eO.\xfdy\x17\x91\xa4\x07V \xf7+^\x12\x13~.\x91')
(4, b"0E\x02!\x00\x83\xfc\xebp\x1f\x0eex\x93\x05D\x18\x8e*'\xbf5\x8b\xbd\xf1i\xff\x7f\xdd\x1e\xff\x8elbJ)o\x02 \\\xf8\xf1\xf2E\xfc\xf6A\xb7\xc6\xbc$\xc4\xdbD\xf3\x96\xe1S\xda\x069\xa3r\x87\x9eK\xbd\xf4O\xb1a")
(1, b'0E\x02!\x00\xb7~\x00\xffN\xcb\xf5.\xa2\x15\x9bVr\x16\xcdnr\xf2R?Q#\xe8w%\x93\xb0c\xd7\xd7\x95\x16\x02 \x03\x97\xbb\xaa\x08,A\x8a\xa4\x0e\xc6\x14@\x1eO.\xfdy\x17\x91\xa4\x07V \xf7+^\x12\x13~.\x91')
(4, b"0E\x02!\x00\x83\xfc\xebp\x1f\x0eex\x93\x05D\x18\x8e*'\xbf5\x8b\xbd\xf1i\xff\x7f\xdd\x1e\xff\x8elbJ)o\x02 \\\xf8\xf1\xf2E\xfc\xf6A\xb7\xc6\xbc$\xc4\xdbD\xf3\x96\xe1S\xda\x069\xa3r\x87\x9eK\xbd\xf4O\xb1a")
(1, b'0E\x02!\x00\xb7~\x00\xffN\xcb\xf5.\xa2\x15\x9bVr\x16\xcdnr\xf2R?Q#\xe8w%\x93\xb0c\xd7\xd7\x95\x16\x02 \x03\x97\xbb\xaa\x08,A\x8a\xa4\x0e\xc6\x14@\x1eO.\xfdy\x17\x91\xa4\x07V \xf7+^\x12\x13~.\x91')
(4, b"0E\x02!\x00\x83\xfc\xebp\x1f\x0eex\x93\x05D\x18\x8e*'\xbf5\x8b\xbd\xf1i\xff\x7f\xdd\x1e\xff\x8elbJ)o\x02 \\\xf8\xf1\xf2E\xfc\xf6A\xb7\xc6\xbc$\xc4\xdbD\xf3\x96\xe1S\xda\x069\xa3r\x87\x9eK\xbd\xf4O\xb1a")
(1, b'0E\x02!\x00\xb7~\x00\xffN\xcb\xf5.\xa2\x15\x9bVr\x16\xcdnr\xf2R?Q#\xe8w%\x93\xb0c\xd7\xd7\x95\x16\x02 \x03\x97\xbb\xaa\x08,A\x8a\xa4\x0e\xc6\x14@\x1eO.\xfdy\x17\x91\xa4\x07V \xf7+^\x12\x13~.\x91')
(4, b"0E\x02!\x00\x83\xfc\xebp\x1f\x0eex\x93\x05D\x18\x8e*'\xbf5\x8b\xbd\xf1i\xff\x7f\xdd\x1e\xff\x8elbJ)o\x02 \\\xf8\xf1\xf2E\xfc\xf6A\xb7\xc6\xbc$\xc4\xdbD\xf3\x96\xe1S\xda\x069\xa3r\x87\x9eK\xbd\xf4O\xb1a")
(1, b'0E\x02!\x00\xb7~\x00\xffN\xcb\xf5.\xa2\x15\x9bVr\x16\xcdnr\xf2R?Q#\xe8w%\x93\xb0c\xd7\xd7\x95\x16\x02 \x03\x97\xbb\xaa\x08,A\x8a\xa4\x0e\xc6\x14@\x1eO.\xfdy\x17\x91\xa4\x07V \xf7+^\x12\x13~.\x91')
(4, b"0E\x02!\x00\x83\xfc\xebp\x1f\x0eex\x93\x05D\x18\x8e*'\xbf5\x8b\xbd\xf1i\xff\x7f\xdd\x1e\xff\x8elbJ)o\x02 \\\xf8\xf1\xf2E\xfc\xf6A\xb7\xc6\xbc$\xc4\xdbD\xf3\x96\xe1S\xda\x069\xa3r\x87\x9eK\xbd\xf4O\xb1a")
(1, b'0E\x02!\x00\xb7~\x00\xffN\xcb\xf5.\xa2\x15\x9bVr\x16\xcdnr\xf2R?Q#\xe8w%\x93\xb0c\xd7\xd7\x95\x16\x02 \x03\x97\xbb\xaa\x08,A\x8a\xa4\x0e\xc6\x14@\x1eO.\xfdy\x17\x91\xa4\x07V \xf7+^\x12\x13~.\x91')
(4, b"0E\x02!\x00\x83\xfc\xebp\x1f\x0eex\x93\x05D\x18\x8e*'\xbf5\x8b\xbd\xf1i\xff\x7f\xdd\x1e\xff\x8elbJ)o\x02 \\\xf8\xf1\xf2E\xfc\xf6A\xb7\xc6\xbc$\xc4\xdbD\xf3\x96\xe1S\xda\x069\xa3r\x87\x9eK\xbd\xf4O\xb1a")
(1, b'0E\x02!\x00\xb7~\x00\xffN\xcb\xf5.\xa2\x15\x9bVr\x16\xcdnr\xf2R?Q#\xe8w%\x93\xb0c\xd7\xd7\x95\x16\x02 \x03\x97\xbb\xaa\x08,A\x8a\xa4\x0e\xc6\x14@\x1eO.\xfdy\x17\x91\xa4\x07V \xf7+^\x12\x13~.\x91')
(4, b"0E\x02!\x00\x83\xfc\xebp\x1f\x0eex\x93\x05D\x18\x8e*'\xbf5\x8b\xbd\xf1i\xff\x7f\xdd\x1e\xff\x8elbJ)o\x02 \\\xf8\xf1\xf2E\xfc\xf6A\xb7\xc6\xbc$\xc4\xdbD\xf3\x96\xe1S\xda\x069\xa3r\x87\x9eK\xbd\xf4O\xb1a")
(1, b'0E\x02!\x00\xb7~\x00\xffN\xcb\xf5.\xa2\x15\x9bVr\x16\xcdnr\xf2R?Q#\xe8w%\x93\xb0c\xd7\xd7\x95\x16\x02 \x03\x97\xbb\xaa\x08,A\x8a\xa4\x0e\xc6\x14@\x1eO.\xfdy\x17\x91\xa4\x07V \xf7+^\x12\x13~.\x91')
(4, b"0E\x02!\x00\x83\xfc\xebp\x1f\x0eex\x93\x05D\x18\x8e*'\xbf5\x8b\xbd\xf1i\xff\x7f\xdd\x1e\xff\x8elbJ)o\x02 \\\xf8\xf1\xf2E\xfc\xf6A\xb7\xc6\xbc$\xc4\xdbD\xf3\x96\xe1S\xda\x069\xa3r\x87\x9eK\xbd\xf4O\xb1a")
(1, b'0E\x02!\x00\xb7~\x00\xffN\xcb\xf5.\xa2\x15\x9bVr\x16\xcdnr\xf2R?Q#\xe8w%\x93\xb0c\xd7\xd7\x95\x16\x02 \x03\x97\xbb\xaa\x08,A\x8a\xa4\x0e\xc6\x14@\x1eO.\xfdy\x17\x91\xa4\x07V \xf7+^\x12\x13~.\x91')
(4, b"0E\x02!\x00\x83\xfc\xebp\x1f\x0eex\x93\x05D\x18\x8e*'\xbf5\x8b\xbd\xf1i\xff\x7f\xdd\x1e\xff\x8elbJ)o\x02 \\\xf8\xf1\xf2E\xfc\xf6A\xb7\xc6\xbc$\xc4\xdbD\xf3\x96\xe1S\xda\x069\xa3r\x87\x9eK\xbd\xf4O\xb1a")
(1, b'0E\x02!\x00\xb7~\x00\xffN\xcb\xf5.\xa2\x15\x9bVr\x16\xcdnr\xf2R?Q#\xe8w%\x93\xb0c\xd7\xd7\x95\x16\x02 \x03\x97\xbb\xaa\x08,A\x8a\xa4\x0e\xc6\x14@\x1eO.\xfdy\x17\x91\xa4\x07V \xf7+^\x12\x13~.\x91')
(4, b"0E\x02!\x00\x83\xfc\xebp\x1f\x0eex\x93\x05D\x18\x8e*'\xbf5\x8b\xbd\xf1i\xff\x7f\xdd\x1e\xff\x8elbJ)o\x02 \\\xf8\xf1\xf2E\xfc\xf6A\xb7\xc6\xbc$\xc4\xdbD\xf3\x96\xe1S\xda\x069\xa3r\x87\x9eK\xbd\xf4O\xb1a")
(1, b'0E\x02!\x00\xb7~\x00\xffN\xcb\xf5.\xa2\x15\x9bVr\x16\xcdnr\xf2R?Q#\xe8w%\x93\xb0c\xd7\xd7\x95\x16\x02 \x03\x97\xbb\xaa\x08,A\x8a\xa4\x0e\xc6\x14@\x1eO.\xfdy\x17\x91\xa4\x07V \xf7+^\x12\x13~.\x91')
(4, b"0E\x02!\x00\x83\xfc\xebp\x1f\x0eex\x93\x05D\x18\x8e*'\xbf5\x8b\xbd\xf1i\xff\x7f\xdd\x1e\xff\x8elbJ)o\x02 \\\xf8\xf1\xf2E\xfc\xf6A\xb7\xc6\xbc$\xc4\xdbD\xf3\x96\xe1S\xda\x069\xa3r\x87\x9eK\xbd\xf4O\xb1a")
(1, b'0E\x02!\x00\xb7~\x00\xffN\xcb\xf5.\xa2\x15\x9bVr\x16\xcdnr\xf2R?Q#\xe8w%\x93\xb0c\xd7\xd7\x95\x16\x02 \x03\x97\xbb\xaa\x08,A\x8a\xa4\x0e\xc6\x14@\x1eO.\xfdy\x17\x91\xa4\x07V \xf7+^\x12\x13~.\x91')
(4, b"0E\x02!\x00\x83\xfc\xebp\x1f\x0eex\x93\x05D\x18\x8e*'\xbf5\x8b\xbd\xf1i\xff\x7f\xdd\x1e\xff\x8elbJ)o\x02 \\\xf8\xf1\xf2E\xfc\xf6A\xb7\xc6\xbc$\xc4\xdbD\xf3\x96\xe1S\xda\x069\xa3r\x87\x9eK\xbd\xf4O\xb1a")
(1, b'0E\x02!\x00\xb7~\x00\xffN\xcb\xf5.\xa2\x15\x9bVr\x16\xcdnr\xf2R?Q#\xe8w%\x93\xb0c\xd7\xd7\x95\x16\x02 \x03\x97\xbb\xaa\x08,A\x8a\xa4\x0e\xc6\x14@\x1eO.\xfdy\x17\x91\xa4\x07V \xf7+^\x12\x13~.\x91')
(4, b"0E\x02!\x00\x83\xfc\xebp\x1f\x0eex\x93\x05D\x18\x8e*'\xbf5\x8b\xbd\xf1i\xff\x7f\xdd\x1e\xff\x8elbJ)o\x02 \\\xf8\xf1\xf2E\xfc\xf6A\xb7\xc6\xbc$\xc4\xdbD\xf3\x96\xe1S\xda\x069\xa3r\x87\x9eK\xbd\xf4O\xb1a")
(1, b'0E\x02!\x00\xb7~\x00\xffN\xcb\xf5.\xa2\x15\x9bVr\x16\xcdnr\xf2R?Q#\xe8w%\x93\xb0c\xd7\xd7\x95\x16\x02 \x03\x97\xbb\xaa\x08,A\x8a\xa4\x0e\xc6\x14@\x1eO.\xfdy\x17\x91\xa4\x07V \xf7+^\x12\x13~.\x91')
6 config verify passed!!!!
Node 6 read a proofchain using 0.007175 sec
6 start to run round 17 C: [0, 1, 2, 3, 4, 5, 6] N: 7
old [0, 1, 2, 3, 4, 5, 6]
new [0, 1, 2, 3, 4, 5, 6]
run round 17 adkr round taking 0.990059 sec
pc size for round 17 is 77091
(4, b"0E\x02!\x00\x83\xfc\xebp\x1f\x0eex\x93\x05D\x18\x8e*'\xbf5\x8b\xbd\xf1i\xff\x7f\xdd\x1e\xff\x8elbJ)o\x02 \\\xf8\xf1\xf2E\xfc\xf6A\xb7\xc6\xbc$\xc4\xdbD\xf3\x96\xe1S\xda\x069\xa3r\x87\x9eK\xbd\xf4O\xb1a")
(1, b'0E\x02!\x00\xb7~\x00\xffN\xcb\xf5.\xa2\x15\x9bVr\x16\xcdnr\xf2R?Q#\xe8w%\x93\xb0c\xd7\xd7\x95\x16\x02 \x03\x97\xbb\xaa\x08,A\x8a\xa4\x0e\xc6\x14@\x1eO.\xfdy\x17\x91\xa4\x07V \xf7+^\x12\x13~.\x91')
(4, b"0E\x02!\x00\x83\xfc\xebp\x1f\x0eex\x93\x05D\x18\x8e*'\xbf5\x8b\xbd\xf1i\xff\x7f\xdd\x1e\xff\x8elbJ)o\x02 \\\xf8\xf1\xf2E\xfc\xf6A\xb7\xc6\xbc$\xc4\xdbD\xf3\x96\xe1S\xda\x069\xa3r\x87\x9eK\xbd\xf4O\xb1a")
(1, b'0E\x02!\x00\xb7~\x00\xffN\xcb\xf5.\xa2\x15\x9bVr\x16\xcdnr\xf2R?Q#\xe8w%\x93\xb0c\xd7\xd7\x95\x16\x02 \x03\x97\xbb\xaa\x08,A\x8a\xa4\x0e\xc6\x14@\x1eO.\xfdy\x17\x91\xa4\x07V \xf7+^\x12\x13~.\x91')
(4, b"0E\x02!\x00\x83\xfc\xebp\x1f\x0eex\x93\x05D\x18\x8e*'\xbf5\x8b\xbd\xf1i\xff\x7f\xdd\x1e\xff\x8elbJ)o\x02 \\\xf8\xf1\xf2E\xfc\xf6A\xb7\xc6\xbc$\xc4\xdbD\xf3\x96\xe1S\xda\x069\xa3r\x87\x9eK\xbd\xf4O\xb1a")
(1, b'0E\x02!\x00\xb7~\x00\xffN\xcb\xf5.\xa2\x15\x9bVr\x16\xcdnr\xf2R?Q#\xe8w%\x93\xb0c\xd7\xd7\x95\x16\x02 \x03\x97\xbb\xaa\x08,A\x8a\xa4\x0e\xc6\x14@\x1eO.\xfdy\x17\x91\xa4\x07V \xf7+^\x12\x13~.\x91')
(4, b"0E\x02!\x00\x83\xfc\xebp\x1f\x0eex\x93\x05D\x18\x8e*'\xbf5\x8b\xbd\xf1i\xff\x7f\xdd\x1e\xff\x8elbJ)o\x02 \\\xf8\xf1\xf2E\xfc\xf6A\xb7\xc6\xbc$\xc4\xdbD\xf3\x96\xe1S\xda\x069\xa3r\x87\x9eK\xbd\xf4O\xb1a")
(1, b'0E\x02!\x00\xb7~\x00\xffN\xcb\xf5.\xa2\x15\x9bVr\x16\xcdnr\xf2R?Q#\xe8w%\x93\xb0c\xd7\xd7\x95\x16\x02 \x03\x97\xbb\xaa\x08,A\x8a\xa4\x0e\xc6\x14@\x1eO.\xfdy\x17\x91\xa4\x07V \xf7+^\x12\x13~.\x91')
(4, b"0E\x02!\x00\x83\xfc\xebp\x1f\x0eex\x93\x05D\x18\x8e*'\xbf5\x8b\xbd\xf1i\xff\x7f\xdd\x1e\xff\x8elbJ)o\x02 \\\xf8\xf1\xf2E\xfc\xf6A\xb7\xc6\xbc$\xc4\xdbD\xf3\x96\xe1S\xda\x069\xa3r\x87\x9eK\xbd\xf4O\xb1a")
(1, b'0E\x02!\x00\xb7~\x00\xffN\xcb\xf5.\xa2\x15\x9bVr\x16\xcdnr\xf2R?Q#\xe8w%\x93\xb0c\xd7\xd7\x95\x16\x02 \x03\x97\xbb\xaa\x08,A\x8a\xa4\x0e\xc6\x14@\x1eO.\xfdy\x17\x91\xa4\x07V \xf7+^\x12\x13~.\x91')
(4, b"0E\x02!\x00\x83\xfc\xebp\x1f\x0eex\x93\x05D\x18\x8e*'\xbf5\x8b\xbd\xf1i\xff\x7f\xdd\x1e\xff\x8elbJ)o\x02 \\\xf8\xf1\xf2E\xfc\xf6A\xb7\xc6\xbc$\xc4\xdbD\xf3\x96\xe1S\xda\x069\xa3r\x87\x9eK\xbd\xf4O\xb1a")
(1, b'0E\x02!\x00\xb7~\x00\xffN\xcb\xf5.\xa2\x15\x9bVr\x16\xcdnr\xf2R?Q#\xe8w%\x93\xb0c\xd7\xd7\x95\x16\x02 \x03\x97\xbb\xaa\x08,A\x8a\xa4\x0e\xc6\x14@\x1eO.\xfdy\x17\x91\xa4\x07V \xf7+^\x12\x13~.\x91')
(4, b"0E\x02!\x00\x83\xfc\xebp\x1f\x0eex\x93\x05D\x18\x8e*'\xbf5\x8b\xbd\xf1i\xff\x7f\xdd\x1e\xff\x8elbJ)o\x02 \\\xf8\xf1\xf2E\xfc\xf6A\xb7\xc6\xbc$\xc4\xdbD\xf3\x96\xe1S\xda\x069\xa3r\x87\x9eK\xbd\xf4O\xb1a")
(1, b'0E\x02!\x00\xb7~\x00\xffN\xcb\xf5.\xa2\x15\x9bVr\x16\xcdnr\xf2R?Q#\xe8w%\x93\xb0c\xd7\xd7\x95\x16\x02 \x03\x97\xbb\xaa\x08,A\x8a\xa4\x0e\xc6\x14@\x1eO.\xfdy\x17\x91\xa4\x07V \xf7+^\x12\x13~.\x91')
(4, b"0E\x02!\x00\x83\xfc\xebp\x1f\x0eex\x93\x05D\x18\x8e*'\xbf5\x8b\xbd\xf1i\xff\x7f\xdd\x1e\xff\x8elbJ)o\x02 \\\xf8\xf1\xf2E\xfc\xf6A\xb7\xc6\xbc$\xc4\xdbD\xf3\x96\xe1S\xda\x069\xa3r\x87\x9eK\xbd\xf4O\xb1a")
(1, b'0E\x02!\x00\xb7~\x00\xffN\xcb\xf5.\xa2\x15\x9bVr\x16\xcdnr\xf2R?Q#\xe8w%\x93\xb0c\xd7\xd7\x95\x16\x02 \x03\x97\xbb\xaa\x08,A\x8a\xa4\x0e\xc6\x14@\x1eO.\xfdy\x17\x91\xa4\x07V \xf7+^\x12\x13~.\x91')
(4, b"0E\x02!\x00\x83\xfc\xebp\x1f\x0eex\x93\x05D\x18\x8e*'\xbf5\x8b\xbd\xf1i\xff\x7f\xdd\x1e\xff\x8elbJ)o\x02 \\\xf8\xf1\xf2E\xfc\xf6A\xb7\xc6\xbc$\xc4\xdbD\xf3\x96\xe1S\xda\x069\xa3r\x87\x9eK\xbd\xf4O\xb1a")
(1, b'0E\x02!\x00\xb7~\x00\xffN\xcb\xf5.\xa2\x15\x9bVr\x16\xcdnr\xf2R?Q#\xe8w%\x93\xb0c\xd7\xd7\x95\x16\x02 \x03\x97\xbb\xaa\x08,A\x8a\xa4\x0e\xc6\x14@\x1eO.\xfdy\x17\x91\xa4\x07V \xf7+^\x12\x13~.\x91')
(4, b"0E\x02!\x00\x83\xfc\xebp\x1f\x0eex\x93\x05D\x18\x8e*'\xbf5\x8b\xbd\xf1i\xff\x7f\xdd\x1e\xff\x8elbJ)o\x02 \\\xf8\xf1\xf2E\xfc\xf6A\xb7\xc6\xbc$\xc4\xdbD\xf3\x96\xe1S\xda\x069\xa3r\x87\x9eK\xbd\xf4O\xb1a")
(1, b'0E\x02!\x00\xb7~\x00\xffN\xcb\xf5.\xa2\x15\x9bVr\x16\xcdnr\xf2R?Q#\xe8w%\x93\xb0c\xd7\xd7\x95\x16\x02 \x03\x97\xbb\xaa\x08,A\x8a\xa4\x0e\xc6\x14@\x1eO.\xfdy\x17\x91\xa4\x07V \xf7+^\x12\x13~.\x91')
(4, b"0E\x02!\x00\x83\xfc\xebp\x1f\x0eex\x93\x05D\x18\x8e*'\xbf5\x8b\xbd\xf1i\xff\x7f\xdd\x1e\xff\x8elbJ)o\x02 \\\xf8\xf1\xf2E\xfc\xf6A\xb7\xc6\xbc$\xc4\xdbD\xf3\x96\xe1S\xda\x069\xa3r\x87\x9eK\xbd\xf4O\xb1a")
(1, b'0E\x02!\x00\xb7~\x00\xffN\xcb\xf5.\xa2\x15\x9bVr\x16\xcdnr\xf2R?Q#\xe8w%\x93\xb0c\xd7\xd7\x95\x16\x02 \x03\x97\xbb\xaa\x08,A\x8a\xa4\x0e\xc6\x14@\x1eO.\xfdy\x17\x91\xa4\x07V \xf7+^\x12\x13~.\x91')
(4, b"0E\x02!\x00\x83\xfc\xebp\x1f\x0eex\x93\x05D\x18\x8e*'\xbf5\x8b\xbd\xf1i\xff\x7f\xdd\x1e\xff\x8elbJ)o\x02 \\\xf8\xf1\xf2E\xfc\xf6A\xb7\xc6\xbc$\xc4\xdbD\xf3\x96\xe1S\xda\x069\xa3r\x87\x9eK\xbd\xf4O\xb1a")
(1, b'0E\x02!\x00\xb7~\x00\xffN\xcb\xf5.\xa2\x15\x9bVr\x16\xcdnr\xf2R?Q#\xe8w%\x93\xb0c\xd7\xd7\x95\x16\x02 \x03\x97\xbb\xaa\x08,A\x8a\xa4\x0e\xc6\x14@\x1eO.\xfdy\x17\x91\xa4\x07V \xf7+^\x12\x13~.\x91')
(4, b"0E\x02!\x00\x83\xfc\xebp\x1f\x0eex\x93\x05D\x18\x8e*'\xbf5\x8b\xbd\xf1i\xff\x7f\xdd\x1e\xff\x8elbJ)o\x02 \\\xf8\xf1\xf2E\xfc\xf6A\xb7\xc6\xbc$\xc4\xdbD\xf3\x96\xe1S\xda\x069\xa3r\x87\x9eK\xbd\xf4O\xb1a")
(1, b'0E\x02!\x00\xb7~\x00\xffN\xcb\xf5.\xa2\x15\x9bVr\x16\xcdnr\xf2R?Q#\xe8w%\x93\xb0c\xd7\xd7\x95\x16\x02 \x03\x97\xbb\xaa\x08,A\x8a\xa4\x0e\xc6\x14@\x1eO.\xfdy\x17\x91\xa4\x07V \xf7+^\x12\x13~.\x91')
(4, b"0E\x02!\x00\x83\xfc\xebp\x1f\x0eex\x93\x05D\x18\x8e*'\xbf5\x8b\xbd\xf1i\xff\x7f\xdd\x1e\xff\x8elbJ)o\x02 \\\xf8\xf1\xf2E\xfc\xf6A\xb7\xc6\xbc$\xc4\xdbD\xf3\x96\xe1S\xda\x069\xa3r\x87\x9eK\xbd\xf4O\xb1a")
(1, b'0E\x02!\x00\xb7~\x00\xffN\xcb\xf5.\xa2\x15\x9bVr\x16\xcdnr\xf2R?Q#\xe8w%\x93\xb0c\xd7\xd7\x95\x16\x02 \x03\x97\xbb\xaa\x08,A\x8a\xa4\x0e\xc6\x14@\x1eO.\xfdy\x17\x91\xa4\x07V \xf7+^\x12\x13~.\x91')
(4, b"0E\x02!\x00\x83\xfc\xebp\x1f\x0eex\x93\x05D\x18\x8e*'\xbf5\x8b\xbd\xf1i\xff\x7f\xdd\x1e\xff\x8elbJ)o\x02 \\\xf8\xf1\xf2E\xfc\xf6A\xb7\xc6\xbc$\xc4\xdbD\xf3\x96\xe1S\xda\x069\xa3r\x87\x9eK\xbd\xf4O\xb1a")
(1, b'0E\x02!\x00\xb7~\x00\xffN\xcb\xf5.\xa2\x15\x9bVr\x16\xcdnr\xf2R?Q#\xe8w%\x93\xb0c\xd7\xd7\x95\x16\x02 \x03\x97\xbb\xaa\x08,A\x8a\xa4\x0e\xc6\x14@\x1eO.\xfdy\x17\x91\xa4\x07V \xf7+^\x12\x13~.\x91')
(4, b"0E\x02!\x00\x83\xfc\xebp\x1f\x0eex\x93\x05D\x18\x8e*'\xbf5\x8b\xbd\xf1i\xff\x7f\xdd\x1e\xff\x8elbJ)o\x02 \\\xf8\xf1\xf2E\xfc\xf6A\xb7\xc6\xbc$\xc4\xdbD\xf3\x96\xe1S\xda\x069\xa3r\x87\x9eK\xbd\xf4O\xb1a")
(1, b'0E\x02!\x00\xb7~\x00\xffN\xcb\xf5.\xa2\x15\x9bVr\x16\xcdnr\xf2R?Q#\xe8w%\x93\xb0c\xd7\xd7\x95\x16\x02 \x03\x97\xbb\xaa\x08,A\x8a\xa4\x0e\xc6\x14@\x1eO.\xfdy\x17\x91\xa4\x07V \xf7+^\x12\x13~.\x91')
(4, b"0E\x02!\x00\x83\xfc\xebp\x1f\x0eex\x93\x05D\x18\x8e*'\xbf5\x8b\xbd\xf1i\xff\x7f\xdd\x1e\xff\x8elbJ)o\x02 \\\xf8\xf1\xf2E\xfc\xf6A\xb7\xc6\xbc$\xc4\xdbD\xf3\x96\xe1S\xda\x069\xa3r\x87\x9eK\xbd\xf4O\xb1a")
(1, b'0E\x02!\x00\xb7~\x00\xffN\xcb\xf5.\xa2\x15\x9bVr\x16\xcdnr\xf2R?Q#\xe8w%\x93\xb0c\xd7\xd7\x95\x16\x02 \x03\x97\xbb\xaa\x08,A\x8a\xa4\x0e\xc6\x14@\x1eO.\xfdy\x17\x91\xa4\x07V \xf7+^\x12\x13~.\x91')
(4, b"0E\x02!\x00\x83\xfc\xebp\x1f\x0eex\x93\x05D\x18\x8e*'\xbf5\x8b\xbd\xf1i\xff\x7f\xdd\x1e\xff\x8elbJ)o\x02 \\\xf8\xf1\xf2E\xfc\xf6A\xb7\xc6\xbc$\xc4\xdbD\xf3\x96\xe1S\xda\x069\xa3r\x87\x9eK\xbd\xf4O\xb1a")
(1, b'0E\x02!\x00\xb7~\x00\xffN\xcb\xf5.\xa2\x15\x9bVr\x16\xcdnr\xf2R?Q#\xe8w%\x93\xb0c\xd7\xd7\x95\x16\x02 \x03\x97\xbb\xaa\x08,A\x8a\xa4\x0e\xc6\x14@\x1eO.\xfdy\x17\x91\xa4\x07V \xf7+^\x12\x13~.\x91')
6 config verify passed!!!!
Node 6 read a proofchain using 0.007132 sec
6 start to run round 18 C: [0, 1, 2, 3, 4, 5, 6] N: 7
old [0, 1, 2, 3, 4, 5, 6]
new [0, 1, 2, 3, 4, 5, 6]
run round 18 adkr round taking 0.988562 sec
pc size for round 18 is 81352
(4, b"0E\x02!\x00\x83\xfc\xebp\x1f\x0eex\x93\x05D\x18\x8e*'\xbf5\x8b\xbd\xf1i\xff\x7f\xdd\x1e\xff\x8elbJ)o\x02 \\\xf8\xf1\xf2E\xfc\xf6A\xb7\xc6\xbc$\xc4\xdbD\xf3\x96\xe1S\xda\x069\xa3r\x87\x9eK\xbd\xf4O\xb1a")
(1, b'0E\x02!\x00\xb7~\x00\xffN\xcb\xf5.\xa2\x15\x9bVr\x16\xcdnr\xf2R?Q#\xe8w%\x93\xb0c\xd7\xd7\x95\x16\x02 \x03\x97\xbb\xaa\x08,A\x8a\xa4\x0e\xc6\x14@\x1eO.\xfdy\x17\x91\xa4\x07V \xf7+^\x12\x13~.\x91')
(4, b"0E\x02!\x00\x83\xfc\xebp\x1f\x0eex\x93\x05D\x18\x8e*'\xbf5\x8b\xbd\xf1i\xff\x7f\xdd\x1e\xff\x8elbJ)o\x02 \\\xf8\xf1\xf2E\xfc\xf6A\xb7\xc6\xbc$\xc4\xdbD\xf3\x96\xe1S\xda\x069\xa3r\x87\x9eK\xbd\xf4O\xb1a")
(1, b'0E\x02!\x00\xb7~\x00\xffN\xcb\xf5.\xa2\x15\x9bVr\x16\xcdnr\xf2R?Q#\xe8w%\x93\xb0c\xd7\xd7\x95\x16\x02 \x03\x97\xbb\xaa\x08,A\x8a\xa4\x0e\xc6\x14@\x1eO.\xfdy\x17\x91\xa4\x07V \xf7+^\x12\x13~.\x91')
(4, b"0E\x02!\x00\x83\xfc\xebp\x1f\x0eex\x93\x05D\x18\x8e*'\xbf5\x8b\xbd\xf1i\xff\x7f\xdd\x1e\xff\x8elbJ)o\x02 \\\xf8\xf1\xf2E\xfc\xf6A\xb7\xc6\xbc$\xc4\xdbD\xf3\x96\xe1S\xda\x069\xa3r\x87\x9eK\xbd\xf4O\xb1a")
(1, b'0E\x02!\x00\xb7~\x00\xffN\xcb\xf5.\xa2\x15\x9bVr\x16\xcdnr\xf2R?Q#\xe8w%\x93\xb0c\xd7\xd7\x95\x16\x02 \x03\x97\xbb\xaa\x08,A\x8a\xa4\x0e\xc6\x14@\x1eO.\xfdy\x17\x91\xa4\x07V \xf7+^\x12\x13~.\x91')
(4, b"0E\x02!\x00\x83\xfc\xebp\x1f\x0eex\x93\x05D\x18\x8e*'\xbf5\x8b\xbd\xf1i\xff\x7f\xdd\x1e\xff\x8elbJ)o\x02 \\\xf8\xf1\xf2E\xfc\xf6A\xb7\xc6\xbc$\xc4\xdbD\xf3\x96\xe1S\xda\x069\xa3r\x87\x9eK\xbd\xf4O\xb1a")
(1, b'0E\x02!\x00\xb7~\x00\xffN\xcb\xf5.\xa2\x15\x9bVr\x16\xcdnr\xf2R?Q#\xe8w%\x93\xb0c\xd7\xd7\x95\x16\x02 \x03\x97\xbb\xaa\x08,A\x8a\xa4\x0e\xc6\x14@\x1eO.\xfdy\x17\x91\xa4\x07V \xf7+^\x12\x13~.\x91')
(4, b"0E\x02!\x00\x83\xfc\xebp\x1f\x0eex\x93\x05D\x18\x8e*'\xbf5\x8b\xbd\xf1i\xff\x7f\xdd\x1e\xff\x8elbJ)o\x02 \\\xf8\xf1\xf2E\xfc\xf6A\xb7\xc6\xbc$\xc4\xdbD\xf3\x96\xe1S\xda\x069\xa3r\x87\x9eK\xbd\xf4O\xb1a")
(1, b'0E\x02!\x00\xb7~\x00\xffN\xcb\xf5.\xa2\x15\x9bVr\x16\xcdnr\xf2R?Q#\xe8w%\x93\xb0c\xd7\xd7\x95\x16\x02 \x03\x97\xbb\xaa\x08,A\x8a\xa4\x0e\xc6\x14@\x1eO.\xfdy\x17\x91\xa4\x07V \xf7+^\x12\x13~.\x91')
(4, b"0E\x02!\x00\x83\xfc\xebp\x1f\x0eex\x93\x05D\x18\x8e*'\xbf5\x8b\xbd\xf1i\xff\x7f\xdd\x1e\xff\x8elbJ)o\x02 \\\xf8\xf1\xf2E\xfc\xf6A\xb7\xc6\xbc$\xc4\xdbD\xf3\x96\xe1S\xda\x069\xa3r\x87\x9eK\xbd\xf4O\xb1a")
(1, b'0E\x02!\x00\xb7~\x00\xffN\xcb\xf5.\xa2\x15\x9bVr\x16\xcdnr\xf2R?Q#\xe8w%\x93\xb0c\xd7\xd7\x95\x16\x02 \x03\x97\xbb\xaa\x08,A\x8a\xa4\x0e\xc6\x14@\x1eO.\xfdy\x17\x91\xa4\x07V \xf7+^\x12\x13~.\x91')
(4, b"0E\x02!\x00\x83\xfc\xebp\x1f\x0eex\x93\x05D\x18\x8e*'\xbf5\x8b\xbd\xf1i\xff\x7f\xdd\x1e\xff\x8elbJ)o\x02 \\\xf8\xf1\xf2E\xfc\xf6A\xb7\xc6\xbc$\xc4\xdbD\xf3\x96\xe1S\xda\x069\xa3r\x87\x9eK\xbd\xf4O\xb1a")
(1, b'0E\x02!\x00\xb7~\x00\xffN\xcb\xf5.\xa2\x15\x9bVr\x16\xcdnr\xf2R?Q#\xe8w%\x93\xb0c\xd7\xd7\x95\x16\x02 \x03\x97\xbb\xaa\x08,A\x8a\xa4\x0e\xc6\x14@\x1eO.\xfdy\x17\x91\xa4\x07V \xf7+^\x12\x13~.\x91')
(4, b"0E\x02!\x00\x83\xfc\xebp\x1f\x0eex\x93\x05D\x18\x8e*'\xbf5\x8b\xbd\xf1i\xff\x7f\xdd\x1e\xff\x8elbJ)o\x02 \\\xf8\xf1\xf2E\xfc\xf6A\xb7\xc6\xbc$\xc4\xdbD\xf3\x96\xe1S\xda\x069\xa3r\x87\x9eK\xbd\xf4O\xb1a")
(1, b'0E\x02!\x00\xb7~\x00\xffN\xcb\xf5.\xa2\x15\x9bVr\x16\xcdnr\xf2R?Q#\xe8w%\x93\xb0c\xd7\xd7\x95\x16\x02 \x03\x97\xbb\xaa\x08,A\x8a\xa4\x0e\xc6\x14@\x1eO.\xfdy\x17\x91\xa4\x07V \xf7+^\x12\x13~.\x91')
(4, b"0E\x02!\x00\x83\xfc\xebp\x1f\x0eex\x93\x05D\x18\x8e*'\xbf5\x8b\xbd\xf1i\xff\x7f\xdd\x1e\xff\x8elbJ)o\x02 \\\xf8\xf1\xf2E\xfc\xf6A\xb7\xc6\xbc$\xc4\xdbD\xf3\x96\xe1S\xda\x069\xa3r\x87\x9eK\xbd\xf4O\xb1a")
(1, b'0E\x02!\x00\xb7~\x00\xffN\xcb\xf5.\xa2\x15\x9bVr\x16\xcdnr\xf2R?Q#\xe8w%\x93\xb0c\xd7\xd7\x95\x16\x02 \x03\x97\xbb\xaa\x08,A\x8a\xa4\x0e\xc6\x14@\x1eO.\xfdy\x17\x91\xa4\x07V \xf7+^\x12\x13~.\x91')
(4, b"0E\x02!\x00\x83\xfc\xebp\x1f\x0eex\x93\x05D\x18\x8e*'\xbf5\x8b\xbd\xf1i\xff\x7f\xdd\x1e\xff\x8elbJ)o\x02 \\\xf8\xf1\xf2E\xfc\xf6A\xb7\xc6\xbc$\xc4\xdbD\xf3\x96\xe1S\xda\x069\xa3r\x87\x9eK\xbd\xf4O\xb1a")
(1, b'0E\x02!\x00\xb7~\x00\xffN\xcb\xf5.\xa2\x15\x9bVr\x16\xcdnr\xf2R?Q#\xe8w%\x93\xb0c\xd7\xd7\x95\x16\x02 \x03\x97\xbb\xaa\x08,A\x8a\xa4\x0e\xc6\x14@\x1eO.\xfdy\x17\x91\xa4\x07V \xf7+^\x12\x13~.\x91')
(4, b"0E\x02!\x00\x83\xfc\xebp\x1f\x0eex\x93\x05D\x18\x8e*'\xbf5\x8b\xbd\xf1i\xff\x7f\xdd\x1e\xff\x8elbJ)o\x02 \\\xf8\xf1\xf2E\xfc\xf6A\xb7\xc6\xbc$\xc4\xdbD\xf3\x96\xe1S\xda\x069\xa3r\x87\x9eK\xbd\xf4O\xb1a")
(1, b'0E\x02!\x00\xb7~\x00\xffN\xcb\xf5.\xa2\x15\x9bVr\x16\xcdnr\xf2R?Q#\xe8w%\x93\xb0c\xd7\xd7\x95\x16\x02 \x03\x97\xbb\xaa\x08,A\x8a\xa4\x0e\xc6\x14@\x1eO.\xfdy\x17\x91\xa4\x07V \xf7+^\x12\x13~.\x91')
(4, b"0E\x02!\x00\x83\xfc\xebp\x1f\x0eex\x93\x05D\x18\x8e*'\xbf5\x8b\xbd\xf1i\xff\x7f\xdd\x1e\xff\x8elbJ)o\x02 \\\xf8\xf1\xf2E\xfc\xf6A\xb7\xc6\xbc$\xc4\xdbD\xf3\x96\xe1S\xda\x069\xa3r\x87\x9eK\xbd\xf4O\xb1a")
(1, b'0E\x02!\x00\xb7~\x00\xffN\xcb\xf5.\xa2\x15\x9bVr\x16\xcdnr\xf2R?Q#\xe8w%\x93\xb0c\xd7\xd7\x95\x16\x02 \x03\x97\xbb\xaa\x08,A\x8a\xa4\x0e\xc6\x14@\x1eO.\xfdy\x17\x91\xa4\x07V \xf7+^\x12\x13~.\x91')
(4, b"0E\x02!\x00\x83\xfc\xebp\x1f\x0eex\x93\x05D\x18\x8e*'\xbf5\x8b\xbd\xf1i\xff\x7f\xdd\x1e\xff\x8elbJ)o\x02 \\\xf8\xf1\xf2E\xfc\xf6A\xb7\xc6\xbc$\xc4\xdbD\xf3\x96\xe1S\xda\x069\xa3r\x87\x9eK\xbd\xf4O\xb1a")
(1, b'0E\x02!\x00\xb7~\x00\xffN\xcb\xf5.\xa2\x15\x9bVr\x16\xcdnr\xf2R?Q#\xe8w%\x93\xb0c\xd7\xd7\x95\x16\x02 \x03\x97\xbb\xaa\x08,A\x8a\xa4\x0e\xc6\x14@\x1eO.\xfdy\x17\x91\xa4\x07V \xf7+^\x12\x13~.\x91')
(4, b"0E\x02!\x00\x83\xfc\xebp\x1f\x0eex\x93\x05D\x18\x8e*'\xbf5\x8b\xbd\xf1i\xff\x7f\xdd\x1e\xff\x8elbJ)o\x02 \\\xf8\xf1\xf2E\xfc\xf6A\xb7\xc6\xbc$\xc4\xdbD\xf3\x96\xe1S\xda\x069\xa3r\x87\x9eK\xbd\xf4O\xb1a")
(1, b'0E\x02!\x00\xb7~\x00\xffN\xcb\xf5.\xa2\x15\x9bVr\x16\xcdnr\xf2R?Q#\xe8w%\x93\xb0c\xd7\xd7\x95\x16\x02 \x03\x97\xbb\xaa\x08,A\x8a\xa4\x0e\xc6\x14@\x1eO.\xfdy\x17\x91\xa4\x07V \xf7+^\x12\x13~.\x91')
(4, b"0E\x02!\x00\x83\xfc\xebp\x1f\x0eex\x93\x05D\x18\x8e*'\xbf5\x8b\xbd\xf1i\xff\x7f\xdd\x1e\xff\x8elbJ)o\x02 \\\xf8\xf1\xf2E\xfc\xf6A\xb7\xc6\xbc$\xc4\xdbD\xf3\x96\xe1S\xda\x069\xa3r\x87\x9eK\xbd\xf4O\xb1a")
(1, b'0E\x02!\x00\xb7~\x00\xffN\xcb\xf5.\xa2\x15\x9bVr\x16\xcdnr\xf2R?Q#\xe8w%\x93\xb0c\xd7\xd7\x95\x16\x02 \x03\x97\xbb\xaa\x08,A\x8a\xa4\x0e\xc6\x14@\x1eO.\xfdy\x17\x91\xa4\x07V \xf7+^\x12\x13~.\x91')
(4, b"0E\x02!\x00\x83\xfc\xebp\x1f\x0eex\x93\x05D\x18\x8e*'\xbf5\x8b\xbd\xf1i\xff\x7f\xdd\x1e\xff\x8elbJ)o\x02 \\\xf8\xf1\xf2E\xfc\xf6A\xb7\xc6\xbc$\xc4\xdbD\xf3\x96\xe1S\xda\x069\xa3r\x87\x9eK\xbd\xf4O\xb1a")
(1, b'0E\x02!\x00\xb7~\x00\xffN\xcb\xf5.\xa2\x15\x9bVr\x16\xcdnr\xf2R?Q#\xe8w%\x93\xb0c\xd7\xd7\x95\x16\x02 \x03\x97\xbb\xaa\x08,A\x8a\xa4\x0e\xc6\x14@\x1eO.\xfdy\x17\x91\xa4\x07V \xf7+^\x12\x13~.\x91')
(4, b"0E\x02!\x00\x83\xfc\xebp\x1f\x0eex\x93\x05D\x18\x8e*'\xbf5\x8b\xbd\xf1i\xff\x7f\xdd\x1e\xff\x8elbJ)o\x02 \\\xf8\xf1\xf2E\xfc\xf6A\xb7\xc6\xbc$\xc4\xdbD\xf3\x96\xe1S\xda\x069\xa3r\x87\x9eK\xbd\xf4O\xb1a")
(1, b'0E\x02!\x00\xb7~\x00\xffN\xcb\xf5.\xa2\x15\x9bVr\x16\xcdnr\xf2R?Q#\xe8w%\x93\xb0c\xd7\xd7\x95\x16\x02 \x03\x97\xbb\xaa\x08,A\x8a\xa4\x0e\xc6\x14@\x1eO.\xfdy\x17\x91\xa4\x07V \xf7+^\x12\x13~.\x91')
(4, b"0E\x02!\x00\x83\xfc\xebp\x1f\x0eex\x93\x05D\x18\x8e*'\xbf5\x8b\xbd\xf1i\xff\x7f\xdd\x1e\xff\x8elbJ)o\x02 \\\xf8\xf1\xf2E\xfc\xf6A\xb7\xc6\xbc$\xc4\xdbD\xf3\x96\xe1S\xda\x069\xa3r\x87\x9eK\xbd\xf4O\xb1a")
(1, b'0E\x02!\x00\xb7~\x00\xffN\xcb\xf5.\xa2\x15\x9bVr\x16\xcdnr\xf2R?Q#\xe8w%\x93\xb0c\xd7\xd7\x95\x16\x02 \x03\x97\xbb\xaa\x08,A\x8a\xa4\x0e\xc6\x14@\x1eO.\xfdy\x17\x91\xa4\x07V \xf7+^\x12\x13~.\x91')
(4, b"0E\x02!\x00\x83\xfc\xebp\x1f\x0eex\x93\x05D\x18\x8e*'\xbf5\x8b\xbd\xf1i\xff\x7f\xdd\x1e\xff\x8elbJ)o\x02 \\\xf8\xf1\xf2E\xfc\xf6A\xb7\xc6\xbc$\xc4\xdbD\xf3\x96\xe1S\xda\x069\xa3r\x87\x9eK\xbd\xf4O\xb1a")
(1, b'0E\x02!\x00\xb7~\x00\xffN\xcb\xf5.\xa2\x15\x9bVr\x16\xcdnr\xf2R?Q#\xe8w%\x93\xb0c\xd7\xd7\x95\x16\x02 \x03\x97\xbb\xaa\x08,A\x8a\xa4\x0e\xc6\x14@\x1eO.\xfdy\x17\x91\xa4\x07V \xf7+^\x12\x13~.\x91')
6 config verify passed!!!!
Node 6 read a proofchain using 0.007348 sec
6 start to run round 19 C: [0, 1, 2, 3, 4, 5, 6] N: 7
old [0, 1, 2, 3, 4, 5, 6]
new [0, 1, 2, 3, 4, 5, 6]
run round 19 adkr round taking 0.992866 sec
pc size for round 19 is 85612
(4, b"0E\x02!\x00\x83\xfc\xebp\x1f\x0eex\x93\x05D\x18\x8e*'\xbf5\x8b\xbd\xf1i\xff\x7f\xdd\x1e\xff\x8elbJ)o\x02 \\\xf8\xf1\xf2E\xfc\xf6A\xb7\xc6\xbc$\xc4\xdbD\xf3\x96\xe1S\xda\x069\xa3r\x87\x9eK\xbd\xf4O\xb1a")
(1, b'0E\x02!\x00\xb7~\x00\xffN\xcb\xf5.\xa2\x15\x9bVr\x16\xcdnr\xf2R?Q#\xe8w%\x93\xb0c\xd7\xd7\x95\x16\x02 \x03\x97\xbb\xaa\x08,A\x8a\xa4\x0e\xc6\x14@\x1eO.\xfdy\x17\x91\xa4\x07V \xf7+^\x12\x13~.\x91')
(4, b"0E\x02!\x00\x83\xfc\xebp\x1f\x0eex\x93\x05D\x18\x8e*'\xbf5\x8b\xbd\xf1i\xff\x7f\xdd\x1e\xff\x8elbJ)o\x02 \\\xf8\xf1\xf2E\xfc\xf6A\xb7\xc6\xbc$\xc4\xdbD\xf3\x96\xe1S\xda\x069\xa3r\x87\x9eK\xbd\xf4O\xb1a")
(1, b'0E\x02!\x00\xb7~\x00\xffN\xcb\xf5.\xa2\x15\x9bVr\x16\xcdnr\xf2R?Q#\xe8w%\x93\xb0c\xd7\xd7\x95\x16\x02 \x03\x97\xbb\xaa\x08,A\x8a\xa4\x0e\xc6\x14@\x1eO.\xfdy\x17\x91\xa4\x07V \xf7+^\x12\x13~.\x91')
(4, b"0E\x02!\x00\x83\xfc\xebp\x1f\x0eex\x93\x05D\x18\x8e*'\xbf5\x8b\xbd\xf1i\xff\x7f\xdd\x1e\xff\x8elbJ)o\x02 \\\xf8\xf1\xf2E\xfc\xf6A\xb7\xc6\xbc$\xc4\xdbD\xf3\x96\xe1S\xda\x069\xa3r\x87\x9eK\xbd\xf4O\xb1a")
(1, b'0E\x02!\x00\xb7~\x00\xffN\xcb\xf5.\xa2\x15\x9bVr\x16\xcdnr\xf2R?Q#\xe8w%\x93\xb0c\xd7\xd7\x95\x16\x02 \x03\x97\xbb\xaa\x08,A\x8a\xa4\x0e\xc6\x14@\x1eO.\xfdy\x17\x91\xa4\x07V \xf7+^\x12\x13~.\x91')
(4, b"0E\x02!\x00\x83\xfc\xebp\x1f\x0eex\x93\x05D\x18\x8e*'\xbf5\x8b\xbd\xf1i\xff\x7f\xdd\x1e\xff\x8elbJ)o\x02 \\\xf8\xf1\xf2E\xfc\xf6A\xb7\xc6\xbc$\xc4\xdbD\xf3\x96\xe1S\xda\x069\xa3r\x87\x9eK\xbd\xf4O\xb1a")
(1, b'0E\x02!\x00\xb7~\x00\xffN\xcb\xf5.\xa2\x15\x9bVr\x16\xcdnr\xf2R?Q#\xe8w%\x93\xb0c\xd7\xd7\x95\x16\x02 \x03\x97\xbb\xaa\x08,A\x8a\xa4\x0e\xc6\x14@\x1eO.\xfdy\x17\x91\xa4\x07V \xf7+^\x12\x13~.\x91')
(4, b"0E\x02!\x00\x83\xfc\xebp\x1f\x0eex\x93\x05D\x18\x8e*'\xbf5\x8b\xbd\xf1i\xff\x7f\xdd\x1e\xff\x8elbJ)o\x02 \\\xf8\xf1\xf2E\xfc\xf6A\xb7\xc6\xbc$\xc4\xdbD\xf3\x96\xe1S\xda\x069\xa3r\x87\x9eK\xbd\xf4O\xb1a")
(1, b'0E\x02!\x00\xb7~\x00\xffN\xcb\xf5.\xa2\x15\x9bVr\x16\xcdnr\xf2R?Q#\xe8w%\x93\xb0c\xd7\xd7\x95\x16\x02 \x03\x97\xbb\xaa\x08,A\x8a\xa4\x0e\xc6\x14@\x1eO.\xfdy\x17\x91\xa4\x07V \xf7+^\x12\x13~.\x91')
(4, b"0E\x02!\x00\x83\xfc\xebp\x1f\x0eex\x93\x05D\x18\x8e*'\xbf5\x8b\xbd\xf1i\xff\x7f\xdd\x1e\xff\x8elbJ)o\x02 \\\xf8\xf1\xf2E\xfc\xf6A\xb7\xc6\xbc$\xc4\xdbD\xf3\x96\xe1S\xda\x069\xa3r\x87\x9eK\xbd\xf4O\xb1a")
(1, b'0E\x02!\x00\xb7~\x00\xffN\xcb\xf5.\xa2\x15\x9bVr\x16\xcdnr\xf2R?Q#\xe8w%\x93\xb0c\xd7\xd7\x95\x16\x02 \x03\x97\xbb\xaa\x08,A\x8a\xa4\x0e\xc6\x14@\x1eO.\xfdy\x17\x91\xa4\x07V \xf7+^\x12\x13~.\x91')
(4, b"0E\x02!\x00\x83\xfc\xebp\x1f\x0eex\x93\x05D\x18\x8e*'\xbf5\x8b\xbd\xf1i\xff\x7f\xdd\x1e\xff\x8elbJ)o\x02 \\\xf8\xf1\xf2E\xfc\xf6A\xb7\xc6\xbc$\xc4\xdbD\xf3\x96\xe1S\xda\x069\xa3r\x87\x9eK\xbd\xf4O\xb1a")
(1, b'0E\x02!\x00\xb7~\x00\xffN\xcb\xf5.\xa2\x15\x9bVr\x16\xcdnr\xf2R?Q#\xe8w%\x93\xb0c\xd7\xd7\x95\x16\x02 \x03\x97\xbb\xaa\x08,A\x8a\xa4\x0e\xc6\x14@\x1eO.\xfdy\x17\x91\xa4\x07V \xf7+^\x12\x13~.\x91')
(4, b"0E\x02!\x00\x83\xfc\xebp\x1f\x0eex\x93\x05D\x18\x8e*'\xbf5\x8b\xbd\xf1i\xff\x7f\xdd\x1e\xff\x8elbJ)o\x02 \\\xf8\xf1\xf2E\xfc\xf6A\xb7\xc6\xbc$\xc4\xdbD\xf3\x96\xe1S\xda\x069\xa3r\x87\x9eK\xbd\xf4O\xb1a")
(1, b'0E\x02!\x00\xb7~\x00\xffN\xcb\xf5.\xa2\x15\x9bVr\x16\xcdnr\xf2R?Q#\xe8w%\x93\xb0c\xd7\xd7\x95\x16\x02 \x03\x97\xbb\xaa\x08,A\x8a\xa4\x0e\xc6\x14@\x1eO.\xfdy\x17\x91\xa4\x07V \xf7+^\x12\x13~.\x91')
(4, b"0E\x02!\x00\x83\xfc\xebp\x1f\x0eex\x93\x05D\x18\x8e*'\xbf5\x8b\xbd\xf1i\xff\x7f\xdd\x1e\xff\x8elbJ)o\x02 \\\xf8\xf1\xf2E\xfc\xf6A\xb7\xc6\xbc$\xc4\xdbD\xf3\x96\xe1S\xda\x069\xa3r\x87\x9eK\xbd\xf4O\xb1a")
(1, b'0E\x02!\x00\xb7~\x00\xffN\xcb\xf5.\xa2\x15\x9bVr\x16\xcdnr\xf2R?Q#\xe8w%\x93\xb0c\xd7\xd7\x95\x16\x02 \x03\x97\xbb\xaa\x08,A\x8a\xa4\x0e\xc6\x14@\x1eO.\xfdy\x17\x91\xa4\x07V \xf7+^\x12\x13~.\x91')
(4, b"0E\x02!\x00\x83\xfc\xebp\x1f\x0eex\x93\x05D\x18\x8e*'\xbf5\x8b\xbd\xf1i\xff\x7f\xdd\x1e\xff\x8elbJ)o\x02 \\\xf8\xf1\xf2E\xfc\xf6A\xb7\xc6\xbc$\xc4\xdbD\xf3\x96\xe1S\xda\x069\xa3r\x87\x9eK\xbd\xf4O\xb1a")
(1, b'0E\x02!\x00\xb7~\x00\xffN\xcb\xf5.\xa2\x15\x9bVr\x16\xcdnr\xf2R?Q#\xe8w%\x93\xb0c\xd7\xd7\x95\x16\x02 \x03\x97\xbb\xaa\x08,A\x8a\xa4\x0e\xc6\x14@\x1eO.\xfdy\x17\x91\xa4\x07V \xf7+^\x12\x13~.\x91')
(4, b"0E\x02!\x00\x83\xfc\xebp\x1f\x0eex\x93\x05D\x18\x8e*'\xbf5\x8b\xbd\xf1i\xff\x7f\xdd\x1e\xff\x8elbJ)o\x02 \\\xf8\xf1\xf2E\xfc\xf6A\xb7\xc6\xbc$\xc4\xdbD\xf3\x96\xe1S\xda\x069\xa3r\x87\x9eK\xbd\xf4O\xb1a")
(1, b'0E\x02!\x00\xb7~\x00\xffN\xcb\xf5.\xa2\x15\x9bVr\x16\xcdnr\xf2R?Q#\xe8w%\x93\xb0c\xd7\xd7\x95\x16\x02 \x03\x97\xbb\xaa\x08,A\x8a\xa4\x0e\xc6\x14@\x1eO.\xfdy\x17\x91\xa4\x07V \xf7+^\x12\x13~.\x91')
(4, b"0E\x02!\x00\x83\xfc\xebp\x1f\x0eex\x93\x05D\x18\x8e*'\xbf5\x8b\xbd\xf1i\xff\x7f\xdd\x1e\xff\x8elbJ)o\x02 \\\xf8\xf1\xf2E\xfc\xf6A\xb7\xc6\xbc$\xc4\xdbD\xf3\x96\xe1S\xda\x069\xa3r\x87\x9eK\xbd\xf4O\xb1a")
(1, b'0E\x02!\x00\xb7~\x00\xffN\xcb\xf5.\xa2\x15\x9bVr\x16\xcdnr\xf2R?Q#\xe8w%\x93\xb0c\xd7\xd7\x95\x16\x02 \x03\x97\xbb\xaa\x08,A\x8a\xa4\x0e\xc6\x14@\x1eO.\xfdy\x17\x91\xa4\x07V \xf7+^\x12\x13~.\x91')
(4, b"0E\x02!\x00\x83\xfc\xebp\x1f\x0eex\x93\x05D\x18\x8e*'\xbf5\x8b\xbd\xf1i\xff\x7f\xdd\x1e\xff\x8elbJ)o\x02 \\\xf8\xf1\xf2E\xfc\xf6A\xb7\xc6\xbc$\xc4\xdbD\xf3\x96\xe1S\xda\x069\xa3r\x87\x9eK\xbd\xf4O\xb1a")
(1, b'0E\x02!\x00\xb7~\x00\xffN\xcb\xf5.\xa2\x15\x9bVr\x16\xcdnr\xf2R?Q#\xe8w%\x93\xb0c\xd7\xd7\x95\x16\x02 \x03\x97\xbb\xaa\x08,A\x8a\xa4\x0e\xc6\x14@\x1eO.\xfdy\x17\x91\xa4\x07V \xf7+^\x12\x13~.\x91')
(4, b"0E\x02!\x00\x83\xfc\xebp\x1f\x0eex\x93\x05D\x18\x8e*'\xbf5\x8b\xbd\xf1i\xff\x7f\xdd\x1e\xff\x8elbJ)o\x02 \\\xf8\xf1\xf2E\xfc\xf6A\xb7\xc6\xbc$\xc4\xdbD\xf3\x96\xe1S\xda\x069\xa3r\x87\x9eK\xbd\xf4O\xb1a")
(1, b'0E\x02!\x00\xb7~\x00\xffN\xcb\xf5.\xa2\x15\x9bVr\x16\xcdnr\xf2R?Q#\xe8w%\x93\xb0c\xd7\xd7\x95\x16\x02 \x03\x97\xbb\xaa\x08,A\x8a\xa4\x0e\xc6\x14@\x1eO.\xfdy\x17\x91\xa4\x07V \xf7+^\x12\x13~.\x91')
(4, b"0E\x02!\x00\x83\xfc\xebp\x1f\x0eex\x93\x05D\x18\x8e*'\xbf5\x8b\xbd\xf1i\xff\x7f\xdd\x1e\xff\x8elbJ)o\x02 \\\xf8\xf1\xf2E\xfc\xf6A\xb7\xc6\xbc$\xc4\xdbD\xf3\x96\xe1S\xda\x069\xa3r\x87\x9eK\xbd\xf4O\xb1a")
(1, b'0E\x02!\x00\xb7~\x00\xffN\xcb\xf5.\xa2\x15\x9bVr\x16\xcdnr\xf2R?Q#\xe8w%\x93\xb0c\xd7\xd7\x95\x16\x02 \x03\x97\xbb\xaa\x08,A\x8a\xa4\x0e\xc6\x14@\x1eO.\xfdy\x17\x91\xa4\x07V \xf7+^\x12\x13~.\x91')
(4, b"0E\x02!\x00\x83\xfc\xebp\x1f\x0eex\x93\x05D\x18\x8e*'\xbf5\x8b\xbd\xf1i\xff\x7f\xdd\x1e\xff\x8elbJ)o\x02 \\\xf8\xf1\xf2E\xfc\xf6A\xb7\xc6\xbc$\xc4\xdbD\xf3\x96\xe1S\xda\x069\xa3r\x87\x9eK\xbd\xf4O\xb1a")
(1, b'0E\x02!\x00\xb7~\x00\xffN\xcb\xf5.\xa2\x15\x9bVr\x16\xcdnr\xf2R?Q#\xe8w%\x93\xb0c\xd7\xd7\x95\x16\x02 \x03\x97\xbb\xaa\x08,A\x8a\xa4\x0e\xc6\x14@\x1eO.\xfdy\x17\x91\xa4\x07V \xf7+^\x12\x13~.\x91')
(4, b"0E\x02!\x00\x83\xfc\xebp\x1f\x0eex\x93\x05D\x18\x8e*'\xbf5\x8b\xbd\xf1i\xff\x7f\xdd\x1e\xff\x8elbJ)o\x02 \\\xf8\xf1\xf2E\xfc\xf6A\xb7\xc6\xbc$\xc4\xdbD\xf3\x96\xe1S\xda\x069\xa3r\x87\x9eK\xbd\xf4O\xb1a")
(1, b'0E\x02!\x00\xb7~\x00\xffN\xcb\xf5.\xa2\x15\x9bVr\x16\xcdnr\xf2R?Q#\xe8w%\x93\xb0c\xd7\xd7\x95\x16\x02 \x03\x97\xbb\xaa\x08,A\x8a\xa4\x0e\xc6\x14@\x1eO.\xfdy\x17\x91\xa4\x07V \xf7+^\x12\x13~.\x91')
(4, b"0E\x02!\x00\x83\xfc\xebp\x1f\x0eex\x93\x05D\x18\x8e*'\xbf5\x8b\xbd\xf1i\xff\x7f\xdd\x1e\xff\x8elbJ)o\x02 \\\xf8\xf1\xf2E\xfc\xf6A\xb7\xc6\xbc$\xc4\xdbD\xf3\x96\xe1S\xda\x069\xa3r\x87\x9eK\xbd\xf4O\xb1a")
(1, b'0E\x02!\x00\xb7~\x00\xffN\xcb\xf5.\xa2\x15\x9bVr\x16\xcdnr\xf2R?Q#\xe8w%\x93\xb0c\xd7\xd7\x95\x16\x02 \x03\x97\xbb\xaa\x08,A\x8a\xa4\x0e\xc6\x14@\x1eO.\xfdy\x17\x91\xa4\x07V \xf7+^\x12\x13~.\x91')
(4, b"0E\x02!\x00\x83\xfc\xebp\x1f\x0eex\x93\x05D\x18\x8e*'\xbf5\x8b\xbd\xf1i\xff\x7f\xdd\x1e\xff\x8elbJ)o\x02 \\\xf8\xf1\xf2E\xfc\xf6A\xb7\xc6\xbc$\xc4\xdbD\xf3\x96\xe1S\xda\x069\xa3r\x87\x9eK\xbd\xf4O\xb1a")
(1, b'0E\x02!\x00\xb7~\x00\xffN\xcb\xf5.\xa2\x15\x9bVr\x16\xcdnr\xf2R?Q#\xe8w%\x93\xb0c\xd7\xd7\x95\x16\x02 \x03\x97\xbb\xaa\x08,A\x8a\xa4\x0e\xc6\x14@\x1eO.\xfdy\x17\x91\xa4\x07V \xf7+^\x12\x13~.\x91')
(4, b"0E\x02!\x00\x83\xfc\xebp\x1f\x0eex\x93\x05D\x18\x8e*'\xbf5\x8b\xbd\xf1i\xff\x7f\xdd\x1e\xff\x8elbJ)o\x02 \\\xf8\xf1\xf2E\xfc\xf6A\xb7\xc6\xbc$\xc4\xdbD\xf3\x96\xe1S\xda\x069\xa3r\x87\x9eK\xbd\xf4O\xb1a")
(1, b'0E\x02!\x00\xb7~\x00\xffN\xcb\xf5.\xa2\x15\x9bVr\x16\xcdnr\xf2R?Q#\xe8w%\x93\xb0c\xd7\xd7\x95\x16\x02 \x03\x97\xbb\xaa\x08,A\x8a\xa4\x0e\xc6\x14@\x1eO.\xfdy\x17\x91\xa4\x07V \xf7+^\x12\x13~.\x91')
6 config verify passed!!!!
Node 6 read a proofchain using 0.007815 sec
node 6 breaks in 18.986316 seconds with 20 round, adkr_old avg time: 0.943674, pc size: 85612, verify time: 0.007815
6 set stop as true
