main
here debug =  False
here N =  7
m= 0
7
7 1 1
[0, 1, 2, 3, 4, 5, 6]
1 <class 'int'>
[7, 8, 9, 10]
[0, 1, 2, 3]
debug is  False
waiting for network ready...
0 start to run round 0 C: [0, 1, 2, 3, 4, 5, 6] N: 7
old [0, 1, 2, 3, 4, 5, 6]
new [0, 1, 2, 3, 4, 5, 6]
run round 0 adkr round taking 0.885498 sec
pc size for round 0 is 4643
(1, b'0E\x02!\x00\xb7~\x00\xffN\xcb\xf5.\xa2\x15\x9bVr\x16\xcdnr\xf2R?Q#\xe8w%\x93\xb0c\xd7\xd7\x95\x16\x02 \x03\x97\xbb\xaa\x08,A\x8a\xa4\x0e\xc6\x14@\x1eO.\xfdy\x17\x91\xa4\x07V \xf7+^\x12\x13~.\x91')
(4, b"0E\x02!\x00\x83\xfc\xebp\x1f\x0eex\x93\x05D\x18\x8e*'\xbf5\x8b\xbd\xf1i\xff\x7f\xdd\x1e\xff\x8elbJ)o\x02 \\\xf8\xf1\xf2E\xfc\xf6A\xb7\xc6\xbc$\xc4\xdbD\xf3\x96\xe1S\xda\x069\xa3r\x87\x9eK\xbd\xf4O\xb1a")
0 config verify passed!!!!
Node 0 read a proofchain using 0.002995 sec
0 start to run round 1 C: [0, 1, 2, 3, 4, 5, 6] N: 7
old [0, 1, 2, 3, 4, 5, 6]
new [0, 1, 2, 3, 4, 5, 6]
run round 1 adkr round taking 0.889587 sec
pc size for round 1 is 8904
(1, b'0E\x02!\x00\xb7~\x00\xffN\xcb\xf5.\xa2\x15\x9bVr\x16\xcdnr\xf2R?Q#\xe8w%\x93\xb0c\xd7\xd7\x95\x16\x02 \x03\x97\xbb\xaa\x08,A\x8a\xa4\x0e\xc6\x14@\x1eO.\xfdy\x17\x91\xa4\x07V \xf7+^\x12\x13~.\x91')
(4, b"0E\x02!\x00\x83\xfc\xebp\x1f\x0eex\x93\x05D\x18\x8e*'\xbf5\x8b\xbd\xf1i\xff\x7f\xdd\x1e\xff\x8elbJ)o\x02 \\\xf8\xf1\xf2E\xfc\xf6A\xb7\xc6\xbc$\xc4\xdbD\xf3\x96\xe1S\xda\x069\xa3r\x87\x9eK\xbd\xf4O\xb1a")
(1, b'0E\x02!\x00\xb7~\x00\xffN\xcb\xf5.\xa2\x15\x9bVr\x16\xcdnr\xf2R?Q#\xe8w%\x93\xb0c\xd7\xd7\x95\x16\x02 \x03\x97\xbb\xaa\x08,A\x8a\xa4\x0e\xc6\x14@\x1eO.\xfdy\x17\x91\xa4\x07V \xf7+^\x12\x13~.\x91')
(4, b"0E\x02!\x00\x83\xfc\xebp\x1f\x0eex\x93\x05D\x18\x8e*'\xbf5\x8b\xbd\xf1i\xff\x7f\xdd\x1e\xff\x8elbJ)o\x02 \\\xf8\xf1\xf2E\xfc\xf6A\xb7\xc6\xbc$\xc4\xdbD\xf3\x96\xe1S\xda\x069\xa3r\x87\x9eK\xbd\xf4O\xb1a")
0 config verify passed!!!!
Node 0 read a proofchain using 0.003232 sec
0 start to run round 2 C: [0, 1, 2, 3, 4, 5, 6] N: 7
old [0, 1, 2, 3, 4, 5, 6]
new [0, 1, 2, 3, 4, 5, 6]
run round 2 adkr round taking 0.897228 sec
pc size for round 2 is 13166
(1, b'0E\x02!\x00\xb7~\x00\xffN\xcb\xf5.\xa2\x15\x9bVr\x16\xcdnr\xf2R?Q#\xe8w%\x93\xb0c\xd7\xd7\x95\x16\x02 \x03\x97\xbb\xaa\x08,A\x8a\xa4\x0e\xc6\x14@\x1eO.\xfdy\x17\x91\xa4\x07V \xf7+^\x12\x13~.\x91')
(4, b"0E\x02!\x00\x83\xfc\xebp\x1f\x0eex\x93\x05D\x18\x8e*'\xbf5\x8b\xbd\xf1i\xff\x7f\xdd\x1e\xff\x8elbJ)o\x02 \\\xf8\xf1\xf2E\xfc\xf6A\xb7\xc6\xbc$\xc4\xdbD\xf3\x96\xe1S\xda\x069\xa3r\x87\x9eK\xbd\xf4O\xb1a")
(1, b'0E\x02!\x00\xb7~\x00\xffN\xcb\xf5.\xa2\x15\x9bVr\x16\xcdnr\xf2R?Q#\xe8w%\x93\xb0c\xd7\xd7\x95\x16\x02 \x03\x97\xbb\xaa\x08,A\x8a\xa4\x0e\xc6\x14@\x1eO.\xfdy\x17\x91\xa4\x07V \xf7+^\x12\x13~.\x91')
(4, b"0E\x02!\x00\x83\xfc\xebp\x1f\x0eex\x93\x05D\x18\x8e*'\xbf5\x8b\xbd\xf1i\xff\x7f\xdd\x1e\xff\x8elbJ)o\x02 \\\xf8\xf1\xf2E\xfc\xf6A\xb7\xc6\xbc$\xc4\xdbD\xf3\x96\xe1S\xda\x069\xa3r\x87\x9eK\xbd\xf4O\xb1a")
(1, b'0E\x02!\x00\xb7~\x00\xffN\xcb\xf5.\xa2\x15\x9bVr\x16\xcdnr\xf2R?Q#\xe8w%\x93\xb0c\xd7\xd7\x95\x16\x02 \x03\x97\xbb\xaa\x08,A\x8a\xa4\x0e\xc6\x14@\x1eO.\xfdy\x17\x91\xa4\x07V \xf7+^\x12\x13~.\x91')
(4, b"0E\x02!\x00\x83\xfc\xebp\x1f\x0eex\x93\x05D\x18\x8e*'\xbf5\x8b\xbd\xf1i\xff\x7f\xdd\x1e\xff\x8elbJ)o\x02 \\\xf8\xf1\xf2E\xfc\xf6A\xb7\xc6\xbc$\xc4\xdbD\xf3\x96\xe1S\xda\x069\xa3r\x87\x9eK\xbd\xf4O\xb1a")
0 config verify passed!!!!
Node 0 read a proofchain using 0.003435 sec
0 start to run round 3 C: [0, 1, 2, 3, 4, 5, 6] N: 7
old [0, 1, 2, 3, 4, 5, 6]
new [0, 1, 2, 3, 4, 5, 6]
run round 3 adkr round taking 0.939321 sec
pc size for round 3 is 17427
(1, b'0E\x02!\x00\xb7~\x00\xffN\xcb\xf5.\xa2\x15\x9bVr\x16\xcdnr\xf2R?Q#\xe8w%\x93\xb0c\xd7\xd7\x95\x16\x02 \x03\x97\xbb\xaa\x08,A\x8a\xa4\x0e\xc6\x14@\x1eO.\xfdy\x17\x91\xa4\x07V \xf7+^\x12\x13~.\x91')
(4, b"0E\x02!\x00\x83\xfc\xebp\x1f\x0eex\x93\x05D\x18\x8e*'\xbf5\x8b\xbd\xf1i\xff\x7f\xdd\x1e\xff\x8elbJ)o\x02 \\\xf8\xf1\xf2E\xfc\xf6A\xb7\xc6\xbc$\xc4\xdbD\xf3\x96\xe1S\xda\x069\xa3r\x87\x9eK\xbd\xf4O\xb1a")
(1, b'0E\x02!\x00\xb7~\x00\xffN\xcb\xf5.\xa2\x15\x9bVr\x16\xcdnr\xf2R?Q#\xe8w%\x93\xb0c\xd7\xd7\x95\x16\x02 \x03\x97\xbb\xaa\x08,A\x8a\xa4\x0e\xc6\x14@\x1eO.\xfdy\x17\x91\xa4\x07V \xf7+^\x12\x13~.\x91')
(4, b"0E\x02!\x00\x83\xfc\xebp\x1f\x0eex\x93\x05D\x18\x8e*'\xbf5\x8b\xbd\xf1i\xff\x7f\xdd\x1e\xff\x8elbJ)o\x02 \\\xf8\xf1\xf2E\xfc\xf6A\xb7\xc6\xbc$\xc4\xdbD\xf3\x96\xe1S\xda\x069\xa3r\x87\x9eK\xbd\xf4O\xb1a")
(1, b'0E\x02!\x00\xb7~\x00\xffN\xcb\xf5.\xa2\x15\x9bVr\x16\xcdnr\xf2R?Q#\xe8w%\x93\xb0c\xd7\xd7\x95\x16\x02 \x03\x97\xbb\xaa\x08,A\x8a\xa4\x0e\xc6\x14@\x1eO.\xfdy\x17\x91\xa4\x07V \xf7+^\x12\x13~.\x91')
(4, b"0E\x02!\x00\x83\xfc\xebp\x1f\x0eex\x93\x05D\x18\x8e*'\xbf5\x8b\xbd\xf1i\xff\x7f\xdd\x1e\xff\x8elbJ)o\x02 \\\xf8\xf1\xf2E\xfc\xf6A\xb7\xc6\xbc$\xc4\xdbD\xf3\x96\xe1S\xda\x069\xa3r\x87\x9eK\xbd\xf4O\xb1a")
(1, b'0E\x02!\x00\xb7~\x00\xffN\xcb\xf5.\xa2\x15\x9bVr\x16\xcdnr\xf2R?Q#\xe8w%\x93\xb0c\xd7\xd7\x95\x16\x02 \x03\x97\xbb\xaa\x08,A\x8a\xa4\x0e\xc6\x14@\x1eO.\xfdy\x17\x91\xa4\x07V \xf7+^\x12\x13~.\x91')
(4, b"0E\x02!\x00\x83\xfc\xebp\x1f\x0eex\x93\x05D\x18\x8e*'\xbf5\x8b\xbd\xf1i\xff\x7f\xdd\x1e\xff\x8elbJ)o\x02 \\\xf8\xf1\xf2E\xfc\xf6A\xb7\xc6\xbc$\xc4\xdbD\xf3\x96\xe1S\xda\x069\xa3r\x87\x9eK\xbd\xf4O\xb1a")
0 config verify passed!!!!
Node 0 read a proofchain using 0.003724 sec
0 start to run round 4 C: [0, 1, 2, 3, 4, 5, 6] N: 7
old [0, 1, 2, 3, 4, 5, 6]
new [0, 1, 2, 3, 4, 5, 6]
run round 4 adkr round taking 0.900870 sec
pc size for round 4 is 21689
(1, b'0E\x02!\x00\xb7~\x00\xffN\xcb\xf5.\xa2\x15\x9bVr\x16\xcdnr\xf2R?Q#\xe8w%\x93\xb0c\xd7\xd7\x95\x16\x02 \x03\x97\xbb\xaa\x08,A\x8a\xa4\x0e\xc6\x14@\x1eO.\xfdy\x17\x91\xa4\x07V \xf7+^\x12\x13~.\x91')
(4, b"0E\x02!\x00\x83\xfc\xebp\x1f\x0eex\x93\x05D\x18\x8e*'\xbf5\x8b\xbd\xf1i\xff\x7f\xdd\x1e\xff\x8elbJ)o\x02 \\\xf8\xf1\xf2E\xfc\xf6A\xb7\xc6\xbc$\xc4\xdbD\xf3\x96\xe1S\xda\x069\xa3r\x87\x9eK\xbd\xf4O\xb1a")
(1, b'0E\x02!\x00\xb7~\x00\xffN\xcb\xf5.\xa2\x15\x9bVr\x16\xcdnr\xf2R?Q#\xe8w%\x93\xb0c\xd7\xd7\x95\x16\x02 \x03\x97\xbb\xaa\x08,A\x8a\xa4\x0e\xc6\x14@\x1eO.\xfdy\x17\x91\xa4\x07V \xf7+^\x12\x13~.\x91')
(4, b"0E\x02!\x00\x83\xfc\xebp\x1f\x0eex\x93\x05D\x18\x8e*'\xbf5\x8b\xbd\xf1i\xff\x7f\xdd\x1e\xff\x8elbJ)o\x02 \\\xf8\xf1\xf2E\xfc\xf6A\xb7\xc6\xbc$\xc4\xdbD\xf3\x96\xe1S\xda\x069\xa3r\x87\x9eK\xbd\xf4O\xb1a")
(1, b'0E\x02!\x00\xb7~\x00\xffN\xcb\xf5.\xa2\x15\x9bVr\x16\xcdnr\xf2R?Q#\xe8w%\x93\xb0c\xd7\xd7\x95\x16\x02 \x03\x97\xbb\xaa\x08,A\x8a\xa4\x0e\xc6\x14@\x1eO.\xfdy\x17\x91\xa4\x07V \xf7+^\x12\x13~.\x91')
(4, b"0E\x02!\x00\x83\xfc\xebp\x1f\x0eex\x93\x05D\x18\x8e*'\xbf5\x8b\xbd\xf1i\xff\x7f\xdd\x1e\xff\x8elbJ)o\x02 \\\xf8\xf1\xf2E\xfc\xf6A\xb7\xc6\xbc$\xc4\xdbD\xf3\x96\xe1S\xda\x069\xa3r\x87\x9eK\xbd\xf4O\xb1a")
(1, b'0E\x02!\x00\xb7~\x00\xffN\xcb\xf5.\xa2\x15\x9bVr\x16\xcdnr\xf2R?Q#\xe8w%\x93\xb0c\xd7\xd7\x95\x16\x02 \x03\x97\xbb\xaa\x08,A\x8a\xa4\x0e\xc6\x14@\x1eO.\xfdy\x17\x91\xa4\x07V \xf7+^\x12\x13~.\x91')
(4, b"0E\x02!\x00\x83\xfc\xebp\x1f\x0eex\x93\x05D\x18\x8e*'\xbf5\x8b\xbd\xf1i\xff\x7f\xdd\x1e\xff\x8elbJ)o\x02 \\\xf8\xf1\xf2E\xfc\xf6A\xb7\xc6\xbc$\xc4\xdbD\xf3\x96\xe1S\xda\x069\xa3r\x87\x9eK\xbd\xf4O\xb1a")
(1, b'0E\x02!\x00\xb7~\x00\xffN\xcb\xf5.\xa2\x15\x9bVr\x16\xcdnr\xf2R?Q#\xe8w%\x93\xb0c\xd7\xd7\x95\x16\x02 \x03\x97\xbb\xaa\x08,A\x8a\xa4\x0e\xc6\x14@\x1eO.\xfdy\x17\x91\xa4\x07V \xf7+^\x12\x13~.\x91')
(4, b"0E\x02!\x00\x83\xfc\xebp\x1f\x0eex\x93\x05D\x18\x8e*'\xbf5\x8b\xbd\xf1i\xff\x7f\xdd\x1e\xff\x8elbJ)o\x02 \\\xf8\xf1\xf2E\xfc\xf6A\xb7\xc6\xbc$\xc4\xdbD\xf3\x96\xe1S\xda\x069\xa3r\x87\x9eK\xbd\xf4O\xb1a")
0 config verify passed!!!!
Node 0 read a proofchain using 0.003977 sec
0 start to run round 5 C: [0, 1, 2, 3, 4, 5, 6] N: 7
old [0, 1, 2, 3, 4, 5, 6]
new [0, 1, 2, 3, 4, 5, 6]
run round 5 adkr round taking 0.947243 sec
pc size for round 5 is 25950
(1, b'0E\x02!\x00\xb7~\x00\xffN\xcb\xf5.\xa2\x15\x9bVr\x16\xcdnr\xf2R?Q#\xe8w%\x93\xb0c\xd7\xd7\x95\x16\x02 \x03\x97\xbb\xaa\x08,A\x8a\xa4\x0e\xc6\x14@\x1eO.\xfdy\x17\x91\xa4\x07V \xf7+^\x12\x13~.\x91')
(4, b"0E\x02!\x00\x83\xfc\xebp\x1f\x0eex\x93\x05D\x18\x8e*'\xbf5\x8b\xbd\xf1i\xff\x7f\xdd\x1e\xff\x8elbJ)o\x02 \\\xf8\xf1\xf2E\xfc\xf6A\xb7\xc6\xbc$\xc4\xdbD\xf3\x96\xe1S\xda\x069\xa3r\x87\x9eK\xbd\xf4O\xb1a")
(1, b'0E\x02!\x00\xb7~\x00\xffN\xcb\xf5.\xa2\x15\x9bVr\x16\xcdnr\xf2R?Q#\xe8w%\x93\xb0c\xd7\xd7\x95\x16\x02 \x03\x97\xbb\xaa\x08,A\x8a\xa4\x0e\xc6\x14@\x1eO.\xfdy\x17\x91\xa4\x07V \xf7+^\x12\x13~.\x91')
(4, b"0E\x02!\x00\x83\xfc\xebp\x1f\x0eex\x93\x05D\x18\x8e*'\xbf5\x8b\xbd\xf1i\xff\x7f\xdd\x1e\xff\x8elbJ)o\x02 \\\xf8\xf1\xf2E\xfc\xf6A\xb7\xc6\xbc$\xc4\xdbD\xf3\x96\xe1S\xda\x069\xa3r\x87\x9eK\xbd\xf4O\xb1a")
(1, b'0E\x02!\x00\xb7~\x00\xffN\xcb\xf5.\xa2\x15\x9bVr\x16\xcdnr\xf2R?Q#\xe8w%\x93\xb0c\xd7\xd7\x95\x16\x02 \x03\x97\xbb\xaa\x08,A\x8a\xa4\x0e\xc6\x14@\x1eO.\xfdy\x17\x91\xa4\x07V \xf7+^\x12\x13~.\x91')
(4, b"0E\x02!\x00\x83\xfc\xebp\x1f\x0eex\x93\x05D\x18\x8e*'\xbf5\x8b\xbd\xf1i\xff\x7f\xdd\x1e\xff\x8elbJ)o\x02 \\\xf8\xf1\xf2E\xfc\xf6A\xb7\xc6\xbc$\xc4\xdbD\xf3\x96\xe1S\xda\x069\xa3r\x87\x9eK\xbd\xf4O\xb1a")
(1, b'0E\x02!\x00\xb7~\x00\xffN\xcb\xf5.\xa2\x15\x9bVr\x16\xcdnr\xf2R?Q#\xe8w%\x93\xb0c\xd7\xd7\x95\x16\x02 \x03\x97\xbb\xaa\x08,A\x8a\xa4\x0e\xc6\x14@\x1eO.\xfdy\x17\x91\xa4\x07V \xf7+^\x12\x13~.\x91')
(4, b"0E\x02!\x00\x83\xfc\xebp\x1f\x0eex\x93\x05D\x18\x8e*'\xbf5\x8b\xbd\xf1i\xff\x7f\xdd\x1e\xff\x8elbJ)o\x02 \\\xf8\xf1\xf2E\xfc\xf6A\xb7\xc6\xbc$\xc4\xdbD\xf3\x96\xe1S\xda\x069\xa3r\x87\x9eK\xbd\xf4O\xb1a")
(1, b'0E\x02!\x00\xb7~\x00\xffN\xcb\xf5.\xa2\x15\x9bVr\x16\xcdnr\xf2R?Q#\xe8w%\x93\xb0c\xd7\xd7\x95\x16\x02 \x03\x97\xbb\xaa\x08,A\x8a\xa4\x0e\xc6\x14@\x1eO.\xfdy\x17\x91\xa4\x07V \xf7+^\x12\x13~.\x91')
(4, b"0E\x02!\x00\x83\xfc\xebp\x1f\x0eex\x93\x05D\x18\x8e*'\xbf5\x8b\xbd\xf1i\xff\x7f\xdd\x1e\xff\x8elbJ)o\x02 \\\xf8\xf1\xf2E\xfc\xf6A\xb7\xc6\xbc$\xc4\xdbD\xf3\x96\xe1S\xda\x069\xa3r\x87\x9eK\xbd\xf4O\xb1a")
(1, b'0E\x02!\x00\xb7~\x00\xffN\xcb\xf5.\xa2\x15\x9bVr\x16\xcdnr\xf2R?Q#\xe8w%\x93\xb0c\xd7\xd7\x95\x16\x02 \x03\x97\xbb\xaa\x08,A\x8a\xa4\x0e\xc6\x14@\x1eO.\xfdy\x17\x91\xa4\x07V \xf7+^\x12\x13~.\x91')
(4, b"0E\x02!\x00\x83\xfc\xebp\x1f\x0eex\x93\x05D\x18\x8e*'\xbf5\x8b\xbd\xf1i\xff\x7f\xdd\x1e\xff\x8elbJ)o\x02 \\\xf8\xf1\xf2E\xfc\xf6A\xb7\xc6\xbc$\xc4\xdbD\xf3\x96\xe1S\xda\x069\xa3r\x87\x9eK\xbd\xf4O\xb1a")
0 config verify passed!!!!
Node 0 read a proofchain using 0.004371 sec
0 start to run round 6 C: [0, 1, 2, 3, 4, 5, 6] N: 7
old [0, 1, 2, 3, 4, 5, 6]
new [0, 1, 2, 3, 4, 5, 6]
run round 6 adkr round taking 0.920554 sec
pc size for round 6 is 30212
(1, b'0E\x02!\x00\xb7~\x00\xffN\xcb\xf5.\xa2\x15\x9bVr\x16\xcdnr\xf2R?Q#\xe8w%\x93\xb0c\xd7\xd7\x95\x16\x02 \x03\x97\xbb\xaa\x08,A\x8a\xa4\x0e\xc6\x14@\x1eO.\xfdy\x17\x91\xa4\x07V \xf7+^\x12\x13~.\x91')
(4, b"0E\x02!\x00\x83\xfc\xebp\x1f\x0eex\x93\x05D\x18\x8e*'\xbf5\x8b\xbd\xf1i\xff\x7f\xdd\x1e\xff\x8elbJ)o\x02 \\\xf8\xf1\xf2E\xfc\xf6A\xb7\xc6\xbc$\xc4\xdbD\xf3\x96\xe1S\xda\x069\xa3r\x87\x9eK\xbd\xf4O\xb1a")
(1, b'0E\x02!\x00\xb7~\x00\xffN\xcb\xf5.\xa2\x15\x9bVr\x16\xcdnr\xf2R?Q#\xe8w%\x93\xb0c\xd7\xd7\x95\x16\x02 \x03\x97\xbb\xaa\x08,A\x8a\xa4\x0e\xc6\x14@\x1eO.\xfdy\x17\x91\xa4\x07V \xf7+^\x12\x13~.\x91')
(4, b"0E\x02!\x00\x83\xfc\xebp\x1f\x0eex\x93\x05D\x18\x8e*'\xbf5\x8b\xbd\xf1i\xff\x7f\xdd\x1e\xff\x8elbJ)o\x02 \\\xf8\xf1\xf2E\xfc\xf6A\xb7\xc6\xbc$\xc4\xdbD\xf3\x96\xe1S\xda\x069\xa3r\x87\x9eK\xbd\xf4O\xb1a")
(1, b'0E\x02!\x00\xb7~\x00\xffN\xcb\xf5.\xa2\x15\x9bVr\x16\xcdnr\xf2R?Q#\xe8w%\x93\xb0c\xd7\xd7\x95\x16\x02 \x03\x97\xbb\xaa\x08,A\x8a\xa4\x0e\xc6\x14@\x1eO.\xfdy\x17\x91\xa4\x07V \xf7+^\x12\x13~.\x91')
(4, b"0E\x02!\x00\x83\xfc\xebp\x1f\x0eex\x93\x05D\x18\x8e*'\xbf5\x8b\xbd\xf1i\xff\x7f\xdd\x1e\xff\x8elbJ)o\x02 \\\xf8\xf1\xf2E\xfc\xf6A\xb7\xc6\xbc$\xc4\xdbD\xf3\x96\xe1S\xda\x069\xa3r\x87\x9eK\xbd\xf4O\xb1a")
(1, b'0E\x02!\x00\xb7~\x00\xffN\xcb\xf5.\xa2\x15\x9bVr\x16\xcdnr\xf2R?Q#\xe8w%\x93\xb0c\xd7\xd7\x95\x16\x02 \x03\x97\xbb\xaa\x08,A\x8a\xa4\x0e\xc6\x14@\x1eO.\xfdy\x17\x91\xa4\x07V \xf7+^\x12\x13~.\x91')
(4, b"0E\x02!\x00\x83\xfc\xebp\x1f\x0eex\x93\x05D\x18\x8e*'\xbf5\x8b\xbd\xf1i\xff\x7f\xdd\x1e\xff\x8elbJ)o\x02 \\\xf8\xf1\xf2E\xfc\xf6A\xb7\xc6\xbc$\xc4\xdbD\xf3\x96\xe1S\xda\x069\xa3r\x87\x9eK\xbd\xf4O\xb1a")
(1, b'0E\x02!\x00\xb7~\x00\xffN\xcb\xf5.\xa2\x15\x9bVr\x16\xcdnr\xf2R?Q#\xe8w%\x93\xb0c\xd7\xd7\x95\x16\x02 \x03\x97\xbb\xaa\x08,A\x8a\xa4\x0e\xc6\x14@\x1eO.\xfdy\x17\x91\xa4\x07V \xf7+^\x12\x13~.\x91')
(4, b"0E\x02!\x00\x83\xfc\xebp\x1f\x0eex\x93\x05D\x18\x8e*'\xbf5\x8b\xbd\xf1i\xff\x7f\xdd\x1e\xff\x8elbJ)o\x02 \\\xf8\xf1\xf2E\xfc\xf6A\xb7\xc6\xbc$\xc4\xdbD\xf3\x96\xe1S\xda\x069\xa3r\x87\x9eK\xbd\xf4O\xb1a")
(1, b'0E\x02!\x00\xb7~\x00\xffN\xcb\xf5.\xa2\x15\x9bVr\x16\xcdnr\xf2R?Q#\xe8w%\x93\xb0c\xd7\xd7\x95\x16\x02 \x03\x97\xbb\xaa\x08,A\x8a\xa4\x0e\xc6\x14@\x1eO.\xfdy\x17\x91\xa4\x07V \xf7+^\x12\x13~.\x91')
(4, b"0E\x02!\x00\x83\xfc\xebp\x1f\x0eex\x93\x05D\x18\x8e*'\xbf5\x8b\xbd\xf1i\xff\x7f\xdd\x1e\xff\x8elbJ)o\x02 \\\xf8\xf1\xf2E\xfc\xf6A\xb7\xc6\xbc$\xc4\xdbD\xf3\x96\xe1S\xda\x069\xa3r\x87\x9eK\xbd\xf4O\xb1a")
(1, b'0E\x02!\x00\xb7~\x00\xffN\xcb\xf5.\xa2\x15\x9bVr\x16\xcdnr\xf2R?Q#\xe8w%\x93\xb0c\xd7\xd7\x95\x16\x02 \x03\x97\xbb\xaa\x08,A\x8a\xa4\x0e\xc6\x14@\x1eO.\xfdy\x17\x91\xa4\x07V \xf7+^\x12\x13~.\x91')
(4, b"0E\x02!\x00\x83\xfc\xebp\x1f\x0eex\x93\x05D\x18\x8e*'\xbf5\x8b\xbd\xf1i\xff\x7f\xdd\x1e\xff\x8elbJ)o\x02 \\\xf8\xf1\xf2E\xfc\xf6A\xb7\xc6\xbc$\xc4\xdbD\xf3\x96\xe1S\xda\x069\xa3r\x87\x9eK\xbd\xf4O\xb1a")
0 config verify passed!!!!
Node 0 read a proofchain using 0.004562 sec
0 start to run round 7 C: [0, 1, 2, 3, 4, 5, 6] N: 7
old [0, 1, 2, 3, 4, 5, 6]
new [0, 1, 2, 3, 4, 5, 6]
run round 7 adkr round taking 0.955018 sec
pc size for round 7 is 34473
(1, b'0E\x02!\x00\xb7~\x00\xffN\xcb\xf5.\xa2\x15\x9bVr\x16\xcdnr\xf2R?Q#\xe8w%\x93\xb0c\xd7\xd7\x95\x16\x02 \x03\x97\xbb\xaa\x08,A\x8a\xa4\x0e\xc6\x14@\x1eO.\xfdy\x17\x91\xa4\x07V \xf7+^\x12\x13~.\x91')
(4, b"0E\x02!\x00\x83\xfc\xebp\x1f\x0eex\x93\x05D\x18\x8e*'\xbf5\x8b\xbd\xf1i\xff\x7f\xdd\x1e\xff\x8elbJ)o\x02 \\\xf8\xf1\xf2E\xfc\xf6A\xb7\xc6\xbc$\xc4\xdbD\xf3\x96\xe1S\xda\x069\xa3r\x87\x9eK\xbd\xf4O\xb1a")
(1, b'0E\x02!\x00\xb7~\x00\xffN\xcb\xf5.\xa2\x15\x9bVr\x16\xcdnr\xf2R?Q#\xe8w%\x93\xb0c\xd7\xd7\x95\x16\x02 \x03\x97\xbb\xaa\x08,A\x8a\xa4\x0e\xc6\x14@\x1eO.\xfdy\x17\x91\xa4\x07V \xf7+^\x12\x13~.\x91')
(4, b"0E\x02!\x00\x83\xfc\xebp\x1f\x0eex\x93\x05D\x18\x8e*'\xbf5\x8b\xbd\xf1i\xff\x7f\xdd\x1e\xff\x8elbJ)o\x02 \\\xf8\xf1\xf2E\xfc\xf6A\xb7\xc6\xbc$\xc4\xdbD\xf3\x96\xe1S\xda\x069\xa3r\x87\x9eK\xbd\xf4O\xb1a")
(1, b'0E\x02!\x00\xb7~\x00\xffN\xcb\xf5.\xa2\x15\x9bVr\x16\xcdnr\xf2R?Q#\xe8w%\x93\xb0c\xd7\xd7\x95\x16\x02 \x03\x97\xbb\xaa\x08,A\x8a\xa4\x0e\xc6\x14@\x1eO.\xfdy\x17\x91\xa4\x07V \xf7+^\x12\x13~.\x91')
(4, b"0E\x02!\x00\x83\xfc\xebp\x1f\x0eex\x93\x05D\x18\x8e*'\xbf5\x8b\xbd\xf1i\xff\x7f\xdd\x1e\xff\x8elbJ)o\x02 \\\xf8\xf1\xf2E\xfc\xf6A\xb7\xc6\xbc$\xc4\xdbD\xf3\x96\xe1S\xda\x069\xa3r\x87\x9eK\xbd\xf4O\xb1a")
(1, b'0E\x02!\x00\xb7~\x00\xffN\xcb\xf5.\xa2\x15\x9bVr\x16\xcdnr\xf2R?Q#\xe8w%\x93\xb0c\xd7\xd7\x95\x16\x02 \x03\x97\xbb\xaa\x08,A\x8a\xa4\x0e\xc6\x14@\x1eO.\xfdy\x17\x91\xa4\x07V \xf7+^\x12\x13~.\x91')
(4, b"0E\x02!\x00\x83\xfc\xebp\x1f\x0eex\x93\x05D\x18\x8e*'\xbf5\x8b\xbd\xf1i\xff\x7f\xdd\x1e\xff\x8elbJ)o\x02 \\\xf8\xf1\xf2E\xfc\xf6A\xb7\xc6\xbc$\xc4\xdbD\xf3\x96\xe1S\xda\x069\xa3r\x87\x9eK\xbd\xf4O\xb1a")
(1, b'0E\x02!\x00\xb7~\x00\xffN\xcb\xf5.\xa2\x15\x9bVr\x16\xcdnr\xf2R?Q#\xe8w%\x93\xb0c\xd7\xd7\x95\x16\x02 \x03\x97\xbb\xaa\x08,A\x8a\xa4\x0e\xc6\x14@\x1eO.\xfdy\x17\x91\xa4\x07V \xf7+^\x12\x13~.\x91')
(4, b"0E\x02!\x00\x83\xfc\xebp\x1f\x0eex\x93\x05D\x18\x8e*'\xbf5\x8b\xbd\xf1i\xff\x7f\xdd\x1e\xff\x8elbJ)o\x02 \\\xf8\xf1\xf2E\xfc\xf6A\xb7\xc6\xbc$\xc4\xdbD\xf3\x96\xe1S\xda\x069\xa3r\x87\x9eK\xbd\xf4O\xb1a")
(1, b'0E\x02!\x00\xb7~\x00\xffN\xcb\xf5.\xa2\x15\x9bVr\x16\xcdnr\xf2R?Q#\xe8w%\x93\xb0c\xd7\xd7\x95\x16\x02 \x03\x97\xbb\xaa\x08,A\x8a\xa4\x0e\xc6\x14@\x1eO.\xfdy\x17\x91\xa4\x07V \xf7+^\x12\x13~.\x91')
(4, b"0E\x02!\x00\x83\xfc\xebp\x1f\x0eex\x93\x05D\x18\x8e*'\xbf5\x8b\xbd\xf1i\xff\x7f\xdd\x1e\xff\x8elbJ)o\x02 \\\xf8\xf1\xf2E\xfc\xf6A\xb7\xc6\xbc$\xc4\xdbD\xf3\x96\xe1S\xda\x069\xa3r\x87\x9eK\xbd\xf4O\xb1a")
(1, b'0E\x02!\x00\xb7~\x00\xffN\xcb\xf5.\xa2\x15\x9bVr\x16\xcdnr\xf2R?Q#\xe8w%\x93\xb0c\xd7\xd7\x95\x16\x02 \x03\x97\xbb\xaa\x08,A\x8a\xa4\x0e\xc6\x14@\x1eO.\xfdy\x17\x91\xa4\x07V \xf7+^\x12\x13~.\x91')
(4, b"0E\x02!\x00\x83\xfc\xebp\x1f\x0eex\x93\x05D\x18\x8e*'\xbf5\x8b\xbd\xf1i\xff\x7f\xdd\x1e\xff\x8elbJ)o\x02 \\\xf8\xf1\xf2E\xfc\xf6A\xb7\xc6\xbc$\xc4\xdbD\xf3\x96\xe1S\xda\x069\xa3r\x87\x9eK\xbd\xf4O\xb1a")
(1, b'0E\x02!\x00\xb7~\x00\xffN\xcb\xf5.\xa2\x15\x9bVr\x16\xcdnr\xf2R?Q#\xe8w%\x93\xb0c\xd7\xd7\x95\x16\x02 \x03\x97\xbb\xaa\x08,A\x8a\xa4\x0e\xc6\x14@\x1eO.\xfdy\x17\x91\xa4\x07V \xf7+^\x12\x13~.\x91')
(4, b"0E\x02!\x00\x83\xfc\xebp\x1f\x0eex\x93\x05D\x18\x8e*'\xbf5\x8b\xbd\xf1i\xff\x7f\xdd\x1e\xff\x8elbJ)o\x02 \\\xf8\xf1\xf2E\xfc\xf6A\xb7\xc6\xbc$\xc4\xdbD\xf3\x96\xe1S\xda\x069\xa3r\x87\x9eK\xbd\xf4O\xb1a")
0 config verify passed!!!!
Node 0 read a proofchain using 0.004838 sec
0 start to run round 8 C: [0, 1, 2, 3, 4, 5, 6] N: 7
old [0, 1, 2, 3, 4, 5, 6]
new [0, 1, 2, 3, 4, 5, 6]
run round 8 adkr round taking 1.003631 sec
pc size for round 8 is 38734
(1, b'0E\x02!\x00\xb7~\x00\xffN\xcb\xf5.\xa2\x15\x9bVr\x16\xcdnr\xf2R?Q#\xe8w%\x93\xb0c\xd7\xd7\x95\x16\x02 \x03\x97\xbb\xaa\x08,A\x8a\xa4\x0e\xc6\x14@\x1eO.\xfdy\x17\x91\xa4\x07V \xf7+^\x12\x13~.\x91')
(4, b"0E\x02!\x00\x83\xfc\xebp\x1f\x0eex\x93\x05D\x18\x8e*'\xbf5\x8b\xbd\xf1i\xff\x7f\xdd\x1e\xff\x8elbJ)o\x02 \\\xf8\xf1\xf2E\xfc\xf6A\xb7\xc6\xbc$\xc4\xdbD\xf3\x96\xe1S\xda\x069\xa3r\x87\x9eK\xbd\xf4O\xb1a")
(1, b'0E\x02!\x00\xb7~\x00\xffN\xcb\xf5.\xa2\x15\x9bVr\x16\xcdnr\xf2R?Q#\xe8w%\x93\xb0c\xd7\xd7\x95\x16\x02 \x03\x97\xbb\xaa\x08,A\x8a\xa4\x0e\xc6\x14@\x1eO.\xfdy\x17\x91\xa4\x07V \xf7+^\x12\x13~.\x91')
(4, b"0E\x02!\x00\x83\xfc\xebp\x1f\x0eex\x93\x05D\x18\x8e*'\xbf5\x8b\xbd\xf1i\xff\x7f\xdd\x1e\xff\x8elbJ)o\x02 \\\xf8\xf1\xf2E\xfc\xf6A\xb7\xc6\xbc$\xc4\xdbD\xf3\x96\xe1S\xda\x069\xa3r\x87\x9eK\xbd\xf4O\xb1a")
(1, b'0E\x02!\x00\xb7~\x00\xffN\xcb\xf5.\xa2\x15\x9bVr\x16\xcdnr\xf2R?Q#\xe8w%\x93\xb0c\xd7\xd7\x95\x16\x02 \x03\x97\xbb\xaa\x08,A\x8a\xa4\x0e\xc6\x14@\x1eO.\xfdy\x17\x91\xa4\x07V \xf7+^\x12\x13~.\x91')
(4, b"0E\x02!\x00\x83\xfc\xebp\x1f\x0eex\x93\x05D\x18\x8e*'\xbf5\x8b\xbd\xf1i\xff\x7f\xdd\x1e\xff\x8elbJ)o\x02 \\\xf8\xf1\xf2E\xfc\xf6A\xb7\xc6\xbc$\xc4\xdbD\xf3\x96\xe1S\xda\x069\xa3r\x87\x9eK\xbd\xf4O\xb1a")
(1, b'0E\x02!\x00\xb7~\x00\xffN\xcb\xf5.\xa2\x15\x9bVr\x16\xcdnr\xf2R?Q#\xe8w%\x93\xb0c\xd7\xd7\x95\x16\x02 \x03\x97\xbb\xaa\x08,A\x8a\xa4\x0e\xc6\x14@\x1eO.\xfdy\x17\x91\xa4\x07V \xf7+^\x12\x13~.\x91')
(4, b"0E\x02!\x00\x83\xfc\xebp\x1f\x0eex\x93\x05D\x18\x8e*'\xbf5\x8b\xbd\xf1i\xff\x7f\xdd\x1e\xff\x8elbJ)o\x02 \\\xf8\xf1\xf2E\xfc\xf6A\xb7\xc6\xbc$\xc4\xdbD\xf3\x96\xe1S\xda\x069\xa3r\x87\x9eK\xbd\xf4O\xb1a")
(1, b'0E\x02!\x00\xb7~\x00\xffN\xcb\xf5.\xa2\x15\x9bVr\x16\xcdnr\xf2R?Q#\xe8w%\x93\xb0c\xd7\xd7\x95\x16\x02 \x03\x97\xbb\xaa\x08,A\x8a\xa4\x0e\xc6\x14@\x1eO.\xfdy\x17\x91\xa4\x07V \xf7+^\x12\x13~.\x91')
(4, b"0E\x02!\x00\x83\xfc\xebp\x1f\x0eex\x93\x05D\x18\x8e*'\xbf5\x8b\xbd\xf1i\xff\x7f\xdd\x1e\xff\x8elbJ)o\x02 \\\xf8\xf1\xf2E\xfc\xf6A\xb7\xc6\xbc$\xc4\xdbD\xf3\x96\xe1S\xda\x069\xa3r\x87\x9eK\xbd\xf4O\xb1a")
(1, b'0E\x02!\x00\xb7~\x00\xffN\xcb\xf5.\xa2\x15\x9bVr\x16\xcdnr\xf2R?Q#\xe8w%\x93\xb0c\xd7\xd7\x95\x16\x02 \x03\x97\xbb\xaa\x08,A\x8a\xa4\x0e\xc6\x14@\x1eO.\xfdy\x17\x91\xa4\x07V \xf7+^\x12\x13~.\x91')
(4, b"0E\x02!\x00\x83\xfc\xebp\x1f\x0eex\x93\x05D\x18\x8e*'\xbf5\x8b\xbd\xf1i\xff\x7f\xdd\x1e\xff\x8elbJ)o\x02 \\\xf8\xf1\xf2E\xfc\xf6A\xb7\xc6\xbc$\xc4\xdbD\xf3\x96\xe1S\xda\x069\xa3r\x87\x9eK\xbd\xf4O\xb1a")
(1, b'0E\x02!\x00\xb7~\x00\xffN\xcb\xf5.\xa2\x15\x9bVr\x16\xcdnr\xf2R?Q#\xe8w%\x93\xb0c\xd7\xd7\x95\x16\x02 \x03\x97\xbb\xaa\x08,A\x8a\xa4\x0e\xc6\x14@\x1eO.\xfdy\x17\x91\xa4\x07V \xf7+^\x12\x13~.\x91')
(4, b"0E\x02!\x00\x83\xfc\xebp\x1f\x0eex\x93\x05D\x18\x8e*'\xbf5\x8b\xbd\xf1i\xff\x7f\xdd\x1e\xff\x8elbJ)o\x02 \\\xf8\xf1\xf2E\xfc\xf6A\xb7\xc6\xbc$\xc4\xdbD\xf3\x96\xe1S\xda\x069\xa3r\x87\x9eK\xbd\xf4O\xb1a")
(1, b'0E\x02!\x00\xb7~\x00\xffN\xcb\xf5.\xa2\x15\x9bVr\x16\xcdnr\xf2R?Q#\xe8w%\x93\xb0c\xd7\xd7\x95\x16\x02 \x03\x97\xbb\xaa\x08,A\x8a\xa4\x0e\xc6\x14@\x1eO.\xfdy\x17\x91\xa4\x07V \xf7+^\x12\x13~.\x91')
(4, b"0E\x02!\x00\x83\xfc\xebp\x1f\x0eex\x93\x05D\x18\x8e*'\xbf5\x8b\xbd\xf1i\xff\x7f\xdd\x1e\xff\x8elbJ)o\x02 \\\xf8\xf1\xf2E\xfc\xf6A\xb7\xc6\xbc$\xc4\xdbD\xf3\x96\xe1S\xda\x069\xa3r\x87\x9eK\xbd\xf4O\xb1a")
(1, b'0E\x02!\x00\xb7~\x00\xffN\xcb\xf5.\xa2\x15\x9bVr\x16\xcdnr\xf2R?Q#\xe8w%\x93\xb0c\xd7\xd7\x95\x16\x02 \x03\x97\xbb\xaa\x08,A\x8a\xa4\x0e\xc6\x14@\x1eO.\xfdy\x17\x91\xa4\x07V \xf7+^\x12\x13~.\x91')
(4, b"0E\x02!\x00\x83\xfc\xebp\x1f\x0eex\x93\x05D\x18\x8e*'\xbf5\x8b\xbd\xf1i\xff\x7f\xdd\x1e\xff\x8elbJ)o\x02 \\\xf8\xf1\xf2E\xfc\xf6A\xb7\xc6\xbc$\xc4\xdbD\xf3\x96\xe1S\xda\x069\xa3r\x87\x9eK\xbd\xf4O\xb1a")
0 config verify passed!!!!
Node 0 read a proofchain using 0.005111 sec
0 start to run round 9 C: [0, 1, 2, 3, 4, 5, 6] N: 7
old [0, 1, 2, 3, 4, 5, 6]
new [0, 1, 2, 3, 4, 5, 6]
run round 9 adkr round taking 0.925446 sec
pc size for round 9 is 42996
(1, b'0E\x02!\x00\xb7~\x00\xffN\xcb\xf5.\xa2\x15\x9bVr\x16\xcdnr\xf2R?Q#\xe8w%\x93\xb0c\xd7\xd7\x95\x16\x02 \x03\x97\xbb\xaa\x08,A\x8a\xa4\x0e\xc6\x14@\x1eO.\xfdy\x17\x91\xa4\x07V \xf7+^\x12\x13~.\x91')
(4, b"0E\x02!\x00\x83\xfc\xebp\x1f\x0eex\x93\x05D\x18\x8e*'\xbf5\x8b\xbd\xf1i\xff\x7f\xdd\x1e\xff\x8elbJ)o\x02 \\\xf8\xf1\xf2E\xfc\xf6A\xb7\xc6\xbc$\xc4\xdbD\xf3\x96\xe1S\xda\x069\xa3r\x87\x9eK\xbd\xf4O\xb1a")
(1, b'0E\x02!\x00\xb7~\x00\xffN\xcb\xf5.\xa2\x15\x9bVr\x16\xcdnr\xf2R?Q#\xe8w%\x93\xb0c\xd7\xd7\x95\x16\x02 \x03\x97\xbb\xaa\x08,A\x8a\xa4\x0e\xc6\x14@\x1eO.\xfdy\x17\x91\xa4\x07V \xf7+^\x12\x13~.\x91')
(4, b"0E\x02!\x00\x83\xfc\xebp\x1f\x0eex\x93\x05D\x18\x8e*'\xbf5\x8b\xbd\xf1i\xff\x7f\xdd\x1e\xff\x8elbJ)o\x02 \\\xf8\xf1\xf2E\xfc\xf6A\xb7\xc6\xbc$\xc4\xdbD\xf3\x96\xe1S\xda\x069\xa3r\x87\x9eK\xbd\xf4O\xb1a")
(1, b'0E\x02!\x00\xb7~\x00\xffN\xcb\xf5.\xa2\x15\x9bVr\x16\xcdnr\xf2R?Q#\xe8w%\x93\xb0c\xd7\xd7\x95\x16\x02 \x03\x97\xbb\xaa\x08,A\x8a\xa4\x0e\xc6\x14@\x1eO.\xfdy\x17\x91\xa4\x07V \xf7+^\x12\x13~.\x91')
(4, b"0E\x02!\x00\x83\xfc\xebp\x1f\x0eex\x93\x05D\x18\x8e*'\xbf5\x8b\xbd\xf1i\xff\x7f\xdd\x1e\xff\x8elbJ)o\x02 \\\xf8\xf1\xf2E\xfc\xf6A\xb7\xc6\xbc$\xc4\xdbD\xf3\x96\xe1S\xda\x069\xa3r\x87\x9eK\xbd\xf4O\xb1a")
(1, b'0E\x02!\x00\xb7~\x00\xffN\xcb\xf5.\xa2\x15\x9bVr\x16\xcdnr\xf2R?Q#\xe8w%\x93\xb0c\xd7\xd7\x95\x16\x02 \x03\x97\xbb\xaa\x08,A\x8a\xa4\x0e\xc6\x14@\x1eO.\xfdy\x17\x91\xa4\x07V \xf7+^\x12\x13~.\x91')
(4, b"0E\x02!\x00\x83\xfc\xebp\x1f\x0eex\x93\x05D\x18\x8e*'\xbf5\x8b\xbd\xf1i\xff\x7f\xdd\x1e\xff\x8elbJ)o\x02 \\\xf8\xf1\xf2E\xfc\xf6A\xb7\xc6\xbc$\xc4\xdbD\xf3\x96\xe1S\xda\x069\xa3r\x87\x9eK\xbd\xf4O\xb1a")
(1, b'0E\x02!\x00\xb7~\x00\xffN\xcb\xf5.\xa2\x15\x9bVr\x16\xcdnr\xf2R?Q#\xe8w%\x93\xb0c\xd7\xd7\x95\x16\x02 \x03\x97\xbb\xaa\x08,A\x8a\xa4\x0e\xc6\x14@\x1eO.\xfdy\x17\x91\xa4\x07V \xf7+^\x12\x13~.\x91')
(4, b"0E\x02!\x00\x83\xfc\xebp\x1f\x0eex\x93\x05D\x18\x8e*'\xbf5\x8b\xbd\xf1i\xff\x7f\xdd\x1e\xff\x8elbJ)o\x02 \\\xf8\xf1\xf2E\xfc\xf6A\xb7\xc6\xbc$\xc4\xdbD\xf3\x96\xe1S\xda\x069\xa3r\x87\x9eK\xbd\xf4O\xb1a")
(1, b'0E\x02!\x00\xb7~\x00\xffN\xcb\xf5.\xa2\x15\x9bVr\x16\xcdnr\xf2R?Q#\xe8w%\x93\xb0c\xd7\xd7\x95\x16\x02 \x03\x97\xbb\xaa\x08,A\x8a\xa4\x0e\xc6\x14@\x1eO.\xfdy\x17\x91\xa4\x07V \xf7+^\x12\x13~.\x91')
(4, b"0E\x02!\x00\x83\xfc\xebp\x1f\x0eex\x93\x05D\x18\x8e*'\xbf5\x8b\xbd\xf1i\xff\x7f\xdd\x1e\xff\x8elbJ)o\x02 \\\xf8\xf1\xf2E\xfc\xf6A\xb7\xc6\xbc$\xc4\xdbD\xf3\x96\xe1S\xda\x069\xa3r\x87\x9eK\xbd\xf4O\xb1a")
(1, b'0E\x02!\x00\xb7~\x00\xffN\xcb\xf5.\xa2\x15\x9bVr\x16\xcdnr\xf2R?Q#\xe8w%\x93\xb0c\xd7\xd7\x95\x16\x02 \x03\x97\xbb\xaa\x08,A\x8a\xa4\x0e\xc6\x14@\x1eO.\xfdy\x17\x91\xa4\x07V \xf7+^\x12\x13~.\x91')
(4, b"0E\x02!\x00\x83\xfc\xebp\x1f\x0eex\x93\x05D\x18\x8e*'\xbf5\x8b\xbd\xf1i\xff\x7f\xdd\x1e\xff\x8elbJ)o\x02 \\\xf8\xf1\xf2E\xfc\xf6A\xb7\xc6\xbc$\xc4\xdbD\xf3\x96\xe1S\xda\x069\xa3r\x87\x9eK\xbd\xf4O\xb1a")
(1, b'0E\x02!\x00\xb7~\x00\xffN\xcb\xf5.\xa2\x15\x9bVr\x16\xcdnr\xf2R?Q#\xe8w%\x93\xb0c\xd7\xd7\x95\x16\x02 \x03\x97\xbb\xaa\x08,A\x8a\xa4\x0e\xc6\x14@\x1eO.\xfdy\x17\x91\xa4\x07V \xf7+^\x12\x13~.\x91')
(4, b"0E\x02!\x00\x83\xfc\xebp\x1f\x0eex\x93\x05D\x18\x8e*'\xbf5\x8b\xbd\xf1i\xff\x7f\xdd\x1e\xff\x8elbJ)o\x02 \\\xf8\xf1\xf2E\xfc\xf6A\xb7\xc6\xbc$\xc4\xdbD\xf3\x96\xe1S\xda\x069\xa3r\x87\x9eK\xbd\xf4O\xb1a")
(1, b'0E\x02!\x00\xb7~\x00\xffN\xcb\xf5.\xa2\x15\x9bVr\x16\xcdnr\xf2R?Q#\xe8w%\x93\xb0c\xd7\xd7\x95\x16\x02 \x03\x97\xbb\xaa\x08,A\x8a\xa4\x0e\xc6\x14@\x1eO.\xfdy\x17\x91\xa4\x07V \xf7+^\x12\x13~.\x91')
(4, b"0E\x02!\x00\x83\xfc\xebp\x1f\x0eex\x93\x05D\x18\x8e*'\xbf5\x8b\xbd\xf1i\xff\x7f\xdd\x1e\xff\x8elbJ)o\x02 \\\xf8\xf1\xf2E\xfc\xf6A\xb7\xc6\xbc$\xc4\xdbD\xf3\x96\xe1S\xda\x069\xa3r\x87\x9eK\xbd\xf4O\xb1a")
(1, b'0E\x02!\x00\xb7~\x00\xffN\xcb\xf5.\xa2\x15\x9bVr\x16\xcdnr\xf2R?Q#\xe8w%\x93\xb0c\xd7\xd7\x95\x16\x02 \x03\x97\xbb\xaa\x08,A\x8a\xa4\x0e\xc6\x14@\x1eO.\xfdy\x17\x91\xa4\x07V \xf7+^\x12\x13~.\x91')
(4, b"0E\x02!\x00\x83\xfc\xebp\x1f\x0eex\x93\x05D\x18\x8e*'\xbf5\x8b\xbd\xf1i\xff\x7f\xdd\x1e\xff\x8elbJ)o\x02 \\\xf8\xf1\xf2E\xfc\xf6A\xb7\xc6\xbc$\xc4\xdbD\xf3\x96\xe1S\xda\x069\xa3r\x87\x9eK\xbd\xf4O\xb1a")
0 config verify passed!!!!
Node 0 read a proofchain using 0.005499 sec
0 start to run round 10 C: [0, 1, 2, 3, 4, 5, 6] N: 7
old [0, 1, 2, 3, 4, 5, 6]
new [0, 1, 2, 3, 4, 5, 6]
run round 10 adkr round taking 0.929857 sec
pc size for round 10 is 47256
(1, b'0E\x02!\x00\xb7~\x00\xffN\xcb\xf5.\xa2\x15\x9bVr\x16\xcdnr\xf2R?Q#\xe8w%\x93\xb0c\xd7\xd7\x95\x16\x02 \x03\x97\xbb\xaa\x08,A\x8a\xa4\x0e\xc6\x14@\x1eO.\xfdy\x17\x91\xa4\x07V \xf7+^\x12\x13~.\x91')
(4, b"0E\x02!\x00\x83\xfc\xebp\x1f\x0eex\x93\x05D\x18\x8e*'\xbf5\x8b\xbd\xf1i\xff\x7f\xdd\x1e\xff\x8elbJ)o\x02 \\\xf8\xf1\xf2E\xfc\xf6A\xb7\xc6\xbc$\xc4\xdbD\xf3\x96\xe1S\xda\x069\xa3r\x87\x9eK\xbd\xf4O\xb1a")
(1, b'0E\x02!\x00\xb7~\x00\xffN\xcb\xf5.\xa2\x15\x9bVr\x16\xcdnr\xf2R?Q#\xe8w%\x93\xb0c\xd7\xd7\x95\x16\x02 \x03\x97\xbb\xaa\x08,A\x8a\xa4\x0e\xc6\x14@\x1eO.\xfdy\x17\x91\xa4\x07V \xf7+^\x12\x13~.\x91')
(4, b"0E\x02!\x00\x83\xfc\xebp\x1f\x0eex\x93\x05D\x18\x8e*'\xbf5\x8b\xbd\xf1i\xff\x7f\xdd\x1e\xff\x8elbJ)o\x02 \\\xf8\xf1\xf2E\xfc\xf6A\xb7\xc6\xbc$\xc4\xdbD\xf3\x96\xe1S\xda\x069\xa3r\x87\x9eK\xbd\xf4O\xb1a")
(1, b'0E\x02!\x00\xb7~\x00\xffN\xcb\xf5.\xa2\x15\x9bVr\x16\xcdnr\xf2R?Q#\xe8w%\x93\xb0c\xd7\xd7\x95\x16\x02 \x03\x97\xbb\xaa\x08,A\x8a\xa4\x0e\xc6\x14@\x1eO.\xfdy\x17\x91\xa4\x07V \xf7+^\x12\x13~.\x91')
(4, b"0E\x02!\x00\x83\xfc\xebp\x1f\x0eex\x93\x05D\x18\x8e*'\xbf5\x8b\xbd\xf1i\xff\x7f\xdd\x1e\xff\x8elbJ)o\x02 \\\xf8\xf1\xf2E\xfc\xf6A\xb7\xc6\xbc$\xc4\xdbD\xf3\x96\xe1S\xda\x069\xa3r\x87\x9eK\xbd\xf4O\xb1a")
(1, b'0E\x02!\x00\xb7~\x00\xffN\xcb\xf5.\xa2\x15\x9bVr\x16\xcdnr\xf2R?Q#\xe8w%\x93\xb0c\xd7\xd7\x95\x16\x02 \x03\x97\xbb\xaa\x08,A\x8a\xa4\x0e\xc6\x14@\x1eO.\xfdy\x17\x91\xa4\x07V \xf7+^\x12\x13~.\x91')
(4, b"0E\x02!\x00\x83\xfc\xebp\x1f\x0eex\x93\x05D\x18\x8e*'\xbf5\x8b\xbd\xf1i\xff\x7f\xdd\x1e\xff\x8elbJ)o\x02 \\\xf8\xf1\xf2E\xfc\xf6A\xb7\xc6\xbc$\xc4\xdbD\xf3\x96\xe1S\xda\x069\xa3r\x87\x9eK\xbd\xf4O\xb1a")
(1, b'0E\x02!\x00\xb7~\x00\xffN\xcb\xf5.\xa2\x15\x9bVr\x16\xcdnr\xf2R?Q#\xe8w%\x93\xb0c\xd7\xd7\x95\x16\x02 \x03\x97\xbb\xaa\x08,A\x8a\xa4\x0e\xc6\x14@\x1eO.\xfdy\x17\x91\xa4\x07V \xf7+^\x12\x13~.\x91')
(4, b"0E\x02!\x00\x83\xfc\xebp\x1f\x0eex\x93\x05D\x18\x8e*'\xbf5\x8b\xbd\xf1i\xff\x7f\xdd\x1e\xff\x8elbJ)o\x02 \\\xf8\xf1\xf2E\xfc\xf6A\xb7\xc6\xbc$\xc4\xdbD\xf3\x96\xe1S\xda\x069\xa3r\x87\x9eK\xbd\xf4O\xb1a")
(1, b'0E\x02!\x00\xb7~\x00\xffN\xcb\xf5.\xa2\x15\x9bVr\x16\xcdnr\xf2R?Q#\xe8w%\x93\xb0c\xd7\xd7\x95\x16\x02 \x03\x97\xbb\xaa\x08,A\x8a\xa4\x0e\xc6\x14@\x1eO.\xfdy\x17\x91\xa4\x07V \xf7+^\x12\x13~.\x91')
(4, b"0E\x02!\x00\x83\xfc\xebp\x1f\x0eex\x93\x05D\x18\x8e*'\xbf5\x8b\xbd\xf1i\xff\x7f\xdd\x1e\xff\x8elbJ)o\x02 \\\xf8\xf1\xf2E\xfc\xf6A\xb7\xc6\xbc$\xc4\xdbD\xf3\x96\xe1S\xda\x069\xa3r\x87\x9eK\xbd\xf4O\xb1a")
(1, b'0E\x02!\x00\xb7~\x00\xffN\xcb\xf5.\xa2\x15\x9bVr\x16\xcdnr\xf2R?Q#\xe8w%\x93\xb0c\xd7\xd7\x95\x16\x02 \x03\x97\xbb\xaa\x08,A\x8a\xa4\x0e\xc6\x14@\x1eO.\xfdy\x17\x91\xa4\x07V \xf7+^\x12\x13~.\x91')
(4, b"0E\x02!\x00\x83\xfc\xebp\x1f\x0eex\x93\x05D\x18\x8e*'\xbf5\x8b\xbd\xf1i\xff\x7f\xdd\x1e\xff\x8elbJ)o\x02 \\\xf8\xf1\xf2E\xfc\xf6A\xb7\xc6\xbc$\xc4\xdbD\xf3\x96\xe1S\xda\x069\xa3r\x87\x9eK\xbd\xf4O\xb1a")
(1, b'0E\x02!\x00\xb7~\x00\xffN\xcb\xf5.\xa2\x15\x9bVr\x16\xcdnr\xf2R?Q#\xe8w%\x93\xb0c\xd7\xd7\x95\x16\x02 \x03\x97\xbb\xaa\x08,A\x8a\xa4\x0e\xc6\x14@\x1eO.\xfdy\x17\x91\xa4\x07V \xf7+^\x12\x13~.\x91')
(4, b"0E\x02!\x00\x83\xfc\xebp\x1f\x0eex\x93\x05D\x18\x8e*'\xbf5\x8b\xbd\xf1i\xff\x7f\xdd\x1e\xff\x8elbJ)o\x02 \\\xf8\xf1\xf2E\xfc\xf6A\xb7\xc6\xbc$\xc4\xdbD\xf3\x96\xe1S\xda\x069\xa3r\x87\x9eK\xbd\xf4O\xb1a")
(1, b'0E\x02!\x00\xb7~\x00\xffN\xcb\xf5.\xa2\x15\x9bVr\x16\xcdnr\xf2R?Q#\xe8w%\x93\xb0c\xd7\xd7\x95\x16\x02 \x03\x97\xbb\xaa\x08,A\x8a\xa4\x0e\xc6\x14@\x1eO.\xfdy\x17\x91\xa4\x07V \xf7+^\x12\x13~.\x91')
(4, b"0E\x02!\x00\x83\xfc\xebp\x1f\x0eex\x93\x05D\x18\x8e*'\xbf5\x8b\xbd\xf1i\xff\x7f\xdd\x1e\xff\x8elbJ)o\x02 \\\xf8\xf1\xf2E\xfc\xf6A\xb7\xc6\xbc$\xc4\xdbD\xf3\x96\xe1S\xda\x069\xa3r\x87\x9eK\xbd\xf4O\xb1a")
(1, b'0E\x02!\x00\xb7~\x00\xffN\xcb\xf5.\xa2\x15\x9bVr\x16\xcdnr\xf2R?Q#\xe8w%\x93\xb0c\xd7\xd7\x95\x16\x02 \x03\x97\xbb\xaa\x08,A\x8a\xa4\x0e\xc6\x14@\x1eO.\xfdy\x17\x91\xa4\x07V \xf7+^\x12\x13~.\x91')
(4, b"0E\x02!\x00\x83\xfc\xebp\x1f\x0eex\x93\x05D\x18\x8e*'\xbf5\x8b\xbd\xf1i\xff\x7f\xdd\x1e\xff\x8elbJ)o\x02 \\\xf8\xf1\xf2E\xfc\xf6A\xb7\xc6\xbc$\xc4\xdbD\xf3\x96\xe1S\xda\x069\xa3r\x87\x9eK\xbd\xf4O\xb1a")
(1, b'0E\x02!\x00\xb7~\x00\xffN\xcb\xf5.\xa2\x15\x9bVr\x16\xcdnr\xf2R?Q#\xe8w%\x93\xb0c\xd7\xd7\x95\x16\x02 \x03\x97\xbb\xaa\x08,A\x8a\xa4\x0e\xc6\x14@\x1eO.\xfdy\x17\x91\xa4\x07V \xf7+^\x12\x13~.\x91')
(4, b"0E\x02!\x00\x83\xfc\xebp\x1f\x0eex\x93\x05D\x18\x8e*'\xbf5\x8b\xbd\xf1i\xff\x7f\xdd\x1e\xff\x8elbJ)o\x02 \\\xf8\xf1\xf2E\xfc\xf6A\xb7\xc6\xbc$\xc4\xdbD\xf3\x96\xe1S\xda\x069\xa3r\x87\x9eK\xbd\xf4O\xb1a")
0 config verify passed!!!!
Node 0 read a proofchain using 0.005584 sec
0 start to run round 11 C: [0, 1, 2, 3, 4, 5, 6] N: 7
old [0, 1, 2, 3, 4, 5, 6]
new [0, 1, 2, 3, 4, 5, 6]
run round 11 adkr round taking 0.946492 sec
pc size for round 11 is 51516
(1, b'0E\x02!\x00\xb7~\x00\xffN\xcb\xf5.\xa2\x15\x9bVr\x16\xcdnr\xf2R?Q#\xe8w%\x93\xb0c\xd7\xd7\x95\x16\x02 \x03\x97\xbb\xaa\x08,A\x8a\xa4\x0e\xc6\x14@\x1eO.\xfdy\x17\x91\xa4\x07V \xf7+^\x12\x13~.\x91')
(4, b"0E\x02!\x00\x83\xfc\xebp\x1f\x0eex\x93\x05D\x18\x8e*'\xbf5\x8b\xbd\xf1i\xff\x7f\xdd\x1e\xff\x8elbJ)o\x02 \\\xf8\xf1\xf2E\xfc\xf6A\xb7\xc6\xbc$\xc4\xdbD\xf3\x96\xe1S\xda\x069\xa3r\x87\x9eK\xbd\xf4O\xb1a")
(1, b'0E\x02!\x00\xb7~\x00\xffN\xcb\xf5.\xa2\x15\x9bVr\x16\xcdnr\xf2R?Q#\xe8w%\x93\xb0c\xd7\xd7\x95\x16\x02 \x03\x97\xbb\xaa\x08,A\x8a\xa4\x0e\xc6\x14@\x1eO.\xfdy\x17\x91\xa4\x07V \xf7+^\x12\x13~.\x91')
(4, b"0E\x02!\x00\x83\xfc\xebp\x1f\x0eex\x93\x05D\x18\x8e*'\xbf5\x8b\xbd\xf1i\xff\x7f\xdd\x1e\xff\x8elbJ)o\x02 \\\xf8\xf1\xf2E\xfc\xf6A\xb7\xc6\xbc$\xc4\xdbD\xf3\x96\xe1S\xda\x069\xa3r\x87\x9eK\xbd\xf4O\xb1a")
(1, b'0E\x02!\x00\xb7~\x00\xffN\xcb\xf5.\xa2\x15\x9bVr\x16\xcdnr\xf2R?Q#\xe8w%\x93\xb0c\xd7\xd7\x95\x16\x02 \x03\x97\xbb\xaa\x08,A\x8a\xa4\x0e\xc6\x14@\x1eO.\xfdy\x17\x91\xa4\x07V \xf7+^\x12\x13~.\x91')
(4, b"0E\x02!\x00\x83\xfc\xebp\x1f\x0eex\x93\x05D\x18\x8e*'\xbf5\x8b\xbd\xf1i\xff\x7f\xdd\x1e\xff\x8elbJ)o\x02 \\\xf8\xf1\xf2E\xfc\xf6A\xb7\xc6\xbc$\xc4\xdbD\xf3\x96\xe1S\xda\x069\xa3r\x87\x9eK\xbd\xf4O\xb1a")
(1, b'0E\x02!\x00\xb7~\x00\xffN\xcb\xf5.\xa2\x15\x9bVr\x16\xcdnr\xf2R?Q#\xe8w%\x93\xb0c\xd7\xd7\x95\x16\x02 \x03\x97\xbb\xaa\x08,A\x8a\xa4\x0e\xc6\x14@\x1eO.\xfdy\x17\x91\xa4\x07V \xf7+^\x12\x13~.\x91')
(4, b"0E\x02!\x00\x83\xfc\xebp\x1f\x0eex\x93\x05D\x18\x8e*'\xbf5\x8b\xbd\xf1i\xff\x7f\xdd\x1e\xff\x8elbJ)o\x02 \\\xf8\xf1\xf2E\xfc\xf6A\xb7\xc6\xbc$\xc4\xdbD\xf3\x96\xe1S\xda\x069\xa3r\x87\x9eK\xbd\xf4O\xb1a")
(1, b'0E\x02!\x00\xb7~\x00\xffN\xcb\xf5.\xa2\x15\x9bVr\x16\xcdnr\xf2R?Q#\xe8w%\x93\xb0c\xd7\xd7\x95\x16\x02 \x03\x97\xbb\xaa\x08,A\x8a\xa4\x0e\xc6\x14@\x1eO.\xfdy\x17\x91\xa4\x07V \xf7+^\x12\x13~.\x91')
(4, b"0E\x02!\x00\x83\xfc\xebp\x1f\x0eex\x93\x05D\x18\x8e*'\xbf5\x8b\xbd\xf1i\xff\x7f\xdd\x1e\xff\x8elbJ)o\x02 \\\xf8\xf1\xf2E\xfc\xf6A\xb7\xc6\xbc$\xc4\xdbD\xf3\x96\xe1S\xda\x069\xa3r\x87\x9eK\xbd\xf4O\xb1a")
(1, b'0E\x02!\x00\xb7~\x00\xffN\xcb\xf5.\xa2\x15\x9bVr\x16\xcdnr\xf2R?Q#\xe8w%\x93\xb0c\xd7\xd7\x95\x16\x02 \x03\x97\xbb\xaa\x08,A\x8a\xa4\x0e\xc6\x14@\x1eO.\xfdy\x17\x91\xa4\x07V \xf7+^\x12\x13~.\x91')
(4, b"0E\x02!\x00\x83\xfc\xebp\x1f\x0eex\x93\x05D\x18\x8e*'\xbf5\x8b\xbd\xf1i\xff\x7f\xdd\x1e\xff\x8elbJ)o\x02 \\\xf8\xf1\xf2E\xfc\xf6A\xb7\xc6\xbc$\xc4\xdbD\xf3\x96\xe1S\xda\x069\xa3r\x87\x9eK\xbd\xf4O\xb1a")
(1, b'0E\x02!\x00\xb7~\x00\xffN\xcb\xf5.\xa2\x15\x9bVr\x16\xcdnr\xf2R?Q#\xe8w%\x93\xb0c\xd7\xd7\x95\x16\x02 \x03\x97\xbb\xaa\x08,A\x8a\xa4\x0e\xc6\x14@\x1eO.\xfdy\x17\x91\xa4\x07V \xf7+^\x12\x13~.\x91')
(4, b"0E\x02!\x00\x83\xfc\xebp\x1f\x0eex\x93\x05D\x18\x8e*'\xbf5\x8b\xbd\xf1i\xff\x7f\xdd\x1e\xff\x8elbJ)o\x02 \\\xf8\xf1\xf2E\xfc\xf6A\xb7\xc6\xbc$\xc4\xdbD\xf3\x96\xe1S\xda\x069\xa3r\x87\x9eK\xbd\xf4O\xb1a")
(1, b'0E\x02!\x00\xb7~\x00\xffN\xcb\xf5.\xa2\x15\x9bVr\x16\xcdnr\xf2R?Q#\xe8w%\x93\xb0c\xd7\xd7\x95\x16\x02 \x03\x97\xbb\xaa\x08,A\x8a\xa4\x0e\xc6\x14@\x1eO.\xfdy\x17\x91\xa4\x07V \xf7+^\x12\x13~.\x91')
(4, b"0E\x02!\x00\x83\xfc\xebp\x1f\x0eex\x93\x05D\x18\x8e*'\xbf5\x8b\xbd\xf1i\xff\x7f\xdd\x1e\xff\x8elbJ)o\x02 \\\xf8\xf1\xf2E\xfc\xf6A\xb7\xc6\xbc$\xc4\xdbD\xf3\x96\xe1S\xda\x069\xa3r\x87\x9eK\xbd\xf4O\xb1a")
(1, b'0E\x02!\x00\xb7~\x00\xffN\xcb\xf5.\xa2\x15\x9bVr\x16\xcdnr\xf2R?Q#\xe8w%\x93\xb0c\xd7\xd7\x95\x16\x02 \x03\x97\xbb\xaa\x08,A\x8a\xa4\x0e\xc6\x14@\x1eO.\xfdy\x17\x91\xa4\x07V \xf7+^\x12\x13~.\x91')
(4, b"0E\x02!\x00\x83\xfc\xebp\x1f\x0eex\x93\x05D\x18\x8e*'\xbf5\x8b\xbd\xf1i\xff\x7f\xdd\x1e\xff\x8elbJ)o\x02 \\\xf8\xf1\xf2E\xfc\xf6A\xb7\xc6\xbc$\xc4\xdbD\xf3\x96\xe1S\xda\x069\xa3r\x87\x9eK\xbd\xf4O\xb1a")
(1, b'0E\x02!\x00\xb7~\x00\xffN\xcb\xf5.\xa2\x15\x9bVr\x16\xcdnr\xf2R?Q#\xe8w%\x93\xb0c\xd7\xd7\x95\x16\x02 \x03\x97\xbb\xaa\x08,A\x8a\xa4\x0e\xc6\x14@\x1eO.\xfdy\x17\x91\xa4\x07V \xf7+^\x12\x13~.\x91')
(4, b"0E\x02!\x00\x83\xfc\xebp\x1f\x0eex\x93\x05D\x18\x8e*'\xbf5\x8b\xbd\xf1i\xff\x7f\xdd\x1e\xff\x8elbJ)o\x02 \\\xf8\xf1\xf2E\xfc\xf6A\xb7\xc6\xbc$\xc4\xdbD\xf3\x96\xe1S\xda\x069\xa3r\x87\x9eK\xbd\xf4O\xb1a")
(1, b'0E\x02!\x00\xb7~\x00\xffN\xcb\xf5.\xa2\x15\x9bVr\x16\xcdnr\xf2R?Q#\xe8w%\x93\xb0c\xd7\xd7\x95\x16\x02 \x03\x97\xbb\xaa\x08,A\x8a\xa4\x0e\xc6\x14@\x1eO.\xfdy\x17\x91\xa4\x07V \xf7+^\x12\x13~.\x91')
(4, b"0E\x02!\x00\x83\xfc\xebp\x1f\x0eex\x93\x05D\x18\x8e*'\xbf5\x8b\xbd\xf1i\xff\x7f\xdd\x1e\xff\x8elbJ)o\x02 \\\xf8\xf1\xf2E\xfc\xf6A\xb7\xc6\xbc$\xc4\xdbD\xf3\x96\xe1S\xda\x069\xa3r\x87\x9eK\xbd\xf4O\xb1a")
(1, b'0E\x02!\x00\xb7~\x00\xffN\xcb\xf5.\xa2\x15\x9bVr\x16\xcdnr\xf2R?Q#\xe8w%\x93\xb0c\xd7\xd7\x95\x16\x02 \x03\x97\xbb\xaa\x08,A\x8a\xa4\x0e\xc6\x14@\x1eO.\xfdy\x17\x91\xa4\x07V \xf7+^\x12\x13~.\x91')
(4, b"0E\x02!\x00\x83\xfc\xebp\x1f\x0eex\x93\x05D\x18\x8e*'\xbf5\x8b\xbd\xf1i\xff\x7f\xdd\x1e\xff\x8elbJ)o\x02 \\\xf8\xf1\xf2E\xfc\xf6A\xb7\xc6\xbc$\xc4\xdbD\xf3\x96\xe1S\xda\x069\xa3r\x87\x9eK\xbd\xf4O\xb1a")
0 config verify passed!!!!
Node 0 read a proofchain using 0.005920 sec
0 start to run round 12 C: [0, 1, 2, 3, 4, 5, 6] N: 7
old [0, 1, 2, 3, 4, 5, 6]
new [0, 1, 2, 3, 4, 5, 6]
run round 12 adkr round taking 0.958655 sec
pc size for round 12 is 55776
(1, b'0E\x02!\x00\xb7~\x00\xffN\xcb\xf5.\xa2\x15\x9bVr\x16\xcdnr\xf2R?Q#\xe8w%\x93\xb0c\xd7\xd7\x95\x16\x02 \x03\x97\xbb\xaa\x08,A\x8a\xa4\x0e\xc6\x14@\x1eO.\xfdy\x17\x91\xa4\x07V \xf7+^\x12\x13~.\x91')
(4, b"0E\x02!\x00\x83\xfc\xebp\x1f\x0eex\x93\x05D\x18\x8e*'\xbf5\x8b\xbd\xf1i\xff\x7f\xdd\x1e\xff\x8elbJ)o\x02 \\\xf8\xf1\xf2E\xfc\xf6A\xb7\xc6\xbc$\xc4\xdbD\xf3\x96\xe1S\xda\x069\xa3r\x87\x9eK\xbd\xf4O\xb1a")
(1, b'0E\x02!\x00\xb7~\x00\xffN\xcb\xf5.\xa2\x15\x9bVr\x16\xcdnr\xf2R?Q#\xe8w%\x93\xb0c\xd7\xd7\x95\x16\x02 \x03\x97\xbb\xaa\x08,A\x8a\xa4\x0e\xc6\x14@\x1eO.\xfdy\x17\x91\xa4\x07V \xf7+^\x12\x13~.\x91')
(4, b"0E\x02!\x00\x83\xfc\xebp\x1f\x0eex\x93\x05D\x18\x8e*'\xbf5\x8b\xbd\xf1i\xff\x7f\xdd\x1e\xff\x8elbJ)o\x02 \\\xf8\xf1\xf2E\xfc\xf6A\xb7\xc6\xbc$\xc4\xdbD\xf3\x96\xe1S\xda\x069\xa3r\x87\x9eK\xbd\xf4O\xb1a")
(1, b'0E\x02!\x00\xb7~\x00\xffN\xcb\xf5.\xa2\x15\x9bVr\x16\xcdnr\xf2R?Q#\xe8w%\x93\xb0c\xd7\xd7\x95\x16\x02 \x03\x97\xbb\xaa\x08,A\x8a\xa4\x0e\xc6\x14@\x1eO.\xfdy\x17\x91\xa4\x07V \xf7+^\x12\x13~.\x91')
(4, b"0E\x02!\x00\x83\xfc\xebp\x1f\x0eex\x93\x05D\x18\x8e*'\xbf5\x8b\xbd\xf1i\xff\x7f\xdd\x1e\xff\x8elbJ)o\x02 \\\xf8\xf1\xf2E\xfc\xf6A\xb7\xc6\xbc$\xc4\xdbD\xf3\x96\xe1S\xda\x069\xa3r\x87\x9eK\xbd\xf4O\xb1a")
(1, b'0E\x02!\x00\xb7~\x00\xffN\xcb\xf5.\xa2\x15\x9bVr\x16\xcdnr\xf2R?Q#\xe8w%\x93\xb0c\xd7\xd7\x95\x16\x02 \x03\x97\xbb\xaa\x08,A\x8a\xa4\x0e\xc6\x14@\x1eO.\xfdy\x17\x91\xa4\x07V \xf7+^\x12\x13~.\x91')
(4, b"0E\x02!\x00\x83\xfc\xebp\x1f\x0eex\x93\x05D\x18\x8e*'\xbf5\x8b\xbd\xf1i\xff\x7f\xdd\x1e\xff\x8elbJ)o\x02 \\\xf8\xf1\xf2E\xfc\xf6A\xb7\xc6\xbc$\xc4\xdbD\xf3\x96\xe1S\xda\x069\xa3r\x87\x9eK\xbd\xf4O\xb1a")
(1, b'0E\x02!\x00\xb7~\x00\xffN\xcb\xf5.\xa2\x15\x9bVr\x16\xcdnr\xf2R?Q#\xe8w%\x93\xb0c\xd7\xd7\x95\x16\x02 \x03\x97\xbb\xaa\x08,A\x8a\xa4\x0e\xc6\x14@\x1eO.\xfdy\x17\x91\xa4\x07V \xf7+^\x12\x13~.\x91')
(4, b"0E\x02!\x00\x83\xfc\xebp\x1f\x0eex\x93\x05D\x18\x8e*'\xbf5\x8b\xbd\xf1i\xff\x7f\xdd\x1e\xff\x8elbJ)o\x02 \\\xf8\xf1\xf2E\xfc\xf6A\xb7\xc6\xbc$\xc4\xdbD\xf3\x96\xe1S\xda\x069\xa3r\x87\x9eK\xbd\xf4O\xb1a")
(1, b'0E\x02!\x00\xb7~\x00\xffN\xcb\xf5.\xa2\x15\x9bVr\x16\xcdnr\xf2R?Q#\xe8w%\x93\xb0c\xd7\xd7\x95\x16\x02 \x03\x97\xbb\xaa\x08,A\x8a\xa4\x0e\xc6\x14@\x1eO.\xfdy\x17\x91\xa4\x07V \xf7+^\x12\x13~.\x91')
(4, b"0E\x02!\x00\x83\xfc\xebp\x1f\x0eex\x93\x05D\x18\x8e*'\xbf5\x8b\xbd\xf1i\xff\x7f\xdd\x1e\xff\x8elbJ)o\x02 \\\xf8\xf1\xf2E\xfc\xf6A\xb7\xc6\xbc$\xc4\xdbD\xf3\x96\xe1S\xda\x069\xa3r\x87\x9eK\xbd\xf4O\xb1a")
(1, b'0E\x02!\x00\xb7~\x00\xffN\xcb\xf5.\xa2\x15\x9bVr\x16\xcdnr\xf2R?Q#\xe8w%\x93\xb0c\xd7\xd7\x95\x16\x02 \x03\x97\xbb\xaa\x08,A\x8a\xa4\x0e\xc6\x14@\x1eO.\xfdy\x17\x91\xa4\x07V \xf7+^\x12\x13~.\x91')
(4, b"0E\x02!\x00\x83\xfc\xebp\x1f\x0eex\x93\x05D\x18\x8e*'\xbf5\x8b\xbd\xf1i\xff\x7f\xdd\x1e\xff\x8elbJ)o\x02 \\\xf8\xf1\xf2E\xfc\xf6A\xb7\xc6\xbc$\xc4\xdbD\xf3\x96\xe1S\xda\x069\xa3r\x87\x9eK\xbd\xf4O\xb1a")
(1, b'0E\x02!\x00\xb7~\x00\xffN\xcb\xf5.\xa2\x15\x9bVr\x16\xcdnr\xf2R?Q#\xe8w%\x93\xb0c\xd7\xd7\x95\x16\x02 \x03\x97\xbb\xaa\x08,A\x8a\xa4\x0e\xc6\x14@\x1eO.\xfdy\x17\x91\xa4\x07V \xf7+^\x12\x13~.\x91')
(4, b"0E\x02!\x00\x83\xfc\xebp\x1f\x0eex\x93\x05D\x18\x8e*'\xbf5\x8b\xbd\xf1i\xff\x7f\xdd\x1e\xff\x8elbJ)o\x02 \\\xf8\xf1\xf2E\xfc\xf6A\xb7\xc6\xbc$\xc4\xdbD\xf3\x96\xe1S\xda\x069\xa3r\x87\x9eK\xbd\xf4O\xb1a")
(1, b'0E\x02!\x00\xb7~\x00\xffN\xcb\xf5.\xa2\x15\x9bVr\x16\xcdnr\xf2R?Q#\xe8w%\x93\xb0c\xd7\xd7\x95\x16\x02 \x03\x97\xbb\xaa\x08,A\x8a\xa4\x0e\xc6\x14@\x1eO.\xfdy\x17\x91\xa4\x07V \xf7+^\x12\x13~.\x91')
(4, b"0E\x02!\x00\x83\xfc\xebp\x1f\x0eex\x93\x05D\x18\x8e*'\xbf5\x8b\xbd\xf1i\xff\x7f\xdd\x1e\xff\x8elbJ)o\x02 \\\xf8\xf1\xf2E\xfc\xf6A\xb7\xc6\xbc$\xc4\xdbD\xf3\x96\xe1S\xda\x069\xa3r\x87\x9eK\xbd\xf4O\xb1a")
(1, b'0E\x02!\x00\xb7~\x00\xffN\xcb\xf5.\xa2\x15\x9bVr\x16\xcdnr\xf2R?Q#\xe8w%\x93\xb0c\xd7\xd7\x95\x16\x02 \x03\x97\xbb\xaa\x08,A\x8a\xa4\x0e\xc6\x14@\x1eO.\xfdy\x17\x91\xa4\x07V \xf7+^\x12\x13~.\x91')
(4, b"0E\x02!\x00\x83\xfc\xebp\x1f\x0eex\x93\x05D\x18\x8e*'\xbf5\x8b\xbd\xf1i\xff\x7f\xdd\x1e\xff\x8elbJ)o\x02 \\\xf8\xf1\xf2E\xfc\xf6A\xb7\xc6\xbc$\xc4\xdbD\xf3\x96\xe1S\xda\x069\xa3r\x87\x9eK\xbd\xf4O\xb1a")
(1, b'0E\x02!\x00\xb7~\x00\xffN\xcb\xf5.\xa2\x15\x9bVr\x16\xcdnr\xf2R?Q#\xe8w%\x93\xb0c\xd7\xd7\x95\x16\x02 \x03\x97\xbb\xaa\x08,A\x8a\xa4\x0e\xc6\x14@\x1eO.\xfdy\x17\x91\xa4\x07V \xf7+^\x12\x13~.\x91')
(4, b"0E\x02!\x00\x83\xfc\xebp\x1f\x0eex\x93\x05D\x18\x8e*'\xbf5\x8b\xbd\xf1i\xff\x7f\xdd\x1e\xff\x8elbJ)o\x02 \\\xf8\xf1\xf2E\xfc\xf6A\xb7\xc6\xbc$\xc4\xdbD\xf3\x96\xe1S\xda\x069\xa3r\x87\x9eK\xbd\xf4O\xb1a")
(1, b'0E\x02!\x00\xb7~\x00\xffN\xcb\xf5.\xa2\x15\x9bVr\x16\xcdnr\xf2R?Q#\xe8w%\x93\xb0c\xd7\xd7\x95\x16\x02 \x03\x97\xbb\xaa\x08,A\x8a\xa4\x0e\xc6\x14@\x1eO.\xfdy\x17\x91\xa4\x07V \xf7+^\x12\x13~.\x91')
(4, b"0E\x02!\x00\x83\xfc\xebp\x1f\x0eex\x93\x05D\x18\x8e*'\xbf5\x8b\xbd\xf1i\xff\x7f\xdd\x1e\xff\x8elbJ)o\x02 \\\xf8\xf1\xf2E\xfc\xf6A\xb7\xc6\xbc$\xc4\xdbD\xf3\x96\xe1S\xda\x069\xa3r\x87\x9eK\xbd\xf4O\xb1a")
(1, b'0E\x02!\x00\xb7~\x00\xffN\xcb\xf5.\xa2\x15\x9bVr\x16\xcdnr\xf2R?Q#\xe8w%\x93\xb0c\xd7\xd7\x95\x16\x02 \x03\x97\xbb\xaa\x08,A\x8a\xa4\x0e\xc6\x14@\x1eO.\xfdy\x17\x91\xa4\x07V \xf7+^\x12\x13~.\x91')
(4, b"0E\x02!\x00\x83\xfc\xebp\x1f\x0eex\x93\x05D\x18\x8e*'\xbf5\x8b\xbd\xf1i\xff\x7f\xdd\x1e\xff\x8elbJ)o\x02 \\\xf8\xf1\xf2E\xfc\xf6A\xb7\xc6\xbc$\xc4\xdbD\xf3\x96\xe1S\xda\x069\xa3r\x87\x9eK\xbd\xf4O\xb1a")
0 config verify passed!!!!
Node 0 read a proofchain using 0.006185 sec
0 start to run round 13 C: [0, 1, 2, 3, 4, 5, 6] N: 7
old [0, 1, 2, 3, 4, 5, 6]
new [0, 1, 2, 3, 4, 5, 6]
run round 13 adkr round taking 0.970837 sec
pc size for round 13 is 60037
(1, b'0E\x02!\x00\xb7~\x00\xffN\xcb\xf5.\xa2\x15\x9bVr\x16\xcdnr\xf2R?Q#\xe8w%\x93\xb0c\xd7\xd7\x95\x16\x02 \x03\x97\xbb\xaa\x08,A\x8a\xa4\x0e\xc6\x14@\x1eO.\xfdy\x17\x91\xa4\x07V \xf7+^\x12\x13~.\x91')
(4, b"0E\x02!\x00\x83\xfc\xebp\x1f\x0eex\x93\x05D\x18\x8e*'\xbf5\x8b\xbd\xf1i\xff\x7f\xdd\x1e\xff\x8elbJ)o\x02 \\\xf8\xf1\xf2E\xfc\xf6A\xb7\xc6\xbc$\xc4\xdbD\xf3\x96\xe1S\xda\x069\xa3r\x87\x9eK\xbd\xf4O\xb1a")
(1, b'0E\x02!\x00\xb7~\x00\xffN\xcb\xf5.\xa2\x15\x9bVr\x16\xcdnr\xf2R?Q#\xe8w%\x93\xb0c\xd7\xd7\x95\x16\x02 \x03\x97\xbb\xaa\x08,A\x8a\xa4\x0e\xc6\x14@\x1eO.\xfdy\x17\x91\xa4\x07V \xf7+^\x12\x13~.\x91')
(4, b"0E\x02!\x00\x83\xfc\xebp\x1f\x0eex\x93\x05D\x18\x8e*'\xbf5\x8b\xbd\xf1i\xff\x7f\xdd\x1e\xff\x8elbJ)o\x02 \\\xf8\xf1\xf2E\xfc\xf6A\xb7\xc6\xbc$\xc4\xdbD\xf3\x96\xe1S\xda\x069\xa3r\x87\x9eK\xbd\xf4O\xb1a")
(1, b'0E\x02!\x00\xb7~\x00\xffN\xcb\xf5.\xa2\x15\x9bVr\x16\xcdnr\xf2R?Q#\xe8w%\x93\xb0c\xd7\xd7\x95\x16\x02 \x03\x97\xbb\xaa\x08,A\x8a\xa4\x0e\xc6\x14@\x1eO.\xfdy\x17\x91\xa4\x07V \xf7+^\x12\x13~.\x91')
(4, b"0E\x02!\x00\x83\xfc\xebp\x1f\x0eex\x93\x05D\x18\x8e*'\xbf5\x8b\xbd\xf1i\xff\x7f\xdd\x1e\xff\x8elbJ)o\x02 \\\xf8\xf1\xf2E\xfc\xf6A\xb7\xc6\xbc$\xc4\xdbD\xf3\x96\xe1S\xda\x069\xa3r\x87\x9eK\xbd\xf4O\xb1a")
(1, b'0E\x02!\x00\xb7~\x00\xffN\xcb\xf5.\xa2\x15\x9bVr\x16\xcdnr\xf2R?Q#\xe8w%\x93\xb0c\xd7\xd7\x95\x16\x02 \x03\x97\xbb\xaa\x08,A\x8a\xa4\x0e\xc6\x14@\x1eO.\xfdy\x17\x91\xa4\x07V \xf7+^\x12\x13~.\x91')
(4, b"0E\x02!\x00\x83\xfc\xebp\x1f\x0eex\x93\x05D\x18\x8e*'\xbf5\x8b\xbd\xf1i\xff\x7f\xdd\x1e\xff\x8elbJ)o\x02 \\\xf8\xf1\xf2E\xfc\xf6A\xb7\xc6\xbc$\xc4\xdbD\xf3\x96\xe1S\xda\x069\xa3r\x87\x9eK\xbd\xf4O\xb1a")
(1, b'0E\x02!\x00\xb7~\x00\xffN\xcb\xf5.\xa2\x15\x9bVr\x16\xcdnr\xf2R?Q#\xe8w%\x93\xb0c\xd7\xd7\x95\x16\x02 \x03\x97\xbb\xaa\x08,A\x8a\xa4\x0e\xc6\x14@\x1eO.\xfdy\x17\x91\xa4\x07V \xf7+^\x12\x13~.\x91')
(4, b"0E\x02!\x00\x83\xfc\xebp\x1f\x0eex\x93\x05D\x18\x8e*'\xbf5\x8b\xbd\xf1i\xff\x7f\xdd\x1e\xff\x8elbJ)o\x02 \\\xf8\xf1\xf2E\xfc\xf6A\xb7\xc6\xbc$\xc4\xdbD\xf3\x96\xe1S\xda\x069\xa3r\x87\x9eK\xbd\xf4O\xb1a")
(1, b'0E\x02!\x00\xb7~\x00\xffN\xcb\xf5.\xa2\x15\x9bVr\x16\xcdnr\xf2R?Q#\xe8w%\x93\xb0c\xd7\xd7\x95\x16\x02 \x03\x97\xbb\xaa\x08,A\x8a\xa4\x0e\xc6\x14@\x1eO.\xfdy\x17\x91\xa4\x07V \xf7+^\x12\x13~.\x91')
(4, b"0E\x02!\x00\x83\xfc\xebp\x1f\x0eex\x93\x05D\x18\x8e*'\xbf5\x8b\xbd\xf1i\xff\x7f\xdd\x1e\xff\x8elbJ)o\x02 \\\xf8\xf1\xf2E\xfc\xf6A\xb7\xc6\xbc$\xc4\xdbD\xf3\x96\xe1S\xda\x069\xa3r\x87\x9eK\xbd\xf4O\xb1a")
(1, b'0E\x02!\x00\xb7~\x00\xffN\xcb\xf5.\xa2\x15\x9bVr\x16\xcdnr\xf2R?Q#\xe8w%\x93\xb0c\xd7\xd7\x95\x16\x02 \x03\x97\xbb\xaa\x08,A\x8a\xa4\x0e\xc6\x14@\x1eO.\xfdy\x17\x91\xa4\x07V \xf7+^\x12\x13~.\x91')
(4, b"0E\x02!\x00\x83\xfc\xebp\x1f\x0eex\x93\x05D\x18\x8e*'\xbf5\x8b\xbd\xf1i\xff\x7f\xdd\x1e\xff\x8elbJ)o\x02 \\\xf8\xf1\xf2E\xfc\xf6A\xb7\xc6\xbc$\xc4\xdbD\xf3\x96\xe1S\xda\x069\xa3r\x87\x9eK\xbd\xf4O\xb1a")
(1, b'0E\x02!\x00\xb7~\x00\xffN\xcb\xf5.\xa2\x15\x9bVr\x16\xcdnr\xf2R?Q#\xe8w%\x93\xb0c\xd7\xd7\x95\x16\x02 \x03\x97\xbb\xaa\x08,A\x8a\xa4\x0e\xc6\x14@\x1eO.\xfdy\x17\x91\xa4\x07V \xf7+^\x12\x13~.\x91')
(4, b"0E\x02!\x00\x83\xfc\xebp\x1f\x0eex\x93\x05D\x18\x8e*'\xbf5\x8b\xbd\xf1i\xff\x7f\xdd\x1e\xff\x8elbJ)o\x02 \\\xf8\xf1\xf2E\xfc\xf6A\xb7\xc6\xbc$\xc4\xdbD\xf3\x96\xe1S\xda\x069\xa3r\x87\x9eK\xbd\xf4O\xb1a")
(1, b'0E\x02!\x00\xb7~\x00\xffN\xcb\xf5.\xa2\x15\x9bVr\x16\xcdnr\xf2R?Q#\xe8w%\x93\xb0c\xd7\xd7\x95\x16\x02 \x03\x97\xbb\xaa\x08,A\x8a\xa4\x0e\xc6\x14@\x1eO.\xfdy\x17\x91\xa4\x07V \xf7+^\x12\x13~.\x91')
(4, b"0E\x02!\x00\x83\xfc\xebp\x1f\x0eex\x93\x05D\x18\x8e*'\xbf5\x8b\xbd\xf1i\xff\x7f\xdd\x1e\xff\x8elbJ)o\x02 \\\xf8\xf1\xf2E\xfc\xf6A\xb7\xc6\xbc$\xc4\xdbD\xf3\x96\xe1S\xda\x069\xa3r\x87\x9eK\xbd\xf4O\xb1a")
(1, b'0E\x02!\x00\xb7~\x00\xffN\xcb\xf5.\xa2\x15\x9bVr\x16\xcdnr\xf2R?Q#\xe8w%\x93\xb0c\xd7\xd7\x95\x16\x02 \x03\x97\xbb\xaa\x08,A\x8a\xa4\x0e\xc6\x14@\x1eO.\xfdy\x17\x91\xa4\x07V \xf7+^\x12\x13~.\x91')
(4, b"0E\x02!\x00\x83\xfc\xebp\x1f\x0eex\x93\x05D\x18\x8e*'\xbf5\x8b\xbd\xf1i\xff\x7f\xdd\x1e\xff\x8elbJ)o\x02 \\\xf8\xf1\xf2E\xfc\xf6A\xb7\xc6\xbc$\xc4\xdbD\xf3\x96\xe1S\xda\x069\xa3r\x87\x9eK\xbd\xf4O\xb1a")
(1, b'0E\x02!\x00\xb7~\x00\xffN\xcb\xf5.\xa2\x15\x9bVr\x16\xcdnr\xf2R?Q#\xe8w%\x93\xb0c\xd7\xd7\x95\x16\x02 \x03\x97\xbb\xaa\x08,A\x8a\xa4\x0e\xc6\x14@\x1eO.\xfdy\x17\x91\xa4\x07V \xf7+^\x12\x13~.\x91')
(4, b"0E\x02!\x00\x83\xfc\xebp\x1f\x0eex\x93\x05D\x18\x8e*'\xbf5\x8b\xbd\xf1i\xff\x7f\xdd\x1e\xff\x8elbJ)o\x02 \\\xf8\xf1\xf2E\xfc\xf6A\xb7\xc6\xbc$\xc4\xdbD\xf3\x96\xe1S\xda\x069\xa3r\x87\x9eK\xbd\xf4O\xb1a")
(1, b'0E\x02!\x00\xb7~\x00\xffN\xcb\xf5.\xa2\x15\x9bVr\x16\xcdnr\xf2R?Q#\xe8w%\x93\xb0c\xd7\xd7\x95\x16\x02 \x03\x97\xbb\xaa\x08,A\x8a\xa4\x0e\xc6\x14@\x1eO.\xfdy\x17\x91\xa4\x07V \xf7+^\x12\x13~.\x91')
(4, b"0E\x02!\x00\x83\xfc\xebp\x1f\x0eex\x93\x05D\x18\x8e*'\xbf5\x8b\xbd\xf1i\xff\x7f\xdd\x1e\xff\x8elbJ)o\x02 \\\xf8\xf1\xf2E\xfc\xf6A\xb7\xc6\xbc$\xc4\xdbD\xf3\x96\xe1S\xda\x069\xa3r\x87\x9eK\xbd\xf4O\xb1a")
(1, b'0E\x02!\x00\xb7~\x00\xffN\xcb\xf5.\xa2\x15\x9bVr\x16\xcdnr\xf2R?Q#\xe8w%\x93\xb0c\xd7\xd7\x95\x16\x02 \x03\x97\xbb\xaa\x08,A\x8a\xa4\x0e\xc6\x14@\x1eO.\xfdy\x17\x91\xa4\x07V \xf7+^\x12\x13~.\x91')
(4, b"0E\x02!\x00\x83\xfc\xebp\x1f\x0eex\x93\x05D\x18\x8e*'\xbf5\x8b\xbd\xf1i\xff\x7f\xdd\x1e\xff\x8elbJ)o\x02 \\\xf8\xf1\xf2E\xfc\xf6A\xb7\xc6\xbc$\xc4\xdbD\xf3\x96\xe1S\xda\x069\xa3r\x87\x9eK\xbd\xf4O\xb1a")
(1, b'0E\x02!\x00\xb7~\x00\xffN\xcb\xf5.\xa2\x15\x9bVr\x16\xcdnr\xf2R?Q#\xe8w%\x93\xb0c\xd7\xd7\x95\x16\x02 \x03\x97\xbb\xaa\x08,A\x8a\xa4\x0e\xc6\x14@\x1eO.\xfdy\x17\x91\xa4\x07V \xf7+^\x12\x13~.\x91')
(4, b"0E\x02!\x00\x83\xfc\xebp\x1f\x0eex\x93\x05D\x18\x8e*'\xbf5\x8b\xbd\xf1i\xff\x7f\xdd\x1e\xff\x8elbJ)o\x02 \\\xf8\xf1\xf2E\xfc\xf6A\xb7\xc6\xbc$\xc4\xdbD\xf3\x96\xe1S\xda\x069\xa3r\x87\x9eK\xbd\xf4O\xb1a")
0 config verify passed!!!!
Node 0 read a proofchain using 0.006442 sec
0 start to run round 14 C: [0, 1, 2, 3, 4, 5, 6] N: 7
old [0, 1, 2, 3, 4, 5, 6]
new [0, 1, 2, 3, 4, 5, 6]
run round 14 adkr round taking 0.931861 sec
pc size for round 14 is 64298
(1, b'0E\x02!\x00\xb7~\x00\xffN\xcb\xf5.\xa2\x15\x9bVr\x16\xcdnr\xf2R?Q#\xe8w%\x93\xb0c\xd7\xd7\x95\x16\x02 \x03\x97\xbb\xaa\x08,A\x8a\xa4\x0e\xc6\x14@\x1eO.\xfdy\x17\x91\xa4\x07V \xf7+^\x12\x13~.\x91')
(4, b"0E\x02!\x00\x83\xfc\xebp\x1f\x0eex\x93\x05D\x18\x8e*'\xbf5\x8b\xbd\xf1i\xff\x7f\xdd\x1e\xff\x8elbJ)o\x02 \\\xf8\xf1\xf2E\xfc\xf6A\xb7\xc6\xbc$\xc4\xdbD\xf3\x96\xe1S\xda\x069\xa3r\x87\x9eK\xbd\xf4O\xb1a")
(1, b'0E\x02!\x00\xb7~\x00\xffN\xcb\xf5.\xa2\x15\x9bVr\x16\xcdnr\xf2R?Q#\xe8w%\x93\xb0c\xd7\xd7\x95\x16\x02 \x03\x97\xbb\xaa\x08,A\x8a\xa4\x0e\xc6\x14@\x1eO.\xfdy\x17\x91\xa4\x07V \xf7+^\x12\x13~.\x91')
(4, b"0E\x02!\x00\x83\xfc\xebp\x1f\x0eex\x93\x05D\x18\x8e*'\xbf5\x8b\xbd\xf1i\xff\x7f\xdd\x1e\xff\x8elbJ)o\x02 \\\xf8\xf1\xf2E\xfc\xf6A\xb7\xc6\xbc$\xc4\xdbD\xf3\x96\xe1S\xda\x069\xa3r\x87\x9eK\xbd\xf4O\xb1a")
(1, b'0E\x02!\x00\xb7~\x00\xffN\xcb\xf5.\xa2\x15\x9bVr\x16\xcdnr\xf2R?Q#\xe8w%\x93\xb0c\xd7\xd7\x95\x16\x02 \x03\x97\xbb\xaa\x08,A\x8a\xa4\x0e\xc6\x14@\x1eO.\xfdy\x17\x91\xa4\x07V \xf7+^\x12\x13~.\x91')
(4, b"0E\x02!\x00\x83\xfc\xebp\x1f\x0eex\x93\x05D\x18\x8e*'\xbf5\x8b\xbd\xf1i\xff\x7f\xdd\x1e\xff\x8elbJ)o\x02 \\\xf8\xf1\xf2E\xfc\xf6A\xb7\xc6\xbc$\xc4\xdbD\xf3\x96\xe1S\xda\x069\xa3r\x87\x9eK\xbd\xf4O\xb1a")
(1, b'0E\x02!\x00\xb7~\x00\xffN\xcb\xf5.\xa2\x15\x9bVr\x16\xcdnr\xf2R?Q#\xe8w%\x93\xb0c\xd7\xd7\x95\x16\x02 \x03\x97\xbb\xaa\x08,A\x8a\xa4\x0e\xc6\x14@\x1eO.\xfdy\x17\x91\xa4\x07V \xf7+^\x12\x13~.\x91')
(4, b"0E\x02!\x00\x83\xfc\xebp\x1f\x0eex\x93\x05D\x18\x8e*'\xbf5\x8b\xbd\xf1i\xff\x7f\xdd\x1e\xff\x8elbJ)o\x02 \\\xf8\xf1\xf2E\xfc\xf6A\xb7\xc6\xbc$\xc4\xdbD\xf3\x96\xe1S\xda\x069\xa3r\x87\x9eK\xbd\xf4O\xb1a")
(1, b'0E\x02!\x00\xb7~\x00\xffN\xcb\xf5.\xa2\x15\x9bVr\x16\xcdnr\xf2R?Q#\xe8w%\x93\xb0c\xd7\xd7\x95\x16\x02 \x03\x97\xbb\xaa\x08,A\x8a\xa4\x0e\xc6\x14@\x1eO.\xfdy\x17\x91\xa4\x07V \xf7+^\x12\x13~.\x91')
(4, b"0E\x02!\x00\x83\xfc\xebp\x1f\x0eex\x93\x05D\x18\x8e*'\xbf5\x8b\xbd\xf1i\xff\x7f\xdd\x1e\xff\x8elbJ)o\x02 \\\xf8\xf1\xf2E\xfc\xf6A\xb7\xc6\xbc$\xc4\xdbD\xf3\x96\xe1S\xda\x069\xa3r\x87\x9eK\xbd\xf4O\xb1a")
(1, b'0E\x02!\x00\xb7~\x00\xffN\xcb\xf5.\xa2\x15\x9bVr\x16\xcdnr\xf2R?Q#\xe8w%\x93\xb0c\xd7\xd7\x95\x16\x02 \x03\x97\xbb\xaa\x08,A\x8a\xa4\x0e\xc6\x14@\x1eO.\xfdy\x17\x91\xa4\x07V \xf7+^\x12\x13~.\x91')
(4, b"0E\x02!\x00\x83\xfc\xebp\x1f\x0eex\x93\x05D\x18\x8e*'\xbf5\x8b\xbd\xf1i\xff\x7f\xdd\x1e\xff\x8elbJ)o\x02 \\\xf8\xf1\xf2E\xfc\xf6A\xb7\xc6\xbc$\xc4\xdbD\xf3\x96\xe1S\xda\x069\xa3r\x87\x9eK\xbd\xf4O\xb1a")
(1, b'0E\x02!\x00\xb7~\x00\xffN\xcb\xf5.\xa2\x15\x9bVr\x16\xcdnr\xf2R?Q#\xe8w%\x93\xb0c\xd7\xd7\x95\x16\x02 \x03\x97\xbb\xaa\x08,A\x8a\xa4\x0e\xc6\x14@\x1eO.\xfdy\x17\x91\xa4\x07V \xf7+^\x12\x13~.\x91')
(4, b"0E\x02!\x00\x83\xfc\xebp\x1f\x0eex\x93\x05D\x18\x8e*'\xbf5\x8b\xbd\xf1i\xff\x7f\xdd\x1e\xff\x8elbJ)o\x02 \\\xf8\xf1\xf2E\xfc\xf6A\xb7\xc6\xbc$\xc4\xdbD\xf3\x96\xe1S\xda\x069\xa3r\x87\x9eK\xbd\xf4O\xb1a")
(1, b'0E\x02!\x00\xb7~\x00\xffN\xcb\xf5.\xa2\x15\x9bVr\x16\xcdnr\xf2R?Q#\xe8w%\x93\xb0c\xd7\xd7\x95\x16\x02 \x03\x97\xbb\xaa\x08,A\x8a\xa4\x0e\xc6\x14@\x1eO.\xfdy\x17\x91\xa4\x07V \xf7+^\x12\x13~.\x91')
(4, b"0E\x02!\x00\x83\xfc\xebp\x1f\x0eex\x93\x05D\x18\x8e*'\xbf5\x8b\xbd\xf1i\xff\x7f\xdd\x1e\xff\x8elbJ)o\x02 \\\xf8\xf1\xf2E\xfc\xf6A\xb7\xc6\xbc$\xc4\xdbD\xf3\x96\xe1S\xda\x069\xa3r\x87\x9eK\xbd\xf4O\xb1a")
(1, b'0E\x02!\x00\xb7~\x00\xffN\xcb\xf5.\xa2\x15\x9bVr\x16\xcdnr\xf2R?Q#\xe8w%\x93\xb0c\xd7\xd7\x95\x16\x02 \x03\x97\xbb\xaa\x08,A\x8a\xa4\x0e\xc6\x14@\x1eO.\xfdy\x17\x91\xa4\x07V \xf7+^\x12\x13~.\x91')
(4, b"0E\x02!\x00\x83\xfc\xebp\x1f\x0eex\x93\x05D\x18\x8e*'\xbf5\x8b\xbd\xf1i\xff\x7f\xdd\x1e\xff\x8elbJ)o\x02 \\\xf8\xf1\xf2E\xfc\xf6A\xb7\xc6\xbc$\xc4\xdbD\xf3\x96\xe1S\xda\x069\xa3r\x87\x9eK\xbd\xf4O\xb1a")
(1, b'0E\x02!\x00\xb7~\x00\xffN\xcb\xf5.\xa2\x15\x9bVr\x16\xcdnr\xf2R?Q#\xe8w%\x93\xb0c\xd7\xd7\x95\x16\x02 \x03\x97\xbb\xaa\x08,A\x8a\xa4\x0e\xc6\x14@\x1eO.\xfdy\x17\x91\xa4\x07V \xf7+^\x12\x13~.\x91')
(4, b"0E\x02!\x00\x83\xfc\xebp\x1f\x0eex\x93\x05D\x18\x8e*'\xbf5\x8b\xbd\xf1i\xff\x7f\xdd\x1e\xff\x8elbJ)o\x02 \\\xf8\xf1\xf2E\xfc\xf6A\xb7\xc6\xbc$\xc4\xdbD\xf3\x96\xe1S\xda\x069\xa3r\x87\x9eK\xbd\xf4O\xb1a")
(1, b'0E\x02!\x00\xb7~\x00\xffN\xcb\xf5.\xa2\x15\x9bVr\x16\xcdnr\xf2R?Q#\xe8w%\x93\xb0c\xd7\xd7\x95\x16\x02 \x03\x97\xbb\xaa\x08,A\x8a\xa4\x0e\xc6\x14@\x1eO.\xfdy\x17\x91\xa4\x07V \xf7+^\x12\x13~.\x91')
(4, b"0E\x02!\x00\x83\xfc\xebp\x1f\x0eex\x93\x05D\x18\x8e*'\xbf5\x8b\xbd\xf1i\xff\x7f\xdd\x1e\xff\x8elbJ)o\x02 \\\xf8\xf1\xf2E\xfc\xf6A\xb7\xc6\xbc$\xc4\xdbD\xf3\x96\xe1S\xda\x069\xa3r\x87\x9eK\xbd\xf4O\xb1a")
(1, b'0E\x02!\x00\xb7~\x00\xffN\xcb\xf5.\xa2\x15\x9bVr\x16\xcdnr\xf2R?Q#\xe8w%\x93\xb0c\xd7\xd7\x95\x16\x02 \x03\x97\xbb\xaa\x08,A\x8a\xa4\x0e\xc6\x14@\x1eO.\xfdy\x17\x91\xa4\x07V \xf7+^\x12\x13~.\x91')
(4, b"0E\x02!\x00\x83\xfc\xebp\x1f\x0eex\x93\x05D\x18\x8e*'\xbf5\x8b\xbd\xf1i\xff\x7f\xdd\x1e\xff\x8elbJ)o\x02 \\\xf8\xf1\xf2E\xfc\xf6A\xb7\xc6\xbc$\xc4\xdbD\xf3\x96\xe1S\xda\x069\xa3r\x87\x9eK\xbd\xf4O\xb1a")
(1, b'0E\x02!\x00\xb7~\x00\xffN\xcb\xf5.\xa2\x15\x9bVr\x16\xcdnr\xf2R?Q#\xe8w%\x93\xb0c\xd7\xd7\x95\x16\x02 \x03\x97\xbb\xaa\x08,A\x8a\xa4\x0e\xc6\x14@\x1eO.\xfdy\x17\x91\xa4\x07V \xf7+^\x12\x13~.\x91')
(4, b"0E\x02!\x00\x83\xfc\xebp\x1f\x0eex\x93\x05D\x18\x8e*'\xbf5\x8b\xbd\xf1i\xff\x7f\xdd\x1e\xff\x8elbJ)o\x02 \\\xf8\xf1\xf2E\xfc\xf6A\xb7\xc6\xbc$\xc4\xdbD\xf3\x96\xe1S\xda\x069\xa3r\x87\x9eK\xbd\xf4O\xb1a")
(1, b'0E\x02!\x00\xb7~\x00\xffN\xcb\xf5.\xa2\x15\x9bVr\x16\xcdnr\xf2R?Q#\xe8w%\x93\xb0c\xd7\xd7\x95\x16\x02 \x03\x97\xbb\xaa\x08,A\x8a\xa4\x0e\xc6\x14@\x1eO.\xfdy\x17\x91\xa4\x07V \xf7+^\x12\x13~.\x91')
(4, b"0E\x02!\x00\x83\xfc\xebp\x1f\x0eex\x93\x05D\x18\x8e*'\xbf5\x8b\xbd\xf1i\xff\x7f\xdd\x1e\xff\x8elbJ)o\x02 \\\xf8\xf1\xf2E\xfc\xf6A\xb7\xc6\xbc$\xc4\xdbD\xf3\x96\xe1S\xda\x069\xa3r\x87\x9eK\xbd\xf4O\xb1a")
(1, b'0E\x02!\x00\xb7~\x00\xffN\xcb\xf5.\xa2\x15\x9bVr\x16\xcdnr\xf2R?Q#\xe8w%\x93\xb0c\xd7\xd7\x95\x16\x02 \x03\x97\xbb\xaa\x08,A\x8a\xa4\x0e\xc6\x14@\x1eO.\xfdy\x17\x91\xa4\x07V \xf7+^\x12\x13~.\x91')
(4, b"0E\x02!\x00\x83\xfc\xebp\x1f\x0eex\x93\x05D\x18\x8e*'\xbf5\x8b\xbd\xf1i\xff\x7f\xdd\x1e\xff\x8elbJ)o\x02 \\\xf8\xf1\xf2E\xfc\xf6A\xb7\xc6\xbc$\xc4\xdbD\xf3\x96\xe1S\xda\x069\xa3r\x87\x9eK\xbd\xf4O\xb1a")
0 config verify passed!!!!
Node 0 read a proofchain using 0.006770 sec
0 start to run round 15 C: [0, 1, 2, 3, 4, 5, 6] N: 7
old [0, 1, 2, 3, 4, 5, 6]
new [0, 1, 2, 3, 4, 5, 6]
run round 15 adkr round taking 0.934030 sec
pc size for round 15 is 68568
(1, b'0E\x02!\x00\xb7~\x00\xffN\xcb\xf5.\xa2\x15\x9bVr\x16\xcdnr\xf2R?Q#\xe8w%\x93\xb0c\xd7\xd7\x95\x16\x02 \x03\x97\xbb\xaa\x08,A\x8a\xa4\x0e\xc6\x14@\x1eO.\xfdy\x17\x91\xa4\x07V \xf7+^\x12\x13~.\x91')
(4, b"0E\x02!\x00\x83\xfc\xebp\x1f\x0eex\x93\x05D\x18\x8e*'\xbf5\x8b\xbd\xf1i\xff\x7f\xdd\x1e\xff\x8elbJ)o\x02 \\\xf8\xf1\xf2E\xfc\xf6A\xb7\xc6\xbc$\xc4\xdbD\xf3\x96\xe1S\xda\x069\xa3r\x87\x9eK\xbd\xf4O\xb1a")
(1, b'0E\x02!\x00\xb7~\x00\xffN\xcb\xf5.\xa2\x15\x9bVr\x16\xcdnr\xf2R?Q#\xe8w%\x93\xb0c\xd7\xd7\x95\x16\x02 \x03\x97\xbb\xaa\x08,A\x8a\xa4\x0e\xc6\x14@\x1eO.\xfdy\x17\x91\xa4\x07V \xf7+^\x12\x13~.\x91')
(4, b"0E\x02!\x00\x83\xfc\xebp\x1f\x0eex\x93\x05D\x18\x8e*'\xbf5\x8b\xbd\xf1i\xff\x7f\xdd\x1e\xff\x8elbJ)o\x02 \\\xf8\xf1\xf2E\xfc\xf6A\xb7\xc6\xbc$\xc4\xdbD\xf3\x96\xe1S\xda\x069\xa3r\x87\x9eK\xbd\xf4O\xb1a")
(1, b'0E\x02!\x00\xb7~\x00\xffN\xcb\xf5.\xa2\x15\x9bVr\x16\xcdnr\xf2R?Q#\xe8w%\x93\xb0c\xd7\xd7\x95\x16\x02 \x03\x97\xbb\xaa\x08,A\x8a\xa4\x0e\xc6\x14@\x1eO.\xfdy\x17\x91\xa4\x07V \xf7+^\x12\x13~.\x91')
(4, b"0E\x02!\x00\x83\xfc\xebp\x1f\x0eex\x93\x05D\x18\x8e*'\xbf5\x8b\xbd\xf1i\xff\x7f\xdd\x1e\xff\x8elbJ)o\x02 \\\xf8\xf1\xf2E\xfc\xf6A\xb7\xc6\xbc$\xc4\xdbD\xf3\x96\xe1S\xda\x069\xa3r\x87\x9eK\xbd\xf4O\xb1a")
(1, b'0E\x02!\x00\xb7~\x00\xffN\xcb\xf5.\xa2\x15\x9bVr\x16\xcdnr\xf2R?Q#\xe8w%\x93\xb0c\xd7\xd7\x95\x16\x02 \x03\x97\xbb\xaa\x08,A\x8a\xa4\x0e\xc6\x14@\x1eO.\xfdy\x17\x91\xa4\x07V \xf7+^\x12\x13~.\x91')
(4, b"0E\x02!\x00\x83\xfc\xebp\x1f\x0eex\x93\x05D\x18\x8e*'\xbf5\x8b\xbd\xf1i\xff\x7f\xdd\x1e\xff\x8elbJ)o\x02 \\\xf8\xf1\xf2E\xfc\xf6A\xb7\xc6\xbc$\xc4\xdbD\xf3\x96\xe1S\xda\x069\xa3r\x87\x9eK\xbd\xf4O\xb1a")
(1, b'0E\x02!\x00\xb7~\x00\xffN\xcb\xf5.\xa2\x15\x9bVr\x16\xcdnr\xf2R?Q#\xe8w%\x93\xb0c\xd7\xd7\x95\x16\x02 \x03\x97\xbb\xaa\x08,A\x8a\xa4\x0e\xc6\x14@\x1eO.\xfdy\x17\x91\xa4\x07V \xf7+^\x12\x13~.\x91')
(4, b"0E\x02!\x00\x83\xfc\xebp\x1f\x0eex\x93\x05D\x18\x8e*'\xbf5\x8b\xbd\xf1i\xff\x7f\xdd\x1e\xff\x8elbJ)o\x02 \\\xf8\xf1\xf2E\xfc\xf6A\xb7\xc6\xbc$\xc4\xdbD\xf3\x96\xe1S\xda\x069\xa3r\x87\x9eK\xbd\xf4O\xb1a")
(1, b'0E\x02!\x00\xb7~\x00\xffN\xcb\xf5.\xa2\x15\x9bVr\x16\xcdnr\xf2R?Q#\xe8w%\x93\xb0c\xd7\xd7\x95\x16\x02 \x03\x97\xbb\xaa\x08,A\x8a\xa4\x0e\xc6\x14@\x1eO.\xfdy\x17\x91\xa4\x07V \xf7+^\x12\x13~.\x91')
(4, b"0E\x02!\x00\x83\xfc\xebp\x1f\x0eex\x93\x05D\x18\x8e*'\xbf5\x8b\xbd\xf1i\xff\x7f\xdd\x1e\xff\x8elbJ)o\x02 \\\xf8\xf1\xf2E\xfc\xf6A\xb7\xc6\xbc$\xc4\xdbD\xf3\x96\xe1S\xda\x069\xa3r\x87\x9eK\xbd\xf4O\xb1a")
(1, b'0E\x02!\x00\xb7~\x00\xffN\xcb\xf5.\xa2\x15\x9bVr\x16\xcdnr\xf2R?Q#\xe8w%\x93\xb0c\xd7\xd7\x95\x16\x02 \x03\x97\xbb\xaa\x08,A\x8a\xa4\x0e\xc6\x14@\x1eO.\xfdy\x17\x91\xa4\x07V \xf7+^\x12\x13~.\x91')
(4, b"0E\x02!\x00\x83\xfc\xebp\x1f\x0eex\x93\x05D\x18\x8e*'\xbf5\x8b\xbd\xf1i\xff\x7f\xdd\x1e\xff\x8elbJ)o\x02 \\\xf8\xf1\xf2E\xfc\xf6A\xb7\xc6\xbc$\xc4\xdbD\xf3\x96\xe1S\xda\x069\xa3r\x87\x9eK\xbd\xf4O\xb1a")
(1, b'0E\x02!\x00\xb7~\x00\xffN\xcb\xf5.\xa2\x15\x9bVr\x16\xcdnr\xf2R?Q#\xe8w%\x93\xb0c\xd7\xd7\x95\x16\x02 \x03\x97\xbb\xaa\x08,A\x8a\xa4\x0e\xc6\x14@\x1eO.\xfdy\x17\x91\xa4\x07V \xf7+^\x12\x13~.\x91')
(4, b"0E\x02!\x00\x83\xfc\xebp\x1f\x0eex\x93\x05D\x18\x8e*'\xbf5\x8b\xbd\xf1i\xff\x7f\xdd\x1e\xff\x8elbJ)o\x02 \\\xf8\xf1\xf2E\xfc\xf6A\xb7\xc6\xbc$\xc4\xdbD\xf3\x96\xe1S\xda\x069\xa3r\x87\x9eK\xbd\xf4O\xb1a")
(1, b'0E\x02!\x00\xb7~\x00\xffN\xcb\xf5.\xa2\x15\x9bVr\x16\xcdnr\xf2R?Q#\xe8w%\x93\xb0c\xd7\xd7\x95\x16\x02 \x03\x97\xbb\xaa\x08,A\x8a\xa4\x0e\xc6\x14@\x1eO.\xfdy\x17\x91\xa4\x07V \xf7+^\x12\x13~.\x91')
(4, b"0E\x02!\x00\x83\xfc\xebp\x1f\x0eex\x93\x05D\x18\x8e*'\xbf5\x8b\xbd\xf1i\xff\x7f\xdd\x1e\xff\x8elbJ)o\x02 \\\xf8\xf1\xf2E\xfc\xf6A\xb7\xc6\xbc$\xc4\xdbD\xf3\x96\xe1S\xda\x069\xa3r\x87\x9eK\xbd\xf4O\xb1a")
(1, b'0E\x02!\x00\xb7~\x00\xffN\xcb\xf5.\xa2\x15\x9bVr\x16\xcdnr\xf2R?Q#\xe8w%\x93\xb0c\xd7\xd7\x95\x16\x02 \x03\x97\xbb\xaa\x08,A\x8a\xa4\x0e\xc6\x14@\x1eO.\xfdy\x17\x91\xa4\x07V \xf7+^\x12\x13~.\x91')
(4, b"0E\x02!\x00\x83\xfc\xebp\x1f\x0eex\x93\x05D\x18\x8e*'\xbf5\x8b\xbd\xf1i\xff\x7f\xdd\x1e\xff\x8elbJ)o\x02 \\\xf8\xf1\xf2E\xfc\xf6A\xb7\xc6\xbc$\xc4\xdbD\xf3\x96\xe1S\xda\x069\xa3r\x87\x9eK\xbd\xf4O\xb1a")
(1, b'0E\x02!\x00\xb7~\x00\xffN\xcb\xf5.\xa2\x15\x9bVr\x16\xcdnr\xf2R?Q#\xe8w%\x93\xb0c\xd7\xd7\x95\x16\x02 \x03\x97\xbb\xaa\x08,A\x8a\xa4\x0e\xc6\x14@\x1eO.\xfdy\x17\x91\xa4\x07V \xf7+^\x12\x13~.\x91')
(4, b"0E\x02!\x00\x83\xfc\xebp\x1f\x0eex\x93\x05D\x18\x8e*'\xbf5\x8b\xbd\xf1i\xff\x7f\xdd\x1e\xff\x8elbJ)o\x02 \\\xf8\xf1\xf2E\xfc\xf6A\xb7\xc6\xbc$\xc4\xdbD\xf3\x96\xe1S\xda\x069\xa3r\x87\x9eK\xbd\xf4O\xb1a")
(1, b'0E\x02!\x00\xb7~\x00\xffN\xcb\xf5.\xa2\x15\x9bVr\x16\xcdnr\xf2R?Q#\xe8w%\x93\xb0c\xd7\xd7\x95\x16\x02 \x03\x97\xbb\xaa\x08,A\x8a\xa4\x0e\xc6\x14@\x1eO.\xfdy\x17\x91\xa4\x07V \xf7+^\x12\x13~.\x91')
(4, b"0E\x02!\x00\x83\xfc\xebp\x1f\x0eex\x93\x05D\x18\x8e*'\xbf5\x8b\xbd\xf1i\xff\x7f\xdd\x1e\xff\x8elbJ)o\x02 \\\xf8\xf1\xf2E\xfc\xf6A\xb7\xc6\xbc$\xc4\xdbD\xf3\x96\xe1S\xda\x069\xa3r\x87\x9eK\xbd\xf4O\xb1a")
(1, b'0E\x02!\x00\xb7~\x00\xffN\xcb\xf5.\xa2\x15\x9bVr\x16\xcdnr\xf2R?Q#\xe8w%\x93\xb0c\xd7\xd7\x95\x16\x02 \x03\x97\xbb\xaa\x08,A\x8a\xa4\x0e\xc6\x14@\x1eO.\xfdy\x17\x91\xa4\x07V \xf7+^\x12\x13~.\x91')
(4, b"0E\x02!\x00\x83\xfc\xebp\x1f\x0eex\x93\x05D\x18\x8e*'\xbf5\x8b\xbd\xf1i\xff\x7f\xdd\x1e\xff\x8elbJ)o\x02 \\\xf8\xf1\xf2E\xfc\xf6A\xb7\xc6\xbc$\xc4\xdbD\xf3\x96\xe1S\xda\x069\xa3r\x87\x9eK\xbd\xf4O\xb1a")
(1, b'0E\x02!\x00\xb7~\x00\xffN\xcb\xf5.\xa2\x15\x9bVr\x16\xcdnr\xf2R?Q#\xe8w%\x93\xb0c\xd7\xd7\x95\x16\x02 \x03\x97\xbb\xaa\x08,A\x8a\xa4\x0e\xc6\x14@\x1eO.\xfdy\x17\x91\xa4\x07V \xf7+^\x12\x13~.\x91')
(4, b"0E\x02!\x00\x83\xfc\xebp\x1f\x0eex\x93\x05D\x18\x8e*'\xbf5\x8b\xbd\xf1i\xff\x7f\xdd\x1e\xff\x8elbJ)o\x02 \\\xf8\xf1\xf2E\xfc\xf6A\xb7\xc6\xbc$\xc4\xdbD\xf3\x96\xe1S\xda\x069\xa3r\x87\x9eK\xbd\xf4O\xb1a")
(1, b'0E\x02!\x00\xb7~\x00\xffN\xcb\xf5.\xa2\x15\x9bVr\x16\xcdnr\xf2R?Q#\xe8w%\x93\xb0c\xd7\xd7\x95\x16\x02 \x03\x97\xbb\xaa\x08,A\x8a\xa4\x0e\xc6\x14@\x1eO.\xfdy\x17\x91\xa4\x07V \xf7+^\x12\x13~.\x91')
(4, b"0E\x02!\x00\x83\xfc\xebp\x1f\x0eex\x93\x05D\x18\x8e*'\xbf5\x8b\xbd\xf1i\xff\x7f\xdd\x1e\xff\x8elbJ)o\x02 \\\xf8\xf1\xf2E\xfc\xf6A\xb7\xc6\xbc$\xc4\xdbD\xf3\x96\xe1S\xda\x069\xa3r\x87\x9eK\xbd\xf4O\xb1a")
(1, b'0E\x02!\x00\xb7~\x00\xffN\xcb\xf5.\xa2\x15\x9bVr\x16\xcdnr\xf2R?Q#\xe8w%\x93\xb0c\xd7\xd7\x95\x16\x02 \x03\x97\xbb\xaa\x08,A\x8a\xa4\x0e\xc6\x14@\x1eO.\xfdy\x17\x91\xa4\x07V \xf7+^\x12\x13~.\x91')
(4, b"0E\x02!\x00\x83\xfc\xebp\x1f\x0eex\x93\x05D\x18\x8e*'\xbf5\x8b\xbd\xf1i\xff\x7f\xdd\x1e\xff\x8elbJ)o\x02 \\\xf8\xf1\xf2E\xfc\xf6A\xb7\xc6\xbc$\xc4\xdbD\xf3\x96\xe1S\xda\x069\xa3r\x87\x9eK\xbd\xf4O\xb1a")
0 config verify passed!!!!
Node 0 read a proofchain using 0.007065 sec
0 start to run round 16 C: [0, 1, 2, 3, 4, 5, 6] N: 7
old [0, 1, 2, 3, 4, 5, 6]
new [0, 1, 2, 3, 4, 5, 6]
run round 16 adkr round taking 0.992992 sec
pc size for round 16 is 72830
(1, b'0E\x02!\x00\xb7~\x00\xffN\xcb\xf5.\xa2\x15\x9bVr\x16\xcdnr\xf2R?Q#\xe8w%\x93\xb0c\xd7\xd7\x95\x16\x02 \x03\x97\xbb\xaa\x08,A\x8a\xa4\x0e\xc6\x14@\x1eO.\xfdy\x17\x91\xa4\x07V \xf7+^\x12\x13~.\x91')
(4, b"0E\x02!\x00\x83\xfc\xebp\x1f\x0eex\x93\x05D\x18\x8e*'\xbf5\x8b\xbd\xf1i\xff\x7f\xdd\x1e\xff\x8elbJ)o\x02 \\\xf8\xf1\xf2E\xfc\xf6A\xb7\xc6\xbc$\xc4\xdbD\xf3\x96\xe1S\xda\x069\xa3r\x87\x9eK\xbd\xf4O\xb1a")
(1, b'0E\x02!\x00\xb7~\x00\xffN\xcb\xf5.\xa2\x15\x9bVr\x16\xcdnr\xf2R?Q#\xe8w%\x93\xb0c\xd7\xd7\x95\x16\x02 \x03\x97\xbb\xaa\x08,A\x8a\xa4\x0e\xc6\x14@\x1eO.\xfdy\x17\x91\xa4\x07V \xf7+^\x12\x13~.\x91')
(4, b"0E\x02!\x00\x83\xfc\xebp\x1f\x0eex\x93\x05D\x18\x8e*'\xbf5\x8b\xbd\xf1i\xff\x7f\xdd\x1e\xff\x8elbJ)o\x02 \\\xf8\xf1\xf2E\xfc\xf6A\xb7\xc6\xbc$\xc4\xdbD\xf3\x96\xe1S\xda\x069\xa3r\x87\x9eK\xbd\xf4O\xb1a")
(1, b'0E\x02!\x00\xb7~\x00\xffN\xcb\xf5.\xa2\x15\x9bVr\x16\xcdnr\xf2R?Q#\xe8w%\x93\xb0c\xd7\xd7\x95\x16\x02 \x03\x97\xbb\xaa\x08,A\x8a\xa4\x0e\xc6\x14@\x1eO.\xfdy\x17\x91\xa4\x07V \xf7+^\x12\x13~.\x91')
(4, b"0E\x02!\x00\x83\xfc\xebp\x1f\x0eex\x93\x05D\x18\x8e*'\xbf5\x8b\xbd\xf1i\xff\x7f\xdd\x1e\xff\x8elbJ)o\x02 \\\xf8\xf1\xf2E\xfc\xf6A\xb7\xc6\xbc$\xc4\xdbD\xf3\x96\xe1S\xda\x069\xa3r\x87\x9eK\xbd\xf4O\xb1a")
(1, b'0E\x02!\x00\xb7~\x00\xffN\xcb\xf5.\xa2\x15\x9bVr\x16\xcdnr\xf2R?Q#\xe8w%\x93\xb0c\xd7\xd7\x95\x16\x02 \x03\x97\xbb\xaa\x08,A\x8a\xa4\x0e\xc6\x14@\x1eO.\xfdy\x17\x91\xa4\x07V \xf7+^\x12\x13~.\x91')
(4, b"0E\x02!\x00\x83\xfc\xebp\x1f\x0eex\x93\x05D\x18\x8e*'\xbf5\x8b\xbd\xf1i\xff\x7f\xdd\x1e\xff\x8elbJ)o\x02 \\\xf8\xf1\xf2E\xfc\xf6A\xb7\xc6\xbc$\xc4\xdbD\xf3\x96\xe1S\xda\x069\xa3r\x87\x9eK\xbd\xf4O\xb1a")
(1, b'0E\x02!\x00\xb7~\x00\xffN\xcb\xf5.\xa2\x15\x9bVr\x16\xcdnr\xf2R?Q#\xe8w%\x93\xb0c\xd7\xd7\x95\x16\x02 \x03\x97\xbb\xaa\x08,A\x8a\xa4\x0e\xc6\x14@\x1eO.\xfdy\x17\x91\xa4\x07V \xf7+^\x12\x13~.\x91')
(4, b"0E\x02!\x00\x83\xfc\xebp\x1f\x0eex\x93\x05D\x18\x8e*'\xbf5\x8b\xbd\xf1i\xff\x7f\xdd\x1e\xff\x8elbJ)o\x02 \\\xf8\xf1\xf2E\xfc\xf6A\xb7\xc6\xbc$\xc4\xdbD\xf3\x96\xe1S\xda\x069\xa3r\x87\x9eK\xbd\xf4O\xb1a")
(1, b'0E\x02!\x00\xb7~\x00\xffN\xcb\xf5.\xa2\x15\x9bVr\x16\xcdnr\xf2R?Q#\xe8w%\x93\xb0c\xd7\xd7\x95\x16\x02 \x03\x97\xbb\xaa\x08,A\x8a\xa4\x0e\xc6\x14@\x1eO.\xfdy\x17\x91\xa4\x07V \xf7+^\x12\x13~.\x91')
(4, b"0E\x02!\x00\x83\xfc\xebp\x1f\x0eex\x93\x05D\x18\x8e*'\xbf5\x8b\xbd\xf1i\xff\x7f\xdd\x1e\xff\x8elbJ)o\x02 \\\xf8\xf1\xf2E\xfc\xf6A\xb7\xc6\xbc$\xc4\xdbD\xf3\x96\xe1S\xda\x069\xa3r\x87\x9eK\xbd\xf4O\xb1a")
(1, b'0E\x02!\x00\xb7~\x00\xffN\xcb\xf5.\xa2\x15\x9bVr\x16\xcdnr\xf2R?Q#\xe8w%\x93\xb0c\xd7\xd7\x95\x16\x02 \x03\x97\xbb\xaa\x08,A\x8a\xa4\x0e\xc6\x14@\x1eO.\xfdy\x17\x91\xa4\x07V \xf7+^\x12\x13~.\x91')
(4, b"0E\x02!\x00\x83\xfc\xebp\x1f\x0eex\x93\x05D\x18\x8e*'\xbf5\x8b\xbd\xf1i\xff\x7f\xdd\x1e\xff\x8elbJ)o\x02 \\\xf8\xf1\xf2E\xfc\xf6A\xb7\xc6\xbc$\xc4\xdbD\xf3\x96\xe1S\xda\x069\xa3r\x87\x9eK\xbd\xf4O\xb1a")
(1, b'0E\x02!\x00\xb7~\x00\xffN\xcb\xf5.\xa2\x15\x9bVr\x16\xcdnr\xf2R?Q#\xe8w%\x93\xb0c\xd7\xd7\x95\x16\x02 \x03\x97\xbb\xaa\x08,A\x8a\xa4\x0e\xc6\x14@\x1eO.\xfdy\x17\x91\xa4\x07V \xf7+^\x12\x13~.\x91')
(4, b"0E\x02!\x00\x83\xfc\xebp\x1f\x0eex\x93\x05D\x18\x8e*'\xbf5\x8b\xbd\xf1i\xff\x7f\xdd\x1e\xff\x8elbJ)o\x02 \\\xf8\xf1\xf2E\xfc\xf6A\xb7\xc6\xbc$\xc4\xdbD\xf3\x96\xe1S\xda\x069\xa3r\x87\x9eK\xbd\xf4O\xb1a")
(1, b'0E\x02!\x00\xb7~\x00\xffN\xcb\xf5.\xa2\x15\x9bVr\x16\xcdnr\xf2R?Q#\xe8w%\x93\xb0c\xd7\xd7\x95\x16\x02 \x03\x97\xbb\xaa\x08,A\x8a\xa4\x0e\xc6\x14@\x1eO.\xfdy\x17\x91\xa4\x07V \xf7+^\x12\x13~.\x91')
(4, b"0E\x02!\x00\x83\xfc\xebp\x1f\x0eex\x93\x05D\x18\x8e*'\xbf5\x8b\xbd\xf1i\xff\x7f\xdd\x1e\xff\x8elbJ)o\x02 \\\xf8\xf1\xf2E\xfc\xf6A\xb7\xc6\xbc$\xc4\xdbD\xf3\x96\xe1S\xda\x069\xa3r\x87\x9eK\xbd\xf4O\xb1a")
(1, b'0E\x02!\x00\xb7~\x00\xffN\xcb\xf5.\xa2\x15\x9bVr\x16\xcdnr\xf2R?Q#\xe8w%\x93\xb0c\xd7\xd7\x95\x16\x02 \x03\x97\xbb\xaa\x08,A\x8a\xa4\x0e\xc6\x14@\x1eO.\xfdy\x17\x91\xa4\x07V \xf7+^\x12\x13~.\x91')
(4, b"0E\x02!\x00\x83\xfc\xebp\x1f\x0eex\x93\x05D\x18\x8e*'\xbf5\x8b\xbd\xf1i\xff\x7f\xdd\x1e\xff\x8elbJ)o\x02 \\\xf8\xf1\xf2E\xfc\xf6A\xb7\xc6\xbc$\xc4\xdbD\xf3\x96\xe1S\xda\x069\xa3r\x87\x9eK\xbd\xf4O\xb1a")
(1, b'0E\x02!\x00\xb7~\x00\xffN\xcb\xf5.\xa2\x15\x9bVr\x16\xcdnr\xf2R?Q#\xe8w%\x93\xb0c\xd7\xd7\x95\x16\x02 \x03\x97\xbb\xaa\x08,A\x8a\xa4\x0e\xc6\x14@\x1eO.\xfdy\x17\x91\xa4\x07V \xf7+^\x12\x13~.\x91')
(4, b"0E\x02!\x00\x83\xfc\xebp\x1f\x0eex\x93\x05D\x18\x8e*'\xbf5\x8b\xbd\xf1i\xff\x7f\xdd\x1e\xff\x8elbJ)o\x02 \\\xf8\xf1\xf2E\xfc\xf6A\xb7\xc6\xbc$\xc4\xdbD\xf3\x96\xe1S\xda\x069\xa3r\x87\x9eK\xbd\xf4O\xb1a")
(1, b'0E\x02!\x00\xb7~\x00\xffN\xcb\xf5.\xa2\x15\x9bVr\x16\xcdnr\xf2R?Q#\xe8w%\x93\xb0c\xd7\xd7\x95\x16\x02 \x03\x97\xbb\xaa\x08,A\x8a\xa4\x0e\xc6\x14@\x1eO.\xfdy\x17\x91\xa4\x07V \xf7+^\x12\x13~.\x91')
(4, b"0E\x02!\x00\x83\xfc\xebp\x1f\x0eex\x93\x05D\x18\x8e*'\xbf5\x8b\xbd\xf1i\xff\x7f\xdd\x1e\xff\x8elbJ)o\x02 \\\xf8\xf1\xf2E\xfc\xf6A\xb7\xc6\xbc$\xc4\xdbD\xf3\x96\xe1S\xda\x069\xa3r\x87\x9eK\xbd\xf4O\xb1a")
(1, b'0E\x02!\x00\xb7~\x00\xffN\xcb\xf5.\xa2\x15\x9bVr\x16\xcdnr\xf2R?Q#\xe8w%\x93\xb0c\xd7\xd7\x95\x16\x02 \x03\x97\xbb\xaa\x08,A\x8a\xa4\x0e\xc6\x14@\x1eO.\xfdy\x17\x91\xa4\x07V \xf7+^\x12\x13~.\x91')
(4, b"0E\x02!\x00\x83\xfc\xebp\x1f\x0eex\x93\x05D\x18\x8e*'\xbf5\x8b\xbd\xf1i\xff\x7f\xdd\x1e\xff\x8elbJ)o\x02 \\\xf8\xf1\xf2E\xfc\xf6A\xb7\xc6\xbc$\xc4\xdbD\xf3\x96\xe1S\xda\x069\xa3r\x87\x9eK\xbd\xf4O\xb1a")
(1, b'0E\x02!\x00\xb7~\x00\xffN\xcb\xf5.\xa2\x15\x9bVr\x16\xcdnr\xf2R?Q#\xe8w%\x93\xb0c\xd7\xd7\x95\x16\x02 \x03\x97\xbb\xaa\x08,A\x8a\xa4\x0e\xc6\x14@\x1eO.\xfdy\x17\x91\xa4\x07V \xf7+^\x12\x13~.\x91')
(4, b"0E\x02!\x00\x83\xfc\xebp\x1f\x0eex\x93\x05D\x18\x8e*'\xbf5\x8b\xbd\xf1i\xff\x7f\xdd\x1e\xff\x8elbJ)o\x02 \\\xf8\xf1\xf2E\xfc\xf6A\xb7\xc6\xbc$\xc4\xdbD\xf3\x96\xe1S\xda\x069\xa3r\x87\x9eK\xbd\xf4O\xb1a")
(1, b'0E\x02!\x00\xb7~\x00\xffN\xcb\xf5.\xa2\x15\x9bVr\x16\xcdnr\xf2R?Q#\xe8w%\x93\xb0c\xd7\xd7\x95\x16\x02 \x03\x97\xbb\xaa\x08,A\x8a\xa4\x0e\xc6\x14@\x1eO.\xfdy\x17\x91\xa4\x07V \xf7+^\x12\x13~.\x91')
(4, b"0E\x02!\x00\x83\xfc\xebp\x1f\x0eex\x93\x05D\x18\x8e*'\xbf5\x8b\xbd\xf1i\xff\x7f\xdd\x1e\xff\x8elbJ)o\x02 \\\xf8\xf1\xf2E\xfc\xf6A\xb7\xc6\xbc$\xc4\xdbD\xf3\x96\xe1S\xda\x069\xa3r\x87\x9eK\xbd\xf4O\xb1a")
(1, b'0E\x02!\x00\xb7~\x00\xffN\xcb\xf5.\xa2\x15\x9bVr\x16\xcdnr\xf2R?Q#\xe8w%\x93\xb0c\xd7\xd7\x95\x16\x02 \x03\x97\xbb\xaa\x08,A\x8a\xa4\x0e\xc6\x14@\x1eO.\xfdy\x17\x91\xa4\x07V \xf7+^\x12\x13~.\x91')
(4, b"0E\x02!\x00\x83\xfc\xebp\x1f\x0eex\x93\x05D\x18\x8e*'\xbf5\x8b\xbd\xf1i\xff\x7f\xdd\x1e\xff\x8elbJ)o\x02 \\\xf8\xf1\xf2E\xfc\xf6A\xb7\xc6\xbc$\xc4\xdbD\xf3\x96\xe1S\xda\x069\xa3r\x87\x9eK\xbd\xf4O\xb1a")
(1, b'0E\x02!\x00\xb7~\x00\xffN\xcb\xf5.\xa2\x15\x9bVr\x16\xcdnr\xf2R?Q#\xe8w%\x93\xb0c\xd7\xd7\x95\x16\x02 \x03\x97\xbb\xaa\x08,A\x8a\xa4\x0e\xc6\x14@\x1eO.\xfdy\x17\x91\xa4\x07V \xf7+^\x12\x13~.\x91')
(4, b"0E\x02!\x00\x83\xfc\xebp\x1f\x0eex\x93\x05D\x18\x8e*'\xbf5\x8b\xbd\xf1i\xff\x7f\xdd\x1e\xff\x8elbJ)o\x02 \\\xf8\xf1\xf2E\xfc\xf6A\xb7\xc6\xbc$\xc4\xdbD\xf3\x96\xe1S\xda\x069\xa3r\x87\x9eK\xbd\xf4O\xb1a")
0 config verify passed!!!!
Node 0 read a proofchain using 0.007373 sec
0 start to run round 17 C: [0, 1, 2, 3, 4, 5, 6] N: 7
old [0, 1, 2, 3, 4, 5, 6]
new [0, 1, 2, 3, 4, 5, 6]
run round 17 adkr round taking 0.992253 sec
pc size for round 17 is 77091
(1, b'0E\x02!\x00\xb7~\x00\xffN\xcb\xf5.\xa2\x15\x9bVr\x16\xcdnr\xf2R?Q#\xe8w%\x93\xb0c\xd7\xd7\x95\x16\x02 \x03\x97\xbb\xaa\x08,A\x8a\xa4\x0e\xc6\x14@\x1eO.\xfdy\x17\x91\xa4\x07V \xf7+^\x12\x13~.\x91')
(4, b"0E\x02!\x00\x83\xfc\xebp\x1f\x0eex\x93\x05D\x18\x8e*'\xbf5\x8b\xbd\xf1i\xff\x7f\xdd\x1e\xff\x8elbJ)o\x02 \\\xf8\xf1\xf2E\xfc\xf6A\xb7\xc6\xbc$\xc4\xdbD\xf3\x96\xe1S\xda\x069\xa3r\x87\x9eK\xbd\xf4O\xb1a")
(1, b'0E\x02!\x00\xb7~\x00\xffN\xcb\xf5.\xa2\x15\x9bVr\x16\xcdnr\xf2R?Q#\xe8w%\x93\xb0c\xd7\xd7\x95\x16\x02 \x03\x97\xbb\xaa\x08,A\x8a\xa4\x0e\xc6\x14@\x1eO.\xfdy\x17\x91\xa4\x07V \xf7+^\x12\x13~.\x91')
(4, b"0E\x02!\x00\x83\xfc\xebp\x1f\x0eex\x93\x05D\x18\x8e*'\xbf5\x8b\xbd\xf1i\xff\x7f\xdd\x1e\xff\x8elbJ)o\x02 \\\xf8\xf1\xf2E\xfc\xf6A\xb7\xc6\xbc$\xc4\xdbD\xf3\x96\xe1S\xda\x069\xa3r\x87\x9eK\xbd\xf4O\xb1a")
(1, b'0E\x02!\x00\xb7~\x00\xffN\xcb\xf5.\xa2\x15\x9bVr\x16\xcdnr\xf2R?Q#\xe8w%\x93\xb0c\xd7\xd7\x95\x16\x02 \x03\x97\xbb\xaa\x08,A\x8a\xa4\x0e\xc6\x14@\x1eO.\xfdy\x17\x91\xa4\x07V \xf7+^\x12\x13~.\x91')
(4, b"0E\x02!\x00\x83\xfc\xebp\x1f\x0eex\x93\x05D\x18\x8e*'\xbf5\x8b\xbd\xf1i\xff\x7f\xdd\x1e\xff\x8elbJ)o\x02 \\\xf8\xf1\xf2E\xfc\xf6A\xb7\xc6\xbc$\xc4\xdbD\xf3\x96\xe1S\xda\x069\xa3r\x87\x9eK\xbd\xf4O\xb1a")
(1, b'0E\x02!\x00\xb7~\x00\xffN\xcb\xf5.\xa2\x15\x9bVr\x16\xcdnr\xf2R?Q#\xe8w%\x93\xb0c\xd7\xd7\x95\x16\x02 \x03\x97\xbb\xaa\x08,A\x8a\xa4\x0e\xc6\x14@\x1eO.\xfdy\x17\x91\xa4\x07V \xf7+^\x12\x13~.\x91')
(4, b"0E\x02!\x00\x83\xfc\xebp\x1f\x0eex\x93\x05D\x18\x8e*'\xbf5\x8b\xbd\xf1i\xff\x7f\xdd\x1e\xff\x8elbJ)o\x02 \\\xf8\xf1\xf2E\xfc\xf6A\xb7\xc6\xbc$\xc4\xdbD\xf3\x96\xe1S\xda\x069\xa3r\x87\x9eK\xbd\xf4O\xb1a")
(1, b'0E\x02!\x00\xb7~\x00\xffN\xcb\xf5.\xa2\x15\x9bVr\x16\xcdnr\xf2R?Q#\xe8w%\x93\xb0c\xd7\xd7\x95\x16\x02 \x03\x97\xbb\xaa\x08,A\x8a\xa4\x0e\xc6\x14@\x1eO.\xfdy\x17\x91\xa4\x07V \xf7+^\x12\x13~.\x91')
(4, b"0E\x02!\x00\x83\xfc\xebp\x1f\x0eex\x93\x05D\x18\x8e*'\xbf5\x8b\xbd\xf1i\xff\x7f\xdd\x1e\xff\x8elbJ)o\x02 \\\xf8\xf1\xf2E\xfc\xf6A\xb7\xc6\xbc$\xc4\xdbD\xf3\x96\xe1S\xda\x069\xa3r\x87\x9eK\xbd\xf4O\xb1a")
(1, b'0E\x02!\x00\xb7~\x00\xffN\xcb\xf5.\xa2\x15\x9bVr\x16\xcdnr\xf2R?Q#\xe8w%\x93\xb0c\xd7\xd7\x95\x16\x02 \x03\x97\xbb\xaa\x08,A\x8a\xa4\x0e\xc6\x14@\x1eO.\xfdy\x17\x91\xa4\x07V \xf7+^\x12\x13~.\x91')
(4, b"0E\x02!\x00\x83\xfc\xebp\x1f\x0eex\x93\x05D\x18\x8e*'\xbf5\x8b\xbd\xf1i\xff\x7f\xdd\x1e\xff\x8elbJ)o\x02 \\\xf8\xf1\xf2E\xfc\xf6A\xb7\xc6\xbc$\xc4\xdbD\xf3\x96\xe1S\xda\x069\xa3r\x87\x9eK\xbd\xf4O\xb1a")
(1, b'0E\x02!\x00\xb7~\x00\xffN\xcb\xf5.\xa2\x15\x9bVr\x16\xcdnr\xf2R?Q#\xe8w%\x93\xb0c\xd7\xd7\x95\x16\x02 \x03\x97\xbb\xaa\x08,A\x8a\xa4\x0e\xc6\x14@\x1eO.\xfdy\x17\x91\xa4\x07V \xf7+^\x12\x13~.\x91')
(4, b"0E\x02!\x00\x83\xfc\xebp\x1f\x0eex\x93\x05D\x18\x8e*'\xbf5\x8b\xbd\xf1i\xff\x7f\xdd\x1e\xff\x8elbJ)o\x02 \\\xf8\xf1\xf2E\xfc\xf6A\xb7\xc6\xbc$\xc4\xdbD\xf3\x96\xe1S\xda\x069\xa3r\x87\x9eK\xbd\xf4O\xb1a")
(1, b'0E\x02!\x00\xb7~\x00\xffN\xcb\xf5.\xa2\x15\x9bVr\x16\xcdnr\xf2R?Q#\xe8w%\x93\xb0c\xd7\xd7\x95\x16\x02 \x03\x97\xbb\xaa\x08,A\x8a\xa4\x0e\xc6\x14@\x1eO.\xfdy\x17\x91\xa4\x07V \xf7+^\x12\x13~.\x91')
(4, b"0E\x02!\x00\x83\xfc\xebp\x1f\x0eex\x93\x05D\x18\x8e*'\xbf5\x8b\xbd\xf1i\xff\x7f\xdd\x1e\xff\x8elbJ)o\x02 \\\xf8\xf1\xf2E\xfc\xf6A\xb7\xc6\xbc$\xc4\xdbD\xf3\x96\xe1S\xda\x069\xa3r\x87\x9eK\xbd\xf4O\xb1a")
(1, b'0E\x02!\x00\xb7~\x00\xffN\xcb\xf5.\xa2\x15\x9bVr\x16\xcdnr\xf2R?Q#\xe8w%\x93\xb0c\xd7\xd7\x95\x16\x02 \x03\x97\xbb\xaa\x08,A\x8a\xa4\x0e\xc6\x14@\x1eO.\xfdy\x17\x91\xa4\x07V \xf7+^\x12\x13~.\x91')
(4, b"0E\x02!\x00\x83\xfc\xebp\x1f\x0eex\x93\x05D\x18\x8e*'\xbf5\x8b\xbd\xf1i\xff\x7f\xdd\x1e\xff\x8elbJ)o\x02 \\\xf8\xf1\xf2E\xfc\xf6A\xb7\xc6\xbc$\xc4\xdbD\xf3\x96\xe1S\xda\x069\xa3r\x87\x9eK\xbd\xf4O\xb1a")
(1, b'0E\x02!\x00\xb7~\x00\xffN\xcb\xf5.\xa2\x15\x9bVr\x16\xcdnr\xf2R?Q#\xe8w%\x93\xb0c\xd7\xd7\x95\x16\x02 \x03\x97\xbb\xaa\x08,A\x8a\xa4\x0e\xc6\x14@\x1eO.\xfdy\x17\x91\xa4\x07V \xf7+^\x12\x13~.\x91')
(4, b"0E\x02!\x00\x83\xfc\xebp\x1f\x0eex\x93\x05D\x18\x8e*'\xbf5\x8b\xbd\xf1i\xff\x7f\xdd\x1e\xff\x8elbJ)o\x02 \\\xf8\xf1\xf2E\xfc\xf6A\xb7\xc6\xbc$\xc4\xdbD\xf3\x96\xe1S\xda\x069\xa3r\x87\x9eK\xbd\xf4O\xb1a")
(1, b'0E\x02!\x00\xb7~\x00\xffN\xcb\xf5.\xa2\x15\x9bVr\x16\xcdnr\xf2R?Q#\xe8w%\x93\xb0c\xd7\xd7\x95\x16\x02 \x03\x97\xbb\xaa\x08,A\x8a\xa4\x0e\xc6\x14@\x1eO.\xfdy\x17\x91\xa4\x07V \xf7+^\x12\x13~.\x91')
(4, b"0E\x02!\x00\x83\xfc\xebp\x1f\x0eex\x93\x05D\x18\x8e*'\xbf5\x8b\xbd\xf1i\xff\x7f\xdd\x1e\xff\x8elbJ)o\x02 \\\xf8\xf1\xf2E\xfc\xf6A\xb7\xc6\xbc$\xc4\xdbD\xf3\x96\xe1S\xda\x069\xa3r\x87\x9eK\xbd\xf4O\xb1a")
(1, b'0E\x02!\x00\xb7~\x00\xffN\xcb\xf5.\xa2\x15\x9bVr\x16\xcdnr\xf2R?Q#\xe8w%\x93\xb0c\xd7\xd7\x95\x16\x02 \x03\x97\xbb\xaa\x08,A\x8a\xa4\x0e\xc6\x14@\x1eO.\xfdy\x17\x91\xa4\x07V \xf7+^\x12\x13~.\x91')
(4, b"0E\x02!\x00\x83\xfc\xebp\x1f\x0eex\x93\x05D\x18\x8e*'\xbf5\x8b\xbd\xf1i\xff\x7f\xdd\x1e\xff\x8elbJ)o\x02 \\\xf8\xf1\xf2E\xfc\xf6A\xb7\xc6\xbc$\xc4\xdbD\xf3\x96\xe1S\xda\x069\xa3r\x87\x9eK\xbd\xf4O\xb1a")
(1, b'0E\x02!\x00\xb7~\x00\xffN\xcb\xf5.\xa2\x15\x9bVr\x16\xcdnr\xf2R?Q#\xe8w%\x93\xb0c\xd7\xd7\x95\x16\x02 \x03\x97\xbb\xaa\x08,A\x8a\xa4\x0e\xc6\x14@\x1eO.\xfdy\x17\x91\xa4\x07V \xf7+^\x12\x13~.\x91')
(4, b"0E\x02!\x00\x83\xfc\xebp\x1f\x0eex\x93\x05D\x18\x8e*'\xbf5\x8b\xbd\xf1i\xff\x7f\xdd\x1e\xff\x8elbJ)o\x02 \\\xf8\xf1\xf2E\xfc\xf6A\xb7\xc6\xbc$\xc4\xdbD\xf3\x96\xe1S\xda\x069\xa3r\x87\x9eK\xbd\xf4O\xb1a")
(1, b'0E\x02!\x00\xb7~\x00\xffN\xcb\xf5.\xa2\x15\x9bVr\x16\xcdnr\xf2R?Q#\xe8w%\x93\xb0c\xd7\xd7\x95\x16\x02 \x03\x97\xbb\xaa\x08,A\x8a\xa4\x0e\xc6\x14@\x1eO.\xfdy\x17\x91\xa4\x07V \xf7+^\x12\x13~.\x91')
(4, b"0E\x02!\x00\x83\xfc\xebp\x1f\x0eex\x93\x05D\x18\x8e*'\xbf5\x8b\xbd\xf1i\xff\x7f\xdd\x1e\xff\x8elbJ)o\x02 \\\xf8\xf1\xf2E\xfc\xf6A\xb7\xc6\xbc$\xc4\xdbD\xf3\x96\xe1S\xda\x069\xa3r\x87\x9eK\xbd\xf4O\xb1a")
(1, b'0E\x02!\x00\xb7~\x00\xffN\xcb\xf5.\xa2\x15\x9bVr\x16\xcdnr\xf2R?Q#\xe8w%\x93\xb0c\xd7\xd7\x95\x16\x02 \x03\x97\xbb\xaa\x08,A\x8a\xa4\x0e\xc6\x14@\x1eO.\xfdy\x17\x91\xa4\x07V \xf7+^\x12\x13~.\x91')
(4, b"0E\x02!\x00\x83\xfc\xebp\x1f\x0eex\x93\x05D\x18\x8e*'\xbf5\x8b\xbd\xf1i\xff\x7f\xdd\x1e\xff\x8elbJ)o\x02 \\\xf8\xf1\xf2E\xfc\xf6A\xb7\xc6\xbc$\xc4\xdbD\xf3\x96\xe1S\xda\x069\xa3r\x87\x9eK\xbd\xf4O\xb1a")
(1, b'0E\x02!\x00\xb7~\x00\xffN\xcb\xf5.\xa2\x15\x9bVr\x16\xcdnr\xf2R?Q#\xe8w%\x93\xb0c\xd7\xd7\x95\x16\x02 \x03\x97\xbb\xaa\x08,A\x8a\xa4\x0e\xc6\x14@\x1eO.\xfdy\x17\x91\xa4\x07V \xf7+^\x12\x13~.\x91')
(4, b"0E\x02!\x00\x83\xfc\xebp\x1f\x0eex\x93\x05D\x18\x8e*'\xbf5\x8b\xbd\xf1i\xff\x7f\xdd\x1e\xff\x8elbJ)o\x02 \\\xf8\xf1\xf2E\xfc\xf6A\xb7\xc6\xbc$\xc4\xdbD\xf3\x96\xe1S\xda\x069\xa3r\x87\x9eK\xbd\xf4O\xb1a")
(1, b'0E\x02!\x00\xb7~\x00\xffN\xcb\xf5.\xa2\x15\x9bVr\x16\xcdnr\xf2R?Q#\xe8w%\x93\xb0c\xd7\xd7\x95\x16\x02 \x03\x97\xbb\xaa\x08,A\x8a\xa4\x0e\xc6\x14@\x1eO.\xfdy\x17\x91\xa4\x07V \xf7+^\x12\x13~.\x91')
(4, b"0E\x02!\x00\x83\xfc\xebp\x1f\x0eex\x93\x05D\x18\x8e*'\xbf5\x8b\xbd\xf1i\xff\x7f\xdd\x1e\xff\x8elbJ)o\x02 \\\xf8\xf1\xf2E\xfc\xf6A\xb7\xc6\xbc$\xc4\xdbD\xf3\x96\xe1S\xda\x069\xa3r\x87\x9eK\xbd\xf4O\xb1a")
(1, b'0E\x02!\x00\xb7~\x00\xffN\xcb\xf5.\xa2\x15\x9bVr\x16\xcdnr\xf2R?Q#\xe8w%\x93\xb0c\xd7\xd7\x95\x16\x02 \x03\x97\xbb\xaa\x08,A\x8a\xa4\x0e\xc6\x14@\x1eO.\xfdy\x17\x91\xa4\x07V \xf7+^\x12\x13~.\x91')
(4, b"0E\x02!\x00\x83\xfc\xebp\x1f\x0eex\x93\x05D\x18\x8e*'\xbf5\x8b\xbd\xf1i\xff\x7f\xdd\x1e\xff\x8elbJ)o\x02 \\\xf8\xf1\xf2E\xfc\xf6A\xb7\xc6\xbc$\xc4\xdbD\xf3\x96\xe1S\xda\x069\xa3r\x87\x9eK\xbd\xf4O\xb1a")
0 config verify passed!!!!
Node 0 read a proofchain using 0.007642 sec
0 start to run round 18 C: [0, 1, 2, 3, 4, 5, 6] N: 7
old [0, 1, 2, 3, 4, 5, 6]
new [0, 1, 2, 3, 4, 5, 6]
run round 18 adkr round taking 0.989327 sec
pc size for round 18 is 81352
(1, b'0E\x02!\x00\xb7~\x00\xffN\xcb\xf5.\xa2\x15\x9bVr\x16\xcdnr\xf2R?Q#\xe8w%\x93\xb0c\xd7\xd7\x95\x16\x02 \x03\x97\xbb\xaa\x08,A\x8a\xa4\x0e\xc6\x14@\x1eO.\xfdy\x17\x91\xa4\x07V \xf7+^\x12\x13~.\x91')
(4, b"0E\x02!\x00\x83\xfc\xebp\x1f\x0eex\x93\x05D\x18\x8e*'\xbf5\x8b\xbd\xf1i\xff\x7f\xdd\x1e\xff\x8elbJ)o\x02 \\\xf8\xf1\xf2E\xfc\xf6A\xb7\xc6\xbc$\xc4\xdbD\xf3\x96\xe1S\xda\x069\xa3r\x87\x9eK\xbd\xf4O\xb1a")
(1, b'0E\x02!\x00\xb7~\x00\xffN\xcb\xf5.\xa2\x15\x9bVr\x16\xcdnr\xf2R?Q#\xe8w%\x93\xb0c\xd7\xd7\x95\x16\x02 \x03\x97\xbb\xaa\x08,A\x8a\xa4\x0e\xc6\x14@\x1eO.\xfdy\x17\x91\xa4\x07V \xf7+^\x12\x13~.\x91')
(4, b"0E\x02!\x00\x83\xfc\xebp\x1f\x0eex\x93\x05D\x18\x8e*'\xbf5\x8b\xbd\xf1i\xff\x7f\xdd\x1e\xff\x8elbJ)o\x02 \\\xf8\xf1\xf2E\xfc\xf6A\xb7\xc6\xbc$\xc4\xdbD\xf3\x96\xe1S\xda\x069\xa3r\x87\x9eK\xbd\xf4O\xb1a")
(1, b'0E\x02!\x00\xb7~\x00\xffN\xcb\xf5.\xa2\x15\x9bVr\x16\xcdnr\xf2R?Q#\xe8w%\x93\xb0c\xd7\xd7\x95\x16\x02 \x03\x97\xbb\xaa\x08,A\x8a\xa4\x0e\xc6\x14@\x1eO.\xfdy\x17\x91\xa4\x07V \xf7+^\x12\x13~.\x91')
(4, b"0E\x02!\x00\x83\xfc\xebp\x1f\x0eex\x93\x05D\x18\x8e*'\xbf5\x8b\xbd\xf1i\xff\x7f\xdd\x1e\xff\x8elbJ)o\x02 \\\xf8\xf1\xf2E\xfc\xf6A\xb7\xc6\xbc$\xc4\xdbD\xf3\x96\xe1S\xda\x069\xa3r\x87\x9eK\xbd\xf4O\xb1a")
(1, b'0E\x02!\x00\xb7~\x00\xffN\xcb\xf5.\xa2\x15\x9bVr\x16\xcdnr\xf2R?Q#\xe8w%\x93\xb0c\xd7\xd7\x95\x16\x02 \x03\x97\xbb\xaa\x08,A\x8a\xa4\x0e\xc6\x14@\x1eO.\xfdy\x17\x91\xa4\x07V \xf7+^\x12\x13~.\x91')
(4, b"0E\x02!\x00\x83\xfc\xebp\x1f\x0eex\x93\x05D\x18\x8e*'\xbf5\x8b\xbd\xf1i\xff\x7f\xdd\x1e\xff\x8elbJ)o\x02 \\\xf8\xf1\xf2E\xfc\xf6A\xb7\xc6\xbc$\xc4\xdbD\xf3\x96\xe1S\xda\x069\xa3r\x87\x9eK\xbd\xf4O\xb1a")
(1, b'0E\x02!\x00\xb7~\x00\xffN\xcb\xf5.\xa2\x15\x9bVr\x16\xcdnr\xf2R?Q#\xe8w%\x93\xb0c\xd7\xd7\x95\x16\x02 \x03\x97\xbb\xaa\x08,A\x8a\xa4\x0e\xc6\x14@\x1eO.\xfdy\x17\x91\xa4\x07V \xf7+^\x12\x13~.\x91')
(4, b"0E\x02!\x00\x83\xfc\xebp\x1f\x0eex\x93\x05D\x18\x8e*'\xbf5\x8b\xbd\xf1i\xff\x7f\xdd\x1e\xff\x8elbJ)o\x02 \\\xf8\xf1\xf2E\xfc\xf6A\xb7\xc6\xbc$\xc4\xdbD\xf3\x96\xe1S\xda\x069\xa3r\x87\x9eK\xbd\xf4O\xb1a")
(1, b'0E\x02!\x00\xb7~\x00\xffN\xcb\xf5.\xa2\x15\x9bVr\x16\xcdnr\xf2R?Q#\xe8w%\x93\xb0c\xd7\xd7\x95\x16\x02 \x03\x97\xbb\xaa\x08,A\x8a\xa4\x0e\xc6\x14@\x1eO.\xfdy\x17\x91\xa4\x07V \xf7+^\x12\x13~.\x91')
(4, b"0E\x02!\x00\x83\xfc\xebp\x1f\x0eex\x93\x05D\x18\x8e*'\xbf5\x8b\xbd\xf1i\xff\x7f\xdd\x1e\xff\x8elbJ)o\x02 \\\xf8\xf1\xf2E\xfc\xf6A\xb7\xc6\xbc$\xc4\xdbD\xf3\x96\xe1S\xda\x069\xa3r\x87\x9eK\xbd\xf4O\xb1a")
(1, b'0E\x02!\x00\xb7~\x00\xffN\xcb\xf5.\xa2\x15\x9bVr\x16\xcdnr\xf2R?Q#\xe8w%\x93\xb0c\xd7\xd7\x95\x16\x02 \x03\x97\xbb\xaa\x08,A\x8a\xa4\x0e\xc6\x14@\x1eO.\xfdy\x17\x91\xa4\x07V \xf7+^\x12\x13~.\x91')
(4, b"0E\x02!\x00\x83\xfc\xebp\x1f\x0eex\x93\x05D\x18\x8e*'\xbf5\x8b\xbd\xf1i\xff\x7f\xdd\x1e\xff\x8elbJ)o\x02 \\\xf8\xf1\xf2E\xfc\xf6A\xb7\xc6\xbc$\xc4\xdbD\xf3\x96\xe1S\xda\x069\xa3r\x87\x9eK\xbd\xf4O\xb1a")
(1, b'0E\x02!\x00\xb7~\x00\xffN\xcb\xf5.\xa2\x15\x9bVr\x16\xcdnr\xf2R?Q#\xe8w%\x93\xb0c\xd7\xd7\x95\x16\x02 \x03\x97\xbb\xaa\x08,A\x8a\xa4\x0e\xc6\x14@\x1eO.\xfdy\x17\x91\xa4\x07V \xf7+^\x12\x13~.\x91')
(4, b"0E\x02!\x00\x83\xfc\xebp\x1f\x0eex\x93\x05D\x18\x8e*'\xbf5\x8b\xbd\xf1i\xff\x7f\xdd\x1e\xff\x8elbJ)o\x02 \\\xf8\xf1\xf2E\xfc\xf6A\xb7\xc6\xbc$\xc4\xdbD\xf3\x96\xe1S\xda\x069\xa3r\x87\x9eK\xbd\xf4O\xb1a")
(1, b'0E\x02!\x00\xb7~\x00\xffN\xcb\xf5.\xa2\x15\x9bVr\x16\xcdnr\xf2R?Q#\xe8w%\x93\xb0c\xd7\xd7\x95\x16\x02 \x03\x97\xbb\xaa\x08,A\x8a\xa4\x0e\xc6\x14@\x1eO.\xfdy\x17\x91\xa4\x07V \xf7+^\x12\x13~.\x91')
(4, b"0E\x02!\x00\x83\xfc\xebp\x1f\x0eex\x93\x05D\x18\x8e*'\xbf5\x8b\xbd\xf1i\xff\x7f\xdd\x1e\xff\x8elbJ)o\x02 \\\xf8\xf1\xf2E\xfc\xf6A\xb7\xc6\xbc$\xc4\xdbD\xf3\x96\xe1S\xda\x069\xa3r\x87\x9eK\xbd\xf4O\xb1a")
(1, b'0E\x02!\x00\xb7~\x00\xffN\xcb\xf5.\xa2\x15\x9bVr\x16\xcdnr\xf2R?Q#\xe8w%\x93\xb0c\xd7\xd7\x95\x16\x02 \x03\x97\xbb\xaa\x08,A\x8a\xa4\x0e\xc6\x14@\x1eO.\xfdy\x17\x91\xa4\x07V \xf7+^\x12\x13~.\x91')
(4, b"0E\x02!\x00\x83\xfc\xebp\x1f\x0eex\x93\x05D\x18\x8e*'\xbf5\x8b\xbd\xf1i\xff\x7f\xdd\x1e\xff\x8elbJ)o\x02 \\\xf8\xf1\xf2E\xfc\xf6A\xb7\xc6\xbc$\xc4\xdbD\xf3\x96\xe1S\xda\x069\xa3r\x87\x9eK\xbd\xf4O\xb1a")
(1, b'0E\x02!\x00\xb7~\x00\xffN\xcb\xf5.\xa2\x15\x9bVr\x16\xcdnr\xf2R?Q#\xe8w%\x93\xb0c\xd7\xd7\x95\x16\x02 \x03\x97\xbb\xaa\x08,A\x8a\xa4\x0e\xc6\x14@\x1eO.\xfdy\x17\x91\xa4\x07V \xf7+^\x12\x13~.\x91')
(4, b"0E\x02!\x00\x83\xfc\xebp\x1f\x0eex\x93\x05D\x18\x8e*'\xbf5\x8b\xbd\xf1i\xff\x7f\xdd\x1e\xff\x8elbJ)o\x02 \\\xf8\xf1\xf2E\xfc\xf6A\xb7\xc6\xbc$\xc4\xdbD\xf3\x96\xe1S\xda\x069\xa3r\x87\x9eK\xbd\xf4O\xb1a")
(1, b'0E\x02!\x00\xb7~\x00\xffN\xcb\xf5.\xa2\x15\x9bVr\x16\xcdnr\xf2R?Q#\xe8w%\x93\xb0c\xd7\xd7\x95\x16\x02 \x03\x97\xbb\xaa\x08,A\x8a\xa4\x0e\xc6\x14@\x1eO.\xfdy\x17\x91\xa4\x07V \xf7+^\x12\x13~.\x91')
(4, b"0E\x02!\x00\x83\xfc\xebp\x1f\x0eex\x93\x05D\x18\x8e*'\xbf5\x8b\xbd\xf1i\xff\x7f\xdd\x1e\xff\x8elbJ)o\x02 \\\xf8\xf1\xf2E\xfc\xf6A\xb7\xc6\xbc$\xc4\xdbD\xf3\x96\xe1S\xda\x069\xa3r\x87\x9eK\xbd\xf4O\xb1a")
(1, b'0E\x02!\x00\xb7~\x00\xffN\xcb\xf5.\xa2\x15\x9bVr\x16\xcdnr\xf2R?Q#\xe8w%\x93\xb0c\xd7\xd7\x95\x16\x02 \x03\x97\xbb\xaa\x08,A\x8a\xa4\x0e\xc6\x14@\x1eO.\xfdy\x17\x91\xa4\x07V \xf7+^\x12\x13~.\x91')
(4, b"0E\x02!\x00\x83\xfc\xebp\x1f\x0eex\x93\x05D\x18\x8e*'\xbf5\x8b\xbd\xf1i\xff\x7f\xdd\x1e\xff\x8elbJ)o\x02 \\\xf8\xf1\xf2E\xfc\xf6A\xb7\xc6\xbc$\xc4\xdbD\xf3\x96\xe1S\xda\x069\xa3r\x87\x9eK\xbd\xf4O\xb1a")
(1, b'0E\x02!\x00\xb7~\x00\xffN\xcb\xf5.\xa2\x15\x9bVr\x16\xcdnr\xf2R?Q#\xe8w%\x93\xb0c\xd7\xd7\x95\x16\x02 \x03\x97\xbb\xaa\x08,A\x8a\xa4\x0e\xc6\x14@\x1eO.\xfdy\x17\x91\xa4\x07V \xf7+^\x12\x13~.\x91')
(4, b"0E\x02!\x00\x83\xfc\xebp\x1f\x0eex\x93\x05D\x18\x8e*'\xbf5\x8b\xbd\xf1i\xff\x7f\xdd\x1e\xff\x8elbJ)o\x02 \\\xf8\xf1\xf2E\xfc\xf6A\xb7\xc6\xbc$\xc4\xdbD\xf3\x96\xe1S\xda\x069\xa3r\x87\x9eK\xbd\xf4O\xb1a")
(1, b'0E\x02!\x00\xb7~\x00\xffN\xcb\xf5.\xa2\x15\x9bVr\x16\xcdnr\xf2R?Q#\xe8w%\x93\xb0c\xd7\xd7\x95\x16\x02 \x03\x97\xbb\xaa\x08,A\x8a\xa4\x0e\xc6\x14@\x1eO.\xfdy\x17\x91\xa4\x07V \xf7+^\x12\x13~.\x91')
(4, b"0E\x02!\x00\x83\xfc\xebp\x1f\x0eex\x93\x05D\x18\x8e*'\xbf5\x8b\xbd\xf1i\xff\x7f\xdd\x1e\xff\x8elbJ)o\x02 \\\xf8\xf1\xf2E\xfc\xf6A\xb7\xc6\xbc$\xc4\xdbD\xf3\x96\xe1S\xda\x069\xa3r\x87\x9eK\xbd\xf4O\xb1a")
(1, b'0E\x02!\x00\xb7~\x00\xffN\xcb\xf5.\xa2\x15\x9bVr\x16\xcdnr\xf2R?Q#\xe8w%\x93\xb0c\xd7\xd7\x95\x16\x02 \x03\x97\xbb\xaa\x08,A\x8a\xa4\x0e\xc6\x14@\x1eO.\xfdy\x17\x91\xa4\x07V \xf7+^\x12\x13~.\x91')
(4, b"0E\x02!\x00\x83\xfc\xebp\x1f\x0eex\x93\x05D\x18\x8e*'\xbf5\x8b\xbd\xf1i\xff\x7f\xdd\x1e\xff\x8elbJ)o\x02 \\\xf8\xf1\xf2E\xfc\xf6A\xb7\xc6\xbc$\xc4\xdbD\xf3\x96\xe1S\xda\x069\xa3r\x87\x9eK\xbd\xf4O\xb1a")
(1, b'0E\x02!\x00\xb7~\x00\xffN\xcb\xf5.\xa2\x15\x9bVr\x16\xcdnr\xf2R?Q#\xe8w%\x93\xb0c\xd7\xd7\x95\x16\x02 \x03\x97\xbb\xaa\x08,A\x8a\xa4\x0e\xc6\x14@\x1eO.\xfdy\x17\x91\xa4\x07V \xf7+^\x12\x13~.\x91')
(4, b"0E\x02!\x00\x83\xfc\xebp\x1f\x0eex\x93\x05D\x18\x8e*'\xbf5\x8b\xbd\xf1i\xff\x7f\xdd\x1e\xff\x8elbJ)o\x02 \\\xf8\xf1\xf2E\xfc\xf6A\xb7\xc6\xbc$\xc4\xdbD\xf3\x96\xe1S\xda\x069\xa3r\x87\x9eK\xbd\xf4O\xb1a")
(1, b'0E\x02!\x00\xb7~\x00\xffN\xcb\xf5.\xa2\x15\x9bVr\x16\xcdnr\xf2R?Q#\xe8w%\x93\xb0c\xd7\xd7\x95\x16\x02 \x03\x97\xbb\xaa\x08,A\x8a\xa4\x0e\xc6\x14@\x1eO.\xfdy\x17\x91\xa4\x07V \xf7+^\x12\x13~.\x91')
(4, b"0E\x02!\x00\x83\xfc\xebp\x1f\x0eex\x93\x05D\x18\x8e*'\xbf5\x8b\xbd\xf1i\xff\x7f\xdd\x1e\xff\x8elbJ)o\x02 \\\xf8\xf1\xf2E\xfc\xf6A\xb7\xc6\xbc$\xc4\xdbD\xf3\x96\xe1S\xda\x069\xa3r\x87\x9eK\xbd\xf4O\xb1a")
(1, b'0E\x02!\x00\xb7~\x00\xffN\xcb\xf5.\xa2\x15\x9bVr\x16\xcdnr\xf2R?Q#\xe8w%\x93\xb0c\xd7\xd7\x95\x16\x02 \x03\x97\xbb\xaa\x08,A\x8a\xa4\x0e\xc6\x14@\x1eO.\xfdy\x17\x91\xa4\x07V \xf7+^\x12\x13~.\x91')
(4, b"0E\x02!\x00\x83\xfc\xebp\x1f\x0eex\x93\x05D\x18\x8e*'\xbf5\x8b\xbd\xf1i\xff\x7f\xdd\x1e\xff\x8elbJ)o\x02 \\\xf8\xf1\xf2E\xfc\xf6A\xb7\xc6\xbc$\xc4\xdbD\xf3\x96\xe1S\xda\x069\xa3r\x87\x9eK\xbd\xf4O\xb1a")
0 config verify passed!!!!
Node 0 read a proofchain using 0.007808 sec
0 start to run round 19 C: [0, 1, 2, 3, 4, 5, 6] N: 7
old [0, 1, 2, 3, 4, 5, 6]
new [0, 1, 2, 3, 4, 5, 6]
run round 19 adkr round taking 0.995769 sec
pc size for round 19 is 85612
(1, b'0E\x02!\x00\xb7~\x00\xffN\xcb\xf5.\xa2\x15\x9bVr\x16\xcdnr\xf2R?Q#\xe8w%\x93\xb0c\xd7\xd7\x95\x16\x02 \x03\x97\xbb\xaa\x08,A\x8a\xa4\x0e\xc6\x14@\x1eO.\xfdy\x17\x91\xa4\x07V \xf7+^\x12\x13~.\x91')
(4, b"0E\x02!\x00\x83\xfc\xebp\x1f\x0eex\x93\x05D\x18\x8e*'\xbf5\x8b\xbd\xf1i\xff\x7f\xdd\x1e\xff\x8elbJ)o\x02 \\\xf8\xf1\xf2E\xfc\xf6A\xb7\xc6\xbc$\xc4\xdbD\xf3\x96\xe1S\xda\x069\xa3r\x87\x9eK\xbd\xf4O\xb1a")
(1, b'0E\x02!\x00\xb7~\x00\xffN\xcb\xf5.\xa2\x15\x9bVr\x16\xcdnr\xf2R?Q#\xe8w%\x93\xb0c\xd7\xd7\x95\x16\x02 \x03\x97\xbb\xaa\x08,A\x8a\xa4\x0e\xc6\x14@\x1eO.\xfdy\x17\x91\xa4\x07V \xf7+^\x12\x13~.\x91')
(4, b"0E\x02!\x00\x83\xfc\xebp\x1f\x0eex\x93\x05D\x18\x8e*'\xbf5\x8b\xbd\xf1i\xff\x7f\xdd\x1e\xff\x8elbJ)o\x02 \\\xf8\xf1\xf2E\xfc\xf6A\xb7\xc6\xbc$\xc4\xdbD\xf3\x96\xe1S\xda\x069\xa3r\x87\x9eK\xbd\xf4O\xb1a")
(1, b'0E\x02!\x00\xb7~\x00\xffN\xcb\xf5.\xa2\x15\x9bVr\x16\xcdnr\xf2R?Q#\xe8w%\x93\xb0c\xd7\xd7\x95\x16\x02 \x03\x97\xbb\xaa\x08,A\x8a\xa4\x0e\xc6\x14@\x1eO.\xfdy\x17\x91\xa4\x07V \xf7+^\x12\x13~.\x91')
(4, b"0E\x02!\x00\x83\xfc\xebp\x1f\x0eex\x93\x05D\x18\x8e*'\xbf5\x8b\xbd\xf1i\xff\x7f\xdd\x1e\xff\x8elbJ)o\x02 \\\xf8\xf1\xf2E\xfc\xf6A\xb7\xc6\xbc$\xc4\xdbD\xf3\x96\xe1S\xda\x069\xa3r\x87\x9eK\xbd\xf4O\xb1a")
(1, b'0E\x02!\x00\xb7~\x00\xffN\xcb\xf5.\xa2\x15\x9bVr\x16\xcdnr\xf2R?Q#\xe8w%\x93\xb0c\xd7\xd7\x95\x16\x02 \x03\x97\xbb\xaa\x08,A\x8a\xa4\x0e\xc6\x14@\x1eO.\xfdy\x17\x91\xa4\x07V \xf7+^\x12\x13~.\x91')
(4, b"0E\x02!\x00\x83\xfc\xebp\x1f\x0eex\x93\x05D\x18\x8e*'\xbf5\x8b\xbd\xf1i\xff\x7f\xdd\x1e\xff\x8elbJ)o\x02 \\\xf8\xf1\xf2E\xfc\xf6A\xb7\xc6\xbc$\xc4\xdbD\xf3\x96\xe1S\xda\x069\xa3r\x87\x9eK\xbd\xf4O\xb1a")
(1, b'0E\x02!\x00\xb7~\x00\xffN\xcb\xf5.\xa2\x15\x9bVr\x16\xcdnr\xf2R?Q#\xe8w%\x93\xb0c\xd7\xd7\x95\x16\x02 \x03\x97\xbb\xaa\x08,A\x8a\xa4\x0e\xc6\x14@\x1eO.\xfdy\x17\x91\xa4\x07V \xf7+^\x12\x13~.\x91')
(4, b"0E\x02!\x00\x83\xfc\xebp\x1f\x0eex\x93\x05D\x18\x8e*'\xbf5\x8b\xbd\xf1i\xff\x7f\xdd\x1e\xff\x8elbJ)o\x02 \\\xf8\xf1\xf2E\xfc\xf6A\xb7\xc6\xbc$\xc4\xdbD\xf3\x96\xe1S\xda\x069\xa3r\x87\x9eK\xbd\xf4O\xb1a")
(1, b'0E\x02!\x00\xb7~\x00\xffN\xcb\xf5.\xa2\x15\x9bVr\x16\xcdnr\xf2R?Q#\xe8w%\x93\xb0c\xd7\xd7\x95\x16\x02 \x03\x97\xbb\xaa\x08,A\x8a\xa4\x0e\xc6\x14@\x1eO.\xfdy\x17\x91\xa4\x07V \xf7+^\x12\x13~.\x91')
(4, b"0E\x02!\x00\x83\xfc\xebp\x1f\x0eex\x93\x05D\x18\x8e*'\xbf5\x8b\xbd\xf1i\xff\x7f\xdd\x1e\xff\x8elbJ)o\x02 \\\xf8\xf1\xf2E\xfc\xf6A\xb7\xc6\xbc$\xc4\xdbD\xf3\x96\xe1S\xda\x069\xa3r\x87\x9eK\xbd\xf4O\xb1a")
(1, b'0E\x02!\x00\xb7~\x00\xffN\xcb\xf5.\xa2\x15\x9bVr\x16\xcdnr\xf2R?Q#\xe8w%\x93\xb0c\xd7\xd7\x95\x16\x02 \x03\x97\xbb\xaa\x08,A\x8a\xa4\x0e\xc6\x14@\x1eO.\xfdy\x17\x91\xa4\x07V \xf7+^\x12\x13~.\x91')
(4, b"0E\x02!\x00\x83\xfc\xebp\x1f\x0eex\x93\x05D\x18\x8e*'\xbf5\x8b\xbd\xf1i\xff\x7f\xdd\x1e\xff\x8elbJ)o\x02 \\\xf8\xf1\xf2E\xfc\xf6A\xb7\xc6\xbc$\xc4\xdbD\xf3\x96\xe1S\xda\x069\xa3r\x87\x9eK\xbd\xf4O\xb1a")
(1, b'0E\x02!\x00\xb7~\x00\xffN\xcb\xf5.\xa2\x15\x9bVr\x16\xcdnr\xf2R?Q#\xe8w%\x93\xb0c\xd7\xd7\x95\x16\x02 \x03\x97\xbb\xaa\x08,A\x8a\xa4\x0e\xc6\x14@\x1eO.\xfdy\x17\x91\xa4\x07V \xf7+^\x12\x13~.\x91')
(4, b"0E\x02!\x00\x83\xfc\xebp\x1f\x0eex\x93\x05D\x18\x8e*'\xbf5\x8b\xbd\xf1i\xff\x7f\xdd\x1e\xff\x8elbJ)o\x02 \\\xf8\xf1\xf2E\xfc\xf6A\xb7\xc6\xbc$\xc4\xdbD\xf3\x96\xe1S\xda\x069\xa3r\x87\x9eK\xbd\xf4O\xb1a")
(1, b'0E\x02!\x00\xb7~\x00\xffN\xcb\xf5.\xa2\x15\x9bVr\x16\xcdnr\xf2R?Q#\xe8w%\x93\xb0c\xd7\xd7\x95\x16\x02 \x03\x97\xbb\xaa\x08,A\x8a\xa4\x0e\xc6\x14@\x1eO.\xfdy\x17\x91\xa4\x07V \xf7+^\x12\x13~.\x91')
(4, b"0E\x02!\x00\x83\xfc\xebp\x1f\x0eex\x93\x05D\x18\x8e*'\xbf5\x8b\xbd\xf1i\xff\x7f\xdd\x1e\xff\x8elbJ)o\x02 \\\xf8\xf1\xf2E\xfc\xf6A\xb7\xc6\xbc$\xc4\xdbD\xf3\x96\xe1S\xda\x069\xa3r\x87\x9eK\xbd\xf4O\xb1a")
(1, b'0E\x02!\x00\xb7~\x00\xffN\xcb\xf5.\xa2\x15\x9bVr\x16\xcdnr\xf2R?Q#\xe8w%\x93\xb0c\xd7\xd7\x95\x16\x02 \x03\x97\xbb\xaa\x08,A\x8a\xa4\x0e\xc6\x14@\x1eO.\xfdy\x17\x91\xa4\x07V \xf7+^\x12\x13~.\x91')
(4, b"0E\x02!\x00\x83\xfc\xebp\x1f\x0eex\x93\x05D\x18\x8e*'\xbf5\x8b\xbd\xf1i\xff\x7f\xdd\x1e\xff\x8elbJ)o\x02 \\\xf8\xf1\xf2E\xfc\xf6A\xb7\xc6\xbc$\xc4\xdbD\xf3\x96\xe1S\xda\x069\xa3r\x87\x9eK\xbd\xf4O\xb1a")
(1, b'0E\x02!\x00\xb7~\x00\xffN\xcb\xf5.\xa2\x15\x9bVr\x16\xcdnr\xf2R?Q#\xe8w%\x93\xb0c\xd7\xd7\x95\x16\x02 \x03\x97\xbb\xaa\x08,A\x8a\xa4\x0e\xc6\x14@\x1eO.\xfdy\x17\x91\xa4\x07V \xf7+^\x12\x13~.\x91')
(4, b"0E\x02!\x00\x83\xfc\xebp\x1f\x0eex\x93\x05D\x18\x8e*'\xbf5\x8b\xbd\xf1i\xff\x7f\xdd\x1e\xff\x8elbJ)o\x02 \\\xf8\xf1\xf2E\xfc\xf6A\xb7\xc6\xbc$\xc4\xdbD\xf3\x96\xe1S\xda\x069\xa3r\x87\x9eK\xbd\xf4O\xb1a")
(1, b'0E\x02!\x00\xb7~\x00\xffN\xcb\xf5.\xa2\x15\x9bVr\x16\xcdnr\xf2R?Q#\xe8w%\x93\xb0c\xd7\xd7\x95\x16\x02 \x03\x97\xbb\xaa\x08,A\x8a\xa4\x0e\xc6\x14@\x1eO.\xfdy\x17\x91\xa4\x07V \xf7+^\x12\x13~.\x91')
(4, b"0E\x02!\x00\x83\xfc\xebp\x1f\x0eex\x93\x05D\x18\x8e*'\xbf5\x8b\xbd\xf1i\xff\x7f\xdd\x1e\xff\x8elbJ)o\x02 \\\xf8\xf1\xf2E\xfc\xf6A\xb7\xc6\xbc$\xc4\xdbD\xf3\x96\xe1S\xda\x069\xa3r\x87\x9eK\xbd\xf4O\xb1a")
(1, b'0E\x02!\x00\xb7~\x00\xffN\xcb\xf5.\xa2\x15\x9bVr\x16\xcdnr\xf2R?Q#\xe8w%\x93\xb0c\xd7\xd7\x95\x16\x02 \x03\x97\xbb\xaa\x08,A\x8a\xa4\x0e\xc6\x14@\x1eO.\xfdy\x17\x91\xa4\x07V \xf7+^\x12\x13~.\x91')
(4, b"0E\x02!\x00\x83\xfc\xebp\x1f\x0eex\x93\x05D\x18\x8e*'\xbf5\x8b\xbd\xf1i\xff\x7f\xdd\x1e\xff\x8elbJ)o\x02 \\\xf8\xf1\xf2E\xfc\xf6A\xb7\xc6\xbc$\xc4\xdbD\xf3\x96\xe1S\xda\x069\xa3r\x87\x9eK\xbd\xf4O\xb1a")
(1, b'0E\x02!\x00\xb7~\x00\xffN\xcb\xf5.\xa2\x15\x9bVr\x16\xcdnr\xf2R?Q#\xe8w%\x93\xb0c\xd7\xd7\x95\x16\x02 \x03\x97\xbb\xaa\x08,A\x8a\xa4\x0e\xc6\x14@\x1eO.\xfdy\x17\x91\xa4\x07V \xf7+^\x12\x13~.\x91')
(4, b"0E\x02!\x00\x83\xfc\xebp\x1f\x0eex\x93\x05D\x18\x8e*'\xbf5\x8b\xbd\xf1i\xff\x7f\xdd\x1e\xff\x8elbJ)o\x02 \\\xf8\xf1\xf2E\xfc\xf6A\xb7\xc6\xbc$\xc4\xdbD\xf3\x96\xe1S\xda\x069\xa3r\x87\x9eK\xbd\xf4O\xb1a")
(1, b'0E\x02!\x00\xb7~\x00\xffN\xcb\xf5.\xa2\x15\x9bVr\x16\xcdnr\xf2R?Q#\xe8w%\x93\xb0c\xd7\xd7\x95\x16\x02 \x03\x97\xbb\xaa\x08,A\x8a\xa4\x0e\xc6\x14@\x1eO.\xfdy\x17\x91\xa4\x07V \xf7+^\x12\x13~.\x91')
(4, b"0E\x02!\x00\x83\xfc\xebp\x1f\x0eex\x93\x05D\x18\x8e*'\xbf5\x8b\xbd\xf1i\xff\x7f\xdd\x1e\xff\x8elbJ)o\x02 \\\xf8\xf1\xf2E\xfc\xf6A\xb7\xc6\xbc$\xc4\xdbD\xf3\x96\xe1S\xda\x069\xa3r\x87\x9eK\xbd\xf4O\xb1a")
(1, b'0E\x02!\x00\xb7~\x00\xffN\xcb\xf5.\xa2\x15\x9bVr\x16\xcdnr\xf2R?Q#\xe8w%\x93\xb0c\xd7\xd7\x95\x16\x02 \x03\x97\xbb\xaa\x08,A\x8a\xa4\x0e\xc6\x14@\x1eO.\xfdy\x17\x91\xa4\x07V \xf7+^\x12\x13~.\x91')
(4, b"0E\x02!\x00\x83\xfc\xebp\x1f\x0eex\x93\x05D\x18\x8e*'\xbf5\x8b\xbd\xf1i\xff\x7f\xdd\x1e\xff\x8elbJ)o\x02 \\\xf8\xf1\xf2E\xfc\xf6A\xb7\xc6\xbc$\xc4\xdbD\xf3\x96\xe1S\xda\x069\xa3r\x87\x9eK\xbd\xf4O\xb1a")
(1, b'0E\x02!\x00\xb7~\x00\xffN\xcb\xf5.\xa2\x15\x9bVr\x16\xcdnr\xf2R?Q#\xe8w%\x93\xb0c\xd7\xd7\x95\x16\x02 \x03\x97\xbb\xaa\x08,A\x8a\xa4\x0e\xc6\x14@\x1eO.\xfdy\x17\x91\xa4\x07V \xf7+^\x12\x13~.\x91')
(4, b"0E\x02!\x00\x83\xfc\xebp\x1f\x0eex\x93\x05D\x18\x8e*'\xbf5\x8b\xbd\xf1i\xff\x7f\xdd\x1e\xff\x8elbJ)o\x02 \\\xf8\xf1\xf2E\xfc\xf6A\xb7\xc6\xbc$\xc4\xdbD\xf3\x96\xe1S\xda\x069\xa3r\x87\x9eK\xbd\xf4O\xb1a")
(1, b'0E\x02!\x00\xb7~\x00\xffN\xcb\xf5.\xa2\x15\x9bVr\x16\xcdnr\xf2R?Q#\xe8w%\x93\xb0c\xd7\xd7\x95\x16\x02 \x03\x97\xbb\xaa\x08,A\x8a\xa4\x0e\xc6\x14@\x1eO.\xfdy\x17\x91\xa4\x07V \xf7+^\x12\x13~.\x91')
(4, b"0E\x02!\x00\x83\xfc\xebp\x1f\x0eex\x93\x05D\x18\x8e*'\xbf5\x8b\xbd\xf1i\xff\x7f\xdd\x1e\xff\x8elbJ)o\x02 \\\xf8\xf1\xf2E\xfc\xf6A\xb7\xc6\xbc$\xc4\xdbD\xf3\x96\xe1S\xda\x069\xa3r\x87\x9eK\xbd\xf4O\xb1a")
(1, b'0E\x02!\x00\xb7~\x00\xffN\xcb\xf5.\xa2\x15\x9bVr\x16\xcdnr\xf2R?Q#\xe8w%\x93\xb0c\xd7\xd7\x95\x16\x02 \x03\x97\xbb\xaa\x08,A\x8a\xa4\x0e\xc6\x14@\x1eO.\xfdy\x17\x91\xa4\x07V \xf7+^\x12\x13~.\x91')
(4, b"0E\x02!\x00\x83\xfc\xebp\x1f\x0eex\x93\x05D\x18\x8e*'\xbf5\x8b\xbd\xf1i\xff\x7f\xdd\x1e\xff\x8elbJ)o\x02 \\\xf8\xf1\xf2E\xfc\xf6A\xb7\xc6\xbc$\xc4\xdbD\xf3\x96\xe1S\xda\x069\xa3r\x87\x9eK\xbd\xf4O\xb1a")
(1, b'0E\x02!\x00\xb7~\x00\xffN\xcb\xf5.\xa2\x15\x9bVr\x16\xcdnr\xf2R?Q#\xe8w%\x93\xb0c\xd7\xd7\x95\x16\x02 \x03\x97\xbb\xaa\x08,A\x8a\xa4\x0e\xc6\x14@\x1eO.\xfdy\x17\x91\xa4\x07V \xf7+^\x12\x13~.\x91')
(4, b"0E\x02!\x00\x83\xfc\xebp\x1f\x0eex\x93\x05D\x18\x8e*'\xbf5\x8b\xbd\xf1i\xff\x7f\xdd\x1e\xff\x8elbJ)o\x02 \\\xf8\xf1\xf2E\xfc\xf6A\xb7\xc6\xbc$\xc4\xdbD\xf3\x96\xe1S\xda\x069\xa3r\x87\x9eK\xbd\xf4O\xb1a")
0 config verify passed!!!!
Node 0 read a proofchain using 0.008176 sec
node 0 breaks in 19.022296 seconds with 20 round, adkr_old avg time: 0.945324, pc size: 85612, verify time: 0.008176
========average========
adkro time: 0.942693, size: 85612.000000, verify time: 0.008091
0 set stop as true
