main
here debug =  False
here N =  7
m= 0
7
7 1 1
[0, 1, 2, 3, 4, 5, 6]
1 <class 'int'>
[7, 8, 9, 10]
[0, 1, 2, 3]
debug is  False
waiting for network ready...
4 start to run round 0 C: [0, 1, 2, 3, 4, 5, 6] N: 7
old [0, 1, 2, 3, 4, 5, 6]
new [0, 1, 2, 3, 4, 5, 6]
run round 0 adkr round taking 0.751572 sec
pc size for round 0 is 4643
(4, b"0E\x02!\x00\x83\xfc\xebp\x1f\x0eex\x93\x05D\x18\x8e*'\xbf5\x8b\xbd\xf1i\xff\x7f\xdd\x1e\xff\x8elbJ)o\x02 \\\xf8\xf1\xf2E\xfc\xf6A\xb7\xc6\xbc$\xc4\xdbD\xf3\x96\xe1S\xda\x069\xa3r\x87\x9eK\xbd\xf4O\xb1a")
(1, b'0E\x02!\x00\xb7~\x00\xffN\xcb\xf5.\xa2\x15\x9bVr\x16\xcdnr\xf2R?Q#\xe8w%\x93\xb0c\xd7\xd7\x95\x16\x02 \x03\x97\xbb\xaa\x08,A\x8a\xa4\x0e\xc6\x14@\x1eO.\xfdy\x17\x91\xa4\x07V \xf7+^\x12\x13~.\x91')
4 config verify passed!!!!
Node 4 read a proofchain using 0.002992 sec
4 start to run round 1 C: [0, 1, 2, 3, 4, 5, 6] N: 7
old [0, 1, 2, 3, 4, 5, 6]
new [0, 1, 2, 3, 4, 5, 6]
run round 1 adkr round taking 0.892838 sec
pc size for round 1 is 8904
(4, b"0E\x02!\x00\x83\xfc\xebp\x1f\x0eex\x93\x05D\x18\x8e*'\xbf5\x8b\xbd\xf1i\xff\x7f\xdd\x1e\xff\x8elbJ)o\x02 \\\xf8\xf1\xf2E\xfc\xf6A\xb7\xc6\xbc$\xc4\xdbD\xf3\x96\xe1S\xda\x069\xa3r\x87\x9eK\xbd\xf4O\xb1a")
(1, b'0E\x02!\x00\xb7~\x00\xffN\xcb\xf5.\xa2\x15\x9bVr\x16\xcdnr\xf2R?Q#\xe8w%\x93\xb0c\xd7\xd7\x95\x16\x02 \x03\x97\xbb\xaa\x08,A\x8a\xa4\x0e\xc6\x14@\x1eO.\xfdy\x17\x91\xa4\x07V \xf7+^\x12\x13~.\x91')
(4, b"0E\x02!\x00\x83\xfc\xebp\x1f\x0eex\x93\x05D\x18\x8e*'\xbf5\x8b\xbd\xf1i\xff\x7f\xdd\x1e\xff\x8elbJ)o\x02 \\\xf8\xf1\xf2E\xfc\xf6A\xb7\xc6\xbc$\xc4\xdbD\xf3\x96\xe1S\xda\x069\xa3r\x87\x9eK\xbd\xf4O\xb1a")
(1, b'0E\x02!\x00\xb7~\x00\xffN\xcb\xf5.\xa2\x15\x9bVr\x16\xcdnr\xf2R?Q#\xe8w%\x93\xb0c\xd7\xd7\x95\x16\x02 \x03\x97\xbb\xaa\x08,A\x8a\xa4\x0e\xc6\x14@\x1eO.\xfdy\x17\x91\xa4\x07V \xf7+^\x12\x13~.\x91')
4 config verify passed!!!!
Node 4 read a proofchain using 0.003179 sec
4 start to run round 2 C: [0, 1, 2, 3, 4, 5, 6] N: 7
old [0, 1, 2, 3, 4, 5, 6]
new [0, 1, 2, 3, 4, 5, 6]
run round 2 adkr round taking 0.892359 sec
pc size for round 2 is 13166
(4, b"0E\x02!\x00\x83\xfc\xebp\x1f\x0eex\x93\x05D\x18\x8e*'\xbf5\x8b\xbd\xf1i\xff\x7f\xdd\x1e\xff\x8elbJ)o\x02 \\\xf8\xf1\xf2E\xfc\xf6A\xb7\xc6\xbc$\xc4\xdbD\xf3\x96\xe1S\xda\x069\xa3r\x87\x9eK\xbd\xf4O\xb1a")
(1, b'0E\x02!\x00\xb7~\x00\xffN\xcb\xf5.\xa2\x15\x9bVr\x16\xcdnr\xf2R?Q#\xe8w%\x93\xb0c\xd7\xd7\x95\x16\x02 \x03\x97\xbb\xaa\x08,A\x8a\xa4\x0e\xc6\x14@\x1eO.\xfdy\x17\x91\xa4\x07V \xf7+^\x12\x13~.\x91')
(4, b"0E\x02!\x00\x83\xfc\xebp\x1f\x0eex\x93\x05D\x18\x8e*'\xbf5\x8b\xbd\xf1i\xff\x7f\xdd\x1e\xff\x8elbJ)o\x02 \\\xf8\xf1\xf2E\xfc\xf6A\xb7\xc6\xbc$\xc4\xdbD\xf3\x96\xe1S\xda\x069\xa3r\x87\x9eK\xbd\xf4O\xb1a")
(1, b'0E\x02!\x00\xb7~\x00\xffN\xcb\xf5.\xa2\x15\x9bVr\x16\xcdnr\xf2R?Q#\xe8w%\x93\xb0c\xd7\xd7\x95\x16\x02 \x03\x97\xbb\xaa\x08,A\x8a\xa4\x0e\xc6\x14@\x1eO.\xfdy\x17\x91\xa4\x07V \xf7+^\x12\x13~.\x91')
(4, b"0E\x02!\x00\x83\xfc\xebp\x1f\x0eex\x93\x05D\x18\x8e*'\xbf5\x8b\xbd\xf1i\xff\x7f\xdd\x1e\xff\x8elbJ)o\x02 \\\xf8\xf1\xf2E\xfc\xf6A\xb7\xc6\xbc$\xc4\xdbD\xf3\x96\xe1S\xda\x069\xa3r\x87\x9eK\xbd\xf4O\xb1a")
(1, b'0E\x02!\x00\xb7~\x00\xffN\xcb\xf5.\xa2\x15\x9bVr\x16\xcdnr\xf2R?Q#\xe8w%\x93\xb0c\xd7\xd7\x95\x16\x02 \x03\x97\xbb\xaa\x08,A\x8a\xa4\x0e\xc6\x14@\x1eO.\xfdy\x17\x91\xa4\x07V \xf7+^\x12\x13~.\x91')
4 config verify passed!!!!
Node 4 read a proofchain using 0.003498 sec
4 start to run round 3 C: [0, 1, 2, 3, 4, 5, 6] N: 7
old [0, 1, 2, 3, 4, 5, 6]
new [0, 1, 2, 3, 4, 5, 6]
run round 3 adkr round taking 0.940562 sec
pc size for round 3 is 17427
(4, b"0E\x02!\x00\x83\xfc\xebp\x1f\x0eex\x93\x05D\x18\x8e*'\xbf5\x8b\xbd\xf1i\xff\x7f\xdd\x1e\xff\x8elbJ)o\x02 \\\xf8\xf1\xf2E\xfc\xf6A\xb7\xc6\xbc$\xc4\xdbD\xf3\x96\xe1S\xda\x069\xa3r\x87\x9eK\xbd\xf4O\xb1a")
(1, b'0E\x02!\x00\xb7~\x00\xffN\xcb\xf5.\xa2\x15\x9bVr\x16\xcdnr\xf2R?Q#\xe8w%\x93\xb0c\xd7\xd7\x95\x16\x02 \x03\x97\xbb\xaa\x08,A\x8a\xa4\x0e\xc6\x14@\x1eO.\xfdy\x17\x91\xa4\x07V \xf7+^\x12\x13~.\x91')
(4, b"0E\x02!\x00\x83\xfc\xebp\x1f\x0eex\x93\x05D\x18\x8e*'\xbf5\x8b\xbd\xf1i\xff\x7f\xdd\x1e\xff\x8elbJ)o\x02 \\\xf8\xf1\xf2E\xfc\xf6A\xb7\xc6\xbc$\xc4\xdbD\xf3\x96\xe1S\xda\x069\xa3r\x87\x9eK\xbd\xf4O\xb1a")
(1, b'0E\x02!\x00\xb7~\x00\xffN\xcb\xf5.\xa2\x15\x9bVr\x16\xcdnr\xf2R?Q#\xe8w%\x93\xb0c\xd7\xd7\x95\x16\x02 \x03\x97\xbb\xaa\x08,A\x8a\xa4\x0e\xc6\x14@\x1eO.\xfdy\x17\x91\xa4\x07V \xf7+^\x12\x13~.\x91')
(4, b"0E\x02!\x00\x83\xfc\xebp\x1f\x0eex\x93\x05D\x18\x8e*'\xbf5\x8b\xbd\xf1i\xff\x7f\xdd\x1e\xff\x8elbJ)o\x02 \\\xf8\xf1\xf2E\xfc\xf6A\xb7\xc6\xbc$\xc4\xdbD\xf3\x96\xe1S\xda\x069\xa3r\x87\x9eK\xbd\xf4O\xb1a")
(1, b'0E\x02!\x00\xb7~\x00\xffN\xcb\xf5.\xa2\x15\x9bVr\x16\xcdnr\xf2R?Q#\xe8w%\x93\xb0c\xd7\xd7\x95\x16\x02 \x03\x97\xbb\xaa\x08,A\x8a\xa4\x0e\xc6\x14@\x1eO.\xfdy\x17\x91\xa4\x07V \xf7+^\x12\x13~.\x91')
(4, b"0E\x02!\x00\x83\xfc\xebp\x1f\x0eex\x93\x05D\x18\x8e*'\xbf5\x8b\xbd\xf1i\xff\x7f\xdd\x1e\xff\x8elbJ)o\x02 \\\xf8\xf1\xf2E\xfc\xf6A\xb7\xc6\xbc$\xc4\xdbD\xf3\x96\xe1S\xda\x069\xa3r\x87\x9eK\xbd\xf4O\xb1a")
(1, b'0E\x02!\x00\xb7~\x00\xffN\xcb\xf5.\xa2\x15\x9bVr\x16\xcdnr\xf2R?Q#\xe8w%\x93\xb0c\xd7\xd7\x95\x16\x02 \x03\x97\xbb\xaa\x08,A\x8a\xa4\x0e\xc6\x14@\x1eO.\xfdy\x17\x91\xa4\x07V \xf7+^\x12\x13~.\x91')
4 config verify passed!!!!
Node 4 read a proofchain using 0.003761 sec
4 start to run round 4 C: [0, 1, 2, 3, 4, 5, 6] N: 7
old [0, 1, 2, 3, 4, 5, 6]
new [0, 1, 2, 3, 4, 5, 6]
run round 4 adkr round taking 0.902561 sec
pc size for round 4 is 21689
(4, b"0E\x02!\x00\x83\xfc\xebp\x1f\x0eex\x93\x05D\x18\x8e*'\xbf5\x8b\xbd\xf1i\xff\x7f\xdd\x1e\xff\x8elbJ)o\x02 \\\xf8\xf1\xf2E\xfc\xf6A\xb7\xc6\xbc$\xc4\xdbD\xf3\x96\xe1S\xda\x069\xa3r\x87\x9eK\xbd\xf4O\xb1a")
(1, b'0E\x02!\x00\xb7~\x00\xffN\xcb\xf5.\xa2\x15\x9bVr\x16\xcdnr\xf2R?Q#\xe8w%\x93\xb0c\xd7\xd7\x95\x16\x02 \x03\x97\xbb\xaa\x08,A\x8a\xa4\x0e\xc6\x14@\x1eO.\xfdy\x17\x91\xa4\x07V \xf7+^\x12\x13~.\x91')
(4, b"0E\x02!\x00\x83\xfc\xebp\x1f\x0eex\x93\x05D\x18\x8e*'\xbf5\x8b\xbd\xf1i\xff\x7f\xdd\x1e\xff\x8elbJ)o\x02 \\\xf8\xf1\xf2E\xfc\xf6A\xb7\xc6\xbc$\xc4\xdbD\xf3\x96\xe1S\xda\x069\xa3r\x87\x9eK\xbd\xf4O\xb1a")
(1, b'0E\x02!\x00\xb7~\x00\xffN\xcb\xf5.\xa2\x15\x9bVr\x16\xcdnr\xf2R?Q#\xe8w%\x93\xb0c\xd7\xd7\x95\x16\x02 \x03\x97\xbb\xaa\x08,A\x8a\xa4\x0e\xc6\x14@\x1eO.\xfdy\x17\x91\xa4\x07V \xf7+^\x12\x13~.\x91')
(4, b"0E\x02!\x00\x83\xfc\xebp\x1f\x0eex\x93\x05D\x18\x8e*'\xbf5\x8b\xbd\xf1i\xff\x7f\xdd\x1e\xff\x8elbJ)o\x02 \\\xf8\xf1\xf2E\xfc\xf6A\xb7\xc6\xbc$\xc4\xdbD\xf3\x96\xe1S\xda\x069\xa3r\x87\x9eK\xbd\xf4O\xb1a")
(1, b'0E\x02!\x00\xb7~\x00\xffN\xcb\xf5.\xa2\x15\x9bVr\x16\xcdnr\xf2R?Q#\xe8w%\x93\xb0c\xd7\xd7\x95\x16\x02 \x03\x97\xbb\xaa\x08,A\x8a\xa4\x0e\xc6\x14@\x1eO.\xfdy\x17\x91\xa4\x07V \xf7+^\x12\x13~.\x91')
(4, b"0E\x02!\x00\x83\xfc\xebp\x1f\x0eex\x93\x05D\x18\x8e*'\xbf5\x8b\xbd\xf1i\xff\x7f\xdd\x1e\xff\x8elbJ)o\x02 \\\xf8\xf1\xf2E\xfc\xf6A\xb7\xc6\xbc$\xc4\xdbD\xf3\x96\xe1S\xda\x069\xa3r\x87\x9eK\xbd\xf4O\xb1a")
(1, b'0E\x02!\x00\xb7~\x00\xffN\xcb\xf5.\xa2\x15\x9bVr\x16\xcdnr\xf2R?Q#\xe8w%\x93\xb0c\xd7\xd7\x95\x16\x02 \x03\x97\xbb\xaa\x08,A\x8a\xa4\x0e\xc6\x14@\x1eO.\xfdy\x17\x91\xa4\x07V \xf7+^\x12\x13~.\x91')
(4, b"0E\x02!\x00\x83\xfc\xebp\x1f\x0eex\x93\x05D\x18\x8e*'\xbf5\x8b\xbd\xf1i\xff\x7f\xdd\x1e\xff\x8elbJ)o\x02 \\\xf8\xf1\xf2E\xfc\xf6A\xb7\xc6\xbc$\xc4\xdbD\xf3\x96\xe1S\xda\x069\xa3r\x87\x9eK\xbd\xf4O\xb1a")
(1, b'0E\x02!\x00\xb7~\x00\xffN\xcb\xf5.\xa2\x15\x9bVr\x16\xcdnr\xf2R?Q#\xe8w%\x93\xb0c\xd7\xd7\x95\x16\x02 \x03\x97\xbb\xaa\x08,A\x8a\xa4\x0e\xc6\x14@\x1eO.\xfdy\x17\x91\xa4\x07V \xf7+^\x12\x13~.\x91')
4 config verify passed!!!!
Node 4 read a proofchain using 0.004069 sec
4 start to run round 5 C: [0, 1, 2, 3, 4, 5, 6] N: 7
old [0, 1, 2, 3, 4, 5, 6]
new [0, 1, 2, 3, 4, 5, 6]
run round 5 adkr round taking 0.940372 sec
pc size for round 5 is 25950
(4, b"0E\x02!\x00\x83\xfc\xebp\x1f\x0eex\x93\x05D\x18\x8e*'\xbf5\x8b\xbd\xf1i\xff\x7f\xdd\x1e\xff\x8elbJ)o\x02 \\\xf8\xf1\xf2E\xfc\xf6A\xb7\xc6\xbc$\xc4\xdbD\xf3\x96\xe1S\xda\x069\xa3r\x87\x9eK\xbd\xf4O\xb1a")
(1, b'0E\x02!\x00\xb7~\x00\xffN\xcb\xf5.\xa2\x15\x9bVr\x16\xcdnr\xf2R?Q#\xe8w%\x93\xb0c\xd7\xd7\x95\x16\x02 \x03\x97\xbb\xaa\x08,A\x8a\xa4\x0e\xc6\x14@\x1eO.\xfdy\x17\x91\xa4\x07V \xf7+^\x12\x13~.\x91')
(4, b"0E\x02!\x00\x83\xfc\xebp\x1f\x0eex\x93\x05D\x18\x8e*'\xbf5\x8b\xbd\xf1i\xff\x7f\xdd\x1e\xff\x8elbJ)o\x02 \\\xf8\xf1\xf2E\xfc\xf6A\xb7\xc6\xbc$\xc4\xdbD\xf3\x96\xe1S\xda\x069\xa3r\x87\x9eK\xbd\xf4O\xb1a")
(1, b'0E\x02!\x00\xb7~\x00\xffN\xcb\xf5.\xa2\x15\x9bVr\x16\xcdnr\xf2R?Q#\xe8w%\x93\xb0c\xd7\xd7\x95\x16\x02 \x03\x97\xbb\xaa\x08,A\x8a\xa4\x0e\xc6\x14@\x1eO.\xfdy\x17\x91\xa4\x07V \xf7+^\x12\x13~.\x91')
(4, b"0E\x02!\x00\x83\xfc\xebp\x1f\x0eex\x93\x05D\x18\x8e*'\xbf5\x8b\xbd\xf1i\xff\x7f\xdd\x1e\xff\x8elbJ)o\x02 \\\xf8\xf1\xf2E\xfc\xf6A\xb7\xc6\xbc$\xc4\xdbD\xf3\x96\xe1S\xda\x069\xa3r\x87\x9eK\xbd\xf4O\xb1a")
(1, b'0E\x02!\x00\xb7~\x00\xffN\xcb\xf5.\xa2\x15\x9bVr\x16\xcdnr\xf2R?Q#\xe8w%\x93\xb0c\xd7\xd7\x95\x16\x02 \x03\x97\xbb\xaa\x08,A\x8a\xa4\x0e\xc6\x14@\x1eO.\xfdy\x17\x91\xa4\x07V \xf7+^\x12\x13~.\x91')
(4, b"0E\x02!\x00\x83\xfc\xebp\x1f\x0eex\x93\x05D\x18\x8e*'\xbf5\x8b\xbd\xf1i\xff\x7f\xdd\x1e\xff\x8elbJ)o\x02 \\\xf8\xf1\xf2E\xfc\xf6A\xb7\xc6\xbc$\xc4\xdbD\xf3\x96\xe1S\xda\x069\xa3r\x87\x9eK\xbd\xf4O\xb1a")
(1, b'0E\x02!\x00\xb7~\x00\xffN\xcb\xf5.\xa2\x15\x9bVr\x16\xcdnr\xf2R?Q#\xe8w%\x93\xb0c\xd7\xd7\x95\x16\x02 \x03\x97\xbb\xaa\x08,A\x8a\xa4\x0e\xc6\x14@\x1eO.\xfdy\x17\x91\xa4\x07V \xf7+^\x12\x13~.\x91')
(4, b"0E\x02!\x00\x83\xfc\xebp\x1f\x0eex\x93\x05D\x18\x8e*'\xbf5\x8b\xbd\xf1i\xff\x7f\xdd\x1e\xff\x8elbJ)o\x02 \\\xf8\xf1\xf2E\xfc\xf6A\xb7\xc6\xbc$\xc4\xdbD\xf3\x96\xe1S\xda\x069\xa3r\x87\x9eK\xbd\xf4O\xb1a")
(1, b'0E\x02!\x00\xb7~\x00\xffN\xcb\xf5.\xa2\x15\x9bVr\x16\xcdnr\xf2R?Q#\xe8w%\x93\xb0c\xd7\xd7\x95\x16\x02 \x03\x97\xbb\xaa\x08,A\x8a\xa4\x0e\xc6\x14@\x1eO.\xfdy\x17\x91\xa4\x07V \xf7+^\x12\x13~.\x91')
(4, b"0E\x02!\x00\x83\xfc\xebp\x1f\x0eex\x93\x05D\x18\x8e*'\xbf5\x8b\xbd\xf1i\xff\x7f\xdd\x1e\xff\x8elbJ)o\x02 \\\xf8\xf1\xf2E\xfc\xf6A\xb7\xc6\xbc$\xc4\xdbD\xf3\x96\xe1S\xda\x069\xa3r\x87\x9eK\xbd\xf4O\xb1a")
(1, b'0E\x02!\x00\xb7~\x00\xffN\xcb\xf5.\xa2\x15\x9bVr\x16\xcdnr\xf2R?Q#\xe8w%\x93\xb0c\xd7\xd7\x95\x16\x02 \x03\x97\xbb\xaa\x08,A\x8a\xa4\x0e\xc6\x14@\x1eO.\xfdy\x17\x91\xa4\x07V \xf7+^\x12\x13~.\x91')
4 config verify passed!!!!
Node 4 read a proofchain using 0.004390 sec
4 start to run round 6 C: [0, 1, 2, 3, 4, 5, 6] N: 7
old [0, 1, 2, 3, 4, 5, 6]
new [0, 1, 2, 3, 4, 5, 6]
run round 6 adkr round taking 0.917588 sec
pc size for round 6 is 30212
(4, b"0E\x02!\x00\x83\xfc\xebp\x1f\x0eex\x93\x05D\x18\x8e*'\xbf5\x8b\xbd\xf1i\xff\x7f\xdd\x1e\xff\x8elbJ)o\x02 \\\xf8\xf1\xf2E\xfc\xf6A\xb7\xc6\xbc$\xc4\xdbD\xf3\x96\xe1S\xda\x069\xa3r\x87\x9eK\xbd\xf4O\xb1a")
(1, b'0E\x02!\x00\xb7~\x00\xffN\xcb\xf5.\xa2\x15\x9bVr\x16\xcdnr\xf2R?Q#\xe8w%\x93\xb0c\xd7\xd7\x95\x16\x02 \x03\x97\xbb\xaa\x08,A\x8a\xa4\x0e\xc6\x14@\x1eO.\xfdy\x17\x91\xa4\x07V \xf7+^\x12\x13~.\x91')
(4, b"0E\x02!\x00\x83\xfc\xebp\x1f\x0eex\x93\x05D\x18\x8e*'\xbf5\x8b\xbd\xf1i\xff\x7f\xdd\x1e\xff\x8elbJ)o\x02 \\\xf8\xf1\xf2E\xfc\xf6A\xb7\xc6\xbc$\xc4\xdbD\xf3\x96\xe1S\xda\x069\xa3r\x87\x9eK\xbd\xf4O\xb1a")
(1, b'0E\x02!\x00\xb7~\x00\xffN\xcb\xf5.\xa2\x15\x9bVr\x16\xcdnr\xf2R?Q#\xe8w%\x93\xb0c\xd7\xd7\x95\x16\x02 \x03\x97\xbb\xaa\x08,A\x8a\xa4\x0e\xc6\x14@\x1eO.\xfdy\x17\x91\xa4\x07V \xf7+^\x12\x13~.\x91')
(4, b"0E\x02!\x00\x83\xfc\xebp\x1f\x0eex\x93\x05D\x18\x8e*'\xbf5\x8b\xbd\xf1i\xff\x7f\xdd\x1e\xff\x8elbJ)o\x02 \\\xf8\xf1\xf2E\xfc\xf6A\xb7\xc6\xbc$\xc4\xdbD\xf3\x96\xe1S\xda\x069\xa3r\x87\x9eK\xbd\xf4O\xb1a")
(1, b'0E\x02!\x00\xb7~\x00\xffN\xcb\xf5.\xa2\x15\x9bVr\x16\xcdnr\xf2R?Q#\xe8w%\x93\xb0c\xd7\xd7\x95\x16\x02 \x03\x97\xbb\xaa\x08,A\x8a\xa4\x0e\xc6\x14@\x1eO.\xfdy\x17\x91\xa4\x07V \xf7+^\x12\x13~.\x91')
(4, b"0E\x02!\x00\x83\xfc\xebp\x1f\x0eex\x93\x05D\x18\x8e*'\xbf5\x8b\xbd\xf1i\xff\x7f\xdd\x1e\xff\x8elbJ)o\x02 \\\xf8\xf1\xf2E\xfc\xf6A\xb7\xc6\xbc$\xc4\xdbD\xf3\x96\xe1S\xda\x069\xa3r\x87\x9eK\xbd\xf4O\xb1a")
(1, b'0E\x02!\x00\xb7~\x00\xffN\xcb\xf5.\xa2\x15\x9bVr\x16\xcdnr\xf2R?Q#\xe8w%\x93\xb0c\xd7\xd7\x95\x16\x02 \x03\x97\xbb\xaa\x08,A\x8a\xa4\x0e\xc6\x14@\x1eO.\xfdy\x17\x91\xa4\x07V \xf7+^\x12\x13~.\x91')
(4, b"0E\x02!\x00\x83\xfc\xebp\x1f\x0eex\x93\x05D\x18\x8e*'\xbf5\x8b\xbd\xf1i\xff\x7f\xdd\x1e\xff\x8elbJ)o\x02 \\\xf8\xf1\xf2E\xfc\xf6A\xb7\xc6\xbc$\xc4\xdbD\xf3\x96\xe1S\xda\x069\xa3r\x87\x9eK\xbd\xf4O\xb1a")
(1, b'0E\x02!\x00\xb7~\x00\xffN\xcb\xf5.\xa2\x15\x9bVr\x16\xcdnr\xf2R?Q#\xe8w%\x93\xb0c\xd7\xd7\x95\x16\x02 \x03\x97\xbb\xaa\x08,A\x8a\xa4\x0e\xc6\x14@\x1eO.\xfdy\x17\x91\xa4\x07V \xf7+^\x12\x13~.\x91')
(4, b"0E\x02!\x00\x83\xfc\xebp\x1f\x0eex\x93\x05D\x18\x8e*'\xbf5\x8b\xbd\xf1i\xff\x7f\xdd\x1e\xff\x8elbJ)o\x02 \\\xf8\xf1\xf2E\xfc\xf6A\xb7\xc6\xbc$\xc4\xdbD\xf3\x96\xe1S\xda\x069\xa3r\x87\x9eK\xbd\xf4O\xb1a")
(1, b'0E\x02!\x00\xb7~\x00\xffN\xcb\xf5.\xa2\x15\x9bVr\x16\xcdnr\xf2R?Q#\xe8w%\x93\xb0c\xd7\xd7\x95\x16\x02 \x03\x97\xbb\xaa\x08,A\x8a\xa4\x0e\xc6\x14@\x1eO.\xfdy\x17\x91\xa4\x07V \xf7+^\x12\x13~.\x91')
(4, b"0E\x02!\x00\x83\xfc\xebp\x1f\x0eex\x93\x05D\x18\x8e*'\xbf5\x8b\xbd\xf1i\xff\x7f\xdd\x1e\xff\x8elbJ)o\x02 \\\xf8\xf1\xf2E\xfc\xf6A\xb7\xc6\xbc$\xc4\xdbD\xf3\x96\xe1S\xda\x069\xa3r\x87\x9eK\xbd\xf4O\xb1a")
(1, b'0E\x02!\x00\xb7~\x00\xffN\xcb\xf5.\xa2\x15\x9bVr\x16\xcdnr\xf2R?Q#\xe8w%\x93\xb0c\xd7\xd7\x95\x16\x02 \x03\x97\xbb\xaa\x08,A\x8a\xa4\x0e\xc6\x14@\x1eO.\xfdy\x17\x91\xa4\x07V \xf7+^\x12\x13~.\x91')
4 config verify passed!!!!
Node 4 read a proofchain using 0.004631 sec
4 start to run round 7 C: [0, 1, 2, 3, 4, 5, 6] N: 7
old [0, 1, 2, 3, 4, 5, 6]
new [0, 1, 2, 3, 4, 5, 6]
run round 7 adkr round taking 0.958916 sec
pc size for round 7 is 34473
(4, b"0E\x02!\x00\x83\xfc\xebp\x1f\x0eex\x93\x05D\x18\x8e*'\xbf5\x8b\xbd\xf1i\xff\x7f\xdd\x1e\xff\x8elbJ)o\x02 \\\xf8\xf1\xf2E\xfc\xf6A\xb7\xc6\xbc$\xc4\xdbD\xf3\x96\xe1S\xda\x069\xa3r\x87\x9eK\xbd\xf4O\xb1a")
(1, b'0E\x02!\x00\xb7~\x00\xffN\xcb\xf5.\xa2\x15\x9bVr\x16\xcdnr\xf2R?Q#\xe8w%\x93\xb0c\xd7\xd7\x95\x16\x02 \x03\x97\xbb\xaa\x08,A\x8a\xa4\x0e\xc6\x14@\x1eO.\xfdy\x17\x91\xa4\x07V \xf7+^\x12\x13~.\x91')
(4, b"0E\x02!\x00\x83\xfc\xebp\x1f\x0eex\x93\x05D\x18\x8e*'\xbf5\x8b\xbd\xf1i\xff\x7f\xdd\x1e\xff\x8elbJ)o\x02 \\\xf8\xf1\xf2E\xfc\xf6A\xb7\xc6\xbc$\xc4\xdbD\xf3\x96\xe1S\xda\x069\xa3r\x87\x9eK\xbd\xf4O\xb1a")
(1, b'0E\x02!\x00\xb7~\x00\xffN\xcb\xf5.\xa2\x15\x9bVr\x16\xcdnr\xf2R?Q#\xe8w%\x93\xb0c\xd7\xd7\x95\x16\x02 \x03\x97\xbb\xaa\x08,A\x8a\xa4\x0e\xc6\x14@\x1eO.\xfdy\x17\x91\xa4\x07V \xf7+^\x12\x13~.\x91')
(4, b"0E\x02!\x00\x83\xfc\xebp\x1f\x0eex\x93\x05D\x18\x8e*'\xbf5\x8b\xbd\xf1i\xff\x7f\xdd\x1e\xff\x8elbJ)o\x02 \\\xf8\xf1\xf2E\xfc\xf6A\xb7\xc6\xbc$\xc4\xdbD\xf3\x96\xe1S\xda\x069\xa3r\x87\x9eK\xbd\xf4O\xb1a")
(1, b'0E\x02!\x00\xb7~\x00\xffN\xcb\xf5.\xa2\x15\x9bVr\x16\xcdnr\xf2R?Q#\xe8w%\x93\xb0c\xd7\xd7\x95\x16\x02 \x03\x97\xbb\xaa\x08,A\x8a\xa4\x0e\xc6\x14@\x1eO.\xfdy\x17\x91\xa4\x07V \xf7+^\x12\x13~.\x91')
(4, b"0E\x02!\x00\x83\xfc\xebp\x1f\x0eex\x93\x05D\x18\x8e*'\xbf5\x8b\xbd\xf1i\xff\x7f\xdd\x1e\xff\x8elbJ)o\x02 \\\xf8\xf1\xf2E\xfc\xf6A\xb7\xc6\xbc$\xc4\xdbD\xf3\x96\xe1S\xda\x069\xa3r\x87\x9eK\xbd\xf4O\xb1a")
(1, b'0E\x02!\x00\xb7~\x00\xffN\xcb\xf5.\xa2\x15\x9bVr\x16\xcdnr\xf2R?Q#\xe8w%\x93\xb0c\xd7\xd7\x95\x16\x02 \x03\x97\xbb\xaa\x08,A\x8a\xa4\x0e\xc6\x14@\x1eO.\xfdy\x17\x91\xa4\x07V \xf7+^\x12\x13~.\x91')
(4, b"0E\x02!\x00\x83\xfc\xebp\x1f\x0eex\x93\x05D\x18\x8e*'\xbf5\x8b\xbd\xf1i\xff\x7f\xdd\x1e\xff\x8elbJ)o\x02 \\\xf8\xf1\xf2E\xfc\xf6A\xb7\xc6\xbc$\xc4\xdbD\xf3\x96\xe1S\xda\x069\xa3r\x87\x9eK\xbd\xf4O\xb1a")
(1, b'0E\x02!\x00\xb7~\x00\xffN\xcb\xf5.\xa2\x15\x9bVr\x16\xcdnr\xf2R?Q#\xe8w%\x93\xb0c\xd7\xd7\x95\x16\x02 \x03\x97\xbb\xaa\x08,A\x8a\xa4\x0e\xc6\x14@\x1eO.\xfdy\x17\x91\xa4\x07V \xf7+^\x12\x13~.\x91')
(4, b"0E\x02!\x00\x83\xfc\xebp\x1f\x0eex\x93\x05D\x18\x8e*'\xbf5\x8b\xbd\xf1i\xff\x7f\xdd\x1e\xff\x8elbJ)o\x02 \\\xf8\xf1\xf2E\xfc\xf6A\xb7\xc6\xbc$\xc4\xdbD\xf3\x96\xe1S\xda\x069\xa3r\x87\x9eK\xbd\xf4O\xb1a")
(1, b'0E\x02!\x00\xb7~\x00\xffN\xcb\xf5.\xa2\x15\x9bVr\x16\xcdnr\xf2R?Q#\xe8w%\x93\xb0c\xd7\xd7\x95\x16\x02 \x03\x97\xbb\xaa\x08,A\x8a\xa4\x0e\xc6\x14@\x1eO.\xfdy\x17\x91\xa4\x07V \xf7+^\x12\x13~.\x91')
(4, b"0E\x02!\x00\x83\xfc\xebp\x1f\x0eex\x93\x05D\x18\x8e*'\xbf5\x8b\xbd\xf1i\xff\x7f\xdd\x1e\xff\x8elbJ)o\x02 \\\xf8\xf1\xf2E\xfc\xf6A\xb7\xc6\xbc$\xc4\xdbD\xf3\x96\xe1S\xda\x069\xa3r\x87\x9eK\xbd\xf4O\xb1a")
(1, b'0E\x02!\x00\xb7~\x00\xffN\xcb\xf5.\xa2\x15\x9bVr\x16\xcdnr\xf2R?Q#\xe8w%\x93\xb0c\xd7\xd7\x95\x16\x02 \x03\x97\xbb\xaa\x08,A\x8a\xa4\x0e\xc6\x14@\x1eO.\xfdy\x17\x91\xa4\x07V \xf7+^\x12\x13~.\x91')
(4, b"0E\x02!\x00\x83\xfc\xebp\x1f\x0eex\x93\x05D\x18\x8e*'\xbf5\x8b\xbd\xf1i\xff\x7f\xdd\x1e\xff\x8elbJ)o\x02 \\\xf8\xf1\xf2E\xfc\xf6A\xb7\xc6\xbc$\xc4\xdbD\xf3\x96\xe1S\xda\x069\xa3r\x87\x9eK\xbd\xf4O\xb1a")
(1, b'0E\x02!\x00\xb7~\x00\xffN\xcb\xf5.\xa2\x15\x9bVr\x16\xcdnr\xf2R?Q#\xe8w%\x93\xb0c\xd7\xd7\x95\x16\x02 \x03\x97\xbb\xaa\x08,A\x8a\xa4\x0e\xc6\x14@\x1eO.\xfdy\x17\x91\xa4\x07V \xf7+^\x12\x13~.\x91')
4 config verify passed!!!!
Node 4 read a proofchain using 0.004959 sec
4 start to run round 8 C: [0, 1, 2, 3, 4, 5, 6] N: 7
old [0, 1, 2, 3, 4, 5, 6]
new [0, 1, 2, 3, 4, 5, 6]
run round 8 adkr round taking 1.007444 sec
pc size for round 8 is 38734
(4, b"0E\x02!\x00\x83\xfc\xebp\x1f\x0eex\x93\x05D\x18\x8e*'\xbf5\x8b\xbd\xf1i\xff\x7f\xdd\x1e\xff\x8elbJ)o\x02 \\\xf8\xf1\xf2E\xfc\xf6A\xb7\xc6\xbc$\xc4\xdbD\xf3\x96\xe1S\xda\x069\xa3r\x87\x9eK\xbd\xf4O\xb1a")
(1, b'0E\x02!\x00\xb7~\x00\xffN\xcb\xf5.\xa2\x15\x9bVr\x16\xcdnr\xf2R?Q#\xe8w%\x93\xb0c\xd7\xd7\x95\x16\x02 \x03\x97\xbb\xaa\x08,A\x8a\xa4\x0e\xc6\x14@\x1eO.\xfdy\x17\x91\xa4\x07V \xf7+^\x12\x13~.\x91')
(4, b"0E\x02!\x00\x83\xfc\xebp\x1f\x0eex\x93\x05D\x18\x8e*'\xbf5\x8b\xbd\xf1i\xff\x7f\xdd\x1e\xff\x8elbJ)o\x02 \\\xf8\xf1\xf2E\xfc\xf6A\xb7\xc6\xbc$\xc4\xdbD\xf3\x96\xe1S\xda\x069\xa3r\x87\x9eK\xbd\xf4O\xb1a")
(1, b'0E\x02!\x00\xb7~\x00\xffN\xcb\xf5.\xa2\x15\x9bVr\x16\xcdnr\xf2R?Q#\xe8w%\x93\xb0c\xd7\xd7\x95\x16\x02 \x03\x97\xbb\xaa\x08,A\x8a\xa4\x0e\xc6\x14@\x1eO.\xfdy\x17\x91\xa4\x07V \xf7+^\x12\x13~.\x91')
(4, b"0E\x02!\x00\x83\xfc\xebp\x1f\x0eex\x93\x05D\x18\x8e*'\xbf5\x8b\xbd\xf1i\xff\x7f\xdd\x1e\xff\x8elbJ)o\x02 \\\xf8\xf1\xf2E\xfc\xf6A\xb7\xc6\xbc$\xc4\xdbD\xf3\x96\xe1S\xda\x069\xa3r\x87\x9eK\xbd\xf4O\xb1a")
(1, b'0E\x02!\x00\xb7~\x00\xffN\xcb\xf5.\xa2\x15\x9bVr\x16\xcdnr\xf2R?Q#\xe8w%\x93\xb0c\xd7\xd7\x95\x16\x02 \x03\x97\xbb\xaa\x08,A\x8a\xa4\x0e\xc6\x14@\x1eO.\xfdy\x17\x91\xa4\x07V \xf7+^\x12\x13~.\x91')
(4, b"0E\x02!\x00\x83\xfc\xebp\x1f\x0eex\x93\x05D\x18\x8e*'\xbf5\x8b\xbd\xf1i\xff\x7f\xdd\x1e\xff\x8elbJ)o\x02 \\\xf8\xf1\xf2E\xfc\xf6A\xb7\xc6\xbc$\xc4\xdbD\xf3\x96\xe1S\xda\x069\xa3r\x87\x9eK\xbd\xf4O\xb1a")
(1, b'0E\x02!\x00\xb7~\x00\xffN\xcb\xf5.\xa2\x15\x9bVr\x16\xcdnr\xf2R?Q#\xe8w%\x93\xb0c\xd7\xd7\x95\x16\x02 \x03\x97\xbb\xaa\x08,A\x8a\xa4\x0e\xc6\x14@\x1eO.\xfdy\x17\x91\xa4\x07V \xf7+^\x12\x13~.\x91')
(4, b"0E\x02!\x00\x83\xfc\xebp\x1f\x0eex\x93\x05D\x18\x8e*'\xbf5\x8b\xbd\xf1i\xff\x7f\xdd\x1e\xff\x8elbJ)o\x02 \\\xf8\xf1\xf2E\xfc\xf6A\xb7\xc6\xbc$\xc4\xdbD\xf3\x96\xe1S\xda\x069\xa3r\x87\x9eK\xbd\xf4O\xb1a")
(1, b'0E\x02!\x00\xb7~\x00\xffN\xcb\xf5.\xa2\x15\x9bVr\x16\xcdnr\xf2R?Q#\xe8w%\x93\xb0c\xd7\xd7\x95\x16\x02 \x03\x97\xbb\xaa\x08,A\x8a\xa4\x0e\xc6\x14@\x1eO.\xfdy\x17\x91\xa4\x07V \xf7+^\x12\x13~.\x91')
(4, b"0E\x02!\x00\x83\xfc\xebp\x1f\x0eex\x93\x05D\x18\x8e*'\xbf5\x8b\xbd\xf1i\xff\x7f\xdd\x1e\xff\x8elbJ)o\x02 \\\xf8\xf1\xf2E\xfc\xf6A\xb7\xc6\xbc$\xc4\xdbD\xf3\x96\xe1S\xda\x069\xa3r\x87\x9eK\xbd\xf4O\xb1a")
(1, b'0E\x02!\x00\xb7~\x00\xffN\xcb\xf5.\xa2\x15\x9bVr\x16\xcdnr\xf2R?Q#\xe8w%\x93\xb0c\xd7\xd7\x95\x16\x02 \x03\x97\xbb\xaa\x08,A\x8a\xa4\x0e\xc6\x14@\x1eO.\xfdy\x17\x91\xa4\x07V \xf7+^\x12\x13~.\x91')
(4, b"0E\x02!\x00\x83\xfc\xebp\x1f\x0eex\x93\x05D\x18\x8e*'\xbf5\x8b\xbd\xf1i\xff\x7f\xdd\x1e\xff\x8elbJ)o\x02 \\\xf8\xf1\xf2E\xfc\xf6A\xb7\xc6\xbc$\xc4\xdbD\xf3\x96\xe1S\xda\x069\xa3r\x87\x9eK\xbd\xf4O\xb1a")
(1, b'0E\x02!\x00\xb7~\x00\xffN\xcb\xf5.\xa2\x15\x9bVr\x16\xcdnr\xf2R?Q#\xe8w%\x93\xb0c\xd7\xd7\x95\x16\x02 \x03\x97\xbb\xaa\x08,A\x8a\xa4\x0e\xc6\x14@\x1eO.\xfdy\x17\x91\xa4\x07V \xf7+^\x12\x13~.\x91')
(4, b"0E\x02!\x00\x83\xfc\xebp\x1f\x0eex\x93\x05D\x18\x8e*'\xbf5\x8b\xbd\xf1i\xff\x7f\xdd\x1e\xff\x8elbJ)o\x02 \\\xf8\xf1\xf2E\xfc\xf6A\xb7\xc6\xbc$\xc4\xdbD\xf3\x96\xe1S\xda\x069\xa3r\x87\x9eK\xbd\xf4O\xb1a")
(1, b'0E\x02!\x00\xb7~\x00\xffN\xcb\xf5.\xa2\x15\x9bVr\x16\xcdnr\xf2R?Q#\xe8w%\x93\xb0c\xd7\xd7\x95\x16\x02 \x03\x97\xbb\xaa\x08,A\x8a\xa4\x0e\xc6\x14@\x1eO.\xfdy\x17\x91\xa4\x07V \xf7+^\x12\x13~.\x91')
(4, b"0E\x02!\x00\x83\xfc\xebp\x1f\x0eex\x93\x05D\x18\x8e*'\xbf5\x8b\xbd\xf1i\xff\x7f\xdd\x1e\xff\x8elbJ)o\x02 \\\xf8\xf1\xf2E\xfc\xf6A\xb7\xc6\xbc$\xc4\xdbD\xf3\x96\xe1S\xda\x069\xa3r\x87\x9eK\xbd\xf4O\xb1a")
(1, b'0E\x02!\x00\xb7~\x00\xffN\xcb\xf5.\xa2\x15\x9bVr\x16\xcdnr\xf2R?Q#\xe8w%\x93\xb0c\xd7\xd7\x95\x16\x02 \x03\x97\xbb\xaa\x08,A\x8a\xa4\x0e\xc6\x14@\x1eO.\xfdy\x17\x91\xa4\x07V \xf7+^\x12\x13~.\x91')
4 config verify passed!!!!
Node 4 read a proofchain using 0.005223 sec
4 start to run round 9 C: [0, 1, 2, 3, 4, 5, 6] N: 7
old [0, 1, 2, 3, 4, 5, 6]
new [0, 1, 2, 3, 4, 5, 6]
run round 9 adkr round taking 0.924480 sec
pc size for round 9 is 42996
(4, b"0E\x02!\x00\x83\xfc\xebp\x1f\x0eex\x93\x05D\x18\x8e*'\xbf5\x8b\xbd\xf1i\xff\x7f\xdd\x1e\xff\x8elbJ)o\x02 \\\xf8\xf1\xf2E\xfc\xf6A\xb7\xc6\xbc$\xc4\xdbD\xf3\x96\xe1S\xda\x069\xa3r\x87\x9eK\xbd\xf4O\xb1a")
(1, b'0E\x02!\x00\xb7~\x00\xffN\xcb\xf5.\xa2\x15\x9bVr\x16\xcdnr\xf2R?Q#\xe8w%\x93\xb0c\xd7\xd7\x95\x16\x02 \x03\x97\xbb\xaa\x08,A\x8a\xa4\x0e\xc6\x14@\x1eO.\xfdy\x17\x91\xa4\x07V \xf7+^\x12\x13~.\x91')
(4, b"0E\x02!\x00\x83\xfc\xebp\x1f\x0eex\x93\x05D\x18\x8e*'\xbf5\x8b\xbd\xf1i\xff\x7f\xdd\x1e\xff\x8elbJ)o\x02 \\\xf8\xf1\xf2E\xfc\xf6A\xb7\xc6\xbc$\xc4\xdbD\xf3\x96\xe1S\xda\x069\xa3r\x87\x9eK\xbd\xf4O\xb1a")
(1, b'0E\x02!\x00\xb7~\x00\xffN\xcb\xf5.\xa2\x15\x9bVr\x16\xcdnr\xf2R?Q#\xe8w%\x93\xb0c\xd7\xd7\x95\x16\x02 \x03\x97\xbb\xaa\x08,A\x8a\xa4\x0e\xc6\x14@\x1eO.\xfdy\x17\x91\xa4\x07V \xf7+^\x12\x13~.\x91')
(4, b"0E\x02!\x00\x83\xfc\xebp\x1f\x0eex\x93\x05D\x18\x8e*'\xbf5\x8b\xbd\xf1i\xff\x7f\xdd\x1e\xff\x8elbJ)o\x02 \\\xf8\xf1\xf2E\xfc\xf6A\xb7\xc6\xbc$\xc4\xdbD\xf3\x96\xe1S\xda\x069\xa3r\x87\x9eK\xbd\xf4O\xb1a")
(1, b'0E\x02!\x00\xb7~\x00\xffN\xcb\xf5.\xa2\x15\x9bVr\x16\xcdnr\xf2R?Q#\xe8w%\x93\xb0c\xd7\xd7\x95\x16\x02 \x03\x97\xbb\xaa\x08,A\x8a\xa4\x0e\xc6\x14@\x1eO.\xfdy\x17\x91\xa4\x07V \xf7+^\x12\x13~.\x91')
(4, b"0E\x02!\x00\x83\xfc\xebp\x1f\x0eex\x93\x05D\x18\x8e*'\xbf5\x8b\xbd\xf1i\xff\x7f\xdd\x1e\xff\x8elbJ)o\x02 \\\xf8\xf1\xf2E\xfc\xf6A\xb7\xc6\xbc$\xc4\xdbD\xf3\x96\xe1S\xda\x069\xa3r\x87\x9eK\xbd\xf4O\xb1a")
(1, b'0E\x02!\x00\xb7~\x00\xffN\xcb\xf5.\xa2\x15\x9bVr\x16\xcdnr\xf2R?Q#\xe8w%\x93\xb0c\xd7\xd7\x95\x16\x02 \x03\x97\xbb\xaa\x08,A\x8a\xa4\x0e\xc6\x14@\x1eO.\xfdy\x17\x91\xa4\x07V \xf7+^\x12\x13~.\x91')
(4, b"0E\x02!\x00\x83\xfc\xebp\x1f\x0eex\x93\x05D\x18\x8e*'\xbf5\x8b\xbd\xf1i\xff\x7f\xdd\x1e\xff\x8elbJ)o\x02 \\\xf8\xf1\xf2E\xfc\xf6A\xb7\xc6\xbc$\xc4\xdbD\xf3\x96\xe1S\xda\x069\xa3r\x87\x9eK\xbd\xf4O\xb1a")
(1, b'0E\x02!\x00\xb7~\x00\xffN\xcb\xf5.\xa2\x15\x9bVr\x16\xcdnr\xf2R?Q#\xe8w%\x93\xb0c\xd7\xd7\x95\x16\x02 \x03\x97\xbb\xaa\x08,A\x8a\xa4\x0e\xc6\x14@\x1eO.\xfdy\x17\x91\xa4\x07V \xf7+^\x12\x13~.\x91')
(4, b"0E\x02!\x00\x83\xfc\xebp\x1f\x0eex\x93\x05D\x18\x8e*'\xbf5\x8b\xbd\xf1i\xff\x7f\xdd\x1e\xff\x8elbJ)o\x02 \\\xf8\xf1\xf2E\xfc\xf6A\xb7\xc6\xbc$\xc4\xdbD\xf3\x96\xe1S\xda\x069\xa3r\x87\x9eK\xbd\xf4O\xb1a")
(1, b'0E\x02!\x00\xb7~\x00\xffN\xcb\xf5.\xa2\x15\x9bVr\x16\xcdnr\xf2R?Q#\xe8w%\x93\xb0c\xd7\xd7\x95\x16\x02 \x03\x97\xbb\xaa\x08,A\x8a\xa4\x0e\xc6\x14@\x1eO.\xfdy\x17\x91\xa4\x07V \xf7+^\x12\x13~.\x91')
(4, b"0E\x02!\x00\x83\xfc\xebp\x1f\x0eex\x93\x05D\x18\x8e*'\xbf5\x8b\xbd\xf1i\xff\x7f\xdd\x1e\xff\x8elbJ)o\x02 \\\xf8\xf1\xf2E\xfc\xf6A\xb7\xc6\xbc$\xc4\xdbD\xf3\x96\xe1S\xda\x069\xa3r\x87\x9eK\xbd\xf4O\xb1a")
(1, b'0E\x02!\x00\xb7~\x00\xffN\xcb\xf5.\xa2\x15\x9bVr\x16\xcdnr\xf2R?Q#\xe8w%\x93\xb0c\xd7\xd7\x95\x16\x02 \x03\x97\xbb\xaa\x08,A\x8a\xa4\x0e\xc6\x14@\x1eO.\xfdy\x17\x91\xa4\x07V \xf7+^\x12\x13~.\x91')
(4, b"0E\x02!\x00\x83\xfc\xebp\x1f\x0eex\x93\x05D\x18\x8e*'\xbf5\x8b\xbd\xf1i\xff\x7f\xdd\x1e\xff\x8elbJ)o\x02 \\\xf8\xf1\xf2E\xfc\xf6A\xb7\xc6\xbc$\xc4\xdbD\xf3\x96\xe1S\xda\x069\xa3r\x87\x9eK\xbd\xf4O\xb1a")
(1, b'0E\x02!\x00\xb7~\x00\xffN\xcb\xf5.\xa2\x15\x9bVr\x16\xcdnr\xf2R?Q#\xe8w%\x93\xb0c\xd7\xd7\x95\x16\x02 \x03\x97\xbb\xaa\x08,A\x8a\xa4\x0e\xc6\x14@\x1eO.\xfdy\x17\x91\xa4\x07V \xf7+^\x12\x13~.\x91')
(4, b"0E\x02!\x00\x83\xfc\xebp\x1f\x0eex\x93\x05D\x18\x8e*'\xbf5\x8b\xbd\xf1i\xff\x7f\xdd\x1e\xff\x8elbJ)o\x02 \\\xf8\xf1\xf2E\xfc\xf6A\xb7\xc6\xbc$\xc4\xdbD\xf3\x96\xe1S\xda\x069\xa3r\x87\x9eK\xbd\xf4O\xb1a")
(1, b'0E\x02!\x00\xb7~\x00\xffN\xcb\xf5.\xa2\x15\x9bVr\x16\xcdnr\xf2R?Q#\xe8w%\x93\xb0c\xd7\xd7\x95\x16\x02 \x03\x97\xbb\xaa\x08,A\x8a\xa4\x0e\xc6\x14@\x1eO.\xfdy\x17\x91\xa4\x07V \xf7+^\x12\x13~.\x91')
(4, b"0E\x02!\x00\x83\xfc\xebp\x1f\x0eex\x93\x05D\x18\x8e*'\xbf5\x8b\xbd\xf1i\xff\x7f\xdd\x1e\xff\x8elbJ)o\x02 \\\xf8\xf1\xf2E\xfc\xf6A\xb7\xc6\xbc$\xc4\xdbD\xf3\x96\xe1S\xda\x069\xa3r\x87\x9eK\xbd\xf4O\xb1a")
(1, b'0E\x02!\x00\xb7~\x00\xffN\xcb\xf5.\xa2\x15\x9bVr\x16\xcdnr\xf2R?Q#\xe8w%\x93\xb0c\xd7\xd7\x95\x16\x02 \x03\x97\xbb\xaa\x08,A\x8a\xa4\x0e\xc6\x14@\x1eO.\xfdy\x17\x91\xa4\x07V \xf7+^\x12\x13~.\x91')
4 config verify passed!!!!
Node 4 read a proofchain using 0.005562 sec
4 start to run round 10 C: [0, 1, 2, 3, 4, 5, 6] N: 7
old [0, 1, 2, 3, 4, 5, 6]
new [0, 1, 2, 3, 4, 5, 6]
run round 10 adkr round taking 0.931849 sec
pc size for round 10 is 47256
(4, b"0E\x02!\x00\x83\xfc\xebp\x1f\x0eex\x93\x05D\x18\x8e*'\xbf5\x8b\xbd\xf1i\xff\x7f\xdd\x1e\xff\x8elbJ)o\x02 \\\xf8\xf1\xf2E\xfc\xf6A\xb7\xc6\xbc$\xc4\xdbD\xf3\x96\xe1S\xda\x069\xa3r\x87\x9eK\xbd\xf4O\xb1a")
(1, b'0E\x02!\x00\xb7~\x00\xffN\xcb\xf5.\xa2\x15\x9bVr\x16\xcdnr\xf2R?Q#\xe8w%\x93\xb0c\xd7\xd7\x95\x16\x02 \x03\x97\xbb\xaa\x08,A\x8a\xa4\x0e\xc6\x14@\x1eO.\xfdy\x17\x91\xa4\x07V \xf7+^\x12\x13~.\x91')
(4, b"0E\x02!\x00\x83\xfc\xebp\x1f\x0eex\x93\x05D\x18\x8e*'\xbf5\x8b\xbd\xf1i\xff\x7f\xdd\x1e\xff\x8elbJ)o\x02 \\\xf8\xf1\xf2E\xfc\xf6A\xb7\xc6\xbc$\xc4\xdbD\xf3\x96\xe1S\xda\x069\xa3r\x87\x9eK\xbd\xf4O\xb1a")
(1, b'0E\x02!\x00\xb7~\x00\xffN\xcb\xf5.\xa2\x15\x9bVr\x16\xcdnr\xf2R?Q#\xe8w%\x93\xb0c\xd7\xd7\x95\x16\x02 \x03\x97\xbb\xaa\x08,A\x8a\xa4\x0e\xc6\x14@\x1eO.\xfdy\x17\x91\xa4\x07V \xf7+^\x12\x13~.\x91')
(4, b"0E\x02!\x00\x83\xfc\xebp\x1f\x0eex\x93\x05D\x18\x8e*'\xbf5\x8b\xbd\xf1i\xff\x7f\xdd\x1e\xff\x8elbJ)o\x02 \\\xf8\xf1\xf2E\xfc\xf6A\xb7\xc6\xbc$\xc4\xdbD\xf3\x96\xe1S\xda\x069\xa3r\x87\x9eK\xbd\xf4O\xb1a")
(1, b'0E\x02!\x00\xb7~\x00\xffN\xcb\xf5.\xa2\x15\x9bVr\x16\xcdnr\xf2R?Q#\xe8w%\x93\xb0c\xd7\xd7\x95\x16\x02 \x03\x97\xbb\xaa\x08,A\x8a\xa4\x0e\xc6\x14@\x1eO.\xfdy\x17\x91\xa4\x07V \xf7+^\x12\x13~.\x91')
(4, b"0E\x02!\x00\x83\xfc\xebp\x1f\x0eex\x93\x05D\x18\x8e*'\xbf5\x8b\xbd\xf1i\xff\x7f\xdd\x1e\xff\x8elbJ)o\x02 \\\xf8\xf1\xf2E\xfc\xf6A\xb7\xc6\xbc$\xc4\xdbD\xf3\x96\xe1S\xda\x069\xa3r\x87\x9eK\xbd\xf4O\xb1a")
(1, b'0E\x02!\x00\xb7~\x00\xffN\xcb\xf5.\xa2\x15\x9bVr\x16\xcdnr\xf2R?Q#\xe8w%\x93\xb0c\xd7\xd7\x95\x16\x02 \x03\x97\xbb\xaa\x08,A\x8a\xa4\x0e\xc6\x14@\x1eO.\xfdy\x17\x91\xa4\x07V \xf7+^\x12\x13~.\x91')
(4, b"0E\x02!\x00\x83\xfc\xebp\x1f\x0eex\x93\x05D\x18\x8e*'\xbf5\x8b\xbd\xf1i\xff\x7f\xdd\x1e\xff\x8elbJ)o\x02 \\\xf8\xf1\xf2E\xfc\xf6A\xb7\xc6\xbc$\xc4\xdbD\xf3\x96\xe1S\xda\x069\xa3r\x87\x9eK\xbd\xf4O\xb1a")
(1, b'0E\x02!\x00\xb7~\x00\xffN\xcb\xf5.\xa2\x15\x9bVr\x16\xcdnr\xf2R?Q#\xe8w%\x93\xb0c\xd7\xd7\x95\x16\x02 \x03\x97\xbb\xaa\x08,A\x8a\xa4\x0e\xc6\x14@\x1eO.\xfdy\x17\x91\xa4\x07V \xf7+^\x12\x13~.\x91')
(4, b"0E\x02!\x00\x83\xfc\xebp\x1f\x0eex\x93\x05D\x18\x8e*'\xbf5\x8b\xbd\xf1i\xff\x7f\xdd\x1e\xff\x8elbJ)o\x02 \\\xf8\xf1\xf2E\xfc\xf6A\xb7\xc6\xbc$\xc4\xdbD\xf3\x96\xe1S\xda\x069\xa3r\x87\x9eK\xbd\xf4O\xb1a")
(1, b'0E\x02!\x00\xb7~\x00\xffN\xcb\xf5.\xa2\x15\x9bVr\x16\xcdnr\xf2R?Q#\xe8w%\x93\xb0c\xd7\xd7\x95\x16\x02 \x03\x97\xbb\xaa\x08,A\x8a\xa4\x0e\xc6\x14@\x1eO.\xfdy\x17\x91\xa4\x07V \xf7+^\x12\x13~.\x91')
(4, b"0E\x02!\x00\x83\xfc\xebp\x1f\x0eex\x93\x05D\x18\x8e*'\xbf5\x8b\xbd\xf1i\xff\x7f\xdd\x1e\xff\x8elbJ)o\x02 \\\xf8\xf1\xf2E\xfc\xf6A\xb7\xc6\xbc$\xc4\xdbD\xf3\x96\xe1S\xda\x069\xa3r\x87\x9eK\xbd\xf4O\xb1a")
(1, b'0E\x02!\x00\xb7~\x00\xffN\xcb\xf5.\xa2\x15\x9bVr\x16\xcdnr\xf2R?Q#\xe8w%\x93\xb0c\xd7\xd7\x95\x16\x02 \x03\x97\xbb\xaa\x08,A\x8a\xa4\x0e\xc6\x14@\x1eO.\xfdy\x17\x91\xa4\x07V \xf7+^\x12\x13~.\x91')
(4, b"0E\x02!\x00\x83\xfc\xebp\x1f\x0eex\x93\x05D\x18\x8e*'\xbf5\x8b\xbd\xf1i\xff\x7f\xdd\x1e\xff\x8elbJ)o\x02 \\\xf8\xf1\xf2E\xfc\xf6A\xb7\xc6\xbc$\xc4\xdbD\xf3\x96\xe1S\xda\x069\xa3r\x87\x9eK\xbd\xf4O\xb1a")
(1, b'0E\x02!\x00\xb7~\x00\xffN\xcb\xf5.\xa2\x15\x9bVr\x16\xcdnr\xf2R?Q#\xe8w%\x93\xb0c\xd7\xd7\x95\x16\x02 \x03\x97\xbb\xaa\x08,A\x8a\xa4\x0e\xc6\x14@\x1eO.\xfdy\x17\x91\xa4\x07V \xf7+^\x12\x13~.\x91')
(4, b"0E\x02!\x00\x83\xfc\xebp\x1f\x0eex\x93\x05D\x18\x8e*'\xbf5\x8b\xbd\xf1i\xff\x7f\xdd\x1e\xff\x8elbJ)o\x02 \\\xf8\xf1\xf2E\xfc\xf6A\xb7\xc6\xbc$\xc4\xdbD\xf3\x96\xe1S\xda\x069\xa3r\x87\x9eK\xbd\xf4O\xb1a")
(1, b'0E\x02!\x00\xb7~\x00\xffN\xcb\xf5.\xa2\x15\x9bVr\x16\xcdnr\xf2R?Q#\xe8w%\x93\xb0c\xd7\xd7\x95\x16\x02 \x03\x97\xbb\xaa\x08,A\x8a\xa4\x0e\xc6\x14@\x1eO.\xfdy\x17\x91\xa4\x07V \xf7+^\x12\x13~.\x91')
(4, b"0E\x02!\x00\x83\xfc\xebp\x1f\x0eex\x93\x05D\x18\x8e*'\xbf5\x8b\xbd\xf1i\xff\x7f\xdd\x1e\xff\x8elbJ)o\x02 \\\xf8\xf1\xf2E\xfc\xf6A\xb7\xc6\xbc$\xc4\xdbD\xf3\x96\xe1S\xda\x069\xa3r\x87\x9eK\xbd\xf4O\xb1a")
(1, b'0E\x02!\x00\xb7~\x00\xffN\xcb\xf5.\xa2\x15\x9bVr\x16\xcdnr\xf2R?Q#\xe8w%\x93\xb0c\xd7\xd7\x95\x16\x02 \x03\x97\xbb\xaa\x08,A\x8a\xa4\x0e\xc6\x14@\x1eO.\xfdy\x17\x91\xa4\x07V \xf7+^\x12\x13~.\x91')
(4, b"0E\x02!\x00\x83\xfc\xebp\x1f\x0eex\x93\x05D\x18\x8e*'\xbf5\x8b\xbd\xf1i\xff\x7f\xdd\x1e\xff\x8elbJ)o\x02 \\\xf8\xf1\xf2E\xfc\xf6A\xb7\xc6\xbc$\xc4\xdbD\xf3\x96\xe1S\xda\x069\xa3r\x87\x9eK\xbd\xf4O\xb1a")
(1, b'0E\x02!\x00\xb7~\x00\xffN\xcb\xf5.\xa2\x15\x9bVr\x16\xcdnr\xf2R?Q#\xe8w%\x93\xb0c\xd7\xd7\x95\x16\x02 \x03\x97\xbb\xaa\x08,A\x8a\xa4\x0e\xc6\x14@\x1eO.\xfdy\x17\x91\xa4\x07V \xf7+^\x12\x13~.\x91')
4 config verify passed!!!!
Node 4 read a proofchain using 0.005823 sec
4 start to run round 11 C: [0, 1, 2, 3, 4, 5, 6] N: 7
old [0, 1, 2, 3, 4, 5, 6]
new [0, 1, 2, 3, 4, 5, 6]
run round 11 adkr round taking 0.944523 sec
pc size for round 11 is 51516
(4, b"0E\x02!\x00\x83\xfc\xebp\x1f\x0eex\x93\x05D\x18\x8e*'\xbf5\x8b\xbd\xf1i\xff\x7f\xdd\x1e\xff\x8elbJ)o\x02 \\\xf8\xf1\xf2E\xfc\xf6A\xb7\xc6\xbc$\xc4\xdbD\xf3\x96\xe1S\xda\x069\xa3r\x87\x9eK\xbd\xf4O\xb1a")
(1, b'0E\x02!\x00\xb7~\x00\xffN\xcb\xf5.\xa2\x15\x9bVr\x16\xcdnr\xf2R?Q#\xe8w%\x93\xb0c\xd7\xd7\x95\x16\x02 \x03\x97\xbb\xaa\x08,A\x8a\xa4\x0e\xc6\x14@\x1eO.\xfdy\x17\x91\xa4\x07V \xf7+^\x12\x13~.\x91')
(4, b"0E\x02!\x00\x83\xfc\xebp\x1f\x0eex\x93\x05D\x18\x8e*'\xbf5\x8b\xbd\xf1i\xff\x7f\xdd\x1e\xff\x8elbJ)o\x02 \\\xf8\xf1\xf2E\xfc\xf6A\xb7\xc6\xbc$\xc4\xdbD\xf3\x96\xe1S\xda\x069\xa3r\x87\x9eK\xbd\xf4O\xb1a")
(1, b'0E\x02!\x00\xb7~\x00\xffN\xcb\xf5.\xa2\x15\x9bVr\x16\xcdnr\xf2R?Q#\xe8w%\x93\xb0c\xd7\xd7\x95\x16\x02 \x03\x97\xbb\xaa\x08,A\x8a\xa4\x0e\xc6\x14@\x1eO.\xfdy\x17\x91\xa4\x07V \xf7+^\x12\x13~.\x91')
(4, b"0E\x02!\x00\x83\xfc\xebp\x1f\x0eex\x93\x05D\x18\x8e*'\xbf5\x8b\xbd\xf1i\xff\x7f\xdd\x1e\xff\x8elbJ)o\x02 \\\xf8\xf1\xf2E\xfc\xf6A\xb7\xc6\xbc$\xc4\xdbD\xf3\x96\xe1S\xda\x069\xa3r\x87\x9eK\xbd\xf4O\xb1a")
(1, b'0E\x02!\x00\xb7~\x00\xffN\xcb\xf5.\xa2\x15\x9bVr\x16\xcdnr\xf2R?Q#\xe8w%\x93\xb0c\xd7\xd7\x95\x16\x02 \x03\x97\xbb\xaa\x08,A\x8a\xa4\x0e\xc6\x14@\x1eO.\xfdy\x17\x91\xa4\x07V \xf7+^\x12\x13~.\x91')
(4, b"0E\x02!\x00\x83\xfc\xebp\x1f\x0eex\x93\x05D\x18\x8e*'\xbf5\x8b\xbd\xf1i\xff\x7f\xdd\x1e\xff\x8elbJ)o\x02 \\\xf8\xf1\xf2E\xfc\xf6A\xb7\xc6\xbc$\xc4\xdbD\xf3\x96\xe1S\xda\x069\xa3r\x87\x9eK\xbd\xf4O\xb1a")
(1, b'0E\x02!\x00\xb7~\x00\xffN\xcb\xf5.\xa2\x15\x9bVr\x16\xcdnr\xf2R?Q#\xe8w%\x93\xb0c\xd7\xd7\x95\x16\x02 \x03\x97\xbb\xaa\x08,A\x8a\xa4\x0e\xc6\x14@\x1eO.\xfdy\x17\x91\xa4\x07V \xf7+^\x12\x13~.\x91')
(4, b"0E\x02!\x00\x83\xfc\xebp\x1f\x0eex\x93\x05D\x18\x8e*'\xbf5\x8b\xbd\xf1i\xff\x7f\xdd\x1e\xff\x8elbJ)o\x02 \\\xf8\xf1\xf2E\xfc\xf6A\xb7\xc6\xbc$\xc4\xdbD\xf3\x96\xe1S\xda\x069\xa3r\x87\x9eK\xbd\xf4O\xb1a")
(1, b'0E\x02!\x00\xb7~\x00\xffN\xcb\xf5.\xa2\x15\x9bVr\x16\xcdnr\xf2R?Q#\xe8w%\x93\xb0c\xd7\xd7\x95\x16\x02 \x03\x97\xbb\xaa\x08,A\x8a\xa4\x0e\xc6\x14@\x1eO.\xfdy\x17\x91\xa4\x07V \xf7+^\x12\x13~.\x91')
(4, b"0E\x02!\x00\x83\xfc\xebp\x1f\x0eex\x93\x05D\x18\x8e*'\xbf5\x8b\xbd\xf1i\xff\x7f\xdd\x1e\xff\x8elbJ)o\x02 \\\xf8\xf1\xf2E\xfc\xf6A\xb7\xc6\xbc$\xc4\xdbD\xf3\x96\xe1S\xda\x069\xa3r\x87\x9eK\xbd\xf4O\xb1a")
(1, b'0E\x02!\x00\xb7~\x00\xffN\xcb\xf5.\xa2\x15\x9bVr\x16\xcdnr\xf2R?Q#\xe8w%\x93\xb0c\xd7\xd7\x95\x16\x02 \x03\x97\xbb\xaa\x08,A\x8a\xa4\x0e\xc6\x14@\x1eO.\xfdy\x17\x91\xa4\x07V \xf7+^\x12\x13~.\x91')
(4, b"0E\x02!\x00\x83\xfc\xebp\x1f\x0eex\x93\x05D\x18\x8e*'\xbf5\x8b\xbd\xf1i\xff\x7f\xdd\x1e\xff\x8elbJ)o\x02 \\\xf8\xf1\xf2E\xfc\xf6A\xb7\xc6\xbc$\xc4\xdbD\xf3\x96\xe1S\xda\x069\xa3r\x87\x9eK\xbd\xf4O\xb1a")
(1, b'0E\x02!\x00\xb7~\x00\xffN\xcb\xf5.\xa2\x15\x9bVr\x16\xcdnr\xf2R?Q#\xe8w%\x93\xb0c\xd7\xd7\x95\x16\x02 \x03\x97\xbb\xaa\x08,A\x8a\xa4\x0e\xc6\x14@\x1eO.\xfdy\x17\x91\xa4\x07V \xf7+^\x12\x13~.\x91')
(4, b"0E\x02!\x00\x83\xfc\xebp\x1f\x0eex\x93\x05D\x18\x8e*'\xbf5\x8b\xbd\xf1i\xff\x7f\xdd\x1e\xff\x8elbJ)o\x02 \\\xf8\xf1\xf2E\xfc\xf6A\xb7\xc6\xbc$\xc4\xdbD\xf3\x96\xe1S\xda\x069\xa3r\x87\x9eK\xbd\xf4O\xb1a")
(1, b'0E\x02!\x00\xb7~\x00\xffN\xcb\xf5.\xa2\x15\x9bVr\x16\xcdnr\xf2R?Q#\xe8w%\x93\xb0c\xd7\xd7\x95\x16\x02 \x03\x97\xbb\xaa\x08,A\x8a\xa4\x0e\xc6\x14@\x1eO.\xfdy\x17\x91\xa4\x07V \xf7+^\x12\x13~.\x91')
(4, b"0E\x02!\x00\x83\xfc\xebp\x1f\x0eex\x93\x05D\x18\x8e*'\xbf5\x8b\xbd\xf1i\xff\x7f\xdd\x1e\xff\x8elbJ)o\x02 \\\xf8\xf1\xf2E\xfc\xf6A\xb7\xc6\xbc$\xc4\xdbD\xf3\x96\xe1S\xda\x069\xa3r\x87\x9eK\xbd\xf4O\xb1a")
(1, b'0E\x02!\x00\xb7~\x00\xffN\xcb\xf5.\xa2\x15\x9bVr\x16\xcdnr\xf2R?Q#\xe8w%\x93\xb0c\xd7\xd7\x95\x16\x02 \x03\x97\xbb\xaa\x08,A\x8a\xa4\x0e\xc6\x14@\x1eO.\xfdy\x17\x91\xa4\x07V \xf7+^\x12\x13~.\x91')
(4, b"0E\x02!\x00\x83\xfc\xebp\x1f\x0eex\x93\x05D\x18\x8e*'\xbf5\x8b\xbd\xf1i\xff\x7f\xdd\x1e\xff\x8elbJ)o\x02 \\\xf8\xf1\xf2E\xfc\xf6A\xb7\xc6\xbc$\xc4\xdbD\xf3\x96\xe1S\xda\x069\xa3r\x87\x9eK\xbd\xf4O\xb1a")
(1, b'0E\x02!\x00\xb7~\x00\xffN\xcb\xf5.\xa2\x15\x9bVr\x16\xcdnr\xf2R?Q#\xe8w%\x93\xb0c\xd7\xd7\x95\x16\x02 \x03\x97\xbb\xaa\x08,A\x8a\xa4\x0e\xc6\x14@\x1eO.\xfdy\x17\x91\xa4\x07V \xf7+^\x12\x13~.\x91')
(4, b"0E\x02!\x00\x83\xfc\xebp\x1f\x0eex\x93\x05D\x18\x8e*'\xbf5\x8b\xbd\xf1i\xff\x7f\xdd\x1e\xff\x8elbJ)o\x02 \\\xf8\xf1\xf2E\xfc\xf6A\xb7\xc6\xbc$\xc4\xdbD\xf3\x96\xe1S\xda\x069\xa3r\x87\x9eK\xbd\xf4O\xb1a")
(1, b'0E\x02!\x00\xb7~\x00\xffN\xcb\xf5.\xa2\x15\x9bVr\x16\xcdnr\xf2R?Q#\xe8w%\x93\xb0c\xd7\xd7\x95\x16\x02 \x03\x97\xbb\xaa\x08,A\x8a\xa4\x0e\xc6\x14@\x1eO.\xfdy\x17\x91\xa4\x07V \xf7+^\x12\x13~.\x91')
(4, b"0E\x02!\x00\x83\xfc\xebp\x1f\x0eex\x93\x05D\x18\x8e*'\xbf5\x8b\xbd\xf1i\xff\x7f\xdd\x1e\xff\x8elbJ)o\x02 \\\xf8\xf1\xf2E\xfc\xf6A\xb7\xc6\xbc$\xc4\xdbD\xf3\x96\xe1S\xda\x069\xa3r\x87\x9eK\xbd\xf4O\xb1a")
(1, b'0E\x02!\x00\xb7~\x00\xffN\xcb\xf5.\xa2\x15\x9bVr\x16\xcdnr\xf2R?Q#\xe8w%\x93\xb0c\xd7\xd7\x95\x16\x02 \x03\x97\xbb\xaa\x08,A\x8a\xa4\x0e\xc6\x14@\x1eO.\xfdy\x17\x91\xa4\x07V \xf7+^\x12\x13~.\x91')
4 config verify passed!!!!
Node 4 read a proofchain using 0.006091 sec
4 start to run round 12 C: [0, 1, 2, 3, 4, 5, 6] N: 7
old [0, 1, 2, 3, 4, 5, 6]
new [0, 1, 2, 3, 4, 5, 6]
run round 12 adkr round taking 0.961493 sec
pc size for round 12 is 55776
(4, b"0E\x02!\x00\x83\xfc\xebp\x1f\x0eex\x93\x05D\x18\x8e*'\xbf5\x8b\xbd\xf1i\xff\x7f\xdd\x1e\xff\x8elbJ)o\x02 \\\xf8\xf1\xf2E\xfc\xf6A\xb7\xc6\xbc$\xc4\xdbD\xf3\x96\xe1S\xda\x069\xa3r\x87\x9eK\xbd\xf4O\xb1a")
(1, b'0E\x02!\x00\xb7~\x00\xffN\xcb\xf5.\xa2\x15\x9bVr\x16\xcdnr\xf2R?Q#\xe8w%\x93\xb0c\xd7\xd7\x95\x16\x02 \x03\x97\xbb\xaa\x08,A\x8a\xa4\x0e\xc6\x14@\x1eO.\xfdy\x17\x91\xa4\x07V \xf7+^\x12\x13~.\x91')
(4, b"0E\x02!\x00\x83\xfc\xebp\x1f\x0eex\x93\x05D\x18\x8e*'\xbf5\x8b\xbd\xf1i\xff\x7f\xdd\x1e\xff\x8elbJ)o\x02 \\\xf8\xf1\xf2E\xfc\xf6A\xb7\xc6\xbc$\xc4\xdbD\xf3\x96\xe1S\xda\x069\xa3r\x87\x9eK\xbd\xf4O\xb1a")
(1, b'0E\x02!\x00\xb7~\x00\xffN\xcb\xf5.\xa2\x15\x9bVr\x16\xcdnr\xf2R?Q#\xe8w%\x93\xb0c\xd7\xd7\x95\x16\x02 \x03\x97\xbb\xaa\x08,A\x8a\xa4\x0e\xc6\x14@\x1eO.\xfdy\x17\x91\xa4\x07V \xf7+^\x12\x13~.\x91')
(4, b"0E\x02!\x00\x83\xfc\xebp\x1f\x0eex\x93\x05D\x18\x8e*'\xbf5\x8b\xbd\xf1i\xff\x7f\xdd\x1e\xff\x8elbJ)o\x02 \\\xf8\xf1\xf2E\xfc\xf6A\xb7\xc6\xbc$\xc4\xdbD\xf3\x96\xe1S\xda\x069\xa3r\x87\x9eK\xbd\xf4O\xb1a")
(1, b'0E\x02!\x00\xb7~\x00\xffN\xcb\xf5.\xa2\x15\x9bVr\x16\xcdnr\xf2R?Q#\xe8w%\x93\xb0c\xd7\xd7\x95\x16\x02 \x03\x97\xbb\xaa\x08,A\x8a\xa4\x0e\xc6\x14@\x1eO.\xfdy\x17\x91\xa4\x07V \xf7+^\x12\x13~.\x91')
(4, b"0E\x02!\x00\x83\xfc\xebp\x1f\x0eex\x93\x05D\x18\x8e*'\xbf5\x8b\xbd\xf1i\xff\x7f\xdd\x1e\xff\x8elbJ)o\x02 \\\xf8\xf1\xf2E\xfc\xf6A\xb7\xc6\xbc$\xc4\xdbD\xf3\x96\xe1S\xda\x069\xa3r\x87\x9eK\xbd\xf4O\xb1a")
(1, b'0E\x02!\x00\xb7~\x00\xffN\xcb\xf5.\xa2\x15\x9bVr\x16\xcdnr\xf2R?Q#\xe8w%\x93\xb0c\xd7\xd7\x95\x16\x02 \x03\x97\xbb\xaa\x08,A\x8a\xa4\x0e\xc6\x14@\x1eO.\xfdy\x17\x91\xa4\x07V \xf7+^\x12\x13~.\x91')
(4, b"0E\x02!\x00\x83\xfc\xebp\x1f\x0eex\x93\x05D\x18\x8e*'\xbf5\x8b\xbd\xf1i\xff\x7f\xdd\x1e\xff\x8elbJ)o\x02 \\\xf8\xf1\xf2E\xfc\xf6A\xb7\xc6\xbc$\xc4\xdbD\xf3\x96\xe1S\xda\x069\xa3r\x87\x9eK\xbd\xf4O\xb1a")
(1, b'0E\x02!\x00\xb7~\x00\xffN\xcb\xf5.\xa2\x15\x9bVr\x16\xcdnr\xf2R?Q#\xe8w%\x93\xb0c\xd7\xd7\x95\x16\x02 \x03\x97\xbb\xaa\x08,A\x8a\xa4\x0e\xc6\x14@\x1eO.\xfdy\x17\x91\xa4\x07V \xf7+^\x12\x13~.\x91')
(4, b"0E\x02!\x00\x83\xfc\xebp\x1f\x0eex\x93\x05D\x18\x8e*'\xbf5\x8b\xbd\xf1i\xff\x7f\xdd\x1e\xff\x8elbJ)o\x02 \\\xf8\xf1\xf2E\xfc\xf6A\xb7\xc6\xbc$\xc4\xdbD\xf3\x96\xe1S\xda\x069\xa3r\x87\x9eK\xbd\xf4O\xb1a")
(1, b'0E\x02!\x00\xb7~\x00\xffN\xcb\xf5.\xa2\x15\x9bVr\x16\xcdnr\xf2R?Q#\xe8w%\x93\xb0c\xd7\xd7\x95\x16\x02 \x03\x97\xbb\xaa\x08,A\x8a\xa4\x0e\xc6\x14@\x1eO.\xfdy\x17\x91\xa4\x07V \xf7+^\x12\x13~.\x91')
(4, b"0E\x02!\x00\x83\xfc\xebp\x1f\x0eex\x93\x05D\x18\x8e*'\xbf5\x8b\xbd\xf1i\xff\x7f\xdd\x1e\xff\x8elbJ)o\x02 \\\xf8\xf1\xf2E\xfc\xf6A\xb7\xc6\xbc$\xc4\xdbD\xf3\x96\xe1S\xda\x069\xa3r\x87\x9eK\xbd\xf4O\xb1a")
(1, b'0E\x02!\x00\xb7~\x00\xffN\xcb\xf5.\xa2\x15\x9bVr\x16\xcdnr\xf2R?Q#\xe8w%\x93\xb0c\xd7\xd7\x95\x16\x02 \x03\x97\xbb\xaa\x08,A\x8a\xa4\x0e\xc6\x14@\x1eO.\xfdy\x17\x91\xa4\x07V \xf7+^\x12\x13~.\x91')
(4, b"0E\x02!\x00\x83\xfc\xebp\x1f\x0eex\x93\x05D\x18\x8e*'\xbf5\x8b\xbd\xf1i\xff\x7f\xdd\x1e\xff\x8elbJ)o\x02 \\\xf8\xf1\xf2E\xfc\xf6A\xb7\xc6\xbc$\xc4\xdbD\xf3\x96\xe1S\xda\x069\xa3r\x87\x9eK\xbd\xf4O\xb1a")
(1, b'0E\x02!\x00\xb7~\x00\xffN\xcb\xf5.\xa2\x15\x9bVr\x16\xcdnr\xf2R?Q#\xe8w%\x93\xb0c\xd7\xd7\x95\x16\x02 \x03\x97\xbb\xaa\x08,A\x8a\xa4\x0e\xc6\x14@\x1eO.\xfdy\x17\x91\xa4\x07V \xf7+^\x12\x13~.\x91')
(4, b"0E\x02!\x00\x83\xfc\xebp\x1f\x0eex\x93\x05D\x18\x8e*'\xbf5\x8b\xbd\xf1i\xff\x7f\xdd\x1e\xff\x8elbJ)o\x02 \\\xf8\xf1\xf2E\xfc\xf6A\xb7\xc6\xbc$\xc4\xdbD\xf3\x96\xe1S\xda\x069\xa3r\x87\x9eK\xbd\xf4O\xb1a")
(1, b'0E\x02!\x00\xb7~\x00\xffN\xcb\xf5.\xa2\x15\x9bVr\x16\xcdnr\xf2R?Q#\xe8w%\x93\xb0c\xd7\xd7\x95\x16\x02 \x03\x97\xbb\xaa\x08,A\x8a\xa4\x0e\xc6\x14@\x1eO.\xfdy\x17\x91\xa4\x07V \xf7+^\x12\x13~.\x91')
(4, b"0E\x02!\x00\x83\xfc\xebp\x1f\x0eex\x93\x05D\x18\x8e*'\xbf5\x8b\xbd\xf1i\xff\x7f\xdd\x1e\xff\x8elbJ)o\x02 \\\xf8\xf1\xf2E\xfc\xf6A\xb7\xc6\xbc$\xc4\xdbD\xf3\x96\xe1S\xda\x069\xa3r\x87\x9eK\xbd\xf4O\xb1a")
(1, b'0E\x02!\x00\xb7~\x00\xffN\xcb\xf5.\xa2\x15\x9bVr\x16\xcdnr\xf2R?Q#\xe8w%\x93\xb0c\xd7\xd7\x95\x16\x02 \x03\x97\xbb\xaa\x08,A\x8a\xa4\x0e\xc6\x14@\x1eO.\xfdy\x17\x91\xa4\x07V \xf7+^\x12\x13~.\x91')
(4, b"0E\x02!\x00\x83\xfc\xebp\x1f\x0eex\x93\x05D\x18\x8e*'\xbf5\x8b\xbd\xf1i\xff\x7f\xdd\x1e\xff\x8elbJ)o\x02 \\\xf8\xf1\xf2E\xfc\xf6A\xb7\xc6\xbc$\xc4\xdbD\xf3\x96\xe1S\xda\x069\xa3r\x87\x9eK\xbd\xf4O\xb1a")
(1, b'0E\x02!\x00\xb7~\x00\xffN\xcb\xf5.\xa2\x15\x9bVr\x16\xcdnr\xf2R?Q#\xe8w%\x93\xb0c\xd7\xd7\x95\x16\x02 \x03\x97\xbb\xaa\x08,A\x8a\xa4\x0e\xc6\x14@\x1eO.\xfdy\x17\x91\xa4\x07V \xf7+^\x12\x13~.\x91')
(4, b"0E\x02!\x00\x83\xfc\xebp\x1f\x0eex\x93\x05D\x18\x8e*'\xbf5\x8b\xbd\xf1i\xff\x7f\xdd\x1e\xff\x8elbJ)o\x02 \\\xf8\xf1\xf2E\xfc\xf6A\xb7\xc6\xbc$\xc4\xdbD\xf3\x96\xe1S\xda\x069\xa3r\x87\x9eK\xbd\xf4O\xb1a")
(1, b'0E\x02!\x00\xb7~\x00\xffN\xcb\xf5.\xa2\x15\x9bVr\x16\xcdnr\xf2R?Q#\xe8w%\x93\xb0c\xd7\xd7\x95\x16\x02 \x03\x97\xbb\xaa\x08,A\x8a\xa4\x0e\xc6\x14@\x1eO.\xfdy\x17\x91\xa4\x07V \xf7+^\x12\x13~.\x91')
(4, b"0E\x02!\x00\x83\xfc\xebp\x1f\x0eex\x93\x05D\x18\x8e*'\xbf5\x8b\xbd\xf1i\xff\x7f\xdd\x1e\xff\x8elbJ)o\x02 \\\xf8\xf1\xf2E\xfc\xf6A\xb7\xc6\xbc$\xc4\xdbD\xf3\x96\xe1S\xda\x069\xa3r\x87\x9eK\xbd\xf4O\xb1a")
(1, b'0E\x02!\x00\xb7~\x00\xffN\xcb\xf5.\xa2\x15\x9bVr\x16\xcdnr\xf2R?Q#\xe8w%\x93\xb0c\xd7\xd7\x95\x16\x02 \x03\x97\xbb\xaa\x08,A\x8a\xa4\x0e\xc6\x14@\x1eO.\xfdy\x17\x91\xa4\x07V \xf7+^\x12\x13~.\x91')
4 config verify passed!!!!
Node 4 read a proofchain using 0.006609 sec
4 start to run round 13 C: [0, 1, 2, 3, 4, 5, 6] N: 7
old [0, 1, 2, 3, 4, 5, 6]
new [0, 1, 2, 3, 4, 5, 6]
run round 13 adkr round taking 0.978949 sec
pc size for round 13 is 60037
(4, b"0E\x02!\x00\x83\xfc\xebp\x1f\x0eex\x93\x05D\x18\x8e*'\xbf5\x8b\xbd\xf1i\xff\x7f\xdd\x1e\xff\x8elbJ)o\x02 \\\xf8\xf1\xf2E\xfc\xf6A\xb7\xc6\xbc$\xc4\xdbD\xf3\x96\xe1S\xda\x069\xa3r\x87\x9eK\xbd\xf4O\xb1a")
(1, b'0E\x02!\x00\xb7~\x00\xffN\xcb\xf5.\xa2\x15\x9bVr\x16\xcdnr\xf2R?Q#\xe8w%\x93\xb0c\xd7\xd7\x95\x16\x02 \x03\x97\xbb\xaa\x08,A\x8a\xa4\x0e\xc6\x14@\x1eO.\xfdy\x17\x91\xa4\x07V \xf7+^\x12\x13~.\x91')
(4, b"0E\x02!\x00\x83\xfc\xebp\x1f\x0eex\x93\x05D\x18\x8e*'\xbf5\x8b\xbd\xf1i\xff\x7f\xdd\x1e\xff\x8elbJ)o\x02 \\\xf8\xf1\xf2E\xfc\xf6A\xb7\xc6\xbc$\xc4\xdbD\xf3\x96\xe1S\xda\x069\xa3r\x87\x9eK\xbd\xf4O\xb1a")
(1, b'0E\x02!\x00\xb7~\x00\xffN\xcb\xf5.\xa2\x15\x9bVr\x16\xcdnr\xf2R?Q#\xe8w%\x93\xb0c\xd7\xd7\x95\x16\x02 \x03\x97\xbb\xaa\x08,A\x8a\xa4\x0e\xc6\x14@\x1eO.\xfdy\x17\x91\xa4\x07V \xf7+^\x12\x13~.\x91')
(4, b"0E\x02!\x00\x83\xfc\xebp\x1f\x0eex\x93\x05D\x18\x8e*'\xbf5\x8b\xbd\xf1i\xff\x7f\xdd\x1e\xff\x8elbJ)o\x02 \\\xf8\xf1\xf2E\xfc\xf6A\xb7\xc6\xbc$\xc4\xdbD\xf3\x96\xe1S\xda\x069\xa3r\x87\x9eK\xbd\xf4O\xb1a")
(1, b'0E\x02!\x00\xb7~\x00\xffN\xcb\xf5.\xa2\x15\x9bVr\x16\xcdnr\xf2R?Q#\xe8w%\x93\xb0c\xd7\xd7\x95\x16\x02 \x03\x97\xbb\xaa\x08,A\x8a\xa4\x0e\xc6\x14@\x1eO.\xfdy\x17\x91\xa4\x07V \xf7+^\x12\x13~.\x91')
(4, b"0E\x02!\x00\x83\xfc\xebp\x1f\x0eex\x93\x05D\x18\x8e*'\xbf5\x8b\xbd\xf1i\xff\x7f\xdd\x1e\xff\x8elbJ)o\x02 \\\xf8\xf1\xf2E\xfc\xf6A\xb7\xc6\xbc$\xc4\xdbD\xf3\x96\xe1S\xda\x069\xa3r\x87\x9eK\xbd\xf4O\xb1a")
(1, b'0E\x02!\x00\xb7~\x00\xffN\xcb\xf5.\xa2\x15\x9bVr\x16\xcdnr\xf2R?Q#\xe8w%\x93\xb0c\xd7\xd7\x95\x16\x02 \x03\x97\xbb\xaa\x08,A\x8a\xa4\x0e\xc6\x14@\x1eO.\xfdy\x17\x91\xa4\x07V \xf7+^\x12\x13~.\x91')
(4, b"0E\x02!\x00\x83\xfc\xebp\x1f\x0eex\x93\x05D\x18\x8e*'\xbf5\x8b\xbd\xf1i\xff\x7f\xdd\x1e\xff\x8elbJ)o\x02 \\\xf8\xf1\xf2E\xfc\xf6A\xb7\xc6\xbc$\xc4\xdbD\xf3\x96\xe1S\xda\x069\xa3r\x87\x9eK\xbd\xf4O\xb1a")
(1, b'0E\x02!\x00\xb7~\x00\xffN\xcb\xf5.\xa2\x15\x9bVr\x16\xcdnr\xf2R?Q#\xe8w%\x93\xb0c\xd7\xd7\x95\x16\x02 \x03\x97\xbb\xaa\x08,A\x8a\xa4\x0e\xc6\x14@\x1eO.\xfdy\x17\x91\xa4\x07V \xf7+^\x12\x13~.\x91')
(4, b"0E\x02!\x00\x83\xfc\xebp\x1f\x0eex\x93\x05D\x18\x8e*'\xbf5\x8b\xbd\xf1i\xff\x7f\xdd\x1e\xff\x8elbJ)o\x02 \\\xf8\xf1\xf2E\xfc\xf6A\xb7\xc6\xbc$\xc4\xdbD\xf3\x96\xe1S\xda\x069\xa3r\x87\x9eK\xbd\xf4O\xb1a")
(1, b'0E\x02!\x00\xb7~\x00\xffN\xcb\xf5.\xa2\x15\x9bVr\x16\xcdnr\xf2R?Q#\xe8w%\x93\xb0c\xd7\xd7\x95\x16\x02 \x03\x97\xbb\xaa\x08,A\x8a\xa4\x0e\xc6\x14@\x1eO.\xfdy\x17\x91\xa4\x07V \xf7+^\x12\x13~.\x91')
(4, b"0E\x02!\x00\x83\xfc\xebp\x1f\x0eex\x93\x05D\x18\x8e*'\xbf5\x8b\xbd\xf1i\xff\x7f\xdd\x1e\xff\x8elbJ)o\x02 \\\xf8\xf1\xf2E\xfc\xf6A\xb7\xc6\xbc$\xc4\xdbD\xf3\x96\xe1S\xda\x069\xa3r\x87\x9eK\xbd\xf4O\xb1a")
(1, b'0E\x02!\x00\xb7~\x00\xffN\xcb\xf5.\xa2\x15\x9bVr\x16\xcdnr\xf2R?Q#\xe8w%\x93\xb0c\xd7\xd7\x95\x16\x02 \x03\x97\xbb\xaa\x08,A\x8a\xa4\x0e\xc6\x14@\x1eO.\xfdy\x17\x91\xa4\x07V \xf7+^\x12\x13~.\x91')
(4, b"0E\x02!\x00\x83\xfc\xebp\x1f\x0eex\x93\x05D\x18\x8e*'\xbf5\x8b\xbd\xf1i\xff\x7f\xdd\x1e\xff\x8elbJ)o\x02 \\\xf8\xf1\xf2E\xfc\xf6A\xb7\xc6\xbc$\xc4\xdbD\xf3\x96\xe1S\xda\x069\xa3r\x87\x9eK\xbd\xf4O\xb1a")
(1, b'0E\x02!\x00\xb7~\x00\xffN\xcb\xf5.\xa2\x15\x9bVr\x16\xcdnr\xf2R?Q#\xe8w%\x93\xb0c\xd7\xd7\x95\x16\x02 \x03\x97\xbb\xaa\x08,A\x8a\xa4\x0e\xc6\x14@\x1eO.\xfdy\x17\x91\xa4\x07V \xf7+^\x12\x13~.\x91')
(4, b"0E\x02!\x00\x83\xfc\xebp\x1f\x0eex\x93\x05D\x18\x8e*'\xbf5\x8b\xbd\xf1i\xff\x7f\xdd\x1e\xff\x8elbJ)o\x02 \\\xf8\xf1\xf2E\xfc\xf6A\xb7\xc6\xbc$\xc4\xdbD\xf3\x96\xe1S\xda\x069\xa3r\x87\x9eK\xbd\xf4O\xb1a")
(1, b'0E\x02!\x00\xb7~\x00\xffN\xcb\xf5.\xa2\x15\x9bVr\x16\xcdnr\xf2R?Q#\xe8w%\x93\xb0c\xd7\xd7\x95\x16\x02 \x03\x97\xbb\xaa\x08,A\x8a\xa4\x0e\xc6\x14@\x1eO.\xfdy\x17\x91\xa4\x07V \xf7+^\x12\x13~.\x91')
(4, b"0E\x02!\x00\x83\xfc\xebp\x1f\x0eex\x93\x05D\x18\x8e*'\xbf5\x8b\xbd\xf1i\xff\x7f\xdd\x1e\xff\x8elbJ)o\x02 \\\xf8\xf1\xf2E\xfc\xf6A\xb7\xc6\xbc$\xc4\xdbD\xf3\x96\xe1S\xda\x069\xa3r\x87\x9eK\xbd\xf4O\xb1a")
(1, b'0E\x02!\x00\xb7~\x00\xffN\xcb\xf5.\xa2\x15\x9bVr\x16\xcdnr\xf2R?Q#\xe8w%\x93\xb0c\xd7\xd7\x95\x16\x02 \x03\x97\xbb\xaa\x08,A\x8a\xa4\x0e\xc6\x14@\x1eO.\xfdy\x17\x91\xa4\x07V \xf7+^\x12\x13~.\x91')
(4, b"0E\x02!\x00\x83\xfc\xebp\x1f\x0eex\x93\x05D\x18\x8e*'\xbf5\x8b\xbd\xf1i\xff\x7f\xdd\x1e\xff\x8elbJ)o\x02 \\\xf8\xf1\xf2E\xfc\xf6A\xb7\xc6\xbc$\xc4\xdbD\xf3\x96\xe1S\xda\x069\xa3r\x87\x9eK\xbd\xf4O\xb1a")
(1, b'0E\x02!\x00\xb7~\x00\xffN\xcb\xf5.\xa2\x15\x9bVr\x16\xcdnr\xf2R?Q#\xe8w%\x93\xb0c\xd7\xd7\x95\x16\x02 \x03\x97\xbb\xaa\x08,A\x8a\xa4\x0e\xc6\x14@\x1eO.\xfdy\x17\x91\xa4\x07V \xf7+^\x12\x13~.\x91')
(4, b"0E\x02!\x00\x83\xfc\xebp\x1f\x0eex\x93\x05D\x18\x8e*'\xbf5\x8b\xbd\xf1i\xff\x7f\xdd\x1e\xff\x8elbJ)o\x02 \\\xf8\xf1\xf2E\xfc\xf6A\xb7\xc6\xbc$\xc4\xdbD\xf3\x96\xe1S\xda\x069\xa3r\x87\x9eK\xbd\xf4O\xb1a")
(1, b'0E\x02!\x00\xb7~\x00\xffN\xcb\xf5.\xa2\x15\x9bVr\x16\xcdnr\xf2R?Q#\xe8w%\x93\xb0c\xd7\xd7\x95\x16\x02 \x03\x97\xbb\xaa\x08,A\x8a\xa4\x0e\xc6\x14@\x1eO.\xfdy\x17\x91\xa4\x07V \xf7+^\x12\x13~.\x91')
(4, b"0E\x02!\x00\x83\xfc\xebp\x1f\x0eex\x93\x05D\x18\x8e*'\xbf5\x8b\xbd\xf1i\xff\x7f\xdd\x1e\xff\x8elbJ)o\x02 \\\xf8\xf1\xf2E\xfc\xf6A\xb7\xc6\xbc$\xc4\xdbD\xf3\x96\xe1S\xda\x069\xa3r\x87\x9eK\xbd\xf4O\xb1a")
(1, b'0E\x02!\x00\xb7~\x00\xffN\xcb\xf5.\xa2\x15\x9bVr\x16\xcdnr\xf2R?Q#\xe8w%\x93\xb0c\xd7\xd7\x95\x16\x02 \x03\x97\xbb\xaa\x08,A\x8a\xa4\x0e\xc6\x14@\x1eO.\xfdy\x17\x91\xa4\x07V \xf7+^\x12\x13~.\x91')
(4, b"0E\x02!\x00\x83\xfc\xebp\x1f\x0eex\x93\x05D\x18\x8e*'\xbf5\x8b\xbd\xf1i\xff\x7f\xdd\x1e\xff\x8elbJ)o\x02 \\\xf8\xf1\xf2E\xfc\xf6A\xb7\xc6\xbc$\xc4\xdbD\xf3\x96\xe1S\xda\x069\xa3r\x87\x9eK\xbd\xf4O\xb1a")
(1, b'0E\x02!\x00\xb7~\x00\xffN\xcb\xf5.\xa2\x15\x9bVr\x16\xcdnr\xf2R?Q#\xe8w%\x93\xb0c\xd7\xd7\x95\x16\x02 \x03\x97\xbb\xaa\x08,A\x8a\xa4\x0e\xc6\x14@\x1eO.\xfdy\x17\x91\xa4\x07V \xf7+^\x12\x13~.\x91')
4 config verify passed!!!!
Node 4 read a proofchain using 0.006940 sec
4 start to run round 14 C: [0, 1, 2, 3, 4, 5, 6] N: 7
old [0, 1, 2, 3, 4, 5, 6]
new [0, 1, 2, 3, 4, 5, 6]
run round 14 adkr round taking 0.927213 sec
pc size for round 14 is 64298
(4, b"0E\x02!\x00\x83\xfc\xebp\x1f\x0eex\x93\x05D\x18\x8e*'\xbf5\x8b\xbd\xf1i\xff\x7f\xdd\x1e\xff\x8elbJ)o\x02 \\\xf8\xf1\xf2E\xfc\xf6A\xb7\xc6\xbc$\xc4\xdbD\xf3\x96\xe1S\xda\x069\xa3r\x87\x9eK\xbd\xf4O\xb1a")
(1, b'0E\x02!\x00\xb7~\x00\xffN\xcb\xf5.\xa2\x15\x9bVr\x16\xcdnr\xf2R?Q#\xe8w%\x93\xb0c\xd7\xd7\x95\x16\x02 \x03\x97\xbb\xaa\x08,A\x8a\xa4\x0e\xc6\x14@\x1eO.\xfdy\x17\x91\xa4\x07V \xf7+^\x12\x13~.\x91')
(4, b"0E\x02!\x00\x83\xfc\xebp\x1f\x0eex\x93\x05D\x18\x8e*'\xbf5\x8b\xbd\xf1i\xff\x7f\xdd\x1e\xff\x8elbJ)o\x02 \\\xf8\xf1\xf2E\xfc\xf6A\xb7\xc6\xbc$\xc4\xdbD\xf3\x96\xe1S\xda\x069\xa3r\x87\x9eK\xbd\xf4O\xb1a")
(1, b'0E\x02!\x00\xb7~\x00\xffN\xcb\xf5.\xa2\x15\x9bVr\x16\xcdnr\xf2R?Q#\xe8w%\x93\xb0c\xd7\xd7\x95\x16\x02 \x03\x97\xbb\xaa\x08,A\x8a\xa4\x0e\xc6\x14@\x1eO.\xfdy\x17\x91\xa4\x07V \xf7+^\x12\x13~.\x91')
(4, b"0E\x02!\x00\x83\xfc\xebp\x1f\x0eex\x93\x05D\x18\x8e*'\xbf5\x8b\xbd\xf1i\xff\x7f\xdd\x1e\xff\x8elbJ)o\x02 \\\xf8\xf1\xf2E\xfc\xf6A\xb7\xc6\xbc$\xc4\xdbD\xf3\x96\xe1S\xda\x069\xa3r\x87\x9eK\xbd\xf4O\xb1a")
(1, b'0E\x02!\x00\xb7~\x00\xffN\xcb\xf5.\xa2\x15\x9bVr\x16\xcdnr\xf2R?Q#\xe8w%\x93\xb0c\xd7\xd7\x95\x16\x02 \x03\x97\xbb\xaa\x08,A\x8a\xa4\x0e\xc6\x14@\x1eO.\xfdy\x17\x91\xa4\x07V \xf7+^\x12\x13~.\x91')
(4, b"0E\x02!\x00\x83\xfc\xebp\x1f\x0eex\x93\x05D\x18\x8e*'\xbf5\x8b\xbd\xf1i\xff\x7f\xdd\x1e\xff\x8elbJ)o\x02 \\\xf8\xf1\xf2E\xfc\xf6A\xb7\xc6\xbc$\xc4\xdbD\xf3\x96\xe1S\xda\x069\xa3r\x87\x9eK\xbd\xf4O\xb1a")
(1, b'0E\x02!\x00\xb7~\x00\xffN\xcb\xf5.\xa2\x15\x9bVr\x16\xcdnr\xf2R?Q#\xe8w%\x93\xb0c\xd7\xd7\x95\x16\x02 \x03\x97\xbb\xaa\x08,A\x8a\xa4\x0e\xc6\x14@\x1eO.\xfdy\x17\x91\xa4\x07V \xf7+^\x12\x13~.\x91')
(4, b"0E\x02!\x00\x83\xfc\xebp\x1f\x0eex\x93\x05D\x18\x8e*'\xbf5\x8b\xbd\xf1i\xff\x7f\xdd\x1e\xff\x8elbJ)o\x02 \\\xf8\xf1\xf2E\xfc\xf6A\xb7\xc6\xbc$\xc4\xdbD\xf3\x96\xe1S\xda\x069\xa3r\x87\x9eK\xbd\xf4O\xb1a")
(1, b'0E\x02!\x00\xb7~\x00\xffN\xcb\xf5.\xa2\x15\x9bVr\x16\xcdnr\xf2R?Q#\xe8w%\x93\xb0c\xd7\xd7\x95\x16\x02 \x03\x97\xbb\xaa\x08,A\x8a\xa4\x0e\xc6\x14@\x1eO.\xfdy\x17\x91\xa4\x07V \xf7+^\x12\x13~.\x91')
(4, b"0E\x02!\x00\x83\xfc\xebp\x1f\x0eex\x93\x05D\x18\x8e*'\xbf5\x8b\xbd\xf1i\xff\x7f\xdd\x1e\xff\x8elbJ)o\x02 \\\xf8\xf1\xf2E\xfc\xf6A\xb7\xc6\xbc$\xc4\xdbD\xf3\x96\xe1S\xda\x069\xa3r\x87\x9eK\xbd\xf4O\xb1a")
(1, b'0E\x02!\x00\xb7~\x00\xffN\xcb\xf5.\xa2\x15\x9bVr\x16\xcdnr\xf2R?Q#\xe8w%\x93\xb0c\xd7\xd7\x95\x16\x02 \x03\x97\xbb\xaa\x08,A\x8a\xa4\x0e\xc6\x14@\x1eO.\xfdy\x17\x91\xa4\x07V \xf7+^\x12\x13~.\x91')
(4, b"0E\x02!\x00\x83\xfc\xebp\x1f\x0eex\x93\x05D\x18\x8e*'\xbf5\x8b\xbd\xf1i\xff\x7f\xdd\x1e\xff\x8elbJ)o\x02 \\\xf8\xf1\xf2E\xfc\xf6A\xb7\xc6\xbc$\xc4\xdbD\xf3\x96\xe1S\xda\x069\xa3r\x87\x9eK\xbd\xf4O\xb1a")
(1, b'0E\x02!\x00\xb7~\x00\xffN\xcb\xf5.\xa2\x15\x9bVr\x16\xcdnr\xf2R?Q#\xe8w%\x93\xb0c\xd7\xd7\x95\x16\x02 \x03\x97\xbb\xaa\x08,A\x8a\xa4\x0e\xc6\x14@\x1eO.\xfdy\x17\x91\xa4\x07V \xf7+^\x12\x13~.\x91')
(4, b"0E\x02!\x00\x83\xfc\xebp\x1f\x0eex\x93\x05D\x18\x8e*'\xbf5\x8b\xbd\xf1i\xff\x7f\xdd\x1e\xff\x8elbJ)o\x02 \\\xf8\xf1\xf2E\xfc\xf6A\xb7\xc6\xbc$\xc4\xdbD\xf3\x96\xe1S\xda\x069\xa3r\x87\x9eK\xbd\xf4O\xb1a")
(1, b'0E\x02!\x00\xb7~\x00\xffN\xcb\xf5.\xa2\x15\x9bVr\x16\xcdnr\xf2R?Q#\xe8w%\x93\xb0c\xd7\xd7\x95\x16\x02 \x03\x97\xbb\xaa\x08,A\x8a\xa4\x0e\xc6\x14@\x1eO.\xfdy\x17\x91\xa4\x07V \xf7+^\x12\x13~.\x91')
(4, b"0E\x02!\x00\x83\xfc\xebp\x1f\x0eex\x93\x05D\x18\x8e*'\xbf5\x8b\xbd\xf1i\xff\x7f\xdd\x1e\xff\x8elbJ)o\x02 \\\xf8\xf1\xf2E\xfc\xf6A\xb7\xc6\xbc$\xc4\xdbD\xf3\x96\xe1S\xda\x069\xa3r\x87\x9eK\xbd\xf4O\xb1a")
(1, b'0E\x02!\x00\xb7~\x00\xffN\xcb\xf5.\xa2\x15\x9bVr\x16\xcdnr\xf2R?Q#\xe8w%\x93\xb0c\xd7\xd7\x95\x16\x02 \x03\x97\xbb\xaa\x08,A\x8a\xa4\x0e\xc6\x14@\x1eO.\xfdy\x17\x91\xa4\x07V \xf7+^\x12\x13~.\x91')
(4, b"0E\x02!\x00\x83\xfc\xebp\x1f\x0eex\x93\x05D\x18\x8e*'\xbf5\x8b\xbd\xf1i\xff\x7f\xdd\x1e\xff\x8elbJ)o\x02 \\\xf8\xf1\xf2E\xfc\xf6A\xb7\xc6\xbc$\xc4\xdbD\xf3\x96\xe1S\xda\x069\xa3r\x87\x9eK\xbd\xf4O\xb1a")
(1, b'0E\x02!\x00\xb7~\x00\xffN\xcb\xf5.\xa2\x15\x9bVr\x16\xcdnr\xf2R?Q#\xe8w%\x93\xb0c\xd7\xd7\x95\x16\x02 \x03\x97\xbb\xaa\x08,A\x8a\xa4\x0e\xc6\x14@\x1eO.\xfdy\x17\x91\xa4\x07V \xf7+^\x12\x13~.\x91')
(4, b"0E\x02!\x00\x83\xfc\xebp\x1f\x0eex\x93\x05D\x18\x8e*'\xbf5\x8b\xbd\xf1i\xff\x7f\xdd\x1e\xff\x8elbJ)o\x02 \\\xf8\xf1\xf2E\xfc\xf6A\xb7\xc6\xbc$\xc4\xdbD\xf3\x96\xe1S\xda\x069\xa3r\x87\x9eK\xbd\xf4O\xb1a")
(1, b'0E\x02!\x00\xb7~\x00\xffN\xcb\xf5.\xa2\x15\x9bVr\x16\xcdnr\xf2R?Q#\xe8w%\x93\xb0c\xd7\xd7\x95\x16\x02 \x03\x97\xbb\xaa\x08,A\x8a\xa4\x0e\xc6\x14@\x1eO.\xfdy\x17\x91\xa4\x07V \xf7+^\x12\x13~.\x91')
(4, b"0E\x02!\x00\x83\xfc\xebp\x1f\x0eex\x93\x05D\x18\x8e*'\xbf5\x8b\xbd\xf1i\xff\x7f\xdd\x1e\xff\x8elbJ)o\x02 \\\xf8\xf1\xf2E\xfc\xf6A\xb7\xc6\xbc$\xc4\xdbD\xf3\x96\xe1S\xda\x069\xa3r\x87\x9eK\xbd\xf4O\xb1a")
(1, b'0E\x02!\x00\xb7~\x00\xffN\xcb\xf5.\xa2\x15\x9bVr\x16\xcdnr\xf2R?Q#\xe8w%\x93\xb0c\xd7\xd7\x95\x16\x02 \x03\x97\xbb\xaa\x08,A\x8a\xa4\x0e\xc6\x14@\x1eO.\xfdy\x17\x91\xa4\x07V \xf7+^\x12\x13~.\x91')
(4, b"0E\x02!\x00\x83\xfc\xebp\x1f\x0eex\x93\x05D\x18\x8e*'\xbf5\x8b\xbd\xf1i\xff\x7f\xdd\x1e\xff\x8elbJ)o\x02 \\\xf8\xf1\xf2E\xfc\xf6A\xb7\xc6\xbc$\xc4\xdbD\xf3\x96\xe1S\xda\x069\xa3r\x87\x9eK\xbd\xf4O\xb1a")
(1, b'0E\x02!\x00\xb7~\x00\xffN\xcb\xf5.\xa2\x15\x9bVr\x16\xcdnr\xf2R?Q#\xe8w%\x93\xb0c\xd7\xd7\x95\x16\x02 \x03\x97\xbb\xaa\x08,A\x8a\xa4\x0e\xc6\x14@\x1eO.\xfdy\x17\x91\xa4\x07V \xf7+^\x12\x13~.\x91')
(4, b"0E\x02!\x00\x83\xfc\xebp\x1f\x0eex\x93\x05D\x18\x8e*'\xbf5\x8b\xbd\xf1i\xff\x7f\xdd\x1e\xff\x8elbJ)o\x02 \\\xf8\xf1\xf2E\xfc\xf6A\xb7\xc6\xbc$\xc4\xdbD\xf3\x96\xe1S\xda\x069\xa3r\x87\x9eK\xbd\xf4O\xb1a")
(1, b'0E\x02!\x00\xb7~\x00\xffN\xcb\xf5.\xa2\x15\x9bVr\x16\xcdnr\xf2R?Q#\xe8w%\x93\xb0c\xd7\xd7\x95\x16\x02 \x03\x97\xbb\xaa\x08,A\x8a\xa4\x0e\xc6\x14@\x1eO.\xfdy\x17\x91\xa4\x07V \xf7+^\x12\x13~.\x91')
(4, b"0E\x02!\x00\x83\xfc\xebp\x1f\x0eex\x93\x05D\x18\x8e*'\xbf5\x8b\xbd\xf1i\xff\x7f\xdd\x1e\xff\x8elbJ)o\x02 \\\xf8\xf1\xf2E\xfc\xf6A\xb7\xc6\xbc$\xc4\xdbD\xf3\x96\xe1S\xda\x069\xa3r\x87\x9eK\xbd\xf4O\xb1a")
(1, b'0E\x02!\x00\xb7~\x00\xffN\xcb\xf5.\xa2\x15\x9bVr\x16\xcdnr\xf2R?Q#\xe8w%\x93\xb0c\xd7\xd7\x95\x16\x02 \x03\x97\xbb\xaa\x08,A\x8a\xa4\x0e\xc6\x14@\x1eO.\xfdy\x17\x91\xa4\x07V \xf7+^\x12\x13~.\x91')
4 config verify passed!!!!
Node 4 read a proofchain using 0.007227 sec
4 start to run round 15 C: [0, 1, 2, 3, 4, 5, 6] N: 7
old [0, 1, 2, 3, 4, 5, 6]
new [0, 1, 2, 3, 4, 5, 6]
run round 15 adkr round taking 0.928518 sec
pc size for round 15 is 68568
(4, b"0E\x02!\x00\x83\xfc\xebp\x1f\x0eex\x93\x05D\x18\x8e*'\xbf5\x8b\xbd\xf1i\xff\x7f\xdd\x1e\xff\x8elbJ)o\x02 \\\xf8\xf1\xf2E\xfc\xf6A\xb7\xc6\xbc$\xc4\xdbD\xf3\x96\xe1S\xda\x069\xa3r\x87\x9eK\xbd\xf4O\xb1a")
(1, b'0E\x02!\x00\xb7~\x00\xffN\xcb\xf5.\xa2\x15\x9bVr\x16\xcdnr\xf2R?Q#\xe8w%\x93\xb0c\xd7\xd7\x95\x16\x02 \x03\x97\xbb\xaa\x08,A\x8a\xa4\x0e\xc6\x14@\x1eO.\xfdy\x17\x91\xa4\x07V \xf7+^\x12\x13~.\x91')
(4, b"0E\x02!\x00\x83\xfc\xebp\x1f\x0eex\x93\x05D\x18\x8e*'\xbf5\x8b\xbd\xf1i\xff\x7f\xdd\x1e\xff\x8elbJ)o\x02 \\\xf8\xf1\xf2E\xfc\xf6A\xb7\xc6\xbc$\xc4\xdbD\xf3\x96\xe1S\xda\x069\xa3r\x87\x9eK\xbd\xf4O\xb1a")
(1, b'0E\x02!\x00\xb7~\x00\xffN\xcb\xf5.\xa2\x15\x9bVr\x16\xcdnr\xf2R?Q#\xe8w%\x93\xb0c\xd7\xd7\x95\x16\x02 \x03\x97\xbb\xaa\x08,A\x8a\xa4\x0e\xc6\x14@\x1eO.\xfdy\x17\x91\xa4\x07V \xf7+^\x12\x13~.\x91')
(4, b"0E\x02!\x00\x83\xfc\xebp\x1f\x0eex\x93\x05D\x18\x8e*'\xbf5\x8b\xbd\xf1i\xff\x7f\xdd\x1e\xff\x8elbJ)o\x02 \\\xf8\xf1\xf2E\xfc\xf6A\xb7\xc6\xbc$\xc4\xdbD\xf3\x96\xe1S\xda\x069\xa3r\x87\x9eK\xbd\xf4O\xb1a")
(1, b'0E\x02!\x00\xb7~\x00\xffN\xcb\xf5.\xa2\x15\x9bVr\x16\xcdnr\xf2R?Q#\xe8w%\x93\xb0c\xd7\xd7\x95\x16\x02 \x03\x97\xbb\xaa\x08,A\x8a\xa4\x0e\xc6\x14@\x1eO.\xfdy\x17\x91\xa4\x07V \xf7+^\x12\x13~.\x91')
(4, b"0E\x02!\x00\x83\xfc\xebp\x1f\x0eex\x93\x05D\x18\x8e*'\xbf5\x8b\xbd\xf1i\xff\x7f\xdd\x1e\xff\x8elbJ)o\x02 \\\xf8\xf1\xf2E\xfc\xf6A\xb7\xc6\xbc$\xc4\xdbD\xf3\x96\xe1S\xda\x069\xa3r\x87\x9eK\xbd\xf4O\xb1a")
(1, b'0E\x02!\x00\xb7~\x00\xffN\xcb\xf5.\xa2\x15\x9bVr\x16\xcdnr\xf2R?Q#\xe8w%\x93\xb0c\xd7\xd7\x95\x16\x02 \x03\x97\xbb\xaa\x08,A\x8a\xa4\x0e\xc6\x14@\x1eO.\xfdy\x17\x91\xa4\x07V \xf7+^\x12\x13~.\x91')
(4, b"0E\x02!\x00\x83\xfc\xebp\x1f\x0eex\x93\x05D\x18\x8e*'\xbf5\x8b\xbd\xf1i\xff\x7f\xdd\x1e\xff\x8elbJ)o\x02 \\\xf8\xf1\xf2E\xfc\xf6A\xb7\xc6\xbc$\xc4\xdbD\xf3\x96\xe1S\xda\x069\xa3r\x87\x9eK\xbd\xf4O\xb1a")
(1, b'0E\x02!\x00\xb7~\x00\xffN\xcb\xf5.\xa2\x15\x9bVr\x16\xcdnr\xf2R?Q#\xe8w%\x93\xb0c\xd7\xd7\x95\x16\x02 \x03\x97\xbb\xaa\x08,A\x8a\xa4\x0e\xc6\x14@\x1eO.\xfdy\x17\x91\xa4\x07V \xf7+^\x12\x13~.\x91')
(4, b"0E\x02!\x00\x83\xfc\xebp\x1f\x0eex\x93\x05D\x18\x8e*'\xbf5\x8b\xbd\xf1i\xff\x7f\xdd\x1e\xff\x8elbJ)o\x02 \\\xf8\xf1\xf2E\xfc\xf6A\xb7\xc6\xbc$\xc4\xdbD\xf3\x96\xe1S\xda\x069\xa3r\x87\x9eK\xbd\xf4O\xb1a")
(1, b'0E\x02!\x00\xb7~\x00\xffN\xcb\xf5.\xa2\x15\x9bVr\x16\xcdnr\xf2R?Q#\xe8w%\x93\xb0c\xd7\xd7\x95\x16\x02 \x03\x97\xbb\xaa\x08,A\x8a\xa4\x0e\xc6\x14@\x1eO.\xfdy\x17\x91\xa4\x07V \xf7+^\x12\x13~.\x91')
(4, b"0E\x02!\x00\x83\xfc\xebp\x1f\x0eex\x93\x05D\x18\x8e*'\xbf5\x8b\xbd\xf1i\xff\x7f\xdd\x1e\xff\x8elbJ)o\x02 \\\xf8\xf1\xf2E\xfc\xf6A\xb7\xc6\xbc$\xc4\xdbD\xf3\x96\xe1S\xda\x069\xa3r\x87\x9eK\xbd\xf4O\xb1a")
(1, b'0E\x02!\x00\xb7~\x00\xffN\xcb\xf5.\xa2\x15\x9bVr\x16\xcdnr\xf2R?Q#\xe8w%\x93\xb0c\xd7\xd7\x95\x16\x02 \x03\x97\xbb\xaa\x08,A\x8a\xa4\x0e\xc6\x14@\x1eO.\xfdy\x17\x91\xa4\x07V \xf7+^\x12\x13~.\x91')
(4, b"0E\x02!\x00\x83\xfc\xebp\x1f\x0eex\x93\x05D\x18\x8e*'\xbf5\x8b\xbd\xf1i\xff\x7f\xdd\x1e\xff\x8elbJ)o\x02 \\\xf8\xf1\xf2E\xfc\xf6A\xb7\xc6\xbc$\xc4\xdbD\xf3\x96\xe1S\xda\x069\xa3r\x87\x9eK\xbd\xf4O\xb1a")
(1, b'0E\x02!\x00\xb7~\x00\xffN\xcb\xf5.\xa2\x15\x9bVr\x16\xcdnr\xf2R?Q#\xe8w%\x93\xb0c\xd7\xd7\x95\x16\x02 \x03\x97\xbb\xaa\x08,A\x8a\xa4\x0e\xc6\x14@\x1eO.\xfdy\x17\x91\xa4\x07V \xf7+^\x12\x13~.\x91')
(4, b"0E\x02!\x00\x83\xfc\xebp\x1f\x0eex\x93\x05D\x18\x8e*'\xbf5\x8b\xbd\xf1i\xff\x7f\xdd\x1e\xff\x8elbJ)o\x02 \\\xf8\xf1\xf2E\xfc\xf6A\xb7\xc6\xbc$\xc4\xdbD\xf3\x96\xe1S\xda\x069\xa3r\x87\x9eK\xbd\xf4O\xb1a")
(1, b'0E\x02!\x00\xb7~\x00\xffN\xcb\xf5.\xa2\x15\x9bVr\x16\xcdnr\xf2R?Q#\xe8w%\x93\xb0c\xd7\xd7\x95\x16\x02 \x03\x97\xbb\xaa\x08,A\x8a\xa4\x0e\xc6\x14@\x1eO.\xfdy\x17\x91\xa4\x07V \xf7+^\x12\x13~.\x91')
(4, b"0E\x02!\x00\x83\xfc\xebp\x1f\x0eex\x93\x05D\x18\x8e*'\xbf5\x8b\xbd\xf1i\xff\x7f\xdd\x1e\xff\x8elbJ)o\x02 \\\xf8\xf1\xf2E\xfc\xf6A\xb7\xc6\xbc$\xc4\xdbD\xf3\x96\xe1S\xda\x069\xa3r\x87\x9eK\xbd\xf4O\xb1a")
(1, b'0E\x02!\x00\xb7~\x00\xffN\xcb\xf5.\xa2\x15\x9bVr\x16\xcdnr\xf2R?Q#\xe8w%\x93\xb0c\xd7\xd7\x95\x16\x02 \x03\x97\xbb\xaa\x08,A\x8a\xa4\x0e\xc6\x14@\x1eO.\xfdy\x17\x91\xa4\x07V \xf7+^\x12\x13~.\x91')
(4, b"0E\x02!\x00\x83\xfc\xebp\x1f\x0eex\x93\x05D\x18\x8e*'\xbf5\x8b\xbd\xf1i\xff\x7f\xdd\x1e\xff\x8elbJ)o\x02 \\\xf8\xf1\xf2E\xfc\xf6A\xb7\xc6\xbc$\xc4\xdbD\xf3\x96\xe1S\xda\x069\xa3r\x87\x9eK\xbd\xf4O\xb1a")
(1, b'0E\x02!\x00\xb7~\x00\xffN\xcb\xf5.\xa2\x15\x9bVr\x16\xcdnr\xf2R?Q#\xe8w%\x93\xb0c\xd7\xd7\x95\x16\x02 \x03\x97\xbb\xaa\x08,A\x8a\xa4\x0e\xc6\x14@\x1eO.\xfdy\x17\x91\xa4\x07V \xf7+^\x12\x13~.\x91')
(4, b"0E\x02!\x00\x83\xfc\xebp\x1f\x0eex\x93\x05D\x18\x8e*'\xbf5\x8b\xbd\xf1i\xff\x7f\xdd\x1e\xff\x8elbJ)o\x02 \\\xf8\xf1\xf2E\xfc\xf6A\xb7\xc6\xbc$\xc4\xdbD\xf3\x96\xe1S\xda\x069\xa3r\x87\x9eK\xbd\xf4O\xb1a")
(1, b'0E\x02!\x00\xb7~\x00\xffN\xcb\xf5.\xa2\x15\x9bVr\x16\xcdnr\xf2R?Q#\xe8w%\x93\xb0c\xd7\xd7\x95\x16\x02 \x03\x97\xbb\xaa\x08,A\x8a\xa4\x0e\xc6\x14@\x1eO.\xfdy\x17\x91\xa4\x07V \xf7+^\x12\x13~.\x91')
(4, b"0E\x02!\x00\x83\xfc\xebp\x1f\x0eex\x93\x05D\x18\x8e*'\xbf5\x8b\xbd\xf1i\xff\x7f\xdd\x1e\xff\x8elbJ)o\x02 \\\xf8\xf1\xf2E\xfc\xf6A\xb7\xc6\xbc$\xc4\xdbD\xf3\x96\xe1S\xda\x069\xa3r\x87\x9eK\xbd\xf4O\xb1a")
(1, b'0E\x02!\x00\xb7~\x00\xffN\xcb\xf5.\xa2\x15\x9bVr\x16\xcdnr\xf2R?Q#\xe8w%\x93\xb0c\xd7\xd7\x95\x16\x02 \x03\x97\xbb\xaa\x08,A\x8a\xa4\x0e\xc6\x14@\x1eO.\xfdy\x17\x91\xa4\x07V \xf7+^\x12\x13~.\x91')
(4, b"0E\x02!\x00\x83\xfc\xebp\x1f\x0eex\x93\x05D\x18\x8e*'\xbf5\x8b\xbd\xf1i\xff\x7f\xdd\x1e\xff\x8elbJ)o\x02 \\\xf8\xf1\xf2E\xfc\xf6A\xb7\xc6\xbc$\xc4\xdbD\xf3\x96\xe1S\xda\x069\xa3r\x87\x9eK\xbd\xf4O\xb1a")
(1, b'0E\x02!\x00\xb7~\x00\xffN\xcb\xf5.\xa2\x15\x9bVr\x16\xcdnr\xf2R?Q#\xe8w%\x93\xb0c\xd7\xd7\x95\x16\x02 \x03\x97\xbb\xaa\x08,A\x8a\xa4\x0e\xc6\x14@\x1eO.\xfdy\x17\x91\xa4\x07V \xf7+^\x12\x13~.\x91')
(4, b"0E\x02!\x00\x83\xfc\xebp\x1f\x0eex\x93\x05D\x18\x8e*'\xbf5\x8b\xbd\xf1i\xff\x7f\xdd\x1e\xff\x8elbJ)o\x02 \\\xf8\xf1\xf2E\xfc\xf6A\xb7\xc6\xbc$\xc4\xdbD\xf3\x96\xe1S\xda\x069\xa3r\x87\x9eK\xbd\xf4O\xb1a")
(1, b'0E\x02!\x00\xb7~\x00\xffN\xcb\xf5.\xa2\x15\x9bVr\x16\xcdnr\xf2R?Q#\xe8w%\x93\xb0c\xd7\xd7\x95\x16\x02 \x03\x97\xbb\xaa\x08,A\x8a\xa4\x0e\xc6\x14@\x1eO.\xfdy\x17\x91\xa4\x07V \xf7+^\x12\x13~.\x91')
(4, b"0E\x02!\x00\x83\xfc\xebp\x1f\x0eex\x93\x05D\x18\x8e*'\xbf5\x8b\xbd\xf1i\xff\x7f\xdd\x1e\xff\x8elbJ)o\x02 \\\xf8\xf1\xf2E\xfc\xf6A\xb7\xc6\xbc$\xc4\xdbD\xf3\x96\xe1S\xda\x069\xa3r\x87\x9eK\xbd\xf4O\xb1a")
(1, b'0E\x02!\x00\xb7~\x00\xffN\xcb\xf5.\xa2\x15\x9bVr\x16\xcdnr\xf2R?Q#\xe8w%\x93\xb0c\xd7\xd7\x95\x16\x02 \x03\x97\xbb\xaa\x08,A\x8a\xa4\x0e\xc6\x14@\x1eO.\xfdy\x17\x91\xa4\x07V \xf7+^\x12\x13~.\x91')
4 config verify passed!!!!
Node 4 read a proofchain using 0.007782 sec
4 start to run round 16 C: [0, 1, 2, 3, 4, 5, 6] N: 7
old [0, 1, 2, 3, 4, 5, 6]
new [0, 1, 2, 3, 4, 5, 6]
run round 16 adkr round taking 0.991322 sec
pc size for round 16 is 72830
(4, b"0E\x02!\x00\x83\xfc\xebp\x1f\x0eex\x93\x05D\x18\x8e*'\xbf5\x8b\xbd\xf1i\xff\x7f\xdd\x1e\xff\x8elbJ)o\x02 \\\xf8\xf1\xf2E\xfc\xf6A\xb7\xc6\xbc$\xc4\xdbD\xf3\x96\xe1S\xda\x069\xa3r\x87\x9eK\xbd\xf4O\xb1a")
(1, b'0E\x02!\x00\xb7~\x00\xffN\xcb\xf5.\xa2\x15\x9bVr\x16\xcdnr\xf2R?Q#\xe8w%\x93\xb0c\xd7\xd7\x95\x16\x02 \x03\x97\xbb\xaa\x08,A\x8a\xa4\x0e\xc6\x14@\x1eO.\xfdy\x17\x91\xa4\x07V \xf7+^\x12\x13~.\x91')
(4, b"0E\x02!\x00\x83\xfc\xebp\x1f\x0eex\x93\x05D\x18\x8e*'\xbf5\x8b\xbd\xf1i\xff\x7f\xdd\x1e\xff\x8elbJ)o\x02 \\\xf8\xf1\xf2E\xfc\xf6A\xb7\xc6\xbc$\xc4\xdbD\xf3\x96\xe1S\xda\x069\xa3r\x87\x9eK\xbd\xf4O\xb1a")
(1, b'0E\x02!\x00\xb7~\x00\xffN\xcb\xf5.\xa2\x15\x9bVr\x16\xcdnr\xf2R?Q#\xe8w%\x93\xb0c\xd7\xd7\x95\x16\x02 \x03\x97\xbb\xaa\x08,A\x8a\xa4\x0e\xc6\x14@\x1eO.\xfdy\x17\x91\xa4\x07V \xf7+^\x12\x13~.\x91')
(4, b"0E\x02!\x00\x83\xfc\xebp\x1f\x0eex\x93\x05D\x18\x8e*'\xbf5\x8b\xbd\xf1i\xff\x7f\xdd\x1e\xff\x8elbJ)o\x02 \\\xf8\xf1\xf2E\xfc\xf6A\xb7\xc6\xbc$\xc4\xdbD\xf3\x96\xe1S\xda\x069\xa3r\x87\x9eK\xbd\xf4O\xb1a")
(1, b'0E\x02!\x00\xb7~\x00\xffN\xcb\xf5.\xa2\x15\x9bVr\x16\xcdnr\xf2R?Q#\xe8w%\x93\xb0c\xd7\xd7\x95\x16\x02 \x03\x97\xbb\xaa\x08,A\x8a\xa4\x0e\xc6\x14@\x1eO.\xfdy\x17\x91\xa4\x07V \xf7+^\x12\x13~.\x91')
(4, b"0E\x02!\x00\x83\xfc\xebp\x1f\x0eex\x93\x05D\x18\x8e*'\xbf5\x8b\xbd\xf1i\xff\x7f\xdd\x1e\xff\x8elbJ)o\x02 \\\xf8\xf1\xf2E\xfc\xf6A\xb7\xc6\xbc$\xc4\xdbD\xf3\x96\xe1S\xda\x069\xa3r\x87\x9eK\xbd\xf4O\xb1a")
(1, b'0E\x02!\x00\xb7~\x00\xffN\xcb\xf5.\xa2\x15\x9bVr\x16\xcdnr\xf2R?Q#\xe8w%\x93\xb0c\xd7\xd7\x95\x16\x02 \x03\x97\xbb\xaa\x08,A\x8a\xa4\x0e\xc6\x14@\x1eO.\xfdy\x17\x91\xa4\x07V \xf7+^\x12\x13~.\x91')
(4, b"0E\x02!\x00\x83\xfc\xebp\x1f\x0eex\x93\x05D\x18\x8e*'\xbf5\x8b\xbd\xf1i\xff\x7f\xdd\x1e\xff\x8elbJ)o\x02 \\\xf8\xf1\xf2E\xfc\xf6A\xb7\xc6\xbc$\xc4\xdbD\xf3\x96\xe1S\xda\x069\xa3r\x87\x9eK\xbd\xf4O\xb1a")
(1, b'0E\x02!\x00\xb7~\x00\xffN\xcb\xf5.\xa2\x15\x9bVr\x16\xcdnr\xf2R?Q#\xe8w%\x93\xb0c\xd7\xd7\x95\x16\x02 \x03\x97\xbb\xaa\x08,A\x8a\xa4\x0e\xc6\x14@\x1eO.\xfdy\x17\x91\xa4\x07V \xf7+^\x12\x13~.\x91')
(4, b"0E\x02!\x00\x83\xfc\xebp\x1f\x0eex\x93\x05D\x18\x8e*'\xbf5\x8b\xbd\xf1i\xff\x7f\xdd\x1e\xff\x8elbJ)o\x02 \\\xf8\xf1\xf2E\xfc\xf6A\xb7\xc6\xbc$\xc4\xdbD\xf3\x96\xe1S\xda\x069\xa3r\x87\x9eK\xbd\xf4O\xb1a")
(1, b'0E\x02!\x00\xb7~\x00\xffN\xcb\xf5.\xa2\x15\x9bVr\x16\xcdnr\xf2R?Q#\xe8w%\x93\xb0c\xd7\xd7\x95\x16\x02 \x03\x97\xbb\xaa\x08,A\x8a\xa4\x0e\xc6\x14@\x1eO.\xfdy\x17\x91\xa4\x07V \xf7+^\x12\x13~.\x91')
(4, b"0E\x02!\x00\x83\xfc\xebp\x1f\x0eex\x93\x05D\x18\x8e*'\xbf5\x8b\xbd\xf1i\xff\x7f\xdd\x1e\xff\x8elbJ)o\x02 \\\xf8\xf1\xf2E\xfc\xf6A\xb7\xc6\xbc$\xc4\xdbD\xf3\x96\xe1S\xda\x069\xa3r\x87\x9eK\xbd\xf4O\xb1a")
(1, b'0E\x02!\x00\xb7~\x00\xffN\xcb\xf5.\xa2\x15\x9bVr\x16\xcdnr\xf2R?Q#\xe8w%\x93\xb0c\xd7\xd7\x95\x16\x02 \x03\x97\xbb\xaa\x08,A\x8a\xa4\x0e\xc6\x14@\x1eO.\xfdy\x17\x91\xa4\x07V \xf7+^\x12\x13~.\x91')
(4, b"0E\x02!\x00\x83\xfc\xebp\x1f\x0eex\x93\x05D\x18\x8e*'\xbf5\x8b\xbd\xf1i\xff\x7f\xdd\x1e\xff\x8elbJ)o\x02 \\\xf8\xf1\xf2E\xfc\xf6A\xb7\xc6\xbc$\xc4\xdbD\xf3\x96\xe1S\xda\x069\xa3r\x87\x9eK\xbd\xf4O\xb1a")
(1, b'0E\x02!\x00\xb7~\x00\xffN\xcb\xf5.\xa2\x15\x9bVr\x16\xcdnr\xf2R?Q#\xe8w%\x93\xb0c\xd7\xd7\x95\x16\x02 \x03\x97\xbb\xaa\x08,A\x8a\xa4\x0e\xc6\x14@\x1eO.\xfdy\x17\x91\xa4\x07V \xf7+^\x12\x13~.\x91')
(4, b"0E\x02!\x00\x83\xfc\xebp\x1f\x0eex\x93\x05D\x18\x8e*'\xbf5\x8b\xbd\xf1i\xff\x7f\xdd\x1e\xff\x8elbJ)o\x02 \\\xf8\xf1\xf2E\xfc\xf6A\xb7\xc6\xbc$\xc4\xdbD\xf3\x96\xe1S\xda\x069\xa3r\x87\x9eK\xbd\xf4O\xb1a")
(1, b'0E\x02!\x00\xb7~\x00\xffN\xcb\xf5.\xa2\x15\x9bVr\x16\xcdnr\xf2R?Q#\xe8w%\x93\xb0c\xd7\xd7\x95\x16\x02 \x03\x97\xbb\xaa\x08,A\x8a\xa4\x0e\xc6\x14@\x1eO.\xfdy\x17\x91\xa4\x07V \xf7+^\x12\x13~.\x91')
(4, b"0E\x02!\x00\x83\xfc\xebp\x1f\x0eex\x93\x05D\x18\x8e*'\xbf5\x8b\xbd\xf1i\xff\x7f\xdd\x1e\xff\x8elbJ)o\x02 \\\xf8\xf1\xf2E\xfc\xf6A\xb7\xc6\xbc$\xc4\xdbD\xf3\x96\xe1S\xda\x069\xa3r\x87\x9eK\xbd\xf4O\xb1a")
(1, b'0E\x02!\x00\xb7~\x00\xffN\xcb\xf5.\xa2\x15\x9bVr\x16\xcdnr\xf2R?Q#\xe8w%\x93\xb0c\xd7\xd7\x95\x16\x02 \x03\x97\xbb\xaa\x08,A\x8a\xa4\x0e\xc6\x14@\x1eO.\xfdy\x17\x91\xa4\x07V \xf7+^\x12\x13~.\x91')
(4, b"0E\x02!\x00\x83\xfc\xebp\x1f\x0eex\x93\x05D\x18\x8e*'\xbf5\x8b\xbd\xf1i\xff\x7f\xdd\x1e\xff\x8elbJ)o\x02 \\\xf8\xf1\xf2E\xfc\xf6A\xb7\xc6\xbc$\xc4\xdbD\xf3\x96\xe1S\xda\x069\xa3r\x87\x9eK\xbd\xf4O\xb1a")
(1, b'0E\x02!\x00\xb7~\x00\xffN\xcb\xf5.\xa2\x15\x9bVr\x16\xcdnr\xf2R?Q#\xe8w%\x93\xb0c\xd7\xd7\x95\x16\x02 \x03\x97\xbb\xaa\x08,A\x8a\xa4\x0e\xc6\x14@\x1eO.\xfdy\x17\x91\xa4\x07V \xf7+^\x12\x13~.\x91')
(4, b"0E\x02!\x00\x83\xfc\xebp\x1f\x0eex\x93\x05D\x18\x8e*'\xbf5\x8b\xbd\xf1i\xff\x7f\xdd\x1e\xff\x8elbJ)o\x02 \\\xf8\xf1\xf2E\xfc\xf6A\xb7\xc6\xbc$\xc4\xdbD\xf3\x96\xe1S\xda\x069\xa3r\x87\x9eK\xbd\xf4O\xb1a")
(1, b'0E\x02!\x00\xb7~\x00\xffN\xcb\xf5.\xa2\x15\x9bVr\x16\xcdnr\xf2R?Q#\xe8w%\x93\xb0c\xd7\xd7\x95\x16\x02 \x03\x97\xbb\xaa\x08,A\x8a\xa4\x0e\xc6\x14@\x1eO.\xfdy\x17\x91\xa4\x07V \xf7+^\x12\x13~.\x91')
(4, b"0E\x02!\x00\x83\xfc\xebp\x1f\x0eex\x93\x05D\x18\x8e*'\xbf5\x8b\xbd\xf1i\xff\x7f\xdd\x1e\xff\x8elbJ)o\x02 \\\xf8\xf1\xf2E\xfc\xf6A\xb7\xc6\xbc$\xc4\xdbD\xf3\x96\xe1S\xda\x069\xa3r\x87\x9eK\xbd\xf4O\xb1a")
(1, b'0E\x02!\x00\xb7~\x00\xffN\xcb\xf5.\xa2\x15\x9bVr\x16\xcdnr\xf2R?Q#\xe8w%\x93\xb0c\xd7\xd7\x95\x16\x02 \x03\x97\xbb\xaa\x08,A\x8a\xa4\x0e\xc6\x14@\x1eO.\xfdy\x17\x91\xa4\x07V \xf7+^\x12\x13~.\x91')
(4, b"0E\x02!\x00\x83\xfc\xebp\x1f\x0eex\x93\x05D\x18\x8e*'\xbf5\x8b\xbd\xf1i\xff\x7f\xdd\x1e\xff\x8elbJ)o\x02 \\\xf8\xf1\xf2E\xfc\xf6A\xb7\xc6\xbc$\xc4\xdbD\xf3\x96\xe1S\xda\x069\xa3r\x87\x9eK\xbd\xf4O\xb1a")
(1, b'0E\x02!\x00\xb7~\x00\xffN\xcb\xf5.\xa2\x15\x9bVr\x16\xcdnr\xf2R?Q#\xe8w%\x93\xb0c\xd7\xd7\x95\x16\x02 \x03\x97\xbb\xaa\x08,A\x8a\xa4\x0e\xc6\x14@\x1eO.\xfdy\x17\x91\xa4\x07V \xf7+^\x12\x13~.\x91')
(4, b"0E\x02!\x00\x83\xfc\xebp\x1f\x0eex\x93\x05D\x18\x8e*'\xbf5\x8b\xbd\xf1i\xff\x7f\xdd\x1e\xff\x8elbJ)o\x02 \\\xf8\xf1\xf2E\xfc\xf6A\xb7\xc6\xbc$\xc4\xdbD\xf3\x96\xe1S\xda\x069\xa3r\x87\x9eK\xbd\xf4O\xb1a")
(1, b'0E\x02!\x00\xb7~\x00\xffN\xcb\xf5.\xa2\x15\x9bVr\x16\xcdnr\xf2R?Q#\xe8w%\x93\xb0c\xd7\xd7\x95\x16\x02 \x03\x97\xbb\xaa\x08,A\x8a\xa4\x0e\xc6\x14@\x1eO.\xfdy\x17\x91\xa4\x07V \xf7+^\x12\x13~.\x91')
(4, b"0E\x02!\x00\x83\xfc\xebp\x1f\x0eex\x93\x05D\x18\x8e*'\xbf5\x8b\xbd\xf1i\xff\x7f\xdd\x1e\xff\x8elbJ)o\x02 \\\xf8\xf1\xf2E\xfc\xf6A\xb7\xc6\xbc$\xc4\xdbD\xf3\x96\xe1S\xda\x069\xa3r\x87\x9eK\xbd\xf4O\xb1a")
(1, b'0E\x02!\x00\xb7~\x00\xffN\xcb\xf5.\xa2\x15\x9bVr\x16\xcdnr\xf2R?Q#\xe8w%\x93\xb0c\xd7\xd7\x95\x16\x02 \x03\x97\xbb\xaa\x08,A\x8a\xa4\x0e\xc6\x14@\x1eO.\xfdy\x17\x91\xa4\x07V \xf7+^\x12\x13~.\x91')
(4, b"0E\x02!\x00\x83\xfc\xebp\x1f\x0eex\x93\x05D\x18\x8e*'\xbf5\x8b\xbd\xf1i\xff\x7f\xdd\x1e\xff\x8elbJ)o\x02 \\\xf8\xf1\xf2E\xfc\xf6A\xb7\xc6\xbc$\xc4\xdbD\xf3\x96\xe1S\xda\x069\xa3r\x87\x9eK\xbd\xf4O\xb1a")
(1, b'0E\x02!\x00\xb7~\x00\xffN\xcb\xf5.\xa2\x15\x9bVr\x16\xcdnr\xf2R?Q#\xe8w%\x93\xb0c\xd7\xd7\x95\x16\x02 \x03\x97\xbb\xaa\x08,A\x8a\xa4\x0e\xc6\x14@\x1eO.\xfdy\x17\x91\xa4\x07V \xf7+^\x12\x13~.\x91')
4 config verify passed!!!!
Node 4 read a proofchain using 0.007894 sec
4 start to run round 17 C: [0, 1, 2, 3, 4, 5, 6] N: 7
old [0, 1, 2, 3, 4, 5, 6]
new [0, 1, 2, 3, 4, 5, 6]
run round 17 adkr round taking 0.991142 sec
pc size for round 17 is 77091
(4, b"0E\x02!\x00\x83\xfc\xebp\x1f\x0eex\x93\x05D\x18\x8e*'\xbf5\x8b\xbd\xf1i\xff\x7f\xdd\x1e\xff\x8elbJ)o\x02 \\\xf8\xf1\xf2E\xfc\xf6A\xb7\xc6\xbc$\xc4\xdbD\xf3\x96\xe1S\xda\x069\xa3r\x87\x9eK\xbd\xf4O\xb1a")
(1, b'0E\x02!\x00\xb7~\x00\xffN\xcb\xf5.\xa2\x15\x9bVr\x16\xcdnr\xf2R?Q#\xe8w%\x93\xb0c\xd7\xd7\x95\x16\x02 \x03\x97\xbb\xaa\x08,A\x8a\xa4\x0e\xc6\x14@\x1eO.\xfdy\x17\x91\xa4\x07V \xf7+^\x12\x13~.\x91')
(4, b"0E\x02!\x00\x83\xfc\xebp\x1f\x0eex\x93\x05D\x18\x8e*'\xbf5\x8b\xbd\xf1i\xff\x7f\xdd\x1e\xff\x8elbJ)o\x02 \\\xf8\xf1\xf2E\xfc\xf6A\xb7\xc6\xbc$\xc4\xdbD\xf3\x96\xe1S\xda\x069\xa3r\x87\x9eK\xbd\xf4O\xb1a")
(1, b'0E\x02!\x00\xb7~\x00\xffN\xcb\xf5.\xa2\x15\x9bVr\x16\xcdnr\xf2R?Q#\xe8w%\x93\xb0c\xd7\xd7\x95\x16\x02 \x03\x97\xbb\xaa\x08,A\x8a\xa4\x0e\xc6\x14@\x1eO.\xfdy\x17\x91\xa4\x07V \xf7+^\x12\x13~.\x91')
(4, b"0E\x02!\x00\x83\xfc\xebp\x1f\x0eex\x93\x05D\x18\x8e*'\xbf5\x8b\xbd\xf1i\xff\x7f\xdd\x1e\xff\x8elbJ)o\x02 \\\xf8\xf1\xf2E\xfc\xf6A\xb7\xc6\xbc$\xc4\xdbD\xf3\x96\xe1S\xda\x069\xa3r\x87\x9eK\xbd\xf4O\xb1a")
(1, b'0E\x02!\x00\xb7~\x00\xffN\xcb\xf5.\xa2\x15\x9bVr\x16\xcdnr\xf2R?Q#\xe8w%\x93\xb0c\xd7\xd7\x95\x16\x02 \x03\x97\xbb\xaa\x08,A\x8a\xa4\x0e\xc6\x14@\x1eO.\xfdy\x17\x91\xa4\x07V \xf7+^\x12\x13~.\x91')
(4, b"0E\x02!\x00\x83\xfc\xebp\x1f\x0eex\x93\x05D\x18\x8e*'\xbf5\x8b\xbd\xf1i\xff\x7f\xdd\x1e\xff\x8elbJ)o\x02 \\\xf8\xf1\xf2E\xfc\xf6A\xb7\xc6\xbc$\xc4\xdbD\xf3\x96\xe1S\xda\x069\xa3r\x87\x9eK\xbd\xf4O\xb1a")
(1, b'0E\x02!\x00\xb7~\x00\xffN\xcb\xf5.\xa2\x15\x9bVr\x16\xcdnr\xf2R?Q#\xe8w%\x93\xb0c\xd7\xd7\x95\x16\x02 \x03\x97\xbb\xaa\x08,A\x8a\xa4\x0e\xc6\x14@\x1eO.\xfdy\x17\x91\xa4\x07V \xf7+^\x12\x13~.\x91')
(4, b"0E\x02!\x00\x83\xfc\xebp\x1f\x0eex\x93\x05D\x18\x8e*'\xbf5\x8b\xbd\xf1i\xff\x7f\xdd\x1e\xff\x8elbJ)o\x02 \\\xf8\xf1\xf2E\xfc\xf6A\xb7\xc6\xbc$\xc4\xdbD\xf3\x96\xe1S\xda\x069\xa3r\x87\x9eK\xbd\xf4O\xb1a")
(1, b'0E\x02!\x00\xb7~\x00\xffN\xcb\xf5.\xa2\x15\x9bVr\x16\xcdnr\xf2R?Q#\xe8w%\x93\xb0c\xd7\xd7\x95\x16\x02 \x03\x97\xbb\xaa\x08,A\x8a\xa4\x0e\xc6\x14@\x1eO.\xfdy\x17\x91\xa4\x07V \xf7+^\x12\x13~.\x91')
(4, b"0E\x02!\x00\x83\xfc\xebp\x1f\x0eex\x93\x05D\x18\x8e*'\xbf5\x8b\xbd\xf1i\xff\x7f\xdd\x1e\xff\x8elbJ)o\x02 \\\xf8\xf1\xf2E\xfc\xf6A\xb7\xc6\xbc$\xc4\xdbD\xf3\x96\xe1S\xda\x069\xa3r\x87\x9eK\xbd\xf4O\xb1a")
(1, b'0E\x02!\x00\xb7~\x00\xffN\xcb\xf5.\xa2\x15\x9bVr\x16\xcdnr\xf2R?Q#\xe8w%\x93\xb0c\xd7\xd7\x95\x16\x02 \x03\x97\xbb\xaa\x08,A\x8a\xa4\x0e\xc6\x14@\x1eO.\xfdy\x17\x91\xa4\x07V \xf7+^\x12\x13~.\x91')
(4, b"0E\x02!\x00\x83\xfc\xebp\x1f\x0eex\x93\x05D\x18\x8e*'\xbf5\x8b\xbd\xf1i\xff\x7f\xdd\x1e\xff\x8elbJ)o\x02 \\\xf8\xf1\xf2E\xfc\xf6A\xb7\xc6\xbc$\xc4\xdbD\xf3\x96\xe1S\xda\x069\xa3r\x87\x9eK\xbd\xf4O\xb1a")
(1, b'0E\x02!\x00\xb7~\x00\xffN\xcb\xf5.\xa2\x15\x9bVr\x16\xcdnr\xf2R?Q#\xe8w%\x93\xb0c\xd7\xd7\x95\x16\x02 \x03\x97\xbb\xaa\x08,A\x8a\xa4\x0e\xc6\x14@\x1eO.\xfdy\x17\x91\xa4\x07V \xf7+^\x12\x13~.\x91')
(4, b"0E\x02!\x00\x83\xfc\xebp\x1f\x0eex\x93\x05D\x18\x8e*'\xbf5\x8b\xbd\xf1i\xff\x7f\xdd\x1e\xff\x8elbJ)o\x02 \\\xf8\xf1\xf2E\xfc\xf6A\xb7\xc6\xbc$\xc4\xdbD\xf3\x96\xe1S\xda\x069\xa3r\x87\x9eK\xbd\xf4O\xb1a")
(1, b'0E\x02!\x00\xb7~\x00\xffN\xcb\xf5.\xa2\x15\x9bVr\x16\xcdnr\xf2R?Q#\xe8w%\x93\xb0c\xd7\xd7\x95\x16\x02 \x03\x97\xbb\xaa\x08,A\x8a\xa4\x0e\xc6\x14@\x1eO.\xfdy\x17\x91\xa4\x07V \xf7+^\x12\x13~.\x91')
(4, b"0E\x02!\x00\x83\xfc\xebp\x1f\x0eex\x93\x05D\x18\x8e*'\xbf5\x8b\xbd\xf1i\xff\x7f\xdd\x1e\xff\x8elbJ)o\x02 \\\xf8\xf1\xf2E\xfc\xf6A\xb7\xc6\xbc$\xc4\xdbD\xf3\x96\xe1S\xda\x069\xa3r\x87\x9eK\xbd\xf4O\xb1a")
(1, b'0E\x02!\x00\xb7~\x00\xffN\xcb\xf5.\xa2\x15\x9bVr\x16\xcdnr\xf2R?Q#\xe8w%\x93\xb0c\xd7\xd7\x95\x16\x02 \x03\x97\xbb\xaa\x08,A\x8a\xa4\x0e\xc6\x14@\x1eO.\xfdy\x17\x91\xa4\x07V \xf7+^\x12\x13~.\x91')
(4, b"0E\x02!\x00\x83\xfc\xebp\x1f\x0eex\x93\x05D\x18\x8e*'\xbf5\x8b\xbd\xf1i\xff\x7f\xdd\x1e\xff\x8elbJ)o\x02 \\\xf8\xf1\xf2E\xfc\xf6A\xb7\xc6\xbc$\xc4\xdbD\xf3\x96\xe1S\xda\x069\xa3r\x87\x9eK\xbd\xf4O\xb1a")
(1, b'0E\x02!\x00\xb7~\x00\xffN\xcb\xf5.\xa2\x15\x9bVr\x16\xcdnr\xf2R?Q#\xe8w%\x93\xb0c\xd7\xd7\x95\x16\x02 \x03\x97\xbb\xaa\x08,A\x8a\xa4\x0e\xc6\x14@\x1eO.\xfdy\x17\x91\xa4\x07V \xf7+^\x12\x13~.\x91')
(4, b"0E\x02!\x00\x83\xfc\xebp\x1f\x0eex\x93\x05D\x18\x8e*'\xbf5\x8b\xbd\xf1i\xff\x7f\xdd\x1e\xff\x8elbJ)o\x02 \\\xf8\xf1\xf2E\xfc\xf6A\xb7\xc6\xbc$\xc4\xdbD\xf3\x96\xe1S\xda\x069\xa3r\x87\x9eK\xbd\xf4O\xb1a")
(1, b'0E\x02!\x00\xb7~\x00\xffN\xcb\xf5.\xa2\x15\x9bVr\x16\xcdnr\xf2R?Q#\xe8w%\x93\xb0c\xd7\xd7\x95\x16\x02 \x03\x97\xbb\xaa\x08,A\x8a\xa4\x0e\xc6\x14@\x1eO.\xfdy\x17\x91\xa4\x07V \xf7+^\x12\x13~.\x91')
(4, b"0E\x02!\x00\x83\xfc\xebp\x1f\x0eex\x93\x05D\x18\x8e*'\xbf5\x8b\xbd\xf1i\xff\x7f\xdd\x1e\xff\x8elbJ)o\x02 \\\xf8\xf1\xf2E\xfc\xf6A\xb7\xc6\xbc$\xc4\xdbD\xf3\x96\xe1S\xda\x069\xa3r\x87\x9eK\xbd\xf4O\xb1a")
(1, b'0E\x02!\x00\xb7~\x00\xffN\xcb\xf5.\xa2\x15\x9bVr\x16\xcdnr\xf2R?Q#\xe8w%\x93\xb0c\xd7\xd7\x95\x16\x02 \x03\x97\xbb\xaa\x08,A\x8a\xa4\x0e\xc6\x14@\x1eO.\xfdy\x17\x91\xa4\x07V \xf7+^\x12\x13~.\x91')
(4, b"0E\x02!\x00\x83\xfc\xebp\x1f\x0eex\x93\x05D\x18\x8e*'\xbf5\x8b\xbd\xf1i\xff\x7f\xdd\x1e\xff\x8elbJ)o\x02 \\\xf8\xf1\xf2E\xfc\xf6A\xb7\xc6\xbc$\xc4\xdbD\xf3\x96\xe1S\xda\x069\xa3r\x87\x9eK\xbd\xf4O\xb1a")
(1, b'0E\x02!\x00\xb7~\x00\xffN\xcb\xf5.\xa2\x15\x9bVr\x16\xcdnr\xf2R?Q#\xe8w%\x93\xb0c\xd7\xd7\x95\x16\x02 \x03\x97\xbb\xaa\x08,A\x8a\xa4\x0e\xc6\x14@\x1eO.\xfdy\x17\x91\xa4\x07V \xf7+^\x12\x13~.\x91')
(4, b"0E\x02!\x00\x83\xfc\xebp\x1f\x0eex\x93\x05D\x18\x8e*'\xbf5\x8b\xbd\xf1i\xff\x7f\xdd\x1e\xff\x8elbJ)o\x02 \\\xf8\xf1\xf2E\xfc\xf6A\xb7\xc6\xbc$\xc4\xdbD\xf3\x96\xe1S\xda\x069\xa3r\x87\x9eK\xbd\xf4O\xb1a")
(1, b'0E\x02!\x00\xb7~\x00\xffN\xcb\xf5.\xa2\x15\x9bVr\x16\xcdnr\xf2R?Q#\xe8w%\x93\xb0c\xd7\xd7\x95\x16\x02 \x03\x97\xbb\xaa\x08,A\x8a\xa4\x0e\xc6\x14@\x1eO.\xfdy\x17\x91\xa4\x07V \xf7+^\x12\x13~.\x91')
(4, b"0E\x02!\x00\x83\xfc\xebp\x1f\x0eex\x93\x05D\x18\x8e*'\xbf5\x8b\xbd\xf1i\xff\x7f\xdd\x1e\xff\x8elbJ)o\x02 \\\xf8\xf1\xf2E\xfc\xf6A\xb7\xc6\xbc$\xc4\xdbD\xf3\x96\xe1S\xda\x069\xa3r\x87\x9eK\xbd\xf4O\xb1a")
(1, b'0E\x02!\x00\xb7~\x00\xffN\xcb\xf5.\xa2\x15\x9bVr\x16\xcdnr\xf2R?Q#\xe8w%\x93\xb0c\xd7\xd7\x95\x16\x02 \x03\x97\xbb\xaa\x08,A\x8a\xa4\x0e\xc6\x14@\x1eO.\xfdy\x17\x91\xa4\x07V \xf7+^\x12\x13~.\x91')
(4, b"0E\x02!\x00\x83\xfc\xebp\x1f\x0eex\x93\x05D\x18\x8e*'\xbf5\x8b\xbd\xf1i\xff\x7f\xdd\x1e\xff\x8elbJ)o\x02 \\\xf8\xf1\xf2E\xfc\xf6A\xb7\xc6\xbc$\xc4\xdbD\xf3\x96\xe1S\xda\x069\xa3r\x87\x9eK\xbd\xf4O\xb1a")
(1, b'0E\x02!\x00\xb7~\x00\xffN\xcb\xf5.\xa2\x15\x9bVr\x16\xcdnr\xf2R?Q#\xe8w%\x93\xb0c\xd7\xd7\x95\x16\x02 \x03\x97\xbb\xaa\x08,A\x8a\xa4\x0e\xc6\x14@\x1eO.\xfdy\x17\x91\xa4\x07V \xf7+^\x12\x13~.\x91')
(4, b"0E\x02!\x00\x83\xfc\xebp\x1f\x0eex\x93\x05D\x18\x8e*'\xbf5\x8b\xbd\xf1i\xff\x7f\xdd\x1e\xff\x8elbJ)o\x02 \\\xf8\xf1\xf2E\xfc\xf6A\xb7\xc6\xbc$\xc4\xdbD\xf3\x96\xe1S\xda\x069\xa3r\x87\x9eK\xbd\xf4O\xb1a")
(1, b'0E\x02!\x00\xb7~\x00\xffN\xcb\xf5.\xa2\x15\x9bVr\x16\xcdnr\xf2R?Q#\xe8w%\x93\xb0c\xd7\xd7\x95\x16\x02 \x03\x97\xbb\xaa\x08,A\x8a\xa4\x0e\xc6\x14@\x1eO.\xfdy\x17\x91\xa4\x07V \xf7+^\x12\x13~.\x91')
(4, b"0E\x02!\x00\x83\xfc\xebp\x1f\x0eex\x93\x05D\x18\x8e*'\xbf5\x8b\xbd\xf1i\xff\x7f\xdd\x1e\xff\x8elbJ)o\x02 \\\xf8\xf1\xf2E\xfc\xf6A\xb7\xc6\xbc$\xc4\xdbD\xf3\x96\xe1S\xda\x069\xa3r\x87\x9eK\xbd\xf4O\xb1a")
(1, b'0E\x02!\x00\xb7~\x00\xffN\xcb\xf5.\xa2\x15\x9bVr\x16\xcdnr\xf2R?Q#\xe8w%\x93\xb0c\xd7\xd7\x95\x16\x02 \x03\x97\xbb\xaa\x08,A\x8a\xa4\x0e\xc6\x14@\x1eO.\xfdy\x17\x91\xa4\x07V \xf7+^\x12\x13~.\x91')
4 config verify passed!!!!
Node 4 read a proofchain using 0.008159 sec
4 start to run round 18 C: [0, 1, 2, 3, 4, 5, 6] N: 7
old [0, 1, 2, 3, 4, 5, 6]
new [0, 1, 2, 3, 4, 5, 6]
run round 18 adkr round taking 0.986313 sec
pc size for round 18 is 81352
(4, b"0E\x02!\x00\x83\xfc\xebp\x1f\x0eex\x93\x05D\x18\x8e*'\xbf5\x8b\xbd\xf1i\xff\x7f\xdd\x1e\xff\x8elbJ)o\x02 \\\xf8\xf1\xf2E\xfc\xf6A\xb7\xc6\xbc$\xc4\xdbD\xf3\x96\xe1S\xda\x069\xa3r\x87\x9eK\xbd\xf4O\xb1a")
(1, b'0E\x02!\x00\xb7~\x00\xffN\xcb\xf5.\xa2\x15\x9bVr\x16\xcdnr\xf2R?Q#\xe8w%\x93\xb0c\xd7\xd7\x95\x16\x02 \x03\x97\xbb\xaa\x08,A\x8a\xa4\x0e\xc6\x14@\x1eO.\xfdy\x17\x91\xa4\x07V \xf7+^\x12\x13~.\x91')
(4, b"0E\x02!\x00\x83\xfc\xebp\x1f\x0eex\x93\x05D\x18\x8e*'\xbf5\x8b\xbd\xf1i\xff\x7f\xdd\x1e\xff\x8elbJ)o\x02 \\\xf8\xf1\xf2E\xfc\xf6A\xb7\xc6\xbc$\xc4\xdbD\xf3\x96\xe1S\xda\x069\xa3r\x87\x9eK\xbd\xf4O\xb1a")
(1, b'0E\x02!\x00\xb7~\x00\xffN\xcb\xf5.\xa2\x15\x9bVr\x16\xcdnr\xf2R?Q#\xe8w%\x93\xb0c\xd7\xd7\x95\x16\x02 \x03\x97\xbb\xaa\x08,A\x8a\xa4\x0e\xc6\x14@\x1eO.\xfdy\x17\x91\xa4\x07V \xf7+^\x12\x13~.\x91')
(4, b"0E\x02!\x00\x83\xfc\xebp\x1f\x0eex\x93\x05D\x18\x8e*'\xbf5\x8b\xbd\xf1i\xff\x7f\xdd\x1e\xff\x8elbJ)o\x02 \\\xf8\xf1\xf2E\xfc\xf6A\xb7\xc6\xbc$\xc4\xdbD\xf3\x96\xe1S\xda\x069\xa3r\x87\x9eK\xbd\xf4O\xb1a")
(1, b'0E\x02!\x00\xb7~\x00\xffN\xcb\xf5.\xa2\x15\x9bVr\x16\xcdnr\xf2R?Q#\xe8w%\x93\xb0c\xd7\xd7\x95\x16\x02 \x03\x97\xbb\xaa\x08,A\x8a\xa4\x0e\xc6\x14@\x1eO.\xfdy\x17\x91\xa4\x07V \xf7+^\x12\x13~.\x91')
(4, b"0E\x02!\x00\x83\xfc\xebp\x1f\x0eex\x93\x05D\x18\x8e*'\xbf5\x8b\xbd\xf1i\xff\x7f\xdd\x1e\xff\x8elbJ)o\x02 \\\xf8\xf1\xf2E\xfc\xf6A\xb7\xc6\xbc$\xc4\xdbD\xf3\x96\xe1S\xda\x069\xa3r\x87\x9eK\xbd\xf4O\xb1a")
(1, b'0E\x02!\x00\xb7~\x00\xffN\xcb\xf5.\xa2\x15\x9bVr\x16\xcdnr\xf2R?Q#\xe8w%\x93\xb0c\xd7\xd7\x95\x16\x02 \x03\x97\xbb\xaa\x08,A\x8a\xa4\x0e\xc6\x14@\x1eO.\xfdy\x17\x91\xa4\x07V \xf7+^\x12\x13~.\x91')
(4, b"0E\x02!\x00\x83\xfc\xebp\x1f\x0eex\x93\x05D\x18\x8e*'\xbf5\x8b\xbd\xf1i\xff\x7f\xdd\x1e\xff\x8elbJ)o\x02 \\\xf8\xf1\xf2E\xfc\xf6A\xb7\xc6\xbc$\xc4\xdbD\xf3\x96\xe1S\xda\x069\xa3r\x87\x9eK\xbd\xf4O\xb1a")
(1, b'0E\x02!\x00\xb7~\x00\xffN\xcb\xf5.\xa2\x15\x9bVr\x16\xcdnr\xf2R?Q#\xe8w%\x93\xb0c\xd7\xd7\x95\x16\x02 \x03\x97\xbb\xaa\x08,A\x8a\xa4\x0e\xc6\x14@\x1eO.\xfdy\x17\x91\xa4\x07V \xf7+^\x12\x13~.\x91')
(4, b"0E\x02!\x00\x83\xfc\xebp\x1f\x0eex\x93\x05D\x18\x8e*'\xbf5\x8b\xbd\xf1i\xff\x7f\xdd\x1e\xff\x8elbJ)o\x02 \\\xf8\xf1\xf2E\xfc\xf6A\xb7\xc6\xbc$\xc4\xdbD\xf3\x96\xe1S\xda\x069\xa3r\x87\x9eK\xbd\xf4O\xb1a")
(1, b'0E\x02!\x00\xb7~\x00\xffN\xcb\xf5.\xa2\x15\x9bVr\x16\xcdnr\xf2R?Q#\xe8w%\x93\xb0c\xd7\xd7\x95\x16\x02 \x03\x97\xbb\xaa\x08,A\x8a\xa4\x0e\xc6\x14@\x1eO.\xfdy\x17\x91\xa4\x07V \xf7+^\x12\x13~.\x91')
(4, b"0E\x02!\x00\x83\xfc\xebp\x1f\x0eex\x93\x05D\x18\x8e*'\xbf5\x8b\xbd\xf1i\xff\x7f\xdd\x1e\xff\x8elbJ)o\x02 \\\xf8\xf1\xf2E\xfc\xf6A\xb7\xc6\xbc$\xc4\xdbD\xf3\x96\xe1S\xda\x069\xa3r\x87\x9eK\xbd\xf4O\xb1a")
(1, b'0E\x02!\x00\xb7~\x00\xffN\xcb\xf5.\xa2\x15\x9bVr\x16\xcdnr\xf2R?Q#\xe8w%\x93\xb0c\xd7\xd7\x95\x16\x02 \x03\x97\xbb\xaa\x08,A\x8a\xa4\x0e\xc6\x14@\x1eO.\xfdy\x17\x91\xa4\x07V \xf7+^\x12\x13~.\x91')
(4, b"0E\x02!\x00\x83\xfc\xebp\x1f\x0eex\x93\x05D\x18\x8e*'\xbf5\x8b\xbd\xf1i\xff\x7f\xdd\x1e\xff\x8elbJ)o\x02 \\\xf8\xf1\xf2E\xfc\xf6A\xb7\xc6\xbc$\xc4\xdbD\xf3\x96\xe1S\xda\x069\xa3r\x87\x9eK\xbd\xf4O\xb1a")
(1, b'0E\x02!\x00\xb7~\x00\xffN\xcb\xf5.\xa2\x15\x9bVr\x16\xcdnr\xf2R?Q#\xe8w%\x93\xb0c\xd7\xd7\x95\x16\x02 \x03\x97\xbb\xaa\x08,A\x8a\xa4\x0e\xc6\x14@\x1eO.\xfdy\x17\x91\xa4\x07V \xf7+^\x12\x13~.\x91')
(4, b"0E\x02!\x00\x83\xfc\xebp\x1f\x0eex\x93\x05D\x18\x8e*'\xbf5\x8b\xbd\xf1i\xff\x7f\xdd\x1e\xff\x8elbJ)o\x02 \\\xf8\xf1\xf2E\xfc\xf6A\xb7\xc6\xbc$\xc4\xdbD\xf3\x96\xe1S\xda\x069\xa3r\x87\x9eK\xbd\xf4O\xb1a")
(1, b'0E\x02!\x00\xb7~\x00\xffN\xcb\xf5.\xa2\x15\x9bVr\x16\xcdnr\xf2R?Q#\xe8w%\x93\xb0c\xd7\xd7\x95\x16\x02 \x03\x97\xbb\xaa\x08,A\x8a\xa4\x0e\xc6\x14@\x1eO.\xfdy\x17\x91\xa4\x07V \xf7+^\x12\x13~.\x91')
(4, b"0E\x02!\x00\x83\xfc\xebp\x1f\x0eex\x93\x05D\x18\x8e*'\xbf5\x8b\xbd\xf1i\xff\x7f\xdd\x1e\xff\x8elbJ)o\x02 \\\xf8\xf1\xf2E\xfc\xf6A\xb7\xc6\xbc$\xc4\xdbD\xf3\x96\xe1S\xda\x069\xa3r\x87\x9eK\xbd\xf4O\xb1a")
(1, b'0E\x02!\x00\xb7~\x00\xffN\xcb\xf5.\xa2\x15\x9bVr\x16\xcdnr\xf2R?Q#\xe8w%\x93\xb0c\xd7\xd7\x95\x16\x02 \x03\x97\xbb\xaa\x08,A\x8a\xa4\x0e\xc6\x14@\x1eO.\xfdy\x17\x91\xa4\x07V \xf7+^\x12\x13~.\x91')
(4, b"0E\x02!\x00\x83\xfc\xebp\x1f\x0eex\x93\x05D\x18\x8e*'\xbf5\x8b\xbd\xf1i\xff\x7f\xdd\x1e\xff\x8elbJ)o\x02 \\\xf8\xf1\xf2E\xfc\xf6A\xb7\xc6\xbc$\xc4\xdbD\xf3\x96\xe1S\xda\x069\xa3r\x87\x9eK\xbd\xf4O\xb1a")
(1, b'0E\x02!\x00\xb7~\x00\xffN\xcb\xf5.\xa2\x15\x9bVr\x16\xcdnr\xf2R?Q#\xe8w%\x93\xb0c\xd7\xd7\x95\x16\x02 \x03\x97\xbb\xaa\x08,A\x8a\xa4\x0e\xc6\x14@\x1eO.\xfdy\x17\x91\xa4\x07V \xf7+^\x12\x13~.\x91')
(4, b"0E\x02!\x00\x83\xfc\xebp\x1f\x0eex\x93\x05D\x18\x8e*'\xbf5\x8b\xbd\xf1i\xff\x7f\xdd\x1e\xff\x8elbJ)o\x02 \\\xf8\xf1\xf2E\xfc\xf6A\xb7\xc6\xbc$\xc4\xdbD\xf3\x96\xe1S\xda\x069\xa3r\x87\x9eK\xbd\xf4O\xb1a")
(1, b'0E\x02!\x00\xb7~\x00\xffN\xcb\xf5.\xa2\x15\x9bVr\x16\xcdnr\xf2R?Q#\xe8w%\x93\xb0c\xd7\xd7\x95\x16\x02 \x03\x97\xbb\xaa\x08,A\x8a\xa4\x0e\xc6\x14@\x1eO.\xfdy\x17\x91\xa4\x07V \xf7+^\x12\x13~.\x91')
(4, b"0E\x02!\x00\x83\xfc\xebp\x1f\x0eex\x93\x05D\x18\x8e*'\xbf5\x8b\xbd\xf1i\xff\x7f\xdd\x1e\xff\x8elbJ)o\x02 \\\xf8\xf1\xf2E\xfc\xf6A\xb7\xc6\xbc$\xc4\xdbD\xf3\x96\xe1S\xda\x069\xa3r\x87\x9eK\xbd\xf4O\xb1a")
(1, b'0E\x02!\x00\xb7~\x00\xffN\xcb\xf5.\xa2\x15\x9bVr\x16\xcdnr\xf2R?Q#\xe8w%\x93\xb0c\xd7\xd7\x95\x16\x02 \x03\x97\xbb\xaa\x08,A\x8a\xa4\x0e\xc6\x14@\x1eO.\xfdy\x17\x91\xa4\x07V \xf7+^\x12\x13~.\x91')
(4, b"0E\x02!\x00\x83\xfc\xebp\x1f\x0eex\x93\x05D\x18\x8e*'\xbf5\x8b\xbd\xf1i\xff\x7f\xdd\x1e\xff\x8elbJ)o\x02 \\\xf8\xf1\xf2E\xfc\xf6A\xb7\xc6\xbc$\xc4\xdbD\xf3\x96\xe1S\xda\x069\xa3r\x87\x9eK\xbd\xf4O\xb1a")
(1, b'0E\x02!\x00\xb7~\x00\xffN\xcb\xf5.\xa2\x15\x9bVr\x16\xcdnr\xf2R?Q#\xe8w%\x93\xb0c\xd7\xd7\x95\x16\x02 \x03\x97\xbb\xaa\x08,A\x8a\xa4\x0e\xc6\x14@\x1eO.\xfdy\x17\x91\xa4\x07V \xf7+^\x12\x13~.\x91')
(4, b"0E\x02!\x00\x83\xfc\xebp\x1f\x0eex\x93\x05D\x18\x8e*'\xbf5\x8b\xbd\xf1i\xff\x7f\xdd\x1e\xff\x8elbJ)o\x02 \\\xf8\xf1\xf2E\xfc\xf6A\xb7\xc6\xbc$\xc4\xdbD\xf3\x96\xe1S\xda\x069\xa3r\x87\x9eK\xbd\xf4O\xb1a")
(1, b'0E\x02!\x00\xb7~\x00\xffN\xcb\xf5.\xa2\x15\x9bVr\x16\xcdnr\xf2R?Q#\xe8w%\x93\xb0c\xd7\xd7\x95\x16\x02 \x03\x97\xbb\xaa\x08,A\x8a\xa4\x0e\xc6\x14@\x1eO.\xfdy\x17\x91\xa4\x07V \xf7+^\x12\x13~.\x91')
(4, b"0E\x02!\x00\x83\xfc\xebp\x1f\x0eex\x93\x05D\x18\x8e*'\xbf5\x8b\xbd\xf1i\xff\x7f\xdd\x1e\xff\x8elbJ)o\x02 \\\xf8\xf1\xf2E\xfc\xf6A\xb7\xc6\xbc$\xc4\xdbD\xf3\x96\xe1S\xda\x069\xa3r\x87\x9eK\xbd\xf4O\xb1a")
(1, b'0E\x02!\x00\xb7~\x00\xffN\xcb\xf5.\xa2\x15\x9bVr\x16\xcdnr\xf2R?Q#\xe8w%\x93\xb0c\xd7\xd7\x95\x16\x02 \x03\x97\xbb\xaa\x08,A\x8a\xa4\x0e\xc6\x14@\x1eO.\xfdy\x17\x91\xa4\x07V \xf7+^\x12\x13~.\x91')
(4, b"0E\x02!\x00\x83\xfc\xebp\x1f\x0eex\x93\x05D\x18\x8e*'\xbf5\x8b\xbd\xf1i\xff\x7f\xdd\x1e\xff\x8elbJ)o\x02 \\\xf8\xf1\xf2E\xfc\xf6A\xb7\xc6\xbc$\xc4\xdbD\xf3\x96\xe1S\xda\x069\xa3r\x87\x9eK\xbd\xf4O\xb1a")
(1, b'0E\x02!\x00\xb7~\x00\xffN\xcb\xf5.\xa2\x15\x9bVr\x16\xcdnr\xf2R?Q#\xe8w%\x93\xb0c\xd7\xd7\x95\x16\x02 \x03\x97\xbb\xaa\x08,A\x8a\xa4\x0e\xc6\x14@\x1eO.\xfdy\x17\x91\xa4\x07V \xf7+^\x12\x13~.\x91')
(4, b"0E\x02!\x00\x83\xfc\xebp\x1f\x0eex\x93\x05D\x18\x8e*'\xbf5\x8b\xbd\xf1i\xff\x7f\xdd\x1e\xff\x8elbJ)o\x02 \\\xf8\xf1\xf2E\xfc\xf6A\xb7\xc6\xbc$\xc4\xdbD\xf3\x96\xe1S\xda\x069\xa3r\x87\x9eK\xbd\xf4O\xb1a")
(1, b'0E\x02!\x00\xb7~\x00\xffN\xcb\xf5.\xa2\x15\x9bVr\x16\xcdnr\xf2R?Q#\xe8w%\x93\xb0c\xd7\xd7\x95\x16\x02 \x03\x97\xbb\xaa\x08,A\x8a\xa4\x0e\xc6\x14@\x1eO.\xfdy\x17\x91\xa4\x07V \xf7+^\x12\x13~.\x91')
(4, b"0E\x02!\x00\x83\xfc\xebp\x1f\x0eex\x93\x05D\x18\x8e*'\xbf5\x8b\xbd\xf1i\xff\x7f\xdd\x1e\xff\x8elbJ)o\x02 \\\xf8\xf1\xf2E\xfc\xf6A\xb7\xc6\xbc$\xc4\xdbD\xf3\x96\xe1S\xda\x069\xa3r\x87\x9eK\xbd\xf4O\xb1a")
(1, b'0E\x02!\x00\xb7~\x00\xffN\xcb\xf5.\xa2\x15\x9bVr\x16\xcdnr\xf2R?Q#\xe8w%\x93\xb0c\xd7\xd7\x95\x16\x02 \x03\x97\xbb\xaa\x08,A\x8a\xa4\x0e\xc6\x14@\x1eO.\xfdy\x17\x91\xa4\x07V \xf7+^\x12\x13~.\x91')
4 config verify passed!!!!
Node 4 read a proofchain using 0.008486 sec
4 start to run round 19 C: [0, 1, 2, 3, 4, 5, 6] N: 7
old [0, 1, 2, 3, 4, 5, 6]
new [0, 1, 2, 3, 4, 5, 6]
run round 19 adkr round taking 0.993426 sec
pc size for round 19 is 85612
(4, b"0E\x02!\x00\x83\xfc\xebp\x1f\x0eex\x93\x05D\x18\x8e*'\xbf5\x8b\xbd\xf1i\xff\x7f\xdd\x1e\xff\x8elbJ)o\x02 \\\xf8\xf1\xf2E\xfc\xf6A\xb7\xc6\xbc$\xc4\xdbD\xf3\x96\xe1S\xda\x069\xa3r\x87\x9eK\xbd\xf4O\xb1a")
(1, b'0E\x02!\x00\xb7~\x00\xffN\xcb\xf5.\xa2\x15\x9bVr\x16\xcdnr\xf2R?Q#\xe8w%\x93\xb0c\xd7\xd7\x95\x16\x02 \x03\x97\xbb\xaa\x08,A\x8a\xa4\x0e\xc6\x14@\x1eO.\xfdy\x17\x91\xa4\x07V \xf7+^\x12\x13~.\x91')
(4, b"0E\x02!\x00\x83\xfc\xebp\x1f\x0eex\x93\x05D\x18\x8e*'\xbf5\x8b\xbd\xf1i\xff\x7f\xdd\x1e\xff\x8elbJ)o\x02 \\\xf8\xf1\xf2E\xfc\xf6A\xb7\xc6\xbc$\xc4\xdbD\xf3\x96\xe1S\xda\x069\xa3r\x87\x9eK\xbd\xf4O\xb1a")
(1, b'0E\x02!\x00\xb7~\x00\xffN\xcb\xf5.\xa2\x15\x9bVr\x16\xcdnr\xf2R?Q#\xe8w%\x93\xb0c\xd7\xd7\x95\x16\x02 \x03\x97\xbb\xaa\x08,A\x8a\xa4\x0e\xc6\x14@\x1eO.\xfdy\x17\x91\xa4\x07V \xf7+^\x12\x13~.\x91')
(4, b"0E\x02!\x00\x83\xfc\xebp\x1f\x0eex\x93\x05D\x18\x8e*'\xbf5\x8b\xbd\xf1i\xff\x7f\xdd\x1e\xff\x8elbJ)o\x02 \\\xf8\xf1\xf2E\xfc\xf6A\xb7\xc6\xbc$\xc4\xdbD\xf3\x96\xe1S\xda\x069\xa3r\x87\x9eK\xbd\xf4O\xb1a")
(1, b'0E\x02!\x00\xb7~\x00\xffN\xcb\xf5.\xa2\x15\x9bVr\x16\xcdnr\xf2R?Q#\xe8w%\x93\xb0c\xd7\xd7\x95\x16\x02 \x03\x97\xbb\xaa\x08,A\x8a\xa4\x0e\xc6\x14@\x1eO.\xfdy\x17\x91\xa4\x07V \xf7+^\x12\x13~.\x91')
(4, b"0E\x02!\x00\x83\xfc\xebp\x1f\x0eex\x93\x05D\x18\x8e*'\xbf5\x8b\xbd\xf1i\xff\x7f\xdd\x1e\xff\x8elbJ)o\x02 \\\xf8\xf1\xf2E\xfc\xf6A\xb7\xc6\xbc$\xc4\xdbD\xf3\x96\xe1S\xda\x069\xa3r\x87\x9eK\xbd\xf4O\xb1a")
(1, b'0E\x02!\x00\xb7~\x00\xffN\xcb\xf5.\xa2\x15\x9bVr\x16\xcdnr\xf2R?Q#\xe8w%\x93\xb0c\xd7\xd7\x95\x16\x02 \x03\x97\xbb\xaa\x08,A\x8a\xa4\x0e\xc6\x14@\x1eO.\xfdy\x17\x91\xa4\x07V \xf7+^\x12\x13~.\x91')
(4, b"0E\x02!\x00\x83\xfc\xebp\x1f\x0eex\x93\x05D\x18\x8e*'\xbf5\x8b\xbd\xf1i\xff\x7f\xdd\x1e\xff\x8elbJ)o\x02 \\\xf8\xf1\xf2E\xfc\xf6A\xb7\xc6\xbc$\xc4\xdbD\xf3\x96\xe1S\xda\x069\xa3r\x87\x9eK\xbd\xf4O\xb1a")
(1, b'0E\x02!\x00\xb7~\x00\xffN\xcb\xf5.\xa2\x15\x9bVr\x16\xcdnr\xf2R?Q#\xe8w%\x93\xb0c\xd7\xd7\x95\x16\x02 \x03\x97\xbb\xaa\x08,A\x8a\xa4\x0e\xc6\x14@\x1eO.\xfdy\x17\x91\xa4\x07V \xf7+^\x12\x13~.\x91')
(4, b"0E\x02!\x00\x83\xfc\xebp\x1f\x0eex\x93\x05D\x18\x8e*'\xbf5\x8b\xbd\xf1i\xff\x7f\xdd\x1e\xff\x8elbJ)o\x02 \\\xf8\xf1\xf2E\xfc\xf6A\xb7\xc6\xbc$\xc4\xdbD\xf3\x96\xe1S\xda\x069\xa3r\x87\x9eK\xbd\xf4O\xb1a")
(1, b'0E\x02!\x00\xb7~\x00\xffN\xcb\xf5.\xa2\x15\x9bVr\x16\xcdnr\xf2R?Q#\xe8w%\x93\xb0c\xd7\xd7\x95\x16\x02 \x03\x97\xbb\xaa\x08,A\x8a\xa4\x0e\xc6\x14@\x1eO.\xfdy\x17\x91\xa4\x07V \xf7+^\x12\x13~.\x91')
(4, b"0E\x02!\x00\x83\xfc\xebp\x1f\x0eex\x93\x05D\x18\x8e*'\xbf5\x8b\xbd\xf1i\xff\x7f\xdd\x1e\xff\x8elbJ)o\x02 \\\xf8\xf1\xf2E\xfc\xf6A\xb7\xc6\xbc$\xc4\xdbD\xf3\x96\xe1S\xda\x069\xa3r\x87\x9eK\xbd\xf4O\xb1a")
(1, b'0E\x02!\x00\xb7~\x00\xffN\xcb\xf5.\xa2\x15\x9bVr\x16\xcdnr\xf2R?Q#\xe8w%\x93\xb0c\xd7\xd7\x95\x16\x02 \x03\x97\xbb\xaa\x08,A\x8a\xa4\x0e\xc6\x14@\x1eO.\xfdy\x17\x91\xa4\x07V \xf7+^\x12\x13~.\x91')
(4, b"0E\x02!\x00\x83\xfc\xebp\x1f\x0eex\x93\x05D\x18\x8e*'\xbf5\x8b\xbd\xf1i\xff\x7f\xdd\x1e\xff\x8elbJ)o\x02 \\\xf8\xf1\xf2E\xfc\xf6A\xb7\xc6\xbc$\xc4\xdbD\xf3\x96\xe1S\xda\x069\xa3r\x87\x9eK\xbd\xf4O\xb1a")
(1, b'0E\x02!\x00\xb7~\x00\xffN\xcb\xf5.\xa2\x15\x9bVr\x16\xcdnr\xf2R?Q#\xe8w%\x93\xb0c\xd7\xd7\x95\x16\x02 \x03\x97\xbb\xaa\x08,A\x8a\xa4\x0e\xc6\x14@\x1eO.\xfdy\x17\x91\xa4\x07V \xf7+^\x12\x13~.\x91')
(4, b"0E\x02!\x00\x83\xfc\xebp\x1f\x0eex\x93\x05D\x18\x8e*'\xbf5\x8b\xbd\xf1i\xff\x7f\xdd\x1e\xff\x8elbJ)o\x02 \\\xf8\xf1\xf2E\xfc\xf6A\xb7\xc6\xbc$\xc4\xdbD\xf3\x96\xe1S\xda\x069\xa3r\x87\x9eK\xbd\xf4O\xb1a")
(1, b'0E\x02!\x00\xb7~\x00\xffN\xcb\xf5.\xa2\x15\x9bVr\x16\xcdnr\xf2R?Q#\xe8w%\x93\xb0c\xd7\xd7\x95\x16\x02 \x03\x97\xbb\xaa\x08,A\x8a\xa4\x0e\xc6\x14@\x1eO.\xfdy\x17\x91\xa4\x07V \xf7+^\x12\x13~.\x91')
(4, b"0E\x02!\x00\x83\xfc\xebp\x1f\x0eex\x93\x05D\x18\x8e*'\xbf5\x8b\xbd\xf1i\xff\x7f\xdd\x1e\xff\x8elbJ)o\x02 \\\xf8\xf1\xf2E\xfc\xf6A\xb7\xc6\xbc$\xc4\xdbD\xf3\x96\xe1S\xda\x069\xa3r\x87\x9eK\xbd\xf4O\xb1a")
(1, b'0E\x02!\x00\xb7~\x00\xffN\xcb\xf5.\xa2\x15\x9bVr\x16\xcdnr\xf2R?Q#\xe8w%\x93\xb0c\xd7\xd7\x95\x16\x02 \x03\x97\xbb\xaa\x08,A\x8a\xa4\x0e\xc6\x14@\x1eO.\xfdy\x17\x91\xa4\x07V \xf7+^\x12\x13~.\x91')
(4, b"0E\x02!\x00\x83\xfc\xebp\x1f\x0eex\x93\x05D\x18\x8e*'\xbf5\x8b\xbd\xf1i\xff\x7f\xdd\x1e\xff\x8elbJ)o\x02 \\\xf8\xf1\xf2E\xfc\xf6A\xb7\xc6\xbc$\xc4\xdbD\xf3\x96\xe1S\xda\x069\xa3r\x87\x9eK\xbd\xf4O\xb1a")
(1, b'0E\x02!\x00\xb7~\x00\xffN\xcb\xf5.\xa2\x15\x9bVr\x16\xcdnr\xf2R?Q#\xe8w%\x93\xb0c\xd7\xd7\x95\x16\x02 \x03\x97\xbb\xaa\x08,A\x8a\xa4\x0e\xc6\x14@\x1eO.\xfdy\x17\x91\xa4\x07V \xf7+^\x12\x13~.\x91')
(4, b"0E\x02!\x00\x83\xfc\xebp\x1f\x0eex\x93\x05D\x18\x8e*'\xbf5\x8b\xbd\xf1i\xff\x7f\xdd\x1e\xff\x8elbJ)o\x02 \\\xf8\xf1\xf2E\xfc\xf6A\xb7\xc6\xbc$\xc4\xdbD\xf3\x96\xe1S\xda\x069\xa3r\x87\x9eK\xbd\xf4O\xb1a")
(1, b'0E\x02!\x00\xb7~\x00\xffN\xcb\xf5.\xa2\x15\x9bVr\x16\xcdnr\xf2R?Q#\xe8w%\x93\xb0c\xd7\xd7\x95\x16\x02 \x03\x97\xbb\xaa\x08,A\x8a\xa4\x0e\xc6\x14@\x1eO.\xfdy\x17\x91\xa4\x07V \xf7+^\x12\x13~.\x91')
(4, b"0E\x02!\x00\x83\xfc\xebp\x1f\x0eex\x93\x05D\x18\x8e*'\xbf5\x8b\xbd\xf1i\xff\x7f\xdd\x1e\xff\x8elbJ)o\x02 \\\xf8\xf1\xf2E\xfc\xf6A\xb7\xc6\xbc$\xc4\xdbD\xf3\x96\xe1S\xda\x069\xa3r\x87\x9eK\xbd\xf4O\xb1a")
(1, b'0E\x02!\x00\xb7~\x00\xffN\xcb\xf5.\xa2\x15\x9bVr\x16\xcdnr\xf2R?Q#\xe8w%\x93\xb0c\xd7\xd7\x95\x16\x02 \x03\x97\xbb\xaa\x08,A\x8a\xa4\x0e\xc6\x14@\x1eO.\xfdy\x17\x91\xa4\x07V \xf7+^\x12\x13~.\x91')
(4, b"0E\x02!\x00\x83\xfc\xebp\x1f\x0eex\x93\x05D\x18\x8e*'\xbf5\x8b\xbd\xf1i\xff\x7f\xdd\x1e\xff\x8elbJ)o\x02 \\\xf8\xf1\xf2E\xfc\xf6A\xb7\xc6\xbc$\xc4\xdbD\xf3\x96\xe1S\xda\x069\xa3r\x87\x9eK\xbd\xf4O\xb1a")
(1, b'0E\x02!\x00\xb7~\x00\xffN\xcb\xf5.\xa2\x15\x9bVr\x16\xcdnr\xf2R?Q#\xe8w%\x93\xb0c\xd7\xd7\x95\x16\x02 \x03\x97\xbb\xaa\x08,A\x8a\xa4\x0e\xc6\x14@\x1eO.\xfdy\x17\x91\xa4\x07V \xf7+^\x12\x13~.\x91')
(4, b"0E\x02!\x00\x83\xfc\xebp\x1f\x0eex\x93\x05D\x18\x8e*'\xbf5\x8b\xbd\xf1i\xff\x7f\xdd\x1e\xff\x8elbJ)o\x02 \\\xf8\xf1\xf2E\xfc\xf6A\xb7\xc6\xbc$\xc4\xdbD\xf3\x96\xe1S\xda\x069\xa3r\x87\x9eK\xbd\xf4O\xb1a")
(1, b'0E\x02!\x00\xb7~\x00\xffN\xcb\xf5.\xa2\x15\x9bVr\x16\xcdnr\xf2R?Q#\xe8w%\x93\xb0c\xd7\xd7\x95\x16\x02 \x03\x97\xbb\xaa\x08,A\x8a\xa4\x0e\xc6\x14@\x1eO.\xfdy\x17\x91\xa4\x07V \xf7+^\x12\x13~.\x91')
(4, b"0E\x02!\x00\x83\xfc\xebp\x1f\x0eex\x93\x05D\x18\x8e*'\xbf5\x8b\xbd\xf1i\xff\x7f\xdd\x1e\xff\x8elbJ)o\x02 \\\xf8\xf1\xf2E\xfc\xf6A\xb7\xc6\xbc$\xc4\xdbD\xf3\x96\xe1S\xda\x069\xa3r\x87\x9eK\xbd\xf4O\xb1a")
(1, b'0E\x02!\x00\xb7~\x00\xffN\xcb\xf5.\xa2\x15\x9bVr\x16\xcdnr\xf2R?Q#\xe8w%\x93\xb0c\xd7\xd7\x95\x16\x02 \x03\x97\xbb\xaa\x08,A\x8a\xa4\x0e\xc6\x14@\x1eO.\xfdy\x17\x91\xa4\x07V \xf7+^\x12\x13~.\x91')
(4, b"0E\x02!\x00\x83\xfc\xebp\x1f\x0eex\x93\x05D\x18\x8e*'\xbf5\x8b\xbd\xf1i\xff\x7f\xdd\x1e\xff\x8elbJ)o\x02 \\\xf8\xf1\xf2E\xfc\xf6A\xb7\xc6\xbc$\xc4\xdbD\xf3\x96\xe1S\xda\x069\xa3r\x87\x9eK\xbd\xf4O\xb1a")
(1, b'0E\x02!\x00\xb7~\x00\xffN\xcb\xf5.\xa2\x15\x9bVr\x16\xcdnr\xf2R?Q#\xe8w%\x93\xb0c\xd7\xd7\x95\x16\x02 \x03\x97\xbb\xaa\x08,A\x8a\xa4\x0e\xc6\x14@\x1eO.\xfdy\x17\x91\xa4\x07V \xf7+^\x12\x13~.\x91')
(4, b"0E\x02!\x00\x83\xfc\xebp\x1f\x0eex\x93\x05D\x18\x8e*'\xbf5\x8b\xbd\xf1i\xff\x7f\xdd\x1e\xff\x8elbJ)o\x02 \\\xf8\xf1\xf2E\xfc\xf6A\xb7\xc6\xbc$\xc4\xdbD\xf3\x96\xe1S\xda\x069\xa3r\x87\x9eK\xbd\xf4O\xb1a")
(1, b'0E\x02!\x00\xb7~\x00\xffN\xcb\xf5.\xa2\x15\x9bVr\x16\xcdnr\xf2R?Q#\xe8w%\x93\xb0c\xd7\xd7\x95\x16\x02 \x03\x97\xbb\xaa\x08,A\x8a\xa4\x0e\xc6\x14@\x1eO.\xfdy\x17\x91\xa4\x07V \xf7+^\x12\x13~.\x91')
(4, b"0E\x02!\x00\x83\xfc\xebp\x1f\x0eex\x93\x05D\x18\x8e*'\xbf5\x8b\xbd\xf1i\xff\x7f\xdd\x1e\xff\x8elbJ)o\x02 \\\xf8\xf1\xf2E\xfc\xf6A\xb7\xc6\xbc$\xc4\xdbD\xf3\x96\xe1S\xda\x069\xa3r\x87\x9eK\xbd\xf4O\xb1a")
(1, b'0E\x02!\x00\xb7~\x00\xffN\xcb\xf5.\xa2\x15\x9bVr\x16\xcdnr\xf2R?Q#\xe8w%\x93\xb0c\xd7\xd7\x95\x16\x02 \x03\x97\xbb\xaa\x08,A\x8a\xa4\x0e\xc6\x14@\x1eO.\xfdy\x17\x91\xa4\x07V \xf7+^\x12\x13~.\x91')
(4, b"0E\x02!\x00\x83\xfc\xebp\x1f\x0eex\x93\x05D\x18\x8e*'\xbf5\x8b\xbd\xf1i\xff\x7f\xdd\x1e\xff\x8elbJ)o\x02 \\\xf8\xf1\xf2E\xfc\xf6A\xb7\xc6\xbc$\xc4\xdbD\xf3\x96\xe1S\xda\x069\xa3r\x87\x9eK\xbd\xf4O\xb1a")
(1, b'0E\x02!\x00\xb7~\x00\xffN\xcb\xf5.\xa2\x15\x9bVr\x16\xcdnr\xf2R?Q#\xe8w%\x93\xb0c\xd7\xd7\x95\x16\x02 \x03\x97\xbb\xaa\x08,A\x8a\xa4\x0e\xc6\x14@\x1eO.\xfdy\x17\x91\xa4\x07V \xf7+^\x12\x13~.\x91')
4 config verify passed!!!!
Node 4 read a proofchain using 0.008862 sec
node 4 breaks in 18.884603 seconds with 20 round, adkr_old avg time: 0.938172, pc size: 85612, verify time: 0.008862
4 set stop as true
