main
here debug =  False
here N =  15
m= 0
15
15 4 1
[0, 1, 2, 3, 4, 5, 6, 7, 8, 9, 10, 11, 12, 13, 14]
1 <class 'int'>
[]
[]
debug is  False
False
waiting for network ready...
waiting for network ready...
12 start to run round 0 C: [0, 1, 2, 3, 4, 5, 6, 7, 8, 9, 10, 11, 12, 13, 14] N: 15
Node 12 Delivers ACS Block in Round 0 with having 50000 TXs
this round time: 0.37932682037353516
Node 12 counting so-far tps: 131411.699243, latency 0.380484
12 start to run round 1 C: [0, 1, 2, 3, 4, 5, 6, 7, 8, 9, 10, 11, 12, 13, 14] N: 15
Node 12 Delivers ACS Block in Round 1 with having 70000 TXs
this round time: 0.44437479972839355
Node 12 counting so-far tps: 144459.398566, latency 0.415342
12 start to run round 2 C: [0, 1, 2, 3, 4, 5, 6, 7, 8, 9, 10, 11, 12, 13, 14] N: 15
Node 12 Delivers ACS Block in Round 2 with having 75000 TXs
this round time: 0.4511709213256836
Node 12 counting so-far tps: 150916.560260, latency 0.430702
12 start to run round 3 C: [0, 1, 2, 3, 4, 5, 6, 7, 8, 9, 10, 11, 12, 13, 14] N: 15
Node 12 Delivers ACS Block in Round 3 with having 75000 TXs
this round time: 0.43837928771972656
Node 12 counting so-far tps: 154967.186909, latency 0.435576
12 start to run round 4 C: [0, 1, 2, 3, 4, 5, 6, 7, 8, 9, 10, 11, 12, 13, 14] N: 15
Node 12 Delivers ACS Block in Round 4 with having 75000 TXs
this round time: 0.42978549003601074
Node 12 counting so-far tps: 157275.766791, latency 0.438720
12 start to run round 5 C: [0, 1, 2, 3, 4, 5, 6, 7, 8, 9, 10, 11, 12, 13, 14] N: 15
Node 12 Delivers ACS Block in Round 5 with having 75000 TXs
this round time: 0.440704345703125
Node 12 counting so-far tps: 158425.664414, latency 0.441848
12 start to run round 6 C: [0, 1, 2, 3, 4, 5, 6, 7, 8, 9, 10, 11, 12, 13, 14] N: 15
Node 12 Delivers ACS Block in Round 6 with having 75000 TXs
this round time: 0.4423329830169678
Node 12 counting so-far tps: 158999.949685, latency 0.444744
12 start to run round 7 C: [0, 1, 2, 3, 4, 5, 6, 7, 8, 9, 10, 11, 12, 13, 14] N: 15
Node 12 Delivers ACS Block in Round 7 with having 75000 TXs
this round time: 0.5669968128204346
Node 12 counting so-far tps: 154216.268612, latency 0.462014
12 start to run round 8 C: [0, 1, 2, 3, 4, 5, 6, 7, 8, 9, 10, 11, 12, 13, 14] N: 15
Node 12 Delivers ACS Block in Round 8 with having 75000 TXs
this round time: 0.4346177577972412
Node 12 counting so-far tps: 155666.446266, latency 0.460386
12 start to run round 9 C: [0, 1, 2, 3, 4, 5, 6, 7, 8, 9, 10, 11, 12, 13, 14] N: 15
Node 12 Delivers ACS Block in Round 9 with having 70000 TXs
this round time: 0.4237968921661377
Node 12 counting so-far tps: 156084.004687, latency 0.458087
12 start to run round 10 C: [0, 1, 2, 3, 4, 5, 6, 7, 8, 9, 10, 11, 12, 13, 14] N: 15
Node 12 Delivers ACS Block in Round 10 with having 70000 TXs
this round time: 0.443448543548584
Node 12 counting so-far tps: 155778.825610, latency 0.458109
12 start to run round 11 C: [0, 1, 2, 3, 4, 5, 6, 7, 8, 9, 10, 11, 12, 13, 14] N: 15
Node 12 Delivers ACS Block in Round 11 with having 75000 TXs
this round time: 0.4470982551574707
Node 12 counting so-far tps: 156350.474244, latency 0.458372
12 start to run round 12 C: [0, 1, 2, 3, 4, 5, 6, 7, 8, 9, 10, 11, 12, 13, 14] N: 15
Node 12 Delivers ACS Block in Round 12 with having 75000 TXs
this round time: 0.43676161766052246
Node 12 counting so-far tps: 157155.815703, latency 0.457655
12 start to run round 13 C: [0, 1, 2, 3, 4, 5, 6, 7, 8, 9, 10, 11, 12, 13, 14] N: 15
Node 12 Delivers ACS Block in Round 13 with having 75000 TXs
this round time: 0.45128655433654785
Node 12 counting so-far tps: 157486.969791, latency 0.458088
12 start to run round 14 C: [0, 1, 2, 3, 4, 5, 6, 7, 8, 9, 10, 11, 12, 13, 14] N: 15
Node 12 Delivers ACS Block in Round 14 with having 75000 TXs
this round time: 0.43221282958984375
Node 12 counting so-far tps: 158153.247424, latency 0.457362
12 start to run round 15 C: [0, 1, 2, 3, 4, 5, 6, 7, 8, 9, 10, 11, 12, 13, 14] N: 15
Node 12 Delivers ACS Block in Round 15 with having 75000 TXs
this round time: 0.42997002601623535
Node 12 counting so-far tps: 158814.564049, latency 0.456507
12 start to run round 16 C: [0, 1, 2, 3, 4, 5, 6, 7, 8, 9, 10, 11, 12, 13, 14] N: 15
Node 12 Delivers ACS Block in Round 16 with having 75000 TXs
this round time: 0.45050859451293945
Node 12 counting so-far tps: 158995.978511, latency 0.456911
12 start to run round 17 C: [0, 1, 2, 3, 4, 5, 6, 7, 8, 9, 10, 11, 12, 13, 14] N: 15
Node 12 Delivers ACS Block in Round 17 with having 75000 TXs
this round time: 0.4464833736419678
Node 12 counting so-far tps: 159249.090334, latency 0.457006
12 start to run round 18 C: [0, 1, 2, 3, 4, 5, 6, 7, 8, 9, 10, 11, 12, 13, 14] N: 15
Node 12 Delivers ACS Block in Round 18 with having 75000 TXs
this round time: 0.44803714752197266
Node 12 counting so-far tps: 159399.018193, latency 0.457310
12 start to run round 19 C: [0, 1, 2, 3, 4, 5, 6, 7, 8, 9, 10, 11, 12, 13, 14] N: 15
Node 12 Delivers ACS Block in Round 19 with having 75000 TXs
this round time: 0.44014859199523926
Node 12 counting so-far tps: 159658.365602, latency 0.457226
12 start to run round 20 C: [0, 1, 2, 3, 4, 5, 6, 7, 8, 9, 10, 11, 12, 13, 14] N: 15
Node 12 Delivers ACS Block in Round 20 with having 75000 TXs
this round time: 0.5198612213134766
Node 12 counting so-far tps: 158613.031386, latency 0.460840
12 start to run round 21 C: [0, 1, 2, 3, 4, 5, 6, 7, 8, 9, 10, 11, 12, 13, 14] N: 15
Node 12 Delivers ACS Block in Round 21 with having 70000 TXs
this round time: 0.44538092613220215
Node 12 counting so-far tps: 158349.524671, latency 0.460718
12 start to run round 22 C: [0, 1, 2, 3, 4, 5, 6, 7, 8, 9, 10, 11, 12, 13, 14] N: 15
Node 12 Delivers ACS Block in Round 22 with having 70000 TXs
this round time: 0.42560243606567383
Node 12 counting so-far tps: 158382.946601, latency 0.459810
12 start to run round 23 C: [0, 1, 2, 3, 4, 5, 6, 7, 8, 9, 10, 11, 12, 13, 14] N: 15
Node 12 Delivers ACS Block in Round 23 with having 75000 TXs
this round time: 0.4384498596191406
Node 12 counting so-far tps: 158695.760042, latency 0.459475
12 start to run round 24 C: [0, 1, 2, 3, 4, 5, 6, 7, 8, 9, 10, 11, 12, 13, 14] N: 15
Node 12 Delivers ACS Block in Round 24 with having 75000 TXs
this round time: 0.4425015449523926
Node 12 counting so-far tps: 158924.491335, latency 0.459338
12 start to run round 25 C: [0, 1, 2, 3, 4, 5, 6, 7, 8, 9, 10, 11, 12, 13, 14] N: 15
Node 12 Delivers ACS Block in Round 25 with having 75000 TXs
this round time: 0.4332704544067383
Node 12 counting so-far tps: 159267.414202, latency 0.458832
12 start to run round 26 C: [0, 1, 2, 3, 4, 5, 6, 7, 8, 9, 10, 11, 12, 13, 14] N: 15
Node 12 Delivers ACS Block in Round 26 with having 75000 TXs
this round time: 0.43308091163635254
Node 12 counting so-far tps: 159563.465584, latency 0.458427
12 start to run round 27 C: [0, 1, 2, 3, 4, 5, 6, 7, 8, 9, 10, 11, 12, 13, 14] N: 15
Node 12 Delivers ACS Block in Round 27 with having 70000 TXs
this round time: 0.4259171485900879
Node 12 counting so-far tps: 159551.163423, latency 0.457757
12 start to run round 28 C: [0, 1, 2, 3, 4, 5, 6, 7, 8, 9, 10, 11, 12, 13, 14] N: 15
Node 12 Delivers ACS Block in Round 28 with having 70000 TXs
this round time: 0.4206511974334717
Node 12 counting so-far tps: 159594.019159, latency 0.456978
12 start to run round 29 C: [0, 1, 2, 3, 4, 5, 6, 7, 8, 9, 10, 11, 12, 13, 14] N: 15
Node 12 Delivers ACS Block in Round 29 with having 75000 TXs
this round time: 0.4425468444824219
Node 12 counting so-far tps: 159749.568753, latency 0.456965
12 start to run round 30 C: [0, 1, 2, 3, 4, 5, 6, 7, 8, 9, 10, 11, 12, 13, 14] N: 15
Node 12 Delivers ACS Block in Round 30 with having 75000 TXs
this round time: 0.5056705474853516
Node 12 counting so-far tps: 159206.650988, latency 0.458929
12 start to run round 31 C: [0, 1, 2, 3, 4, 5, 6, 7, 8, 9, 10, 11, 12, 13, 14] N: 15
Node 12 Delivers ACS Block in Round 31 with having 75000 TXs
this round time: 0.5022420883178711
Node 12 counting so-far tps: 158734.342108, latency 0.460675
12 start to run round 32 C: [0, 1, 2, 3, 4, 5, 6, 7, 8, 9, 10, 11, 12, 13, 14] N: 15
Node 12 Delivers ACS Block in Round 32 with having 75000 TXs
this round time: 0.44831347465515137
Node 12 counting so-far tps: 158857.675078, latency 0.460675
12 start to run round 33 C: [0, 1, 2, 3, 4, 5, 6, 7, 8, 9, 10, 11, 12, 13, 14] N: 15
Node 12 Delivers ACS Block in Round 33 with having 75000 TXs
this round time: 0.43087267875671387
Node 12 counting so-far tps: 159152.302554, latency 0.460159
12 start to run round 34 C: [0, 1, 2, 3, 4, 5, 6, 7, 8, 9, 10, 11, 12, 13, 14] N: 15
Node 12 Delivers ACS Block in Round 34 with having 75000 TXs
this round time: 0.45674562454223633
Node 12 counting so-far tps: 159146.049509, latency 0.460493
12 start to run round 35 C: [0, 1, 2, 3, 4, 5, 6, 7, 8, 9, 10, 11, 12, 13, 14] N: 15
Node 12 Delivers ACS Block in Round 35 with having 75000 TXs
this round time: 0.4162015914916992
Node 12 counting so-far tps: 159560.810159, latency 0.459595
12 start to run round 36 C: [0, 1, 2, 3, 4, 5, 6, 7, 8, 9, 10, 11, 12, 13, 14] N: 15
Node 12 Delivers ACS Block in Round 36 with having 75000 TXs
this round time: 0.46716856956481934
Node 12 counting so-far tps: 159462.112963, latency 0.460162
12 start to run round 37 C: [0, 1, 2, 3, 4, 5, 6, 7, 8, 9, 10, 11, 12, 13, 14] N: 15
Node 12 Delivers ACS Block in Round 37 with having 75000 TXs
this round time: 0.4460794925689697
Node 12 counting so-far tps: 159571.015113, latency 0.460115
12 start to run round 38 C: [0, 1, 2, 3, 4, 5, 6, 7, 8, 9, 10, 11, 12, 13, 14] N: 15
Node 12 Delivers ACS Block in Round 38 with having 75000 TXs
this round time: 0.448779821395874
Node 12 counting so-far tps: 159652.254155, latency 0.460135
12 start to run round 39 C: [0, 1, 2, 3, 4, 5, 6, 7, 8, 9, 10, 11, 12, 13, 14] N: 15
Node 12 Delivers ACS Block in Round 39 with having 75000 TXs
this round time: 0.44818782806396484
Node 12 counting so-far tps: 159729.435226, latency 0.460153
12 start to run round 40 C: [0, 1, 2, 3, 4, 5, 6, 7, 8, 9, 10, 11, 12, 13, 14] N: 15
Node 12 Delivers ACS Block in Round 40 with having 75000 TXs
this round time: 0.4414370059967041
Node 12 counting so-far tps: 159863.547524, latency 0.459996
12 start to run round 41 C: [0, 1, 2, 3, 4, 5, 6, 7, 8, 9, 10, 11, 12, 13, 14] N: 15
Node 12 Delivers ACS Block in Round 41 with having 75000 TXs
this round time: 0.43983006477355957
Node 12 counting so-far tps: 160000.586651, latency 0.459820
12 start to run round 42 C: [0, 1, 2, 3, 4, 5, 6, 7, 8, 9, 10, 11, 12, 13, 14] N: 15
Node 12 Delivers ACS Block in Round 42 with having 75000 TXs
this round time: 0.41850924491882324
Node 12 counting so-far tps: 160303.000476, latency 0.459160
12 start to run round 43 C: [0, 1, 2, 3, 4, 5, 6, 7, 8, 9, 10, 11, 12, 13, 14] N: 15
Node 12 Delivers ACS Block in Round 43 with having 75000 TXs
this round time: 0.46240234375
Node 12 counting so-far tps: 160217.295410, latency 0.459603
12 start to run round 44 C: [0, 1, 2, 3, 4, 5, 6, 7, 8, 9, 10, 11, 12, 13, 14] N: 15
Node 12 Delivers ACS Block in Round 44 with having 75000 TXs
this round time: 0.4594237804412842
Node 12 counting so-far tps: 160190.484966, latency 0.459869
12 start to run round 45 C: [0, 1, 2, 3, 4, 5, 6, 7, 8, 9, 10, 11, 12, 13, 14] N: 15
Node 12 Delivers ACS Block in Round 45 with having 75000 TXs
this round time: 0.43814849853515625
Node 12 counting so-far tps: 160325.356491, latency 0.459663
12 start to run round 46 C: [0, 1, 2, 3, 4, 5, 6, 7, 8, 9, 10, 11, 12, 13, 14] N: 15
Node 12 Delivers ACS Block in Round 46 with having 75000 TXs
this round time: 0.46508002281188965
Node 12 counting so-far tps: 160250.735094, latency 0.460050
12 start to run round 47 C: [0, 1, 2, 3, 4, 5, 6, 7, 8, 9, 10, 11, 12, 13, 14] N: 15
Node 12 Delivers ACS Block in Round 47 with having 75000 TXs
this round time: 0.4446547031402588
Node 12 counting so-far tps: 160322.850247, latency 0.460009
12 start to run round 48 C: [0, 1, 2, 3, 4, 5, 6, 7, 8, 9, 10, 11, 12, 13, 14] N: 15
Node 12 Delivers ACS Block in Round 48 with having 75000 TXs
this round time: 0.4439046382904053
Node 12 counting so-far tps: 160405.790101, latency 0.459930
12 start to run round 49 C: [0, 1, 2, 3, 4, 5, 6, 7, 8, 9, 10, 11, 12, 13, 14] N: 15
Node 12 Delivers ACS Block in Round 49 with having 75000 TXs
this round time: 0.4519641399383545
Node 12 counting so-far tps: 160430.784686, latency 0.460011
12 start to run round 50 C: [0, 1, 2, 3, 4, 5, 6, 7, 8, 9, 10, 11, 12, 13, 14] N: 15
Node 12 Delivers ACS Block in Round 50 with having 75000 TXs
this round time: 0.43759846687316895
Node 12 counting so-far tps: 160546.630336, latency 0.459826
12 start to run round 51 C: [0, 1, 2, 3, 4, 5, 6, 7, 8, 9, 10, 11, 12, 13, 14] N: 15
Node 12 Delivers ACS Block in Round 51 with having 75000 TXs
this round time: 0.8644604682922363
Node 12 counting so-far tps: 157845.946926, latency 0.467837
12 start to run round 52 C: [0, 1, 2, 3, 4, 5, 6, 7, 8, 9, 10, 11, 12, 13, 14] N: 15
Node 12 Delivers ACS Block in Round 52 with having 75000 TXs
this round time: 0.3520374298095703
Node 12 counting so-far tps: 158547.738378, latency 0.465903
12 start to run round 53 C: [0, 1, 2, 3, 4, 5, 6, 7, 8, 9, 10, 11, 12, 13, 14] N: 15
Node 12 Delivers ACS Block in Round 53 with having 70000 TXs
this round time: 0.2905745506286621
Node 12 counting so-far tps: 159430.148892, latency 0.462875
12 start to run round 54 C: [0, 1, 2, 3, 4, 5, 6, 7, 8, 9, 10, 11, 12, 13, 14] N: 15
Node 12 Delivers ACS Block in Round 54 with having 70000 TXs
this round time: 0.27950477600097656
Node 12 counting so-far tps: 160365.538968, latency 0.459745
12 start to run round 55 C: [0, 1, 2, 3, 4, 5, 6, 7, 8, 9, 10, 11, 12, 13, 14] N: 15
Node 12 Delivers ACS Block in Round 55 with having 70000 TXs
this round time: 0.37816667556762695
Node 12 counting so-far tps: 160653.462905, latency 0.458507
12 start to run round 56 C: [0, 1, 2, 3, 4, 5, 6, 7, 8, 9, 10, 11, 12, 13, 14] N: 15
Node 12 Delivers ACS Block in Round 56 with having 75000 TXs
this round time: 0.4727902412414551
Node 12 counting so-far tps: 160542.912644, latency 0.458969
12 start to run round 57 C: [0, 1, 2, 3, 4, 5, 6, 7, 8, 9, 10, 11, 12, 13, 14] N: 15
Node 12 Delivers ACS Block in Round 57 with having 75000 TXs
this round time: 0.4404447078704834
Node 12 counting so-far tps: 160629.623813, latency 0.458862
12 start to run round 58 C: [0, 1, 2, 3, 4, 5, 6, 7, 8, 9, 10, 11, 12, 13, 14] N: 15
Node 12 Delivers ACS Block in Round 58 with having 70000 TXs
this round time: 0.4289512634277344
Node 12 counting so-far tps: 160598.236410, latency 0.458561
12 start to run round 59 C: [0, 1, 2, 3, 4, 5, 6, 7, 8, 9, 10, 11, 12, 13, 14] N: 15
Node 12 Delivers ACS Block in Round 59 with having 70000 TXs
this round time: 0.42176365852355957
Node 12 counting so-far tps: 160607.900988, latency 0.458155
12 start to run round 60 C: [0, 1, 2, 3, 4, 5, 6, 7, 8, 9, 10, 11, 12, 13, 14] N: 15
Node 12 Delivers ACS Block in Round 60 with having 75000 TXs
this round time: 0.45051026344299316
Node 12 counting so-far tps: 160625.967241, latency 0.458248
12 start to run round 61 C: [0, 1, 2, 3, 4, 5, 6, 7, 8, 9, 10, 11, 12, 13, 14] N: 15
Node 12 Delivers ACS Block in Round 61 with having 75000 TXs
this round time: 0.4547884464263916
Node 12 counting so-far tps: 160628.229857, latency 0.458382
12 start to run round 62 C: [0, 1, 2, 3, 4, 5, 6, 7, 8, 9, 10, 11, 12, 13, 14] N: 15
Node 12 Delivers ACS Block in Round 62 with having 75000 TXs
this round time: 0.4419846534729004
Node 12 counting so-far tps: 160699.560390, latency 0.458314
12 start to run round 63 C: [0, 1, 2, 3, 4, 5, 6, 7, 8, 9, 10, 11, 12, 13, 14] N: 15
Node 12 Delivers ACS Block in Round 63 with having 75000 TXs
this round time: 0.4415099620819092
Node 12 counting so-far tps: 160769.468837, latency 0.458245
12 start to run round 64 C: [0, 1, 2, 3, 4, 5, 6, 7, 8, 9, 10, 11, 12, 13, 14] N: 15
Node 12 Delivers ACS Block in Round 64 with having 75000 TXs
this round time: 0.4429447650909424
Node 12 counting so-far tps: 160821.669055, latency 0.458224
12 start to run round 65 C: [0, 1, 2, 3, 4, 5, 6, 7, 8, 9, 10, 11, 12, 13, 14] N: 15
Node 12 Delivers ACS Block in Round 65 with having 75000 TXs
this round time: 0.45107483863830566
Node 12 counting so-far tps: 160840.946061, latency 0.458292
12 start to run round 66 C: [0, 1, 2, 3, 4, 5, 6, 7, 8, 9, 10, 11, 12, 13, 14] N: 15
Node 12 Delivers ACS Block in Round 66 with having 75000 TXs
this round time: 0.4440493583679199
Node 12 counting so-far tps: 160894.548598, latency 0.458259
12 start to run round 67 C: [0, 1, 2, 3, 4, 5, 6, 7, 8, 9, 10, 11, 12, 13, 14] N: 15
Node 12 Delivers ACS Block in Round 67 with having 75000 TXs
this round time: 0.48311352729797363
Node 12 counting so-far tps: 160741.826007, latency 0.458810
12 start to run round 68 C: [0, 1, 2, 3, 4, 5, 6, 7, 8, 9, 10, 11, 12, 13, 14] N: 15
Node 12 Delivers ACS Block in Round 68 with having 75000 TXs
this round time: 0.43471193313598633
Node 12 counting so-far tps: 160843.263519, latency 0.458634
12 start to run round 69 C: [0, 1, 2, 3, 4, 5, 6, 7, 8, 9, 10, 11, 12, 13, 14] N: 15
Node 12 Delivers ACS Block in Round 69 with having 75000 TXs
this round time: 0.5279145240783691
Node 12 counting so-far tps: 160477.097939, latency 0.459790
12 start to run round 70 C: [0, 1, 2, 3, 4, 5, 6, 7, 8, 9, 10, 11, 12, 13, 14] N: 15
Node 12 Delivers ACS Block in Round 70 with having 70000 TXs
this round time: 0.43933892250061035
Node 12 counting so-far tps: 160400.048749, latency 0.459678
12 start to run round 71 C: [0, 1, 2, 3, 4, 5, 6, 7, 8, 9, 10, 11, 12, 13, 14] N: 15
Node 12 Delivers ACS Block in Round 71 with having 75000 TXs
this round time: 0.4469590187072754
Node 12 counting so-far tps: 160424.673691, latency 0.459717
12 start to run round 72 C: [0, 1, 2, 3, 4, 5, 6, 7, 8, 9, 10, 11, 12, 13, 14] N: 15
Node 12 Delivers ACS Block in Round 72 with having 75000 TXs
this round time: 0.46770644187927246
Node 12 counting so-far tps: 160356.578566, latency 0.460019
12 start to run round 73 C: [0, 1, 2, 3, 4, 5, 6, 7, 8, 9, 10, 11, 12, 13, 14] N: 15
Node 12 Delivers ACS Block in Round 73 with having 75000 TXs
this round time: 0.42300868034362793
Node 12 counting so-far tps: 160480.583040, latency 0.459768
12 start to run round 74 C: [0, 1, 2, 3, 4, 5, 6, 7, 8, 9, 10, 11, 12, 13, 14] N: 15
Node 12 Delivers ACS Block in Round 74 with having 75000 TXs
this round time: 0.44948697090148926
Node 12 counting so-far tps: 160509.252892, latency 0.459787
12 start to run round 75 C: [0, 1, 2, 3, 4, 5, 6, 7, 8, 9, 10, 11, 12, 13, 14] N: 15
Node 12 Delivers ACS Block in Round 75 with having 75000 TXs
this round time: 0.44875001907348633
Node 12 counting so-far tps: 160540.058717, latency 0.459797
12 start to run round 76 C: [0, 1, 2, 3, 4, 5, 6, 7, 8, 9, 10, 11, 12, 13, 14] N: 15
Node 12 Delivers ACS Block in Round 76 with having 75000 TXs
this round time: 0.45543456077575684
Node 12 counting so-far tps: 160537.264787, latency 0.459901
12 start to run round 77 C: [0, 1, 2, 3, 4, 5, 6, 7, 8, 9, 10, 11, 12, 13, 14] N: 15
Node 12 Delivers ACS Block in Round 77 with having 75000 TXs
this round time: 0.4504239559173584
Node 12 counting so-far tps: 160556.856406, latency 0.459938
12 start to run round 78 C: [0, 1, 2, 3, 4, 5, 6, 7, 8, 9, 10, 11, 12, 13, 14] N: 15
Node 12 Delivers ACS Block in Round 78 with having 75000 TXs
this round time: 0.4407620429992676
Node 12 counting so-far tps: 160618.468319, latency 0.459852
12 start to run round 79 C: [0, 1, 2, 3, 4, 5, 6, 7, 8, 9, 10, 11, 12, 13, 14] N: 15
Node 12 Delivers ACS Block in Round 79 with having 75000 TXs
this round time: 0.44150400161743164
Node 12 counting so-far tps: 160665.261817, latency 0.459807
12 start to run round 80 C: [0, 1, 2, 3, 4, 5, 6, 7, 8, 9, 10, 11, 12, 13, 14] N: 15
Node 12 Delivers ACS Block in Round 80 with having 75000 TXs
this round time: 0.4525010585784912
Node 12 counting so-far tps: 160670.097145, latency 0.459880
12 start to run round 81 C: [0, 1, 2, 3, 4, 5, 6, 7, 8, 9, 10, 11, 12, 13, 14] N: 15
Node 12 Delivers ACS Block in Round 81 with having 75000 TXs
this round time: 0.5039889812469482
Node 12 counting so-far tps: 160460.922752, latency 0.460563
12 start to run round 82 C: [0, 1, 2, 3, 4, 5, 6, 7, 8, 9, 10, 11, 12, 13, 14] N: 15
Node 12 Delivers ACS Block in Round 82 with having 75000 TXs
this round time: 0.44330787658691406
Node 12 counting so-far tps: 160507.585127, latency 0.460512
12 start to run round 83 C: [0, 1, 2, 3, 4, 5, 6, 7, 8, 9, 10, 11, 12, 13, 14] N: 15
Node 12 Delivers ACS Block in Round 83 with having 75000 TXs
this round time: 0.43585920333862305
Node 12 counting so-far tps: 160578.643270, latency 0.460389
12 start to run round 84 C: [0, 1, 2, 3, 4, 5, 6, 7, 8, 9, 10, 11, 12, 13, 14] N: 15
Node 12 Delivers ACS Block in Round 84 with having 75000 TXs
this round time: 0.43672943115234375
Node 12 counting so-far tps: 160653.613468, latency 0.460252
12 start to run round 85 C: [0, 1, 2, 3, 4, 5, 6, 7, 8, 9, 10, 11, 12, 13, 14] N: 15
Node 12 Delivers ACS Block in Round 85 with having 75000 TXs
this round time: 0.4432342052459717
Node 12 counting so-far tps: 160687.935253, latency 0.460230
12 start to run round 86 C: [0, 1, 2, 3, 4, 5, 6, 7, 8, 9, 10, 11, 12, 13, 14] N: 15
Node 12 Delivers ACS Block in Round 86 with having 75000 TXs
this round time: 0.436201810836792
Node 12 counting so-far tps: 160751.999523, latency 0.460122
12 start to run round 87 C: [0, 1, 2, 3, 4, 5, 6, 7, 8, 9, 10, 11, 12, 13, 14] N: 15
Node 12 Delivers ACS Block in Round 87 with having 75000 TXs
this round time: 0.44432950019836426
Node 12 counting so-far tps: 160785.181881, latency 0.460100
12 start to run round 88 C: [0, 1, 2, 3, 4, 5, 6, 7, 8, 9, 10, 11, 12, 13, 14] N: 15
Node 12 Delivers ACS Block in Round 88 with having 75000 TXs
this round time: 0.42885303497314453
Node 12 counting so-far tps: 160882.723476, latency 0.459893
12 start to run round 89 C: [0, 1, 2, 3, 4, 5, 6, 7, 8, 9, 10, 11, 12, 13, 14] N: 15
Node 12 Delivers ACS Block in Round 89 with having 70000 TXs
this round time: 0.4195690155029297
Node 12 counting so-far tps: 160879.686476, latency 0.459626
12 start to run round 90 C: [0, 1, 2, 3, 4, 5, 6, 7, 8, 9, 10, 11, 12, 13, 14] N: 15
Node 12 Delivers ACS Block in Round 90 with having 70000 TXs
this round time: 0.4265587329864502
Node 12 counting so-far tps: 160859.842499, latency 0.459413
12 start to run round 91 C: [0, 1, 2, 3, 4, 5, 6, 7, 8, 9, 10, 11, 12, 13, 14] N: 15
Node 12 Delivers ACS Block in Round 91 with having 75000 TXs
this round time: 0.44546008110046387
Node 12 counting so-far tps: 160890.801732, latency 0.459399
12 start to run round 92 C: [0, 1, 2, 3, 4, 5, 6, 7, 8, 9, 10, 11, 12, 13, 14] N: 15
Node 12 Delivers ACS Block in Round 92 with having 75000 TXs
this round time: 0.5530717372894287
Node 12 counting so-far tps: 160519.767182, latency 0.460534
12 start to run round 93 C: [0, 1, 2, 3, 4, 5, 6, 7, 8, 9, 10, 11, 12, 13, 14] N: 15
Node 12 Delivers ACS Block in Round 93 with having 75000 TXs
this round time: 0.46600794792175293
Node 12 counting so-far tps: 160480.609221, latency 0.460717
12 start to run round 94 C: [0, 1, 2, 3, 4, 5, 6, 7, 8, 9, 10, 11, 12, 13, 14] N: 15
Node 12 Delivers ACS Block in Round 94 with having 75000 TXs
this round time: 0.4712071418762207
Node 12 counting so-far tps: 160425.137221, latency 0.460946
12 start to run round 95 C: [0, 1, 2, 3, 4, 5, 6, 7, 8, 9, 10, 11, 12, 13, 14] N: 15
Node 12 Delivers ACS Block in Round 95 with having 75000 TXs
this round time: 0.8827617168426514
Node 12 counting so-far tps: 158889.593481, latency 0.465470
12 start to run round 96 C: [0, 1, 2, 3, 4, 5, 6, 7, 8, 9, 10, 11, 12, 13, 14] N: 15
Node 12 Delivers ACS Block in Round 96 with having 75000 TXs
this round time: 0.3208787441253662
Node 12 counting so-far tps: 159382.893143, latency 0.464097
12 start to run round 97 C: [0, 1, 2, 3, 4, 5, 6, 7, 8, 9, 10, 11, 12, 13, 14] N: 15
Node 12 Delivers ACS Block in Round 97 with having 70000 TXs
this round time: 0.29747772216796875
Node 12 counting so-far tps: 159841.936668, latency 0.462510
12 start to run round 98 C: [0, 1, 2, 3, 4, 5, 6, 7, 8, 9, 10, 11, 12, 13, 14] N: 15
Node 12 Delivers ACS Block in Round 98 with having 70000 TXs
this round time: 0.3485219478607178
Node 12 counting so-far tps: 160109.879448, latency 0.461489
12 start to run round 99 C: [0, 1, 2, 3, 4, 5, 6, 7, 8, 9, 10, 11, 12, 13, 14] N: 15
Node 12 Delivers ACS Block in Round 99 with having 75000 TXs
this round time: 0.45372915267944336
Node 12 counting so-far tps: 160120.273438, latency 0.461528
12 start to run round 100 C: [0, 1, 2, 3, 4, 5, 6, 7, 8, 9, 10, 11, 12, 13, 14] N: 15
Node 12 Delivers ACS Block in Round 100 with having 75000 TXs
this round time: 0.4460265636444092
Node 12 counting so-far tps: 160155.289429, latency 0.461495
12 start to run round 101 C: [0, 1, 2, 3, 4, 5, 6, 7, 8, 9, 10, 11, 12, 13, 14] N: 15
Node 12 Delivers ACS Block in Round 101 with having 75000 TXs
this round time: 0.45336365699768066
Node 12 counting so-far tps: 160164.850458, latency 0.461534
12 start to run round 102 C: [0, 1, 2, 3, 4, 5, 6, 7, 8, 9, 10, 11, 12, 13, 14] N: 15
Node 12 Delivers ACS Block in Round 102 with having 75000 TXs
this round time: 0.4572916030883789
Node 12 counting so-far tps: 160161.341028, latency 0.461610
12 start to run round 103 C: [0, 1, 2, 3, 4, 5, 6, 7, 8, 9, 10, 11, 12, 13, 14] N: 15
Node 12 Delivers ACS Block in Round 103 with having 75000 TXs
this round time: 0.43176865577697754
Node 12 counting so-far tps: 160241.281530, latency 0.461444
12 start to run round 104 C: [0, 1, 2, 3, 4, 5, 6, 7, 8, 9, 10, 11, 12, 13, 14] N: 15
Node 12 Delivers ACS Block in Round 104 with having 75000 TXs
this round time: 0.4438784122467041
Node 12 counting so-far tps: 160279.603535, latency 0.461396
12 start to run round 105 C: [0, 1, 2, 3, 4, 5, 6, 7, 8, 9, 10, 11, 12, 13, 14] N: 15
Node 12 Delivers ACS Block in Round 105 with having 75000 TXs
this round time: 0.49970459938049316
Node 12 counting so-far tps: 160135.325136, latency 0.461874
12 start to run round 106 C: [0, 1, 2, 3, 4, 5, 6, 7, 8, 9, 10, 11, 12, 13, 14] N: 15
Node 12 Delivers ACS Block in Round 106 with having 75000 TXs
this round time: 0.453995943069458
Node 12 counting so-far tps: 160143.338442, latency 0.461911
12 start to run round 107 C: [0, 1, 2, 3, 4, 5, 6, 7, 8, 9, 10, 11, 12, 13, 14] N: 15
Node 12 Delivers ACS Block in Round 107 with having 75000 TXs
this round time: 0.4563782215118408
Node 12 counting so-far tps: 160143.351631, latency 0.461970
12 start to run round 108 C: [0, 1, 2, 3, 4, 5, 6, 7, 8, 9, 10, 11, 12, 13, 14] N: 15
Node 12 Delivers ACS Block in Round 108 with having 75000 TXs
this round time: 0.4429354667663574
Node 12 counting so-far tps: 160184.170119, latency 0.461911
12 start to run round 109 C: [0, 1, 2, 3, 4, 5, 6, 7, 8, 9, 10, 11, 12, 13, 14] N: 15
Node 12 Delivers ACS Block in Round 109 with having 75000 TXs
this round time: 0.4468502998352051
Node 12 counting so-far tps: 160212.983156, latency 0.461885
12 start to run round 110 C: [0, 1, 2, 3, 4, 5, 6, 7, 8, 9, 10, 11, 12, 13, 14] N: 15
Node 12 Delivers ACS Block in Round 110 with having 75000 TXs
this round time: 0.4640185832977295
Node 12 counting so-far tps: 160183.956425, latency 0.462025
12 start to run round 111 C: [0, 1, 2, 3, 4, 5, 6, 7, 8, 9, 10, 11, 12, 13, 14] N: 15
Node 12 Delivers ACS Block in Round 111 with having 75000 TXs
this round time: 0.444760799407959
Node 12 counting so-far tps: 160217.185673, latency 0.461985
12 start to run round 112 C: [0, 1, 2, 3, 4, 5, 6, 7, 8, 9, 10, 11, 12, 13, 14] N: 15
Node 12 Delivers ACS Block in Round 112 with having 75000 TXs
this round time: 0.4488334655761719
Node 12 counting so-far tps: 160236.451728, latency 0.461983
12 start to run round 113 C: [0, 1, 2, 3, 4, 5, 6, 7, 8, 9, 10, 11, 12, 13, 14] N: 15
Node 12 Delivers ACS Block in Round 113 with having 75000 TXs
this round time: 0.44808506965637207
Node 12 counting so-far tps: 160256.496402, latency 0.461979
12 start to run round 114 C: [0, 1, 2, 3, 4, 5, 6, 7, 8, 9, 10, 11, 12, 13, 14] N: 15
Node 12 Delivers ACS Block in Round 114 with having 75000 TXs
this round time: 0.44788551330566406
Node 12 counting so-far tps: 160278.139230, latency 0.461969
12 start to run round 115 C: [0, 1, 2, 3, 4, 5, 6, 7, 8, 9, 10, 11, 12, 13, 14] N: 15
Node 12 Delivers ACS Block in Round 115 with having 75000 TXs
this round time: 0.4560108184814453
Node 12 counting so-far tps: 160277.353608, latency 0.462022
12 start to run round 116 C: [0, 1, 2, 3, 4, 5, 6, 7, 8, 9, 10, 11, 12, 13, 14] N: 15
Node 12 Delivers ACS Block in Round 116 with having 75000 TXs
this round time: 0.4428274631500244
Node 12 counting so-far tps: 160310.195325, latency 0.461978
12 start to run round 117 C: [0, 1, 2, 3, 4, 5, 6, 7, 8, 9, 10, 11, 12, 13, 14] N: 15
Node 12 Delivers ACS Block in Round 117 with having 75000 TXs
this round time: 0.4431314468383789
Node 12 counting so-far tps: 160346.418299, latency 0.461924
12 start to run round 118 C: [0, 1, 2, 3, 4, 5, 6, 7, 8, 9, 10, 11, 12, 13, 14] N: 15
Node 12 Delivers ACS Block in Round 118 with having 75000 TXs
this round time: 0.4947676658630371
Node 12 counting so-far tps: 160231.064103, latency 0.462305
12 start to run round 119 C: [0, 1, 2, 3, 4, 5, 6, 7, 8, 9, 10, 11, 12, 13, 14] N: 15
Node 12 Delivers ACS Block in Round 119 with having 75000 TXs
this round time: 0.45024776458740234
Node 12 counting so-far tps: 160239.376487, latency 0.462329
12 start to run round 120 C: [0, 1, 2, 3, 4, 5, 6, 7, 8, 9, 10, 11, 12, 13, 14] N: 15
Node 12 Delivers ACS Block in Round 120 with having 75000 TXs
this round time: 0.44382810592651367
Node 12 counting so-far tps: 160268.960437, latency 0.462291
12 start to run round 121 C: [0, 1, 2, 3, 4, 5, 6, 7, 8, 9, 10, 11, 12, 13, 14] N: 15
Node 12 Delivers ACS Block in Round 121 with having 75000 TXs
this round time: 0.44434118270874023
Node 12 counting so-far tps: 160299.912907, latency 0.462248
12 start to run round 122 C: [0, 1, 2, 3, 4, 5, 6, 7, 8, 9, 10, 11, 12, 13, 14] N: 15
Node 12 Delivers ACS Block in Round 122 with having 75000 TXs
this round time: 0.44974565505981445
Node 12 counting so-far tps: 160316.162209, latency 0.462247
12 start to run round 123 C: [0, 1, 2, 3, 4, 5, 6, 7, 8, 9, 10, 11, 12, 13, 14] N: 15
Node 12 Delivers ACS Block in Round 123 with having 75000 TXs
this round time: 0.448638916015625
Node 12 counting so-far tps: 160336.247757, latency 0.462234
12 start to run round 124 C: [0, 1, 2, 3, 4, 5, 6, 7, 8, 9, 10, 11, 12, 13, 14] N: 15
Node 12 Delivers ACS Block in Round 124 with having 75000 TXs
this round time: 0.45165038108825684
Node 12 counting so-far tps: 160346.171419, latency 0.462250
12 start to run round 125 C: [0, 1, 2, 3, 4, 5, 6, 7, 8, 9, 10, 11, 12, 13, 14] N: 15
Node 12 Delivers ACS Block in Round 125 with having 75000 TXs
this round time: 0.44841885566711426
Node 12 counting so-far tps: 160363.254043, latency 0.462244
12 start to run round 126 C: [0, 1, 2, 3, 4, 5, 6, 7, 8, 9, 10, 11, 12, 13, 14] N: 15
Node 12 Delivers ACS Block in Round 126 with having 75000 TXs
this round time: 0.45520710945129395
Node 12 counting so-far tps: 160365.013304, latency 0.462282
12 start to run round 127 C: [0, 1, 2, 3, 4, 5, 6, 7, 8, 9, 10, 11, 12, 13, 14] N: 15
Node 12 Delivers ACS Block in Round 127 with having 75000 TXs
this round time: 0.4484846591949463
Node 12 counting so-far tps: 160379.172280, latency 0.462283
12 start to run round 128 C: [0, 1, 2, 3, 4, 5, 6, 7, 8, 9, 10, 11, 12, 13, 14] N: 15
Node 12 Delivers ACS Block in Round 128 with having 75000 TXs
this round time: 0.48057079315185547
Node 12 counting so-far tps: 160312.397270, latency 0.462517
12 start to run round 129 C: [0, 1, 2, 3, 4, 5, 6, 7, 8, 9, 10, 11, 12, 13, 14] N: 15
Node 12 Delivers ACS Block in Round 129 with having 75000 TXs
this round time: 0.4065704345703125
Node 12 counting so-far tps: 160442.665055, latency 0.462183
12 start to run round 130 C: [0, 1, 2, 3, 4, 5, 6, 7, 8, 9, 10, 11, 12, 13, 14] N: 15
Node 12 Delivers ACS Block in Round 130 with having 75000 TXs
this round time: 0.45334529876708984
Node 12 counting so-far tps: 160447.613321, latency 0.462209
12 start to run round 131 C: [0, 1, 2, 3, 4, 5, 6, 7, 8, 9, 10, 11, 12, 13, 14] N: 15
Node 12 Delivers ACS Block in Round 131 with having 75000 TXs
this round time: 0.49915385246276855
Node 12 counting so-far tps: 160329.749958, latency 0.462588
12 start to run round 132 C: [0, 1, 2, 3, 4, 5, 6, 7, 8, 9, 10, 11, 12, 13, 14] N: 15
Node 12 Delivers ACS Block in Round 132 with having 75000 TXs
this round time: 0.44513392448425293
Node 12 counting so-far tps: 160354.931819, latency 0.462555
12 start to run round 133 C: [0, 1, 2, 3, 4, 5, 6, 7, 8, 9, 10, 11, 12, 13, 14] N: 15
Node 12 Delivers ACS Block in Round 133 with having 75000 TXs
this round time: 0.44679927825927734
Node 12 counting so-far tps: 160377.863420, latency 0.462527
12 start to run round 134 C: [0, 1, 2, 3, 4, 5, 6, 7, 8, 9, 10, 11, 12, 13, 14] N: 15
Node 12 Delivers ACS Block in Round 134 with having 75000 TXs
this round time: 0.4502451419830322
Node 12 counting so-far tps: 160389.740083, latency 0.462531
12 start to run round 135 C: [0, 1, 2, 3, 4, 5, 6, 7, 8, 9, 10, 11, 12, 13, 14] N: 15
Node 12 Delivers ACS Block in Round 135 with having 75000 TXs
this round time: 0.44827914237976074
Node 12 counting so-far tps: 160407.685152, latency 0.462516
12 start to run round 136 C: [0, 1, 2, 3, 4, 5, 6, 7, 8, 9, 10, 11, 12, 13, 14] N: 15
Node 12 Delivers ACS Block in Round 136 with having 75000 TXs
this round time: 0.45488429069519043
Node 12 counting so-far tps: 160408.852403, latency 0.462550
12 start to run round 137 C: [0, 1, 2, 3, 4, 5, 6, 7, 8, 9, 10, 11, 12, 13, 14] N: 15
Node 12 Delivers ACS Block in Round 137 with having 75000 TXs
this round time: 0.4369668960571289
Node 12 counting so-far tps: 160456.674455, latency 0.462448
12 start to run round 138 C: [0, 1, 2, 3, 4, 5, 6, 7, 8, 9, 10, 11, 12, 13, 14] N: 15
Node 12 Delivers ACS Block in Round 138 with having 75000 TXs
this round time: 0.44637370109558105
Node 12 counting so-far tps: 160478.543825, latency 0.462421
12 start to run round 139 C: [0, 1, 2, 3, 4, 5, 6, 7, 8, 9, 10, 11, 12, 13, 14] N: 15
Node 12 Delivers ACS Block in Round 139 with having 75000 TXs
this round time: 0.4455075263977051
Node 12 counting so-far tps: 160501.892047, latency 0.462389
12 start to run round 140 C: [0, 1, 2, 3, 4, 5, 6, 7, 8, 9, 10, 11, 12, 13, 14] N: 15
Node 12 Delivers ACS Block in Round 140 with having 75000 TXs
this round time: 0.4460580348968506
Node 12 counting so-far tps: 160525.136517, latency 0.462357
12 start to run round 141 C: [0, 1, 2, 3, 4, 5, 6, 7, 8, 9, 10, 11, 12, 13, 14] N: 15
Node 12 Delivers ACS Block in Round 141 with having 75000 TXs
this round time: 0.46877384185791016
Node 12 counting so-far tps: 160491.170760, latency 0.462489
12 start to run round 142 C: [0, 1, 2, 3, 4, 5, 6, 7, 8, 9, 10, 11, 12, 13, 14] N: 15
Node 12 Delivers ACS Block in Round 142 with having 75000 TXs
this round time: 0.4185779094696045
Node 12 counting so-far tps: 160578.743597, latency 0.462270
12 start to run round 143 C: [0, 1, 2, 3, 4, 5, 6, 7, 8, 9, 10, 11, 12, 13, 14] N: 15
Node 12 Delivers ACS Block in Round 143 with having 75000 TXs
this round time: 0.4509580135345459
Node 12 counting so-far tps: 160589.041325, latency 0.462274
12 start to run round 144 C: [0, 1, 2, 3, 4, 5, 6, 7, 8, 9, 10, 11, 12, 13, 14] N: 15
Node 12 Delivers ACS Block in Round 144 with having 75000 TXs
this round time: 0.49016356468200684
Node 12 counting so-far tps: 160505.250990, latency 0.462548
12 start to run round 145 C: [0, 1, 2, 3, 4, 5, 6, 7, 8, 9, 10, 11, 12, 13, 14] N: 15
Node 12 Delivers ACS Block in Round 145 with having 75000 TXs
this round time: 0.4294865131378174
Node 12 counting so-far tps: 160556.269508, latency 0.462433
12 start to run round 146 C: [0, 1, 2, 3, 4, 5, 6, 7, 8, 9, 10, 11, 12, 13, 14] N: 15
Node 12 Delivers ACS Block in Round 146 with having 75000 TXs
this round time: 0.44968175888061523
Node 12 counting so-far tps: 160567.868825, latency 0.462432
12 start to run round 147 C: [0, 1, 2, 3, 4, 5, 6, 7, 8, 9, 10, 11, 12, 13, 14] N: 15
Node 12 Delivers ACS Block in Round 147 with having 75000 TXs
this round time: 0.44773101806640625
Node 12 counting so-far tps: 160584.011675, latency 0.462417
12 start to run round 148 C: [0, 1, 2, 3, 4, 5, 6, 7, 8, 9, 10, 11, 12, 13, 14] N: 15
Node 12 Delivers ACS Block in Round 148 with having 75000 TXs
this round time: 0.44878196716308594
Node 12 counting so-far tps: 160597.754246, latency 0.462408
12 start to run round 149 C: [0, 1, 2, 3, 4, 5, 6, 7, 8, 9, 10, 11, 12, 13, 14] N: 15
Node 12 Delivers ACS Block in Round 149 with having 75000 TXs
this round time: 0.4553101062774658
Node 12 counting so-far tps: 160595.531474, latency 0.462445
12 start to run round 150 C: [0, 1, 2, 3, 4, 5, 6, 7, 8, 9, 10, 11, 12, 13, 14] N: 15
Node 12 Delivers ACS Block in Round 150 with having 75000 TXs
this round time: 0.45488882064819336
Node 12 counting so-far tps: 160594.123621, latency 0.462480
12 start to run round 151 C: [0, 1, 2, 3, 4, 5, 6, 7, 8, 9, 10, 11, 12, 13, 14] N: 15
Node 12 Delivers ACS Block in Round 151 with having 75000 TXs
this round time: 0.4585905075073242
Node 12 counting so-far tps: 160584.142400, latency 0.462538
12 start to run round 152 C: [0, 1, 2, 3, 4, 5, 6, 7, 8, 9, 10, 11, 12, 13, 14] N: 15
Node 12 Delivers ACS Block in Round 152 with having 75000 TXs
this round time: 0.4523744583129883
Node 12 counting so-far tps: 160588.927004, latency 0.462554
12 start to run round 153 C: [0, 1, 2, 3, 4, 5, 6, 7, 8, 9, 10, 11, 12, 13, 14] N: 15
Node 12 Delivers ACS Block in Round 153 with having 75000 TXs
this round time: 0.48174309730529785
Node 12 counting so-far tps: 160527.658469, latency 0.462760
12 start to run round 154 C: [0, 1, 2, 3, 4, 5, 6, 7, 8, 9, 10, 11, 12, 13, 14] N: 15
Node 12 Delivers ACS Block in Round 154 with having 75000 TXs
this round time: 0.4571554660797119
Node 12 counting so-far tps: 160521.821338, latency 0.462805
12 start to run round 155 C: [0, 1, 2, 3, 4, 5, 6, 7, 8, 9, 10, 11, 12, 13, 14] N: 15
Node 12 Delivers ACS Block in Round 155 with having 75000 TXs
this round time: 0.4203779697418213
Node 12 counting so-far tps: 160597.583376, latency 0.462615
12 start to run round 156 C: [0, 1, 2, 3, 4, 5, 6, 7, 8, 9, 10, 11, 12, 13, 14] N: 15
Node 12 Delivers ACS Block in Round 156 with having 75000 TXs
this round time: 0.4557361602783203
Node 12 counting so-far tps: 160596.575589, latency 0.462646
12 start to run round 157 C: [0, 1, 2, 3, 4, 5, 6, 7, 8, 9, 10, 11, 12, 13, 14] N: 15
Node 12 Delivers ACS Block in Round 157 with having 75000 TXs
this round time: 0.4524855613708496
Node 12 counting so-far tps: 160602.283633, latency 0.462657
12 start to run round 158 C: [0, 1, 2, 3, 4, 5, 6, 7, 8, 9, 10, 11, 12, 13, 14] N: 15
Node 12 Delivers ACS Block in Round 158 with having 75000 TXs
this round time: 0.45284390449523926
Node 12 counting so-far tps: 160607.199206, latency 0.462670
12 start to run round 159 C: [0, 1, 2, 3, 4, 5, 6, 7, 8, 9, 10, 11, 12, 13, 14] N: 15
Node 12 Delivers ACS Block in Round 159 with having 75000 TXs
this round time: 0.44659924507141113
Node 12 counting so-far tps: 160624.888508, latency 0.462646
12 start to run round 160 C: [0, 1, 2, 3, 4, 5, 6, 7, 8, 9, 10, 11, 12, 13, 14] N: 15
Node 12 Delivers ACS Block in Round 160 with having 75000 TXs
this round time: 0.45009756088256836
Node 12 counting so-far tps: 160634.473178, latency 0.462645
12 start to run round 161 C: [0, 1, 2, 3, 4, 5, 6, 7, 8, 9, 10, 11, 12, 13, 14] N: 15
Node 12 Delivers ACS Block in Round 161 with having 75000 TXs
this round time: 0.4478890895843506
Node 12 counting so-far tps: 160649.093925, latency 0.462629
12 start to run round 162 C: [0, 1, 2, 3, 4, 5, 6, 7, 8, 9, 10, 11, 12, 13, 14] N: 15
Node 12 Delivers ACS Block in Round 162 with having 70000 TXs
this round time: 0.42272305488586426
Node 12 counting so-far tps: 160648.803671, latency 0.462465
12 start to run round 163 C: [0, 1, 2, 3, 4, 5, 6, 7, 8, 9, 10, 11, 12, 13, 14] N: 15
Node 12 Delivers ACS Block in Round 163 with having 70000 TXs
this round time: 0.4353795051574707
Node 12 counting so-far tps: 160624.904571, latency 0.462371
12 start to run round 164 C: [0, 1, 2, 3, 4, 5, 6, 7, 8, 9, 10, 11, 12, 13, 14] N: 15
Node 12 Delivers ACS Block in Round 164 with having 75000 TXs
this round time: 0.4563271999359131
Node 12 counting so-far tps: 160621.581814, latency 0.462408
12 start to run round 165 C: [0, 1, 2, 3, 4, 5, 6, 7, 8, 9, 10, 11, 12, 13, 14] N: 15
Node 12 Delivers ACS Block in Round 165 with having 75000 TXs
this round time: 0.4812030792236328
Node 12 counting so-far tps: 160566.990178, latency 0.462593
12 start to run round 166 C: [0, 1, 2, 3, 4, 5, 6, 7, 8, 9, 10, 11, 12, 13, 14] N: 15
Node 12 Delivers ACS Block in Round 166 with having 75000 TXs
this round time: 0.4758479595184326
Node 12 counting so-far tps: 160523.551025, latency 0.462745
12 start to run round 167 C: [0, 1, 2, 3, 4, 5, 6, 7, 8, 9, 10, 11, 12, 13, 14] N: 15
Node 12 Delivers ACS Block in Round 167 with having 75000 TXs
this round time: 0.5274713039398193
Node 12 counting so-far tps: 160373.109135, latency 0.463206
12 start to run round 168 C: [0, 1, 2, 3, 4, 5, 6, 7, 8, 9, 10, 11, 12, 13, 14] N: 15
Node 12 Delivers ACS Block in Round 168 with having 75000 TXs
this round time: 0.4492652416229248
Node 12 counting so-far tps: 160383.151958, latency 0.463203
12 start to run round 169 C: [0, 1, 2, 3, 4, 5, 6, 7, 8, 9, 10, 11, 12, 13, 14] N: 15
Node 12 Delivers ACS Block in Round 169 with having 75000 TXs
this round time: 0.44791555404663086
Node 12 counting so-far tps: 160397.684074, latency 0.463187
12 start to run round 170 C: [0, 1, 2, 3, 4, 5, 6, 7, 8, 9, 10, 11, 12, 13, 14] N: 15
Node 12 Delivers ACS Block in Round 170 with having 70000 TXs
this round time: 0.41965198516845703
Node 12 counting so-far tps: 160405.863990, latency 0.463007
12 start to run round 171 C: [0, 1, 2, 3, 4, 5, 6, 7, 8, 9, 10, 11, 12, 13, 14] N: 15
Node 12 Delivers ACS Block in Round 171 with having 70000 TXs
this round time: 0.44362950325012207
Node 12 counting so-far tps: 160364.564378, latency 0.462971
12 start to run round 172 C: [0, 1, 2, 3, 4, 5, 6, 7, 8, 9, 10, 11, 12, 13, 14] N: 15
Node 12 Delivers ACS Block in Round 172 with having 70000 TXs
this round time: 0.4388439655303955
Node 12 counting so-far tps: 160337.222590, latency 0.462897
12 start to run round 173 C: [0, 1, 2, 3, 4, 5, 6, 7, 8, 9, 10, 11, 12, 13, 14] N: 15
Node 12 Delivers ACS Block in Round 173 with having 75000 TXs
this round time: 0.4493727684020996
Node 12 counting so-far tps: 160349.606868, latency 0.462889
12 start to run round 174 C: [0, 1, 2, 3, 4, 5, 6, 7, 8, 9, 10, 11, 12, 13, 14] N: 15
Node 12 Delivers ACS Block in Round 174 with having 75000 TXs
this round time: 0.447171688079834
Node 12 counting so-far tps: 160366.925493, latency 0.462867
12 start to run round 175 C: [0, 1, 2, 3, 4, 5, 6, 7, 8, 9, 10, 11, 12, 13, 14] N: 15
Node 12 Delivers ACS Block in Round 175 with having 75000 TXs
this round time: 0.45186281204223633
Node 12 counting so-far tps: 160374.091967, latency 0.462874
12 start to run round 176 C: [0, 1, 2, 3, 4, 5, 6, 7, 8, 9, 10, 11, 12, 13, 14] N: 15
Node 12 Delivers ACS Block in Round 176 with having 75000 TXs
this round time: 0.4536318778991699
Node 12 counting so-far tps: 160378.421359, latency 0.462888
12 start to run round 177 C: [0, 1, 2, 3, 4, 5, 6, 7, 8, 9, 10, 11, 12, 13, 14] N: 15
Node 12 Delivers ACS Block in Round 177 with having 75000 TXs
this round time: 0.43892407417297363
Node 12 counting so-far tps: 160410.254978, latency 0.462823
12 start to run round 178 C: [0, 1, 2, 3, 4, 5, 6, 7, 8, 9, 10, 11, 12, 13, 14] N: 15
Node 12 Delivers ACS Block in Round 178 with having 75000 TXs
this round time: 0.4444563388824463
Node 12 counting so-far tps: 160431.161303, latency 0.462789
12 start to run round 179 C: [0, 1, 2, 3, 4, 5, 6, 7, 8, 9, 10, 11, 12, 13, 14] N: 15
Node 12 Delivers ACS Block in Round 179 with having 75000 TXs
this round time: 0.45923495292663574
Node 12 counting so-far tps: 160423.650123, latency 0.462837
12 start to run round 180 C: [0, 1, 2, 3, 4, 5, 6, 7, 8, 9, 10, 11, 12, 13, 14] N: 15
Node 12 Delivers ACS Block in Round 180 with having 75000 TXs
this round time: 0.450641393661499
Node 12 counting so-far tps: 160432.162253, latency 0.462838
12 start to run round 181 C: [0, 1, 2, 3, 4, 5, 6, 7, 8, 9, 10, 11, 12, 13, 14] N: 15
Node 12 Delivers ACS Block in Round 181 with having 75000 TXs
this round time: 0.45299720764160156
Node 12 counting so-far tps: 160435.819235, latency 0.462853
12 start to run round 182 C: [0, 1, 2, 3, 4, 5, 6, 7, 8, 9, 10, 11, 12, 13, 14] N: 15
Node 12 Delivers ACS Block in Round 182 with having 75000 TXs
this round time: 0.4481840133666992
Node 12 counting so-far tps: 160449.207632, latency 0.462840
12 start to run round 183 C: [0, 1, 2, 3, 4, 5, 6, 7, 8, 9, 10, 11, 12, 13, 14] N: 15
Node 12 Delivers ACS Block in Round 183 with having 75000 TXs
this round time: 0.4477853775024414
Node 12 counting so-far tps: 160463.637713, latency 0.462823
12 start to run round 184 C: [0, 1, 2, 3, 4, 5, 6, 7, 8, 9, 10, 11, 12, 13, 14] N: 15
Node 12 Delivers ACS Block in Round 184 with having 75000 TXs
this round time: 0.44729185104370117
Node 12 counting so-far tps: 160479.596200, latency 0.462802
12 start to run round 185 C: [0, 1, 2, 3, 4, 5, 6, 7, 8, 9, 10, 11, 12, 13, 14] N: 15
Node 12 Delivers ACS Block in Round 185 with having 75000 TXs
this round time: 0.4504814147949219
Node 12 counting so-far tps: 160488.633094, latency 0.462800
12 start to run round 186 C: [0, 1, 2, 3, 4, 5, 6, 7, 8, 9, 10, 11, 12, 13, 14] N: 15
Node 12 Delivers ACS Block in Round 186 with having 75000 TXs
this round time: 0.45548462867736816
Node 12 counting so-far tps: 160488.156929, latency 0.462826
12 start to run round 187 C: [0, 1, 2, 3, 4, 5, 6, 7, 8, 9, 10, 11, 12, 13, 14] N: 15
Node 12 Delivers ACS Block in Round 187 with having 75000 TXs
this round time: 0.4519510269165039
Node 12 counting so-far tps: 160494.590322, latency 0.462831
12 start to run round 188 C: [0, 1, 2, 3, 4, 5, 6, 7, 8, 9, 10, 11, 12, 13, 14] N: 15
Node 12 Delivers ACS Block in Round 188 with having 75000 TXs
this round time: 0.4490783214569092
Node 12 counting so-far tps: 160505.353732, latency 0.462824
12 start to run round 189 C: [0, 1, 2, 3, 4, 5, 6, 7, 8, 9, 10, 11, 12, 13, 14] N: 15
Node 12 Delivers ACS Block in Round 189 with having 75000 TXs
this round time: 0.449603796005249
Node 12 counting so-far tps: 160515.933676, latency 0.462817
12 start to run round 190 C: [0, 1, 2, 3, 4, 5, 6, 7, 8, 9, 10, 11, 12, 13, 14] N: 15
Node 12 Delivers ACS Block in Round 190 with having 75000 TXs
this round time: 0.45017290115356445
Node 12 counting so-far tps: 160525.681841, latency 0.462812
12 start to run round 191 C: [0, 1, 2, 3, 4, 5, 6, 7, 8, 9, 10, 11, 12, 13, 14] N: 15
Node 12 Delivers ACS Block in Round 191 with having 75000 TXs
this round time: 0.4463376998901367
Node 12 counting so-far tps: 160540.451556, latency 0.462792
12 start to run round 192 C: [0, 1, 2, 3, 4, 5, 6, 7, 8, 9, 10, 11, 12, 13, 14] N: 15
Node 12 Delivers ACS Block in Round 192 with having 75000 TXs
this round time: 0.455599308013916
Node 12 counting so-far tps: 160539.346562, latency 0.462818
12 start to run round 193 C: [0, 1, 2, 3, 4, 5, 6, 7, 8, 9, 10, 11, 12, 13, 14] N: 15
Node 12 Delivers ACS Block in Round 193 with having 75000 TXs
this round time: 0.4510791301727295
Node 12 counting so-far tps: 160546.890158, latency 0.462819
12 start to run round 194 C: [0, 1, 2, 3, 4, 5, 6, 7, 8, 9, 10, 11, 12, 13, 14] N: 15
Node 12 Delivers ACS Block in Round 194 with having 75000 TXs
this round time: 0.4604930877685547
Node 12 counting so-far tps: 160537.169240, latency 0.462869
12 start to run round 195 C: [0, 1, 2, 3, 4, 5, 6, 7, 8, 9, 10, 11, 12, 13, 14] N: 15
Node 12 Delivers ACS Block in Round 195 with having 75000 TXs
this round time: 0.44770193099975586
Node 12 counting so-far tps: 160551.145118, latency 0.462851
12 start to run round 196 C: [0, 1, 2, 3, 4, 5, 6, 7, 8, 9, 10, 11, 12, 13, 14] N: 15
Node 12 Delivers ACS Block in Round 196 with having 75000 TXs
this round time: 0.4448568820953369
Node 12 counting so-far tps: 160567.739120, latency 0.462825
12 start to run round 197 C: [0, 1, 2, 3, 4, 5, 6, 7, 8, 9, 10, 11, 12, 13, 14] N: 15
Node 12 Delivers ACS Block in Round 197 with having 75000 TXs
this round time: 0.445476770401001
Node 12 counting so-far tps: 160584.072502, latency 0.462799
12 start to run round 198 C: [0, 1, 2, 3, 4, 5, 6, 7, 8, 9, 10, 11, 12, 13, 14] N: 15
Node 12 Delivers ACS Block in Round 198 with having 75000 TXs
this round time: 0.4444913864135742
Node 12 counting so-far tps: 160601.988139, latency 0.462769
12 start to run round 199 C: [0, 1, 2, 3, 4, 5, 6, 7, 8, 9, 10, 11, 12, 13, 14] N: 15
Node 12 Delivers ACS Block in Round 199 with having 75000 TXs
this round time: 0.4469010829925537
Node 12 counting so-far tps: 160615.974417, latency 0.462750
12 start to run round 200 C: [0, 1, 2, 3, 4, 5, 6, 7, 8, 9, 10, 11, 12, 13, 14] N: 15
Node 12 Delivers ACS Block in Round 200 with having 75000 TXs
this round time: 0.4429652690887451
Node 12 counting so-far tps: 160635.466421, latency 0.462714
12 start to run round 201 C: [0, 1, 2, 3, 4, 5, 6, 7, 8, 9, 10, 11, 12, 13, 14] N: 15
Node 12 Delivers ACS Block in Round 201 with having 75000 TXs
this round time: 0.45224714279174805
Node 12 counting so-far tps: 160639.709401, latency 0.462723
12 start to run round 202 C: [0, 1, 2, 3, 4, 5, 6, 7, 8, 9, 10, 11, 12, 13, 14] N: 15
Node 12 Delivers ACS Block in Round 202 with having 75000 TXs
this round time: 0.4483520984649658
Node 12 counting so-far tps: 160650.717055, latency 0.462712
12 start to run round 203 C: [0, 1, 2, 3, 4, 5, 6, 7, 8, 9, 10, 11, 12, 13, 14] N: 15
Node 12 Delivers ACS Block in Round 203 with having 75000 TXs
this round time: 0.466062068939209
Node 12 counting so-far tps: 160631.223490, latency 0.462788
12 start to run round 204 C: [0, 1, 2, 3, 4, 5, 6, 7, 8, 9, 10, 11, 12, 13, 14] N: 15
Node 12 Delivers ACS Block in Round 204 with having 75000 TXs
this round time: 0.4543178081512451
Node 12 counting so-far tps: 160631.731298, latency 0.462807
12 start to run round 205 C: [0, 1, 2, 3, 4, 5, 6, 7, 8, 9, 10, 11, 12, 13, 14] N: 15
Node 12 Delivers ACS Block in Round 205 with having 75000 TXs
this round time: 0.4434678554534912
Node 12 counting so-far tps: 160651.003577, latency 0.462771
12 start to run round 206 C: [0, 1, 2, 3, 4, 5, 6, 7, 8, 9, 10, 11, 12, 13, 14] N: 15
Node 12 Delivers ACS Block in Round 206 with having 75000 TXs
this round time: 0.45025181770324707
Node 12 counting so-far tps: 160657.458541, latency 0.462772
12 start to run round 207 C: [0, 1, 2, 3, 4, 5, 6, 7, 8, 9, 10, 11, 12, 13, 14] N: 15
Node 12 Delivers ACS Block in Round 207 with having 75000 TXs
this round time: 0.4559929370880127
Node 12 counting so-far tps: 160654.637844, latency 0.462800
12 start to run round 208 C: [0, 1, 2, 3, 4, 5, 6, 7, 8, 9, 10, 11, 12, 13, 14] N: 15
Node 12 Delivers ACS Block in Round 208 with having 75000 TXs
this round time: 0.4631352424621582
Node 12 counting so-far tps: 160636.707631, latency 0.462871
12 start to run round 209 C: [0, 1, 2, 3, 4, 5, 6, 7, 8, 9, 10, 11, 12, 13, 14] N: 15
Node 12 Delivers ACS Block in Round 209 with having 75000 TXs
this round time: 0.4448075294494629
Node 12 counting so-far tps: 160653.453712, latency 0.462842
12 start to run round 210 C: [0, 1, 2, 3, 4, 5, 6, 7, 8, 9, 10, 11, 12, 13, 14] N: 15
Node 12 Delivers ACS Block in Round 210 with having 75000 TXs
this round time: 0.4518318176269531
Node 12 counting so-far tps: 160657.983258, latency 0.462848
12 start to run round 211 C: [0, 1, 2, 3, 4, 5, 6, 7, 8, 9, 10, 11, 12, 13, 14] N: 15
Node 12 Delivers ACS Block in Round 211 with having 75000 TXs
this round time: 0.4441823959350586
Node 12 counting so-far tps: 160675.327781, latency 0.462817
12 start to run round 212 C: [0, 1, 2, 3, 4, 5, 6, 7, 8, 9, 10, 11, 12, 13, 14] N: 15
Node 12 Delivers ACS Block in Round 212 with having 75000 TXs
this round time: 0.4500555992126465
Node 12 counting so-far tps: 160681.904597, latency 0.462816
12 start to run round 213 C: [0, 1, 2, 3, 4, 5, 6, 7, 8, 9, 10, 11, 12, 13, 14] N: 15
Node 12 Delivers ACS Block in Round 213 with having 75000 TXs
this round time: 0.4448232650756836
Node 12 counting so-far tps: 160695.818122, latency 0.462795
12 start to run round 214 C: [0, 1, 2, 3, 4, 5, 6, 7, 8, 9, 10, 11, 12, 13, 14] N: 15
Node 12 Delivers ACS Block in Round 214 with having 75000 TXs
this round time: 0.45702123641967773
Node 12 counting so-far tps: 160686.339804, latency 0.462840
12 start to run round 215 C: [0, 1, 2, 3, 4, 5, 6, 7, 8, 9, 10, 11, 12, 13, 14] N: 15
Node 12 Delivers ACS Block in Round 215 with having 75000 TXs
this round time: 0.43576860427856445
Node 12 counting so-far tps: 160717.415571, latency 0.462769
12 start to run round 216 C: [0, 1, 2, 3, 4, 5, 6, 7, 8, 9, 10, 11, 12, 13, 14] N: 15
Node 12 Delivers ACS Block in Round 216 with having 75000 TXs
this round time: 0.4681112766265869
Node 12 counting so-far tps: 160694.123871, latency 0.462854
12 start to run round 217 C: [0, 1, 2, 3, 4, 5, 6, 7, 8, 9, 10, 11, 12, 13, 14] N: 15
Node 12 Delivers ACS Block in Round 217 with having 75000 TXs
this round time: 0.439594030380249
Node 12 counting so-far tps: 160714.026163, latency 0.462814
12 start to run round 218 C: [0, 1, 2, 3, 4, 5, 6, 7, 8, 9, 10, 11, 12, 13, 14] N: 15
Node 12 Delivers ACS Block in Round 218 with having 75000 TXs
this round time: 0.44704604148864746
Node 12 counting so-far tps: 160725.432534, latency 0.462799
12 start to run round 219 C: [0, 1, 2, 3, 4, 5, 6, 7, 8, 9, 10, 11, 12, 13, 14] N: 15
Node 12 Delivers ACS Block in Round 219 with having 75000 TXs
this round time: 0.44794702529907227
Node 12 counting so-far tps: 160734.127514, latency 0.462791
12 start to run round 220 C: [0, 1, 2, 3, 4, 5, 6, 7, 8, 9, 10, 11, 12, 13, 14] N: 15
Node 12 Delivers ACS Block in Round 220 with having 75000 TXs
this round time: 0.459259033203125
Node 12 counting so-far tps: 160725.485821, latency 0.462834
12 start to run round 221 C: [0, 1, 2, 3, 4, 5, 6, 7, 8, 9, 10, 11, 12, 13, 14] N: 15
Node 12 Delivers ACS Block in Round 221 with having 75000 TXs
this round time: 0.44536614418029785
Node 12 counting so-far tps: 160738.186866, latency 0.462814
12 start to run round 222 C: [0, 1, 2, 3, 4, 5, 6, 7, 8, 9, 10, 11, 12, 13, 14] N: 15
Node 12 Delivers ACS Block in Round 222 with having 75000 TXs
this round time: 0.44960784912109375
Node 12 counting so-far tps: 160743.732814, latency 0.462815
12 start to run round 223 C: [0, 1, 2, 3, 4, 5, 6, 7, 8, 9, 10, 11, 12, 13, 14] N: 15
Node 12 Delivers ACS Block in Round 223 with having 75000 TXs
this round time: 0.45017170906066895
Node 12 counting so-far tps: 160749.044010, latency 0.462817
12 start to run round 224 C: [0, 1, 2, 3, 4, 5, 6, 7, 8, 9, 10, 11, 12, 13, 14] N: 15
Node 12 Delivers ACS Block in Round 224 with having 75000 TXs
this round time: 0.4561305046081543
Node 12 counting so-far tps: 160746.048548, latency 0.462842
12 start to run round 225 C: [0, 1, 2, 3, 4, 5, 6, 7, 8, 9, 10, 11, 12, 13, 14] N: 15
Node 12 Delivers ACS Block in Round 225 with having 75000 TXs
this round time: 0.44538164138793945
Node 12 counting so-far tps: 160758.070193, latency 0.462824
12 start to run round 226 C: [0, 1, 2, 3, 4, 5, 6, 7, 8, 9, 10, 11, 12, 13, 14] N: 15
Node 12 Delivers ACS Block in Round 226 with having 75000 TXs
this round time: 0.4477529525756836
Node 12 counting so-far tps: 160765.176378, latency 0.462820
12 start to run round 227 C: [0, 1, 2, 3, 4, 5, 6, 7, 8, 9, 10, 11, 12, 13, 14] N: 15
Node 12 Delivers ACS Block in Round 227 with having 75000 TXs
this round time: 0.4465515613555908
Node 12 counting so-far tps: 160774.731917, latency 0.462808
12 start to run round 228 C: [0, 1, 2, 3, 4, 5, 6, 7, 8, 9, 10, 11, 12, 13, 14] N: 15
Node 12 Delivers ACS Block in Round 228 with having 75000 TXs
this round time: 0.44541025161743164
Node 12 counting so-far tps: 160787.274692, latency 0.462788
12 start to run round 229 C: [0, 1, 2, 3, 4, 5, 6, 7, 8, 9, 10, 11, 12, 13, 14] N: 15
Node 12 Delivers ACS Block in Round 229 with having 75000 TXs
this round time: 0.45523595809936523
Node 12 counting so-far tps: 160780.902819, latency 0.462823
12 start to run round 230 C: [0, 1, 2, 3, 4, 5, 6, 7, 8, 9, 10, 11, 12, 13, 14] N: 15
Node 12 Delivers ACS Block in Round 230 with having 75000 TXs
this round time: 0.44004392623901367
Node 12 counting so-far tps: 160803.076282, latency 0.462775
12 start to run round 231 C: [0, 1, 2, 3, 4, 5, 6, 7, 8, 9, 10, 11, 12, 13, 14] N: 15
Node 12 Delivers ACS Block in Round 231 with having 75000 TXs
this round time: 0.4484260082244873
Node 12 counting so-far tps: 160811.116308, latency 0.462767
12 start to run round 232 C: [0, 1, 2, 3, 4, 5, 6, 7, 8, 9, 10, 11, 12, 13, 14] N: 15
Node 12 Delivers ACS Block in Round 232 with having 75000 TXs
this round time: 0.44881701469421387
Node 12 counting so-far tps: 160819.082955, latency 0.462760
12 start to run round 233 C: [0, 1, 2, 3, 4, 5, 6, 7, 8, 9, 10, 11, 12, 13, 14] N: 15
Node 12 Delivers ACS Block in Round 233 with having 75000 TXs
this round time: 0.4497208595275879
Node 12 counting so-far tps: 160825.984603, latency 0.462755
12 start to run round 234 C: [0, 1, 2, 3, 4, 5, 6, 7, 8, 9, 10, 11, 12, 13, 14] N: 15
Node 12 Delivers ACS Block in Round 234 with having 75000 TXs
this round time: 0.4416046142578125
Node 12 counting so-far tps: 160844.525058, latency 0.462717
12 start to run round 235 C: [0, 1, 2, 3, 4, 5, 6, 7, 8, 9, 10, 11, 12, 13, 14] N: 15
Node 12 Delivers ACS Block in Round 235 with having 75000 TXs
this round time: 0.4489469528198242
Node 12 counting so-far tps: 160853.227250, latency 0.462707
12 start to run round 236 C: [0, 1, 2, 3, 4, 5, 6, 7, 8, 9, 10, 11, 12, 13, 14] N: 15
Node 12 Delivers ACS Block in Round 236 with having 75000 TXs
this round time: 0.44864320755004883
Node 12 counting so-far tps: 160860.645926, latency 0.462701
12 start to run round 237 C: [0, 1, 2, 3, 4, 5, 6, 7, 8, 9, 10, 11, 12, 13, 14] N: 15
Node 12 Delivers ACS Block in Round 237 with having 75000 TXs
this round time: 0.451648473739624
Node 12 counting so-far tps: 160864.144221, latency 0.462706
12 start to run round 238 C: [0, 1, 2, 3, 4, 5, 6, 7, 8, 9, 10, 11, 12, 13, 14] N: 15
Node 12 Delivers ACS Block in Round 238 with having 75000 TXs
this round time: 0.43588685989379883
Node 12 counting so-far tps: 160889.938155, latency 0.462646
12 start to run round 239 C: [0, 1, 2, 3, 4, 5, 6, 7, 8, 9, 10, 11, 12, 13, 14] N: 15
Node 12 Delivers ACS Block in Round 239 with having 75000 TXs
this round time: 0.44234395027160645
Node 12 counting so-far tps: 160905.849412, latency 0.462615
12 start to run round 240 C: [0, 1, 2, 3, 4, 5, 6, 7, 8, 9, 10, 11, 12, 13, 14] N: 15
Node 12 Delivers ACS Block in Round 240 with having 75000 TXs
this round time: 0.4453585147857666
Node 12 counting so-far tps: 160917.979057, latency 0.462595
12 start to run round 241 C: [0, 1, 2, 3, 4, 5, 6, 7, 8, 9, 10, 11, 12, 13, 14] N: 15
Node 12 Delivers ACS Block in Round 241 with having 75000 TXs
this round time: 0.45473337173461914
Node 12 counting so-far tps: 160916.690246, latency 0.462613
12 start to run round 242 C: [0, 1, 2, 3, 4, 5, 6, 7, 8, 9, 10, 11, 12, 13, 14] N: 15
Node 12 Delivers ACS Block in Round 242 with having 75000 TXs
this round time: 0.44711947441101074
Node 12 counting so-far tps: 160925.325593, latency 0.462602
12 start to run round 243 C: [0, 1, 2, 3, 4, 5, 6, 7, 8, 9, 10, 11, 12, 13, 14] N: 15
Node 12 Delivers ACS Block in Round 243 with having 75000 TXs
this round time: 0.4487318992614746
Node 12 counting so-far tps: 160931.975360, latency 0.462597
12 start to run round 244 C: [0, 1, 2, 3, 4, 5, 6, 7, 8, 9, 10, 11, 12, 13, 14] N: 15
Node 12 Delivers ACS Block in Round 244 with having 75000 TXs
this round time: 0.44942808151245117
Node 12 counting so-far tps: 160937.302749, latency 0.462596
12 start to run round 245 C: [0, 1, 2, 3, 4, 5, 6, 7, 8, 9, 10, 11, 12, 13, 14] N: 15
Node 12 Delivers ACS Block in Round 245 with having 75000 TXs
this round time: 0.44435906410217285
Node 12 counting so-far tps: 160948.296364, latency 0.462578
12 start to run round 246 C: [0, 1, 2, 3, 4, 5, 6, 7, 8, 9, 10, 11, 12, 13, 14] N: 15
Node 12 Delivers ACS Block in Round 246 with having 75000 TXs
this round time: 0.46181583404541016
Node 12 counting so-far tps: 160936.109686, latency 0.462627
12 start to run round 247 C: [0, 1, 2, 3, 4, 5, 6, 7, 8, 9, 10, 11, 12, 13, 14] N: 15
Node 12 Delivers ACS Block in Round 247 with having 75000 TXs
this round time: 0.44876623153686523
Node 12 counting so-far tps: 160943.710168, latency 0.462619
12 start to run round 248 C: [0, 1, 2, 3, 4, 5, 6, 7, 8, 9, 10, 11, 12, 13, 14] N: 15
Node 12 Delivers ACS Block in Round 248 with having 75000 TXs
this round time: 0.4445021152496338
Node 12 counting so-far tps: 160954.491994, latency 0.462602
12 start to run round 249 C: [0, 1, 2, 3, 4, 5, 6, 7, 8, 9, 10, 11, 12, 13, 14] N: 15
Node 12 Delivers ACS Block in Round 249 with having 75000 TXs
this round time: 0.4513671398162842
Node 12 counting so-far tps: 160957.579088, latency 0.462606
12 start to run round 250 C: [0, 1, 2, 3, 4, 5, 6, 7, 8, 9, 10, 11, 12, 13, 14] N: 15
Node 12 Delivers ACS Block in Round 250 with having 75000 TXs
this round time: 0.44611668586730957
Node 12 counting so-far tps: 160967.109649, latency 0.462592
node 12 breaks in 116.122152 seconds with total delivered Txs 18690000, latency: 0.462638, tps: 160951.206660
12 set stop as true
