main
here debug =  False
here N =  9
m= 0
9
9 2 1
[0, 1, 2, 3, 4, 5, 6, 7, 8]
1 <class 'int'>
[]
[]
debug is  False
False
waiting for network ready...
waiting for network ready...
5 start to run round 0 C: [0, 1, 2, 3, 4, 5, 6, 7, 8] N: 9
Node 5 Delivers ACS Block in Round 0 with having 6000 TXs
this round time: 0.039327144622802734
Node 5 counting so-far tps: 127871.873174, latency 0.046922
5 start to run round 1 C: [0, 1, 2, 3, 4, 5, 6, 7, 8] N: 9
Node 5 Delivers ACS Block in Round 1 with having 6000 TXs
this round time: 0.0419924259185791
Node 5 counting so-far tps: 133331.341243, latency 0.045001
5 start to run round 2 C: [0, 1, 2, 3, 4, 5, 6, 7, 8] N: 9
Node 5 Delivers ACS Block in Round 2 with having 6000 TXs
this round time: 0.03244662284851074
Node 5 counting so-far tps: 145454.859318, latency 0.041250
5 start to run round 3 C: [0, 1, 2, 3, 4, 5, 6, 7, 8] N: 9
Node 5 Delivers ACS Block in Round 3 with having 6000 TXs
this round time: 0.03251528739929199
Node 5 counting so-far tps: 152257.616413, latency 0.039407
5 start to run round 4 C: [0, 1, 2, 3, 4, 5, 6, 7, 8] N: 9
Node 5 Delivers ACS Block in Round 4 with having 6000 TXs
this round time: 0.03191947937011719
Node 5 counting so-far tps: 157199.350859, latency 0.038168
5 start to run round 5 C: [0, 1, 2, 3, 4, 5, 6, 7, 8] N: 9
Node 5 Delivers ACS Block in Round 5 with having 6000 TXs
this round time: 0.03319096565246582
Node 5 counting so-far tps: 159761.369889, latency 0.037556
5 start to run round 6 C: [0, 1, 2, 3, 4, 5, 6, 7, 8] N: 9
Node 5 Delivers ACS Block in Round 6 with having 6000 TXs
this round time: 0.03082585334777832
Node 5 counting so-far tps: 163149.135034, latency 0.036776
5 start to run round 7 C: [0, 1, 2, 3, 4, 5, 6, 7, 8] N: 9
Node 5 Delivers ACS Block in Round 7 with having 6000 TXs
this round time: 0.03319144248962402
Node 5 counting so-far tps: 164495.277003, latency 0.036475
5 start to run round 8 C: [0, 1, 2, 3, 4, 5, 6, 7, 8] N: 9
Node 5 Delivers ACS Block in Round 8 with having 6000 TXs
this round time: 0.03651094436645508
Node 5 counting so-far tps: 163900.466752, latency 0.036608
5 start to run round 9 C: [0, 1, 2, 3, 4, 5, 6, 7, 8] N: 9
Node 5 Delivers ACS Block in Round 9 with having 6000 TXs
this round time: 0.03676199913024902
Node 5 counting so-far tps: 163227.260168, latency 0.036759
5 start to run round 10 C: [0, 1, 2, 3, 4, 5, 6, 7, 8] N: 9
Node 5 Delivers ACS Block in Round 10 with having 6000 TXs
this round time: 0.054628849029541016
Node 5 counting so-far tps: 155853.346192, latency 0.038498
5 start to run round 11 C: [0, 1, 2, 3, 4, 5, 6, 7, 8] N: 9
Node 5 Delivers ACS Block in Round 11 with having 8000 TXs
this round time: 0.10708355903625488
Node 5 counting so-far tps: 139078.841748, latency 0.044339
5 start to run round 12 C: [0, 1, 2, 3, 4, 5, 6, 7, 8] N: 9
Node 5 Delivers ACS Block in Round 12 with having 9000 TXs
this round time: 0.1199486255645752
Node 5 counting so-far tps: 127033.381148, latency 0.050259
5 start to run round 13 C: [0, 1, 2, 3, 4, 5, 6, 7, 8] N: 9
Node 5 Delivers ACS Block in Round 13 with having 9000 TXs
this round time: 0.11194181442260742
Node 5 counting so-far tps: 119929.737123, latency 0.054794
5 start to run round 14 C: [0, 1, 2, 3, 4, 5, 6, 7, 8] N: 9
Node 5 Delivers ACS Block in Round 14 with having 9000 TXs
this round time: 0.11301445960998535
Node 5 counting so-far tps: 114562.550994, latency 0.058774
5 start to run round 15 C: [0, 1, 2, 3, 4, 5, 6, 7, 8] N: 9
Node 5 Delivers ACS Block in Round 15 with having 9000 TXs
this round time: 0.11571502685546875
Node 5 counting so-far tps: 110129.499123, latency 0.062427
5 start to run round 16 C: [0, 1, 2, 3, 4, 5, 6, 7, 8] N: 9
Node 5 Delivers ACS Block in Round 16 with having 9000 TXs
this round time: 0.11595654487609863
Node 5 counting so-far tps: 106605.094903, latency 0.065663
5 start to run round 17 C: [0, 1, 2, 3, 4, 5, 6, 7, 8] N: 9
Node 5 Delivers ACS Block in Round 17 with having 9000 TXs
this round time: 0.1158289909362793
Node 5 counting so-far tps: 103757.928084, latency 0.068536
5 start to run round 18 C: [0, 1, 2, 3, 4, 5, 6, 7, 8] N: 9
Node 5 Delivers ACS Block in Round 18 with having 9000 TXs
this round time: 0.11634683609008789
Node 5 counting so-far tps: 101373.281909, latency 0.071128
5 start to run round 19 C: [0, 1, 2, 3, 4, 5, 6, 7, 8] N: 9
Node 5 Delivers ACS Block in Round 19 with having 9000 TXs
this round time: 0.11490368843078613
Node 5 counting so-far tps: 99461.619785, latency 0.073395
5 start to run round 20 C: [0, 1, 2, 3, 4, 5, 6, 7, 8] N: 9
Node 5 Delivers ACS Block in Round 20 with having 9000 TXs
this round time: 0.1168355941772461
Node 5 counting so-far tps: 97698.681816, latency 0.075548
5 start to run round 21 C: [0, 1, 2, 3, 4, 5, 6, 7, 8] N: 9
Node 5 Delivers ACS Block in Round 21 with having 9000 TXs
this round time: 0.11638665199279785
Node 5 counting so-far tps: 96224.044308, latency 0.077471
5 start to run round 22 C: [0, 1, 2, 3, 4, 5, 6, 7, 8] N: 9
Node 5 Delivers ACS Block in Round 22 with having 9000 TXs
this round time: 0.12539267539978027
Node 5 counting so-far tps: 94475.223473, latency 0.079616
5 start to run round 23 C: [0, 1, 2, 3, 4, 5, 6, 7, 8] N: 9
Node 5 Delivers ACS Block in Round 23 with having 9000 TXs
this round time: 0.11469602584838867
Node 5 counting so-far tps: 93415.897668, latency 0.081178
5 start to run round 24 C: [0, 1, 2, 3, 4, 5, 6, 7, 8] N: 9
Node 5 Delivers ACS Block in Round 24 with having 9000 TXs
this round time: 0.11197972297668457
Node 5 counting so-far tps: 92641.550480, latency 0.082468
5 start to run round 25 C: [0, 1, 2, 3, 4, 5, 6, 7, 8] N: 9
Node 5 Delivers ACS Block in Round 25 with having 9000 TXs
this round time: 0.11403203010559082
Node 5 counting so-far tps: 91859.996152, latency 0.083739
5 start to run round 26 C: [0, 1, 2, 3, 4, 5, 6, 7, 8] N: 9
Node 5 Delivers ACS Block in Round 26 with having 9000 TXs
this round time: 0.11199760437011719
Node 5 counting so-far tps: 91238.525678, latency 0.084841
5 start to run round 27 C: [0, 1, 2, 3, 4, 5, 6, 7, 8] N: 9
Node 5 Delivers ACS Block in Round 27 with having 9000 TXs
this round time: 0.14654111862182617
Node 5 counting so-far tps: 89387.582263, latency 0.087101
5 start to run round 28 C: [0, 1, 2, 3, 4, 5, 6, 7, 8] N: 9
Node 5 Delivers ACS Block in Round 28 with having 9000 TXs
this round time: 0.11606550216674805
Node 5 counting so-far tps: 88801.033334, latency 0.088147
5 start to run round 29 C: [0, 1, 2, 3, 4, 5, 6, 7, 8] N: 9
Node 5 Delivers ACS Block in Round 29 with having 9000 TXs
this round time: 0.1147761344909668
Node 5 counting so-far tps: 88308.959393, latency 0.089081
5 start to run round 30 C: [0, 1, 2, 3, 4, 5, 6, 7, 8] N: 9
Node 5 Delivers ACS Block in Round 30 with having 9000 TXs
this round time: 0.11235284805297852
Node 5 counting so-far tps: 87932.707299, latency 0.089878
5 start to run round 31 C: [0, 1, 2, 3, 4, 5, 6, 7, 8] N: 9
Node 5 Delivers ACS Block in Round 31 with having 9000 TXs
this round time: 0.11603260040283203
Node 5 counting so-far tps: 87479.317057, latency 0.090736
5 start to run round 32 C: [0, 1, 2, 3, 4, 5, 6, 7, 8] N: 9
Node 5 Delivers ACS Block in Round 32 with having 9000 TXs
this round time: 0.11323928833007812
Node 5 counting so-far tps: 87138.657969, latency 0.091460
5 start to run round 33 C: [0, 1, 2, 3, 4, 5, 6, 7, 8] N: 9
Node 5 Delivers ACS Block in Round 33 with having 9000 TXs
this round time: 0.11645841598510742
Node 5 counting so-far tps: 86734.564264, latency 0.092235
5 start to run round 34 C: [0, 1, 2, 3, 4, 5, 6, 7, 8] N: 9
Node 5 Delivers ACS Block in Round 34 with having 9000 TXs
this round time: 0.11498641967773438
Node 5 counting so-far tps: 86398.644832, latency 0.092925
5 start to run round 35 C: [0, 1, 2, 3, 4, 5, 6, 7, 8] N: 9
Node 5 Delivers ACS Block in Round 35 with having 9000 TXs
this round time: 0.11204981803894043
Node 5 counting so-far tps: 86155.157290, latency 0.093501
5 start to run round 36 C: [0, 1, 2, 3, 4, 5, 6, 7, 8] N: 9
Node 5 Delivers ACS Block in Round 36 with having 9000 TXs
this round time: 0.12014269828796387
Node 5 counting so-far tps: 85734.422391, latency 0.094257
5 start to run round 37 C: [0, 1, 2, 3, 4, 5, 6, 7, 8] N: 9
Node 5 Delivers ACS Block in Round 37 with having 9000 TXs
this round time: 0.11450719833374023
Node 5 counting so-far tps: 85476.537493, latency 0.094824
5 start to run round 38 C: [0, 1, 2, 3, 4, 5, 6, 7, 8] N: 9
Node 5 Delivers ACS Block in Round 38 with having 9000 TXs
this round time: 0.11524271965026855
Node 5 counting so-far tps: 85214.446884, latency 0.095385
5 start to run round 39 C: [0, 1, 2, 3, 4, 5, 6, 7, 8] N: 9
Node 5 Delivers ACS Block in Round 39 with having 9000 TXs
this round time: 0.13425517082214355
Node 5 counting so-far tps: 84550.773572, latency 0.096392
5 start to run round 40 C: [0, 1, 2, 3, 4, 5, 6, 7, 8] N: 9
Node 5 Delivers ACS Block in Round 40 with having 9000 TXs
this round time: 0.11860966682434082
Node 5 counting so-far tps: 84261.741481, latency 0.096968
5 start to run round 41 C: [0, 1, 2, 3, 4, 5, 6, 7, 8] N: 9
Node 5 Delivers ACS Block in Round 41 with having 9000 TXs
this round time: 0.11185693740844727
Node 5 counting so-far tps: 84128.928914, latency 0.097356
5 start to run round 42 C: [0, 1, 2, 3, 4, 5, 6, 7, 8] N: 9
Node 5 Delivers ACS Block in Round 42 with having 9000 TXs
this round time: 0.11487650871276855
Node 5 counting so-far tps: 83942.956704, latency 0.097796
5 start to run round 43 C: [0, 1, 2, 3, 4, 5, 6, 7, 8] N: 9
Node 5 Delivers ACS Block in Round 43 with having 9000 TXs
this round time: 0.12050604820251465
Node 5 counting so-far tps: 83660.179028, latency 0.098342
5 start to run round 44 C: [0, 1, 2, 3, 4, 5, 6, 7, 8] N: 9
Node 5 Delivers ACS Block in Round 44 with having 9000 TXs
this round time: 0.11925745010375977
Node 5 counting so-far tps: 83414.413089, latency 0.098837
5 start to run round 45 C: [0, 1, 2, 3, 4, 5, 6, 7, 8] N: 9
Node 5 Delivers ACS Block in Round 45 with having 9000 TXs
this round time: 0.11742591857910156
Node 5 counting so-far tps: 83214.373576, latency 0.099272
5 start to run round 46 C: [0, 1, 2, 3, 4, 5, 6, 7, 8] N: 9
Node 5 Delivers ACS Block in Round 46 with having 9000 TXs
this round time: 0.11918854713439941
Node 5 counting so-far tps: 82994.053934, latency 0.099725
5 start to run round 47 C: [0, 1, 2, 3, 4, 5, 6, 7, 8] N: 9
Node 5 Delivers ACS Block in Round 47 with having 9000 TXs
this round time: 0.11462664604187012
Node 5 counting so-far tps: 82863.005038, latency 0.100065
5 start to run round 48 C: [0, 1, 2, 3, 4, 5, 6, 7, 8] N: 9
Node 5 Delivers ACS Block in Round 48 with having 9000 TXs
this round time: 0.11448454856872559
Node 5 counting so-far tps: 82740.588394, latency 0.100388
5 start to run round 49 C: [0, 1, 2, 3, 4, 5, 6, 7, 8] N: 9
Node 5 Delivers ACS Block in Round 49 with having 9000 TXs
this round time: 0.11627840995788574
Node 5 counting so-far tps: 82595.822073, latency 0.100731
5 start to run round 50 C: [0, 1, 2, 3, 4, 5, 6, 7, 8] N: 9
Node 5 Delivers ACS Block in Round 50 with having 9000 TXs
this round time: 0.11983966827392578
Node 5 counting so-far tps: 82398.829596, latency 0.101134
5 start to run round 51 C: [0, 1, 2, 3, 4, 5, 6, 7, 8] N: 9
Node 5 Delivers ACS Block in Round 51 with having 9000 TXs
this round time: 0.1116187572479248
Node 5 counting so-far tps: 82314.632964, latency 0.101393
5 start to run round 52 C: [0, 1, 2, 3, 4, 5, 6, 7, 8] N: 9
Node 5 Delivers ACS Block in Round 52 with having 9000 TXs
this round time: 0.11282825469970703
Node 5 counting so-far tps: 82237.240044, latency 0.101639
5 start to run round 53 C: [0, 1, 2, 3, 4, 5, 6, 7, 8] N: 9
Node 5 Delivers ACS Block in Round 53 with having 9000 TXs
this round time: 0.11360359191894531
Node 5 counting so-far tps: 82153.573817, latency 0.101887
5 start to run round 54 C: [0, 1, 2, 3, 4, 5, 6, 7, 8] N: 9
Node 5 Delivers ACS Block in Round 54 with having 9000 TXs
this round time: 0.11664199829101562
Node 5 counting so-far tps: 82029.115210, latency 0.102181
5 start to run round 55 C: [0, 1, 2, 3, 4, 5, 6, 7, 8] N: 9
Node 5 Delivers ACS Block in Round 55 with having 9000 TXs
this round time: 0.11632084846496582
Node 5 counting so-far tps: 81913.692401, latency 0.102460
5 start to run round 56 C: [0, 1, 2, 3, 4, 5, 6, 7, 8] N: 9
Node 5 Delivers ACS Block in Round 56 with having 9000 TXs
this round time: 0.11007142066955566
Node 5 counting so-far tps: 81580.661598, latency 0.103009
5 start to run round 57 C: [0, 1, 2, 3, 4, 5, 6, 7, 8] N: 9
Node 5 Delivers ACS Block in Round 57 with having 9000 TXs
this round time: 0.11591911315917969
Node 5 counting so-far tps: 81484.588905, latency 0.103256
5 start to run round 58 C: [0, 1, 2, 3, 4, 5, 6, 7, 8] N: 9
Node 5 Delivers ACS Block in Round 58 with having 9000 TXs
this round time: 0.11680245399475098
Node 5 counting so-far tps: 81380.198654, latency 0.103511
5 start to run round 59 C: [0, 1, 2, 3, 4, 5, 6, 7, 8] N: 9
Node 5 Delivers ACS Block in Round 59 with having 9000 TXs
this round time: 0.11179327964782715
Node 5 counting so-far tps: 81345.608420, latency 0.103673
5 start to run round 60 C: [0, 1, 2, 3, 4, 5, 6, 7, 8] N: 9
Node 5 Delivers ACS Block in Round 60 with having 9000 TXs
this round time: 0.11890196800231934
Node 5 counting so-far tps: 81220.960077, latency 0.103946
5 start to run round 61 C: [0, 1, 2, 3, 4, 5, 6, 7, 8] N: 9
Node 5 Delivers ACS Block in Round 61 with having 9000 TXs
this round time: 0.1170656681060791
Node 5 counting so-far tps: 81124.191421, latency 0.104181
5 start to run round 62 C: [0, 1, 2, 3, 4, 5, 6, 7, 8] N: 9
Node 5 Delivers ACS Block in Round 62 with having 9000 TXs
this round time: 0.11387038230895996
Node 5 counting so-far tps: 81069.835592, latency 0.104358
5 start to run round 63 C: [0, 1, 2, 3, 4, 5, 6, 7, 8] N: 9
Node 5 Delivers ACS Block in Round 63 with having 9000 TXs
this round time: 0.11770915985107422
Node 5 counting so-far tps: 80970.825520, latency 0.104590
5 start to run round 64 C: [0, 1, 2, 3, 4, 5, 6, 7, 8] N: 9
Node 5 Delivers ACS Block in Round 64 with having 9000 TXs
this round time: 0.11550450325012207
Node 5 counting so-far tps: 80902.110631, latency 0.104780
5 start to run round 65 C: [0, 1, 2, 3, 4, 5, 6, 7, 8] N: 9
Node 5 Delivers ACS Block in Round 65 with having 9000 TXs
this round time: 0.11723756790161133
Node 5 counting so-far tps: 80814.900210, latency 0.104991
5 start to run round 66 C: [0, 1, 2, 3, 4, 5, 6, 7, 8] N: 9
Node 5 Delivers ACS Block in Round 66 with having 9000 TXs
this round time: 0.11506199836730957
Node 5 counting so-far tps: 80756.087586, latency 0.105163
5 start to run round 67 C: [0, 1, 2, 3, 4, 5, 6, 7, 8] N: 9
Node 5 Delivers ACS Block in Round 67 with having 9000 TXs
this round time: 0.11781692504882812
Node 5 counting so-far tps: 80667.835314, latency 0.105370
5 start to run round 68 C: [0, 1, 2, 3, 4, 5, 6, 7, 8] N: 9
Node 5 Delivers ACS Block in Round 68 with having 9000 TXs
this round time: 0.11839127540588379
Node 5 counting so-far tps: 80576.299375, latency 0.105580
5 start to run round 69 C: [0, 1, 2, 3, 4, 5, 6, 7, 8] N: 9
Node 5 Delivers ACS Block in Round 69 with having 9000 TXs
this round time: 0.11742615699768066
Node 5 counting so-far tps: 80498.510871, latency 0.105769
5 start to run round 70 C: [0, 1, 2, 3, 4, 5, 6, 7, 8] N: 9
Node 5 Delivers ACS Block in Round 70 with having 9000 TXs
this round time: 0.1149895191192627
Node 5 counting so-far tps: 80448.633553, latency 0.105920
5 start to run round 71 C: [0, 1, 2, 3, 4, 5, 6, 7, 8] N: 9
Node 5 Delivers ACS Block in Round 71 with having 9000 TXs
this round time: 0.11484336853027344
Node 5 counting so-far tps: 80402.463854, latency 0.106064
5 start to run round 72 C: [0, 1, 2, 3, 4, 5, 6, 7, 8] N: 9
Node 5 Delivers ACS Block in Round 72 with having 9000 TXs
this round time: 0.13977575302124023
Node 5 counting so-far tps: 80099.839037, latency 0.106545
5 start to run round 73 C: [0, 1, 2, 3, 4, 5, 6, 7, 8] N: 9
Node 5 Delivers ACS Block in Round 73 with having 9000 TXs
this round time: 0.10950112342834473
Node 5 counting so-far tps: 80114.250387, latency 0.106605
5 start to run round 74 C: [0, 1, 2, 3, 4, 5, 6, 7, 8] N: 9
Node 5 Delivers ACS Block in Round 74 with having 9000 TXs
this round time: 0.11676406860351562
Node 5 counting so-far tps: 80055.617291, latency 0.106759
5 start to run round 75 C: [0, 1, 2, 3, 4, 5, 6, 7, 8] N: 9
Node 5 Delivers ACS Block in Round 75 with having 9000 TXs
this round time: 0.11766648292541504
Node 5 counting so-far tps: 79989.376599, latency 0.106922
5 start to run round 76 C: [0, 1, 2, 3, 4, 5, 6, 7, 8] N: 9
Node 5 Delivers ACS Block in Round 76 with having 9000 TXs
this round time: 0.11405253410339355
Node 5 counting so-far tps: 79959.139829, latency 0.107035
5 start to run round 77 C: [0, 1, 2, 3, 4, 5, 6, 7, 8] N: 9
Node 5 Delivers ACS Block in Round 77 with having 9000 TXs
this round time: 0.11715269088745117
Node 5 counting so-far tps: 79901.679866, latency 0.107183
5 start to run round 78 C: [0, 1, 2, 3, 4, 5, 6, 7, 8] N: 9
Node 5 Delivers ACS Block in Round 78 with having 9000 TXs
this round time: 0.11459207534790039
Node 5 counting so-far tps: 79869.390542, latency 0.107295
5 start to run round 79 C: [0, 1, 2, 3, 4, 5, 6, 7, 8] N: 9
Node 5 Delivers ACS Block in Round 79 with having 9000 TXs
this round time: 0.11681818962097168
Node 5 counting so-far tps: 79817.912270, latency 0.107432
5 start to run round 80 C: [0, 1, 2, 3, 4, 5, 6, 7, 8] N: 9
Node 5 Delivers ACS Block in Round 80 with having 9000 TXs
this round time: 0.11919379234313965
Node 5 counting so-far tps: 79746.281838, latency 0.107594
5 start to run round 81 C: [0, 1, 2, 3, 4, 5, 6, 7, 8] N: 9
Node 5 Delivers ACS Block in Round 81 with having 9000 TXs
this round time: 0.13814258575439453
Node 5 counting so-far tps: 79505.537215, latency 0.107985
5 start to run round 82 C: [0, 1, 2, 3, 4, 5, 6, 7, 8] N: 9
Node 5 Delivers ACS Block in Round 82 with having 9000 TXs
this round time: 0.11768531799316406
Node 5 counting so-far tps: 79452.963459, latency 0.108119
5 start to run round 83 C: [0, 1, 2, 3, 4, 5, 6, 7, 8] N: 9
Node 5 Delivers ACS Block in Round 83 with having 9000 TXs
this round time: 0.11422944068908691
Node 5 counting so-far tps: 79432.520794, latency 0.108208
5 start to run round 84 C: [0, 1, 2, 3, 4, 5, 6, 7, 8] N: 9
Node 5 Delivers ACS Block in Round 84 with having 9000 TXs
this round time: 0.11795663833618164
Node 5 counting so-far tps: 79379.997865, latency 0.108340
5 start to run round 85 C: [0, 1, 2, 3, 4, 5, 6, 7, 8] N: 9
Node 5 Delivers ACS Block in Round 85 with having 9000 TXs
this round time: 0.11674809455871582
Node 5 counting so-far tps: 79338.638007, latency 0.108455
5 start to run round 86 C: [0, 1, 2, 3, 4, 5, 6, 7, 8] N: 9
Node 5 Delivers ACS Block in Round 86 with having 9000 TXs
this round time: 0.11482977867126465
Node 5 counting so-far tps: 79314.816609, latency 0.108545
5 start to run round 87 C: [0, 1, 2, 3, 4, 5, 6, 7, 8] N: 9
Node 5 Delivers ACS Block in Round 87 with having 9000 TXs
this round time: 0.11740660667419434
Node 5 counting so-far tps: 79270.019443, latency 0.108662
5 start to run round 88 C: [0, 1, 2, 3, 4, 5, 6, 7, 8] N: 9
Node 5 Delivers ACS Block in Round 88 with having 9000 TXs
this round time: 0.11624646186828613
Node 5 counting so-far tps: 79235.880122, latency 0.108764
5 start to run round 89 C: [0, 1, 2, 3, 4, 5, 6, 7, 8] N: 9
Node 5 Delivers ACS Block in Round 89 with having 9000 TXs
this round time: 0.10727477073669434
Node 5 counting so-far tps: 79264.332058, latency 0.108778
5 start to run round 90 C: [0, 1, 2, 3, 4, 5, 6, 7, 8] N: 9
Node 5 Delivers ACS Block in Round 90 with having 9000 TXs
this round time: 0.11668825149536133
Node 5 counting so-far tps: 79226.553439, latency 0.108882
5 start to run round 91 C: [0, 1, 2, 3, 4, 5, 6, 7, 8] N: 9
Node 5 Delivers ACS Block in Round 91 with having 9000 TXs
this round time: 0.11290812492370605
Node 5 counting so-far tps: 79220.652079, latency 0.108942
5 start to run round 92 C: [0, 1, 2, 3, 4, 5, 6, 7, 8] N: 9
Node 5 Delivers ACS Block in Round 92 with having 9000 TXs
this round time: 0.1094353199005127
Node 5 counting so-far tps: 79241.951022, latency 0.108963
5 start to run round 93 C: [0, 1, 2, 3, 4, 5, 6, 7, 8] N: 9
Node 5 Delivers ACS Block in Round 93 with having 9000 TXs
this round time: 0.11615848541259766
Node 5 counting so-far tps: 79210.839680, latency 0.109054
5 start to run round 94 C: [0, 1, 2, 3, 4, 5, 6, 7, 8] N: 9
Node 5 Delivers ACS Block in Round 94 with having 9000 TXs
this round time: 0.11243009567260742
Node 5 counting so-far tps: 79209.479034, latency 0.109104
5 start to run round 95 C: [0, 1, 2, 3, 4, 5, 6, 7, 8] N: 9
Node 5 Delivers ACS Block in Round 95 with having 9000 TXs
this round time: 0.11740231513977051
Node 5 counting so-far tps: 79170.328927, latency 0.109205
5 start to run round 96 C: [0, 1, 2, 3, 4, 5, 6, 7, 8] N: 9
Node 5 Delivers ACS Block in Round 96 with having 9000 TXs
this round time: 0.10955691337585449
Node 5 counting so-far tps: 79190.819501, latency 0.109223
5 start to run round 97 C: [0, 1, 2, 3, 4, 5, 6, 7, 8] N: 9
Node 5 Delivers ACS Block in Round 97 with having 9000 TXs
this round time: 0.11531472206115723
Node 5 counting so-far tps: 79168.656870, latency 0.109299
5 start to run round 98 C: [0, 1, 2, 3, 4, 5, 6, 7, 8] N: 9
Node 5 Delivers ACS Block in Round 98 with having 9000 TXs
this round time: 0.13799834251403809
Node 5 counting so-far tps: 78981.243408, latency 0.109603
5 start to run round 99 C: [0, 1, 2, 3, 4, 5, 6, 7, 8] N: 9
Node 5 Delivers ACS Block in Round 99 with having 9000 TXs
this round time: 0.11287379264831543
Node 5 counting so-far tps: 78979.554520, latency 0.109649
5 start to run round 100 C: [0, 1, 2, 3, 4, 5, 6, 7, 8] N: 9
Node 5 Delivers ACS Block in Round 100 with having 9000 TXs
this round time: 0.1171267032623291
Node 5 counting so-far tps: 78947.019145, latency 0.109736
5 start to run round 101 C: [0, 1, 2, 3, 4, 5, 6, 7, 8] N: 9
Node 5 Delivers ACS Block in Round 101 with having 9000 TXs
this round time: 0.11510324478149414
Node 5 counting so-far tps: 78929.715313, latency 0.109802
5 start to run round 102 C: [0, 1, 2, 3, 4, 5, 6, 7, 8] N: 9
Node 5 Delivers ACS Block in Round 102 with having 9000 TXs
this round time: 0.11455535888671875
Node 5 counting so-far tps: 78916.452082, latency 0.109862
5 start to run round 103 C: [0, 1, 2, 3, 4, 5, 6, 7, 8] N: 9
Node 5 Delivers ACS Block in Round 103 with having 9000 TXs
this round time: 0.11417150497436523
Node 5 counting so-far tps: 78905.970770, latency 0.109917
5 start to run round 104 C: [0, 1, 2, 3, 4, 5, 6, 7, 8] N: 9
Node 5 Delivers ACS Block in Round 104 with having 9000 TXs
this round time: 0.11044740676879883
Node 5 counting so-far tps: 78921.242526, latency 0.109935
5 start to run round 105 C: [0, 1, 2, 3, 4, 5, 6, 7, 8] N: 9
Node 5 Delivers ACS Block in Round 105 with having 9000 TXs
this round time: 0.11152505874633789
Node 5 counting so-far tps: 78929.388203, latency 0.109962
5 start to run round 106 C: [0, 1, 2, 3, 4, 5, 6, 7, 8] N: 9
Node 5 Delivers ACS Block in Round 106 with having 9000 TXs
this round time: 0.11899280548095703
Node 5 counting so-far tps: 78887.015756, latency 0.110059
5 start to run round 107 C: [0, 1, 2, 3, 4, 5, 6, 7, 8] N: 9
Node 5 Delivers ACS Block in Round 107 with having 9000 TXs
this round time: 0.10931682586669922
Node 5 counting so-far tps: 78909.503274, latency 0.110065
5 start to run round 108 C: [0, 1, 2, 3, 4, 5, 6, 7, 8] N: 9
Node 5 Delivers ACS Block in Round 108 with having 9000 TXs
this round time: 0.11610078811645508
Node 5 counting so-far tps: 78887.028183, latency 0.110133
5 start to run round 109 C: [0, 1, 2, 3, 4, 5, 6, 7, 8] N: 9
Node 5 Delivers ACS Block in Round 109 with having 9000 TXs
this round time: 0.11690521240234375
Node 5 counting so-far tps: 78858.697786, latency 0.110209
5 start to run round 110 C: [0, 1, 2, 3, 4, 5, 6, 7, 8] N: 9
Node 5 Delivers ACS Block in Round 110 with having 9000 TXs
this round time: 0.11101150512695312
Node 5 counting so-far tps: 78869.739023, latency 0.110229
5 start to run round 111 C: [0, 1, 2, 3, 4, 5, 6, 7, 8] N: 9
Node 5 Delivers ACS Block in Round 111 with having 9000 TXs
this round time: 0.1163794994354248
Node 5 counting so-far tps: 78847.110142, latency 0.110295
5 start to run round 112 C: [0, 1, 2, 3, 4, 5, 6, 7, 8] N: 9
Node 5 Delivers ACS Block in Round 112 with having 9000 TXs
this round time: 0.11173844337463379
Node 5 counting so-far tps: 78852.604603, latency 0.110321
5 start to run round 113 C: [0, 1, 2, 3, 4, 5, 6, 7, 8] N: 9
Node 5 Delivers ACS Block in Round 113 with having 9000 TXs
this round time: 0.11334109306335449
Node 5 counting so-far tps: 78849.014209, latency 0.110360
5 start to run round 114 C: [0, 1, 2, 3, 4, 5, 6, 7, 8] N: 9
Node 5 Delivers ACS Block in Round 114 with having 9000 TXs
this round time: 0.11574649810791016
Node 5 counting so-far tps: 78830.027559, latency 0.110419
5 start to run round 115 C: [0, 1, 2, 3, 4, 5, 6, 7, 8] N: 9
Node 5 Delivers ACS Block in Round 115 with having 9000 TXs
this round time: 0.11283087730407715
Node 5 counting so-far tps: 78829.668752, latency 0.110452
5 start to run round 116 C: [0, 1, 2, 3, 4, 5, 6, 7, 8] N: 9
Node 5 Delivers ACS Block in Round 116 with having 9000 TXs
this round time: 0.11719059944152832
Node 5 counting so-far tps: 78802.888466, latency 0.110521
5 start to run round 117 C: [0, 1, 2, 3, 4, 5, 6, 7, 8] N: 9
Node 5 Delivers ACS Block in Round 117 with having 9000 TXs
this round time: 0.1128082275390625
Node 5 counting so-far tps: 78803.430448, latency 0.110552
5 start to run round 118 C: [0, 1, 2, 3, 4, 5, 6, 7, 8] N: 9
Node 5 Delivers ACS Block in Round 118 with having 9000 TXs
this round time: 0.11257791519165039
Node 5 counting so-far tps: 78804.973902, latency 0.110580
5 start to run round 119 C: [0, 1, 2, 3, 4, 5, 6, 7, 8] N: 9
Node 5 Delivers ACS Block in Round 119 with having 9000 TXs
this round time: 0.1162102222442627
Node 5 counting so-far tps: 78784.852680, latency 0.110639
5 start to run round 120 C: [0, 1, 2, 3, 4, 5, 6, 7, 8] N: 9
Node 5 Delivers ACS Block in Round 120 with having 9000 TXs
this round time: 0.11786746978759766
Node 5 counting so-far tps: 78755.256413, latency 0.110710
5 start to run round 121 C: [0, 1, 2, 3, 4, 5, 6, 7, 8] N: 9
Node 5 Delivers ACS Block in Round 121 with having 9000 TXs
this round time: 0.11533975601196289
Node 5 counting so-far tps: 78741.017583, latency 0.110759
5 start to run round 122 C: [0, 1, 2, 3, 4, 5, 6, 7, 8] N: 9
Node 5 Delivers ACS Block in Round 122 with having 9000 TXs
this round time: 0.11506319046020508
Node 5 counting so-far tps: 78728.704197, latency 0.110806
5 start to run round 123 C: [0, 1, 2, 3, 4, 5, 6, 7, 8] N: 9
Node 5 Delivers ACS Block in Round 123 with having 9000 TXs
this round time: 0.11775898933410645
Node 5 counting so-far tps: 78701.438701, latency 0.110872
5 start to run round 124 C: [0, 1, 2, 3, 4, 5, 6, 7, 8] N: 9
Node 5 Delivers ACS Block in Round 124 with having 9000 TXs
this round time: 0.11292719841003418
Node 5 counting so-far tps: 78701.764645, latency 0.110900
5 start to run round 125 C: [0, 1, 2, 3, 4, 5, 6, 7, 8] N: 9
Node 5 Delivers ACS Block in Round 125 with having 9000 TXs
this round time: 0.11522197723388672
Node 5 counting so-far tps: 78688.934814, latency 0.110945
5 start to run round 126 C: [0, 1, 2, 3, 4, 5, 6, 7, 8] N: 9
Node 5 Delivers ACS Block in Round 126 with having 9000 TXs
this round time: 0.11374211311340332
Node 5 counting so-far tps: 78684.721889, latency 0.110978
5 start to run round 127 C: [0, 1, 2, 3, 4, 5, 6, 7, 8] N: 9
Node 5 Delivers ACS Block in Round 127 with having 9000 TXs
this round time: 0.12018084526062012
Node 5 counting so-far tps: 78645.057972, latency 0.111061
5 start to run round 128 C: [0, 1, 2, 3, 4, 5, 6, 7, 8] N: 9
Node 5 Delivers ACS Block in Round 128 with having 9000 TXs
this round time: 0.11862754821777344
Node 5 counting so-far tps: 78614.422814, latency 0.111130
5 start to run round 129 C: [0, 1, 2, 3, 4, 5, 6, 7, 8] N: 9
Node 5 Delivers ACS Block in Round 129 with having 9000 TXs
this round time: 0.11469864845275879
Node 5 counting so-far tps: 78605.981953, latency 0.111168
5 start to run round 130 C: [0, 1, 2, 3, 4, 5, 6, 7, 8] N: 9
Node 5 Delivers ACS Block in Round 130 with having 9000 TXs
this round time: 0.1153416633605957
Node 5 counting so-far tps: 78594.057264, latency 0.111210
5 start to run round 131 C: [0, 1, 2, 3, 4, 5, 6, 7, 8] N: 9
Node 5 Delivers ACS Block in Round 131 with having 9000 TXs
this round time: 0.11692261695861816
Node 5 counting so-far tps: 78573.822345, latency 0.111264
5 start to run round 132 C: [0, 1, 2, 3, 4, 5, 6, 7, 8] N: 9
Node 5 Delivers ACS Block in Round 132 with having 9000 TXs
this round time: 0.11412191390991211
Node 5 counting so-far tps: 78568.457364, latency 0.111296
5 start to run round 133 C: [0, 1, 2, 3, 4, 5, 6, 7, 8] N: 9
Node 5 Delivers ACS Block in Round 133 with having 9000 TXs
this round time: 0.11352300643920898
Node 5 counting so-far tps: 78566.580825, latency 0.111323
5 start to run round 134 C: [0, 1, 2, 3, 4, 5, 6, 7, 8] N: 9
Node 5 Delivers ACS Block in Round 134 with having 9000 TXs
this round time: 0.11987733840942383
Node 5 counting so-far tps: 78531.358479, latency 0.111397
5 start to run round 135 C: [0, 1, 2, 3, 4, 5, 6, 7, 8] N: 9
Node 5 Delivers ACS Block in Round 135 with having 9000 TXs
this round time: 0.1114654541015625
Node 5 counting so-far tps: 78533.809498, latency 0.111417
5 start to run round 136 C: [0, 1, 2, 3, 4, 5, 6, 7, 8] N: 9
Node 5 Delivers ACS Block in Round 136 with having 9000 TXs
this round time: 0.1163930892944336
Node 5 counting so-far tps: 78517.398216, latency 0.111464
5 start to run round 137 C: [0, 1, 2, 3, 4, 5, 6, 7, 8] N: 9
Node 5 Delivers ACS Block in Round 137 with having 9000 TXs
this round time: 0.11074566841125488
Node 5 counting so-far tps: 78529.909798, latency 0.111469
5 start to run round 138 C: [0, 1, 2, 3, 4, 5, 6, 7, 8] N: 9
Node 5 Delivers ACS Block in Round 138 with having 9000 TXs
this round time: 0.12089347839355469
Node 5 counting so-far tps: 78490.793147, latency 0.111547
5 start to run round 139 C: [0, 1, 2, 3, 4, 5, 6, 7, 8] N: 9
Node 5 Delivers ACS Block in Round 139 with having 9000 TXs
this round time: 0.11577391624450684
Node 5 counting so-far tps: 78477.597307, latency 0.111588
5 start to run round 140 C: [0, 1, 2, 3, 4, 5, 6, 7, 8] N: 9
Node 5 Delivers ACS Block in Round 140 with having 9000 TXs
this round time: 0.11629247665405273
Node 5 counting so-far tps: 78462.517024, latency 0.111631
5 start to run round 141 C: [0, 1, 2, 3, 4, 5, 6, 7, 8] N: 9
Node 5 Delivers ACS Block in Round 141 with having 9000 TXs
this round time: 0.1165475845336914
Node 5 counting so-far tps: 78446.590867, latency 0.111676
5 start to run round 142 C: [0, 1, 2, 3, 4, 5, 6, 7, 8] N: 9
Node 5 Delivers ACS Block in Round 142 with having 9000 TXs
this round time: 0.11731314659118652
Node 5 counting so-far tps: 78426.892309, latency 0.111725
5 start to run round 143 C: [0, 1, 2, 3, 4, 5, 6, 7, 8] N: 9
Node 5 Delivers ACS Block in Round 143 with having 9000 TXs
this round time: 0.11536455154418945
Node 5 counting so-far tps: 78416.861799, latency 0.111760
5 start to run round 144 C: [0, 1, 2, 3, 4, 5, 6, 7, 8] N: 9
Node 5 Delivers ACS Block in Round 144 with having 9000 TXs
this round time: 0.10965728759765625
Node 5 counting so-far tps: 78434.283867, latency 0.111756
5 start to run round 145 C: [0, 1, 2, 3, 4, 5, 6, 7, 8] N: 9
Node 5 Delivers ACS Block in Round 145 with having 9000 TXs
this round time: 0.11867356300354004
Node 5 counting so-far tps: 78408.567721, latency 0.111813
5 start to run round 146 C: [0, 1, 2, 3, 4, 5, 6, 7, 8] N: 9
Node 5 Delivers ACS Block in Round 146 with having 9000 TXs
this round time: 0.11122441291809082
Node 5 counting so-far tps: 78418.760519, latency 0.111819
5 start to run round 147 C: [0, 1, 2, 3, 4, 5, 6, 7, 8] N: 9
Node 5 Delivers ACS Block in Round 147 with having 9000 TXs
this round time: 0.12071990966796875
Node 5 counting so-far tps: 78384.260946, latency 0.111888
5 start to run round 148 C: [0, 1, 2, 3, 4, 5, 6, 7, 8] N: 9
Node 5 Delivers ACS Block in Round 148 with having 9000 TXs
this round time: 0.11662602424621582
Node 5 counting so-far tps: 78368.874088, latency 0.111930
5 start to run round 149 C: [0, 1, 2, 3, 4, 5, 6, 7, 8] N: 9
Node 5 Delivers ACS Block in Round 149 with having 9000 TXs
this round time: 0.10928678512573242
Node 5 counting so-far tps: 78387.777804, latency 0.111922
5 start to run round 150 C: [0, 1, 2, 3, 4, 5, 6, 7, 8] N: 9
Node 5 Delivers ACS Block in Round 150 with having 9000 TXs
this round time: 0.11711406707763672
Node 5 counting so-far tps: 78370.595278, latency 0.111966
5 start to run round 151 C: [0, 1, 2, 3, 4, 5, 6, 7, 8] N: 9
Node 5 Delivers ACS Block in Round 151 with having 9000 TXs
this round time: 0.11831355094909668
Node 5 counting so-far tps: 78347.832635, latency 0.112017
5 start to run round 152 C: [0, 1, 2, 3, 4, 5, 6, 7, 8] N: 9
Node 5 Delivers ACS Block in Round 152 with having 9000 TXs
this round time: 0.11307644844055176
Node 5 counting so-far tps: 78348.598259, latency 0.112035
5 start to run round 153 C: [0, 1, 2, 3, 4, 5, 6, 7, 8] N: 9
Node 5 Delivers ACS Block in Round 153 with having 9000 TXs
this round time: 0.11490106582641602
Node 5 counting so-far tps: 78342.353700, latency 0.112062
5 start to run round 154 C: [0, 1, 2, 3, 4, 5, 6, 7, 8] N: 9
Node 5 Delivers ACS Block in Round 154 with having 9000 TXs
this round time: 0.12125349044799805
Node 5 counting so-far tps: 78307.010985, latency 0.112131
5 start to run round 155 C: [0, 1, 2, 3, 4, 5, 6, 7, 8] N: 9
Node 5 Delivers ACS Block in Round 155 with having 9000 TXs
this round time: 0.11158943176269531
Node 5 counting so-far tps: 78315.407859, latency 0.112137
5 start to run round 156 C: [0, 1, 2, 3, 4, 5, 6, 7, 8] N: 9
Node 5 Delivers ACS Block in Round 156 with having 9000 TXs
this round time: 0.11770105361938477
Node 5 counting so-far tps: 78296.721747, latency 0.112181
5 start to run round 157 C: [0, 1, 2, 3, 4, 5, 6, 7, 8] N: 9
Node 5 Delivers ACS Block in Round 157 with having 9000 TXs
this round time: 0.1159353256225586
Node 5 counting so-far tps: 78285.883529, latency 0.112214
5 start to run round 158 C: [0, 1, 2, 3, 4, 5, 6, 7, 8] N: 9
Node 5 Delivers ACS Block in Round 158 with having 9000 TXs
this round time: 0.11432266235351562
Node 5 counting so-far tps: 78282.316838, latency 0.112237
5 start to run round 159 C: [0, 1, 2, 3, 4, 5, 6, 7, 8] N: 9
Node 5 Delivers ACS Block in Round 159 with having 9000 TXs
this round time: 0.10862565040588379
Node 5 counting so-far tps: 78303.915289, latency 0.112223
5 start to run round 160 C: [0, 1, 2, 3, 4, 5, 6, 7, 8] N: 9
Node 5 Delivers ACS Block in Round 160 with having 9000 TXs
this round time: 0.11717963218688965
Node 5 counting so-far tps: 78287.299849, latency 0.112264
5 start to run round 161 C: [0, 1, 2, 3, 4, 5, 6, 7, 8] N: 9
Node 5 Delivers ACS Block in Round 161 with having 9000 TXs
this round time: 0.11513519287109375
Node 5 counting so-far tps: 78280.526910, latency 0.112290
5 start to run round 162 C: [0, 1, 2, 3, 4, 5, 6, 7, 8] N: 9
Node 5 Delivers ACS Block in Round 162 with having 9000 TXs
this round time: 0.11539649963378906
Node 5 counting so-far tps: 78272.857546, latency 0.112317
5 start to run round 163 C: [0, 1, 2, 3, 4, 5, 6, 7, 8] N: 9
Node 5 Delivers ACS Block in Round 163 with having 9000 TXs
this round time: 0.11632537841796875
Node 5 counting so-far tps: 78261.301335, latency 0.112350
5 start to run round 164 C: [0, 1, 2, 3, 4, 5, 6, 7, 8] N: 9
Node 5 Delivers ACS Block in Round 164 with having 9000 TXs
this round time: 0.11349105834960938
Node 5 counting so-far tps: 78261.777662, latency 0.112366
5 start to run round 165 C: [0, 1, 2, 3, 4, 5, 6, 7, 8] N: 9
Node 5 Delivers ACS Block in Round 165 with having 9000 TXs
this round time: 0.11394953727722168
Node 5 counting so-far tps: 78260.885857, latency 0.112383
5 start to run round 166 C: [0, 1, 2, 3, 4, 5, 6, 7, 8] N: 9
Node 5 Delivers ACS Block in Round 166 with having 9000 TXs
this round time: 0.11889266967773438
Node 5 counting so-far tps: 78238.026286, latency 0.112431
5 start to run round 167 C: [0, 1, 2, 3, 4, 5, 6, 7, 8] N: 9
Node 5 Delivers ACS Block in Round 167 with having 9000 TXs
this round time: 0.11304426193237305
Node 5 counting so-far tps: 78240.585553, latency 0.112443
5 start to run round 168 C: [0, 1, 2, 3, 4, 5, 6, 7, 8] N: 9
Node 5 Delivers ACS Block in Round 168 with having 9000 TXs
this round time: 0.11324763298034668
Node 5 counting so-far tps: 78242.306181, latency 0.112456
5 start to run round 169 C: [0, 1, 2, 3, 4, 5, 6, 7, 8] N: 9
Node 5 Delivers ACS Block in Round 169 with having 9000 TXs
this round time: 0.11437869071960449
Node 5 counting so-far tps: 78239.207069, latency 0.112476
5 start to run round 170 C: [0, 1, 2, 3, 4, 5, 6, 7, 8] N: 9
Node 5 Delivers ACS Block in Round 170 with having 9000 TXs
this round time: 0.11460423469543457
Node 5 counting so-far tps: 78235.383120, latency 0.112496
5 start to run round 171 C: [0, 1, 2, 3, 4, 5, 6, 7, 8] N: 9
Node 5 Delivers ACS Block in Round 171 with having 9000 TXs
this round time: 0.11498475074768066
Node 5 counting so-far tps: 78230.433061, latency 0.112518
5 start to run round 172 C: [0, 1, 2, 3, 4, 5, 6, 7, 8] N: 9
Node 5 Delivers ACS Block in Round 172 with having 9000 TXs
this round time: 0.11425352096557617
Node 5 counting so-far tps: 78228.117142, latency 0.112536
5 start to run round 173 C: [0, 1, 2, 3, 4, 5, 6, 7, 8] N: 9
Node 5 Delivers ACS Block in Round 173 with having 9000 TXs
this round time: 0.11192536354064941
Node 5 counting so-far tps: 78235.173822, latency 0.112540
5 start to run round 174 C: [0, 1, 2, 3, 4, 5, 6, 7, 8] N: 9
Node 5 Delivers ACS Block in Round 174 with having 9000 TXs
this round time: 0.11516618728637695
Node 5 counting so-far tps: 78229.096928, latency 0.112563
5 start to run round 175 C: [0, 1, 2, 3, 4, 5, 6, 7, 8] N: 9
Node 5 Delivers ACS Block in Round 175 with having 9000 TXs
this round time: 0.11565589904785156
Node 5 counting so-far tps: 78221.346600, latency 0.112588
5 start to run round 176 C: [0, 1, 2, 3, 4, 5, 6, 7, 8] N: 9
Node 5 Delivers ACS Block in Round 176 with having 9000 TXs
this round time: 0.11230587959289551
Node 5 counting so-far tps: 78226.799100, latency 0.112595
5 start to run round 177 C: [0, 1, 2, 3, 4, 5, 6, 7, 8] N: 9
Node 5 Delivers ACS Block in Round 177 with having 9000 TXs
this round time: 0.11701011657714844
Node 5 counting so-far tps: 78213.989509, latency 0.112627
5 start to run round 178 C: [0, 1, 2, 3, 4, 5, 6, 7, 8] N: 9
Node 5 Delivers ACS Block in Round 178 with having 9000 TXs
this round time: 0.11556220054626465
Node 5 counting so-far tps: 78206.677367, latency 0.112651
5 start to run round 179 C: [0, 1, 2, 3, 4, 5, 6, 7, 8] N: 9
Node 5 Delivers ACS Block in Round 179 with having 9000 TXs
this round time: 0.11696100234985352
Node 5 counting so-far tps: 78194.019790, latency 0.112683
5 start to run round 180 C: [0, 1, 2, 3, 4, 5, 6, 7, 8] N: 9
Node 5 Delivers ACS Block in Round 180 with having 9000 TXs
this round time: 0.11447262763977051
Node 5 counting so-far tps: 78191.161332, latency 0.112700
5 start to run round 181 C: [0, 1, 2, 3, 4, 5, 6, 7, 8] N: 9
Node 5 Delivers ACS Block in Round 181 with having 9000 TXs
this round time: 0.11653828620910645
Node 5 counting so-far tps: 78180.399391, latency 0.112729
5 start to run round 182 C: [0, 1, 2, 3, 4, 5, 6, 7, 8] N: 9
Node 5 Delivers ACS Block in Round 182 with having 9000 TXs
this round time: 0.11771655082702637
Node 5 counting so-far tps: 78165.319684, latency 0.112764
5 start to run round 183 C: [0, 1, 2, 3, 4, 5, 6, 7, 8] N: 9
Node 5 Delivers ACS Block in Round 183 with having 9000 TXs
this round time: 0.11415362358093262
Node 5 counting so-far tps: 78164.241622, latency 0.112778
5 start to run round 184 C: [0, 1, 2, 3, 4, 5, 6, 7, 8] N: 9
Node 5 Delivers ACS Block in Round 184 with having 8000 TXs
this round time: 0.11548566818237305
Node 5 counting so-far tps: 78109.686581, latency 0.112800
5 start to run round 185 C: [0, 1, 2, 3, 4, 5, 6, 7, 8] N: 9
Node 5 Delivers ACS Block in Round 185 with having 9000 TXs
this round time: 0.11477279663085938
Node 5 counting so-far tps: 78106.391013, latency 0.112818
5 start to run round 186 C: [0, 1, 2, 3, 4, 5, 6, 7, 8] N: 9
Node 5 Delivers ACS Block in Round 186 with having 9000 TXs
this round time: 0.11489987373352051
Node 5 counting so-far tps: 78102.701051, latency 0.112836
5 start to run round 187 C: [0, 1, 2, 3, 4, 5, 6, 7, 8] N: 9
Node 5 Delivers ACS Block in Round 187 with having 9000 TXs
this round time: 0.11839175224304199
Node 5 counting so-far tps: 78086.018324, latency 0.112873
5 start to run round 188 C: [0, 1, 2, 3, 4, 5, 6, 7, 8] N: 9
Node 5 Delivers ACS Block in Round 188 with having 9000 TXs
this round time: 0.1153862476348877
Node 5 counting so-far tps: 78080.786636, latency 0.112894
5 start to run round 189 C: [0, 1, 2, 3, 4, 5, 6, 7, 8] N: 9
Node 5 Delivers ACS Block in Round 189 with having 9000 TXs
this round time: 0.11851334571838379
Node 5 counting so-far tps: 78063.855794, latency 0.112930
5 start to run round 190 C: [0, 1, 2, 3, 4, 5, 6, 7, 8] N: 9
Node 5 Delivers ACS Block in Round 190 with having 9000 TXs
this round time: 0.11726522445678711
Node 5 counting so-far tps: 78051.758340, latency 0.112960
5 start to run round 191 C: [0, 1, 2, 3, 4, 5, 6, 7, 8] N: 9
Node 5 Delivers ACS Block in Round 191 with having 9000 TXs
this round time: 0.11713385581970215
Node 5 counting so-far tps: 78040.269200, latency 0.112989
5 start to run round 192 C: [0, 1, 2, 3, 4, 5, 6, 7, 8] N: 9
Node 5 Delivers ACS Block in Round 192 with having 9000 TXs
this round time: 0.11671066284179688
Node 5 counting so-far tps: 78030.370184, latency 0.113016
5 start to run round 193 C: [0, 1, 2, 3, 4, 5, 6, 7, 8] N: 9
Node 5 Delivers ACS Block in Round 193 with having 9000 TXs
this round time: 0.11661624908447266
Node 5 counting so-far tps: 78021.051087, latency 0.113041
5 start to run round 194 C: [0, 1, 2, 3, 4, 5, 6, 7, 8] N: 9
Node 5 Delivers ACS Block in Round 194 with having 9000 TXs
this round time: 0.1178443431854248
Node 5 counting so-far tps: 78007.635061, latency 0.113072
5 start to run round 195 C: [0, 1, 2, 3, 4, 5, 6, 7, 8] N: 9
Node 5 Delivers ACS Block in Round 195 with having 9000 TXs
this round time: 0.11874914169311523
Node 5 counting so-far tps: 77991.038284, latency 0.113108
5 start to run round 196 C: [0, 1, 2, 3, 4, 5, 6, 7, 8] N: 9
Node 5 Delivers ACS Block in Round 196 with having 9000 TXs
this round time: 0.11260318756103516
Node 5 counting so-far tps: 77993.310253, latency 0.113117
5 start to run round 197 C: [0, 1, 2, 3, 4, 5, 6, 7, 8] N: 9
Node 5 Delivers ACS Block in Round 197 with having 9000 TXs
this round time: 0.11497211456298828
Node 5 counting so-far tps: 77989.914767, latency 0.113133
5 start to run round 198 C: [0, 1, 2, 3, 4, 5, 6, 7, 8] N: 9
Node 5 Delivers ACS Block in Round 198 with having 9000 TXs
this round time: 0.11767101287841797
Node 5 counting so-far tps: 77977.161637, latency 0.113163
5 start to run round 199 C: [0, 1, 2, 3, 4, 5, 6, 7, 8] N: 9
Node 5 Delivers ACS Block in Round 199 with having 9000 TXs
this round time: 0.11933660507202148
Node 5 counting so-far tps: 77958.666592, latency 0.113201
5 start to run round 200 C: [0, 1, 2, 3, 4, 5, 6, 7, 8] N: 9
Node 5 Delivers ACS Block in Round 200 with having 9000 TXs
this round time: 0.12003850936889648
Node 5 counting so-far tps: 77937.772546, latency 0.113243
5 start to run round 201 C: [0, 1, 2, 3, 4, 5, 6, 7, 8] N: 9
Node 5 Delivers ACS Block in Round 201 with having 9000 TXs
this round time: 0.11120939254760742
Node 5 counting so-far tps: 77947.642973, latency 0.113239
5 start to run round 202 C: [0, 1, 2, 3, 4, 5, 6, 7, 8] N: 9
Node 5 Delivers ACS Block in Round 202 with having 9000 TXs
this round time: 0.11920642852783203
Node 5 counting so-far tps: 77930.347153, latency 0.113275
5 start to run round 203 C: [0, 1, 2, 3, 4, 5, 6, 7, 8] N: 9
Node 5 Delivers ACS Block in Round 203 with having 9000 TXs
this round time: 0.11255526542663574
Node 5 counting so-far tps: 77935.303705, latency 0.113279
5 start to run round 204 C: [0, 1, 2, 3, 4, 5, 6, 7, 8] N: 9
Node 5 Delivers ACS Block in Round 204 with having 9000 TXs
this round time: 0.11323809623718262
Node 5 counting so-far tps: 77938.065578, latency 0.113286
5 start to run round 205 C: [0, 1, 2, 3, 4, 5, 6, 7, 8] N: 9
Node 5 Delivers ACS Block in Round 205 with having 9000 TXs
this round time: 0.1203312873840332
Node 5 counting so-far tps: 77917.223193, latency 0.113327
5 start to run round 206 C: [0, 1, 2, 3, 4, 5, 6, 7, 8] N: 9
Node 5 Delivers ACS Block in Round 206 with having 9000 TXs
this round time: 0.11781787872314453
Node 5 counting so-far tps: 77904.829332, latency 0.113355
5 start to run round 207 C: [0, 1, 2, 3, 4, 5, 6, 7, 8] N: 9
Node 5 Delivers ACS Block in Round 207 with having 9000 TXs
this round time: 0.10945320129394531
Node 5 counting so-far tps: 77920.169910, latency 0.113343
5 start to run round 208 C: [0, 1, 2, 3, 4, 5, 6, 7, 8] N: 9
Node 5 Delivers ACS Block in Round 208 with having 9000 TXs
this round time: 0.11946725845336914
Node 5 counting so-far tps: 77902.554440, latency 0.113379
5 start to run round 209 C: [0, 1, 2, 3, 4, 5, 6, 7, 8] N: 9
Node 5 Delivers ACS Block in Round 209 with having 9000 TXs
this round time: 0.10993504524230957
Node 5 counting so-far tps: 77915.679927, latency 0.113370
5 start to run round 210 C: [0, 1, 2, 3, 4, 5, 6, 7, 8] N: 9
Node 5 Delivers ACS Block in Round 210 with having 9000 TXs
this round time: 0.11637425422668457
Node 5 counting so-far tps: 77908.306079, latency 0.113391
5 start to run round 211 C: [0, 1, 2, 3, 4, 5, 6, 7, 8] N: 9
Node 5 Delivers ACS Block in Round 211 with having 9000 TXs
this round time: 0.11603951454162598
Node 5 counting so-far tps: 77902.006393, latency 0.113411
5 start to run round 212 C: [0, 1, 2, 3, 4, 5, 6, 7, 8] N: 9
Node 5 Delivers ACS Block in Round 212 with having 9000 TXs
this round time: 0.1214437484741211
Node 5 counting so-far tps: 77878.375745, latency 0.113455
5 start to run round 213 C: [0, 1, 2, 3, 4, 5, 6, 7, 8] N: 9
Node 5 Delivers ACS Block in Round 213 with having 9000 TXs
this round time: 0.1098177433013916
Node 5 counting so-far tps: 77892.190663, latency 0.113445
5 start to run round 214 C: [0, 1, 2, 3, 4, 5, 6, 7, 8] N: 9
Node 5 Delivers ACS Block in Round 214 with having 9000 TXs
this round time: 0.11601066589355469
Node 5 counting so-far tps: 77886.050995, latency 0.113463
5 start to run round 215 C: [0, 1, 2, 3, 4, 5, 6, 7, 8] N: 9
Node 5 Delivers ACS Block in Round 215 with having 9000 TXs
this round time: 0.11617922782897949
Node 5 counting so-far tps: 77879.592180, latency 0.113482
5 start to run round 216 C: [0, 1, 2, 3, 4, 5, 6, 7, 8] N: 9
Node 5 Delivers ACS Block in Round 216 with having 9000 TXs
this round time: 0.11377406120300293
Node 5 counting so-far tps: 77880.748286, latency 0.113490
5 start to run round 217 C: [0, 1, 2, 3, 4, 5, 6, 7, 8] N: 9
Node 5 Delivers ACS Block in Round 217 with having 9000 TXs
this round time: 0.11796808242797852
Node 5 counting so-far tps: 77868.746171, latency 0.113517
5 start to run round 218 C: [0, 1, 2, 3, 4, 5, 6, 7, 8] N: 9
Node 5 Delivers ACS Block in Round 218 with having 9000 TXs
this round time: 0.11940813064575195
Node 5 counting so-far tps: 77852.466402, latency 0.113550
5 start to run round 219 C: [0, 1, 2, 3, 4, 5, 6, 7, 8] N: 9
Node 5 Delivers ACS Block in Round 219 with having 9000 TXs
this round time: 0.11243581771850586
Node 5 counting so-far tps: 77857.856409, latency 0.113552
5 start to run round 220 C: [0, 1, 2, 3, 4, 5, 6, 7, 8] N: 9
Node 5 Delivers ACS Block in Round 220 with having 9000 TXs
this round time: 0.1165461540222168
Node 5 counting so-far tps: 77850.528528, latency 0.113572
5 start to run round 221 C: [0, 1, 2, 3, 4, 5, 6, 7, 8] N: 9
Node 5 Delivers ACS Block in Round 221 with having 9000 TXs
this round time: 0.11923360824584961
Node 5 counting so-far tps: 77834.801281, latency 0.113604
5 start to run round 222 C: [0, 1, 2, 3, 4, 5, 6, 7, 8] N: 9
Node 5 Delivers ACS Block in Round 222 with having 9000 TXs
this round time: 0.11581730842590332
Node 5 counting so-far tps: 77829.823338, latency 0.113620
5 start to run round 223 C: [0, 1, 2, 3, 4, 5, 6, 7, 8] N: 9
Node 5 Delivers ACS Block in Round 223 with having 9000 TXs
this round time: 0.11308622360229492
Node 5 counting so-far tps: 77833.220303, latency 0.113624
5 start to run round 224 C: [0, 1, 2, 3, 4, 5, 6, 7, 8] N: 9
Node 5 Delivers ACS Block in Round 224 with having 9000 TXs
this round time: 0.11754941940307617
Node 5 counting so-far tps: 77823.003229, latency 0.113648
5 start to run round 225 C: [0, 1, 2, 3, 4, 5, 6, 7, 8] N: 9
Node 5 Delivers ACS Block in Round 225 with having 9000 TXs
this round time: 0.11493062973022461
Node 5 counting so-far tps: 77821.148907, latency 0.113660
5 start to run round 226 C: [0, 1, 2, 3, 4, 5, 6, 7, 8] N: 9
Node 5 Delivers ACS Block in Round 226 with having 9000 TXs
this round time: 0.11473679542541504
Node 5 counting so-far tps: 77819.335023, latency 0.113671
5 start to run round 227 C: [0, 1, 2, 3, 4, 5, 6, 7, 8] N: 9
Node 5 Delivers ACS Block in Round 227 with having 9000 TXs
this round time: 0.11459922790527344
Node 5 counting so-far tps: 77818.165167, latency 0.113682
5 start to run round 228 C: [0, 1, 2, 3, 4, 5, 6, 7, 8] N: 9
Node 5 Delivers ACS Block in Round 228 with having 9000 TXs
this round time: 0.11295557022094727
Node 5 counting so-far tps: 77822.003569, latency 0.113685
5 start to run round 229 C: [0, 1, 2, 3, 4, 5, 6, 7, 8] N: 9
Node 5 Delivers ACS Block in Round 229 with having 9000 TXs
this round time: 0.11161613464355469
Node 5 counting so-far tps: 77829.895283, latency 0.113682
5 start to run round 230 C: [0, 1, 2, 3, 4, 5, 6, 7, 8] N: 9
Node 5 Delivers ACS Block in Round 230 with having 9000 TXs
this round time: 0.1160433292388916
Node 5 counting so-far tps: 77824.755992, latency 0.113698
5 start to run round 231 C: [0, 1, 2, 3, 4, 5, 6, 7, 8] N: 9
Node 5 Delivers ACS Block in Round 231 with having 9000 TXs
this round time: 0.11648035049438477
Node 5 counting so-far tps: 77818.329029, latency 0.113715
5 start to run round 232 C: [0, 1, 2, 3, 4, 5, 6, 7, 8] N: 9
Node 5 Delivers ACS Block in Round 232 with having 9000 TXs
this round time: 0.11621642112731934
Node 5 counting so-far tps: 77812.860923, latency 0.113732
5 start to run round 233 C: [0, 1, 2, 3, 4, 5, 6, 7, 8] N: 9
Node 5 Delivers ACS Block in Round 233 with having 9000 TXs
this round time: 0.11718177795410156
Node 5 counting so-far tps: 77804.234563, latency 0.113753
5 start to run round 234 C: [0, 1, 2, 3, 4, 5, 6, 7, 8] N: 9
Node 5 Delivers ACS Block in Round 234 with having 9000 TXs
this round time: 0.10845732688903809
Node 5 counting so-far tps: 77820.391300, latency 0.113737
5 start to run round 235 C: [0, 1, 2, 3, 4, 5, 6, 7, 8] N: 9
Node 5 Delivers ACS Block in Round 235 with having 9000 TXs
this round time: 0.1162254810333252
Node 5 counting so-far tps: 77814.832657, latency 0.113753
5 start to run round 236 C: [0, 1, 2, 3, 4, 5, 6, 7, 8] N: 9
Node 5 Delivers ACS Block in Round 236 with having 9000 TXs
this round time: 0.11461567878723145
Node 5 counting so-far tps: 77813.971683, latency 0.113763
5 start to run round 237 C: [0, 1, 2, 3, 4, 5, 6, 7, 8] N: 9
Node 5 Delivers ACS Block in Round 237 with having 9000 TXs
this round time: 0.1129302978515625
Node 5 counting so-far tps: 77818.268644, latency 0.113764
5 start to run round 238 C: [0, 1, 2, 3, 4, 5, 6, 7, 8] N: 9
Node 5 Delivers ACS Block in Round 238 with having 9000 TXs
this round time: 0.11754846572875977
Node 5 counting so-far tps: 77808.778303, latency 0.113786
5 start to run round 239 C: [0, 1, 2, 3, 4, 5, 6, 7, 8] N: 9
Node 5 Delivers ACS Block in Round 239 with having 9000 TXs
this round time: 0.11505436897277832
Node 5 counting so-far tps: 77806.699487, latency 0.113797
5 start to run round 240 C: [0, 1, 2, 3, 4, 5, 6, 7, 8] N: 9
Node 5 Delivers ACS Block in Round 240 with having 9000 TXs
this round time: 0.1172645092010498
Node 5 counting so-far tps: 77798.043335, latency 0.113817
5 start to run round 241 C: [0, 1, 2, 3, 4, 5, 6, 7, 8] N: 9
Node 5 Delivers ACS Block in Round 241 with having 9000 TXs
this round time: 0.11774587631225586
Node 5 counting so-far tps: 77788.409557, latency 0.113839
5 start to run round 242 C: [0, 1, 2, 3, 4, 5, 6, 7, 8] N: 9
Node 5 Delivers ACS Block in Round 242 with having 9000 TXs
this round time: 0.11271905899047852
Node 5 counting so-far tps: 77792.998351, latency 0.113840
5 start to run round 243 C: [0, 1, 2, 3, 4, 5, 6, 7, 8] N: 9
Node 5 Delivers ACS Block in Round 243 with having 9000 TXs
this round time: 0.11551189422607422
Node 5 counting so-far tps: 77789.626683, latency 0.113853
5 start to run round 244 C: [0, 1, 2, 3, 4, 5, 6, 7, 8] N: 9
Node 5 Delivers ACS Block in Round 244 with having 9000 TXs
this round time: 0.11469030380249023
Node 5 counting so-far tps: 77788.759040, latency 0.113861
5 start to run round 245 C: [0, 1, 2, 3, 4, 5, 6, 7, 8] N: 9
Node 5 Delivers ACS Block in Round 245 with having 9000 TXs
this round time: 0.11863851547241211
Node 5 counting so-far tps: 77776.548308, latency 0.113887
5 start to run round 246 C: [0, 1, 2, 3, 4, 5, 6, 7, 8] N: 9
Node 5 Delivers ACS Block in Round 246 with having 9000 TXs
this round time: 0.1156775951385498
Node 5 counting so-far tps: 77772.932702, latency 0.113900
5 start to run round 247 C: [0, 1, 2, 3, 4, 5, 6, 7, 8] N: 9
Node 5 Delivers ACS Block in Round 247 with having 9000 TXs
this round time: 0.11306262016296387
Node 5 counting so-far tps: 77776.557582, latency 0.113902
5 start to run round 248 C: [0, 1, 2, 3, 4, 5, 6, 7, 8] N: 9
Node 5 Delivers ACS Block in Round 248 with having 9000 TXs
this round time: 0.11912417411804199
Node 5 counting so-far tps: 77763.469466, latency 0.113928
5 start to run round 249 C: [0, 1, 2, 3, 4, 5, 6, 7, 8] N: 9
Node 5 Delivers ACS Block in Round 249 with having 9000 TXs
this round time: 0.11648702621459961
Node 5 counting so-far tps: 77757.785654, latency 0.113944
5 start to run round 250 C: [0, 1, 2, 3, 4, 5, 6, 7, 8] N: 9
Node 5 Delivers ACS Block in Round 250 with having 9000 TXs
this round time: 0.11600089073181152
Node 5 counting so-far tps: 77753.452628, latency 0.113957
node 5 breaks in 28.604255 seconds with total delivered Txs 2224000, latency: 0.113961, tps: 77750.672361
5 set stop as true
