main
here debug =  False
here N =  15
m= 0
15
15 4 1
[0, 1, 2, 3, 4, 5, 6, 7, 8, 9, 10, 11, 12, 13, 14]
1 <class 'int'>
[]
[]
debug is  False
False
waiting for network ready...
13 start to run round 0 C: [0, 1, 2, 3, 4, 5, 6, 7, 8, 9, 10, 11, 12, 13, 14] N: 15
Node 13 Delivers ACS Block in Round 0 with having 50000 TXs
this round time: 1.4137976169586182
Node 13 counting so-far tps: 35337.857330, latency 1.414913
13 start to run round 1 C: [0, 1, 2, 3, 4, 5, 6, 7, 8, 9, 10, 11, 12, 13, 14] N: 15
Node 13 Delivers ACS Block in Round 1 with having 70000 TXs
this round time: 0.4567093849182129
Node 13 counting so-far tps: 63897.543840, latency 0.939003
13 start to run round 2 C: [0, 1, 2, 3, 4, 5, 6, 7, 8, 9, 10, 11, 12, 13, 14] N: 15
Node 13 Delivers ACS Block in Round 2 with having 75000 TXs
this round time: 0.41998815536499023
Node 13 counting so-far tps: 84477.971659, latency 0.769431
13 start to run round 3 C: [0, 1, 2, 3, 4, 5, 6, 7, 8, 9, 10, 11, 12, 13, 14] N: 15
Node 13 Delivers ACS Block in Round 3 with having 75000 TXs
this round time: 0.4448509216308594
Node 13 counting so-far tps: 97648.576314, latency 0.691254
13 start to run round 4 C: [0, 1, 2, 3, 4, 5, 6, 7, 8, 9, 10, 11, 12, 13, 14] N: 15
Node 13 Delivers ACS Block in Round 4 with having 75000 TXs
this round time: 0.4394981861114502
Node 13 counting so-far tps: 107224.932256, latency 0.643507
13 start to run round 5 C: [0, 1, 2, 3, 4, 5, 6, 7, 8, 9, 10, 11, 12, 13, 14] N: 15
Node 13 Delivers ACS Block in Round 5 with having 75000 TXs
this round time: 0.4396049976348877
Node 13 counting so-far tps: 114331.540161, latency 0.612255
13 start to run round 6 C: [0, 1, 2, 3, 4, 5, 6, 7, 8, 9, 10, 11, 12, 13, 14] N: 15
Node 13 Delivers ACS Block in Round 6 with having 75000 TXs
this round time: 0.44298553466796875
Node 13 counting so-far tps: 119659.601485, latency 0.590962
13 start to run round 7 C: [0, 1, 2, 3, 4, 5, 6, 7, 8, 9, 10, 11, 12, 13, 14] N: 15
Node 13 Delivers ACS Block in Round 7 with having 75000 TXs
this round time: 0.5675404071807861
Node 13 counting so-far tps: 120756.483338, latency 0.590030
13 start to run round 8 C: [0, 1, 2, 3, 4, 5, 6, 7, 8, 9, 10, 11, 12, 13, 14] N: 15
Node 13 Delivers ACS Block in Round 8 with having 75000 TXs
this round time: 0.4269857406616211
Node 13 counting so-far tps: 124978.545087, latency 0.573432
13 start to run round 9 C: [0, 1, 2, 3, 4, 5, 6, 7, 8, 9, 10, 11, 12, 13, 14] N: 15
Node 13 Delivers ACS Block in Round 9 with having 70000 TXs
this round time: 0.4261031150817871
Node 13 counting so-far tps: 127640.946641, latency 0.560165
13 start to run round 10 C: [0, 1, 2, 3, 4, 5, 6, 7, 8, 9, 10, 11, 12, 13, 14] N: 15
Node 13 Delivers ACS Block in Round 10 with having 70000 TXs
this round time: 0.44779205322265625
Node 13 counting so-far tps: 129459.807945, latency 0.551242
13 start to run round 11 C: [0, 1, 2, 3, 4, 5, 6, 7, 8, 9, 10, 11, 12, 13, 14] N: 15
Node 13 Delivers ACS Block in Round 11 with having 75000 TXs
this round time: 0.4708564281463623
Node 13 counting so-far tps: 131324.948457, latency 0.545720
13 start to run round 12 C: [0, 1, 2, 3, 4, 5, 6, 7, 8, 9, 10, 11, 12, 13, 14] N: 15
Node 13 Delivers ACS Block in Round 12 with having 75000 TXs
this round time: 0.4397575855255127
Node 13 counting so-far tps: 133556.571832, latency 0.538521
13 start to run round 13 C: [0, 1, 2, 3, 4, 5, 6, 7, 8, 9, 10, 11, 12, 13, 14] N: 15
Node 13 Delivers ACS Block in Round 13 with having 75000 TXs
this round time: 0.4413433074951172
Node 13 counting so-far tps: 135483.639913, latency 0.532484
13 start to run round 14 C: [0, 1, 2, 3, 4, 5, 6, 7, 8, 9, 10, 11, 12, 13, 14] N: 15
Node 13 Delivers ACS Block in Round 14 with having 75000 TXs
this round time: 0.43607234954833984
Node 13 counting so-far tps: 137277.384567, latency 0.526914
13 start to run round 15 C: [0, 1, 2, 3, 4, 5, 6, 7, 8, 9, 10, 11, 12, 13, 14] N: 15
Node 13 Delivers ACS Block in Round 15 with having 75000 TXs
this round time: 0.4385864734649658
Node 13 counting so-far tps: 138831.724732, latency 0.522215
13 start to run round 16 C: [0, 1, 2, 3, 4, 5, 6, 7, 8, 9, 10, 11, 12, 13, 14] N: 15
Node 13 Delivers ACS Block in Round 16 with having 75000 TXs
this round time: 0.4467194080352783
Node 13 counting so-far tps: 140099.911377, latency 0.518538
13 start to run round 17 C: [0, 1, 2, 3, 4, 5, 6, 7, 8, 9, 10, 11, 12, 13, 14] N: 15
Node 13 Delivers ACS Block in Round 17 with having 75000 TXs
this round time: 0.4281132221221924
Node 13 counting so-far tps: 141531.578684, latency 0.514216
13 start to run round 18 C: [0, 1, 2, 3, 4, 5, 6, 7, 8, 9, 10, 11, 12, 13, 14] N: 15
Node 13 Delivers ACS Block in Round 18 with having 75000 TXs
this round time: 0.4442296028137207
Node 13 counting so-far tps: 142597.325908, latency 0.511193
13 start to run round 19 C: [0, 1, 2, 3, 4, 5, 6, 7, 8, 9, 10, 11, 12, 13, 14] N: 15
Node 13 Delivers ACS Block in Round 19 with having 75000 TXs
this round time: 0.5615437030792236
Node 13 counting so-far tps: 141880.276706, latency 0.514518
13 start to run round 20 C: [0, 1, 2, 3, 4, 5, 6, 7, 8, 9, 10, 11, 12, 13, 14] N: 15
Node 13 Delivers ACS Block in Round 20 with having 75000 TXs
this round time: 0.4214591979980469
Node 13 counting so-far tps: 143066.275154, latency 0.510919
13 start to run round 21 C: [0, 1, 2, 3, 4, 5, 6, 7, 8, 9, 10, 11, 12, 13, 14] N: 15
Node 13 Delivers ACS Block in Round 21 with having 70000 TXs
this round time: 0.40994691848754883
Node 13 counting so-far tps: 143919.592146, latency 0.506912
13 start to run round 22 C: [0, 1, 2, 3, 4, 5, 6, 7, 8, 9, 10, 11, 12, 13, 14] N: 15
Node 13 Delivers ACS Block in Round 22 with having 70000 TXs
this round time: 0.430217981338501
Node 13 counting so-far tps: 144453.667628, latency 0.504148
13 start to run round 23 C: [0, 1, 2, 3, 4, 5, 6, 7, 8, 9, 10, 11, 12, 13, 14] N: 15
Node 13 Delivers ACS Block in Round 23 with having 75000 TXs
this round time: 0.4628448486328125
Node 13 counting so-far tps: 144953.918383, latency 0.503033
13 start to run round 24 C: [0, 1, 2, 3, 4, 5, 6, 7, 8, 9, 10, 11, 12, 13, 14] N: 15
Node 13 Delivers ACS Block in Round 24 with having 75000 TXs
this round time: 0.41515326499938965
Node 13 counting so-far tps: 145991.317731, latency 0.500030
13 start to run round 25 C: [0, 1, 2, 3, 4, 5, 6, 7, 8, 9, 10, 11, 12, 13, 14] N: 15
Node 13 Delivers ACS Block in Round 25 with having 75000 TXs
this round time: 0.4409949779510498
Node 13 counting so-far tps: 146629.757295, latency 0.498377
13 start to run round 26 C: [0, 1, 2, 3, 4, 5, 6, 7, 8, 9, 10, 11, 12, 13, 14] N: 15
Node 13 Delivers ACS Block in Round 26 with having 75000 TXs
this round time: 0.4355757236480713
Node 13 counting so-far tps: 147308.666568, latency 0.496564
13 start to run round 27 C: [0, 1, 2, 3, 4, 5, 6, 7, 8, 9, 10, 11, 12, 13, 14] N: 15
Node 13 Delivers ACS Block in Round 27 with having 70000 TXs
this round time: 0.41822338104248047
Node 13 counting so-far tps: 147772.511264, latency 0.494244
13 start to run round 28 C: [0, 1, 2, 3, 4, 5, 6, 7, 8, 9, 10, 11, 12, 13, 14] N: 15
Node 13 Delivers ACS Block in Round 28 with having 70000 TXs
this round time: 0.41916775703430176
Node 13 counting so-far tps: 148180.562556, latency 0.492177
13 start to run round 29 C: [0, 1, 2, 3, 4, 5, 6, 7, 8, 9, 10, 11, 12, 13, 14] N: 15
Node 13 Delivers ACS Block in Round 29 with having 75000 TXs
this round time: 0.46372199058532715
Node 13 counting so-far tps: 148458.040135, latency 0.491721
13 start to run round 30 C: [0, 1, 2, 3, 4, 5, 6, 7, 8, 9, 10, 11, 12, 13, 14] N: 15
Node 13 Delivers ACS Block in Round 30 with having 75000 TXs
this round time: 0.5807361602783203
Node 13 counting so-far tps: 147603.358218, latency 0.495006
13 start to run round 31 C: [0, 1, 2, 3, 4, 5, 6, 7, 8, 9, 10, 11, 12, 13, 14] N: 15
Node 13 Delivers ACS Block in Round 31 with having 75000 TXs
this round time: 0.40936732292175293
Node 13 counting so-far tps: 148419.630506, latency 0.492691
13 start to run round 32 C: [0, 1, 2, 3, 4, 5, 6, 7, 8, 9, 10, 11, 12, 13, 14] N: 15
Node 13 Delivers ACS Block in Round 32 with having 75000 TXs
this round time: 0.4480757713317871
Node 13 counting so-far tps: 148831.071123, latency 0.491711
13 start to run round 33 C: [0, 1, 2, 3, 4, 5, 6, 7, 8, 9, 10, 11, 12, 13, 14] N: 15
Node 13 Delivers ACS Block in Round 33 with having 75000 TXs
this round time: 0.42545175552368164
Node 13 counting so-far tps: 149420.384394, latency 0.490129
13 start to run round 34 C: [0, 1, 2, 3, 4, 5, 6, 7, 8, 9, 10, 11, 12, 13, 14] N: 15
Node 13 Delivers ACS Block in Round 34 with having 75000 TXs
this round time: 0.43764638900756836
Node 13 counting so-far tps: 149872.194075, latency 0.488988
13 start to run round 35 C: [0, 1, 2, 3, 4, 5, 6, 7, 8, 9, 10, 11, 12, 13, 14] N: 15
Node 13 Delivers ACS Block in Round 35 with having 75000 TXs
this round time: 0.4424300193786621
Node 13 counting so-far tps: 150262.780406, latency 0.488034
13 start to run round 36 C: [0, 1, 2, 3, 4, 5, 6, 7, 8, 9, 10, 11, 12, 13, 14] N: 15
Node 13 Delivers ACS Block in Round 36 with having 75000 TXs
this round time: 0.4445216655731201
Node 13 counting so-far tps: 150608.398642, latency 0.487213
13 start to run round 37 C: [0, 1, 2, 3, 4, 5, 6, 7, 8, 9, 10, 11, 12, 13, 14] N: 15
Node 13 Delivers ACS Block in Round 37 with having 75000 TXs
this round time: 0.4464120864868164
Node 13 counting so-far tps: 150932.374254, latency 0.486450
13 start to run round 38 C: [0, 1, 2, 3, 4, 5, 6, 7, 8, 9, 10, 11, 12, 13, 14] N: 15
Node 13 Delivers ACS Block in Round 38 with having 75000 TXs
this round time: 0.4501338005065918
Node 13 counting so-far tps: 151205.883015, latency 0.485838
13 start to run round 39 C: [0, 1, 2, 3, 4, 5, 6, 7, 8, 9, 10, 11, 12, 13, 14] N: 15
Node 13 Delivers ACS Block in Round 39 with having 75000 TXs
this round time: 0.4461939334869385
Node 13 counting so-far tps: 151499.537015, latency 0.485150
13 start to run round 40 C: [0, 1, 2, 3, 4, 5, 6, 7, 8, 9, 10, 11, 12, 13, 14] N: 15
Node 13 Delivers ACS Block in Round 40 with having 75000 TXs
this round time: 0.439361572265625
Node 13 counting so-far tps: 151829.850456, latency 0.484335
13 start to run round 41 C: [0, 1, 2, 3, 4, 5, 6, 7, 8, 9, 10, 11, 12, 13, 14] N: 15
Node 13 Delivers ACS Block in Round 41 with having 75000 TXs
this round time: 0.4478728771209717
Node 13 counting so-far tps: 152078.699334, latency 0.483772
13 start to run round 42 C: [0, 1, 2, 3, 4, 5, 6, 7, 8, 9, 10, 11, 12, 13, 14] N: 15
Node 13 Delivers ACS Block in Round 42 with having 75000 TXs
this round time: 0.4354240894317627
Node 13 counting so-far tps: 152411.421367, latency 0.482934
13 start to run round 43 C: [0, 1, 2, 3, 4, 5, 6, 7, 8, 9, 10, 11, 12, 13, 14] N: 15
Node 13 Delivers ACS Block in Round 43 with having 75000 TXs
this round time: 0.44564008712768555
Node 13 counting so-far tps: 152630.844786, latency 0.482447
13 start to run round 44 C: [0, 1, 2, 3, 4, 5, 6, 7, 8, 9, 10, 11, 12, 13, 14] N: 15
Node 13 Delivers ACS Block in Round 44 with having 75000 TXs
this round time: 0.459230899810791
Node 13 counting so-far tps: 152772.837132, latency 0.482197
13 start to run round 45 C: [0, 1, 2, 3, 4, 5, 6, 7, 8, 9, 10, 11, 12, 13, 14] N: 15
Node 13 Delivers ACS Block in Round 45 with having 75000 TXs
this round time: 0.45963478088378906
Node 13 counting so-far tps: 152907.336847, latency 0.481963
13 start to run round 46 C: [0, 1, 2, 3, 4, 5, 6, 7, 8, 9, 10, 11, 12, 13, 14] N: 15
Node 13 Delivers ACS Block in Round 46 with having 75000 TXs
this round time: 0.4395759105682373
Node 13 counting so-far tps: 153164.025075, latency 0.481336
13 start to run round 47 C: [0, 1, 2, 3, 4, 5, 6, 7, 8, 9, 10, 11, 12, 13, 14] N: 15
Node 13 Delivers ACS Block in Round 47 with having 75000 TXs
this round time: 0.44295406341552734
Node 13 counting so-far tps: 153378.751354, latency 0.480836
13 start to run round 48 C: [0, 1, 2, 3, 4, 5, 6, 7, 8, 9, 10, 11, 12, 13, 14] N: 15
Node 13 Delivers ACS Block in Round 48 with having 75000 TXs
this round time: 0.4768562316894531
Node 13 counting so-far tps: 153366.610354, latency 0.481040
13 start to run round 49 C: [0, 1, 2, 3, 4, 5, 6, 7, 8, 9, 10, 11, 12, 13, 14] N: 15
Node 13 Delivers ACS Block in Round 49 with having 75000 TXs
this round time: 0.3625767230987549
Node 13 counting so-far tps: 153774.062882, latency 0.479925
13 start to run round 50 C: [0, 1, 2, 3, 4, 5, 6, 7, 8, 9, 10, 11, 12, 13, 14] N: 15
Node 13 Delivers ACS Block in Round 50 with having 75000 TXs
this round time: 0.43459510803222656
Node 13 counting so-far tps: 154016.850828, latency 0.479321
13 start to run round 51 C: [0, 1, 2, 3, 4, 5, 6, 7, 8, 9, 10, 11, 12, 13, 14] N: 15
Node 13 Delivers ACS Block in Round 51 with having 75000 TXs
this round time: 0.4492311477661133
Node 13 counting so-far tps: 154159.637580, latency 0.479024
13 start to run round 52 C: [0, 1, 2, 3, 4, 5, 6, 7, 8, 9, 10, 11, 12, 13, 14] N: 15
Node 13 Delivers ACS Block in Round 52 with having 75000 TXs
this round time: 0.42248106002807617
Node 13 counting so-far tps: 154469.108361, latency 0.478205
13 start to run round 53 C: [0, 1, 2, 3, 4, 5, 6, 7, 8, 9, 10, 11, 12, 13, 14] N: 15
Node 13 Delivers ACS Block in Round 53 with having 70000 TXs
this round time: 0.42505502700805664
Node 13 counting so-far tps: 154557.969452, latency 0.477467
13 start to run round 54 C: [0, 1, 2, 3, 4, 5, 6, 7, 8, 9, 10, 11, 12, 13, 14] N: 15
Node 13 Delivers ACS Block in Round 54 with having 70000 TXs
this round time: 0.41472911834716797
Node 13 counting so-far tps: 154702.106556, latency 0.476576
13 start to run round 55 C: [0, 1, 2, 3, 4, 5, 6, 7, 8, 9, 10, 11, 12, 13, 14] N: 15
Node 13 Delivers ACS Block in Round 55 with having 70000 TXs
this round time: 0.4271080493927002
Node 13 counting so-far tps: 154777.472646, latency 0.475914
13 start to run round 56 C: [0, 1, 2, 3, 4, 5, 6, 7, 8, 9, 10, 11, 12, 13, 14] N: 15
Node 13 Delivers ACS Block in Round 56 with having 75000 TXs
this round time: 0.5090377330780029
Node 13 counting so-far tps: 154500.477734, latency 0.476919
13 start to run round 57 C: [0, 1, 2, 3, 4, 5, 6, 7, 8, 9, 10, 11, 12, 13, 14] N: 15
Node 13 Delivers ACS Block in Round 57 with having 75000 TXs
this round time: 0.4427626132965088
Node 13 counting so-far tps: 154666.497417, latency 0.476554
13 start to run round 58 C: [0, 1, 2, 3, 4, 5, 6, 7, 8, 9, 10, 11, 12, 13, 14] N: 15
Node 13 Delivers ACS Block in Round 58 with having 70000 TXs
this round time: 0.4283030033111572
Node 13 counting so-far tps: 154721.951314, latency 0.475977
13 start to run round 59 C: [0, 1, 2, 3, 4, 5, 6, 7, 8, 9, 10, 11, 12, 13, 14] N: 15
Node 13 Delivers ACS Block in Round 59 with having 70000 TXs
this round time: 0.41919755935668945
Node 13 counting so-far tps: 154837.471783, latency 0.475229
13 start to run round 60 C: [0, 1, 2, 3, 4, 5, 6, 7, 8, 9, 10, 11, 12, 13, 14] N: 15
Node 13 Delivers ACS Block in Round 60 with having 75000 TXs
this round time: 0.4618222713470459
Node 13 counting so-far tps: 154889.041473, latency 0.475221
13 start to run round 61 C: [0, 1, 2, 3, 4, 5, 6, 7, 8, 9, 10, 11, 12, 13, 14] N: 15
Node 13 Delivers ACS Block in Round 61 with having 75000 TXs
this round time: 0.45255565643310547
Node 13 counting so-far tps: 154993.007262, latency 0.475047
13 start to run round 62 C: [0, 1, 2, 3, 4, 5, 6, 7, 8, 9, 10, 11, 12, 13, 14] N: 15
Node 13 Delivers ACS Block in Round 62 with having 75000 TXs
this round time: 0.4232473373413086
Node 13 counting so-far tps: 155210.479489, latency 0.474522
13 start to run round 63 C: [0, 1, 2, 3, 4, 5, 6, 7, 8, 9, 10, 11, 12, 13, 14] N: 15
Node 13 Delivers ACS Block in Round 63 with having 75000 TXs
this round time: 0.44293737411499023
Node 13 counting so-far tps: 155350.197427, latency 0.474231
13 start to run round 64 C: [0, 1, 2, 3, 4, 5, 6, 7, 8, 9, 10, 11, 12, 13, 14] N: 15
Node 13 Delivers ACS Block in Round 64 with having 75000 TXs
this round time: 0.4573020935058594
Node 13 counting so-far tps: 155407.364767, latency 0.474188
13 start to run round 65 C: [0, 1, 2, 3, 4, 5, 6, 7, 8, 9, 10, 11, 12, 13, 14] N: 15
Node 13 Delivers ACS Block in Round 65 with having 75000 TXs
this round time: 0.43485522270202637
Node 13 counting so-far tps: 155578.002828, latency 0.473795
13 start to run round 66 C: [0, 1, 2, 3, 4, 5, 6, 7, 8, 9, 10, 11, 12, 13, 14] N: 15
Node 13 Delivers ACS Block in Round 66 with having 75000 TXs
this round time: 0.44341349601745605
Node 13 counting so-far tps: 155706.640300, latency 0.473527
13 start to run round 67 C: [0, 1, 2, 3, 4, 5, 6, 7, 8, 9, 10, 11, 12, 13, 14] N: 15
Node 13 Delivers ACS Block in Round 67 with having 75000 TXs
this round time: 0.45471906661987305
Node 13 counting so-far tps: 155774.022937, latency 0.473442
13 start to run round 68 C: [0, 1, 2, 3, 4, 5, 6, 7, 8, 9, 10, 11, 12, 13, 14] N: 15
Node 13 Delivers ACS Block in Round 68 with having 75000 TXs
this round time: 0.5088410377502441
Node 13 counting so-far tps: 155566.991245, latency 0.474189
13 start to run round 69 C: [0, 1, 2, 3, 4, 5, 6, 7, 8, 9, 10, 11, 12, 13, 14] N: 15
Node 13 Delivers ACS Block in Round 69 with having 75000 TXs
this round time: 0.47516846656799316
Node 13 counting so-far tps: 155539.154000, latency 0.474387
13 start to run round 70 C: [0, 1, 2, 3, 4, 5, 6, 7, 8, 9, 10, 11, 12, 13, 14] N: 15
Node 13 Delivers ACS Block in Round 70 with having 70000 TXs
this round time: 0.44130706787109375
Node 13 counting so-far tps: 155521.398125, latency 0.474098
13 start to run round 71 C: [0, 1, 2, 3, 4, 5, 6, 7, 8, 9, 10, 11, 12, 13, 14] N: 15
Node 13 Delivers ACS Block in Round 71 with having 75000 TXs
this round time: 0.4463155269622803
Node 13 counting so-far tps: 155615.516852, latency 0.473924
13 start to run round 72 C: [0, 1, 2, 3, 4, 5, 6, 7, 8, 9, 10, 11, 12, 13, 14] N: 15
Node 13 Delivers ACS Block in Round 72 with having 75000 TXs
this round time: 0.45661425590515137
Node 13 counting so-far tps: 155666.095890, latency 0.473880
13 start to run round 73 C: [0, 1, 2, 3, 4, 5, 6, 7, 8, 9, 10, 11, 12, 13, 14] N: 15
Node 13 Delivers ACS Block in Round 73 with having 75000 TXs
this round time: 0.44794774055480957
Node 13 counting so-far tps: 155761.253417, latency 0.473698
13 start to run round 74 C: [0, 1, 2, 3, 4, 5, 6, 7, 8, 9, 10, 11, 12, 13, 14] N: 15
Node 13 Delivers ACS Block in Round 74 with having 75000 TXs
this round time: 0.44321751594543457
Node 13 counting so-far tps: 155857.848774, latency 0.473508
13 start to run round 75 C: [0, 1, 2, 3, 4, 5, 6, 7, 8, 9, 10, 11, 12, 13, 14] N: 15
Node 13 Delivers ACS Block in Round 75 with having 75000 TXs
this round time: 0.44960927963256836
Node 13 counting so-far tps: 155940.260296, latency 0.473359
13 start to run round 76 C: [0, 1, 2, 3, 4, 5, 6, 7, 8, 9, 10, 11, 12, 13, 14] N: 15
Node 13 Delivers ACS Block in Round 76 with having 75000 TXs
this round time: 0.4479637145996094
Node 13 counting so-far tps: 156029.168217, latency 0.473188
13 start to run round 77 C: [0, 1, 2, 3, 4, 5, 6, 7, 8, 9, 10, 11, 12, 13, 14] N: 15
Node 13 Delivers ACS Block in Round 77 with having 75000 TXs
this round time: 0.44792985916137695
Node 13 counting so-far tps: 156113.003442, latency 0.473030
13 start to run round 78 C: [0, 1, 2, 3, 4, 5, 6, 7, 8, 9, 10, 11, 12, 13, 14] N: 15
Node 13 Delivers ACS Block in Round 78 with having 75000 TXs
this round time: 0.44438838958740234
Node 13 counting so-far tps: 156209.539024, latency 0.472831
13 start to run round 79 C: [0, 1, 2, 3, 4, 5, 6, 7, 8, 9, 10, 11, 12, 13, 14] N: 15
Node 13 Delivers ACS Block in Round 79 with having 75000 TXs
this round time: 0.442929744720459
Node 13 counting so-far tps: 156302.791295, latency 0.472640
13 start to run round 80 C: [0, 1, 2, 3, 4, 5, 6, 7, 8, 9, 10, 11, 12, 13, 14] N: 15
Node 13 Delivers ACS Block in Round 80 with having 75000 TXs
this round time: 0.5254032611846924
Node 13 counting so-far tps: 156065.190859, latency 0.473449
13 start to run round 81 C: [0, 1, 2, 3, 4, 5, 6, 7, 8, 9, 10, 11, 12, 13, 14] N: 15
Node 13 Delivers ACS Block in Round 81 with having 75000 TXs
this round time: 0.4259767532348633
Node 13 counting so-far tps: 156233.595361, latency 0.473025
13 start to run round 82 C: [0, 1, 2, 3, 4, 5, 6, 7, 8, 9, 10, 11, 12, 13, 14] N: 15
Node 13 Delivers ACS Block in Round 82 with having 75000 TXs
this round time: 0.44444966316223145
Node 13 counting so-far tps: 156322.451363, latency 0.472841
13 start to run round 83 C: [0, 1, 2, 3, 4, 5, 6, 7, 8, 9, 10, 11, 12, 13, 14] N: 15
Node 13 Delivers ACS Block in Round 83 with having 75000 TXs
this round time: 0.4422457218170166
Node 13 counting so-far tps: 156412.081964, latency 0.472653
13 start to run round 84 C: [0, 1, 2, 3, 4, 5, 6, 7, 8, 9, 10, 11, 12, 13, 14] N: 15
Node 13 Delivers ACS Block in Round 84 with having 75000 TXs
this round time: 0.4319882392883301
Node 13 counting so-far tps: 156552.162883, latency 0.472310
13 start to run round 85 C: [0, 1, 2, 3, 4, 5, 6, 7, 8, 9, 10, 11, 12, 13, 14] N: 15
Node 13 Delivers ACS Block in Round 85 with having 75000 TXs
this round time: 0.4410064220428467
Node 13 counting so-far tps: 156638.147117, latency 0.472129
13 start to run round 86 C: [0, 1, 2, 3, 4, 5, 6, 7, 8, 9, 10, 11, 12, 13, 14] N: 15
Node 13 Delivers ACS Block in Round 86 with having 75000 TXs
this round time: 0.43554258346557617
Node 13 counting so-far tps: 156745.290776, latency 0.471884
13 start to run round 87 C: [0, 1, 2, 3, 4, 5, 6, 7, 8, 9, 10, 11, 12, 13, 14] N: 15
Node 13 Delivers ACS Block in Round 87 with having 75000 TXs
this round time: 0.4396085739135742
Node 13 counting so-far tps: 156838.500502, latency 0.471678
13 start to run round 88 C: [0, 1, 2, 3, 4, 5, 6, 7, 8, 9, 10, 11, 12, 13, 14] N: 15
Node 13 Delivers ACS Block in Round 88 with having 75000 TXs
this round time: 0.43028712272644043
Node 13 counting so-far tps: 156968.072146, latency 0.471362
13 start to run round 89 C: [0, 1, 2, 3, 4, 5, 6, 7, 8, 9, 10, 11, 12, 13, 14] N: 15
Node 13 Delivers ACS Block in Round 89 with having 70000 TXs
this round time: 0.4226870536804199
Node 13 counting so-far tps: 156989.459627, latency 0.471015
13 start to run round 90 C: [0, 1, 2, 3, 4, 5, 6, 7, 8, 9, 10, 11, 12, 13, 14] N: 15
Node 13 Delivers ACS Block in Round 90 with having 70000 TXs
this round time: 0.4235506057739258
Node 13 counting so-far tps: 157016.322003, latency 0.470659
13 start to run round 91 C: [0, 1, 2, 3, 4, 5, 6, 7, 8, 9, 10, 11, 12, 13, 14] N: 15
Node 13 Delivers ACS Block in Round 91 with having 75000 TXs
this round time: 0.44359517097473145
Node 13 counting so-far tps: 157092.763821, latency 0.470506
13 start to run round 92 C: [0, 1, 2, 3, 4, 5, 6, 7, 8, 9, 10, 11, 12, 13, 14] N: 15
Node 13 Delivers ACS Block in Round 92 with having 75000 TXs
this round time: 0.5581803321838379
Node 13 counting so-far tps: 156759.421852, latency 0.471581
13 start to run round 93 C: [0, 1, 2, 3, 4, 5, 6, 7, 8, 9, 10, 11, 12, 13, 14] N: 15
Node 13 Delivers ACS Block in Round 93 with having 75000 TXs
this round time: 0.4647562503814697
Node 13 counting so-far tps: 156764.994553, latency 0.471637
13 start to run round 94 C: [0, 1, 2, 3, 4, 5, 6, 7, 8, 9, 10, 11, 12, 13, 14] N: 15
Node 13 Delivers ACS Block in Round 94 with having 75000 TXs
this round time: 0.46904802322387695
Node 13 counting so-far tps: 156756.456905, latency 0.471734
13 start to run round 95 C: [0, 1, 2, 3, 4, 5, 6, 7, 8, 9, 10, 11, 12, 13, 14] N: 15
Node 13 Delivers ACS Block in Round 95 with having 75000 TXs
this round time: 0.45089197158813477
Node 13 counting so-far tps: 156807.549773, latency 0.471650
13 start to run round 96 C: [0, 1, 2, 3, 4, 5, 6, 7, 8, 9, 10, 11, 12, 13, 14] N: 15
Node 13 Delivers ACS Block in Round 96 with having 75000 TXs
this round time: 0.43271422386169434
Node 13 counting so-far tps: 156923.299715, latency 0.471371
13 start to run round 97 C: [0, 1, 2, 3, 4, 5, 6, 7, 8, 9, 10, 11, 12, 13, 14] N: 15
Node 13 Delivers ACS Block in Round 97 with having 70000 TXs
this round time: 0.5411243438720703
Node 13 counting so-far tps: 156557.686366, latency 0.472213
13 start to run round 98 C: [0, 1, 2, 3, 4, 5, 6, 7, 8, 9, 10, 11, 12, 13, 14] N: 15
Node 13 Delivers ACS Block in Round 98 with having 70000 TXs
this round time: 0.4308011531829834
Node 13 counting so-far tps: 156572.633204, latency 0.471914
13 start to run round 99 C: [0, 1, 2, 3, 4, 5, 6, 7, 8, 9, 10, 11, 12, 13, 14] N: 15
Node 13 Delivers ACS Block in Round 99 with having 75000 TXs
this round time: 0.46973681449890137
Node 13 counting so-far tps: 156563.658773, latency 0.472012
13 start to run round 100 C: [0, 1, 2, 3, 4, 5, 6, 7, 8, 9, 10, 11, 12, 13, 14] N: 15
Node 13 Delivers ACS Block in Round 100 with having 75000 TXs
this round time: 0.4555034637451172
Node 13 counting so-far tps: 156601.134988, latency 0.471969
13 start to run round 101 C: [0, 1, 2, 3, 4, 5, 6, 7, 8, 9, 10, 11, 12, 13, 14] N: 15
Node 13 Delivers ACS Block in Round 101 with having 75000 TXs
this round time: 0.44159936904907227
Node 13 counting so-far tps: 156682.128306, latency 0.471793
13 start to run round 102 C: [0, 1, 2, 3, 4, 5, 6, 7, 8, 9, 10, 11, 12, 13, 14] N: 15
Node 13 Delivers ACS Block in Round 102 with having 75000 TXs
this round time: 0.44985246658325195
Node 13 counting so-far tps: 156735.887066, latency 0.471698
13 start to run round 103 C: [0, 1, 2, 3, 4, 5, 6, 7, 8, 9, 10, 11, 12, 13, 14] N: 15
Node 13 Delivers ACS Block in Round 103 with having 75000 TXs
this round time: 0.43320536613464355
Node 13 counting so-far tps: 156841.535251, latency 0.471446
13 start to run round 104 C: [0, 1, 2, 3, 4, 5, 6, 7, 8, 9, 10, 11, 12, 13, 14] N: 15
Node 13 Delivers ACS Block in Round 104 with having 75000 TXs
this round time: 0.4362668991088867
Node 13 counting so-far tps: 156932.489195, latency 0.471237
13 start to run round 105 C: [0, 1, 2, 3, 4, 5, 6, 7, 8, 9, 10, 11, 12, 13, 14] N: 15
Node 13 Delivers ACS Block in Round 105 with having 75000 TXs
this round time: 0.49165773391723633
Node 13 counting so-far tps: 156852.590051, latency 0.471540
13 start to run round 106 C: [0, 1, 2, 3, 4, 5, 6, 7, 8, 9, 10, 11, 12, 13, 14] N: 15
Node 13 Delivers ACS Block in Round 106 with having 75000 TXs
this round time: 0.45390915870666504
Node 13 counting so-far tps: 156890.698467, latency 0.471487
13 start to run round 107 C: [0, 1, 2, 3, 4, 5, 6, 7, 8, 9, 10, 11, 12, 13, 14] N: 15
Node 13 Delivers ACS Block in Round 107 with having 75000 TXs
this round time: 0.45164060592651367
Node 13 counting so-far tps: 156932.186476, latency 0.471423
13 start to run round 108 C: [0, 1, 2, 3, 4, 5, 6, 7, 8, 9, 10, 11, 12, 13, 14] N: 15
Node 13 Delivers ACS Block in Round 108 with having 75000 TXs
this round time: 0.44827961921691895
Node 13 counting so-far tps: 156983.785044, latency 0.471328
13 start to run round 109 C: [0, 1, 2, 3, 4, 5, 6, 7, 8, 9, 10, 11, 12, 13, 14] N: 15
Node 13 Delivers ACS Block in Round 109 with having 75000 TXs
this round time: 0.4434926509857178
Node 13 counting so-far tps: 157049.494985, latency 0.471189
13 start to run round 110 C: [0, 1, 2, 3, 4, 5, 6, 7, 8, 9, 10, 11, 12, 13, 14] N: 15
Node 13 Delivers ACS Block in Round 110 with having 75000 TXs
this round time: 0.4622185230255127
Node 13 counting so-far tps: 157055.205274, latency 0.471229
13 start to run round 111 C: [0, 1, 2, 3, 4, 5, 6, 7, 8, 9, 10, 11, 12, 13, 14] N: 15
Node 13 Delivers ACS Block in Round 111 with having 75000 TXs
this round time: 0.44545960426330566
Node 13 counting so-far tps: 157111.014407, latency 0.471118
13 start to run round 112 C: [0, 1, 2, 3, 4, 5, 6, 7, 8, 9, 10, 11, 12, 13, 14] N: 15
Node 13 Delivers ACS Block in Round 112 with having 75000 TXs
this round time: 0.448993444442749
Node 13 counting so-far tps: 157155.336160, latency 0.471041
13 start to run round 113 C: [0, 1, 2, 3, 4, 5, 6, 7, 8, 9, 10, 11, 12, 13, 14] N: 15
Node 13 Delivers ACS Block in Round 113 with having 75000 TXs
this round time: 0.44676876068115234
Node 13 counting so-far tps: 157204.612624, latency 0.470947
13 start to run round 114 C: [0, 1, 2, 3, 4, 5, 6, 7, 8, 9, 10, 11, 12, 13, 14] N: 15
Node 13 Delivers ACS Block in Round 114 with having 75000 TXs
this round time: 0.4491446018218994
Node 13 counting so-far tps: 157247.089843, latency 0.470873
13 start to run round 115 C: [0, 1, 2, 3, 4, 5, 6, 7, 8, 9, 10, 11, 12, 13, 14] N: 15
Node 13 Delivers ACS Block in Round 115 with having 75000 TXs
this round time: 0.4551999568939209
Node 13 counting so-far tps: 157272.525368, latency 0.470850
13 start to run round 116 C: [0, 1, 2, 3, 4, 5, 6, 7, 8, 9, 10, 11, 12, 13, 14] N: 15
Node 13 Delivers ACS Block in Round 116 with having 75000 TXs
this round time: 0.49065160751342773
Node 13 counting so-far tps: 157191.477391, latency 0.471144
13 start to run round 117 C: [0, 1, 2, 3, 4, 5, 6, 7, 8, 9, 10, 11, 12, 13, 14] N: 15
Node 13 Delivers ACS Block in Round 117 with having 75000 TXs
this round time: 0.3919048309326172
Node 13 counting so-far tps: 157397.433850, latency 0.470578
13 start to run round 118 C: [0, 1, 2, 3, 4, 5, 6, 7, 8, 9, 10, 11, 12, 13, 14] N: 15
Node 13 Delivers ACS Block in Round 118 with having 75000 TXs
this round time: 0.4974629878997803
Node 13 counting so-far tps: 157302.905875, latency 0.470911
13 start to run round 119 C: [0, 1, 2, 3, 4, 5, 6, 7, 8, 9, 10, 11, 12, 13, 14] N: 15
Node 13 Delivers ACS Block in Round 119 with having 75000 TXs
this round time: 0.44983458518981934
Node 13 counting so-far tps: 157339.247581, latency 0.470851
13 start to run round 120 C: [0, 1, 2, 3, 4, 5, 6, 7, 8, 9, 10, 11, 12, 13, 14] N: 15
Node 13 Delivers ACS Block in Round 120 with having 75000 TXs
this round time: 0.4394526481628418
Node 13 counting so-far tps: 157403.757977, latency 0.470706
13 start to run round 121 C: [0, 1, 2, 3, 4, 5, 6, 7, 8, 9, 10, 11, 12, 13, 14] N: 15
Node 13 Delivers ACS Block in Round 121 with having 75000 TXs
this round time: 0.45366621017456055
Node 13 counting so-far tps: 157429.038720, latency 0.470678
13 start to run round 122 C: [0, 1, 2, 3, 4, 5, 6, 7, 8, 9, 10, 11, 12, 13, 14] N: 15
Node 13 Delivers ACS Block in Round 122 with having 75000 TXs
this round time: 0.4745607376098633
Node 13 counting so-far tps: 157400.315348, latency 0.470810
13 start to run round 123 C: [0, 1, 2, 3, 4, 5, 6, 7, 8, 9, 10, 11, 12, 13, 14] N: 15
Node 13 Delivers ACS Block in Round 123 with having 75000 TXs
this round time: 0.42311954498291016
Node 13 counting so-far tps: 157510.234855, latency 0.470528
13 start to run round 124 C: [0, 1, 2, 3, 4, 5, 6, 7, 8, 9, 10, 11, 12, 13, 14] N: 15
Node 13 Delivers ACS Block in Round 124 with having 75000 TXs
this round time: 0.44373607635498047
Node 13 counting so-far tps: 157563.478523, latency 0.470414
13 start to run round 125 C: [0, 1, 2, 3, 4, 5, 6, 7, 8, 9, 10, 11, 12, 13, 14] N: 15
Node 13 Delivers ACS Block in Round 125 with having 75000 TXs
this round time: 0.4736497402191162
Node 13 counting so-far tps: 157534.482444, latency 0.470544
13 start to run round 126 C: [0, 1, 2, 3, 4, 5, 6, 7, 8, 9, 10, 11, 12, 13, 14] N: 15
Node 13 Delivers ACS Block in Round 126 with having 75000 TXs
this round time: 0.431835412979126
Node 13 counting so-far tps: 157617.914713, latency 0.470339
13 start to run round 127 C: [0, 1, 2, 3, 4, 5, 6, 7, 8, 9, 10, 11, 12, 13, 14] N: 15
Node 13 Delivers ACS Block in Round 127 with having 75000 TXs
this round time: 0.4520747661590576
Node 13 counting so-far tps: 157642.874102, latency 0.470307
13 start to run round 128 C: [0, 1, 2, 3, 4, 5, 6, 7, 8, 9, 10, 11, 12, 13, 14] N: 15
Node 13 Delivers ACS Block in Round 128 with having 75000 TXs
this round time: 0.44539451599121094
Node 13 counting so-far tps: 157689.647172, latency 0.470210
13 start to run round 129 C: [0, 1, 2, 3, 4, 5, 6, 7, 8, 9, 10, 11, 12, 13, 14] N: 15
Node 13 Delivers ACS Block in Round 129 with having 75000 TXs
this round time: 0.4622209072113037
Node 13 counting so-far tps: 157691.022035, latency 0.470248
13 start to run round 130 C: [0, 1, 2, 3, 4, 5, 6, 7, 8, 9, 10, 11, 12, 13, 14] N: 15
Node 13 Delivers ACS Block in Round 130 with having 75000 TXs
this round time: 0.4272956848144531
Node 13 counting so-far tps: 157782.246952, latency 0.470017
13 start to run round 131 C: [0, 1, 2, 3, 4, 5, 6, 7, 8, 9, 10, 11, 12, 13, 14] N: 15
Node 13 Delivers ACS Block in Round 131 with having 75000 TXs
this round time: 0.4994831085205078
Node 13 counting so-far tps: 157686.634328, latency 0.470342
13 start to run round 132 C: [0, 1, 2, 3, 4, 5, 6, 7, 8, 9, 10, 11, 12, 13, 14] N: 15
Node 13 Delivers ACS Block in Round 132 with having 75000 TXs
this round time: 0.4716455936431885
Node 13 counting so-far tps: 157663.476016, latency 0.470451
13 start to run round 133 C: [0, 1, 2, 3, 4, 5, 6, 7, 8, 9, 10, 11, 12, 13, 14] N: 15
Node 13 Delivers ACS Block in Round 133 with having 75000 TXs
this round time: 0.41272902488708496
Node 13 counting so-far tps: 157778.691343, latency 0.470147
13 start to run round 134 C: [0, 1, 2, 3, 4, 5, 6, 7, 8, 9, 10, 11, 12, 13, 14] N: 15
Node 13 Delivers ACS Block in Round 134 with having 75000 TXs
this round time: 0.45705699920654297
Node 13 counting so-far tps: 157792.955367, latency 0.470143
13 start to run round 135 C: [0, 1, 2, 3, 4, 5, 6, 7, 8, 9, 10, 11, 12, 13, 14] N: 15
Node 13 Delivers ACS Block in Round 135 with having 75000 TXs
this round time: 0.4675111770629883
Node 13 counting so-far tps: 157782.073988, latency 0.470213
13 start to run round 136 C: [0, 1, 2, 3, 4, 5, 6, 7, 8, 9, 10, 11, 12, 13, 14] N: 15
Node 13 Delivers ACS Block in Round 136 with having 75000 TXs
this round time: 0.43404674530029297
Node 13 counting so-far tps: 157844.333133, latency 0.470065
13 start to run round 137 C: [0, 1, 2, 3, 4, 5, 6, 7, 8, 9, 10, 11, 12, 13, 14] N: 15
Node 13 Delivers ACS Block in Round 137 with having 75000 TXs
this round time: 0.42549872398376465
Node 13 counting so-far tps: 157924.681362, latency 0.469863
13 start to run round 138 C: [0, 1, 2, 3, 4, 5, 6, 7, 8, 9, 10, 11, 12, 13, 14] N: 15
Node 13 Delivers ACS Block in Round 138 with having 75000 TXs
this round time: 0.44547104835510254
Node 13 counting so-far tps: 157965.295290, latency 0.469778
13 start to run round 139 C: [0, 1, 2, 3, 4, 5, 6, 7, 8, 9, 10, 11, 12, 13, 14] N: 15
Node 13 Delivers ACS Block in Round 139 with having 75000 TXs
this round time: 0.47072577476501465
Node 13 counting so-far tps: 157944.627012, latency 0.469875
13 start to run round 140 C: [0, 1, 2, 3, 4, 5, 6, 7, 8, 9, 10, 11, 12, 13, 14] N: 15
Node 13 Delivers ACS Block in Round 140 with having 75000 TXs
this round time: 0.42183756828308105
Node 13 counting so-far tps: 158040.348548, latency 0.469626
13 start to run round 141 C: [0, 1, 2, 3, 4, 5, 6, 7, 8, 9, 10, 11, 12, 13, 14] N: 15
Node 13 Delivers ACS Block in Round 141 with having 75000 TXs
this round time: 0.44594693183898926
Node 13 counting so-far tps: 158079.037201, latency 0.469546
13 start to run round 142 C: [0, 1, 2, 3, 4, 5, 6, 7, 8, 9, 10, 11, 12, 13, 14] N: 15
Node 13 Delivers ACS Block in Round 142 with having 75000 TXs
this round time: 0.4593074321746826
Node 13 counting so-far tps: 158077.428424, latency 0.469585
13 start to run round 143 C: [0, 1, 2, 3, 4, 5, 6, 7, 8, 9, 10, 11, 12, 13, 14] N: 15
Node 13 Delivers ACS Block in Round 143 with having 75000 TXs
this round time: 0.450671911239624
Node 13 counting so-far tps: 158104.308975, latency 0.469539
13 start to run round 144 C: [0, 1, 2, 3, 4, 5, 6, 7, 8, 9, 10, 11, 12, 13, 14] N: 15
Node 13 Delivers ACS Block in Round 144 with having 75000 TXs
this round time: 0.4583580493927002
Node 13 counting so-far tps: 158113.300616, latency 0.469545
13 start to run round 145 C: [0, 1, 2, 3, 4, 5, 6, 7, 8, 9, 10, 11, 12, 13, 14] N: 15
Node 13 Delivers ACS Block in Round 145 with having 75000 TXs
this round time: 0.4648439884185791
Node 13 counting so-far tps: 158107.814583, latency 0.469595
13 start to run round 146 C: [0, 1, 2, 3, 4, 5, 6, 7, 8, 9, 10, 11, 12, 13, 14] N: 15
Node 13 Delivers ACS Block in Round 146 with having 75000 TXs
this round time: 0.4301893711090088
Node 13 counting so-far tps: 158179.968460, latency 0.469413
13 start to run round 147 C: [0, 1, 2, 3, 4, 5, 6, 7, 8, 9, 10, 11, 12, 13, 14] N: 15
Node 13 Delivers ACS Block in Round 147 with having 75000 TXs
this round time: 0.449840784072876
Node 13 counting so-far tps: 158205.536016, latency 0.469369
13 start to run round 148 C: [0, 1, 2, 3, 4, 5, 6, 7, 8, 9, 10, 11, 12, 13, 14] N: 15
Node 13 Delivers ACS Block in Round 148 with having 75000 TXs
this round time: 0.4680354595184326
Node 13 counting so-far tps: 158191.443414, latency 0.469442
13 start to run round 149 C: [0, 1, 2, 3, 4, 5, 6, 7, 8, 9, 10, 11, 12, 13, 14] N: 15
Node 13 Delivers ACS Block in Round 149 with having 75000 TXs
this round time: 0.45777153968811035
Node 13 counting so-far tps: 158200.075554, latency 0.469448
13 start to run round 150 C: [0, 1, 2, 3, 4, 5, 6, 7, 8, 9, 10, 11, 12, 13, 14] N: 15
Node 13 Delivers ACS Block in Round 150 with having 75000 TXs
this round time: 0.42673635482788086
Node 13 counting so-far tps: 158279.316034, latency 0.469243
13 start to run round 151 C: [0, 1, 2, 3, 4, 5, 6, 7, 8, 9, 10, 11, 12, 13, 14] N: 15
Node 13 Delivers ACS Block in Round 151 with having 75000 TXs
this round time: 0.48348236083984375
Node 13 counting so-far tps: 158231.003175, latency 0.469417
13 start to run round 152 C: [0, 1, 2, 3, 4, 5, 6, 7, 8, 9, 10, 11, 12, 13, 14] N: 15
Node 13 Delivers ACS Block in Round 152 with having 75000 TXs
this round time: 0.4612889289855957
Node 13 counting so-far tps: 158232.253483, latency 0.469443
13 start to run round 153 C: [0, 1, 2, 3, 4, 5, 6, 7, 8, 9, 10, 11, 12, 13, 14] N: 15
Node 13 Delivers ACS Block in Round 153 with having 75000 TXs
this round time: 0.4191157817840576
Node 13 counting so-far tps: 158314.003186, latency 0.469230
13 start to run round 154 C: [0, 1, 2, 3, 4, 5, 6, 7, 8, 9, 10, 11, 12, 13, 14] N: 15
Node 13 Delivers ACS Block in Round 154 with having 75000 TXs
this round time: 0.4818117618560791
Node 13 counting so-far tps: 158267.939724, latency 0.469396
13 start to run round 155 C: [0, 1, 2, 3, 4, 5, 6, 7, 8, 9, 10, 11, 12, 13, 14] N: 15
Node 13 Delivers ACS Block in Round 155 with having 75000 TXs
this round time: 0.4488692283630371
Node 13 counting so-far tps: 158295.293139, latency 0.469344
13 start to run round 156 C: [0, 1, 2, 3, 4, 5, 6, 7, 8, 9, 10, 11, 12, 13, 14] N: 15
Node 13 Delivers ACS Block in Round 156 with having 75000 TXs
this round time: 0.42281508445739746
Node 13 counting so-far tps: 158378.883178, latency 0.469124
13 start to run round 157 C: [0, 1, 2, 3, 4, 5, 6, 7, 8, 9, 10, 11, 12, 13, 14] N: 15
Node 13 Delivers ACS Block in Round 157 with having 75000 TXs
this round time: 0.4612596035003662
Node 13 counting so-far tps: 158379.468074, latency 0.469150
13 start to run round 158 C: [0, 1, 2, 3, 4, 5, 6, 7, 8, 9, 10, 11, 12, 13, 14] N: 15
Node 13 Delivers ACS Block in Round 158 with having 75000 TXs
this round time: 0.4543497562408447
Node 13 counting so-far tps: 158394.168293, latency 0.469135
13 start to run round 159 C: [0, 1, 2, 3, 4, 5, 6, 7, 8, 9, 10, 11, 12, 13, 14] N: 15
Node 13 Delivers ACS Block in Round 159 with having 75000 TXs
this round time: 0.4697914123535156
Node 13 counting so-far tps: 158376.983710, latency 0.469213
13 start to run round 160 C: [0, 1, 2, 3, 4, 5, 6, 7, 8, 9, 10, 11, 12, 13, 14] N: 15
Node 13 Delivers ACS Block in Round 160 with having 75000 TXs
this round time: 0.4519364833831787
Node 13 counting so-far tps: 158397.232410, latency 0.469180
13 start to run round 161 C: [0, 1, 2, 3, 4, 5, 6, 7, 8, 9, 10, 11, 12, 13, 14] N: 15
Node 13 Delivers ACS Block in Round 161 with having 75000 TXs
this round time: 0.4180915355682373
Node 13 counting so-far tps: 158487.274135, latency 0.468940
13 start to run round 162 C: [0, 1, 2, 3, 4, 5, 6, 7, 8, 9, 10, 11, 12, 13, 14] N: 15
Node 13 Delivers ACS Block in Round 162 with having 70000 TXs
this round time: 0.42584872245788574
Node 13 counting so-far tps: 158492.812838, latency 0.468756
13 start to run round 163 C: [0, 1, 2, 3, 4, 5, 6, 7, 8, 9, 10, 11, 12, 13, 14] N: 15
Node 13 Delivers ACS Block in Round 163 with having 70000 TXs
this round time: 0.4312722682952881
Node 13 counting so-far tps: 158489.816396, latency 0.468600
13 start to run round 164 C: [0, 1, 2, 3, 4, 5, 6, 7, 8, 9, 10, 11, 12, 13, 14] N: 15
Node 13 Delivers ACS Block in Round 164 with having 75000 TXs
this round time: 0.4823179244995117
Node 13 counting so-far tps: 158445.450287, latency 0.468759
13 start to run round 165 C: [0, 1, 2, 3, 4, 5, 6, 7, 8, 9, 10, 11, 12, 13, 14] N: 15
Node 13 Delivers ACS Block in Round 165 with having 75000 TXs
this round time: 0.47014904022216797
Node 13 counting so-far tps: 158428.152376, latency 0.468838
13 start to run round 166 C: [0, 1, 2, 3, 4, 5, 6, 7, 8, 9, 10, 11, 12, 13, 14] N: 15
Node 13 Delivers ACS Block in Round 166 with having 75000 TXs
this round time: 0.46274876594543457
Node 13 counting so-far tps: 158420.958416, latency 0.468886
13 start to run round 167 C: [0, 1, 2, 3, 4, 5, 6, 7, 8, 9, 10, 11, 12, 13, 14] N: 15
Node 13 Delivers ACS Block in Round 167 with having 75000 TXs
this round time: 0.5232498645782471
Node 13 counting so-far tps: 158294.152994, latency 0.469289
13 start to run round 168 C: [0, 1, 2, 3, 4, 5, 6, 7, 8, 9, 10, 11, 12, 13, 14] N: 15
Node 13 Delivers ACS Block in Round 168 with having 75000 TXs
this round time: 0.45114922523498535
Node 13 counting so-far tps: 158313.275323, latency 0.469259
13 start to run round 169 C: [0, 1, 2, 3, 4, 5, 6, 7, 8, 9, 10, 11, 12, 13, 14] N: 15
Node 13 Delivers ACS Block in Round 169 with having 75000 TXs
this round time: 0.44339942932128906
Node 13 counting so-far tps: 158338.333506, latency 0.469211
13 start to run round 170 C: [0, 1, 2, 3, 4, 5, 6, 7, 8, 9, 10, 11, 12, 13, 14] N: 15
Node 13 Delivers ACS Block in Round 170 with having 70000 TXs
this round time: 0.4192066192626953
Node 13 counting so-far tps: 158357.575216, latency 0.468996
13 start to run round 171 C: [0, 1, 2, 3, 4, 5, 6, 7, 8, 9, 10, 11, 12, 13, 14] N: 15
Node 13 Delivers ACS Block in Round 171 with having 70000 TXs
this round time: 0.44210028648376465
Node 13 counting so-far tps: 158331.118657, latency 0.468917
13 start to run round 172 C: [0, 1, 2, 3, 4, 5, 6, 7, 8, 9, 10, 11, 12, 13, 14] N: 15
Node 13 Delivers ACS Block in Round 172 with having 70000 TXs
this round time: 0.44256067276000977
Node 13 counting so-far tps: 158307.182653, latency 0.468833
13 start to run round 173 C: [0, 1, 2, 3, 4, 5, 6, 7, 8, 9, 10, 11, 12, 13, 14] N: 15
Node 13 Delivers ACS Block in Round 173 with having 75000 TXs
this round time: 0.44343113899230957
Node 13 counting so-far tps: 158342.246236, latency 0.468758
13 start to run round 174 C: [0, 1, 2, 3, 4, 5, 6, 7, 8, 9, 10, 11, 12, 13, 14] N: 15
Node 13 Delivers ACS Block in Round 174 with having 75000 TXs
this round time: 0.4586362838745117
Node 13 counting so-far tps: 158348.003137, latency 0.468769
13 start to run round 175 C: [0, 1, 2, 3, 4, 5, 6, 7, 8, 9, 10, 11, 12, 13, 14] N: 15
Node 13 Delivers ACS Block in Round 175 with having 75000 TXs
this round time: 0.4468727111816406
Node 13 counting so-far tps: 158376.038052, latency 0.468713
13 start to run round 176 C: [0, 1, 2, 3, 4, 5, 6, 7, 8, 9, 10, 11, 12, 13, 14] N: 15
Node 13 Delivers ACS Block in Round 176 with having 75000 TXs
this round time: 0.4463167190551758
Node 13 counting so-far tps: 158404.459269, latency 0.468657
13 start to run round 177 C: [0, 1, 2, 3, 4, 5, 6, 7, 8, 9, 10, 11, 12, 13, 14] N: 15
Node 13 Delivers ACS Block in Round 177 with having 75000 TXs
this round time: 0.4472618103027344
Node 13 counting so-far tps: 158430.319054, latency 0.468607
13 start to run round 178 C: [0, 1, 2, 3, 4, 5, 6, 7, 8, 9, 10, 11, 12, 13, 14] N: 15
Node 13 Delivers ACS Block in Round 178 with having 75000 TXs
this round time: 0.44043779373168945
Node 13 counting so-far tps: 158469.842409, latency 0.468517
13 start to run round 179 C: [0, 1, 2, 3, 4, 5, 6, 7, 8, 9, 10, 11, 12, 13, 14] N: 15
Node 13 Delivers ACS Block in Round 179 with having 75000 TXs
this round time: 0.4558846950531006
Node 13 counting so-far tps: 158479.700564, latency 0.468514
13 start to run round 180 C: [0, 1, 2, 3, 4, 5, 6, 7, 8, 9, 10, 11, 12, 13, 14] N: 15
Node 13 Delivers ACS Block in Round 180 with having 75000 TXs
this round time: 0.45073676109313965
Node 13 counting so-far tps: 158498.842735, latency 0.468484
13 start to run round 181 C: [0, 1, 2, 3, 4, 5, 6, 7, 8, 9, 10, 11, 12, 13, 14] N: 15
Node 13 Delivers ACS Block in Round 181 with having 75000 TXs
this round time: 0.4528048038482666
Node 13 counting so-far tps: 158513.499888, latency 0.468466
13 start to run round 182 C: [0, 1, 2, 3, 4, 5, 6, 7, 8, 9, 10, 11, 12, 13, 14] N: 15
Node 13 Delivers ACS Block in Round 182 with having 75000 TXs
this round time: 0.44684863090515137
Node 13 counting so-far tps: 158539.196504, latency 0.468416
13 start to run round 183 C: [0, 1, 2, 3, 4, 5, 6, 7, 8, 9, 10, 11, 12, 13, 14] N: 15
Node 13 Delivers ACS Block in Round 183 with having 75000 TXs
this round time: 0.4519064426422119
Node 13 counting so-far tps: 158555.596650, latency 0.468393
13 start to run round 184 C: [0, 1, 2, 3, 4, 5, 6, 7, 8, 9, 10, 11, 12, 13, 14] N: 15
Node 13 Delivers ACS Block in Round 184 with having 75000 TXs
this round time: 0.44968175888061523
Node 13 counting so-far tps: 158575.890757, latency 0.468358
13 start to run round 185 C: [0, 1, 2, 3, 4, 5, 6, 7, 8, 9, 10, 11, 12, 13, 14] N: 15
Node 13 Delivers ACS Block in Round 185 with having 75000 TXs
this round time: 0.45107102394104004
Node 13 counting so-far tps: 158594.295384, latency 0.468328
13 start to run round 186 C: [0, 1, 2, 3, 4, 5, 6, 7, 8, 9, 10, 11, 12, 13, 14] N: 15
Node 13 Delivers ACS Block in Round 186 with having 75000 TXs
this round time: 0.45104169845581055
Node 13 counting so-far tps: 158612.434208, latency 0.468299
13 start to run round 187 C: [0, 1, 2, 3, 4, 5, 6, 7, 8, 9, 10, 11, 12, 13, 14] N: 15
Node 13 Delivers ACS Block in Round 187 with having 75000 TXs
this round time: 0.45002245903015137
Node 13 counting so-far tps: 158631.361794, latency 0.468268
13 start to run round 188 C: [0, 1, 2, 3, 4, 5, 6, 7, 8, 9, 10, 11, 12, 13, 14] N: 15
Node 13 Delivers ACS Block in Round 188 with having 75000 TXs
this round time: 0.4527273178100586
Node 13 counting so-far tps: 158644.912317, latency 0.468251
13 start to run round 189 C: [0, 1, 2, 3, 4, 5, 6, 7, 8, 9, 10, 11, 12, 13, 14] N: 15
Node 13 Delivers ACS Block in Round 189 with having 75000 TXs
this round time: 0.453627347946167
Node 13 counting so-far tps: 158657.355511, latency 0.468238
13 start to run round 190 C: [0, 1, 2, 3, 4, 5, 6, 7, 8, 9, 10, 11, 12, 13, 14] N: 15
Node 13 Delivers ACS Block in Round 190 with having 75000 TXs
this round time: 0.44257140159606934
Node 13 counting so-far tps: 158686.348665, latency 0.468176
13 start to run round 191 C: [0, 1, 2, 3, 4, 5, 6, 7, 8, 9, 10, 11, 12, 13, 14] N: 15
Node 13 Delivers ACS Block in Round 191 with having 75000 TXs
this round time: 0.46896839141845703
Node 13 counting so-far tps: 158669.850098, latency 0.468248
13 start to run round 192 C: [0, 1, 2, 3, 4, 5, 6, 7, 8, 9, 10, 11, 12, 13, 14] N: 15
Node 13 Delivers ACS Block in Round 192 with having 75000 TXs
this round time: 0.4319117069244385
Node 13 counting so-far tps: 158718.856775, latency 0.468127
13 start to run round 193 C: [0, 1, 2, 3, 4, 5, 6, 7, 8, 9, 10, 11, 12, 13, 14] N: 15
Node 13 Delivers ACS Block in Round 193 with having 75000 TXs
this round time: 0.45238757133483887
Node 13 counting so-far tps: 158726.436928, latency 0.468127
13 start to run round 194 C: [0, 1, 2, 3, 4, 5, 6, 7, 8, 9, 10, 11, 12, 13, 14] N: 15
Node 13 Delivers ACS Block in Round 194 with having 75000 TXs
this round time: 0.4600653648376465
Node 13 counting so-far tps: 158727.585267, latency 0.468146
13 start to run round 195 C: [0, 1, 2, 3, 4, 5, 6, 7, 8, 9, 10, 11, 12, 13, 14] N: 15
Node 13 Delivers ACS Block in Round 195 with having 75000 TXs
this round time: 0.444476842880249
Node 13 counting so-far tps: 158755.240352, latency 0.468087
13 start to run round 196 C: [0, 1, 2, 3, 4, 5, 6, 7, 8, 9, 10, 11, 12, 13, 14] N: 15
Node 13 Delivers ACS Block in Round 196 with having 75000 TXs
this round time: 0.4488084316253662
Node 13 counting so-far tps: 158773.658973, latency 0.468054
13 start to run round 197 C: [0, 1, 2, 3, 4, 5, 6, 7, 8, 9, 10, 11, 12, 13, 14] N: 15
Node 13 Delivers ACS Block in Round 197 with having 75000 TXs
this round time: 0.44592952728271484
Node 13 counting so-far tps: 158798.390539, latency 0.468003
13 start to run round 198 C: [0, 1, 2, 3, 4, 5, 6, 7, 8, 9, 10, 11, 12, 13, 14] N: 15
Node 13 Delivers ACS Block in Round 198 with having 75000 TXs
this round time: 0.44370222091674805
Node 13 counting so-far tps: 158823.978398, latency 0.467950
13 start to run round 199 C: [0, 1, 2, 3, 4, 5, 6, 7, 8, 9, 10, 11, 12, 13, 14] N: 15
Node 13 Delivers ACS Block in Round 199 with having 75000 TXs
this round time: 0.44462132453918457
Node 13 counting so-far tps: 158844.728092, latency 0.467910
13 start to run round 200 C: [0, 1, 2, 3, 4, 5, 6, 7, 8, 9, 10, 11, 12, 13, 14] N: 15
Node 13 Delivers ACS Block in Round 200 with having 75000 TXs
this round time: 0.4422111511230469
Node 13 counting so-far tps: 158871.090477, latency 0.467853
13 start to run round 201 C: [0, 1, 2, 3, 4, 5, 6, 7, 8, 9, 10, 11, 12, 13, 14] N: 15
Node 13 Delivers ACS Block in Round 201 with having 75000 TXs
this round time: 0.4456760883331299
Node 13 counting so-far tps: 158890.646716, latency 0.467817
13 start to run round 202 C: [0, 1, 2, 3, 4, 5, 6, 7, 8, 9, 10, 11, 12, 13, 14] N: 15
Node 13 Delivers ACS Block in Round 202 with having 75000 TXs
this round time: 0.45008111000061035
Node 13 counting so-far tps: 158903.582371, latency 0.467799
13 start to run round 203 C: [0, 1, 2, 3, 4, 5, 6, 7, 8, 9, 10, 11, 12, 13, 14] N: 15
Node 13 Delivers ACS Block in Round 203 with having 75000 TXs
this round time: 0.45883750915527344
Node 13 counting so-far tps: 158901.406865, latency 0.467826
13 start to run round 204 C: [0, 1, 2, 3, 4, 5, 6, 7, 8, 9, 10, 11, 12, 13, 14] N: 15
Node 13 Delivers ACS Block in Round 204 with having 75000 TXs
this round time: 0.4558994770050049
Node 13 counting so-far tps: 158904.567755, latency 0.467837
13 start to run round 205 C: [0, 1, 2, 3, 4, 5, 6, 7, 8, 9, 10, 11, 12, 13, 14] N: 15
Node 13 Delivers ACS Block in Round 205 with having 75000 TXs
this round time: 0.4353063106536865
Node 13 counting so-far tps: 158944.875746, latency 0.467739
13 start to run round 206 C: [0, 1, 2, 3, 4, 5, 6, 7, 8, 9, 10, 11, 12, 13, 14] N: 15
Node 13 Delivers ACS Block in Round 206 with having 75000 TXs
this round time: 0.452617883682251
Node 13 counting so-far tps: 158955.494665, latency 0.467727
13 start to run round 207 C: [0, 1, 2, 3, 4, 5, 6, 7, 8, 9, 10, 11, 12, 13, 14] N: 15
Node 13 Delivers ACS Block in Round 207 with having 75000 TXs
this round time: 0.4521512985229492
Node 13 counting so-far tps: 158967.765513, latency 0.467711
13 start to run round 208 C: [0, 1, 2, 3, 4, 5, 6, 7, 8, 9, 10, 11, 12, 13, 14] N: 15
Node 13 Delivers ACS Block in Round 208 with having 75000 TXs
this round time: 0.4684560298919678
Node 13 counting so-far tps: 158949.535323, latency 0.467784
13 start to run round 209 C: [0, 1, 2, 3, 4, 5, 6, 7, 8, 9, 10, 11, 12, 13, 14] N: 15
Node 13 Delivers ACS Block in Round 209 with having 75000 TXs
this round time: 0.44255852699279785
Node 13 counting so-far tps: 158978.123475, latency 0.467719
13 start to run round 210 C: [0, 1, 2, 3, 4, 5, 6, 7, 8, 9, 10, 11, 12, 13, 14] N: 15
Node 13 Delivers ACS Block in Round 210 with having 75000 TXs
this round time: 0.45551538467407227
Node 13 counting so-far tps: 158983.446840, latency 0.467723
13 start to run round 211 C: [0, 1, 2, 3, 4, 5, 6, 7, 8, 9, 10, 11, 12, 13, 14] N: 15
Node 13 Delivers ACS Block in Round 211 with having 75000 TXs
this round time: 0.4357011318206787
Node 13 counting so-far tps: 159017.619222, latency 0.467641
13 start to run round 212 C: [0, 1, 2, 3, 4, 5, 6, 7, 8, 9, 10, 11, 12, 13, 14] N: 15
Node 13 Delivers ACS Block in Round 212 with having 75000 TXs
this round time: 0.4460580348968506
Node 13 counting so-far tps: 159033.932926, latency 0.467612
13 start to run round 213 C: [0, 1, 2, 3, 4, 5, 6, 7, 8, 9, 10, 11, 12, 13, 14] N: 15
Node 13 Delivers ACS Block in Round 213 with having 75000 TXs
this round time: 0.4493570327758789
Node 13 counting so-far tps: 159048.080094, latency 0.467589
13 start to run round 214 C: [0, 1, 2, 3, 4, 5, 6, 7, 8, 9, 10, 11, 12, 13, 14] N: 15
Node 13 Delivers ACS Block in Round 214 with having 75000 TXs
this round time: 0.46077775955200195
Node 13 counting so-far tps: 159043.238083, latency 0.467622
13 start to run round 215 C: [0, 1, 2, 3, 4, 5, 6, 7, 8, 9, 10, 11, 12, 13, 14] N: 15
Node 13 Delivers ACS Block in Round 215 with having 75000 TXs
this round time: 0.4310421943664551
Node 13 counting so-far tps: 159087.025984, latency 0.467511
13 start to run round 216 C: [0, 1, 2, 3, 4, 5, 6, 7, 8, 9, 10, 11, 12, 13, 14] N: 15
Node 13 Delivers ACS Block in Round 216 with having 75000 TXs
this round time: 0.45568227767944336
Node 13 counting so-far tps: 159091.292936, latency 0.467517
13 start to run round 217 C: [0, 1, 2, 3, 4, 5, 6, 7, 8, 9, 10, 11, 12, 13, 14] N: 15
Node 13 Delivers ACS Block in Round 217 with having 75000 TXs
this round time: 0.4640076160430908
Node 13 counting so-far tps: 159083.921011, latency 0.467557
13 start to run round 218 C: [0, 1, 2, 3, 4, 5, 6, 7, 8, 9, 10, 11, 12, 13, 14] N: 15
Node 13 Delivers ACS Block in Round 218 with having 75000 TXs
this round time: 0.4372398853302002
Node 13 counting so-far tps: 159117.343195, latency 0.467476
13 start to run round 219 C: [0, 1, 2, 3, 4, 5, 6, 7, 8, 9, 10, 11, 12, 13, 14] N: 15
Node 13 Delivers ACS Block in Round 219 with having 75000 TXs
this round time: 0.4475688934326172
Node 13 counting so-far tps: 159134.098580, latency 0.467445
13 start to run round 220 C: [0, 1, 2, 3, 4, 5, 6, 7, 8, 9, 10, 11, 12, 13, 14] N: 15
Node 13 Delivers ACS Block in Round 220 with having 75000 TXs
this round time: 0.45861268043518066
Node 13 counting so-far tps: 159132.994293, latency 0.467465
13 start to run round 221 C: [0, 1, 2, 3, 4, 5, 6, 7, 8, 9, 10, 11, 12, 13, 14] N: 15
Node 13 Delivers ACS Block in Round 221 with having 75000 TXs
this round time: 0.4444606304168701
Node 13 counting so-far tps: 159154.504912, latency 0.467419
13 start to run round 222 C: [0, 1, 2, 3, 4, 5, 6, 7, 8, 9, 10, 11, 12, 13, 14] N: 15
Node 13 Delivers ACS Block in Round 222 with having 75000 TXs
this round time: 0.45673060417175293
Node 13 counting so-far tps: 159156.574655, latency 0.467430
13 start to run round 223 C: [0, 1, 2, 3, 4, 5, 6, 7, 8, 9, 10, 11, 12, 13, 14] N: 15
Node 13 Delivers ACS Block in Round 223 with having 75000 TXs
this round time: 0.44337916374206543
Node 13 counting so-far tps: 159176.543731, latency 0.467389
13 start to run round 224 C: [0, 1, 2, 3, 4, 5, 6, 7, 8, 9, 10, 11, 12, 13, 14] N: 15
Node 13 Delivers ACS Block in Round 224 with having 75000 TXs
this round time: 0.45334959030151367
Node 13 counting so-far tps: 159181.420579, latency 0.467391
13 start to run round 225 C: [0, 1, 2, 3, 4, 5, 6, 7, 8, 9, 10, 11, 12, 13, 14] N: 15
Node 13 Delivers ACS Block in Round 225 with having 75000 TXs
this round time: 0.4444160461425781
Node 13 counting so-far tps: 159201.685032, latency 0.467348
13 start to run round 226 C: [0, 1, 2, 3, 4, 5, 6, 7, 8, 9, 10, 11, 12, 13, 14] N: 15
Node 13 Delivers ACS Block in Round 226 with having 75000 TXs
this round time: 0.4485666751861572
Node 13 counting so-far tps: 159213.829398, latency 0.467329
13 start to run round 227 C: [0, 1, 2, 3, 4, 5, 6, 7, 8, 9, 10, 11, 12, 13, 14] N: 15
Node 13 Delivers ACS Block in Round 227 with having 75000 TXs
this round time: 0.44647789001464844
Node 13 counting so-far tps: 159230.403306, latency 0.467297
13 start to run round 228 C: [0, 1, 2, 3, 4, 5, 6, 7, 8, 9, 10, 11, 12, 13, 14] N: 15
Node 13 Delivers ACS Block in Round 228 with having 75000 TXs
this round time: 0.446061372756958
Node 13 counting so-far tps: 159248.492475, latency 0.467260
13 start to run round 229 C: [0, 1, 2, 3, 4, 5, 6, 7, 8, 9, 10, 11, 12, 13, 14] N: 15
Node 13 Delivers ACS Block in Round 229 with having 75000 TXs
this round time: 0.447329044342041
Node 13 counting so-far tps: 159264.698567, latency 0.467229
13 start to run round 230 C: [0, 1, 2, 3, 4, 5, 6, 7, 8, 9, 10, 11, 12, 13, 14] N: 15
Node 13 Delivers ACS Block in Round 230 with having 75000 TXs
this round time: 0.46615123748779297
Node 13 counting so-far tps: 159252.524581, latency 0.467280
13 start to run round 231 C: [0, 1, 2, 3, 4, 5, 6, 7, 8, 9, 10, 11, 12, 13, 14] N: 15
Node 13 Delivers ACS Block in Round 231 with having 75000 TXs
this round time: 0.4351992607116699
Node 13 counting so-far tps: 159285.357195, latency 0.467200
13 start to run round 232 C: [0, 1, 2, 3, 4, 5, 6, 7, 8, 9, 10, 11, 12, 13, 14] N: 15
Node 13 Delivers ACS Block in Round 232 with having 75000 TXs
this round time: 0.4456617832183838
Node 13 counting so-far tps: 159304.948384, latency 0.467158
13 start to run round 233 C: [0, 1, 2, 3, 4, 5, 6, 7, 8, 9, 10, 11, 12, 13, 14] N: 15
Node 13 Delivers ACS Block in Round 233 with having 75000 TXs
this round time: 0.4455132484436035
Node 13 counting so-far tps: 159323.679506, latency 0.467119
13 start to run round 234 C: [0, 1, 2, 3, 4, 5, 6, 7, 8, 9, 10, 11, 12, 13, 14] N: 15
Node 13 Delivers ACS Block in Round 234 with having 75000 TXs
this round time: 0.4448580741882324
Node 13 counting so-far tps: 159331.690764, latency 0.467111
13 start to run round 235 C: [0, 1, 2, 3, 4, 5, 6, 7, 8, 9, 10, 11, 12, 13, 14] N: 15
Node 13 Delivers ACS Block in Round 235 with having 75000 TXs
this round time: 0.43846702575683594
Node 13 counting so-far tps: 159360.423173, latency 0.467042
13 start to run round 236 C: [0, 1, 2, 3, 4, 5, 6, 7, 8, 9, 10, 11, 12, 13, 14] N: 15
Node 13 Delivers ACS Block in Round 236 with having 75000 TXs
this round time: 0.4509694576263428
Node 13 counting so-far tps: 159367.682990, latency 0.467036
13 start to run round 237 C: [0, 1, 2, 3, 4, 5, 6, 7, 8, 9, 10, 11, 12, 13, 14] N: 15
Node 13 Delivers ACS Block in Round 237 with having 75000 TXs
this round time: 0.4434053897857666
Node 13 counting so-far tps: 159388.353139, latency 0.466990
13 start to run round 238 C: [0, 1, 2, 3, 4, 5, 6, 7, 8, 9, 10, 11, 12, 13, 14] N: 15
Node 13 Delivers ACS Block in Round 238 with having 75000 TXs
this round time: 0.43891000747680664
Node 13 counting so-far tps: 159414.800294, latency 0.466927
13 start to run round 239 C: [0, 1, 2, 3, 4, 5, 6, 7, 8, 9, 10, 11, 12, 13, 14] N: 15
Node 13 Delivers ACS Block in Round 239 with having 75000 TXs
this round time: 0.4421243667602539
Node 13 counting so-far tps: 159436.374409, latency 0.466879
13 start to run round 240 C: [0, 1, 2, 3, 4, 5, 6, 7, 8, 9, 10, 11, 12, 13, 14] N: 15
Node 13 Delivers ACS Block in Round 240 with having 75000 TXs
this round time: 0.4470036029815674
Node 13 counting so-far tps: 159451.067226, latency 0.466851
13 start to run round 241 C: [0, 1, 2, 3, 4, 5, 6, 7, 8, 9, 10, 11, 12, 13, 14] N: 15
Node 13 Delivers ACS Block in Round 241 with having 75000 TXs
this round time: 0.4516022205352783
Node 13 counting so-far tps: 159459.135613, latency 0.466842
13 start to run round 242 C: [0, 1, 2, 3, 4, 5, 6, 7, 8, 9, 10, 11, 12, 13, 14] N: 15
Node 13 Delivers ACS Block in Round 242 with having 75000 TXs
this round time: 0.4487745761871338
Node 13 counting so-far tps: 159470.499901, latency 0.466823
13 start to run round 243 C: [0, 1, 2, 3, 4, 5, 6, 7, 8, 9, 10, 11, 12, 13, 14] N: 15
Node 13 Delivers ACS Block in Round 243 with having 75000 TXs
this round time: 0.4576685428619385
Node 13 counting so-far tps: 159470.455541, latency 0.466837
13 start to run round 244 C: [0, 1, 2, 3, 4, 5, 6, 7, 8, 9, 10, 11, 12, 13, 14] N: 15
Node 13 Delivers ACS Block in Round 244 with having 75000 TXs
this round time: 0.4372537136077881
Node 13 counting so-far tps: 159499.437646, latency 0.466766
13 start to run round 245 C: [0, 1, 2, 3, 4, 5, 6, 7, 8, 9, 10, 11, 12, 13, 14] N: 15
Node 13 Delivers ACS Block in Round 245 with having 75000 TXs
this round time: 0.4439539909362793
Node 13 counting so-far tps: 159516.579944, latency 0.466730
13 start to run round 246 C: [0, 1, 2, 3, 4, 5, 6, 7, 8, 9, 10, 11, 12, 13, 14] N: 15
Node 13 Delivers ACS Block in Round 246 with having 75000 TXs
this round time: 0.465411901473999
Node 13 counting so-far tps: 159504.843386, latency 0.466779
13 start to run round 247 C: [0, 1, 2, 3, 4, 5, 6, 7, 8, 9, 10, 11, 12, 13, 14] N: 15
Node 13 Delivers ACS Block in Round 247 with having 75000 TXs
this round time: 0.44558262825012207
Node 13 counting so-far tps: 159521.901505, latency 0.466742
13 start to run round 248 C: [0, 1, 2, 3, 4, 5, 6, 7, 8, 9, 10, 11, 12, 13, 14] N: 15
Node 13 Delivers ACS Block in Round 248 with having 75000 TXs
this round time: 0.4500916004180908
Node 13 counting so-far tps: 159530.726926, latency 0.466730
13 start to run round 249 C: [0, 1, 2, 3, 4, 5, 6, 7, 8, 9, 10, 11, 12, 13, 14] N: 15
Node 13 Delivers ACS Block in Round 249 with having 75000 TXs
this round time: 0.4475533962249756
Node 13 counting so-far tps: 159544.924899, latency 0.466702
13 start to run round 250 C: [0, 1, 2, 3, 4, 5, 6, 7, 8, 9, 10, 11, 12, 13, 14] N: 15
Node 13 Delivers ACS Block in Round 250 with having 75000 TXs
this round time: 0.4460413455963135
Node 13 counting so-far tps: 159559.949682, latency 0.466672
node 13 breaks in 117.146291 seconds with total delivered Txs 18690000, latency: 0.466718, tps: 159544.106929
13 set stop as true
