main
here debug =  False
here N =  12
m= 0
12
12 3 1
[0, 1, 2, 3, 4, 5, 6, 7, 8, 9, 10, 11]
1 <class 'int'>
[]
[]
debug is  False
False
waiting for network ready...
10 start to run round 0 C: [0, 1, 2, 3, 4, 5, 6, 7, 8, 9, 10, 11] N: 12
Node 10 Delivers ACS Block in Round 0 with having 40000 TXs
this round time: 0.5020694732666016
Node 10 counting so-far tps: 79480.213580, latency 0.503270
10 start to run round 1 C: [0, 1, 2, 3, 4, 5, 6, 7, 8, 9, 10, 11] N: 12
Node 10 Delivers ACS Block in Round 1 with having 60000 TXs
this round time: 0.356400728225708
Node 10 counting so-far tps: 115136.686769, latency 0.434266
10 start to run round 2 C: [0, 1, 2, 3, 4, 5, 6, 7, 8, 9, 10, 11] N: 12
Node 10 Delivers ACS Block in Round 2 with having 60000 TXs
this round time: 0.3347342014312744
Node 10 counting so-far tps: 131966.978397, latency 0.404142
10 start to run round 3 C: [0, 1, 2, 3, 4, 5, 6, 7, 8, 9, 10, 11] N: 12
Node 10 Delivers ACS Block in Round 3 with having 60000 TXs
this round time: 0.34053754806518555
Node 10 counting so-far tps: 140421.285063, latency 0.391679
10 start to run round 4 C: [0, 1, 2, 3, 4, 5, 6, 7, 8, 9, 10, 11] N: 12
Node 10 Delivers ACS Block in Round 4 with having 60000 TXs
this round time: 0.34005260467529297
Node 10 counting so-far tps: 145929.550033, latency 0.383747
10 start to run round 5 C: [0, 1, 2, 3, 4, 5, 6, 7, 8, 9, 10, 11] N: 12
Node 10 Delivers ACS Block in Round 5 with having 60000 TXs
this round time: 0.3395962715148926
Node 10 counting so-far tps: 149671.394575, latency 0.378607
10 start to run round 6 C: [0, 1, 2, 3, 4, 5, 6, 7, 8, 9, 10, 11] N: 12
Node 10 Delivers ACS Block in Round 6 with having 60000 TXs
this round time: 0.349623441696167
Node 10 counting so-far tps: 151546.199362, latency 0.377066
10 start to run round 7 C: [0, 1, 2, 3, 4, 5, 6, 7, 8, 9, 10, 11] N: 12
Node 10 Delivers ACS Block in Round 7 with having 60000 TXs
this round time: 0.3389420509338379
Node 10 counting so-far tps: 153706.161639, latency 0.374090
10 start to run round 8 C: [0, 1, 2, 3, 4, 5, 6, 7, 8, 9, 10, 11] N: 12
Node 10 Delivers ACS Block in Round 8 with having 60000 TXs
this round time: 0.34937167167663574
Node 10 counting so-far tps: 155054.539002, latency 0.372629
10 start to run round 9 C: [0, 1, 2, 3, 4, 5, 6, 7, 8, 9, 10, 11] N: 12
Node 10 Delivers ACS Block in Round 9 with having 60000 TXs
this round time: 0.3410940170288086
Node 10 counting so-far tps: 156420.829831, latency 0.370795
10 start to run round 10 C: [0, 1, 2, 3, 4, 5, 6, 7, 8, 9, 10, 11] N: 12
Node 10 Delivers ACS Block in Round 10 with having 60000 TXs
this round time: 0.31472253799438477
Node 10 counting so-far tps: 158540.664118, latency 0.366984
10 start to run round 11 C: [0, 1, 2, 3, 4, 5, 6, 7, 8, 9, 10, 11] N: 12
Node 10 Delivers ACS Block in Round 11 with having 60000 TXs
this round time: 0.341599702835083
Node 10 counting so-far tps: 159390.678585, latency 0.365977
10 start to run round 12 C: [0, 1, 2, 3, 4, 5, 6, 7, 8, 9, 10, 11] N: 12
Node 10 Delivers ACS Block in Round 12 with having 60000 TXs
this round time: 0.3470127582550049
Node 10 counting so-far tps: 159902.483530, latency 0.365607
10 start to run round 13 C: [0, 1, 2, 3, 4, 5, 6, 7, 8, 9, 10, 11] N: 12
Node 10 Delivers ACS Block in Round 13 with having 60000 TXs
this round time: 0.33703064918518066
Node 10 counting so-far tps: 160703.585361, latency 0.364469
10 start to run round 14 C: [0, 1, 2, 3, 4, 5, 6, 7, 8, 9, 10, 11] N: 12
Node 10 Delivers ACS Block in Round 14 with having 60000 TXs
this round time: 0.3491802215576172
Node 10 counting so-far tps: 161091.814265, latency 0.364182
10 start to run round 15 C: [0, 1, 2, 3, 4, 5, 6, 7, 8, 9, 10, 11] N: 12
Node 10 Delivers ACS Block in Round 15 with having 60000 TXs
this round time: 0.3571486473083496
Node 10 counting so-far tps: 161206.902565, latency 0.364438
10 start to run round 16 C: [0, 1, 2, 3, 4, 5, 6, 7, 8, 9, 10, 11] N: 12
Node 10 Delivers ACS Block in Round 16 with having 60000 TXs
this round time: 0.3570106029510498
Node 10 counting so-far tps: 161317.026905, latency 0.364646
10 start to run round 17 C: [0, 1, 2, 3, 4, 5, 6, 7, 8, 9, 10, 11] N: 12
Node 10 Delivers ACS Block in Round 17 with having 60000 TXs
this round time: 0.35363197326660156
Node 10 counting so-far tps: 161497.125211, latency 0.364644
10 start to run round 18 C: [0, 1, 2, 3, 4, 5, 6, 7, 8, 9, 10, 11] N: 12
Node 10 Delivers ACS Block in Round 18 with having 60000 TXs
this round time: 0.34505629539489746
Node 10 counting so-far tps: 161868.269244, latency 0.364169
10 start to run round 19 C: [0, 1, 2, 3, 4, 5, 6, 7, 8, 9, 10, 11] N: 12
Node 10 Delivers ACS Block in Round 19 with having 60000 TXs
this round time: 0.36289238929748535
Node 10 counting so-far tps: 161803.439540, latency 0.364640
10 start to run round 20 C: [0, 1, 2, 3, 4, 5, 6, 7, 8, 9, 10, 11] N: 12
Node 10 Delivers ACS Block in Round 20 with having 60000 TXs
this round time: 0.4335789680480957
Node 10 counting so-far tps: 160163.287851, latency 0.368671
10 start to run round 21 C: [0, 1, 2, 3, 4, 5, 6, 7, 8, 9, 10, 11] N: 12
Node 10 Delivers ACS Block in Round 21 with having 50000 TXs
this round time: 0.5253639221191406
Node 10 counting so-far tps: 155777.356670, latency 0.376411
10 start to run round 22 C: [0, 1, 2, 3, 4, 5, 6, 7, 8, 9, 10, 11] N: 12
Node 10 Delivers ACS Block in Round 22 with having 50000 TXs
this round time: 0.2057511806488037
Node 10 counting so-far tps: 157669.750760, latency 0.369512
10 start to run round 23 C: [0, 1, 2, 3, 4, 5, 6, 7, 8, 9, 10, 11] N: 12
Node 10 Delivers ACS Block in Round 23 with having 55000 TXs
this round time: 0.27257251739501953
Node 10 counting so-far tps: 158818.559358, latency 0.365984
10 start to run round 24 C: [0, 1, 2, 3, 4, 5, 6, 7, 8, 9, 10, 11] N: 12
Node 10 Delivers ACS Block in Round 24 with having 60000 TXs
this round time: 0.3169388771057129
Node 10 counting so-far tps: 159313.391915, latency 0.365318
10 start to run round 25 C: [0, 1, 2, 3, 4, 5, 6, 7, 8, 9, 10, 11] N: 12
Node 10 Delivers ACS Block in Round 25 with having 60000 TXs
this round time: 0.3503909111022949
Node 10 counting so-far tps: 159556.922655, latency 0.365194
10 start to run round 26 C: [0, 1, 2, 3, 4, 5, 6, 7, 8, 9, 10, 11] N: 12
Node 10 Delivers ACS Block in Round 26 with having 60000 TXs
this round time: 0.3594484329223633
Node 10 counting so-far tps: 159632.989746, latency 0.365422
10 start to run round 27 C: [0, 1, 2, 3, 4, 5, 6, 7, 8, 9, 10, 11] N: 12
Node 10 Delivers ACS Block in Round 27 with having 60000 TXs
this round time: 0.32729673385620117
Node 10 counting so-far tps: 160208.691038, latency 0.364480
10 start to run round 28 C: [0, 1, 2, 3, 4, 5, 6, 7, 8, 9, 10, 11] N: 12
Node 10 Delivers ACS Block in Round 28 with having 60000 TXs
this round time: 0.3416275978088379
Node 10 counting so-far tps: 160536.645525, latency 0.364081
10 start to run round 29 C: [0, 1, 2, 3, 4, 5, 6, 7, 8, 9, 10, 11] N: 12
Node 10 Delivers ACS Block in Round 29 with having 60000 TXs
this round time: 0.3482205867767334
Node 10 counting so-far tps: 160755.535368, latency 0.363907
10 start to run round 30 C: [0, 1, 2, 3, 4, 5, 6, 7, 8, 9, 10, 11] N: 12
Node 10 Delivers ACS Block in Round 30 with having 60000 TXs
this round time: 0.35545945167541504
Node 10 counting so-far tps: 160855.922536, latency 0.363980
10 start to run round 31 C: [0, 1, 2, 3, 4, 5, 6, 7, 8, 9, 10, 11] N: 12
Node 10 Delivers ACS Block in Round 31 with having 60000 TXs
this round time: 0.33938169479370117
Node 10 counting so-far tps: 161170.978378, latency 0.363550
10 start to run round 32 C: [0, 1, 2, 3, 4, 5, 6, 7, 8, 9, 10, 11] N: 12
Node 10 Delivers ACS Block in Round 32 with having 60000 TXs
this round time: 0.35492539405822754
Node 10 counting so-far tps: 161265.981887, latency 0.363600
10 start to run round 33 C: [0, 1, 2, 3, 4, 5, 6, 7, 8, 9, 10, 11] N: 12
Node 10 Delivers ACS Block in Round 33 with having 60000 TXs
this round time: 0.341005802154541
Node 10 counting so-far tps: 161532.257162, latency 0.363249
10 start to run round 34 C: [0, 1, 2, 3, 4, 5, 6, 7, 8, 9, 10, 11] N: 12
Node 10 Delivers ACS Block in Round 34 with having 60000 TXs
this round time: 0.3592529296875
Node 10 counting so-far tps: 161550.420160, latency 0.363442
10 start to run round 35 C: [0, 1, 2, 3, 4, 5, 6, 7, 8, 9, 10, 11] N: 12
Node 10 Delivers ACS Block in Round 35 with having 60000 TXs
this round time: 0.3416767120361328
Node 10 counting so-far tps: 161785.673935, latency 0.363135
10 start to run round 36 C: [0, 1, 2, 3, 4, 5, 6, 7, 8, 9, 10, 11] N: 12
Node 10 Delivers ACS Block in Round 36 with having 60000 TXs
this round time: 0.3502981662750244
Node 10 counting so-far tps: 161887.709239, latency 0.363115
10 start to run round 37 C: [0, 1, 2, 3, 4, 5, 6, 7, 8, 9, 10, 11] N: 12
Node 10 Delivers ACS Block in Round 37 with having 60000 TXs
this round time: 0.35537266731262207
Node 10 counting so-far tps: 161941.383327, latency 0.363192
10 start to run round 38 C: [0, 1, 2, 3, 4, 5, 6, 7, 8, 9, 10, 11] N: 12
Node 10 Delivers ACS Block in Round 38 with having 60000 TXs
this round time: 0.3514130115509033
Node 10 counting so-far tps: 162034.407944, latency 0.363171
10 start to run round 39 C: [0, 1, 2, 3, 4, 5, 6, 7, 8, 9, 10, 11] N: 12
Node 10 Delivers ACS Block in Round 39 with having 60000 TXs
this round time: 0.35482239723205566
Node 10 counting so-far tps: 162079.019837, latency 0.363249
10 start to run round 40 C: [0, 1, 2, 3, 4, 5, 6, 7, 8, 9, 10, 11] N: 12
Node 10 Delivers ACS Block in Round 40 with having 60000 TXs
this round time: 0.34468936920166016
Node 10 counting so-far tps: 162222.272083, latency 0.363097
10 start to run round 41 C: [0, 1, 2, 3, 4, 5, 6, 7, 8, 9, 10, 11] N: 12
Node 10 Delivers ACS Block in Round 41 with having 60000 TXs
this round time: 0.3570265769958496
Node 10 counting so-far tps: 162248.920912, latency 0.363199
10 start to run round 42 C: [0, 1, 2, 3, 4, 5, 6, 7, 8, 9, 10, 11] N: 12
Node 10 Delivers ACS Block in Round 42 with having 60000 TXs
this round time: 0.34981369972229004
Node 10 counting so-far tps: 162348.404025, latency 0.363129
10 start to run round 43 C: [0, 1, 2, 3, 4, 5, 6, 7, 8, 9, 10, 11] N: 12
Node 10 Delivers ACS Block in Round 43 with having 60000 TXs
this round time: 0.3578908443450928
Node 10 counting so-far tps: 162357.035452, latency 0.363257
10 start to run round 44 C: [0, 1, 2, 3, 4, 5, 6, 7, 8, 9, 10, 11] N: 12
Node 10 Delivers ACS Block in Round 44 with having 60000 TXs
this round time: 0.3519868850708008
Node 10 counting so-far tps: 162415.653810, latency 0.363265
10 start to run round 45 C: [0, 1, 2, 3, 4, 5, 6, 7, 8, 9, 10, 11] N: 12
Node 10 Delivers ACS Block in Round 45 with having 60000 TXs
this round time: 0.356320858001709
Node 10 counting so-far tps: 162433.813116, latency 0.363359
10 start to run round 46 C: [0, 1, 2, 3, 4, 5, 6, 7, 8, 9, 10, 11] N: 12
Node 10 Delivers ACS Block in Round 46 with having 60000 TXs
this round time: 0.35852503776550293
Node 10 counting so-far tps: 162427.763306, latency 0.363500
10 start to run round 47 C: [0, 1, 2, 3, 4, 5, 6, 7, 8, 9, 10, 11] N: 12
Node 10 Delivers ACS Block in Round 47 with having 60000 TXs
this round time: 0.34489989280700684
Node 10 counting so-far tps: 162550.425675, latency 0.363349
10 start to run round 48 C: [0, 1, 2, 3, 4, 5, 6, 7, 8, 9, 10, 11] N: 12
Node 10 Delivers ACS Block in Round 48 with having 60000 TXs
this round time: 0.35134363174438477
Node 10 counting so-far tps: 162614.600075, latency 0.363323
10 start to run round 49 C: [0, 1, 2, 3, 4, 5, 6, 7, 8, 9, 10, 11] N: 12
Node 10 Delivers ACS Block in Round 49 with having 60000 TXs
this round time: 0.36426305770874023
Node 10 counting so-far tps: 162558.014054, latency 0.363563
10 start to run round 50 C: [0, 1, 2, 3, 4, 5, 6, 7, 8, 9, 10, 11] N: 12
Node 10 Delivers ACS Block in Round 50 with having 60000 TXs
this round time: 0.33931493759155273
Node 10 counting so-far tps: 162718.336782, latency 0.363313
10 start to run round 51 C: [0, 1, 2, 3, 4, 5, 6, 7, 8, 9, 10, 11] N: 12
Node 10 Delivers ACS Block in Round 51 with having 55000 TXs
this round time: 0.3327784538269043
Node 10 counting so-far tps: 162669.529482, latency 0.362935
10 start to run round 52 C: [0, 1, 2, 3, 4, 5, 6, 7, 8, 9, 10, 11] N: 12
Node 10 Delivers ACS Block in Round 52 with having 50000 TXs
this round time: 0.37395405769348145
Node 10 counting so-far tps: 162020.940079, latency 0.363335
10 start to run round 53 C: [0, 1, 2, 3, 4, 5, 6, 7, 8, 9, 10, 11] N: 12
Node 10 Delivers ACS Block in Round 53 with having 55000 TXs
this round time: 0.5640439987182617
Node 10 counting so-far tps: 160107.345824, latency 0.367230
10 start to run round 54 C: [0, 1, 2, 3, 4, 5, 6, 7, 8, 9, 10, 11] N: 12
Node 10 Delivers ACS Block in Round 54 with having 60000 TXs
this round time: 0.21064114570617676
Node 10 counting so-far tps: 161354.694263, latency 0.364527
10 start to run round 55 C: [0, 1, 2, 3, 4, 5, 6, 7, 8, 9, 10, 11] N: 12
Node 10 Delivers ACS Block in Round 55 with having 50000 TXs
this round time: 0.28956127166748047
Node 10 counting so-far tps: 161438.411657, latency 0.363363
10 start to run round 56 C: [0, 1, 2, 3, 4, 5, 6, 7, 8, 9, 10, 11] N: 12
Node 10 Delivers ACS Block in Round 56 with having 55000 TXs
this round time: 0.3343353271484375
Node 10 counting so-far tps: 161410.617673, latency 0.363027
10 start to run round 57 C: [0, 1, 2, 3, 4, 5, 6, 7, 8, 9, 10, 11] N: 12
Node 10 Delivers ACS Block in Round 57 with having 55000 TXs
this round time: 0.3278317451477051
Node 10 counting so-far tps: 161441.547601, latency 0.362574
10 start to run round 58 C: [0, 1, 2, 3, 4, 5, 6, 7, 8, 9, 10, 11] N: 12
Node 10 Delivers ACS Block in Round 58 with having 60000 TXs
this round time: 0.3492405414581299
Node 10 counting so-far tps: 161538.708974, latency 0.362510
10 start to run round 59 C: [0, 1, 2, 3, 4, 5, 6, 7, 8, 9, 10, 11] N: 12
Node 10 Delivers ACS Block in Round 59 with having 60000 TXs
this round time: 0.3568692207336426
Node 10 counting so-far tps: 161575.474405, latency 0.362576
10 start to run round 60 C: [0, 1, 2, 3, 4, 5, 6, 7, 8, 9, 10, 11] N: 12
Node 10 Delivers ACS Block in Round 60 with having 60000 TXs
this round time: 0.3529024124145508
Node 10 counting so-far tps: 161635.677552, latency 0.362584
10 start to run round 61 C: [0, 1, 2, 3, 4, 5, 6, 7, 8, 9, 10, 11] N: 12
Node 10 Delivers ACS Block in Round 61 with having 60000 TXs
this round time: 0.36040544509887695
Node 10 counting so-far tps: 161644.035826, latency 0.362705
10 start to run round 62 C: [0, 1, 2, 3, 4, 5, 6, 7, 8, 9, 10, 11] N: 12
Node 10 Delivers ACS Block in Round 62 with having 60000 TXs
this round time: 0.3496997356414795
Node 10 counting so-far tps: 161725.757828, latency 0.362656
10 start to run round 63 C: [0, 1, 2, 3, 4, 5, 6, 7, 8, 9, 10, 11] N: 12
Node 10 Delivers ACS Block in Round 63 with having 60000 TXs
this round time: 0.35770750045776367
Node 10 counting so-far tps: 161746.442939, latency 0.362740
10 start to run round 64 C: [0, 1, 2, 3, 4, 5, 6, 7, 8, 9, 10, 11] N: 12
Node 10 Delivers ACS Block in Round 64 with having 60000 TXs
this round time: 0.35741710662841797
Node 10 counting so-far tps: 161769.910309, latency 0.362814
10 start to run round 65 C: [0, 1, 2, 3, 4, 5, 6, 7, 8, 9, 10, 11] N: 12
Node 10 Delivers ACS Block in Round 65 with having 60000 TXs
this round time: 0.34670591354370117
Node 10 counting so-far tps: 161865.806627, latency 0.362721
10 start to run round 66 C: [0, 1, 2, 3, 4, 5, 6, 7, 8, 9, 10, 11] N: 12
Node 10 Delivers ACS Block in Round 66 with having 60000 TXs
this round time: 0.3501431941986084
Node 10 counting so-far tps: 161934.866898, latency 0.362685
10 start to run round 67 C: [0, 1, 2, 3, 4, 5, 6, 7, 8, 9, 10, 11] N: 12
Node 10 Delivers ACS Block in Round 67 with having 60000 TXs
this round time: 0.35225987434387207
Node 10 counting so-far tps: 161987.326968, latency 0.362683
10 start to run round 68 C: [0, 1, 2, 3, 4, 5, 6, 7, 8, 9, 10, 11] N: 12
Node 10 Delivers ACS Block in Round 68 with having 60000 TXs
this round time: 0.3495814800262451
Node 10 counting so-far tps: 162056.655552, latency 0.362639
10 start to run round 69 C: [0, 1, 2, 3, 4, 5, 6, 7, 8, 9, 10, 11] N: 12
Node 10 Delivers ACS Block in Round 69 with having 60000 TXs
this round time: 0.35980725288391113
Node 10 counting so-far tps: 162058.211927, latency 0.362744
10 start to run round 70 C: [0, 1, 2, 3, 4, 5, 6, 7, 8, 9, 10, 11] N: 12
Node 10 Delivers ACS Block in Round 70 with having 60000 TXs
this round time: 0.3331630229949951
Node 10 counting so-far tps: 162204.481649, latency 0.362523
10 start to run round 71 C: [0, 1, 2, 3, 4, 5, 6, 7, 8, 9, 10, 11] N: 12
Node 10 Delivers ACS Block in Round 71 with having 60000 TXs
this round time: 0.356717586517334
Node 10 counting so-far tps: 162219.897305, latency 0.362591
10 start to run round 72 C: [0, 1, 2, 3, 4, 5, 6, 7, 8, 9, 10, 11] N: 12
Node 10 Delivers ACS Block in Round 72 with having 60000 TXs
this round time: 0.347959041595459
Node 10 counting so-far tps: 162290.216404, latency 0.362533
10 start to run round 73 C: [0, 1, 2, 3, 4, 5, 6, 7, 8, 9, 10, 11] N: 12
Node 10 Delivers ACS Block in Round 73 with having 60000 TXs
this round time: 0.3524782657623291
Node 10 counting so-far tps: 162335.148456, latency 0.362530
10 start to run round 74 C: [0, 1, 2, 3, 4, 5, 6, 7, 8, 9, 10, 11] N: 12
Node 10 Delivers ACS Block in Round 74 with having 60000 TXs
this round time: 0.3446166515350342
Node 10 counting so-far tps: 162423.526419, latency 0.362427
10 start to run round 75 C: [0, 1, 2, 3, 4, 5, 6, 7, 8, 9, 10, 11] N: 12
Node 10 Delivers ACS Block in Round 75 with having 60000 TXs
this round time: 0.34276247024536133
Node 10 counting so-far tps: 162519.026457, latency 0.362306
10 start to run round 76 C: [0, 1, 2, 3, 4, 5, 6, 7, 8, 9, 10, 11] N: 12
Node 10 Delivers ACS Block in Round 76 with having 60000 TXs
this round time: 0.3554048538208008
Node 10 counting so-far tps: 162540.756193, latency 0.362347
10 start to run round 77 C: [0, 1, 2, 3, 4, 5, 6, 7, 8, 9, 10, 11] N: 12
Node 10 Delivers ACS Block in Round 77 with having 60000 TXs
this round time: 0.34873533248901367
Node 10 counting so-far tps: 162602.859740, latency 0.362295
10 start to run round 78 C: [0, 1, 2, 3, 4, 5, 6, 7, 8, 9, 10, 11] N: 12
Node 10 Delivers ACS Block in Round 78 with having 60000 TXs
this round time: 0.34637975692749023
Node 10 counting so-far tps: 162675.689650, latency 0.362218
10 start to run round 79 C: [0, 1, 2, 3, 4, 5, 6, 7, 8, 9, 10, 11] N: 12
Node 10 Delivers ACS Block in Round 79 with having 60000 TXs
this round time: 0.35160398483276367
Node 10 counting so-far tps: 162713.812389, latency 0.362216
10 start to run round 80 C: [0, 1, 2, 3, 4, 5, 6, 7, 8, 9, 10, 11] N: 12
Node 10 Delivers ACS Block in Round 80 with having 60000 TXs
this round time: 0.37094831466674805
Node 10 counting so-far tps: 162647.320399, latency 0.362444
10 start to run round 81 C: [0, 1, 2, 3, 4, 5, 6, 7, 8, 9, 10, 11] N: 12
Node 10 Delivers ACS Block in Round 81 with having 60000 TXs
this round time: 0.3561060428619385
Node 10 counting so-far tps: 162661.084302, latency 0.362492
10 start to run round 82 C: [0, 1, 2, 3, 4, 5, 6, 7, 8, 9, 10, 11] N: 12
Node 10 Delivers ACS Block in Round 82 with having 60000 TXs
this round time: 0.3496685028076172
Node 10 counting so-far tps: 162708.672752, latency 0.362463
10 start to run round 83 C: [0, 1, 2, 3, 4, 5, 6, 7, 8, 9, 10, 11] N: 12
Node 10 Delivers ACS Block in Round 83 with having 60000 TXs
this round time: 0.34368896484375
Node 10 counting so-far tps: 162788.404973, latency 0.362361
10 start to run round 84 C: [0, 1, 2, 3, 4, 5, 6, 7, 8, 9, 10, 11] N: 12
Node 10 Delivers ACS Block in Round 84 with having 60000 TXs
this round time: 0.41174960136413574
Node 10 counting so-far tps: 162506.174474, latency 0.363063
10 start to run round 85 C: [0, 1, 2, 3, 4, 5, 6, 7, 8, 9, 10, 11] N: 12
Node 10 Delivers ACS Block in Round 85 with having 60000 TXs
this round time: 0.27834200859069824
Node 10 counting so-far tps: 162927.344771, latency 0.362196
10 start to run round 86 C: [0, 1, 2, 3, 4, 5, 6, 7, 8, 9, 10, 11] N: 12
Node 10 Delivers ACS Block in Round 86 with having 60000 TXs
this round time: 0.3528316020965576
Node 10 counting so-far tps: 162955.048817, latency 0.362204
10 start to run round 87 C: [0, 1, 2, 3, 4, 5, 6, 7, 8, 9, 10, 11] N: 12
Node 10 Delivers ACS Block in Round 87 with having 60000 TXs
this round time: 0.34981513023376465
Node 10 counting so-far tps: 162998.767908, latency 0.362175
10 start to run round 88 C: [0, 1, 2, 3, 4, 5, 6, 7, 8, 9, 10, 11] N: 12
Node 10 Delivers ACS Block in Round 88 with having 60000 TXs
this round time: 0.3405272960662842
Node 10 counting so-far tps: 163087.623047, latency 0.362044
10 start to run round 89 C: [0, 1, 2, 3, 4, 5, 6, 7, 8, 9, 10, 11] N: 12
Node 10 Delivers ACS Block in Round 89 with having 60000 TXs
this round time: 0.35149312019348145
Node 10 counting so-far tps: 163123.118588, latency 0.362031
10 start to run round 90 C: [0, 1, 2, 3, 4, 5, 6, 7, 8, 9, 10, 11] N: 12
Node 10 Delivers ACS Block in Round 90 with having 60000 TXs
this round time: 0.3436157703399658
Node 10 counting so-far tps: 163193.953564, latency 0.361937
10 start to run round 91 C: [0, 1, 2, 3, 4, 5, 6, 7, 8, 9, 10, 11] N: 12
Node 10 Delivers ACS Block in Round 91 with having 60000 TXs
this round time: 0.3510148525238037
Node 10 counting so-far tps: 163226.878568, latency 0.361926
10 start to run round 92 C: [0, 1, 2, 3, 4, 5, 6, 7, 8, 9, 10, 11] N: 12
Node 10 Delivers ACS Block in Round 92 with having 60000 TXs
this round time: 0.3488585948944092
Node 10 counting so-far tps: 163269.776776, latency 0.361892
10 start to run round 93 C: [0, 1, 2, 3, 4, 5, 6, 7, 8, 9, 10, 11] N: 12
Node 10 Delivers ACS Block in Round 93 with having 60000 TXs
this round time: 0.3467130661010742
Node 10 counting so-far tps: 163321.747918, latency 0.361836
10 start to run round 94 C: [0, 1, 2, 3, 4, 5, 6, 7, 8, 9, 10, 11] N: 12
Node 10 Delivers ACS Block in Round 94 with having 60000 TXs
this round time: 0.3519155979156494
Node 10 counting so-far tps: 163347.310312, latency 0.361838
10 start to run round 95 C: [0, 1, 2, 3, 4, 5, 6, 7, 8, 9, 10, 11] N: 12
Node 10 Delivers ACS Block in Round 95 with having 60000 TXs
this round time: 0.3439290523529053
Node 10 counting so-far tps: 163409.575264, latency 0.361757
10 start to run round 96 C: [0, 1, 2, 3, 4, 5, 6, 7, 8, 9, 10, 11] N: 12
Node 10 Delivers ACS Block in Round 96 with having 60000 TXs
this round time: 0.3521702289581299
Node 10 counting so-far tps: 163432.737276, latency 0.361762
10 start to run round 97 C: [0, 1, 2, 3, 4, 5, 6, 7, 8, 9, 10, 11] N: 12
Node 10 Delivers ACS Block in Round 97 with having 60000 TXs
this round time: 0.3465158939361572
Node 10 counting so-far tps: 163482.406480, latency 0.361707
10 start to run round 98 C: [0, 1, 2, 3, 4, 5, 6, 7, 8, 9, 10, 11] N: 12
Node 10 Delivers ACS Block in Round 98 with having 60000 TXs
this round time: 0.35775184631347656
Node 10 counting so-far tps: 163479.542921, latency 0.361766
10 start to run round 99 C: [0, 1, 2, 3, 4, 5, 6, 7, 8, 9, 10, 11] N: 12
Node 10 Delivers ACS Block in Round 99 with having 60000 TXs
this round time: 0.348926305770874
Node 10 counting so-far tps: 163516.126326, latency 0.361738
10 start to run round 100 C: [0, 1, 2, 3, 4, 5, 6, 7, 8, 9, 10, 11] N: 12
Node 10 Delivers ACS Block in Round 100 with having 60000 TXs
this round time: 0.3508107662200928
Node 10 counting so-far tps: 163547.146253, latency 0.361721
10 start to run round 101 C: [0, 1, 2, 3, 4, 5, 6, 7, 8, 9, 10, 11] N: 12
Node 10 Delivers ACS Block in Round 101 with having 60000 TXs
this round time: 0.3521900177001953
Node 10 counting so-far tps: 163569.154229, latency 0.361723
10 start to run round 102 C: [0, 1, 2, 3, 4, 5, 6, 7, 8, 9, 10, 11] N: 12
Node 10 Delivers ACS Block in Round 102 with having 60000 TXs
this round time: 0.35075974464416504
Node 10 counting so-far tps: 163595.886360, latency 0.361713
10 start to run round 103 C: [0, 1, 2, 3, 4, 5, 6, 7, 8, 9, 10, 11] N: 12
Node 10 Delivers ACS Block in Round 103 with having 60000 TXs
this round time: 0.34850168228149414
Node 10 counting so-far tps: 163632.614810, latency 0.361680
10 start to run round 104 C: [0, 1, 2, 3, 4, 5, 6, 7, 8, 9, 10, 11] N: 12
Node 10 Delivers ACS Block in Round 104 with having 60000 TXs
this round time: 0.34655308723449707
Node 10 counting so-far tps: 163676.444946, latency 0.361631
10 start to run round 105 C: [0, 1, 2, 3, 4, 5, 6, 7, 8, 9, 10, 11] N: 12
Node 10 Delivers ACS Block in Round 105 with having 60000 TXs
this round time: 0.351794958114624
Node 10 counting so-far tps: 163697.788565, latency 0.361631
10 start to run round 106 C: [0, 1, 2, 3, 4, 5, 6, 7, 8, 9, 10, 11] N: 12
Node 10 Delivers ACS Block in Round 106 with having 60000 TXs
this round time: 0.3507497310638428
Node 10 counting so-far tps: 163722.345764, latency 0.361622
10 start to run round 107 C: [0, 1, 2, 3, 4, 5, 6, 7, 8, 9, 10, 11] N: 12
Node 10 Delivers ACS Block in Round 107 with having 60000 TXs
this round time: 0.3513820171356201
Node 10 counting so-far tps: 163744.927882, latency 0.361617
10 start to run round 108 C: [0, 1, 2, 3, 4, 5, 6, 7, 8, 9, 10, 11] N: 12
Node 10 Delivers ACS Block in Round 108 with having 60000 TXs
this round time: 0.3538510799407959
Node 10 counting so-far tps: 163757.852518, latency 0.361633
10 start to run round 109 C: [0, 1, 2, 3, 4, 5, 6, 7, 8, 9, 10, 11] N: 12
Node 10 Delivers ACS Block in Round 109 with having 60000 TXs
this round time: 0.352344274520874
Node 10 counting so-far tps: 163776.859339, latency 0.361634
10 start to run round 110 C: [0, 1, 2, 3, 4, 5, 6, 7, 8, 9, 10, 11] N: 12
Node 10 Delivers ACS Block in Round 110 with having 60000 TXs
this round time: 0.34488415718078613
Node 10 counting so-far tps: 163824.702752, latency 0.361571
10 start to run round 111 C: [0, 1, 2, 3, 4, 5, 6, 7, 8, 9, 10, 11] N: 12
Node 10 Delivers ACS Block in Round 111 with having 60000 TXs
this round time: 0.3573606014251709
Node 10 counting so-far tps: 163822.900715, latency 0.361617
10 start to run round 112 C: [0, 1, 2, 3, 4, 5, 6, 7, 8, 9, 10, 11] N: 12
Node 10 Delivers ACS Block in Round 112 with having 60000 TXs
this round time: 0.348538875579834
Node 10 counting so-far tps: 163854.783948, latency 0.361587
10 start to run round 113 C: [0, 1, 2, 3, 4, 5, 6, 7, 8, 9, 10, 11] N: 12
Node 10 Delivers ACS Block in Round 113 with having 60000 TXs
this round time: 0.36478590965270996
Node 10 counting so-far tps: 163821.114834, latency 0.361702
10 start to run round 114 C: [0, 1, 2, 3, 4, 5, 6, 7, 8, 9, 10, 11] N: 12
Node 10 Delivers ACS Block in Round 114 with having 60000 TXs
this round time: 0.3576350212097168
Node 10 counting so-far tps: 163817.935884, latency 0.361748
10 start to run round 115 C: [0, 1, 2, 3, 4, 5, 6, 7, 8, 9, 10, 11] N: 12
Node 10 Delivers ACS Block in Round 115 with having 60000 TXs
this round time: 0.3478109836578369
Node 10 counting so-far tps: 163852.233059, latency 0.361712
10 start to run round 116 C: [0, 1, 2, 3, 4, 5, 6, 7, 8, 9, 10, 11] N: 12
Node 10 Delivers ACS Block in Round 116 with having 60000 TXs
this round time: 0.34916210174560547
Node 10 counting so-far tps: 163879.719158, latency 0.361689
10 start to run round 117 C: [0, 1, 2, 3, 4, 5, 6, 7, 8, 9, 10, 11] N: 12
Node 10 Delivers ACS Block in Round 117 with having 60000 TXs
this round time: 0.3468801975250244
Node 10 counting so-far tps: 163915.986161, latency 0.361647
10 start to run round 118 C: [0, 1, 2, 3, 4, 5, 6, 7, 8, 9, 10, 11] N: 12
Node 10 Delivers ACS Block in Round 118 with having 60000 TXs
this round time: 0.35462284088134766
Node 10 counting so-far tps: 163922.914455, latency 0.361668
10 start to run round 119 C: [0, 1, 2, 3, 4, 5, 6, 7, 8, 9, 10, 11] N: 12
Node 10 Delivers ACS Block in Round 119 with having 60000 TXs
this round time: 0.34812164306640625
Node 10 counting so-far tps: 163953.148051, latency 0.361638
10 start to run round 120 C: [0, 1, 2, 3, 4, 5, 6, 7, 8, 9, 10, 11] N: 12
Node 10 Delivers ACS Block in Round 120 with having 60000 TXs
this round time: 0.3470470905303955
Node 10 counting so-far tps: 163987.838143, latency 0.361597
10 start to run round 121 C: [0, 1, 2, 3, 4, 5, 6, 7, 8, 9, 10, 11] N: 12
Node 10 Delivers ACS Block in Round 121 with having 60000 TXs
this round time: 0.34497785568237305
Node 10 counting so-far tps: 164028.870190, latency 0.361542
10 start to run round 122 C: [0, 1, 2, 3, 4, 5, 6, 7, 8, 9, 10, 11] N: 12
Node 10 Delivers ACS Block in Round 122 with having 60000 TXs
this round time: 0.3493790626525879
Node 10 counting so-far tps: 164053.159652, latency 0.361523
10 start to run round 123 C: [0, 1, 2, 3, 4, 5, 6, 7, 8, 9, 10, 11] N: 12
Node 10 Delivers ACS Block in Round 123 with having 60000 TXs
this round time: 0.34775805473327637
Node 10 counting so-far tps: 164082.856361, latency 0.361491
10 start to run round 124 C: [0, 1, 2, 3, 4, 5, 6, 7, 8, 9, 10, 11] N: 12
Node 10 Delivers ACS Block in Round 124 with having 60000 TXs
this round time: 0.35697317123413086
Node 10 counting so-far tps: 164080.194097, latency 0.361531
10 start to run round 125 C: [0, 1, 2, 3, 4, 5, 6, 7, 8, 9, 10, 11] N: 12
Node 10 Delivers ACS Block in Round 125 with having 60000 TXs
this round time: 0.3467526435852051
Node 10 counting so-far tps: 164113.127090, latency 0.361491
10 start to run round 126 C: [0, 1, 2, 3, 4, 5, 6, 7, 8, 9, 10, 11] N: 12
Node 10 Delivers ACS Block in Round 126 with having 60000 TXs
this round time: 0.3507411479949951
Node 10 counting so-far tps: 164131.841655, latency 0.361482
10 start to run round 127 C: [0, 1, 2, 3, 4, 5, 6, 7, 8, 9, 10, 11] N: 12
Node 10 Delivers ACS Block in Round 127 with having 60000 TXs
this round time: 0.3492913246154785
Node 10 counting so-far tps: 164154.399341, latency 0.361464
10 start to run round 128 C: [0, 1, 2, 3, 4, 5, 6, 7, 8, 9, 10, 11] N: 12
Node 10 Delivers ACS Block in Round 128 with having 60000 TXs
this round time: 0.34561705589294434
Node 10 counting so-far tps: 164190.112156, latency 0.361417
10 start to run round 129 C: [0, 1, 2, 3, 4, 5, 6, 7, 8, 9, 10, 11] N: 12
Node 10 Delivers ACS Block in Round 129 with having 60000 TXs
this round time: 0.3468296527862549
Node 10 counting so-far tps: 164220.861624, latency 0.361380
10 start to run round 130 C: [0, 1, 2, 3, 4, 5, 6, 7, 8, 9, 10, 11] N: 12
Node 10 Delivers ACS Block in Round 130 with having 60000 TXs
this round time: 0.34348535537719727
Node 10 counting so-far tps: 164261.571414, latency 0.361321
10 start to run round 131 C: [0, 1, 2, 3, 4, 5, 6, 7, 8, 9, 10, 11] N: 12
Node 10 Delivers ACS Block in Round 131 with having 60000 TXs
this round time: 0.35098934173583984
Node 10 counting so-far tps: 164277.607319, latency 0.361316
10 start to run round 132 C: [0, 1, 2, 3, 4, 5, 6, 7, 8, 9, 10, 11] N: 12
Node 10 Delivers ACS Block in Round 132 with having 60000 TXs
this round time: 0.34028148651123047
Node 10 counting so-far tps: 164330.053372, latency 0.361230
10 start to run round 133 C: [0, 1, 2, 3, 4, 5, 6, 7, 8, 9, 10, 11] N: 12
Node 10 Delivers ACS Block in Round 133 with having 60000 TXs
this round time: 0.35224437713623047
Node 10 counting so-far tps: 164339.598092, latency 0.361238
10 start to run round 134 C: [0, 1, 2, 3, 4, 5, 6, 7, 8, 9, 10, 11] N: 12
Node 10 Delivers ACS Block in Round 134 with having 60000 TXs
this round time: 0.34575843811035156
Node 10 counting so-far tps: 164372.076732, latency 0.361195
10 start to run round 135 C: [0, 1, 2, 3, 4, 5, 6, 7, 8, 9, 10, 11] N: 12
Node 10 Delivers ACS Block in Round 135 with having 60000 TXs
this round time: 0.34775710105895996
Node 10 counting so-far tps: 164396.872137, latency 0.361169
10 start to run round 136 C: [0, 1, 2, 3, 4, 5, 6, 7, 8, 9, 10, 11] N: 12
Node 10 Delivers ACS Block in Round 136 with having 60000 TXs
this round time: 0.34888625144958496
Node 10 counting so-far tps: 164418.002830, latency 0.361150
10 start to run round 137 C: [0, 1, 2, 3, 4, 5, 6, 7, 8, 9, 10, 11] N: 12
Node 10 Delivers ACS Block in Round 137 with having 60000 TXs
this round time: 0.3540632724761963
Node 10 counting so-far tps: 164422.373652, latency 0.361168
10 start to run round 138 C: [0, 1, 2, 3, 4, 5, 6, 7, 8, 9, 10, 11] N: 12
Node 10 Delivers ACS Block in Round 138 with having 60000 TXs
this round time: 0.35170793533325195
Node 10 counting so-far tps: 164433.913715, latency 0.361169
10 start to run round 139 C: [0, 1, 2, 3, 4, 5, 6, 7, 8, 9, 10, 11] N: 12
Node 10 Delivers ACS Block in Round 139 with having 60000 TXs
this round time: 0.3406977653503418
Node 10 counting so-far tps: 164481.256214, latency 0.361092
10 start to run round 140 C: [0, 1, 2, 3, 4, 5, 6, 7, 8, 9, 10, 11] N: 12
Node 10 Delivers ACS Block in Round 140 with having 60000 TXs
this round time: 0.34958839416503906
Node 10 counting so-far tps: 164498.353253, latency 0.361081
10 start to run round 141 C: [0, 1, 2, 3, 4, 5, 6, 7, 8, 9, 10, 11] N: 12
Node 10 Delivers ACS Block in Round 141 with having 60000 TXs
this round time: 0.3511524200439453
Node 10 counting so-far tps: 164511.533985, latency 0.361077
10 start to run round 142 C: [0, 1, 2, 3, 4, 5, 6, 7, 8, 9, 10, 11] N: 12
Node 10 Delivers ACS Block in Round 142 with having 60000 TXs
this round time: 0.3504176139831543
Node 10 counting so-far tps: 164527.495729, latency 0.361068
10 start to run round 143 C: [0, 1, 2, 3, 4, 5, 6, 7, 8, 9, 10, 11] N: 12
Node 10 Delivers ACS Block in Round 143 with having 60000 TXs
this round time: 0.3475046157836914
Node 10 counting so-far tps: 164551.198865, latency 0.361041
10 start to run round 144 C: [0, 1, 2, 3, 4, 5, 6, 7, 8, 9, 10, 11] N: 12
Node 10 Delivers ACS Block in Round 144 with having 60000 TXs
this round time: 0.3478708267211914
Node 10 counting so-far tps: 164573.035930, latency 0.361018
10 start to run round 145 C: [0, 1, 2, 3, 4, 5, 6, 7, 8, 9, 10, 11] N: 12
Node 10 Delivers ACS Block in Round 145 with having 60000 TXs
this round time: 0.35665273666381836
Node 10 counting so-far tps: 164569.426863, latency 0.361050
10 start to run round 146 C: [0, 1, 2, 3, 4, 5, 6, 7, 8, 9, 10, 11] N: 12
Node 10 Delivers ACS Block in Round 146 with having 60000 TXs
this round time: 0.35144686698913574
Node 10 counting so-far tps: 164582.055190, latency 0.361046
10 start to run round 147 C: [0, 1, 2, 3, 4, 5, 6, 7, 8, 9, 10, 11] N: 12
Node 10 Delivers ACS Block in Round 147 with having 60000 TXs
this round time: 0.3452136516571045
Node 10 counting so-far tps: 164612.344169, latency 0.361004
10 start to run round 148 C: [0, 1, 2, 3, 4, 5, 6, 7, 8, 9, 10, 11] N: 12
Node 10 Delivers ACS Block in Round 148 with having 60000 TXs
this round time: 0.35387325286865234
Node 10 counting so-far tps: 164615.634846, latency 0.361020
10 start to run round 149 C: [0, 1, 2, 3, 4, 5, 6, 7, 8, 9, 10, 11] N: 12
Node 10 Delivers ACS Block in Round 149 with having 60000 TXs
this round time: 0.35334110260009766
Node 10 counting so-far tps: 164620.957744, latency 0.361031
10 start to run round 150 C: [0, 1, 2, 3, 4, 5, 6, 7, 8, 9, 10, 11] N: 12
Node 10 Delivers ACS Block in Round 150 with having 60000 TXs
this round time: 0.35561609268188477
Node 10 counting so-far tps: 164618.914138, latency 0.361059
10 start to run round 151 C: [0, 1, 2, 3, 4, 5, 6, 7, 8, 9, 10, 11] N: 12
Node 10 Delivers ACS Block in Round 151 with having 60000 TXs
this round time: 0.3566474914550781
Node 10 counting so-far tps: 164614.622340, latency 0.361091
10 start to run round 152 C: [0, 1, 2, 3, 4, 5, 6, 7, 8, 9, 10, 11] N: 12
Node 10 Delivers ACS Block in Round 152 with having 60000 TXs
this round time: 0.3449997901916504
Node 10 counting so-far tps: 164632.665926, latency 0.361073
10 start to run round 153 C: [0, 1, 2, 3, 4, 5, 6, 7, 8, 9, 10, 11] N: 12
Node 10 Delivers ACS Block in Round 153 with having 60000 TXs
this round time: 0.3488295078277588
Node 10 counting so-far tps: 164651.423640, latency 0.361054
10 start to run round 154 C: [0, 1, 2, 3, 4, 5, 6, 7, 8, 9, 10, 11] N: 12
Node 10 Delivers ACS Block in Round 154 with having 60000 TXs
this round time: 0.3447144031524658
Node 10 counting so-far tps: 164680.460648, latency 0.361012
10 start to run round 155 C: [0, 1, 2, 3, 4, 5, 6, 7, 8, 9, 10, 11] N: 12
Node 10 Delivers ACS Block in Round 155 with having 60000 TXs
this round time: 0.35088562965393066
Node 10 counting so-far tps: 164692.098495, latency 0.361008
10 start to run round 156 C: [0, 1, 2, 3, 4, 5, 6, 7, 8, 9, 10, 11] N: 12
Node 10 Delivers ACS Block in Round 156 with having 60000 TXs
this round time: 0.34484267234802246
Node 10 counting so-far tps: 164719.588237, latency 0.360969
10 start to run round 157 C: [0, 1, 2, 3, 4, 5, 6, 7, 8, 9, 10, 11] N: 12
Node 10 Delivers ACS Block in Round 157 with having 60000 TXs
this round time: 0.3755455017089844
Node 10 counting so-far tps: 164659.206802, latency 0.361122
10 start to run round 158 C: [0, 1, 2, 3, 4, 5, 6, 7, 8, 9, 10, 11] N: 12
Node 10 Delivers ACS Block in Round 158 with having 60000 TXs
this round time: 0.32237958908081055
Node 10 counting so-far tps: 164751.854084, latency 0.360939
10 start to run round 159 C: [0, 1, 2, 3, 4, 5, 6, 7, 8, 9, 10, 11] N: 12
Node 10 Delivers ACS Block in Round 159 with having 60000 TXs
this round time: 0.3520662784576416
Node 10 counting so-far tps: 164758.709183, latency 0.360945
10 start to run round 160 C: [0, 1, 2, 3, 4, 5, 6, 7, 8, 9, 10, 11] N: 12
Node 10 Delivers ACS Block in Round 160 with having 60000 TXs
this round time: 0.35370659828186035
Node 10 counting so-far tps: 164761.654325, latency 0.360958
10 start to run round 161 C: [0, 1, 2, 3, 4, 5, 6, 7, 8, 9, 10, 11] N: 12
Node 10 Delivers ACS Block in Round 161 with having 60000 TXs
this round time: 0.3540687561035156
Node 10 counting so-far tps: 164763.359770, latency 0.360974
10 start to run round 162 C: [0, 1, 2, 3, 4, 5, 6, 7, 8, 9, 10, 11] N: 12
Node 10 Delivers ACS Block in Round 162 with having 60000 TXs
this round time: 0.35082530975341797
Node 10 counting so-far tps: 164773.774932, latency 0.360971
10 start to run round 163 C: [0, 1, 2, 3, 4, 5, 6, 7, 8, 9, 10, 11] N: 12
Node 10 Delivers ACS Block in Round 163 with having 60000 TXs
this round time: 0.35265398025512695
Node 10 counting so-far tps: 164779.202790, latency 0.360978
10 start to run round 164 C: [0, 1, 2, 3, 4, 5, 6, 7, 8, 9, 10, 11] N: 12
Node 10 Delivers ACS Block in Round 164 with having 60000 TXs
this round time: 0.35667943954467773
Node 10 counting so-far tps: 164772.895761, latency 0.361011
10 start to run round 165 C: [0, 1, 2, 3, 4, 5, 6, 7, 8, 9, 10, 11] N: 12
Node 10 Delivers ACS Block in Round 165 with having 60000 TXs
this round time: 0.35275840759277344
Node 10 counting so-far tps: 164778.487139, latency 0.361018
10 start to run round 166 C: [0, 1, 2, 3, 4, 5, 6, 7, 8, 9, 10, 11] N: 12
Node 10 Delivers ACS Block in Round 166 with having 60000 TXs
this round time: 0.35542988777160645
Node 10 counting so-far tps: 164775.787519, latency 0.361042
10 start to run round 167 C: [0, 1, 2, 3, 4, 5, 6, 7, 8, 9, 10, 11] N: 12
Node 10 Delivers ACS Block in Round 167 with having 60000 TXs
this round time: 0.36163330078125
Node 10 counting so-far tps: 164756.990694, latency 0.361102
10 start to run round 168 C: [0, 1, 2, 3, 4, 5, 6, 7, 8, 9, 10, 11] N: 12
Node 10 Delivers ACS Block in Round 168 with having 60000 TXs
this round time: 0.35295653343200684
Node 10 counting so-far tps: 164763.556806, latency 0.361106
10 start to run round 169 C: [0, 1, 2, 3, 4, 5, 6, 7, 8, 9, 10, 11] N: 12
Node 10 Delivers ACS Block in Round 169 with having 60000 TXs
this round time: 0.353564977645874
Node 10 counting so-far tps: 164768.436773, latency 0.361113
10 start to run round 170 C: [0, 1, 2, 3, 4, 5, 6, 7, 8, 9, 10, 11] N: 12
Node 10 Delivers ACS Block in Round 170 with having 60000 TXs
this round time: 0.351259708404541
Node 10 counting so-far tps: 164778.419679, latency 0.361109
10 start to run round 171 C: [0, 1, 2, 3, 4, 5, 6, 7, 8, 9, 10, 11] N: 12
Node 10 Delivers ACS Block in Round 171 with having 60000 TXs
this round time: 0.34367966651916504
Node 10 counting so-far tps: 164807.880219, latency 0.361062
10 start to run round 172 C: [0, 1, 2, 3, 4, 5, 6, 7, 8, 9, 10, 11] N: 12
Node 10 Delivers ACS Block in Round 172 with having 60000 TXs
this round time: 0.36681389808654785
Node 10 counting so-far tps: 164774.994560, latency 0.361151
10 start to run round 173 C: [0, 1, 2, 3, 4, 5, 6, 7, 8, 9, 10, 11] N: 12
Node 10 Delivers ACS Block in Round 173 with having 60000 TXs
this round time: 0.34561705589294434
Node 10 counting so-far tps: 164799.168361, latency 0.361115
10 start to run round 174 C: [0, 1, 2, 3, 4, 5, 6, 7, 8, 9, 10, 11] N: 12
Node 10 Delivers ACS Block in Round 174 with having 60000 TXs
this round time: 0.35229945182800293
Node 10 counting so-far tps: 164804.236193, latency 0.361121
10 start to run round 175 C: [0, 1, 2, 3, 4, 5, 6, 7, 8, 9, 10, 11] N: 12
Node 10 Delivers ACS Block in Round 175 with having 60000 TXs
this round time: 0.3513939380645752
Node 10 counting so-far tps: 164812.375190, latency 0.361120
10 start to run round 176 C: [0, 1, 2, 3, 4, 5, 6, 7, 8, 9, 10, 11] N: 12
Node 10 Delivers ACS Block in Round 176 with having 60000 TXs
this round time: 0.3474431037902832
Node 10 counting so-far tps: 164829.711057, latency 0.361099
10 start to run round 177 C: [0, 1, 2, 3, 4, 5, 6, 7, 8, 9, 10, 11] N: 12
Node 10 Delivers ACS Block in Round 177 with having 60000 TXs
this round time: 0.3514683246612549
Node 10 counting so-far tps: 164836.519754, latency 0.361100
10 start to run round 178 C: [0, 1, 2, 3, 4, 5, 6, 7, 8, 9, 10, 11] N: 12
Node 10 Delivers ACS Block in Round 178 with having 60000 TXs
this round time: 0.3486323356628418
Node 10 counting so-far tps: 164850.116113, latency 0.361086
10 start to run round 179 C: [0, 1, 2, 3, 4, 5, 6, 7, 8, 9, 10, 11] N: 12
Node 10 Delivers ACS Block in Round 179 with having 60000 TXs
this round time: 0.34618568420410156
Node 10 counting so-far tps: 164870.104571, latency 0.361059
10 start to run round 180 C: [0, 1, 2, 3, 4, 5, 6, 7, 8, 9, 10, 11] N: 12
Node 10 Delivers ACS Block in Round 180 with having 60000 TXs
this round time: 0.352567195892334
Node 10 counting so-far tps: 164874.714353, latency 0.361064
10 start to run round 181 C: [0, 1, 2, 3, 4, 5, 6, 7, 8, 9, 10, 11] N: 12
Node 10 Delivers ACS Block in Round 181 with having 60000 TXs
this round time: 0.3477785587310791
Node 10 counting so-far tps: 164890.639239, latency 0.361045
10 start to run round 182 C: [0, 1, 2, 3, 4, 5, 6, 7, 8, 9, 10, 11] N: 12
Node 10 Delivers ACS Block in Round 182 with having 60000 TXs
this round time: 0.34981679916381836
Node 10 counting so-far tps: 164900.605229, latency 0.361039
10 start to run round 183 C: [0, 1, 2, 3, 4, 5, 6, 7, 8, 9, 10, 11] N: 12
Node 10 Delivers ACS Block in Round 183 with having 60000 TXs
this round time: 0.3473947048187256
Node 10 counting so-far tps: 164917.380677, latency 0.361017
10 start to run round 184 C: [0, 1, 2, 3, 4, 5, 6, 7, 8, 9, 10, 11] N: 12
Node 10 Delivers ACS Block in Round 184 with having 60000 TXs
this round time: 0.35277724266052246
Node 10 counting so-far tps: 164920.959146, latency 0.361025
10 start to run round 185 C: [0, 1, 2, 3, 4, 5, 6, 7, 8, 9, 10, 11] N: 12
Node 10 Delivers ACS Block in Round 185 with having 60000 TXs
this round time: 0.355175256729126
Node 10 counting so-far tps: 164918.301726, latency 0.361046
10 start to run round 186 C: [0, 1, 2, 3, 4, 5, 6, 7, 8, 9, 10, 11] N: 12
Node 10 Delivers ACS Block in Round 186 with having 60000 TXs
this round time: 0.352017879486084
Node 10 counting so-far tps: 164923.008462, latency 0.361050
10 start to run round 187 C: [0, 1, 2, 3, 4, 5, 6, 7, 8, 9, 10, 11] N: 12
Node 10 Delivers ACS Block in Round 187 with having 60000 TXs
this round time: 0.3521840572357178
Node 10 counting so-far tps: 164929.280692, latency 0.361051
10 start to run round 188 C: [0, 1, 2, 3, 4, 5, 6, 7, 8, 9, 10, 11] N: 12
Node 10 Delivers ACS Block in Round 188 with having 60000 TXs
this round time: 0.3561396598815918
Node 10 counting so-far tps: 164923.521803, latency 0.361078
10 start to run round 189 C: [0, 1, 2, 3, 4, 5, 6, 7, 8, 9, 10, 11] N: 12
Node 10 Delivers ACS Block in Round 189 with having 60000 TXs
this round time: 0.3496835231781006
Node 10 counting so-far tps: 164934.704105, latency 0.361068
10 start to run round 190 C: [0, 1, 2, 3, 4, 5, 6, 7, 8, 9, 10, 11] N: 12
Node 10 Delivers ACS Block in Round 190 with having 60000 TXs
this round time: 0.34795403480529785
Node 10 counting so-far tps: 164948.880746, latency 0.361051
10 start to run round 191 C: [0, 1, 2, 3, 4, 5, 6, 7, 8, 9, 10, 11] N: 12
Node 10 Delivers ACS Block in Round 191 with having 60000 TXs
this round time: 0.35103797912597656
Node 10 counting so-far tps: 164956.005115, latency 0.361050
10 start to run round 192 C: [0, 1, 2, 3, 4, 5, 6, 7, 8, 9, 10, 11] N: 12
Node 10 Delivers ACS Block in Round 192 with having 60000 TXs
this round time: 0.36378979682922363
Node 10 counting so-far tps: 164932.471932, latency 0.361115
10 start to run round 193 C: [0, 1, 2, 3, 4, 5, 6, 7, 8, 9, 10, 11] N: 12
Node 10 Delivers ACS Block in Round 193 with having 60000 TXs
this round time: 0.3359794616699219
Node 10 counting so-far tps: 164976.287790, latency 0.361033
10 start to run round 194 C: [0, 1, 2, 3, 4, 5, 6, 7, 8, 9, 10, 11] N: 12
Node 10 Delivers ACS Block in Round 194 with having 60000 TXs
this round time: 0.3513824939727783
Node 10 counting so-far tps: 164983.087036, latency 0.361032
10 start to run round 195 C: [0, 1, 2, 3, 4, 5, 6, 7, 8, 9, 10, 11] N: 12
Node 10 Delivers ACS Block in Round 195 with having 60000 TXs
this round time: 0.35513854026794434
Node 10 counting so-far tps: 164981.129229, latency 0.361049
10 start to run round 196 C: [0, 1, 2, 3, 4, 5, 6, 7, 8, 9, 10, 11] N: 12
Node 10 Delivers ACS Block in Round 196 with having 60000 TXs
this round time: 0.3491246700286865
Node 10 counting so-far tps: 164992.860260, latency 0.361037
10 start to run round 197 C: [0, 1, 2, 3, 4, 5, 6, 7, 8, 9, 10, 11] N: 12
Node 10 Delivers ACS Block in Round 197 with having 60000 TXs
this round time: 0.3570699691772461
Node 10 counting so-far tps: 164986.734630, latency 0.361064
10 start to run round 198 C: [0, 1, 2, 3, 4, 5, 6, 7, 8, 9, 10, 11] N: 12
Node 10 Delivers ACS Block in Round 198 with having 60000 TXs
this round time: 0.35404467582702637
Node 10 counting so-far tps: 164987.056024, latency 0.361076
10 start to run round 199 C: [0, 1, 2, 3, 4, 5, 6, 7, 8, 9, 10, 11] N: 12
Node 10 Delivers ACS Block in Round 199 with having 60000 TXs
this round time: 0.35517001152038574
Node 10 counting so-far tps: 164985.119207, latency 0.361093
10 start to run round 200 C: [0, 1, 2, 3, 4, 5, 6, 7, 8, 9, 10, 11] N: 12
Node 10 Delivers ACS Block in Round 200 with having 60000 TXs
this round time: 0.3417212963104248
Node 10 counting so-far tps: 165014.466892, latency 0.361042
10 start to run round 201 C: [0, 1, 2, 3, 4, 5, 6, 7, 8, 9, 10, 11] N: 12
Node 10 Delivers ACS Block in Round 201 with having 60000 TXs
this round time: 0.35454869270324707
Node 10 counting so-far tps: 165015.239224, latency 0.361053
10 start to run round 202 C: [0, 1, 2, 3, 4, 5, 6, 7, 8, 9, 10, 11] N: 12
Node 10 Delivers ACS Block in Round 202 with having 60000 TXs
this round time: 0.3526611328125
Node 10 counting so-far tps: 165019.641655, latency 0.361056
10 start to run round 203 C: [0, 1, 2, 3, 4, 5, 6, 7, 8, 9, 10, 11] N: 12
Node 10 Delivers ACS Block in Round 203 with having 60000 TXs
this round time: 0.34949636459350586
Node 10 counting so-far tps: 165030.566597, latency 0.361044
10 start to run round 204 C: [0, 1, 2, 3, 4, 5, 6, 7, 8, 9, 10, 11] N: 12
Node 10 Delivers ACS Block in Round 204 with having 60000 TXs
this round time: 0.3468139171600342
Node 10 counting so-far tps: 165046.936866, latency 0.361021
10 start to run round 205 C: [0, 1, 2, 3, 4, 5, 6, 7, 8, 9, 10, 11] N: 12
Node 10 Delivers ACS Block in Round 205 with having 60000 TXs
this round time: 0.3507812023162842
Node 10 counting so-far tps: 165054.675617, latency 0.361016
10 start to run round 206 C: [0, 1, 2, 3, 4, 5, 6, 7, 8, 9, 10, 11] N: 12
Node 10 Delivers ACS Block in Round 206 with having 60000 TXs
this round time: 0.352156400680542
Node 10 counting so-far tps: 165058.482400, latency 0.361020
10 start to run round 207 C: [0, 1, 2, 3, 4, 5, 6, 7, 8, 9, 10, 11] N: 12
Node 10 Delivers ACS Block in Round 207 with having 60000 TXs
this round time: 0.3506283760070801
Node 10 counting so-far tps: 165066.799979, latency 0.361014
10 start to run round 208 C: [0, 1, 2, 3, 4, 5, 6, 7, 8, 9, 10, 11] N: 12
Node 10 Delivers ACS Block in Round 208 with having 60000 TXs
this round time: 0.3506202697753906
Node 10 counting so-far tps: 165074.693453, latency 0.361008
10 start to run round 209 C: [0, 1, 2, 3, 4, 5, 6, 7, 8, 9, 10, 11] N: 12
Node 10 Delivers ACS Block in Round 209 with having 60000 TXs
this round time: 0.35253095626831055
Node 10 counting so-far tps: 165078.920950, latency 0.361011
10 start to run round 210 C: [0, 1, 2, 3, 4, 5, 6, 7, 8, 9, 10, 11] N: 12
Node 10 Delivers ACS Block in Round 210 with having 60000 TXs
this round time: 0.3383171558380127
Node 10 counting so-far tps: 165112.809885, latency 0.360948
10 start to run round 211 C: [0, 1, 2, 3, 4, 5, 6, 7, 8, 9, 10, 11] N: 12
Node 10 Delivers ACS Block in Round 211 with having 60000 TXs
this round time: 0.34792327880859375
Node 10 counting so-far tps: 165126.163715, latency 0.360930
10 start to run round 212 C: [0, 1, 2, 3, 4, 5, 6, 7, 8, 9, 10, 11] N: 12
Node 10 Delivers ACS Block in Round 212 with having 60000 TXs
this round time: 0.34498047828674316
Node 10 counting so-far tps: 165144.949586, latency 0.360901
10 start to run round 213 C: [0, 1, 2, 3, 4, 5, 6, 7, 8, 9, 10, 11] N: 12
Node 10 Delivers ACS Block in Round 213 with having 60000 TXs
this round time: 0.34214353561401367
Node 10 counting so-far tps: 165170.196535, latency 0.360857
10 start to run round 214 C: [0, 1, 2, 3, 4, 5, 6, 7, 8, 9, 10, 11] N: 12
Node 10 Delivers ACS Block in Round 214 with having 60000 TXs
this round time: 0.34137392044067383
Node 10 counting so-far tps: 165196.583483, latency 0.360810
10 start to run round 215 C: [0, 1, 2, 3, 4, 5, 6, 7, 8, 9, 10, 11] N: 12
Node 10 Delivers ACS Block in Round 215 with having 60000 TXs
this round time: 0.3532414436340332
Node 10 counting so-far tps: 165197.886531, latency 0.360819
10 start to run round 216 C: [0, 1, 2, 3, 4, 5, 6, 7, 8, 9, 10, 11] N: 12
Node 10 Delivers ACS Block in Round 216 with having 60000 TXs
this round time: 0.34764623641967773
Node 10 counting so-far tps: 165210.897311, latency 0.360801
10 start to run round 217 C: [0, 1, 2, 3, 4, 5, 6, 7, 8, 9, 10, 11] N: 12
Node 10 Delivers ACS Block in Round 217 with having 60000 TXs
this round time: 0.3491802215576172
Node 10 counting so-far tps: 165220.820973, latency 0.360790
10 start to run round 218 C: [0, 1, 2, 3, 4, 5, 6, 7, 8, 9, 10, 11] N: 12
Node 10 Delivers ACS Block in Round 218 with having 60000 TXs
this round time: 0.34957194328308105
Node 10 counting so-far tps: 165229.732205, latency 0.360782
10 start to run round 219 C: [0, 1, 2, 3, 4, 5, 6, 7, 8, 9, 10, 11] N: 12
Node 10 Delivers ACS Block in Round 219 with having 60000 TXs
this round time: 0.3405437469482422
Node 10 counting so-far tps: 165257.551202, latency 0.360732
10 start to run round 220 C: [0, 1, 2, 3, 4, 5, 6, 7, 8, 9, 10, 11] N: 12
Node 10 Delivers ACS Block in Round 220 with having 60000 TXs
this round time: 0.34877490997314453
Node 10 counting so-far tps: 165267.813853, latency 0.360720
10 start to run round 221 C: [0, 1, 2, 3, 4, 5, 6, 7, 8, 9, 10, 11] N: 12
Node 10 Delivers ACS Block in Round 221 with having 60000 TXs
this round time: 0.350200891494751
Node 10 counting so-far tps: 165275.017451, latency 0.360715
10 start to run round 222 C: [0, 1, 2, 3, 4, 5, 6, 7, 8, 9, 10, 11] N: 12
Node 10 Delivers ACS Block in Round 222 with having 60000 TXs
this round time: 0.34226250648498535
Node 10 counting so-far tps: 165298.876524, latency 0.360673
10 start to run round 223 C: [0, 1, 2, 3, 4, 5, 6, 7, 8, 9, 10, 11] N: 12
Node 10 Delivers ACS Block in Round 223 with having 55000 TXs
this round time: 0.33144235610961914
Node 10 counting so-far tps: 165283.088308, latency 0.360583
10 start to run round 224 C: [0, 1, 2, 3, 4, 5, 6, 7, 8, 9, 10, 11] N: 12
Node 10 Delivers ACS Block in Round 224 with having 55000 TXs
this round time: 0.3472774028778076
Node 10 counting so-far tps: 165235.604507, latency 0.360563
10 start to run round 225 C: [0, 1, 2, 3, 4, 5, 6, 7, 8, 9, 10, 11] N: 12
Node 10 Delivers ACS Block in Round 225 with having 60000 TXs
this round time: 0.35834336280822754
Node 10 counting so-far tps: 165227.639141, latency 0.360591
10 start to run round 226 C: [0, 1, 2, 3, 4, 5, 6, 7, 8, 9, 10, 11] N: 12
Node 10 Delivers ACS Block in Round 226 with having 60000 TXs
this round time: 0.3522024154663086
Node 10 counting so-far tps: 165232.176050, latency 0.360593
10 start to run round 227 C: [0, 1, 2, 3, 4, 5, 6, 7, 8, 9, 10, 11] N: 12
Node 10 Delivers ACS Block in Round 227 with having 60000 TXs
this round time: 0.3796350955963135
Node 10 counting so-far tps: 165181.376261, latency 0.360715
10 start to run round 228 C: [0, 1, 2, 3, 4, 5, 6, 7, 8, 9, 10, 11] N: 12
Node 10 Delivers ACS Block in Round 228 with having 60000 TXs
this round time: 0.3338205814361572
Node 10 counting so-far tps: 165222.232552, latency 0.360636
10 start to run round 229 C: [0, 1, 2, 3, 4, 5, 6, 7, 8, 9, 10, 11] N: 12
Node 10 Delivers ACS Block in Round 229 with having 60000 TXs
this round time: 0.34905409812927246
Node 10 counting so-far tps: 165232.233971, latency 0.360625
10 start to run round 230 C: [0, 1, 2, 3, 4, 5, 6, 7, 8, 9, 10, 11] N: 12
Node 10 Delivers ACS Block in Round 230 with having 60000 TXs
this round time: 0.37129902839660645
Node 10 counting so-far tps: 165197.078265, latency 0.360713
10 start to run round 231 C: [0, 1, 2, 3, 4, 5, 6, 7, 8, 9, 10, 11] N: 12
Node 10 Delivers ACS Block in Round 231 with having 60000 TXs
this round time: 0.3612644672393799
Node 10 counting so-far tps: 165182.821243, latency 0.360755
10 start to run round 232 C: [0, 1, 2, 3, 4, 5, 6, 7, 8, 9, 10, 11] N: 12
Node 10 Delivers ACS Block in Round 232 with having 60000 TXs
this round time: 0.34073305130004883
Node 10 counting so-far tps: 165206.781504, latency 0.360713
10 start to run round 233 C: [0, 1, 2, 3, 4, 5, 6, 7, 8, 9, 10, 11] N: 12
Node 10 Delivers ACS Block in Round 233 with having 60000 TXs
this round time: 0.34960412979125977
Node 10 counting so-far tps: 165216.184936, latency 0.360703
10 start to run round 234 C: [0, 1, 2, 3, 4, 5, 6, 7, 8, 9, 10, 11] N: 12
Node 10 Delivers ACS Block in Round 234 with having 60000 TXs
this round time: 0.3466823101043701
Node 10 counting so-far tps: 165230.336261, latency 0.360683
10 start to run round 235 C: [0, 1, 2, 3, 4, 5, 6, 7, 8, 9, 10, 11] N: 12
Node 10 Delivers ACS Block in Round 235 with having 60000 TXs
this round time: 0.3484792709350586
Node 10 counting so-far tps: 165240.313725, latency 0.360671
10 start to run round 236 C: [0, 1, 2, 3, 4, 5, 6, 7, 8, 9, 10, 11] N: 12
Node 10 Delivers ACS Block in Round 236 with having 60000 TXs
this round time: 0.34899401664733887
Node 10 counting so-far tps: 165249.990056, latency 0.360661
10 start to run round 237 C: [0, 1, 2, 3, 4, 5, 6, 7, 8, 9, 10, 11] N: 12
Node 10 Delivers ACS Block in Round 237 with having 60000 TXs
this round time: 0.34666991233825684
Node 10 counting so-far tps: 165264.487808, latency 0.360639
10 start to run round 238 C: [0, 1, 2, 3, 4, 5, 6, 7, 8, 9, 10, 11] N: 12
Node 10 Delivers ACS Block in Round 238 with having 60000 TXs
this round time: 0.3572816848754883
Node 10 counting so-far tps: 165258.084869, latency 0.360663
10 start to run round 239 C: [0, 1, 2, 3, 4, 5, 6, 7, 8, 9, 10, 11] N: 12
Node 10 Delivers ACS Block in Round 239 with having 60000 TXs
this round time: 0.34749913215637207
Node 10 counting so-far tps: 165271.074985, latency 0.360645
10 start to run round 240 C: [0, 1, 2, 3, 4, 5, 6, 7, 8, 9, 10, 11] N: 12
Node 10 Delivers ACS Block in Round 240 with having 60000 TXs
this round time: 0.3293776512145996
Node 10 counting so-far tps: 165317.886449, latency 0.360553
10 start to run round 241 C: [0, 1, 2, 3, 4, 5, 6, 7, 8, 9, 10, 11] N: 12
Node 10 Delivers ACS Block in Round 241 with having 60000 TXs
this round time: 0.37304091453552246
Node 10 counting so-far tps: 165280.876141, latency 0.360643
10 start to run round 242 C: [0, 1, 2, 3, 4, 5, 6, 7, 8, 9, 10, 11] N: 12
Node 10 Delivers ACS Block in Round 242 with having 60000 TXs
this round time: 0.33310580253601074
Node 10 counting so-far tps: 165320.377876, latency 0.360567
10 start to run round 243 C: [0, 1, 2, 3, 4, 5, 6, 7, 8, 9, 10, 11] N: 12
Node 10 Delivers ACS Block in Round 243 with having 60000 TXs
this round time: 0.3641848564147949
Node 10 counting so-far tps: 165300.514876, latency 0.360620
10 start to run round 244 C: [0, 1, 2, 3, 4, 5, 6, 7, 8, 9, 10, 11] N: 12
Node 10 Delivers ACS Block in Round 244 with having 60000 TXs
this round time: 0.3472156524658203
Node 10 counting so-far tps: 165312.766042, latency 0.360603
10 start to run round 245 C: [0, 1, 2, 3, 4, 5, 6, 7, 8, 9, 10, 11] N: 12
Node 10 Delivers ACS Block in Round 245 with having 60000 TXs
this round time: 0.35240650177001953
Node 10 counting so-far tps: 165315.972499, latency 0.360605
10 start to run round 246 C: [0, 1, 2, 3, 4, 5, 6, 7, 8, 9, 10, 11] N: 12
Node 10 Delivers ACS Block in Round 246 with having 60000 TXs
this round time: 0.350313663482666
Node 10 counting so-far tps: 165323.082161, latency 0.360599
10 start to run round 247 C: [0, 1, 2, 3, 4, 5, 6, 7, 8, 9, 10, 11] N: 12
Node 10 Delivers ACS Block in Round 247 with having 60000 TXs
this round time: 0.3441581726074219
Node 10 counting so-far tps: 165341.195979, latency 0.360569
10 start to run round 248 C: [0, 1, 2, 3, 4, 5, 6, 7, 8, 9, 10, 11] N: 12
Node 10 Delivers ACS Block in Round 248 with having 60000 TXs
this round time: 0.32779645919799805
Node 10 counting so-far tps: 165389.426123, latency 0.360473
10 start to run round 249 C: [0, 1, 2, 3, 4, 5, 6, 7, 8, 9, 10, 11] N: 12
Node 10 Delivers ACS Block in Round 249 with having 60000 TXs
this round time: 0.37084460258483887
Node 10 counting so-far tps: 165357.588195, latency 0.360552
10 start to run round 250 C: [0, 1, 2, 3, 4, 5, 6, 7, 8, 9, 10, 11] N: 12
Node 10 Delivers ACS Block in Round 250 with having 60000 TXs
this round time: 0.35130810737609863
Node 10 counting so-far tps: 165362.491802, latency 0.360550
node 10 breaks in 90.505328 seconds with total delivered Txs 14965000, latency: 0.360579, tps: 165349.387192
10 set stop as true
