main
here debug =  False
here N =  9
m= 1
9
7 1 1
[0, 1, 2, 3, 4, 5, 6]
1 <class 'int'>
[7, 8]
[0, 1]
debug is  False
malicious in old [6]
malicious in old []
False
waiting for network ready...
0 start to run round 0 C: [0, 1, 2, 3, 4, 5, 6] N: 7
Node 0 Delivers ACS Block in Round 0 with having 5000 TXs
this round time: 0.16827821731567383
Node 0 counting so-far tps: 29658.324659, latency 0.168587
0 start to run round 1 C: [0, 1, 2, 3, 4, 5, 6] N: 7
1-Signature share failed in SPBC! (0, 'sidA:1VACS1VACS-VABASPBC0', 0, 6, ('SPBC_ECHO', b'0D\x02 Y,\xa1\xf2\xba\x97\x18\xdc\x0c\x82\x8bM%\x13VB-W\xc0[iW>\xd7qP7\x8b\xb8\x1f\x119\x02 \x1dh\xb8\xe9\xad3\xd6Pt\xe7\xc1\xc5\xcc\x86\x18\x8c\xa3\x86\x94\x16\xdc\xef54\xe6\xfc\xf0|\xf88\x848'))
Signature share failed in SPBC!  sidA:1VACS1VACS-VABASPBC0 sidA:1VACS1VACS-VABASPBC0 0 0 b'\xb0/j\xf8\xf03\x0e\xfd\x9f\xacS\x9f\xed\x90U\x9a\xb0k\x0fX\xb0tI\r\xc3\x08 \x8b0\xf5\xc5\x81' b'\xb0/j\xf8\xf03\x0e\xfd\x9f\xacS\x9f\xed\x90U\x9a\xb0k\x0fX\xb0tI\r\xc3\x08 \x8b0\xf5\xc5\x81' 
Node 0 Delivers ACS Block in Round 1 with having 7000 TXs
this round time: 0.11207008361816406
Node 0 counting so-far tps: 42625.654333, latency 0.140760
0 start to run round 2 C: [0, 1, 2, 3, 4, 5, 6] N: 7
1-Signature share failed in SPBC! (0, 'sidA:2VACS2VACS-VABASPBC0', 0, 6, ('SPBC_ECHO', b"0E\x02!\x00\xd2\xc2\xb0\x9c\x889\x1e\xdbV\xaa\xb4.\xf8\x0c\x0bq[l$\x1aJ\x9eI\xe1\xe4Q\xc3j\xf7\xaf\x14\xb9\x02 \x01\xba\xbd\x84drm\xff\xc3\xe7K\xf7\xd3\xe2\x90\xda\x04Y\x1c:,\xd7\xa4\xfd\xd4!\xce\xdd\xfb\xca'\x89"))
Signature share failed in SPBC!  sidA:2VACS2VACS-VABASPBC0 sidA:2VACS2VACS-VABASPBC0 0 0 b'\xba\xf4\x15\x12<\xb8\xc8"X|\xef\xf1\xcb~\x92\x11x\x9d\xdb\xcc\x9c\xdc\x1bE\xe0`\xda\xbcV\x9f\xec=' b'\xba\xf4\x15\x12<\xb8\xc8"X|\xef\xf1\xcb~\x92\x11x\x9d\xdb\xcc\x9c\xdc\x1bE\xe0`\xda\xbcV\x9f\xec=' 
Node 0 Delivers ACS Block in Round 2 with having 7000 TXs
this round time: 0.09875798225402832
Node 0 counting so-far tps: 49795.097957, latency 0.127188
0 start to run round 3 C: [0, 1, 2, 3, 4, 5, 6] N: 7
1-Signature share failed in SPBC! (0, 'sidA:3VACS3VACS-VABASPBC0', 0, 6, ('SPBC_ECHO', b'0D\x02 J\xc6m&z\xaf!A}\xe1\xca\xf8\xf5u2\xf7\xc2\xced\x01i\x98`\xb5\x00\x99\xde\xad3\xd7\n%\x02 } [\xe0\xa8\xe1\x87i\x19\xaf^\xcf\xec9q=7\xda\xbb/\x8c\x85\x80k\x8d\x8dz\xc2XxN\xe5'))
Signature share failed in SPBC!  sidA:3VACS3VACS-VABASPBC0 sidA:3VACS3VACS-VABASPBC0 0 0 b'\xcf\xc0\xbb\xd4*k\x90N_\xe27T:\xed\xee\xf8\x91\x009f\xf9\xd6k\xa5\x85\xc6\xc7a9bY\x91' b'\xcf\xc0\xbb\xd4*k\x90N_\xe27T:\xed\xee\xf8\x91\x009f\xf9\xd6k\xa5\x85\xc6\xc7a9bY\x91' 
Node 0 Delivers ACS Block in Round 3 with having 7000 TXs
this round time: 0.1064455509185791
Node 0 counting so-far tps: 53129.082172, latency 0.122344
0 start to run round 4 C: [0, 1, 2, 3, 4, 5, 6] N: 7
1-Signature share failed in SPBC! (0, 'sidA:4VACS4VACS-VABASPBC0', 0, 6, ('SPBC_ECHO', b'0E\x02!\x00\x91\xad\x9cl_?.$\xb3\x82\t\x83\xa1\xeb\xed\xcfG\xadw$\x9c-\xe4\xb5\xf8\x87\xe5\xf8\x1f\xf4\x91\xa8\x02 D|V\x92\xf8~\xc7~\xfc.\xd7\x1a\x82i`\x9b\x9d,\x97>1\xc4c\xad=SN\xde\xdb+]\x1d'))
Signature share failed in SPBC!  sidA:4VACS4VACS-VABASPBC0 sidA:4VACS4VACS-VABASPBC0 0 0 b'\x00\x86\xdd\xff8\x1a3\x8c^\xc9\xd3\xf0h\x15Nk)\xe9\xf6\xfe2vm9\x97\r\xab}\x9a\x9d\x97&' b'\x00\x86\xdd\xff8\x1a3\x8c^\xc9\xd3\xf0h\x15Nk)\xe9\xf6\xfe2vm9\x97\r\xab}\x9a\x9d\x97&' 
Node 0 Delivers ACS Block in Round 4 with having 7000 TXs
this round time: 0.10208511352539062
Node 0 counting so-far tps: 55675.213249, latency 0.118545
0 start to run round 5 C: [0, 1, 2, 3, 4, 5, 6] N: 7
1-Signature share failed in SPBC! (0, 'sidA:5VACS5VACS-VABASPBC0', 0, 6, ('SPBC_ECHO', b'0C\x02\x1ff\x88\x88\x0c\x0f*t\x06\xd6\x0b\x7fF\xaf\xa7Y\xa6\xf9\xafD\xd2\xfb\xae|t\xc3\xd8^\tb\xdf\x98\x02 \t\xd8\x112\xed\x02R6\x8c\xeak\x85J*-\x9b.l5/\x89\xd5P2\xe4\x85\xe2F\xd2\r.\xb4'))
Signature share failed in SPBC!  sidA:5VACS5VACS-VABASPBC0 sidA:5VACS5VACS-VABASPBC0 0 0 b'D\x93\x8ec1\x94\xe3\x82\x9d\x94\x84\n\xde\xaf1p&\xdd\xfc~\x9b\xa0o\xe6`\xda|\xd0\xcf9\x01|' b'D\x93\x8ec1\x94\xe3\x82\x9d\x94\x84\n\xde\xaf1p&\xdd\xfc~\x9b\xa0o\xe6`\xda|\xd0\xcf9\x01|' 
Node 0 Delivers ACS Block in Round 5 with having 7000 TXs
this round time: 0.10222506523132324
Node 0 counting so-far tps: 57458.265637, latency 0.116026
0 start to run round 6 C: [0, 1, 2, 3, 4, 5, 6] N: 7
1-Signature share failed in SPBC! (0, 'sidA:6VACS6VACS-VABASPBC0', 0, 6, ('SPBC_ECHO', b'0E\x02!\x00\xed\xa1\xc2r/9wQ\xb64\xd2`\x047\r\x91w\x0cO\x8cL\x8e\x8f\xa4mU\x93\xff\xf7\xd5\xa3\xa4\x02 \x1c\x12\xe3/]d\xca\xb0R\x1c\x07SD\x9a\xa0\xd73\x1c\xf9&\x92~jk\x1fz\x87V\xab-\x0e^'))
Signature share failed in SPBC!  sidA:6VACS6VACS-VABASPBC0 sidA:6VACS6VACS-VABASPBC0 0 0 b'\xf6\x18G\xd0M\x91\xc3\xe4\x1dIBn\xe1\xc9\x87\xab9x\xea\x04\x0c)\xad\xc9\xc08\xde\x9e\xdb\xcfq\xc4' b'\xf6\x18G\xd0M\x91\xc3\xe4\x1dIBn\xe1\xc9\x87\xab9x\xea\x04\x0c)\xad\xc9\xc08\xde\x9e\xdb\xcfq\xc4' 
Node 0 Delivers ACS Block in Round 6 with having 7000 TXs
this round time: 0.10175037384033203
Node 0 counting so-far tps: 58814.541968, latency 0.114160
0 start to run round 7 C: [0, 1, 2, 3, 4, 5, 6] N: 7
1-Signature share failed in SPBC! (0, 'sidA:7VACS7VACS-VABASPBC0', 0, 6, ('SPBC_ECHO', b'0E\x02!\x00\x90\x84\xfeD\x01\xa3\xa6\xd8\xae\xe5\xb8\xfas:\xddq\xa3-2Q\x91\xe0\x14\x18\xfdUbI\xb9\x1e\xf2\x9d\x02 3\x98o h\xdah\xe4\x19\xc7%\xc8\x05\x1b\xc9\xdd\xcay\xdb/Z\x8f|\xef\xe1JO\xd4\xc1<\xe9\x97'))
Signature share failed in SPBC!  sidA:7VACS7VACS-VABASPBC0 sidA:7VACS7VACS-VABASPBC0 0 0 b'\x06l\x80\xc8\x86\xb6+\xe6\x88\x15#,\xf7\x88\x82\xc0=\xe9\xfd\xc3\xaa\xc7o^\xae\x1c\x93>\xa5\xfd\xd54' b'\x06l\x80\xc8\x86\xb6+\xe6\x88\x15#,\xf7\x88\x82\xc0=\xe9\xfd\xc3\xaa\xc7o^\xae\x1c\x93>\xa5\xfd\xd54' 
Node 0 Delivers ACS Block in Round 7 with having 7000 TXs
this round time: 0.10032773017883301
Node 0 counting so-far tps: 59958.981918, latency 0.112577
0 start to run round 8 C: [0, 1, 2, 3, 4, 5, 6] N: 7
1-Signature share failed in SPBC! (0, 'sidA:8VACS8VACS-VABASPBC0', 0, 6, ('SPBC_ECHO', b'0D\x02 \x06!\xc8\x8dc#\xbf\xd3W{\xcbrg\xeby\n\xe8\x8b4\x9a\xffz\xd14bwH\xf9\x82L^\xf4\x02 M|\x8e\xd0\x87e\x84\x8di\xd5\x07\x08WBs\x18\xaeC\x9f\xe9\x17\xa1\xaaV\xcdN\xb4:\xdbJDe'))
Signature share failed in SPBC!  sidA:8VACS8VACS-VABASPBC0 sidA:8VACS8VACS-VABASPBC0 0 0 b'97^\xdc\xb4:\xbcb\x1d2\x15+9\xb6\xfa\x8e\xba\x9eI\xcd\xf1\x9b\xbf\xbe\x85\xf3<\x9b\xed\xb2\xabw' b'97^\xdc\xb4:\xbcb\x1d2\x15+9\xb6\xfa\x8e\xba\x9eI\xcd\xf1\x9b\xbf\xbe\x85\xf3<\x9b\xed\xb2\xabw' 
Node 0 Delivers ACS Block in Round 8 with having 7000 TXs
this round time: 0.10221195220947266
Node 0 counting so-far tps: 60750.209305, latency 0.111568
0 start to run round 9 C: [0, 1, 2, 3, 4, 5, 6] N: 7
1-Signature share failed in SPBC! (0, 'sidA:9VACS9VACS-VABASPBC0', 0, 6, ('SPBC_ECHO', b"0D\x02 O\xf3\x9f\x13WoLH\xdd\xd8\x0f\xbcc\x7f\x81\xc8\xb3L\xca\xe5Ouy\xc4\x90.\x10~\xfe`\xc0\xad\x02 x\xda\xdc\xbfu\xd9\xac\xed\x191\xf6'Zq\xc9\xc3%\x84\xe8\x9e\xae\xf0\x1b\x19\xd3\nk<\x15E\xa8\xa5"))
Signature share failed in SPBC!  sidA:9VACS9VACS-VABASPBC0 sidA:9VACS9VACS-VABASPBC0 0 0 b'\xfd\xb2\x85\xde\t\x92;\x8aW\xed\x17\xdfw\xb5x\x03_\xd7h\xff\xca\xff\xf10\x7f\xcb\x0e\x14_Ct\x1b' b'\xfd\xb2\x85\xde\t\x92;\x8aW\xed\x17\xdfw\xb5x\x03_\xd7h\xff\xca\xff\xf10\x7f\xcb\x0e\x14_Ct\x1b' 
Node 0 Delivers ACS Block in Round 9 with having 7000 TXs
this round time: 0.10222744941711426
Node 0 counting so-far tps: 61398.539761, latency 0.110752
0 start to run round 10 C: [0, 1, 2, 3, 4, 5, 6] N: 7
Signature share failed in CBC! ('sidA:10PB100', 0, 6, ('PB_ECHO', b'0E\x02!\x00\xcaObC\xbb\x9c[\x9b\x89\xfd\xe1\xd9\xb5\xd9\xd6~\xb9M\x83\x00\xc7qX*Yd\xed`\x13b\xd6>\x02 )k\xd56~\xc2\xfd\xbf\xec\xa0\x7f\x85\xb4` \x0f\x9f\xa6\x7f\xfa\xfc\x06\x0b\xf2\xf2\xaeZ\xd3\x85\xd0\xed\xb8'))
1-Signature share failed in SPBC! (0, 'sidA:10VACS10VACS-VABASPBC0', 0, 6, ('SPBC_ECHO', b"0D\x02 4\x8d\xe0\xab\xa7\xd7 \xe8<\xa5\xc9l(\x87\x1f4E\x12\xc4\n\xb7}w\xeb\xa3\x8c\\\xb1I,\xe7)\x02 i\xed\x96\xbb'\xe5g\xbe\x99\x8ep\x0cl\xe8\xa2\x81\xe1\xc9\xa9]i\xa3\xb8\xeb\xbalY\xd0\x06\xa4\x13\xc1"))
Signature share failed in SPBC!  sidA:10VACS10VACS-VABASPBC0 sidA:10VACS10VACS-VABASPBC0 0 0 b'\xed\x00\x15\x0f27g6`P\x8a\xfd\xe4\xdc\xee\x95\x0b\xf06\xd9\xf9\xd1C$r\xecz\xa8\x85\x0b\xe2<' b'\xed\x00\x15\x0f27g6`P\x8a\xfd\xe4\xdc\xee\x95\x0b\xf06\xd9\xf9\xd1C$r\xecz\xa8\x85\x0b\xe2<' 
Node 0 Delivers ACS Block in Round 10 with having 7000 TXs
this round time: 0.1013343334197998
Node 0 counting so-far tps: 61983.066086, latency 0.110001
0 start to run round 11 C: [0, 1, 2, 3, 4, 5, 6] N: 7
1-Signature share failed in SPBC! (0, 'sidA:11VACS11VACS-VABASPBC0', 0, 6, ('SPBC_ECHO', b'0E\x02!\x00\xf0R\xe2\xe2\xa1\x9f7\x07\xf1Z Q\xe3\xfa\x15\x80\xc2\xff\xa1B$4\xc2\x99\xd0\xaf\xecx\x92blV\x02 /\xa9\xf3\x17;\x8b\xaf\x0b!\x96<\xe9\r\x08\xa1[X\xec-\x807D\xb0\xae\xd9\xcd,\x13?\xcc\x98!'))
Signature share failed in SPBC!  sidA:11VACS11VACS-VABASPBC0 sidA:11VACS11VACS-VABASPBC0 0 0 b'\xc4\xa6\xf2\x0b\x18>\x04I>6~\xa8\xf7\xd0\xc0\t\xb2\xa7\x1d\x11\xb7\x14|\x14\x83G0\x1d\xef\xa0W\x7f' b'\xc4\xa6\xf2\x0b\x18>\x04I>6~\xa8\xf7\xd0\xc0\t\xb2\xa7\x1d\x11\xb7\x14|\x14\x83G0\x1d\xef\xa0W\x7f' 
Node 0 Delivers ACS Block in Round 11 with having 7000 TXs
this round time: 0.10270309448242188
Node 0 counting so-far tps: 62410.435899, latency 0.109490
0 start to run round 12 C: [0, 1, 2, 3, 4, 5, 6] N: 7
1-Signature share failed in SPBC! (0, 'sidA:12VACS12VACS-VABASPBC0', 0, 6, ('SPBC_ECHO', b'0E\x02!\x00\xb5\xcann\xfa>\x19%<(n>D\xd9QB\x0e\x14#\xed\x0f\xf17\x91kQ6j4\xaf\xe3\xf5\x02 \nP\xb4\x87\xc8\xbe-8\xc6\x1d\x9b>n(\xc5\xa1:/\x14t4\x13=/\xb5\x96\x19\x9d]l0&'))
Signature share failed in SPBC!  sidA:12VACS12VACS-VABASPBC0 sidA:12VACS12VACS-VABASPBC0 0 0 b'\xd3p\x89\x0e\x1a:\xf8#\xca\xae\x88\xb8\x89\xa2B\xfc\xd9\xa6\x8b\x82\xd8b\xdc\x9b>/Nm\xc5\xa1\x1f\xd8' b'\xd3p\x89\x0e\x1a:\xf8#\xca\xae\x88\xb8\x89\xa2B\xfc\xd9\xa6\x8b\x82\xd8b\xdc\x9b>/Nm\xc5\xa1\x1f\xd8' 
Node 0 Delivers ACS Block in Round 12 with having 7000 TXs
this round time: 0.09996938705444336
Node 0 counting so-far tps: 62897.803742, latency 0.108846
0 start to run round 13 C: [0, 1, 2, 3, 4, 5, 6] N: 7
1-Signature share failed in SPBC! (0, 'sidA:13VACS13VACS-VABASPBC0', 0, 6, ('SPBC_ECHO', b'0D\x02 B27s\xe1\xbdx\xb8\x16\x8c\xbeiU\x1a\xf0\xbd\xf0P\x07\x96\x02\x0c\xec\xc8m\xce\x0bC5\x8e\x1aa\x02 0Mh\xbc\xb4\xbaX\n\xdf\x8c\x1b\xa0)\x94\xc0+\x87L\xeb\x03,\xcd\x89\xb4\xcd\x92\x19\xd9\xea\xa0\xcc\x08'))
Signature share failed in SPBC!  sidA:13VACS13VACS-VABASPBC0 sidA:13VACS13VACS-VABASPBC0 0 0 b"\xb9\xf3O]\xe2\xa3$$\xedq\xd1'\xaf\xed\xaej\xfaO\xcc\x8fL\xa8\xd0\xa4\xff\x8b>E\xc3x\x1fd" b"\xb9\xf3O]\xe2\xa3$$\xedq\xd1'\xaf\xed\xaej\xfaO\xcc\x8fL\xa8\xd0\xa4\xff\x8b>E\xc3x\x1fd" 
Node 0 Delivers ACS Block in Round 13 with having 7000 TXs
this round time: 0.09992456436157227
Node 0 counting so-far tps: 63322.684596, latency 0.108289
0 start to run round 14 C: [0, 1, 2, 3, 4, 5, 6] N: 7
1-Signature share failed in SPBC! (0, 'sidA:14VACS14VACS-VABASPBC0', 0, 6, ('SPBC_ECHO', b'0D\x02 \x03+\x07\x0b\xa3a\x06\xb4)9^\xa4uB\x9bqW\x83L\xe3\x08\xce\xac\x8b\xc0l\x08l`\xed\x01\xd9\x02 Q\x91\t\x95\xe8\xdex\xdcQ\xda\x99sZ:\xf7{\xf9\xb4\xe9\xca\x08\xe1\xf8\x87\x0fI\xb2\x1fY\x86\xbfs'))
Signature share failed in SPBC!  sidA:14VACS14VACS-VABASPBC0 sidA:14VACS14VACS-VABASPBC0 0 0 b'\xabc\x19y\x00\x89\x08\x0c\xb7pE\rcu\xaa\xde\x82\x8f\xd7\x99\xf4PTJ\xe5p\x11\xbf\xb4\x9a\xd6\r' b'\xabc\x19y\x00\x89\x08\x0c\xb7pE\rcu\xaa\xde\x82\x8f\xd7\x99\xf4PTJ\xe5p\x11\xbf\xb4\x9a\xd6\r' 
Node 0 Delivers ACS Block in Round 14 with having 7000 TXs
this round time: 0.10313653945922852
Node 0 counting so-far tps: 63566.265422, latency 0.108024
0 start to run round 15 C: [0, 1, 2, 3, 4, 5, 6] N: 7
Signature share failed in CBC! ('sidA:15PB150', 0, 6, ('PB_ECHO', b'0E\x02!\x00\x85X\xca\x8b{\x89\x83\xa9\xc0\xba\xdc_\x17\x11\xf3\xd5\x92r\xca\xff5*B\n\xbd\xf6{\x8bm\x01K\x14\x02 Ex\x8c}\xfc;\xf1\xc5CELu,\xffv4\x8c\xcd]`\xf8f\xb6\xd3kCZ\x05\t)\xf6\xf7'))
1-Signature share failed in SPBC! (0, 'sidA:15VACS15VACS-VABASPBC0', 0, 6, ('SPBC_ECHO', b'0E\x02!\x00\xea\x8e{\xb1\xaak\xa2\xea\x9f\x15u\xfd<\x11\x94\xa0\xf5\xec\x8aV+~\xb3\x86\xb1UD\xa4\xb6\xca\x08\x8b\x02 5C\xdd\xed\xb9<\x9abb\xc1\x9cQzB\x01U\xdd,\xa3S\x9c"?\x14\tdWA\x0cna\x80'))
Signature share failed in SPBC!  sidA:15VACS15VACS-VABASPBC0 sidA:15VACS15VACS-VABASPBC0 0 0 b'p\xf1+\xab\xc3\x0f?H\xc4\xc1\xab\x0b\xa5\x12\xfcW\x9e\xddhnG\x11g\xa7!7\x838]}\x1a\xb0' b'p\xf1+\xab\xc3\x0f?H\xc4\xc1\xab\x0b\xa5\x12\xfcW\x9e\xddhnG\x11g\xa7!7\x838]}\x1a\xb0' 
Node 0 Delivers ACS Block in Round 15 with having 7000 TXs
this round time: 0.09821438789367676
Node 0 counting so-far tps: 63964.738898, latency 0.107481
0 start to run round 16 C: [0, 1, 2, 3, 4, 5, 6] N: 7
1-Signature share failed in SPBC! (0, 'sidA:16VACS16VACS-VABASPBC0', 0, 6, ('SPBC_ECHO', b'0D\x02 \x15\xef\xcd\xcctV\xd9\x15mc\x1b\xe6\x03\xbb\xcd\xc7\xdf\xc1R\x18G\x1b&3-\x95;\x85w\xe2fO\x02 gmJ\x016\x04 M|\xfe\x94Y\x9a\xf6\xd0\x8b\x81\xcb\xce&vArR~\x0e\xa1be}F('))
Signature share failed in SPBC!  sidA:16VACS16VACS-VABASPBC0 sidA:16VACS16VACS-VABASPBC0 0 0 b'\xae\xc3\xa5\xc8\xa56\xb4\xeduQ\xc8\x91\x99\x01\xcb\x9a\xc2RZ@p\xc9\x02YQ\xf5C\x87\xe4\xe3Qy' b'\xae\xc3\xa5\xc8\xa56\xb4\xeduQ\xc8\x91\x99\x01\xcb\x9a\xc2RZ@p\xc9\x02YQ\xf5C\x87\xe4\xe3Qy' 
Node 0 Delivers ACS Block in Round 16 with having 7000 TXs
this round time: 0.10558938980102539
Node 0 counting so-far tps: 64059.918491, latency 0.107436
0 start to run round 17 C: [0, 1, 2, 3, 4, 5, 6] N: 7
1-Signature share failed in SPBC! (0, 'sidA:17VACS17VACS-VABASPBC0', 0, 6, ('SPBC_ECHO', b"0D\x02 y]=\xf4\xbea\x1b\x88)\xb4\xf9\xeb\xff\xe9\xdb\x84\xe5\n\xb4\xf7\x0f\x00\x1c\xa0\xa4\x17\x1d\xda\xbd\xf4fs\x02 <\x8a\xafP\xec+@1\x95\x16\x85(z\x1bV\xa1\xeb\xc4\x9c*,\x9fo\xb6'`\x0b\x80p\xbc\x05z"))
Signature share failed in SPBC!  sidA:17VACS17VACS-VABASPBC0 sidA:17VACS17VACS-VABASPBC0 0 0 b'p\xf2\xfe_\x9d;\x89\xfal\xce9\xf4Lp\xd3\xfd`\x11\x84x\xfa\xbcC\xa8>r\r\x90\x9c \xa5X' b'p\xf2\xfe_\x9d;\x89\xfal\xce9\xf4Lp\xd3\xfd`\x11\x84x\xfa\xbcC\xa8>r\r\x90\x9c \xa5X' 
Node 0 Delivers ACS Block in Round 17 with having 7000 TXs
this round time: 0.10215592384338379
Node 0 counting so-far tps: 64258.243929, latency 0.107206
0 start to run round 18 C: [0, 1, 2, 3, 4, 5, 6] N: 7
1-Signature share failed in SPBC! (0, 'sidA:18VACS18VACS-VABASPBC0', 0, 6, ('SPBC_ECHO', b'0D\x02 y\x89\xca\x98\xd4\xbe\xbc\x06\xb9ej\x96\xa3f\xaf\x904\xb6S\xf4V\xfb\x11rJ\x9a\xfb\xe1\xee\x99\r\x08\x02 _\xaeZ7\x81\xf0\x8b\x0b\xc8\xaeQw\x84S\xbb\xd8&\x05:\x96\xf0w\xf4\x97\x83\xce\xbf\x16\x06@\xa5\xfd'))
Signature share failed in SPBC!  sidA:18VACS18VACS-VABASPBC0 sidA:18VACS18VACS-VABASPBC0 0 0 b'E\x9fW\x96\xc9\x18\xe6\xa8w_g\xe3\xf3\xea\x96*\xd4\xa2\x07\x96\xdaz\x9c\xf3\x1fM\x08\x9b)\x1ee\x19' b'E\x9fW\x96\xc9\x18\xe6\xa8w_g\xe3\xf3\xea\x96*\xd4\xa2\x07\x96\xdaz\x9c\xf3\x1fM\x08\x9b)\x1ee\x19' 
Node 0 Delivers ACS Block in Round 18 with having 7000 TXs
this round time: 0.09967422485351562
Node 0 counting so-far tps: 64513.994901, latency 0.106872
0 start to run round 19 C: [0, 1, 2, 3, 4, 5, 6] N: 7
1-Signature share failed in SPBC! (0, 'sidA:19VACS19VACS-VABASPBC0', 0, 6, ('SPBC_ECHO', b'0E\x02!\x00\x93\x97\xea^\x83.\x87a?4\xfa\xfb,\xd3\xe0\xeeV\xb6\xe7\xbf\xf88\xadM\t3\xc3[\x85\xe6\xd8\x83\x02 Xv\xf0W\xceuetd\x1f\xe6\x89\xbf\xba\xf8\xc0\xfb\x8d\xe1\xfc\xf7^\xb6q\x9dY\\\xd6.|\x93\xf3'))
Signature share failed in SPBC!  sidA:19VACS19VACS-VABASPBC0 sidA:19VACS19VACS-VABASPBC0 0 0 b'J\xb6+<_\xf7!_{\xedg3XS\xea\x17\xe7\xf1T\xb1\xb9\xae\x11\xa9Kt\xfem\xb9dM\x1c' b'J\xb6+<_\xf7!_{\xedg3XS\xea\x17\xe7\xf1T\xb1\xb9\xae\x11\xa9Kt\xfem\xb9dM\x1c' 
Node 0 Delivers ACS Block in Round 19 with having 7000 TXs
this round time: 0.10120320320129395
Node 0 counting so-far tps: 64699.579195, latency 0.106647
0 start to run round 20 C: [0, 1, 2, 3, 4, 5, 6] N: 7
1-Signature share failed in SPBC! (0, 'sidA:20VACS20VACS-VABASPBC0', 0, 6, ('SPBC_ECHO', b'0D\x02 i\xbd\x04\xfb\xcc\xef\x03\xb9\x08V\xf2i\t\x9dqZ\xc0\x11\xadF\xd9\xc2z\xac4q\x0cC4\xdf\x98f\x02 \x0cU\xa9\x03\x03d\x01\xf8\x8a\xb8\x98\x0fx\xe9S\x04\xf7\xdb\x14\xad\xca\xce\r\x99\xb3\xc9\xd4\xc5\x0b\x1d1\x97'))
Signature share failed in SPBC!  sidA:20VACS20VACS-VABASPBC0 sidA:20VACS20VACS-VABASPBC0 0 0 b'\xb9*n\xca\xd5\nY\xc8\xe8\x9a\x1cx\xce\x9d\xd3\xca+\x03\x818"?D\x1a\x826\x8bg\x9e=\xb3\x1a' b'\xb9*n\xca\xd5\nY\xc8\xe8\x9a\x1cx\xce\x9d\xd3\xca+\x03\x818"?D\x1a\x826\x8bg\x9e=\xb3\x1a' 
Node 0 Delivers ACS Block in Round 20 with having 7000 TXs
this round time: 0.09930872917175293
Node 0 counting so-far tps: 64920.216357, latency 0.106358
0 start to run round 21 C: [0, 1, 2, 3, 4, 5, 6] N: 7
Signature share failed in CBC! ('sidA:21PB210', 0, 6, ('PB_ECHO', b"0D\x02 R9\xaa?\xdfQT\xc9RD\xfa'CV/sIL\x1d}\xcc\xfcF\xf4\x17;\x80\x995\x80\xcb[\x02 /\x1fN\xbc\x80\xcf\xf4\xca\t\xd4\xe5\x8bR#\x8d\x12\xa9\x8br+:\x0c0\xe0\x8b\xa5\x9e/\x024\xf6\xc7"))
1-Signature share failed in SPBC! (0, 'sidA:21VACS21VACS-VABASPBC0', 0, 6, ('SPBC_ECHO', b'0E\x02!\x00\xa0M\x92A\x89\xc7\x87\xd0\xb2\xb2\xf0\x1eg\xb1\x95\xa9\xce\x9f\xa6|\x8a\x16\xba\xad\xd5!\xf7.!\xfb\xffh\x02 \x1fyo\r\xdaI\x03\x0c\xc0\x7f\xdc\xc9\x07\xf2\xc1\x92\xbd\x85\xaa\xce\xac\xe6\x9e\xb2+\x90\xa8\xff\xed5\xcf\x90'))
Signature share failed in SPBC!  sidA:21VACS21VACS-VABASPBC0 sidA:21VACS21VACS-VABASPBC0 0 0 b'\xd9_\x063\x9c\x07\xaa\x9c/qc\x91d\xfc\xd6\x17U\x95(_\xf1[\x82\xf2\x06\xd4\x1d\x18Y\xca\x96\x16' b'\xd9_\x063\x9c\x07\xaa\x9c/qc\x91d\xfc\xd6\x17U\x95(_\xf1[\x82\xf2\x06\xd4\x1d\x18Y\xca\x96\x16' 
Node 0 Delivers ACS Block in Round 21 with having 7000 TXs
this round time: 0.10208678245544434
Node 0 counting so-far tps: 65044.150416, latency 0.106222
0 start to run round 22 C: [0, 1, 2, 3, 4, 5, 6] N: 7
1-Signature share failed in SPBC! (0, 'sidA:22VACS22VACS-VABASPBC0', 0, 6, ('SPBC_ECHO', b'0D\x02 J|\xf7\x14\xf4=Q\xee\xcf\x0c\x93\xf0\xd9\x94\x1c\xf9\xa0;\xc4\x91\xfb\x15\x9e:\x01j\xe2\xbbev\xaf\xc4\x02 Z\xfb\xbd\xdd\x96\xfc9\x08\xad\x10\x9f\xd5J2\xda \xfd\x1b\xf39\x9e\xd5\xa6\x1b\xd5`\xf2\xa1K\xb7\xed_'))
Signature share failed in SPBC!  sidA:22VACS22VACS-VABASPBC0 sidA:22VACS22VACS-VABASPBC0 0 0 b'\x19\xbf\xe1\xcc\xde\xe9M\x80\xf7?2\x93%n\xbc\xba\\S\x19\x90\x0c\x13\x8c!\xf7=\xeb\xcf>\x07\xaaa' b'\x19\xbf\xe1\xcc\xde\xe9M\x80\xf7?2\x93%n\xbc\xba\\S\x19\x90\x0c\x13\x8c!\xf7=\xeb\xcf>\x07\xaaa' 
Node 0 Delivers ACS Block in Round 22 with having 7000 TXs
this round time: 0.10865354537963867
Node 0 counting so-far tps: 64980.479480, latency 0.106386
0 start to run round 23 C: [0, 1, 2, 3, 4, 5, 6] N: 7
1-Signature share failed in SPBC! (0, 'sidA:23VACS23VACS-VABASPBC0', 0, 6, ('SPBC_ECHO', b'0E\x02!\x00\xec_\xff\xdc\xb0\x87\xab\x9f\xe2\xe8C\xefL\xc4\xf9dx\xbe\xe2%\xef\xbf\x0b\x08\x9dj\xd6\xb8\xa4\x01\x84\x82\x02 H\xe2\xdaB\xe3\xd4\xb9&4\x92\x03\x0b\x86\x9a7jT\xf3sC\xd6X]4;3\x99(\xe8\xa6\xea@'))
Signature share failed in SPBC!  sidA:23VACS23VACS-VABASPBC0 sidA:23VACS23VACS-VABASPBC0 0 0 b'\xa0\x89epx4\x8e\xc1\t\xa5\xf8\\|\xf7\x8a\xe2|\x85\xb0\x83\x93\xc1\xea\x19a\xf1\xc7\xa0\xc1\xba\xa1\xc9' b'\xa0\x89epx4\x8e\xc1\t\xa5\xf8\\|\xf7\x8a\xe2|\x85\xb0\x83\x93\xc1\xea\x19a\xf1\xc7\xa0\xc1\xba\xa1\xc9' 
Node 0 Delivers ACS Block in Round 23 with having 7000 TXs
this round time: 0.10035514831542969
Node 0 counting so-far tps: 65119.045644, latency 0.106216
0 start to run round 24 C: [0, 1, 2, 3, 4, 5, 6] N: 7
1-Signature share failed in SPBC! (0, 'sidA:24VACS24VACS-VABASPBC0', 0, 6, ('SPBC_ECHO', b'0D\x02 |\r4y\xb0\xe6\xfe\x7f0Fn\x8d\x91\xe5\xc2y\xd0\xf7}\xbf"\x83\x95\xb2*\xe3\x95m3\x16\x06 \x02 \t\x19\xb2\xc4\t\xb8b\x89M>\x85\xc7\xef\x81@\x7f$\xfa\x96q\x827\x899\xee\xa1Z"=\x92}_'))
Signature share failed in SPBC!  sidA:24VACS24VACS-VABASPBC0 sidA:24VACS24VACS-VABASPBC0 0 0 b'\xd4\x1f\xb8\x14~\x86I~|\x15S2\x83\xeb>t\xd8b\xb5\xb9%\xf0io\x91\x82\xc6\xb4\x1c\x9b\x0b\xa8' b'\xd4\x1f\xb8\x14~\x86I~|\x15S2\x83\xeb>t\xd8b\xb5\xb9%\xf0io\x91\x82\xc6\xb4\x1c\x9b\x0b\xa8' 
Node 0 Delivers ACS Block in Round 24 with having 7000 TXs
this round time: 0.09988164901733398
Node 0 counting so-far tps: 65277.630995, latency 0.106009
0 start to run round 25 C: [0, 1, 2, 3, 4, 5, 6] N: 7
1-Signature share failed in SPBC! (0, 'sidA:25VACS25VACS-VABASPBC0', 0, 6, ('SPBC_ECHO', b'0E\x02!\x00\x99u \xdf\xb1\x850R.\xdb\xfb\xd9\n6\xc0\x0c\xdf\x15\x82\x89\x16\x98\x1e6\xa7\xf5\x93!\xdc+&\x08\x02 z\x0eBRd\x94\x0b\'\x1bm\x18\xb3\x1b\xf1\x9aV\xe8\xb0\x15\x14\xa2\xda\xcf\x8c>\xc6_>\xf2\xc1"\xd8'))
Signature share failed in SPBC!  sidA:25VACS25VACS-VABASPBC0 sidA:25VACS25VACS-VABASPBC0 0 0 b'\x9dZ\xa0\xec\xc1X\x97\xb3\xc1S\x16\xeeo\x02\x83\xa7k\x04\x91\xd5tC\xc6zDP5J\xfanE\xc5' b'\x9dZ\xa0\xec\xc1X\x97\xb3\xc1S\x16\xeeo\x02\x83\xa7k\x04\x91\xd5tC\xc6zDP5J\xfanE\xc5' 
Node 0 Delivers ACS Block in Round 25 with having 7000 TXs
this round time: 0.10013842582702637
Node 0 counting so-far tps: 65418.094107, latency 0.105828
0 start to run round 26 C: [0, 1, 2, 3, 4, 5, 6] N: 7
1-Signature share failed in SPBC! (0, 'sidA:26VACS26VACS-VABASPBC0', 0, 6, ('SPBC_ECHO', b'0E\x02!\x00\xcb\x892\x03\xdb\x15V\xea\x0f\xb4\xfcP\xf0\xb8\xfde\x9bC\xad\xd4;\x9akgT\x17\xa3L\x8a*\xff\xaf\x02 j\x9d\xb3\xad\xf8\xc7jU\x1d\x0ch\x8e4\xc2S\x16{R\x13\x86\x82\x90h\xa18^\x8e\xb4\x9d?\x07:'))
Signature share failed in SPBC!  sidA:26VACS26VACS-VABASPBC0 sidA:26VACS26VACS-VABASPBC0 0 0 b'4^\xe5\xf9y\xe9<\xfc\xadUwy\xf8\x1d\x8d\x12\xf2|w\x85\xb3\x9b\x11\x9d!\xc3\xb5\xcc\xe5ul_' b'4^\xe5\xf9y\xe9<\xfc\xadUwy\xf8\x1d\x8d\x12\xf2|w\x85\xb3\x9b\x11\x9d!\xc3\xb5\xcc\xe5ul_' 
Node 0 Delivers ACS Block in Round 26 with having 7000 TXs
this round time: 0.1032867431640625
Node 0 counting so-far tps: 65476.672707, latency 0.105777
0 start to run round 27 C: [0, 1, 2, 3, 4, 5, 6] N: 7
1-Signature share failed in SPBC! (0, 'sidA:27VACS27VACS-VABASPBC0', 0, 6, ('SPBC_ECHO', b'0E\x02!\x00\xc8\xa1m\x07\xa2\xa2\x03\xa9>\xff~\n]\x8eNM\xe0\xc5\xd2*Xu/T\x19\xf7\x03\xf4\xd6\xb3\xdd\x10\x02 \x13\x0b\x1c\x9f\x80\x17\x00\xb9(\xce\xb8u\xc7\x86\xf0\r4\xe2#\x95A\xc6}\x1c(\xf7\x85\xd6\x96\x04O\x0f'))
Signature share failed in SPBC!  sidA:27VACS27VACS-VABASPBC0 sidA:27VACS27VACS-VABASPBC0 0 0 b'\xdb\x85h\xa1\x91S\x9cL\x99K\xa8B\x92d\xa2\xa6S"\xd5\x83\xd5ZZ\x16^2\xe7\x93\x10NiY' b'\xdb\x85h\xa1\x91S\x9cL\x99K\xa8B\x92d\xa2\xa6S"\xd5\x83\xd5ZZ\x16^2\xe7\x93\x10NiY' 
Node 0 Delivers ACS Block in Round 27 with having 7000 TXs
this round time: 0.10069656372070312
Node 0 counting so-far tps: 65588.064752, latency 0.105638
0 start to run round 28 C: [0, 1, 2, 3, 4, 5, 6] N: 7
Signature share failed in CBC! ('sidA:28PB280', 0, 6, ('PB_ECHO', b'0D\x02 Ap\x87l>\xd9\x06\xe7\xeb\xbe\ng\x18$rs\xfa\x9aF\x18\xb8+;\xb3\xf4\xe3Rz\xe5\xd55\x90\x02 P\xec\xf0C\xf6\xe1A\xfc\xa2es\x99\\\n\x0f5\x93\xba\xf7S\xea>g\xde;)\x82\\\x0b\x05\x8a\x1a'))
1-Signature share failed in SPBC! (0, 'sidA:28VACS28VACS-VABASPBC0', 0, 6, ('SPBC_ECHO', b'0E\x02!\x00\xe9rq\x1br\xbd\xe2\x15\x19[\x9d\xb5_\x02\x94\xd7\xa8K^\x0459?\x1b\xd3\x7fg\xe6\x8aKV\xc2\x02 +\xab\xf1p{0\x89|]\xfa\xe3`9\x8d\x98\x83z\x00o\xd1F\xf8\xe9\xe0\x9ax\x02\xfd\x14\xee\x8aM'))
Signature share failed in SPBC!  sidA:28VACS28VACS-VABASPBC0 sidA:28VACS28VACS-VABASPBC0 0 0 b'\xda\xfd\xf5\xd1@\xfc\x054\xd38a\x9c\xe5\xdd\xb6\xeb"\x04\x1f\xe5\xd5\xd1\x1c\x938h\x8e\xd2\xbd-\xb8\x8d' b'\xda\xfd\xf5\xd1@\xfc\x054\xd38a\x9c\xe5\xdd\xb6\xeb"\x04\x1f\xe5\xd5\xd1\x1c\x938h\x8e\xd2\xbd-\xb8\x8d' 
Node 0 Delivers ACS Block in Round 28 with having 7000 TXs
this round time: 0.10492444038391113
Node 0 counting so-far tps: 65600.463266, latency 0.105655
0 start to run round 29 C: [0, 1, 2, 3, 4, 5, 6] N: 7
1-Signature share failed in SPBC! (0, 'sidA:29VACS29VACS-VABASPBC0', 0, 6, ('SPBC_ECHO', b'0D\x02 u\xaa\xc6}\xde\xcc\xdb*E\x0e)\'\xc0\xa1\x13\x1e`\xc4\x8a\xc1Pxf"X\xa7\x8dB\xbb\xe7E\x0c\x02  \xdcn\x02C\xe6\rC\x97\x12\x03}\xfc\x012\x7f\x89\xb9\xeb,\\4X\t\x8f\x8fT\xbe\xa6\'s\x89'))
Signature share failed in SPBC!  sidA:29VACS29VACS-VABASPBC0 sidA:29VACS29VACS-VABASPBC0 0 0 b'=\xe7\\A2\x9c;\xdf\x1cKX\x04\xb4\x8a3w\x1fc\xa8\x9f\x90\xb3\xa5\xb7\x08\x91\xb4\xffP\xee\xc2\xbd' b'=\xe7\\A2\x9c;\xdf\x1cKX\x04\xb4\x8a3w\x1fc\xa8\x9f\x90\xb3\xa5\xb7\x08\x91\xb4\xffP\xee\xc2\xbd' 
Node 0 Delivers ACS Block in Round 29 with having 7000 TXs
this round time: 0.0963449478149414
Node 0 counting so-far tps: 65789.386994, latency 0.105387
0 start to run round 30 C: [0, 1, 2, 3, 4, 5, 6] N: 7
Signature share failed in CBC! ('sidA:30PB300', 0, 6, ('PB_ECHO', b'0D\x02 3\x0f\xc0\xb8c\xedz\x82\xaf\xbb\xf3&\xf4p,\xfe)\xc1\x9a\xa83\xc2mN\xbe\xaaj\xb5\xb3\x9e-\xee\x02 %\xec\xaa\xd1\x90\xae\x0e\xce\x8ev*\xba\x0b\xe1Q}v\t\x91\xf8\x13\x9c\xbc\x95\xabJ{\xe3$7G\xf8'))
1-Signature share failed in SPBC! (0, 'sidA:30VACS30VACS-VABASPBC0', 0, 6, ('SPBC_ECHO', b'0E\x02!\x00\xdf6\x1e)\x01\x91?\xc7o\x8e\x9e\xfdQo\xc6\xaf\x11\xbd\xc9\x07\x1d\xe7vn\xad\xfc\x01\xae\xbe$\x84=\x02 XQ\xa5\x8b"\xe3N\xb6},\xd3\x18v*\x85\x1cpg7<\xcc\x1a\x0b\x90S\xe6\xf7\x8c\x04\xcc\xcc\x82'))
Signature share failed in SPBC!  sidA:30VACS30VACS-VABASPBC0 sidA:30VACS30VACS-VABASPBC0 0 0 b'N\x14?E\xc1\xac7\x9b\xe6\x8e\x92+\x1e|\xbb\xd1_\t|\xf8\xe3Ls\xb5vY\x83u\xbc\rtc' b'N\x14?E\xc1\xac7\x9b\xe6\x8e\x92+\x1e|\xbb\xd1_\t|\xf8\xe3Ls\xb5vY\x83u\xbc\rtc' 
Node 0 Delivers ACS Block in Round 30 with having 7000 TXs
this round time: 0.09912514686584473
Node 0 counting so-far tps: 65912.544571, latency 0.105223
0 start to run round 31 C: [0, 1, 2, 3, 4, 5, 6] N: 7
1-Signature share failed in SPBC! (0, 'sidA:31VACS31VACS-VABASPBC0', 0, 6, ('SPBC_ECHO', b'0E\x02!\x00\xcc>\xd2\xf7\xb203\x86\x86C\xa6i\x879\xc3\x8c\x82\xb8\xc2\xaf1nQ.\xe9\xaa\xfe~\x7fW\x19\xb9\x02 \x1c\xa0\xbd\xa3w\xfe\xf9\x9a\x08wV\xd4\x1bZb=\xa1o\xbdi!\x16I\x0e\x151F\xcf\x13\xce\x06g'))
Signature share failed in SPBC!  sidA:31VACS31VACS-VABASPBC0 sidA:31VACS31VACS-VABASPBC0 0 0 b'\x9d%\xb6\x8a\xd7v\xf3\xf3\xff4\xc6N\xe8o\x18\x9e\xd7.TU\xf8\x11R)R]\xd6o\xedV\xc5\xc1' b'\x9d%\xb6\x8a\xd7v\xf3\xf3\xff4\xc6N\xe8o\x18\x9e\xd7.TU\xf8\x11R)R]\xd6o\xedV\xc5\xc1' 
Node 0 Delivers ACS Block in Round 31 with having 7000 TXs
this round time: 0.10304784774780273
Node 0 counting so-far tps: 65950.035138, latency 0.105193
0 start to run round 32 C: [0, 1, 2, 3, 4, 5, 6] N: 7
1-Signature share failed in SPBC! (0, 'sidA:32VACS32VACS-VABASPBC0', 0, 6, ('SPBC_ECHO', b"0D\x02 ~\x8e\xe0\xbd>\x8b\xd4\x0c\rRi\xaf\x167\x0b\x00\x90VF\xe8z\xba\xd85X\xda0\xb0e\xb1\x93\xb5\x02 \x10'\x04\x93\x83s\xf4\x04+\x94\xd47\xaa\x88\x9dy\x9fQts\xb3\xaa\x93\x1f\x94[X\xd4\xb2BNH"))
Signature share failed in SPBC!  sidA:32VACS32VACS-VABASPBC0 sidA:32VACS32VACS-VABASPBC0 0 0 b'A!2\xce\x8aE\xdd\x11P)y[M\xf2\x1b\xbf%\x1c\xcd\xa4\xf5\x95E\x9a\x82\xe3\xa4\x7fL\xe2\x86T' b'A!2\xce\x8aE\xdd\x11P)y[M\xf2\x1b\xbf%\x1c\xcd\xa4\xf5\x95E\x9a\x82\xe3\xa4\x7fL\xe2\x86T' 
Node 0 Delivers ACS Block in Round 32 with having 7000 TXs
this round time: 0.10127663612365723
Node 0 counting so-far tps: 66020.178003, latency 0.105110
0 start to run round 33 C: [0, 1, 2, 3, 4, 5, 6] N: 7
Signature share failed in CBC! ('sidA:33PB330', 0, 6, ('PB_ECHO', b'0D\x02 4%wb2bX@?\xae\x06Z0P\xf9\xa8%\x92\xef\xbef\x82ZtOOyv\xf0s\x1dV\x02 &\x067\x93\x1e\x1b\x84\xf7\xe1d\xad8\xdf\xdaUT\x02\x01\xa5\xec;\x15\x97\x96H\xe9\x99\xc6\x96\xe9\x02\x83'))
1-Signature share failed in SPBC! (0, 'sidA:33VACS33VACS-VABASPBC0', 0, 6, ('SPBC_ECHO', b'0E\x02!\x00\xe1,\x90\xed\xfa\x82\xb3D\xd0\xcc\xda|=|V\xcb\xbf\xb3\x81\x85\xe9\xce\x05\x13\xf84\x0f\xf1\xb4v\xd8\xa3\x02 ^\xc4-\xa6\xdd\xa0N\x8e\x04u\xd0\x0cP\x02\x8bb\x08\xcc\t\x1b\xaf\xebJ\x0e!\x92\xa8V\xb5\x1aXv'))
Signature share failed in SPBC!  sidA:33VACS33VACS-VABASPBC0 sidA:33VACS33VACS-VABASPBC0 0 0 b"1\x15\xfb\xfa\x89<\x10\x94\x1e\x0e\xb1$\xae0'\xb3\xc3QCs%\xc1\xb5\xa1.\xdc\xa996~\xf1\xc7" b"1\x15\xfb\xfa\x89<\x10\x94\x1e\x0e\xb1$\xae0'\xb3\xc3QCs%\xc1\xb5\xa1.\xdc\xa996~\xf1\xc7" 
Node 0 Delivers ACS Block in Round 33 with having 7000 TXs
this round time: 0.09984564781188965
Node 0 counting so-far tps: 66112.669334, latency 0.104990
0 start to run round 34 C: [0, 1, 2, 3, 4, 5, 6] N: 7
1-Signature share failed in SPBC! (0, 'sidA:34VACS34VACS-VABASPBC0', 0, 6, ('SPBC_ECHO', b'0E\x02!\x00\x80\xd7-\rC\xab\x93bdT\xb2\xc6\\\xc7L$7\xd2\xd6\x97\x96\x06\xc7\xab\\\x00}\x1c\x93\xf5\x069\x02 \x15:~1D\xc7\xce(\xba\x98\x01\xa3\xda\xb8\t$$/4\xa6pqt\xe6\xf6\xdej\x87\x01f\xe7N'))
Signature share failed in SPBC!  sidA:34VACS34VACS-VABASPBC0 sidA:34VACS34VACS-VABASPBC0 0 0 b'Q\x8d\x18\xb8\x96\xf1\xf0M\xd0\xc7\xf5\xcb\x163!\x86u\xa2\xae9\xe5\xfcVjJ\xe7T]D#Sg' b'Q\x8d\x18\xb8\x96\xf1\xf0M\xd0\xc7\xf5\xcb\x163!\x86u\xa2\xae9\xe5\xfcVjJ\xe7T]D#Sg' 
Node 0 Delivers ACS Block in Round 34 with having 7000 TXs
this round time: 0.09683036804199219
Node 0 counting so-far tps: 66253.516381, latency 0.104792
0 start to run round 35 C: [0, 1, 2, 3, 4, 5, 6] N: 7
1-Signature share failed in SPBC! (0, 'sidA:35VACS35VACS-VABASPBC0', 0, 6, ('SPBC_ECHO', b'0E\x02!\x00\xffWb\x00/[\x93\xa4|\x80\xeaW\xc6\xbe_\xba\x14\x06k\xb8\x1b\xc7p \xb5,\x04\xe2\x82w\xe3\x05\x02 .\x05}\xae\x9d\xc4\xb6"Y \xf1M\xc5\xd01\xe5\xa9\x1a9\xc9Rg\x94\xa5l\xa9\xd0\xe8\xec\xc3a&'))
Signature share failed in SPBC!  sidA:35VACS35VACS-VABASPBC0 sidA:35VACS35VACS-VABASPBC0 0 0 b"\xfe \x0f\xceQi~H\xd1\xbb\x16\xa2\xe5\x0b\x93\x91\x1a\x04'\xf9{N\xc2\x15}\xa0]\xa0\n%\x8f~" b"\xfe \x0f\xceQi~H\xd1\xbb\x16\xa2\xe5\x0b\x93\x91\x1a\x04'\xf9{N\xc2\x15}\xa0]\xa0\n%\x8f~" 
Node 0 Delivers ACS Block in Round 35 with having 7000 TXs
this round time: 0.10177874565124512
Node 0 counting so-far tps: 66300.381239, latency 0.104742
0 start to run round 36 C: [0, 1, 2, 3, 4, 5, 6] N: 7
1-Signature share failed in SPBC! (0, 'sidA:36VACS36VACS-VABASPBC0', 0, 6, ('SPBC_ECHO', b'0D\x02 u\xd5\x06\x81.ds\x11\xe4\x0ful\xe5}0\x12\x06\n\xf2\xa2\xe1\xa7\xce\xdfTw5\xd0\x83v\x97\xc4\x02 I\xda\x05\xa7\xae\xef\xaf\x8a\xa9\xbeu\xee^\xfc\x8eZ\xb1\xb3_\r\xb8\xdc(4\xad\x17\x86\xb6\x1f\x18`\xce'))
Signature share failed in SPBC!  sidA:36VACS36VACS-VABASPBC0 sidA:36VACS36VACS-VABASPBC0 0 0 b'\x9ah\xd7\x93[0\x1b\xdb+^\xf4\xce\x94\xf6\xd4\x91(U\x83\xd5\xa4\x8a\x83\xb0\x10;\xc6cC\x9e\xf4\x9c' b'\x9ah\xd7\x93[0\x1b\xdb+^\xf4\xce\x94\xf6\xd4\x91(U\x83\xd5\xa4\x8a\x83\xb0\x10;\xc6cC\x9e\xf4\x9c' 
Node 0 Delivers ACS Block in Round 36 with having 7000 TXs
this round time: 0.10344624519348145
Node 0 counting so-far tps: 66316.782542, latency 0.104739
0 start to run round 37 C: [0, 1, 2, 3, 4, 5, 6] N: 7
1-Signature share failed in SPBC! (0, 'sidA:37VACS37VACS-VABASPBC0', 0, 6, ('SPBC_ECHO', b'0E\x02!\x00\xe6+)\xf0\xed\xb9\x07zx\xe0\xbb\xe6\xab\x8b\xc5\x00\x80\xd2\\\\ \xd3\x1fR\xf8\xc2\xd4\x9a\xb3t\x9ad\x02 x\xbf\xeb\x82\x02\xe8O\x92\x1ab?\xca\x92\xc0\xd1\x14\xeeB\x9f\xe7e\x9eHI;\xc8\x17\x83I\xb9\t\x8e'))
Signature share failed in SPBC!  sidA:37VACS37VACS-VABASPBC0 sidA:37VACS37VACS-VABASPBC0 0 0 b'\xba\xc2\xef2B\xbb\xc7\xd2\xb1fQg:5\xb7\xfa_$\xb1\xfam\xef4~\xc6^\x9f)\x18\x92\x8dS' b'\xba\xc2\xef2B\xbb\xc7\xd2\xb1fQg:5\xb7\xfa_$\xb1\xfam\xef4~\xc6^\x9f)\x18\x92\x8dS' 
Node 0 Delivers ACS Block in Round 37 with having 7000 TXs
this round time: 0.10353493690490723
Node 0 counting so-far tps: 66330.493746, latency 0.104739
0 start to run round 38 C: [0, 1, 2, 3, 4, 5, 6] N: 7
1-Signature share failed in SPBC! (0, 'sidA:38VACS38VACS-VABASPBC0', 0, 6, ('SPBC_ECHO', b'0D\x02 <\xe9\x98\xc1r\x08@\x88\xb3s\xd68\x877l\xa8\xc0\xb3\x9cj\x8fh4\x91\x07\x03\x9b\xc6\x82\x08\xf3\x04\x02 Q\xb0\xf5iM\xfc~p\xfcE\x86\xd4+\x0e\x1c\xdfr<<\x10j\xc4\xd8\xd9\xf7n\x93?Zj\x11\x81'))
Signature share failed in SPBC!  sidA:38VACS38VACS-VABASPBC0 sidA:38VACS38VACS-VABASPBC0 0 0 b'\x92\xc0{\xf3q\x91\xcb\xdc-T\xc3\x8f6o\xc2\x1az\x9a\xab\xbe\x94\xff\xf1\x0e\xfc\xf5\xb9<\xef[\xfc\xe6' b'\x92\xc0{\xf3q\x91\xcb\xdc-T\xc3\x8f6o\xc2\x1az\x9a\xab\xbe\x94\xff\xf1\x0e\xfc\xf5\xb9<\xef[\xfc\xe6' 
Node 0 Delivers ACS Block in Round 38 with having 7000 TXs
this round time: 0.09617233276367188
Node 0 counting so-far tps: 66463.216282, latency 0.104550
0 start to run round 39 C: [0, 1, 2, 3, 4, 5, 6] N: 7
1-Signature share failed in SPBC! (0, 'sidA:39VACS39VACS-VABASPBC0', 0, 6, ('SPBC_ECHO', b'0E\x02!\x00\xa7f\x1b!a\n#\xf6\x06\x13\x80\x03\xcd\x80\xfaS\xb8C\xe0Gp\xe3\x18@\x96:\xdbqJWn&\x02 \x13\x86n&_dS\xbd\x9d\xbe\x9a\x9c\x99\xf7\xc9\xd1\x9du\xe3S\x9e\x18"\xd4>\xd6\xe3P\xe5\x93dv'))
Signature share failed in SPBC!  sidA:39VACS39VACS-VABASPBC0 sidA:39VACS39VACS-VABASPBC0 0 0 b'7\xab\x14W\n\x10\x0eG\x05\xb1k\xf0\x9d=\x80nn\xbc\xc3{\xea\x14]\xc8r0\x17\xb4\xc5\x00\xae\x9a' b'7\xab\x14W\n\x10\x0eG\x05\xb1k\xf0\x9d=\x80nn\xbc\xc3{\xea\x14]\xc8r0\x17\xb4\xc5\x00\xae\x9a' 
Node 0 Delivers ACS Block in Round 39 with having 7000 TXs
this round time: 0.1032402515411377
Node 0 counting so-far tps: 66476.842356, latency 0.104548
0 start to run round 40 C: [0, 1, 2, 3, 4, 5, 6] N: 7
1-Signature share failed in SPBC! (0, 'sidA:40VACS40VACS-VABASPBC0', 0, 6, ('SPBC_ECHO', b'0D\x02 :\xee\xb3\x05\x8f#F\'x\x16z\xf8\x7f\x83\x10-\x0e\x92\x1b(\xcff\x80\x88\xd8\xedxbZ\xe2\xd0,\x02 r\x82\xd4p\xe6\x98m\x93>9ad\xc5\x03j\x1c\xb1$\xf5\xce\xeftg<\x96+\xc3XZu"\x0e'))
Signature share failed in SPBC!  sidA:40VACS40VACS-VABASPBC0 sidA:40VACS40VACS-VABASPBC0 0 0 b'X\t\xbe}\xfa\xdb\x8d\x02\x9c\xc4\x1b\xbc\x03+\x15<\x14AK\xc2+\x85\x1c\x83\xfc\xb0\xfd\xd7\x1b\x0b\xcf\xfd' b'X\t\xbe}\xfa\xdb\x8d\x02\x9c\xc4\x1b\xbc\x03+\x15<\x14AK\xc2+\x85\x1c\x83\xfc\xb0\xfd\xd7\x1b\x0b\xcf\xfd' 
Node 0 Delivers ACS Block in Round 40 with having 7000 TXs
this round time: 0.09842252731323242
Node 0 counting so-far tps: 66564.809492, latency 0.104428
0 start to run round 41 C: [0, 1, 2, 3, 4, 5, 6] N: 7
1-Signature share failed in SPBC! (0, 'sidA:41VACS41VACS-VABASPBC0', 0, 6, ('SPBC_ECHO', b"0E\x02!\x00\xf1\xdd\xeee\x15\x8fKe\x93\x1d\xb3\xabfu\x99\x8aM\xeb\xea\xffF_x\x97')\\\xe7\x01\x80\x88\x1c\x02 y.{\x06\xe9\x83\xba\x8f\x9cp\xc3\xfa\xbe\x82\xbb\xb4[F\xc2\xc2AI\xf0\xa7\x9a\r\xa4\x1b\xde^4O"))
Signature share failed in SPBC!  sidA:41VACS41VACS-VABASPBC0 sidA:41VACS41VACS-VABASPBC0 0 0 b'\xfd\x7f\xb3\xed?\xa9\xf0\xd2\x91q\xe1\xdc\x0e\x8f\x1df\xcd\x0b\xc7\xc2\xb4\x06\xa0\x8f&\xafux\xde\xa8_\xb4' b'\xfd\x7f\xb3\xed?\xa9\xf0\xd2\x91q\xe1\xdc\x0e\x8f\x1df\xcd\x0b\xc7\xc2\xb4\x06\xa0\x8f&\xafux\xde\xa8_\xb4' 
Node 0 Delivers ACS Block in Round 41 with having 7000 TXs
this round time: 0.10016465187072754
Node 0 counting so-far tps: 66623.077722, latency 0.104354
0 start to run round 42 C: [0, 1, 2, 3, 4, 5, 6] N: 7
1-Signature share failed in SPBC! (0, 'sidA:42VACS42VACS-VABASPBC0', 0, 6, ('SPBC_ECHO', b"0D\x02 {Pd\xd6\xa0\\[\xaf;\x8a\xec\\x\xb7\xe7\x05\xda\n\x0c\x03\xef\x9e\x82\x0eIi\x02\xc2\xa4\xdd?y\x02 p\x0cr\x1f\xf5\xf1\x81\xc5\xfd\x8e\xe33=@\x8f\x8f\xc2\xa7A\xaf\xa1\x05\xde\xa0\xad\x00\xea'\x89f\x0eR"))
Signature share failed in SPBC!  sidA:42VACS42VACS-VABASPBC0 sidA:42VACS42VACS-VABASPBC0 0 0 b'\x9f\x12\xbb\xe3\x01\x16\xaf\x10\x16\x17S\xb6:\xac\xd5IO\x17\x8cy\xff\x1d\x90\x84\xc2\xef\x93m\xeaCx\x1d' b'\x9f\x12\xbb\xe3\x01\x16\xaf\x10\x16\x17S\xb6:\xac\xd5IO\x17\x8cy\xff\x1d\x90\x84\xc2\xef\x93m\xeaCx\x1d' 
Node 0 Delivers ACS Block in Round 42 with having 7000 TXs
this round time: 0.10158991813659668
Node 0 counting so-far tps: 66657.274564, latency 0.104317
0 start to run round 43 C: [0, 1, 2, 3, 4, 5, 6] N: 7
1-Signature share failed in SPBC! (0, 'sidA:43VACS43VACS-VABASPBC0', 0, 6, ('SPBC_ECHO', b'0E\x02!\x00\xca8\xf4\xf7\x9c|\xed\xaf!\x01,\xe5&\xe7\xa3\xf4O\xae\r\xf59\xf4\xe2F\xbe\xde \xf9,\xc4\x82\x1f\x02 7\xccuM\xfb \xda\xb3\xda\x02\xd0J\x1e{\xe3\xb1\xb8\xa1\xda8\x19!\xfa\x90%\x97\xa8\xc5-\xfd\xf1Z'))
Signature share failed in SPBC!  sidA:43VACS43VACS-VABASPBC0 sidA:43VACS43VACS-VABASPBC0 0 0 b'\xdcl\r%\xf0\xcd\x8f\xd6>\xd5\xb0\x7f\x9b)@\x8e\xe3\x8a\xb9\xb72G\x14\x03\xac\x8b\\\xea\x17\x10\x96<' b'\xdcl\r%\xf0\xcd\x8f\xd6>\xd5\xb0\x7f\x9b)@\x8e\xe3\x8a\xb9\xb72G\x14\x03\xac\x8b\\\xea\x17\x10\x96<' 
Node 0 Delivers ACS Block in Round 43 with having 7000 TXs
this round time: 0.10051751136779785
Node 0 counting so-far tps: 66705.311688, latency 0.104258
0 start to run round 44 C: [0, 1, 2, 3, 4, 5, 6] N: 7
1-Signature share failed in SPBC! (0, 'sidA:44VACS44VACS-VABASPBC0', 0, 6, ('SPBC_ECHO', b'0E\x02!\x00\xa4\x18\x12\x94D0\x0e\x14\x16Z1#\xa9h\xd5\xb7\xde\xb7\x0eBF\xaa\xf8\x7fX\x17\xef\xbc\x1fv\x00\x87\x02 :\xc3C3w8\xd4G\xbe\r\xe7\xcc\x93T\x99\xf5\xd4}\xf5By\xd9w\xb3\xe1%C\xc4\xael/\x86'))
Signature share failed in SPBC!  sidA:44VACS44VACS-VABASPBC0 sidA:44VACS44VACS-VABASPBC0 0 0 b'w\x86\xa4\xd8\xae\xd1\xd6Dg\x95zDL\xbc\xf2\xe5\x86\xfd\x13\x18S\x8c\x14\x10\xd5\x91\x0f0v\xb5\xf5\x07' b'w\x86\xa4\xd8\xae\xd1\xd6Dg\x95zDL\xbc\xf2\xe5\x86\xfd\x13\x18S\x8c\x14\x10\xd5\x91\x0f0v\xb5\xf5\x07' 
Node 0 Delivers ACS Block in Round 44 with having 7000 TXs
this round time: 0.09823131561279297
Node 0 counting so-far tps: 66783.330045, latency 0.104151
0 start to run round 45 C: [0, 1, 2, 3, 4, 5, 6] N: 7
1-Signature share failed in SPBC! (0, 'sidA:45VACS45VACS-VABASPBC0', 0, 6, ('SPBC_ECHO', b'0D\x02 \x0c\x85\xceZ:C\xa0g\xce\xb5\xbc@\xa1\xfd%\xf6\xe7(k\xc4\x9b\xd8eh%\x8f\x82DI\x03p\xf7\x02 y\x9c\x0e\t!\xdfT\xd99\xceN\xf7\x8aX\x1f5\xe9\x9d\xb8\xa1[\x94\xe5m\x96\xf4\x8e\xed\xcb\xc6%\x7f'))
Signature share failed in SPBC!  sidA:45VACS45VACS-VABASPBC0 sidA:45VACS45VACS-VABASPBC0 0 0 b'\xa6^$C\xc9dB\xd5\xdc\xa7:\xecA\x11\xf3Rg\x8cKM\x08\xf4\xce\xbdgr\xad\xbe`\x81\x14\x1e' b'\xa6^$C\xc9dB\xd5\xdc\xa7:\xecA\x11\xf3Rg\x8cKM\x08\xf4\xce\xbdgr\xad\xbe`\x81\x14\x1e' 
Node 0 Delivers ACS Block in Round 45 with having 7000 TXs
this round time: 0.1018373966217041
Node 0 counting so-far tps: 66808.582803, latency 0.104126
0 start to run round 46 C: [0, 1, 2, 3, 4, 5, 6] N: 7
1-Signature share failed in SPBC! (0, 'sidA:46VACS46VACS-VABASPBC0', 0, 6, ('SPBC_ECHO', b'0D\x02 \x10|8\xd6s\xff\x98\xe1\xfc+\x876\x03\x85\xdf>>\xc5U\x15\xb5\r\x96a\x98\xdb\x05\x10fwj!\x02 ,\xfd6\x0c(\xfd\x16\x0es\x16\xb7A^\xa1\x14Z0\xe2e+\xebs\xa6$x4\xf4G!N\xafR'))
Signature share failed in SPBC!  sidA:46VACS46VACS-VABASPBC0 sidA:46VACS46VACS-VABASPBC0 0 0 b'c\xe3\x89\x91\x84\xfb\xa6h\xf3\xb5\xe6\x02\xd8\xda\x00\x98\xaa\xc8\x04\x8d0\x0cf:\x8f\x02\xdb\x03\x08ub\xde' b'c\xe3\x89\x91\x84\xfb\xa6h\xf3\xb5\xe6\x02\xd8\xda\x00\x98\xaa\xc8\x04\x8d0\x0cf:\x8f\x02\xdb\x03\x08ub\xde' 
Node 0 Delivers ACS Block in Round 46 with having 7000 TXs
this round time: 0.10042667388916016
Node 0 counting so-far tps: 66851.193740, latency 0.104074
0 start to run round 47 C: [0, 1, 2, 3, 4, 5, 6] N: 7
1-Signature share failed in SPBC! (0, 'sidA:47VACS47VACS-VABASPBC0', 0, 6, ('SPBC_ECHO', b'0D\x02 \r\x0bWH\xa4\nT\xfd\xa9\xca\xdc\xe0\xb8@\xe4\x0b\xd8\xac\x0eo\x84-\x04\xb7\xa7|\xcc\xa3e9t\xe7\x02 \x12E\xc7\xcen\x99s\x1d\x8bD\xd4\xadA\xbf\xd0\x91\xe5\x80\xb59\x06\x91u+\xc7?2<\xc5\xffu\xab'))
Signature share failed in SPBC!  sidA:47VACS47VACS-VABASPBC0 sidA:47VACS47VACS-VABASPBC0 0 0 b'\x9e\xcbR\x04JY\xec\xef\xf7\x01\xc7&\xc9\xc4\x83\xf4\xd6\xafB\x19\xa6\xaf\x91\x0f\x18\xe57\x85\xb9\xaf\x02$' b'\x9e\xcbR\x04JY\xec\xef\xf7\x01\xc7&\xc9\xc4\x83\xf4\xd6\xafB\x19\xa6\xaf\x91\x0f\x18\xe57\x85\xb9\xaf\x02$' 
Node 0 Delivers ACS Block in Round 47 with having 7000 TXs
this round time: 0.09797048568725586
Node 0 counting so-far tps: 66925.537720, latency 0.103971
0 start to run round 48 C: [0, 1, 2, 3, 4, 5, 6] N: 7
1-Signature share failed in SPBC! (0, 'sidA:48VACS48VACS-VABASPBC0', 0, 6, ('SPBC_ECHO', b'0D\x02 (\x1d\x1b\t)\xfb\xf4.\\\x9c\x9f3\xc6c\xad\x92\xc6E\x8d\x0f\x1f\xa1[\xceF\xd7\x83\xebj\x97\xd8\x1d\x02 N(\x10\x9e\r\x7fo\xc7f\xcb\xf1h\x99\x85\xc6kU\x07\xab\x8b\xbd\xb4*\x86\x82\x1a\xdd\xe28\x11\x96\x9b'))
Signature share failed in SPBC!  sidA:48VACS48VACS-VABASPBC0 sidA:48VACS48VACS-VABASPBC0 0 0 b"\xdbM\xbd*\xaf\x8a\\\xdd\x11\x92\xf0\x05+s\xc9b\xb0\x9apV'\x11Q\xe8\x86w\xa8\xcb\x92\xb5@\xfe" b"\xdbM\xbd*\xaf\x8a\\\xdd\x11\x92\xf0\x05+s\xc9b\xb0\x9apV'\x11Q\xe8\x86w\xa8\xcb\x92\xb5@\xfe" 
Node 0 Delivers ACS Block in Round 48 with having 7000 TXs
this round time: 0.10093569755554199
Node 0 counting so-far tps: 66958.766402, latency 0.103932
0 start to run round 49 C: [0, 1, 2, 3, 4, 5, 6] N: 7
1-Signature share failed in SPBC! (0, 'sidA:49VACS49VACS-VABASPBC0', 0, 6, ('SPBC_ECHO', b'0E\x02!\x00\xf4\x96\x11\x15Ve\x96X\x9e\xe4\x83\xa7\x87J\'\xe5rzj\x1a\x93\xbdQ\xb2\xa7i" \xe721K\x02 \x1a\xba\xd8\x9b\xb4\xf0\x99\x04\x8a(\xa5\xf3\x85\xd6\t\xd1A{\xa0)\xc7\xc5\x0b\x9e\xdbk\xa59\'\x83\x1b\x96'))
Signature share failed in SPBC!  sidA:49VACS49VACS-VABASPBC0 sidA:49VACS49VACS-VABASPBC0 0 0 b'\x8b\x92\x88\x8av\xedq\n@\x9e,\xde\xaf\xed\xe7\xfa\xc8\xeaj\xb6+=N\xeb{\x0bx\x8a\x07\xcfA\xce' b'\x8b\x92\x88\x8av\xedq\n@\x9e,\xde\xaf\xed\xe7\xfa\xc8\xeaj\xb6+=N\xeb{\x0bx\x8a\x07\xcfA\xce' 
Node 0 Delivers ACS Block in Round 49 with having 7000 TXs
this round time: 0.10167288780212402
Node 0 counting so-far tps: 66980.105141, latency 0.103911
0 start to run round 50 C: [0, 1, 2, 3, 4, 5, 6] N: 7
1-Signature share failed in SPBC! (0, 'sidA:50VACS50VACS-VABASPBC0', 0, 6, ('SPBC_ECHO', b'0E\x02!\x00\xf9Gq\xad\xf2\xb9\xe6\xe5\x99\xa5&\xafA\x91-\x0f\x10\xbfo\xf4\x83,\xfe\xfb\xe0\x0f\x07\xb4&\xe2\x02\xb2\x02  \xd0\xa3\x98\x1a"m\xe7.\xf1\x06JK\x90}\xbewp\xfb\xc8\xbe\xb1R\xc7\xa6\x81&\xec\x05\xc7\xaf\x85'))
Signature share failed in SPBC!  sidA:50VACS50VACS-VABASPBC0 sidA:50VACS50VACS-VABASPBC0 0 0 b'\xdf\xa0\tP\x93M4@\xe4/E\xc8/\xfc{\xbf\x99,e\x921\xe8Um\x9eiR\xe2\xa0\xc1\xb0\x12' b'\xdf\xa0\tP\x93M4@\xe4/E\xc8/\xfc{\xbf\x99,e\x921\xe8Um\x9eiR\xe2\xa0\xc1\xb0\x12' 
Node 0 Delivers ACS Block in Round 50 with having 7000 TXs
this round time: 0.1014411449432373
Node 0 counting so-far tps: 67003.524645, latency 0.103887
0 start to run round 51 C: [0, 1, 2, 3, 4, 5, 6] N: 7
1-Signature share failed in SPBC! (0, 'sidA:51VACS51VACS-VABASPBC0', 0, 6, ('SPBC_ECHO', b'0E\x02!\x00\xe6\xfb\x85\xbe\xcd\xdc$\xeb[f\xd8\xf4\xb9n\xe8IP\xd6\xc0\xec\x01=\xe7\xab\x02\xb7{4E\xd5\xe1j\x02 J{!\xe9\xed\x95s\x11ZlIuVCw\x86) \x04\xe2`Qu\xd7\xcbK\x971\xe6G\xae\xe2'))
Signature share failed in SPBC!  sidA:51VACS51VACS-VABASPBC0 sidA:51VACS51VACS-VABASPBC0 0 0 b'(\x16W\xc7\xe3\x81\x15|>LOg\x11\x81\xb7U\x10lv\xd5_\xe9~7\xb0A\x1b\xd7\xa809\xf9' b'(\x16W\xc7\xe3\x81\x15|>LOg\x11\x81\xb7U\x10lv\xd5_\xe9~7\xb0A\x1b\xd7\xa809\xf9' 
Node 0 Delivers ACS Block in Round 51 with having 7000 TXs
this round time: 0.09980607032775879
Node 0 counting so-far tps: 67046.603265, latency 0.103831
0 start to run round 52 C: [0, 1, 2, 3, 4, 5, 6] N: 7
1-Signature share failed in SPBC! (0, 'sidA:52VACS52VACS-VABASPBC0', 0, 6, ('SPBC_ECHO', b"0E\x02!\x00\x80\xbd\xa60\x06\xca1\xb9w\xa8V\x9b\xa4JZ\xe1\xe3\x80:\xb6\xb4\x98T\xac\x8c\x82\xbb\xeb\x93<\x89\xc3\x02 c*\xaa<\x90E\xae\xec#5\xdd\xe6^I\xb5\x11Z\xff\x90'e\x06\x9f6\\\xa84\xc2F\x13\xe4\xb8"))
Signature share failed in SPBC!  sidA:52VACS52VACS-VABASPBC0 sidA:52VACS52VACS-VABASPBC0 0 0 b'\x8b\xe9)\xfe\xa7{\xb4D\x1b6\xe3u\xce\xa5\xc0!\x96\xeb\xb2\xf3\x99\xeb=H\x9fN\xc7=\xf3\x95p\xd3' b'\x8b\xe9)\xfe\xa7{\xb4D\x1b6\xe3u\xce\xa5\xc0!\x96\xeb\xb2\xf3\x99\xeb=H\x9fN\xc7=\xf3\x95p\xd3' 
Node 0 Delivers ACS Block in Round 52 with having 7000 TXs
this round time: 0.10226988792419434
Node 0 counting so-far tps: 67058.488355, latency 0.103824
0 start to run round 53 C: [0, 1, 2, 3, 4, 5, 6] N: 7
1-Signature share failed in SPBC! (0, 'sidA:53VACS53VACS-VABASPBC0', 0, 6, ('SPBC_ECHO', b'0D\x02 (z&\xcc\x81n\xf3\x97,\x00\xc5\x15\xde}\xc4\xcf\xb8\xa6"\x14\xe5\xcbC\xcb\xb04\xb3U2\xb8\xfet\x02 r_4\x17}\x95\x14z\x8fN$I\xd4\x8b|\xb6*.b\x18\xa9\xd5\xcch\x0e\x1d\')\n\x13j\x82'))
Signature share failed in SPBC!  sidA:53VACS53VACS-VABASPBC0 sidA:53VACS53VACS-VABASPBC0 0 0 b'\xa9\xaf\xecb(kL\t\x9a7\x81\x9c\xb3\xe0\xc3\xd9\x04\xf7#+\x96I\xde\x1a\x02\xdfn5\xe1\x1b@\xb9' b'\xa9\xaf\xecb(kL\t\x9a7\x81\x9c\xb3\xe0\xc3\xd9\x04\xf7#+\x96I\xde\x1a\x02\xdfn5\xe1\x1b@\xb9' 
Node 0 Delivers ACS Block in Round 53 with having 7000 TXs
this round time: 0.10161471366882324
Node 0 counting so-far tps: 67077.654337, latency 0.103805
0 start to run round 54 C: [0, 1, 2, 3, 4, 5, 6] N: 7
1-Signature share failed in SPBC! (0, 'sidA:54VACS54VACS-VABASPBC0', 0, 6, ('SPBC_ECHO', b'0E\x02!\x00\xff\x17\xcb+}\xe9q\x04:.-\x9b"!\xc0an"\x8b\xe0\xd6P\x13\xf7\xc3z`|b\xeb\xae\xff\x02 #\xf15\xd8IZ\xc7\x10k\xef",y\xdcT\t\xb2\xcb\x08\xfa%\xd6\xed\x87\x84\x8a\xca^T!\xcbg'))
Signature share failed in SPBC!  sidA:54VACS54VACS-VABASPBC0 sidA:54VACS54VACS-VABASPBC0 0 0 b'+\r\xdaU\xf7\x16\xf9\xd2\xc2\xc8\x16\xcf\xf1\x05\xf6\xdc\xa0\xcf\x8a\xab\xb3\xf0E\xc4\x1f\xf5Afz\xa9\xaf)' b'+\r\xdaU\xf7\x16\xf9\xd2\xc2\xc8\x16\xcf\xf1\x05\xf6\xdc\xa0\xcf\x8a\xab\xb3\xf0E\xc4\x1f\xf5Afz\xa9\xaf)' 
Node 0 Delivers ACS Block in Round 54 with having 7000 TXs
this round time: 0.09960198402404785
Node 0 counting so-far tps: 67118.983370, latency 0.103751
0 start to run round 55 C: [0, 1, 2, 3, 4, 5, 6] N: 7
1-Signature share failed in SPBC! (0, 'sidA:55VACS55VACS-VABASPBC0', 0, 6, ('SPBC_ECHO', b'0E\x02!\x00\x82\x1d\xe7\x14\xdc\t\xcdu\xa0J\xfc\xc9\x0f\x7f\xfcdz\xa0\x96v\xc0\xc6S\t$\xd7\xf2W;\xd1\x86\xc1\x02 p-O\xe4\x864c\xadp`\xcegu\xbb\x9a\xfd\n3\x17\x82\x1eYw\x11dA\x17\x90\xa6\x10v\xa4'))
Signature share failed in SPBC!  sidA:55VACS55VACS-VABASPBC0 sidA:55VACS55VACS-VABASPBC0 0 0 b'\xb5\x04\xe3>\x15D\xc0rN\x8a-\x13)\xea\xde{\xe4{\x0c\x0c\t"8H\x01\x0e^s\xe5\x7f\xf2p' b'\xb5\x04\xe3>\x15D\xc0rN\x8a-\x13)\xea\xde{\xe4{\x0c\x0c\t"8H\x01\x0e^s\xe5\x7f\xf2p' 
Node 0 Delivers ACS Block in Round 55 with having 7000 TXs
this round time: 0.10408711433410645
Node 0 counting so-far tps: 67107.826066, latency 0.103778
0 start to run round 56 C: [0, 1, 2, 3, 4, 5, 6] N: 7
1-Signature share failed in SPBC! (0, 'sidA:56VACS56VACS-VABASPBC0', 0, 6, ('SPBC_ECHO', b'0D\x02 \x1b\xf6\x896u5SG\xb1$L\x93:j\xad\xbf\xe9\x13^CP\xbcq\xae\x93]]\xa3k\x8aYG\x02 L\xff\x18\x0ex\x9f\xf5c0\n\x9a/\xda\xe3\xd3\xe9\xf7a\xb0+>`\xc3\xca\x9b=\xb8L\xd3{c\xc4'))
Signature share failed in SPBC!  sidA:56VACS56VACS-VABASPBC0 sidA:56VACS56VACS-VABASPBC0 0 0 b'u\xfe*\xdfk \x9b\xd9H\xda\xfe&\xb8s\x7f`<O\x9fH\x92\x8a\xab_\x89\xf5\xfaRg\xa4\xea\x0c' b'u\xfe*\xdfk \x9b\xd9H\xda\xfe&\xb8s\x7f`<O\x9fH\x92\x8a\xab_\x89\xf5\xfaRg\xa4\xea\x0c' 
Node 0 Delivers ACS Block in Round 56 with having 7000 TXs
this round time: 0.0993804931640625
Node 0 counting so-far tps: 67149.899523, latency 0.103722
0 start to run round 57 C: [0, 1, 2, 3, 4, 5, 6] N: 7
1-Signature share failed in SPBC! (0, 'sidA:57VACS57VACS-VABASPBC0', 0, 6, ('SPBC_ECHO', b"0D\x02 Ti\t\xe9$=\x15\x8b9\xd5v`}\x84&\xe4\xe9H_\x06\xa7m\xe6\xdaW~,\x06\x8a\xbb\xba\x9b\x02 !\x92'\xa94\x91td\xb3\xd9\xd6\xaf6\x17\xf7\xd9\xd3%\xdf\xe3\xb4\xd9\xa5\xd7i\xb7\xe1\x05\xa9\xddI4"))
Signature share failed in SPBC!  sidA:57VACS57VACS-VABASPBC0 sidA:57VACS57VACS-VABASPBC0 0 0 b'w\x0f\x81\x8d\xf8\xaa\xc6\xf1\xdb\xbd\xba\x9c\xd6\xf7\xf0\xd9\xff\x16L\xb0\xf3\x1b\xd6\xdf6\xf3\xf2\xfan\xe6]\xb6' b'w\x0f\x81\x8d\xf8\xaa\xc6\xf1\xdb\xbd\xba\x9c\xd6\xf7\xf0\xd9\xff\x16L\xb0\xf3\x1b\xd6\xdf6\xf3\xf2\xfan\xe6]\xb6' 
Node 0 Delivers ACS Block in Round 57 with having 7000 TXs
this round time: 0.09919452667236328
Node 0 counting so-far tps: 67193.695708, latency 0.103663
0 start to run round 58 C: [0, 1, 2, 3, 4, 5, 6] N: 7
1-Signature share failed in SPBC! (0, 'sidA:58VACS58VACS-VABASPBC0', 0, 6, ('SPBC_ECHO', b'0D\x02 Ep\x8b\xceS\x04\x04\x89Y[[\\Z\xcd\xb9]}\xae\xa3\x92F6k\x1a\xfb\x91\xdb\xaf\xaaP\xf1i\x02 z\xb2\x7f\xd3G\xda\x01sj\x96I\xbf\xe4)\x185\xd2\xc6U\xdan\x12\x1d\xee\x027\x0f\xecQ\x8dVl'))
Signature share failed in SPBC!  sidA:58VACS58VACS-VABASPBC0 sidA:58VACS58VACS-VABASPBC0 0 0 b"P<\x06\xa1N^)U\xe9\xcaNs'\x10\xe0\x15\xfb\x9d\xef\xcd.\xd6\xa8\xc2\xf2\x8cv\xc8\x0f\x18\xb1q" b"P<\x06\xa1N^)U\xe9\xcaNs'\x10\xe0\x15\xfb\x9d\xef\xcd.\xd6\xa8\xc2\xf2\x8cv\xc8\x0f\x18\xb1q" 
Node 0 Delivers ACS Block in Round 58 with having 7000 TXs
this round time: 0.09926557540893555
Node 0 counting so-far tps: 67234.559582, latency 0.103609
0 start to run round 59 C: [0, 1, 2, 3, 4, 5, 6] N: 7
1-Signature share failed in SPBC! (0, 'sidA:59VACS59VACS-VABASPBC0', 0, 6, ('SPBC_ECHO', b'0E\x02!\x00\xf6l\x80\xd2\xb4[\x1d\x95\xe7r\xaf\x9a\xa7e\xed\xa7L~f\xfe_\xff\xb1|\x0e\xbf*\xec\xf1\xc36\xfc\x02 rK\x8fM\x82\x83Ka\x96\x86\xda\x1bv\xceQo\xefd\x05\xd3.+\xde\xd2$\xb9rrrD\xdeq'))
Signature share failed in SPBC!  sidA:59VACS59VACS-VABASPBC0 sidA:59VACS59VACS-VABASPBC0 0 0 b'\xc7\xba\xb0"\xd2\xa9>\xc1\x850 \x08\x1d\x05\xaa\xd2\x9c\x11\xcc\xd7\x15C\xbcn=n&\x07!\xa6\xd1\x97' b'\xc7\xba\xb0"\xd2\xa9>\xc1\x850 \x08\x1d\x05\xaa\xd2\x9c\x11\xcc\xd7\x15C\xbcn=n&\x07!\xa6\xd1\x97' 
Node 0 Delivers ACS Block in Round 59 with having 7000 TXs
this round time: 0.09874463081359863
Node 0 counting so-far tps: 67279.368591, latency 0.103548
0 start to run round 60 C: [0, 1, 2, 3, 4, 5, 6] N: 7
1-Signature share failed in SPBC! (0, 'sidA:60VACS60VACS-VABASPBC0', 0, 6, ('SPBC_ECHO', b"0E\x02!\x00\xd9~\xab\xb6\xfc}{\xa8\xe8\x97\x88\x7f\xfayQ'\x1ce\xbe\xb2V\x80\x13m\xebR\xbbt\xe8\xe3C\x88\x02 \x02\xf4\xa0p\xa7'~\x02\x11\x81\x84\xf6i=>\xba\t\x95G\xc8\xc2y\xb9)[\x0b\x15\xa1\xe2\xef\xfb\x08"))
Signature share failed in SPBC!  sidA:60VACS60VACS-VABASPBC0 sidA:60VACS60VACS-VABASPBC0 0 0 b'\xf3\x0e\xb7\x87n\xb6`\xda\xde=\x0e\xe7a\xd6q\xd7\xde\xcb88\xd6\xf1]r\xc9yr\xae_\xa7"\x1f' b'\xf3\x0e\xb7\x87n\xb6`\xda\xde=\x0e\xe7a\xd6q\xd7\xde\xcb88\xd6\xf1]r\xc9yr\xae_\xa7"\x1f' 
Node 0 Delivers ACS Block in Round 60 with having 7000 TXs
this round time: 0.10337185859680176
Node 0 counting so-far tps: 67263.923646, latency 0.103580
0 start to run round 61 C: [0, 1, 2, 3, 4, 5, 6] N: 7
1-Signature share failed in SPBC! (0, 'sidA:61VACS61VACS-VABASPBC0', 0, 6, ('SPBC_ECHO', b'0E\x02!\x00\xab\x11U\xe4\x95N\xf9M\x85\xa8\x94\xb1f\xed4\xbb\xa51\xde,:\x1dS2\x8e\xc3\xd3w\x8c\\\xc38\x02 k\xfe\xfa!q\x1d\xc5\xd6\xf4\xbaA]\xd5\x12W\x1a\xe6\xb1\xa5\x7f\x8d\x8b!Aw\x1cOL?\x17\xc9J'))
Node 0 Delivers ACS Block in Round 61 with having 7000 TXs
this round time: 0.09705257415771484
Node 0 counting so-far tps: 67324.724521, latency 0.103495
0 start to run round 62 C: [0, 1, 2, 3, 4, 5, 6] N: 7
Signature share failed in CBC! ('sidA:62PB620', 0, 6, ('PB_ECHO', b'0D\x02 Yv\x12\x94P\xa0g\xae\xca\xba\x85E\xf4\x0c\x14\xedM\'\x9aAc&c1S\xf0I\r\xae\x8b\x91\x10\x02 P \x85L\x84"\xf1\xd9%\xbc\xe9\x08\r,\xcbG\xbdQ\xbd\xdaz\xc9\xb0\xc0\x9f] P\x8a\xe7L\x9c'))
1-Signature share failed in SPBC! (0, 'sidA:62VACS62VACS-VABASPBC0', 0, 6, ('SPBC_ECHO', b'0E\x02!\x00\xee_\xae\xab\x1c\x1d\xbc,\xef\xb3\xa9M\x90\xfb\t\xa4\n\xd8\xbdGH\n\xb9\xaa8\x86h\x9b\x9c\x06\xbdw\x02 \x14^\x85\xbeXl\xc7\xd76\x8e@1\xf1;\x8e?\xeb\x1f>\rA\xf0G\xf0Q\x01\xafH\x8f\x9b\xe4J'))
Signature share failed in SPBC!  sidA:62VACS62VACS-VABASPBC0 sidA:62VACS62VACS-VABASPBC0 0 0 b'[\xe1\xd7\x9d\xa1\xb9\x82\x97Z\xba\xac\xdc\x823{c04\xaap`*\xd3\x05\x862\xba\xa4\x02\xa2`\x9e' b'[\xe1\xd7\x9d\xa1\xb9\x82\x97Z\xba\xac\xdc\x823{c04\xaap`*\xd3\x05\x862\xba\xa4\x02\xa2`\x9e' 
Node 0 Delivers ACS Block in Round 62 with having 7000 TXs
this round time: 0.10313010215759277
Node 0 counting so-far tps: 67320.924606, latency 0.103508
0 start to run round 63 C: [0, 1, 2, 3, 4, 5, 6] N: 7
Signature share failed in CBC! ('sidA:63PB630', 0, 6, ('PB_ECHO', b'0E\x02!\x00\xc8\xf2]\xbe\x98\xcb\x19\xddPs\xa4,\x96\xab\xf9\xdcBwMm2\xf7\x18E\xd2\xc8n\xe5\x84\\\x1c\x92\x02 R|$o\x8es9M\x009;\x8f\x1e\xb4\x81m\xb3\x86\xc1+\x90\xf5v\x16\x9cy\x0e$\x14\xc3\x08\xbc'))
1-Signature share failed in SPBC! (0, 'sidA:63VACS63VACS-VABASPBC0', 0, 6, ('SPBC_ECHO', b'0D\x02 p\x9a\xfdKv|0\x9eb0Uz\xd6`\x1f\x8dO\xfd\xf9\xd8\xed\xa6\x83\xa0\x08\x87\xf3e\xa0\xd0k*\x02 g\x91NN\xeb\x95lV\xee\x93\x19\xe8f\x00\xe8\xe4\xd8\xda\xde5\xdfmJ;TU\xe6\xcc\xcc\x1cP\xd4'))
Node 0 Delivers ACS Block in Round 63 with having 7000 TXs
this round time: 0.10116362571716309
Node 0 counting so-far tps: 67337.400494, latency 0.103490
0 start to run round 64 C: [0, 1, 2, 3, 4, 5, 6] N: 7
1-Signature share failed in SPBC! (0, 'sidA:64VACS64VACS-VABASPBC0', 0, 6, ('SPBC_ECHO', b'0D\x02 ,&Y\x95\xa6e\xda4y\x80\\\xd0r\xa3\xb4\x8dp\xc7\xe1\xb5\t\xd5J\x14\xac\xc2\xb2\\\xc5\n\t@\x02 b\xb2\xe6G\x8f\x00\x94\xf8_\xc7\xc4\xc9\xbb_E\x1eCT\x18\xe9|\x9d%!\xe7\xaf\xde\x90]\xa6w\x87'))
Signature share failed in SPBC!  sidA:64VACS64VACS-VABASPBC0 sidA:64VACS64VACS-VABASPBC0 0 0 b'\n\xd2\xfe1\xd7\x9f\x83\x9bC\xafI\x97B\xec\x9ay_7\xc4SI@\x11\x83\x90\xe4g>\x86\xbc\x89\xfa' b'\n\xd2\xfe1\xd7\x9f\x83\x9bC\xafI\x97B\xec\x9ay_7\xc4SI@\x11\x83\x90\xe4g>\x86\xbc\x89\xfa' 
Node 0 Delivers ACS Block in Round 64 with having 7000 TXs
this round time: 0.10045385360717773
Node 0 counting so-far tps: 67360.101416, latency 0.103462
0 start to run round 65 C: [0, 1, 2, 3, 4, 5, 6] N: 7
1-Signature share failed in SPBC! (0, 'sidA:65VACS65VACS-VABASPBC0', 0, 6, ('SPBC_ECHO', b'0D\x02 &\xee\xf4MW\xea\x06\xe9\x06q\xd4\xab9\xc9\x13\xff#s\xebs\x8d\xcbGX\x87>xR\xfd&\x94\x1f\x02 <YM\xa8O\xdd \x18\xdc6q\xc8\x92JG\xb2{\xc1fyl\x8brp\r\xae\xa8\xb6\xbb\xbf\xba\x16'))
Signature share failed in SPBC!  sidA:65VACS65VACS-VABASPBC0 sidA:65VACS65VACS-VABASPBC0 0 0 b'\x08p\xd7\xc7\x02\x84&\xadh~\xd5\x90\xdc\xef\x7f\xe3\xd0$X\\\x17\x8e\xa3}}\xa3x\xbdG\xe5\xd7>' b'\x08p\xd7\xc7\x02\x84&\xadh~\xd5\x90\xdc\xef\x7f\xe3\xd0$X\\\x17\x8e\xa3}}\xa3x\xbdG\xe5\xd7>' 
Node 0 Delivers ACS Block in Round 65 with having 7000 TXs
this round time: 0.09886717796325684
Node 0 counting so-far tps: 67397.180935, latency 0.103412
0 start to run round 66 C: [0, 1, 2, 3, 4, 5, 6] N: 7
1-Signature share failed in SPBC! (0, 'sidA:66VACS66VACS-VABASPBC0', 0, 6, ('SPBC_ECHO', b'0E\x02!\x00\xfdN\xea\xbf\xc5\x81q\xc7\x87c\xd1P\xe1\xa5\x87\x06\\\r\t\x10\x020\xc6t\x10\x19\x88\xc8\xd0\xe8\x90G\x02 9)\n\x1c\x93\xaf8M\xd6)F\x04\x9f,A\xe4T\x94\xf4\xbfy\x81\xff\xa9\xad\xe9\x9fK\xaa\xe0\xa3\xa1'))
Signature share failed in SPBC!  sidA:66VACS66VACS-VABASPBC0 sidA:66VACS66VACS-VABASPBC0 0 0 b'\xc8Kz\xb9\xb9\xb1\xe6\xa5Q\x01RCb\xc1\x016g\xf1\xae\x98Z\xe4\x87\xa5\xca\xc7\x06=\xef\xc9r\x87' b'\xc8Kz\xb9\xb9\xb1\xe6\xa5Q\x01RCb\xc1\x016g\xf1\xae\x98Z\xe4\x87\xa5\xca\xc7\x06=\xef\xc9r\x87' 
Node 0 Delivers ACS Block in Round 66 with having 7000 TXs
this round time: 0.10173320770263672
Node 0 counting so-far tps: 67403.381270, latency 0.103409
0 start to run round 67 C: [0, 1, 2, 3, 4, 5, 6] N: 7
1-Signature share failed in SPBC! (0, 'sidA:67VACS67VACS-VABASPBC0', 0, 6, ('SPBC_ECHO', b'0E\x02!\x00\xbf\xe0#E\xaa\x89\xef\x92\x02}\xf7g\xc9\x0cF\xb4a%\x93\x03\xa4a\x91\xe0V\x88\xd0Xz\x84\x84b\x02 F\xa6.YoX8\xd4k7M\xc7^\xc2)\x8bn\x13\xcablf7\xa1\xb4\xf8da$tW\xee'))
Signature share failed in SPBC!  sidA:67VACS67VACS-VABASPBC0 sidA:67VACS67VACS-VABASPBC0 0 0 b'@\xd2\xa9\x9b\xfb\xf6\xd1c\xce\xb3uV\x9b\xd6\x95\xa1\xf3\t\xfb~\xa3\x051[\x1aL\x12\x02D\x05\xe4\x9c' b'@\xd2\xa9\x9b\xfb\xf6\xd1c\xce\xb3uV\x9b\xd6\x95\xa1\xf3\t\xfb~\xa3\x051[\x1aL\x12\x02D\x05\xe4\x9c' 
Node 0 Delivers ACS Block in Round 67 with having 7000 TXs
this round time: 0.1002957820892334
Node 0 counting so-far tps: 67426.287616, latency 0.103381
0 start to run round 68 C: [0, 1, 2, 3, 4, 5, 6] N: 7
1-Signature share failed in SPBC! (0, 'sidA:68VACS68VACS-VABASPBC0', 0, 6, ('SPBC_ECHO', b'0D\x02 ]\x7f`(lT\xa1(\xb78\t:\x96y\xe7\x0e\xc4\x005\x05\x99\xb1\x1b\x85B\x95\x9c\xbf\xd9YY\x93\x02 f\xbf:\xb9\x1c}\xf0\xe1\xcf\x9bu\x0b\x1b\x18\xe7\xe1S\x06\xb4\x1bH\xbb\x94\xce\xfcnP1\xc5s\x9e\x9f'))
Signature share failed in SPBC!  sidA:68VACS68VACS-VABASPBC0 sidA:68VACS68VACS-VABASPBC0 0 0 b">p$\xc6)O\xb3\xa5\xe8.\xe2\xda)\xc1'\x15$\xfa\xe6P\xec\x024\xee\xfc\x05NZ\x9d\xef\xeb." b">p$\xc6)O\xb3\xa5\xe8.\xe2\xda)\xc1'\x15$\xfa\xe6P\xec\x024\xee\xfc\x05NZ\x9d\xef\xeb." 
Node 0 Delivers ACS Block in Round 68 with having 7000 TXs
this round time: 0.09999465942382812
Node 0 counting so-far tps: 67450.887397, latency 0.103349
0 start to run round 69 C: [0, 1, 2, 3, 4, 5, 6] N: 7
1-Signature share failed in SPBC! (0, 'sidA:69VACS69VACS-VABASPBC0', 0, 6, ('SPBC_ECHO', b"0D\x02 U\xbct\xe8\x14\x83y1\x1d\x022<\xeb4Z/\xbf\x00V\xf9\xd0\xe0W\x06T\xa08\xdf\xb0\x05\xc60\x02 3s'b\x04\x87\x06\x86\x8c\xa9\xfa\xd2\xcdE7mH\x8f\xa7\xf1c\x12\x88\xef\xf5\xd38\x86/\xc8dF"))
Signature share failed in SPBC!  sidA:69VACS69VACS-VABASPBC0 sidA:69VACS69VACS-VABASPBC0 0 0 b'D\\\xf3\xd3A\xd3\xefmt\x83\xdc^\x11E!q5p\xa0\xecW\xdc\xeaF\xa0\xbc\xc5gIf^\x18' b'D\\\xf3\xd3A\xd3\xefmt\x83\xdc^\x11E!q5p\xa0\xecW\xdc\xeaF\xa0\xbc\xc5gIf^\x18' 
Node 0 Delivers ACS Block in Round 69 with having 7000 TXs
this round time: 0.10374855995178223
Node 0 counting so-far tps: 67439.745503, latency 0.103373
0 start to run round 70 C: [0, 1, 2, 3, 4, 5, 6] N: 7
1-Signature share failed in SPBC! (0, 'sidA:70VACS70VACS-VABASPBC0', 0, 6, ('SPBC_ECHO', b'0D\x02 D\xd6\xbc\xc3\x15\x1e\xa1\xb3\xe6\xdb[\x03_,\xea8L\n\x9cr\x12\xfd\x99\xa3"\xa71^\x10\xa0\x96\xf8\x02 \x19\x8b<\x93\xdb\xa9\xcb\xbcQJ,\'\xe8\xd3\xcb\xca\xc7\x9f\x81\xac\x81\x12\xec\xa7\xe7A\x1e\x95\x88y\xdfE'))
Signature share failed in SPBC!  sidA:70VACS70VACS-VABASPBC0 sidA:70VACS70VACS-VABASPBC0 0 0 b"\xa2\xd9'\xaf\xe1\x8f\x15Y\x9e\x0e\xb8X\xcb\xec`\x1a\xae\x8br\x03M\xf6\xfe\x1c:\x15\xe2\xcd\x81\xa9\xfd\xc5" b"\xa2\xd9'\xaf\xe1\x8f\x15Y\x9e\x0e\xb8X\xcb\xec`\x1a\xae\x8br\x03M\xf6\xfe\x1c:\x15\xe2\xcd\x81\xa9\xfd\xc5" 
Node 0 Delivers ACS Block in Round 70 with having 7000 TXs
this round time: 0.09945297241210938
Node 0 counting so-far tps: 67468.683896, latency 0.103334
0 start to run round 71 C: [0, 1, 2, 3, 4, 5, 6] N: 7
1-Signature share failed in SPBC! (0, 'sidA:71VACS71VACS-VABASPBC0', 0, 6, ('SPBC_ECHO', b'0D\x02 Te|\xccj\x8e\xe0vu:\xffy\xd6ok\x85\xbf\x12\xa9\xcc\xad\xd9 ,\x80\x91\xf4 3ujF\x02 rg\xb2eMYM:\x8eIF\x91\xdf\x18J!\x90\xbd\x19\xe3\xf5s\xdf\xb12\xd5\xb3\x97\x04i0W'))
Signature share failed in SPBC!  sidA:71VACS71VACS-VABASPBC0 sidA:71VACS71VACS-VABASPBC0 0 0 b'h\x0fj@bD\x9aeE\xbb"sqS\x02\xc6\x80\x8f\xce\xab\x9b\xed\xf3\x1f\xf7\xb6\xb5e\xdd\xf8\x9dF' b'h\x0fj@bD\x9aeE\xbb"sqS\x02\xc6\x80\x8f\xce\xab\x9b\xed\xf3\x1f\xf7\xb6\xb5e\xdd\xf8\x9dF' 
Node 0 Delivers ACS Block in Round 71 with having 7000 TXs
this round time: 0.09670019149780273
Node 0 counting so-far tps: 67521.521104, latency 0.103259
0 start to run round 72 C: [0, 1, 2, 3, 4, 5, 6] N: 7
Signature share failed in CBC! ('sidA:72PB720', 0, 6, ('PB_ECHO', b'0D\x02 )\x19\'\xfe\x08\xa29\xf3\xa12D\xdd\xb4\xd6\'[v\'k\xc4\x1fh~\xc6\xe7\x81\xff~\x87\xc4T\xba\x02 `\xe1\x12\xb0M\xc8<\xabe8\x10\\\x88%)SQ\x9b\x10\x91"i\x152_Y\x91<\xe3\xe7\xf5\x13'))
1-Signature share failed in SPBC! (0, 'sidA:72VACS72VACS-VABASPBC0', 0, 6, ('SPBC_ECHO', b'0E\x02!\x00\xea\x83t\xf6\x8f]\xca\x80\x0bk\xc4vy\xaf$\x978\xf7\xd9\x02&\xa3\x14\xb6\xf3\xb90\xa8\xdd\xde`\xae\x02 !\x8e\xfb\xba\xf4\xf5\xf87\x03\xed;dh\xf1\x0e\xdbM.\xadMH\xcaY\xe2\xb3\xbe\x87!n9\x1c\xd1'))
Signature share failed in SPBC!  sidA:72VACS72VACS-VABASPBC0 sidA:72VACS72VACS-VABASPBC0 0 0 b'\xc6\xe7\x83\x06\x1a\xd7>\x84\xdbi\x12B\xa9OT\x95\x1f\x1d;i\xaf\xd2\xa3776\x06\xba\xe2\x15d\x86' b'\xc6\xe7\x83\x06\x1a\xd7>\x84\xdbi\x12B\xa9OT\x95\x1f\x1d;i\xaf\xd2\xa3776\x06\xba\xe2\x15d\x86' 
Node 0 Delivers ACS Block in Round 72 with having 7000 TXs
this round time: 0.10238480567932129
Node 0 counting so-far tps: 67522.815739, latency 0.103263
0 start to run round 73 C: [0, 1, 2, 3, 4, 5, 6] N: 7
1-Signature share failed in SPBC! (0, 'sidA:73VACS73VACS-VABASPBC0', 0, 6, ('SPBC_ECHO', b'0E\x02!\x00\x85\xa9MYN\x11\x82$\x8c\xb3a\x01\xcbe\xb9\x89Q\xcc\xb3eA<^;\xb1\x08\xa1\xe22h\xa1\xe0\x02 \x0bVx\x1f\xed9\xf6#\xf6\xd3\xc5T\xb4\xf5\xcd\xa6\xe4("\xa5\x82\xb9<\xc5\xb2\xad\x8e\x186\xe4b\xf4'))
Signature share failed in SPBC!  sidA:73VACS73VACS-VABASPBC0 sidA:73VACS73VACS-VABASPBC0 0 0 b'\xff\x1e\xe7:K\xef>I\x7f\xdc\x9e\xdc\xb4Q\xa8\xa9\xa2[\x1d\xc5\x8bY\x99\x1d\x94\xe25\xd0\xd8A\xb0J' b'\xff\x1e\xe7:K\xef>I\x7f\xdc\x9e\xdc\xb4Q\xa8\xa9\xa2[\x1d\xc5\x8bY\x99\x1d\x94\xe25\xd0\xd8A\xb0J' 
Node 0 Delivers ACS Block in Round 73 with having 7000 TXs
this round time: 0.10067939758300781
Node 0 counting so-far tps: 67536.981449, latency 0.103247
0 start to run round 74 C: [0, 1, 2, 3, 4, 5, 6] N: 7
1-Signature share failed in SPBC! (0, 'sidA:74VACS74VACS-VABASPBC0', 0, 6, ('SPBC_ECHO', b'0D\x02 ]\xd5u\x1c\xc7\x9eld\xb6\x1a\rw^\x08a~\x81\x12\xe44\x92/f\xa1\xfd\xdak\xe0\x04jG\x82\x02 \x18,B{\xa8\xec\xe4K6\xd5\xef\xdcB\xa3\x06\x8dLMr\xea;\xe1B\xcd~\xed\x9e\xd1\xaf\xbb\xf0I'))
Signature share failed in SPBC!  sidA:74VACS74VACS-VABASPBC0 sidA:74VACS74VACS-VABASPBC0 0 0 b'+\xb9\x8a=K\xb9B\x8fD\x98u\x83f\x0ck\xc6\xc0\x18J?\xc5\x07\xfe_(\xd1\xd4"t\x8a\xaa\xbf' b'+\xb9\x8a=K\xb9B\x8fD\x98u\x83f\x0ck\xc6\xc0\x18J?\xc5\x07\xfe_(\xd1\xd4"t\x8a\xaa\xbf' 
Node 0 Delivers ACS Block in Round 74 with having 7000 TXs
this round time: 0.13221144676208496
Node 0 counting so-far tps: 67278.043452, latency 0.103649
0 start to run round 75 C: [0, 1, 2, 3, 4, 5, 6] N: 7
1-Signature share failed in SPBC! (0, 'sidA:75VACS75VACS-VABASPBC0', 0, 6, ('SPBC_ECHO', b'0E\x02!\x00\xde\xf7 \xfc\xd1\xb9\xa3B>\xd9\x96\xe4p\x85U\xec\xa2\xaa\xa8_\xd0\x9au?\xb6\xbe\x90By\x9es\xfe\x02 \x07\x98\xed[\xff~\xc34\x90\x87\xe5,\xb2\x86\xbaf\xe9G\x85g\xd8\xda\xd0\x17\x9d\x1d\xf2`\xa6"y\x18'))
Signature share failed in SPBC!  sidA:75VACS75VACS-VABASPBC0 sidA:75VACS75VACS-VABASPBC0 0 0 b'pq\x8c-\x7f7\xb5,J)9\xc6\x0ew\x89\xdf\xb3\xa6r!\xa2NF\xdc\xa0\x05\xc0\t\x9c\xa3\x17_' b'pq\x8c-\x7f7\xb5,J)9\xc6\x0ew\x89\xdf\xb3\xa6r!\xa2NF\xdc\xa0\x05\xc0\t\x9c\xa3\x17_' 
Node 0 Delivers ACS Block in Round 75 with having 7000 TXs
this round time: 0.1014406681060791
Node 0 counting so-far tps: 67289.681786, latency 0.103637
0 start to run round 76 C: [0, 1, 2, 3, 4, 5, 6] N: 7
1-Signature share failed in SPBC! (0, 'sidA:76VACS76VACS-VABASPBC0', 0, 6, ('SPBC_ECHO', b"0D\x02 @\x98E\xb8T\xfb\x15w\xe6\x1f4F\xcb\xb6\x06&I\xa6\xee\xbdpJ1>\x06\x9e\x84\xc5.{6\xcc\x02 Q\x1a'b\xf8\xf0\x98\x1f\xef<\x07\x7fB&J%&\xe08C<+\xf22\xff\t\x07GV\x01\xde\xc9"))
Signature share failed in SPBC!  sidA:76VACS76VACS-VABASPBC0 sidA:76VACS76VACS-VABASPBC0 0 0 b"\xd8~\x94\xd5`\xd8\xde\xf5\x95\xa2))\x06$P\xdas4{\x0b'A\xa6\x1e*\xf9F\xb6\x0fi\x9e\x0f" b"\xd8~\x94\xd5`\xd8\xde\xf5\x95\xa2))\x06$P\xdas4{\x0b'A\xa6\x1e*\xf9F\xb6\x0fi\x9e\x0f" 
Node 0 Delivers ACS Block in Round 76 with having 7000 TXs
this round time: 0.10157084465026855
Node 0 counting so-far tps: 67300.990406, latency 0.103624
0 start to run round 77 C: [0, 1, 2, 3, 4, 5, 6] N: 7
1-Signature share failed in SPBC! (0, 'sidA:77VACS77VACS-VABASPBC0', 0, 6, ('SPBC_ECHO', b'0D\x02 [\x89d\xe2\xb1c\xe8*\xf5\xa1\xeb?\xf9\xb2\x98\xbe\xe8:\xfea\xa2\r\x8aw}\xf5\xdb\xa3\xa2\x06\xb0\x0e\x02 \x17\x92\x14\xf8<\x86\xa0\x0eE\x11\xac\x85\xc1`\xd0E\x1cV5L\xdd\x9d;F\xdc6\x82W\xc5$&\xee'))
Signature share failed in SPBC!  sidA:77VACS77VACS-VABASPBC0 sidA:77VACS77VACS-VABASPBC0 0 0 b'\xb7\xec\xd1\x15\x12R\x08\x88ac\xd7\xa8S\xcd4@\x17Z\x9d\xc2\xad\xb6\xad\xa6\x05\x8bU\xfe\xc7&\x9eg' b'\xb7\xec\xd1\x15\x12R\x08\x88ac\xd7\xa8S\xcd4@\x17Z\x9d\xc2\xad\xb6\xad\xa6\x05\x8bU\xfe\xc7&\x9eg' 
Node 0 Delivers ACS Block in Round 77 with having 7000 TXs
this round time: 0.09844565391540527
Node 0 counting so-far tps: 67337.995393, latency 0.103572
0 start to run round 78 C: [0, 1, 2, 3, 4, 5, 6] N: 7
Signature share failed in CBC! ('sidA:78PB780', 0, 6, ('PB_ECHO', b'0E\x02!\x00\xe3\xe6\xa1\xe6\x87\xa8k\x13,Q\x95\xcb\xaaX.\x9b]\xc3\x86\xb7\x98\x9c\xff#T\x12\x92\r\x13\xba\xa6\xf7\x02 \x06&C%\x03d\xfe\x155t\x04b4d{\xd9\xda|\xeeq\x1b\t\x0c\r\xd5\xd8\xb4\x9e\x84\xdc\xfd\xaf'))
1-Signature share failed in SPBC! (0, 'sidA:78VACS78VACS-VABASPBC0', 0, 6, ('SPBC_ECHO', b'0D\x02 ^\xca\xc1\x12\x04\xb0dF\x991\xa7a\x07\xab\x84\xe8,\x9a2g\x9c\xf1>$dG\xe6\xd5\xd9\xb2\xe3\xb9\x02 \x05F\xe5\x18\xed&\x7f\x10\xc3\xee\xf3\xf8\xa9U\x81\xf9\x18\xa0\x1d\xa2\r\x14Z=\xa5Q\x11\xd2\x03\x94cW'))
Node 0 Delivers ACS Block in Round 78 with having 7000 TXs
this round time: 0.10111260414123535
Node 0 counting so-far tps: 67352.164956, latency 0.103555
0 start to run round 79 C: [0, 1, 2, 3, 4, 5, 6] N: 7
Signature share failed in CBC! ('sidA:79PB790', 0, 6, ('PB_ECHO', b'0E\x02!\x00\x8d\x19X\x1d\xc2$Ii\xf4p)9\xe6wg\x93\x0cym,\x84\x18S4\x1d\xe6:NU=\xce\xf8\x02 \x1cp\\:Q\xf6\xd2yN\xd4\x99T\xefp\x03Z\xcc\\E\xd5\xd5\x85\x12g%=;m\xa7|c\xb5'))
1-Signature share failed in SPBC! (0, 'sidA:79VACS79VACS-VABASPBC0', 0, 6, ('SPBC_ECHO', b'0D\x02 \x06\x9dc\xdcP\xbd\xd8S\xdc~&\x9d\xa7\x18}\x8e\xe1\x92\x0b\xe8\xfaj\xbaV\xeb\x95\x9a\xbc\x8d\xf2\x93G\x02 h\xd95\xac\xaaCj\xfc\xf7BK9\x14\xe5\x84\xa5\x80\xe6\xdd\xe1#\xa1\x97\x15^-\xf6u\xb7&\xd3\x9c'))
Signature share failed in SPBC!  sidA:79VACS79VACS-VABASPBC0 sidA:79VACS79VACS-VABASPBC0 0 0 b'>\x0ef\x86\x87u\xb7\xdc~\xd6\xd4\xbc\xf3\xcdV\x01\xc0\x82\xf9\xf5C\xc0\x8b]\xbb\xedX6\x1c \x17\xf7' b'>\x0ef\x86\x87u\xb7\xdc~\xd6\xd4\xbc\xf3\xcdV\x01\xc0\x82\xf9\xf5C\xc0\x8b]\xbb\xedX6\x1c \x17\xf7' 
Node 0 Delivers ACS Block in Round 79 with having 7000 TXs
this round time: 0.09924054145812988
Node 0 counting so-far tps: 67381.357106, latency 0.103515
0 start to run round 80 C: [0, 1, 2, 3, 4, 5, 6] N: 7
1-Signature share failed in SPBC! (0, 'sidA:80VACS80VACS-VABASPBC0', 0, 6, ('SPBC_ECHO', b'0E\x02!\x00\xcf\xcb\xb5\x10\xe6\x19\xa6"\xa2`Z\x03\xdb\\\x870z\xd6\x9dk\xd7<<\xa5\xc2\xda\x89J\x9b\xd2\xc0\x1e\x02 #\xe9\xfb\xfdu\x9c\xe2\xc1\xab4,\xe3\xaf\x9eL\x9d\x10\xb7\xad\xaf\x95\x9d\xea\xcf\x1f#\x84&\x1a@\xcb\x13'))
Signature share failed in SPBC!  sidA:80VACS80VACS-VABASPBC0 sidA:80VACS80VACS-VABASPBC0 0 0 b"\xb0\x96\xc9q,\x9b\x94(u'\xc5\xb7\xb93t\xa9\xdef&\x8eM`L\x9d'\nCzq\x19\x8dd" b"\xb0\x96\xc9q,\x9b\x94(u'\xc5\xb7\xb93t\xa9\xdef&\x8eM`L\x9d'\nCzq\x19\x8dd" 
Node 0 Delivers ACS Block in Round 80 with having 7000 TXs
this round time: 0.10007119178771973
Node 0 counting so-far tps: 67402.426500, latency 0.103488
0 start to run round 81 C: [0, 1, 2, 3, 4, 5, 6] N: 7
1-Signature share failed in SPBC! (0, 'sidA:81VACS81VACS-VABASPBC0', 0, 6, ('SPBC_ECHO', b'0E\x02!\x00\xe8\x0cc7y\x8d\xad;\xcc\xda\x00\x8a\xfc\xd0\xac\x84\x07\x03\xbcs\xaa\xd2Kb\xdcu\xcf|d\xb3A\x81\x02 &"\x8b\xb1\xf6XR\x9c\xe1-\x9f{\xc6\xbb\x9f\xc0\xb4f\xfaH.\xdb\x80\xc6\xe8\xe1\xf2F,\xbc\xdf\x12'))
Signature share failed in SPBC!  sidA:81VACS81VACS-VABASPBC0 sidA:81VACS81VACS-VABASPBC0 0 0 b'R\x14\xe3\xefnT\xe7\xb2f\xbd\xbe\x80"\x15lA\x08w\xba\x87\xe7\x81I\x0b\xcc\xb6\xb4\x12\xfc\x97.\x8b' b'R\x14\xe3\xefnT\xe7\xb2f\xbd\xbe\x80"\x15lA\x08w\xba\x87\xe7\x81I\x0b\xcc\xb6\xb4\x12\xfc\x97.\x8b' 
Node 0 Delivers ACS Block in Round 81 with having 7000 TXs
this round time: 0.09928393363952637
Node 0 counting so-far tps: 67429.949387, latency 0.103450
0 start to run round 82 C: [0, 1, 2, 3, 4, 5, 6] N: 7
1-Signature share failed in SPBC! (0, 'sidA:82VACS82VACS-VABASPBC0', 0, 6, ('SPBC_ECHO', b'0E\x02!\x00\xd7?\xe4\xcccO\x8cf\xac\xdc_\xe4\rS\xa4\xc4|\xfe\xbb\xca\x1eP`\xc8b\xd9\xff\xc4>/\xe3\n\x02 \x15\x03ZU\x16\x0csw\xb2\x1e\xe3\xf2\xa1\xeb\xb0\x01\x8b\x14G\xfe*h\x12\x12\xe3\xa4c\x84\x03\x10\xdb\xea'))
Signature share failed in SPBC!  sidA:82VACS82VACS-VABASPBC0 sidA:82VACS82VACS-VABASPBC0 0 0 b'+\xeb\xda\x87\x00<]pP\xc5\x80h(49tn\xb8A\x8f\rHB\xe0&\xf9(\xbd?Ggo' b'+\xeb\xda\x87\x00<]pP\xc5\x80h(49tn\xb8A\x8f\rHB\xe0&\xf9(\xbd?Ggo' 
Node 0 Delivers ACS Block in Round 82 with having 7000 TXs
this round time: 0.09831428527832031
Node 0 counting so-far tps: 67464.365552, latency 0.103401
0 start to run round 83 C: [0, 1, 2, 3, 4, 5, 6] N: 7
1-Signature share failed in SPBC! (0, 'sidA:83VACS83VACS-VABASPBC0', 0, 6, ('SPBC_ECHO', b'0D\x02 yX\x1e\xf7\n\x9988\xd94_\x13\x05T\xa4\x03^\x183\x07\x1eR\xce"\xa0H\xe35\xf2\xca<8\x02 \x1d\xc3 \x06\xba\x0f\xf1s\xaaS\xc1\xfek`\xd4\xc9\x1aZ\xcb\x85\x1fo\x982\xc2G\xc8\xbb\xa6\xeaV\n'))
Signature share failed in SPBC!  sidA:83VACS83VACS-VABASPBC0 sidA:83VACS83VACS-VABASPBC0 0 0 b"_4\x9d\xa3'El\xb2\x19\x99\x1f\x9cJ\xb4\xa6\xcaW\xd6\xeb\xde7M\xf5qWj\x04\xd6@\xbf\xcf\xd0" b"_4\x9d\xa3'El\xb2\x19\x99\x1f\x9cJ\xb4\xa6\xcaW\xd6\xeb\xde7M\xf5qWj\x04\xd6@\xbf\xcf\xd0" 
Node 0 Delivers ACS Block in Round 83 with having 7000 TXs
this round time: 0.10059928894042969
Node 0 counting so-far tps: 67480.060528, latency 0.103382
0 start to run round 84 C: [0, 1, 2, 3, 4, 5, 6] N: 7
Signature share failed in CBC! ('sidA:84PB840', 0, 6, ('PB_ECHO', b'0E\x02!\x00\x80\xf1\x05\x97x[P\x1fO\xb5\xa0\x9c\xcd\x98G~-l\xc7&\xcf\n6K0\x88\xc8\x07\x11\x1b\x0e\x0f\x02 \x17\xcc\xbf\x8c\x19\xc1\xa8\xc59|\x91\xc8\x91}\xf0FR(D2#\xae\t\x8b[\xf6\xbbI!mwM'))
1-Signature share failed in SPBC! (0, 'sidA:84VACS84VACS-VABASPBC0', 0, 6, ('SPBC_ECHO', b'0E\x02!\x00\x8d\x0b\xb2\xfa\xfc\xcd*\x8fH\x9e7`\x08\xfa+\x01\xc2h8\x1d\x95\xee\xf2\x93.\x99\xd2\x13r\t\xc43\x02 T\xfd\x86\x0e\x9dMN\xc5OeZ\xe8\x17\x87\x07-i\xa1\xae\xdb\xcbX\x15\x9f\xf9\xaaD\x02^\x9d\x93d'))
Signature share failed in SPBC!  sidA:84VACS84VACS-VABASPBC0 sidA:84VACS84VACS-VABASPBC0 0 0 b'\x8f\xb0\xf8\x87\xc0{\x00\xe8\xef\xd1\xec\x87\x98\xb6\x87\xa0>\x81Rt%\xf9\x10\xd3\xe8\x106\xdf\x1d\xac\x03\x98' b'\x8f\xb0\xf8\x87\xc0{\x00\xe8\xef\xd1\xec\x87\x98\xb6\x87\xa0>\x81Rt%\xf9\x10\xd3\xe8\x106\xdf\x1d\xac\x03\x98' 
Node 0 Delivers ACS Block in Round 84 with having 7000 TXs
this round time: 0.09885501861572266
Node 0 counting so-far tps: 67508.897363, latency 0.103341
0 start to run round 85 C: [0, 1, 2, 3, 4, 5, 6] N: 7
1-Signature share failed in SPBC! (0, 'sidA:85VACS85VACS-VABASPBC0', 0, 6, ('SPBC_ECHO', b"0D\x02 \x7fi;m\xb3\x95\xe4\xa2\x85'\xe6\x10\xb4\x83E\xb1\x98\xf1\xbd1\xa9\xcb\xd0y#fGVV\xf5\xee\xdf\x02 \x16_bt\xaf\x90\x12_\xac\x86oO@\xa1\x8fi\xbb\xd1\x18\x17\x8c~6\x0fD\x17\xb9\xf1\x11!\x85G"))
Signature share failed in SPBC!  sidA:85VACS85VACS-VABASPBC0 sidA:85VACS85VACS-VABASPBC0 0 0 b"\xa9\xce(\xd8\x003\xed\xe0\xbd\x84\xc5\x9e\xea\x07\x1e\xe1\xe3\x0e\xc5^'n%\xf7\xc7\xf1[i\x14\x82\x95\xdc" b"\xa9\xce(\xd8\x003\xed\xe0\xbd\x84\xc5\x9e\xea\x07\x1e\xe1\xe3\x0e\xc5^'n%\xf7\xc7\xf1[i\x14\x82\x95\xdc" 
Node 0 Delivers ACS Block in Round 85 with having 7000 TXs
this round time: 0.10117244720458984
Node 0 counting so-far tps: 67519.584734, latency 0.103329
0 start to run round 86 C: [0, 1, 2, 3, 4, 5, 6] N: 7
Signature share failed in CBC! ('sidA:86PB860', 0, 6, ('PB_ECHO', b'0D\x02 ~P\x9b\xb7\x1bK\xf9b\x9a\x9e8{\xa6\x01 H\x9b\x14G`\x15\xaf6t\xd8\x9a\x1fw\xb0Aa\xcf\x02 I\x9c\xda\xc8(\x0c\xc6l\xce"\xe2\xde\xcf\x1e\xcd\xf4\x00 \x8aK^\xad\xea *\xb8=\x9f\xd3Ml:'))
1-Signature share failed in SPBC! (0, 'sidA:86VACS86VACS-VABASPBC0', 0, 6, ('SPBC_ECHO', b'0E\x02!\x00\xbdB\xb7\x95\rz\xda\xf4!\xbf\x0cJ]k\x93\x8b\xefRZ\xe3\x15\x18\xe0w\xca\xf5\xd1\xa7\xac\x1e?R\x02 \\MW\xc24\xd5\x86I\xe5\xc7\x91\x016\xd7\xb4C\x02\xa5\xedj\xcd&\xc0\x80x\r\x9f\xe1\xe8\x1am\xae'))
Signature share failed in SPBC!  sidA:86VACS86VACS-VABASPBC0 sidA:86VACS86VACS-VABASPBC0 0 0 b"\xd1SU\xcc\xc6\x99!\xc2\xd3'\x06q\xa6\xae\xc7\xcc\xb59\xdfY\xadJ\xf2\xd5\xf4\x972\x06\x16\x1e\x8f\x1c" b"\xd1SU\xcc\xc6\x99!\xc2\xd3'\x06q\xa6\xae\xc7\xcc\xb59\xdfY\xadJ\xf2\xd5\xf4\x972\x06\x16\x1e\x8f\x1c" 
Node 0 Delivers ACS Block in Round 86 with having 7000 TXs
this round time: 0.10046529769897461
Node 0 counting so-far tps: 67535.322301, latency 0.103309
0 start to run round 87 C: [0, 1, 2, 3, 4, 5, 6] N: 7
1-Signature share failed in SPBC! (0, 'sidA:87VACS87VACS-VABASPBC0', 0, 6, ('SPBC_ECHO', b'0D\x02 GGk\xa1bv\x8f\xe2/\xf9\xcc\x12\xb3G\xe4\x13\xb2\x81\x97n\xc7\xc9]z\x07\x8f\xb6\x1bo~\xe0\xc7\x02 \x04.\xfe\x1e\x001\xd56\xff%G=:\xce\xbd\x15\x17\xcd\xef\xad\xa0\xcb\xe8|L7\x1el\xfdG\xab\xa0'))
Signature share failed in SPBC!  sidA:87VACS87VACS-VABASPBC0 sidA:87VACS87VACS-VABASPBC0 0 0 b'\xf6\xaf\xa2\x98\xa9\x83rqg\x1d\xde\xf8\xc5/|\x91O& \\\xd1\x8e\xbf\x8ay*\n\xcb1\x81\t\x9f' b'\xf6\xaf\xa2\x98\xa9\x83rqg\x1d\xde\xf8\xc5/|\x91O& \\\xd1\x8e\xbf\x8ay*\n\xcb1\x81\t\x9f' 
Node 0 Delivers ACS Block in Round 87 with having 7000 TXs
this round time: 0.10128641128540039
Node 0 counting so-far tps: 67544.634701, latency 0.103299
0 start to run round 88 C: [0, 1, 2, 3, 4, 5, 6] N: 7
1-Signature share failed in SPBC! (0, 'sidA:88VACS88VACS-VABASPBC0', 0, 6, ('SPBC_ECHO', b'0E\x02!\x00\x97%\x00A\\i\x8f\xac\xf0\xeb\xe6\xa9\xe0\xd6/\x8d\xd8\xc3\x10~w\n_\x03\xafH\xa4\xab\xdc\r\xb0\xe3\x02 w\x1b\x02\xaaEA\xa7\xa1=\xce\xe8\xba\x8bR\x0f\x1e\xfe\xbdg\x0c\xc1\x13Y\x89\xc0\xa1C\xbd\xc5\x8b\xc4\xdc'))
Signature share failed in SPBC!  sidA:88VACS88VACS-VABASPBC0 sidA:88VACS88VACS-VABASPBC0 0 0 b'\x04\x94u\x81\x99\x85\x92\xf3\x04b\xa2\xbc\xb9\x1d\xd8\xf9U\x01\xfa\xe4\xd8$\x99\x98\xb2A/&y\xd3XC' b'\x04\x94u\x81\x99\x85\x92\xf3\x04b\xa2\xbc\xb9\x1d\xd8\xf9U\x01\xfa\xe4\xd8$\x99\x98\xb2A/&y\xd3XC' 
Node 0 Delivers ACS Block in Round 88 with having 7000 TXs
this round time: 0.09764528274536133
Node 0 counting so-far tps: 67580.184969, latency 0.103248
0 start to run round 89 C: [0, 1, 2, 3, 4, 5, 6] N: 7
Signature share failed in CBC! ('sidA:89PB890', 0, 6, ('PB_ECHO', b"0E\x02!\x00\x9e\x16\xf3\xb3\x7fI\xc0\xf3\xd9\x8d\xa0\xaa\xf6\xb3\xb8\xe4Q\x01'\x9a\xf9\x95\x1b\x9a\x01\xe4\xc8\x03rd\x1b\xcc\x02 r\xd2\x92\x9f\x87\xd8\xb2\xdf\x9f%\x8f\xa0'$\xdfm\x1e\xd8j.\xa8\x10\xd2\x9c\xb1\x92=\xfc\x9a:\xdf\x86"))
1-Signature share failed in SPBC! (0, 'sidA:89VACS89VACS-VABASPBC0', 0, 6, ('SPBC_ECHO', b'0E\x02!\x00\xed\xdd\xce\xec\xda\xe2l;"\x15\xc1\xf3\nsz~L\xe2\xb6\xc2!\x08\xe9\xad\xc2\x00\xbfD\xa36\x9a\x89\x02 \x0e\x1b\x01\x8e\x9ab]-\xdc4\xaaV\xfc\xca\x8f\r\xa5`{l\x1c\xdf\xf33\x0fU\x01s\x9ctb\xfe'))
Signature share failed in SPBC!  sidA:89VACS89VACS-VABASPBC0 sidA:89VACS89VACS-VABASPBC0 0 0 b'\xbcu~\xa5\xde\x9d{\xba\xba\x8b\xc2\xd7_\x07+o\xe8\x08\xd6\x10\xf0bU\xdfsL*\x8e\xbb\xc7)\xae' b'\xbcu~\xa5\xde\x9d{\xba\xba\x8b\xc2\xd7_\x07+o\xe8\x08\xd6\x10\xf0bU\xdfsL*\x8e\xbb\xc7)\xae' 
Node 0 Delivers ACS Block in Round 89 with having 7000 TXs
this round time: 0.10297513008117676
Node 0 counting so-far tps: 67576.498535, latency 0.103257
0 start to run round 90 C: [0, 1, 2, 3, 4, 5, 6] N: 7
1-Signature share failed in SPBC! (0, 'sidA:90VACS90VACS-VABASPBC0', 0, 6, ('SPBC_ECHO', b'0E\x02!\x00\xf1\xeb\x8f`\xf4\xcb+\x98\xc3\xc5\x9c=\xf0\xc3IA\xc4|\x83}\xd8\xe4\xdbv\xd7B>@Q\xedl\x1d\x02 G<\x17_\x12ta\xea&:Y\xfe\x03c\xf2)._\x9d\x10\xe3\xc4\x18\xd5\xfei\x0c]\xa4\x9c`\xc8'))
Signature share failed in SPBC!  sidA:90VACS90VACS-VABASPBC0 sidA:90VACS90VACS-VABASPBC0 0 0 b'\x91\xf4(\xb4$D\xdbjq/\xb1\xc4\xfc\xfd\t\xd9O\xb4X\x88W\x86\xc3\tc\xd5L\xe9\x17\xc9\x9a\xc5' b'\x91\xf4(\xb4$D\xdbjq/\xb1\xc4\xfc\xfd\t\xd9O\xb4X\x88W\x86\xc3\tc\xd5L\xe9\x17\xc9\x9a\xc5' 
Node 0 Delivers ACS Block in Round 90 with having 7000 TXs
this round time: 0.09768199920654297
Node 0 counting so-far tps: 67610.782600, latency 0.103209
0 start to run round 91 C: [0, 1, 2, 3, 4, 5, 6] N: 7
1-Signature share failed in SPBC! (0, 'sidA:91VACS91VACS-VABASPBC0', 0, 6, ('SPBC_ECHO', b'0D\x02 N\xc0Q>\xa0$\xbaY\xe6\xa9\x8eT&\xc4aYj\xc1\xccnh0+\xba\xd6R\xca\xde\x11\xa07Q\x02 *\xd7\xbf\xb0\x13L\x92\xb0\xd6\x8f\xfcL\x83hY\x10\x9a\xc9%\x98h;\xba\xa7\xfd\xea\x8d\xe0\x7f\xf4\x85\xd6'))
Signature share failed in SPBC!  sidA:91VACS91VACS-VABASPBC0 sidA:91VACS91VACS-VABASPBC0 0 0 b'\x0f\xab\xd8\xb9\xe8\x9d\x1fc@hQ^\xfc,9t\x83B<Kxz\x88\xfe\xe7\x05\xdd\xbe\xbb\x006;' b'\x0f\xab\xd8\xb9\xe8\x9d\x1fc@hQ^\xfc,9t\x83B<Kxz\x88\xfe\xe7\x05\xdd\xbe\xbb\x006;' 
Node 0 Delivers ACS Block in Round 91 with having 7000 TXs
this round time: 0.10154032707214355
Node 0 counting so-far tps: 67617.314184, latency 0.103202
0 start to run round 92 C: [0, 1, 2, 3, 4, 5, 6] N: 7
1-Signature share failed in SPBC! (0, 'sidA:92VACS92VACS-VABASPBC0', 0, 6, ('SPBC_ECHO', b"0E\x02!\x00\xb4\xf4B\xb6e\xae\x0c\xcfn\x88xED\x06\xe47~q\\]\x08\x81\xd9\x9d\xdd)<_j\x1e,\xb0\x02 I\xcf\xc7\xae\x85\x99q\x105O\xfb\xea\x80\x96\x9e\x17\xffj\xd1L\x07\xe5M\xdc\xa6\xc6\xc4\xed@'[\xce"))
Signature share failed in SPBC!  sidA:92VACS92VACS-VABASPBC0 sidA:92VACS92VACS-VABASPBC0 0 0 b'\xb6\xdeA4\xb1\x9b\x83\xc3\x86\xf3\xda\xb4\xc0u\xad\xcf*&t#\xa3\xe6\xdb\x02\xc3\xd1_\xb9\x149\xdb\x8d' b'\xb6\xdeA4\xb1\x9b\x83\xc3\x86\xf3\xda\xb4\xc0u\xad\xcf*&t#\xa3\xe6\xdb\x02\xc3\xd1_\xb9\x149\xdb\x8d' 
Node 0 Delivers ACS Block in Round 92 with having 7000 TXs
this round time: 0.09982633590698242
Node 0 counting so-far tps: 67635.407208, latency 0.103178
0 start to run round 93 C: [0, 1, 2, 3, 4, 5, 6] N: 7
1-Signature share failed in SPBC! (0, 'sidA:93VACS93VACS-VABASPBC0', 0, 6, ('SPBC_ECHO', b'0D\x02 i\x8d\xa1_V_\xc0J\x8a\x8f\x0e\x02\xeb\xb9m\x00"\xed3\xcb1M\xb7\x0fez\x92\xc6\x05\x9d\x88g\x02 \x12\x9e\xcf\xc7\xbcJ\xd9\xdeoO\xd0x\x84\x0e\r\x96\x00\t\xd45\xc1\xd9QN)\xd6fj<2^r'))
Signature share failed in SPBC!  sidA:93VACS93VACS-VABASPBC0 sidA:93VACS93VACS-VABASPBC0 0 0 b'\xa7E*\x14\xf4?\xd5\xf56\x17\xeaZy\xc4\xe0\\\xed\xedJ\xa6\xe3\x1d\x17\xce\x08Afn\t\x12\xf1\xbf' b'\xa7E*\x14\xf4?\xd5\xf56\x17\xeaZy\xc4\xe0\\\xed\xedJ\xa6\xe3\x1d\x17\xce\x08Afn\t\x12\xf1\xbf' 
Node 0 Delivers ACS Block in Round 93 with having 7000 TXs
this round time: 0.1025857925415039
Node 0 counting so-far tps: 67633.904350, latency 0.103184
0 start to run round 94 C: [0, 1, 2, 3, 4, 5, 6] N: 7
1-Signature share failed in SPBC! (0, 'sidA:94VACS94VACS-VABASPBC0', 0, 6, ('SPBC_ECHO', b'0D\x02 .g\x87\xf8\xdc\x82\xcd\xa7)xX<\x9d\x08\xda\r\x12\xe1\xf6\xa2\xa4\xf3u\xa5~F\x15\x15\x91Xj\x92\x02 K\xbb\xc9\xf6\xc0\x86\xf8\n\xee0\xf7J\x83\xd5\xaa\x80\x8cb\x07*~\x13\xc4\x15\xcd\xe8\x1e\xf6\xac\x1d\x04\x15'))
Signature share failed in SPBC!  sidA:94VACS94VACS-VABASPBC0 sidA:94VACS94VACS-VABASPBC0 0 0 b'8z\xa7\xd3i\x1d\x8fV&Y\xf8\xa1\x11W\xd1i\x1aQ\x11\x88\xc5\x0f\xee\xa0\x13\xc0\\:CJ\x1b\x8f' b'8z\xa7\xd3i\x1d\x8fV&Y\xf8\xa1\x11W\xd1i\x1aQ\x11\x88\xc5\x0f\xee\xa0\x13\xc0\\:CJ\x1b\x8f' 
Node 0 Delivers ACS Block in Round 94 with having 7000 TXs
this round time: 0.09802889823913574
Node 0 counting so-far tps: 67663.799415, latency 0.103142
0 start to run round 95 C: [0, 1, 2, 3, 4, 5, 6] N: 7
1-Signature share failed in SPBC! (0, 'sidA:95VACS95VACS-VABASPBC0', 0, 6, ('SPBC_ECHO', b"0E\x02!\x00\xa3\xf8\xb4\xe1\xb1b\xa0\xd6\x9eO5\xe5\xcd\x89\xbc\xcd\x1e{|\xa8\x17\xdb~\x18\x12+y\xc7V\x10\xcc\x07\x02 ^4\\\xe5$\x06W\xc1\xe0\xf7\xb2\xf8Q\x96\x83O\xc5\xfb\xd7\xb1o\xed\x06x\x08$\xf8|r'1\x11"))
Signature share failed in SPBC!  sidA:95VACS95VACS-VABASPBC0 sidA:95VACS95VACS-VABASPBC0 0 0 b'a_\xfa\x19\x0f\xe6\xb0\xefDp\xd9<Jy\x9cB\x93\xeb\xea\x8dNU\x13\x1a\x8bM\x1f\x16\xf5\x8bO\x84' b'a_\xfa\x19\x0f\xe6\xb0\xefDp\xd9<Jy\x9cB\x93\xeb\xea\x8dNU\x13\x1a\x8bM\x1f\x16\xf5\x8bO\x84' 
Node 0 Delivers ACS Block in Round 95 with having 7000 TXs
this round time: 0.09965777397155762
Node 0 counting so-far tps: 67682.238834, latency 0.103117
0 start to run round 96 C: [0, 1, 2, 3, 4, 5, 6] N: 7
1-Signature share failed in SPBC! (0, 'sidA:96VACS96VACS-VABASPBC0', 0, 6, ('SPBC_ECHO', b'0E\x02!\x00\x83\xd3\xde\xb0 D~\xfe9\xa8\xac\xb9OW\xc8$\x94\xa7;\x86\x8e\x0ft\x87\n}\xaa\x80\xb7\x04\x81\x83\x02 \x17\x17\xa1\xc4U!\x0b\xf69\x05\xc6nV\xda4vD8`h\xf50\xd1\xce{\x9c\x03\xc3\x18\x1c+:'))
Signature share failed in SPBC!  sidA:96VACS96VACS-VABASPBC0 sidA:96VACS96VACS-VABASPBC0 0 0 b'\xc1\xadN>\x08@\x9c\x92\x1e\xd8\xbd2\xf9\x7f\x9e>\xd5%\x8e!\xa6\xfa\x99\xa2]\x92\xbeo\x85\x87\xbb\xa2' b'\xc1\xadN>\x08@\x9c\x92\x1e\xd8\xbd2\xf9\x7f\x9e>\xd5%\x8e!\xa6\xfa\x99\xa2]\x92\xbeo\x85\x87\xbb\xa2' 
Node 0 Delivers ACS Block in Round 96 with having 7000 TXs
this round time: 0.09920668601989746
Node 0 counting so-far tps: 67703.270312, latency 0.103088
0 start to run round 97 C: [0, 1, 2, 3, 4, 5, 6] N: 7
1-Signature share failed in SPBC! (0, 'sidA:97VACS97VACS-VABASPBC0', 0, 6, ('SPBC_ECHO', b"0D\x02 !\xa4o\xb9\xcc\xefA\x9b\xabI\x1fv%_x$\x06\x07\x03\x81\x01TJ5\x7f\\\xdb\x1e\xda\x87\xa1\xf8\x02 }\x10Zo&\xc3^,\x9d\xca\xc7A'\xa8z\x8d\n\x12\xaf\x92e\xd3J4vv\xd2W3\x7f\xc3\x99"))
Signature share failed in SPBC!  sidA:97VACS97VACS-VABASPBC0 sidA:97VACS97VACS-VABASPBC0 0 0 b'\x91\xcaPq\xa6\xb6w\xac\x98\x9c\xf0\x9cbV\xf47\x15\xdb\xa2\xeeU\xbbe\x1a!z\xe3w\x07o_\xa1' b'\x91\xcaPq\xa6\xb6w\xac\x98\x9c\xf0\x9cbV\xf47\x15\xdb\xa2\xeeU\xbbe\x1a!z\xe3w\x07o_\xa1' 
Node 0 Delivers ACS Block in Round 97 with having 7000 TXs
this round time: 0.10041189193725586
Node 0 counting so-far tps: 67715.694833, latency 0.103072
0 start to run round 98 C: [0, 1, 2, 3, 4, 5, 6] N: 7
1-Signature share failed in SPBC! (0, 'sidA:98VACS98VACS-VABASPBC0', 0, 6, ('SPBC_ECHO', b'0E\x02!\x00\xeb\xbd<\x8f\xad\xfa\xa4\xde\x1e\xdd(\xed\x12\xe5\x82z,4\x80\xbf\xf7\x8f]\xdb\xa5\x9f)H\x0f\xfb\xed\xfb\x02 yi\xca\x1e\x12\x98\xf2\xf6\x8b\xd6\x850\xe5\x91T\x140\xady\x01 \xa9\xd8J\xeb\xcb\xbfs\x07<W%'))
Signature share failed in SPBC!  sidA:98VACS98VACS-VABASPBC0 sidA:98VACS98VACS-VABASPBC0 0 0 b'L\xb6\x9d\xcfm\x01c\x14\x0b\xd2\x96\xea\xe1\x84\xb37\x96\t6~\x06\x93\xc8\xfd=X7\x0b\xe4c\xc0\x99' b'L\xb6\x9d\xcfm\x01c\x14\x0b\xd2\x96\xea\xe1\x84\xb37\x96\t6~\x06\x93\xc8\xfd=X7\x0b\xe4c\xc0\x99' 
Node 0 Delivers ACS Block in Round 98 with having 7000 TXs
this round time: 0.10069656372070312
Node 0 counting so-far tps: 67725.023322, latency 0.103061
0 start to run round 99 C: [0, 1, 2, 3, 4, 5, 6] N: 7
1-Signature share failed in SPBC! (0, 'sidA:99VACS99VACS-VABASPBC0', 0, 6, ('SPBC_ECHO', b'0E\x02!\x00\xf3\x80\\\xaf\xa2\x88d#D\xf7;\xc2\xe4\x82\x982\xd5\xb3\x14\x92\xf4sfqF\x8cq\xae\x02YXR\x02 #\xf5s\x19\x9e\xd9\x17\xaa\xc9e\xa0\x9ab\n\xf2l\x10\xb3\xbe\t\x96\x1b\x82\xb5A\x1c\xe3\x15B\xe7H\xf9'))
Signature share failed in SPBC!  sidA:99VACS99VACS-VABASPBC0 sidA:99VACS99VACS-VABASPBC0 0 0 b'\xbf$\x8c\xaa28\xc9\xf3\x7f}+a\xb416\x12\xb5\xa6\xfa\xd5\xb8\xe1\xe7\xb7\x9f\x1b\xb5\xc2Q\x011x' b'\xbf$\x8c\xaa28\xc9\xf3\x7f}+a\xb416\x12\xb5\xa6\xfa\xd5\xb8\xe1\xe7\xb7\x9f\x1b\xb5\xc2Q\x011x' 
Node 0 Delivers ACS Block in Round 99 with having 7000 TXs
this round time: 0.0976111888885498
Node 0 counting so-far tps: 67755.483506, latency 0.103017
0 [0, 1, 2, 3, 4, 5, 6] 7 J 6
0 [0, 1, 2, 3, 4, 5, 6] 0 L 6
0 start to run round 100 C: [0, 1, 2, 3, 4, 5, 6] N: 7
1-Signature share failed in SPBC! (0, 'sidA:100VACS100VACS-VABASPBC0', 0, 6, ('SPBC_ECHO', b'0D\x02 \nf\x0bx\xdf\xc3\x86z\xaa\xd3\x17\xa3\xce\x9f\xae7\x9e\xe3\x19j~|A4{\x9a\x00\xdc\x130F\xf4\x02 ;\xff@\x83\x81\xceb\xa8\xb1.QA\xf2\x00\xa3X"\xffs \xd8%\x06C\x9e\xfb\xbfx\xbf\x1b\x96q'))
Signature share failed in SPBC!  sidA:100VACS100VACS-VABASPBC0 sidA:100VACS100VACS-VABASPBC0 0 0 b'\x0c\xde\x7f\x8at0dO\xa6&\x06l\xb6g\xca\xfd\xa0\x0e\x00\xbdE\xad\xaf\xb7\xbeh|\xaa\x01\xf7\xc15' b'\x0c\xde\x7f\x8at0dO\xa6&\x06l\xb6g\xca\xfd\xa0\x0e\x00\xbdE\xad\xaf\xb7\xbeh|\xaa\x01\xf7\xc15' 
old [0, 1, 2, 3, 4, 5, 6]
new [1, 2, 3, 4, 5, 6, 7]
adkr running time: 0.711424
Node 0 Delivers ACS Block in Round 100 with having 7002 TXs
this round time: 0.8137328624725342
Node 0 counting so-far tps: 63418.106886, latency 0.110067
node 0 breaks in 11.118793 seconds with total delivered Txs 705002, latency: 0.110087, tps: 63406.344055
========average========
tps: 63814.365108, latency: 0.109302
0 set stop as true
