main
here debug =  False
here N =  9
m= 1
9
7 1 1
[0, 1, 2, 3, 4, 5, 6]
1 <class 'int'>
[7, 8]
[0, 1]
debug is  False
malicious in old [6]
malicious in old []
False
waiting for network ready...
[0, 1, 2, 3, 4, 5, 6]
[1, 2, 3, 4, 5, 6, 7]
8 config verify passed!
Node 8 read a proofchain using 0.009564 sec
8 start to run round 201 C: [2, 3, 4, 5, 6, 7, 8] N: 7
Signature share failed in CBC! ('sidA:201PB2018', 8, 6, ('PB_ECHO', b'0E\x02!\x00\x80S\x10\xb0\x0e\r\xf6\x9f3\xf7\x93\xe5\xa1\n\xa7\xe0n\xbf\xe1i\x03\x99\x13\xd46x\xe8~G\xc0DP\x02 o\xd0\x96DC\xd9@\x9e~\x87U7t\xaeY\xaaA\xd6\x1c\x07\x05\x9e\xc4G\xd4\xf79\x01\x17\xe1\x07\x85'))
1-Signature share failed in SPBC! (0, 'sidA:201VACS201VACS-VABASPBC8', 8, 6, ('SPBC_ECHO', b'0D\x02 (U\xfb\xa4\xb6\x1b\xbet\xcfZ\x8e\xbc\x1d\xdf\xdb\xc8\xacR\x9d\xb6r\xc3\xc6O\x8f}\x04\xef+\x1fA\xab\x02 4d\xe4"\xc5\x1a\xa3\x84>\xb8\xeeec\xd4\x91BK\xfag/u\x9c\x01\'\xfcM<\x1e\xf9\x88\xc1\xcf'))
Signature share failed in SPBC!  sidA:201VACS201VACS-VABASPBC8 sidA:201VACS201VACS-VABASPBC8 8 0 b'\x8e\x04\x85\xe5\xf0\xe6\xd4=\t\x0f\x92\xab\x07\xc5\x87\xa5\x97\xd2K\xff\\3\xa1\x83\xebLP&\x7fe5\xec' b'\x8e\x04\x85\xe5\xf0\xe6\xd4=\t\x0f\x92\xab\x07\xc5\x87\xa5\x97\xd2K\xff\\3\xa1\x83\xebLP&\x7fe5\xec' 
Node 8 Delivers ACS Block in Round 201 with having 5000 TXs
this round time: 0.23629999160766602
Node 8 counting so-far tps: 21130.889166, latency 0.236620
8 start to run round 202 C: [2, 3, 4, 5, 6, 7, 8] N: 7
1-Signature share failed in SPBC! (0, 'sidA:202VACS202VACS-VABASPBC8', 8, 6, ('SPBC_ECHO', b'0D\x02 v\xe4\xed7=\x9bUwG\xae;\x11++\x18\x0cod!\xe0\xe0~\xb5P\xb49\xc7z\x86!m\xb6\x02 \x08\xcf\xaf T^\x1b5\xd8f\xf7\xdf\x1b\xe9j\xb9\xd7\xcd6\x19\xf1\xa5w\xb1\xa2\xf35\xfbDk\nM'))
Signature share failed in SPBC!  sidA:202VACS202VACS-VABASPBC8 sidA:202VACS202VACS-VABASPBC8 8 0 b'\xb6a\x8a\xf6\xe7%la3?\x92Q\xeah\x84\xff-w\xdb\x1d\x8f\x06e}g%bV\\\xa9\x87\xfe' b'\xb6a\x8a\xf6\xe7%la3?\x92Q\xeah\x84\xff-w\xdb\x1d\x8f\x06e}g%bV\\\xa9\x87\xfe' 
Node 8 Delivers ACS Block in Round 202 with having 7000 TXs
this round time: 0.10252952575683594
Node 8 counting so-far tps: 35265.218269, latency 0.170139
8 start to run round 203 C: [2, 3, 4, 5, 6, 7, 8] N: 7
Signature share failed in CBC! ('sidA:203PB2038', 8, 6, ('PB_ECHO', b'0D\x02 yr\xa0W(1\x11\xb7m\xb9\\\x9cD\xb6I\xce\xb6!_\x16\x96\x85\x0c=k\xd9/\x11\xf0\n\xf3\x86\x02 /\x14o\x90\xc8\xed6=<>\x00\xfc+)\x9c\xb6\x13\xeb{IwX7b ]\xb6\x81\xaf0M\xdf'))
1-Signature share failed in SPBC! (0, 'sidA:203VACS203VACS-VABASPBC8', 8, 6, ('SPBC_ECHO', b'0E\x02!\x00\xa9\xfe\xee\xc84\x80\x91\xff\x92X.\x81\x8e\x885\xc0\x81\x94f\xd9$SLi\xd7\xafLV=P\xe7P\x02 p/\xaa|\xc6\xc8;\xe6\xac\xd8T\x82\xf8\x97\xc5\x80d\xa2\x8a\x12\x95\xa3\xa2\xbb\xae\x14\x86\x9a\xd4\x17%\xb6'))
Signature share failed in SPBC!  sidA:203VACS203VACS-VABASPBC8 sidA:203VACS203VACS-VABASPBC8 8 0 b': \xd9\xa8]\xc1\xbc\xcf*\xd0\xf5\xa3~\x8d\xde\xbd\xfbv\xefn\x15\xec9c\x88\xb5{!\x8cN\x96\xf8' b': \xd9\xa8]\xc1\xbc\xcf*\xd0\xf5\xa3~\x8d\xde\xbd\xfbv\xefn\x15\xec9c\x88\xb5{!\x8cN\x96\xf8' 
Node 8 Delivers ACS Block in Round 203 with having 7000 TXs
this round time: 0.1288588047027588
Node 8 counting so-far tps: 40399.174900, latency 0.156769
8 start to run round 204 C: [2, 3, 4, 5, 6, 7, 8] N: 7
Signature share failed in CBC! ('sidA:204PB2048', 8, 6, ('PB_ECHO', b'0D\x02 ED\xd8\x87\xd6c7\xda{\x85\x9c4R?ZB\xb4B\x83w5\xb6\x19\xdfUv>\xc0\x1d`\xc2\r\x02 \x1eqt\tt\xcbh\xd6et4G\x0bm\x15\x00\x80\x88\t\xbb\x94\xed\xea\xc0\x9e\x81\xb7\x05n\xedc&'))
1-Signature share failed in SPBC! (0, 'sidA:204VACS204VACS-VABASPBC8', 8, 6, ('SPBC_ECHO', b'0D\x02 V\xbc\xb9lC\x00\xe2\x9cn\xb1\xaf\x1e\\\x1b\x01\xa4\xa7%\r\xb7\\\x8e7\xf1R\x943\x849i7}\x02 d\x1e\xa5]\xcd8|p\xce\xbe\xd8\xf2L\xd8\xd6\x82\x17/\x9e\xd7)\x94S=\x94\x97\xa9\x89\xf5/\xe2l'))
Signature share failed in SPBC!  sidA:204VACS204VACS-VABASPBC8 sidA:204VACS204VACS-VABASPBC8 8 0 b'\xc7\x1f\xaf.*R\xd7s\xab\x97\x94\x13JS\x8f:\x0e\xff7x\xb8.U\xa6\x1f\xdas\x1b=\xbb\xc6\x14' b'\xc7\x1f\xaf.*R\xd7s\xab\x97\x94\x13JS\x8f:\x0e\xff7x\xb8.U\xa6\x1f\xdas\x1b=\xbb\xc6\x14' 
Node 8 Delivers ACS Block in Round 204 with having 7000 TXs
this round time: 0.12556791305541992
Node 8 counting so-far tps: 43537.987179, latency 0.149295
8 start to run round 205 C: [2, 3, 4, 5, 6, 7, 8] N: 7
Node 8 Delivers ACS Block in Round 205 with having 7000 TXs
this round time: 0.10331130027770996
Node 8 counting so-far tps: 47018.789575, latency 0.140369
8 start to run round 206 C: [2, 3, 4, 5, 6, 7, 8] N: 7
1-Signature share failed in SPBC! (0, 'sidA:206VACS206VACS-VABASPBC8', 8, 6, ('SPBC_ECHO', b'0D\x02 \x10\xd2\xb3\x01g\x96c\xc1\x86u\x02\xb9>\x87L\x9c=\xf8P\x95]\xb1I\x9f\xa9\x12b\x9e@h\xbd\x9d\x02 F\x1d\xb4\xe0F\x8b\xec\x8dU\xd2\xfc\x80m\xe3#\\c]\x8eL\xef\x98\xec]\x80Z(\x97\xc7Q\x0eg'))
Signature share failed in SPBC!  sidA:206VACS206VACS-VABASPBC8 sidA:206VACS206VACS-VABASPBC8 8 0 b"t\x049\xe4\xb9\xe4\x96\xdd\xe4n\x1c\xce\xb6Q'v\xed9\xdc\x01\n?\xc2I\xd6\xa2\x9aS\xb5\xe9\xec\xda" b"t\x049\xe4\xb9\xe4\x96\xdd\xe4n\x1c\xce\xb6Q'v\xed9\xdc\x01\n?\xc2I\xd6\xa2\x9aS\xb5\xe9\xec\xda" 
Node 8 Delivers ACS Block in Round 206 with having 7000 TXs
this round time: 0.09921860694885254
Node 8 counting so-far tps: 49853.582060, latency 0.133725
8 start to run round 207 C: [2, 3, 4, 5, 6, 7, 8] N: 7
Signature share failed in CBC! ('sidA:207PB2078', 8, 6, ('PB_ECHO', b'0D\x02 \x11V\x14\x986o\xbb\xa3!q\xea\xce\xf6\nZ\xf3ziN\xe2\xe8?8\xf1b.\x16\xdf\x15\xf2^\xc0\x02 Y\x16\x8enS\xc9\xe5\xb1\xfd\xac\x82`\xb6\x12\x85\xd8\xbe\x86\xf09\x80Q#\xc8N\xb9"\x96\xf7\xa5\xbcC'))
1-Signature share failed in SPBC! (0, 'sidA:207VACS207VACS-VABASPBC8', 8, 6, ('SPBC_ECHO', b'0D\x02 V\x101\x1a\x8e\xa4\x8a\x867\x94\x06^\xa5c\x16\xe2\x8d=|\xe4G\xe2\x87<\xd7\xa7\x14\xb5\xdf+\x8e\xc6\x02 C\xb2cp\xe3\xd4\x81-\x7f\x11\xc95\x82w\x99Cew\xf2\xcd\xfc\xd3\x93\xc5\xda\x98ZJ\x1aI\xf7\xd1'))
Signature share failed in SPBC!  sidA:207VACS207VACS-VABASPBC8 sidA:207VACS207VACS-VABASPBC8 8 0 b'\x06\x14\x9a\x1c\xb10K\x17\xf6\x08Z\x97\xc2!$$8\x03I\xb8\x14\xdd\x07\x93G{\x84=v\xb2\x9f\x84' b'\x06\x14\x9a\x1c\xb10K\x17\xf6\x08Z\x97\xc2!$$8\x03I\xb8\x14\xdd\x07\x93G{\x84=v\xb2\x9f\x84' 
Node 8 Delivers ACS Block in Round 207 with having 7000 TXs
this round time: 0.10583662986755371
Node 8 counting so-far tps: 51679.718967, latency 0.129921
8 start to run round 208 C: [2, 3, 4, 5, 6, 7, 8] N: 7
1-Signature share failed in SPBC! (0, 'sidA:208VACS208VACS-VABASPBC8', 8, 6, ('SPBC_ECHO', b"0D\x02 \\\xa0\xa1\x91Z\x99\xfd&T\xa2\x82\xa5\x9ao\xaf\xb1-\xb4DR/\x14\xc7\x9d%P\x97\x9f@\xd1{\x81\x02 LHJ\x0e\\_\x9f\x9d\xbcd\x83\xb9\xd2aNz\x88{U@\xac\xb5\x81!D\x99\xb5\xed'\xf1d\x1c"))
Signature share failed in SPBC!  sidA:208VACS208VACS-VABASPBC8 sidA:208VACS208VACS-VABASPBC8 8 0 b'\x0f\x16\x86\xee\xb0[\xca\x0e\x95\xe4\x96\xca\xe1\x0e\xfa\xdf+\xa5\xbd\xe8;\xdbV\x90\x11\xc5\x0b\xb6\x18@\xe9\xae' b'\x0f\x16\x86\xee\xb0[\xca\x0e\x95\xe4\x96\xca\xe1\x0e\xfa\xdf+\xa5\xbd\xe8;\xdbV\x90\x11\xc5\x0b\xb6\x18@\xe9\xae' 
Node 8 Delivers ACS Block in Round 208 with having 7000 TXs
this round time: 0.10038065910339355
Node 8 counting so-far tps: 53407.353767, latency 0.126387
8 start to run round 209 C: [2, 3, 4, 5, 6, 7, 8] N: 7
1-Signature share failed in SPBC! (0, 'sidA:209VACS209VACS-VABASPBC8', 8, 6, ('SPBC_ECHO', b'0E\x02!\x00\xcas\xbf\x0c4\x05l\xf7\xd8\x8b\xfaE\xf4\xf1\x98\xa6\xdf"\xdc^Q"\xcfo~R\xaf/U\xc2\xf3\xff\x02 wy\x93\xe3\xcb\xe3\x06b\xeb\x0f\xb4\xc8\xc5\xcf\xf9\x91\\\xd0\xac\xac\xb7v\xc9\x80\xdd%.\xfd\xab\x15i\xb0'))
Signature share failed in SPBC!  sidA:209VACS209VACS-VABASPBC8 sidA:209VACS209VACS-VABASPBC8 8 0 b"'\xff\x9af\x81ND\xb4\xc6\xd4~\xa9\xc5\xcd\xbe\x87=7o\x97\x9d\x9e\xc1\x82\xec\x88\xe2&\x8f}\xa8J" b"'\xff\x9af\x81ND\xb4\xc6\xd4~\xa9\xc5\xcd\xbe\x87=7o\x97\x9d\x9e\xc1\x82\xec\x88\xe2&\x8f}\xa8J" 
Node 8 Delivers ACS Block in Round 209 with having 7000 TXs
this round time: 0.10032320022583008
Node 8 counting so-far tps: 54820.031814, latency 0.123637
8 start to run round 210 C: [2, 3, 4, 5, 6, 7, 8] N: 7
1-Signature share failed in SPBC! (0, 'sidA:210VACS210VACS-VABASPBC8', 8, 6, ('SPBC_ECHO', b'0E\x02!\x00\xa0\xcd\xf1\xbc\x96\x1e\x1fI\xcc\xc06]\xd8Ep\xb1k\xf4\xe4\xad\x97i<\xf6\xefVC\x8b\x85Ytt\x02 #\xdci\xdf\x83oI\xcd\x08\xdb[\xd0\x04\x90\xac\xb4\xe9<n\xfaQ\x03N\xdc\x91T\xe6\x83\\95\x1d'))
Signature share failed in SPBC!  sidA:210VACS210VACS-VABASPBC8 sidA:210VACS210VACS-VABASPBC8 8 0 b"]#%\xb6W\xa4\xf8v\xae\xef\x8f\x8a\xff\xef+S\xbf\x05\xf5Y\x102\xb8\xbfHK{\xc9'w)J" b"]#%\xb6W\xa4\xf8v\xae\xef\x8f\x8a\xff\xef+S\xbf\x05\xf5Y\x102\xb8\xbfHK{\xc9'w)J" 
Node 8 Delivers ACS Block in Round 210 with having 7000 TXs
this round time: 0.10401248931884766
Node 8 counting so-far tps: 55828.094691, latency 0.121802
8 start to run round 211 C: [2, 3, 4, 5, 6, 7, 8] N: 7
1-Signature share failed in SPBC! (0, 'sidA:211VACS211VACS-VABASPBC8', 8, 6, ('SPBC_ECHO', b"0D\x02 $\xc9Gu\x8d\\\xda\xd5\r}W\xf4&\xa2&\x18\x14!\xbf3\xea\x1a\xb4\xdc\xea\xea\xa3Ck\x8a\x12\xd1\x02 \x110\\0\xf6 ^\xfe\xd4\x0f\xa1{'~\x9cN\x8b@\xee\xcd\xa6\xd3_A\xdb\xb5F\x9c\xd1\xdcWV"))
Signature share failed in SPBC!  sidA:211VACS211VACS-VABASPBC8 sidA:211VACS211VACS-VABASPBC8 8 0 b'i\xa4D\x86\xc4g\xba\xd9c\xe5z\xcf\x84\xd7\x99\xcb\x98J\xda\x9d\xf4Z\x8f\x97\xa6B*)\x0f\xc6\xee\xb8' b'i\xa4D\x86\xc4g\xba\xd9c\xe5z\xcf\x84\xd7\x99\xcb\x98J\xda\x9d\xf4Z\x8f\x97\xa6B*)\x0f\xc6\xee\xb8' 
Node 8 Delivers ACS Block in Round 211 with having 7000 TXs
this round time: 0.10362648963928223
Node 8 counting so-far tps: 56693.849988, latency 0.120263
8 start to run round 212 C: [2, 3, 4, 5, 6, 7, 8] N: 7
1-Signature share failed in SPBC! (0, 'sidA:212VACS212VACS-VABASPBC8', 8, 6, ('SPBC_ECHO', b"0D\x02 \x18\xf8\xd4\x9f\xe6l\xf6\x03&o\x0c$\xd5@\xb1\xce\xc3\x1a\xd0Y\xaa\xa0\x8c\xbcu\xfa\xa0\xbc\xc2T\x02\xb1\x02 |;\x95\xe6\xea\xf5q\xb4\x94\x95!]}\x9a\\s\x97_'AI\xfc\xdc\xbc7\xfa\x11\xd0\x9e\xffu\xd0"))
Signature share failed in SPBC!  sidA:212VACS212VACS-VABASPBC8 sidA:212VACS212VACS-VABASPBC8 8 0 b'\xe5\x9d\x1c\xc9\xb3f\xb35\xd3\xc3\xb6\xc4\xe5\x1eag\xbd6\x85\xd1\xa06X\x07\xa1X5\ne\xe4~\xf2' b'\xe5\x9d\x1c\xc9\xb3f\xb35\xd3\xc3\xb6\xc4\xe5\x1eag\xbd6\x85\xd1\xa06X\x07\xa1X5\ne\xe4~\xf2' 
Node 8 Delivers ACS Block in Round 212 with having 7000 TXs
this round time: 0.1046750545501709
Node 8 counting so-far tps: 57390.679138, latency 0.119067
8 start to run round 213 C: [2, 3, 4, 5, 6, 7, 8] N: 7
1-Signature share failed in SPBC! (0, 'sidA:213VACS213VACS-VABASPBC8', 8, 6, ('SPBC_ECHO', b'0D\x02 Er<\x8b\xa0\\\xbf\xd6\xc7\xc5\xcf\n\x05\xe1\x10\x89U\xa9\xb8T\x00$\x13\x98\x04\xdf\xc3\x1b\x96\x03#f\x02 k ]\xa7^\xa4\xdfd\x1cY\xc1.\x00X\x13j\xb4\xb8\xfe\xbf\xcc2\xd1\x98\xe1.]K\x9c\xce\xde>'))
Signature share failed in SPBC!  sidA:213VACS213VACS-VABASPBC8 sidA:213VACS213VACS-VABASPBC8 8 0 b'\x8c\x97\xa2A\xb1\x89\x89\xbb\xb2\xed\x17\xe2\xa1\xa3\xd7\xc0\x1b\r\x99\x95\xd5\xbc\x01(\x02u\xcaz\x08\xbd`\x00' b'\x8c\x97\xa2A\xb1\x89\x89\xbb\xb2\xed\x17\xe2\xa1\xa3\xd7\xc0\x1b\r\x99\x95\xd5\xbc\x01(\x02u\xcaz\x08\xbd`\x00' 
Node 8 Delivers ACS Block in Round 213 with having 7000 TXs
this round time: 0.1008768081665039
Node 8 counting so-far tps: 58135.628443, latency 0.117762
8 start to run round 214 C: [2, 3, 4, 5, 6, 7, 8] N: 7
1-Signature share failed in SPBC! (0, 'sidA:214VACS214VACS-VABASPBC8', 8, 6, ('SPBC_ECHO', b'0E\x02!\x00\xa8\xdf\xc1T\xec\x18#S9\xccw7\xc6\x8e\x07\x82aN\xb5\xecT\xcc\xf0\x8c\xe0F\x91\x13\x81\xd7)O\x02 4\x7f\xa1{LIR\xf5\xa6g^\x9c\xd1\x11\x9d\x89f0\xd8\xec\x11\x7f\xfd(5\xaf\n,\xea\xf5n?'))
Signature share failed in SPBC!  sidA:214VACS214VACS-VABASPBC8 sidA:214VACS214VACS-VABASPBC8 8 0 b'\x8bQ\xfe\x04\xd1\x01\xc9]</\xb5\xb2;\x04\x10"\xedQ9\x86\xf1\xa5\x97\xed.\xef\x9e\xa5KJ\\\x8d' b'\x8bQ\xfe\x04\xd1\x01\xc9]</\xb5\xb2;\x04\x10"\xedQ9\x86\xf1\xa5\x97\xed.\xef\x9e\xa5KJ\\\x8d' 
Node 8 Delivers ACS Block in Round 214 with having 7000 TXs
this round time: 0.10473227500915527
Node 8 counting so-far tps: 58650.503445, latency 0.116915
8 start to run round 215 C: [2, 3, 4, 5, 6, 7, 8] N: 7
1-Signature share failed in SPBC! (0, 'sidA:215VACS215VACS-VABASPBC8', 8, 6, ('SPBC_ECHO', b"0E\x02!\x00\xa8F\xae%L>\xab\x98]Hf\xa2\xb7\xd7\x13\xf2\xf6b\xed\x9eY\xd7\x8e \x03v,\xe0\xe0'k\x7f\x02 \x19:\x0e7\x98\xae @\xbbm\xa0\xd7\x99\xe3\x0b\xcbO\xb4s\xads\xd5\xb0\xf0\xd3K\x04\x02p\x97;d"))
Signature share failed in SPBC!  sidA:215VACS215VACS-VABASPBC8 sidA:215VACS215VACS-VABASPBC8 8 0 b'\xa2-!\xaeR\x19\x9dY\xe6\xcb\x06\xc0\xfe\x04\xb1\x7fU \xd6\x7f(_\xcb/\xabN\x01X\xa1w\xa27' b'\xa2-!\xaeR\x19\x9dY\xe6\xcb\x06\xc0\xfe\x04\xb1\x7fU \xd6\x7f(_\xcb/\xabN\x01X\xa1w\xa27' 
Node 8 Delivers ACS Block in Round 215 with having 7000 TXs
this round time: 0.10240888595581055
Node 8 counting so-far tps: 59173.469625, latency 0.116043
8 start to run round 216 C: [2, 3, 4, 5, 6, 7, 8] N: 7
Signature share failed in CBC! ('sidA:216PB2168', 8, 6, ('PB_ECHO', b"0D\x02 D\xc3\xb5\x01\xdd\xec\t2\xee\xf7\xc8\x98K8\xa5Z\x9f\xb7l\x02V\xd4\x10\xbf+\xa5\xe8\x1dn~\xcds\x02 J\xd5k\xf5\xd4z\xfd!\x02\x8e$\xa1dK\xf8\xcap\x05\xf8'(,\x90T\xc6\xb6>\xd1\x03JGb"))
1-Signature share failed in SPBC! (0, 'sidA:216VACS216VACS-VABASPBC8', 8, 6, ('SPBC_ECHO', b'0D\x02 !\xf0\x11\x11\xf7V\xf1\xe8\xc5\x88S\x0b\xb0V\xa4\t\x9f|\x92\x9dmk\x89\x82\xb5\x9a\xceFa+\xf8\x89\x02 p\x9f*wp\xe8\x00akr\xefs9\xcb\xdc\xfa\xf1\x17Ss\xfb\x89yEw\x17pmy\xb5\x03\xbd'))
Signature share failed in SPBC!  sidA:216VACS216VACS-VABASPBC8 sidA:216VACS216VACS-VABASPBC8 8 0 b'Qc\xe8S@\x98\x0f\xb5\xe1\xcai\x14\xae)\x8c\x9c\xfd\x0b\xf2\xe9"\xfa\x0f\x1f\xb5-9G\xf4\x16\x7f\x9e' b'Qc\xe8S@\x98\x0f\xb5\xe1\xcai\x14\xae)\x8c\x9c\xfd\x0b\xf2\xe9"\xfa\x0f\x1f\xb5-9G\xf4\x16\x7f\x9e' 
Node 8 Delivers ACS Block in Round 216 with having 7000 TXs
this round time: 0.10379981994628906
Node 8 counting so-far tps: 59598.907523, latency 0.115354
8 start to run round 217 C: [2, 3, 4, 5, 6, 7, 8] N: 7
1-Signature share failed in SPBC! (0, 'sidA:217VACS217VACS-VABASPBC8', 8, 6, ('SPBC_ECHO', b"0E\x02!\x00\x97\x066G\xa8ov\xa7\x9e\xa4\xc6\xc1=\xcd}h\xf9\x1b\xc79\xd8H\xaf\x1b\x85\xb3\x85'\xa4W\xe9=\x02 P\xb6\x86\xde\xefH\x96\xec\xe5d\xfe\xa0\xc4\xda\xd4\xf3)$\xf0\x9f\r^@n\x03^\xdd\x92\xe8\x032\x83"))
Signature share failed in SPBC!  sidA:217VACS217VACS-VABASPBC8 sidA:217VACS217VACS-VABASPBC8 8 0 b'R\xa5\x94/\x8c\\.)\xa5\xeeD\x00^\x1d%\xa7\xa3\x9e\xa5G\x82\x86\x01?u\x05\xf3A\x8bk\x19C' b'R\xa5\x94/\x8c\\.)\xa5\xeeD\x00^\x1d%\xa7\xa3\x9e\xa5G\x82\x86\x01?u\x05\xf3A\x8bk\x19C' 
Node 8 Delivers ACS Block in Round 217 with having 7000 TXs
this round time: 0.10387444496154785
Node 8 counting so-far tps: 59974.986019, latency 0.114754
8 start to run round 218 C: [2, 3, 4, 5, 6, 7, 8] N: 7
1-Signature share failed in SPBC! (0, 'sidA:218VACS218VACS-VABASPBC8', 8, 6, ('SPBC_ECHO', b'0E\x02!\x00\xba\xd0\xf2Pk\xaf!\xef\xd9\x9e\xa5\xd2\xc4O\xfb"~&`zQ\x16~K\xca\x0ba6m\xd4\x9f\xa1\x02 }pD^V\x153\x15\xa9\xf1\x18\xc1\t\x04\x16.D\x95M\'I\xef\xae\xe9yo\xb0\xad1\xeb\xd6d'))
Signature share failed in SPBC!  sidA:218VACS218VACS-VABASPBC8 sidA:218VACS218VACS-VABASPBC8 8 0 b'z\x82\x8e\x12\xa1#\xb4\x8c\xc3e(:#o\xc1\xd8\xf5\xf4\xba\x94\xa97\xdf\xa3\x879\xf4=\r*\x91\xa9' b'z\x82\x8e\x12\xa1#\xb4\x8c\xc3e(:#o\xc1\xd8\xf5\xf4\xba\x94\xa97\xdf\xa3\x879\xf4=\r*\x91\xa9' 
Node 8 Delivers ACS Block in Round 218 with having 7000 TXs
this round time: 0.10806512832641602
Node 8 counting so-far tps: 60192.866717, latency 0.114447
8 start to run round 219 C: [2, 3, 4, 5, 6, 7, 8] N: 7
Signature share failed in CBC! ('sidA:219PB2198', 8, 6, ('PB_ECHO', b'0E\x02!\x00\xee\xe6M\x87.\x8f\x94\xfd\x85\xcbu$\x05\xb6\x9b\r\xab\x91\xa5\x9b\x04\x11\xf7\xbaw\xe12fqw\xe2\xb7\x02 ~~\xe6}\xd4<\xfe;\xc7\xf6\x9f\xcf\xcck#\xb8\xbd\xcas><\xcc\xbe\xccq\xaa\x91@D\x90\t\xfe'))
1-Signature share failed in SPBC! (0, 'sidA:219VACS219VACS-VABASPBC8', 8, 6, ('SPBC_ECHO', b'0E\x02!\x00\x8e\xfbw\x060\x18L\x82\xf5A\xae\xcbG\xd7\xefr\x02\xb9m\x15\x8b?\xff+]_\xe0tF\x9e\x81\x06\x02 \x13\xe8\x9d\x9c4VnJ\xe0\x9a\x1e)\x07\xbe\xaf\r]\x0c\x85\xb5\xda\xab\x0c\x80\x8f\xf4\xa0\x8e\xc9e\ne'))
Signature share failed in SPBC!  sidA:219VACS219VACS-VABASPBC8 sidA:219VACS219VACS-VABASPBC8 8 0 b'\xabU\x91\xb4a\x06o\xa4l]\xa7\xd5v\xb7\xef\x1a\xbb\xf3\x1b\xad\xe6\xcb\xa8\x02\x1aa\x19\xc7\xa69\xb2\xb7' b'\xabU\x91\xb4a\x06o\xa4l]\xa7\xd5v\xb7\xef\x1a\xbb\xf3\x1b\xad\xe6\xcb\xa8\x02\x1aa\x19\xc7\xa69\xb2\xb7' 
Node 8 Delivers ACS Block in Round 219 with having 7000 TXs
this round time: 0.1054534912109375
Node 8 counting so-far tps: 60461.995314, latency 0.114034
8 start to run round 220 C: [2, 3, 4, 5, 6, 7, 8] N: 7
Signature share failed in CBC! ('sidA:220PB2208', 8, 6, ('PB_ECHO', b'0D\x02 7)\xfd\x81\x1d\x9a\x8f\x0b\xa5\x8d\x04\x1c\xd5\x17r.\x18\x03\xd8[\x01\xc2\xa2aL\x93\x16\xefB\x84]\xc8\x02 \x0e\x97\x1c\x0b\xd6G\x95\xa6\x01\x01\xf4\xf1\xc1\xc7\xce:\xbc\xb8cp0u\xdb\xbd\xbf:t\x92U\xf3\xcb\xd8'))
1-Signature share failed in SPBC! (0, 'sidA:220VACS220VACS-VABASPBC8', 8, 6, ('SPBC_ECHO', b'0D\x02 +\xf2\x96\xdbY~\xd5\x89<\xe2\xd6r\xf3k\xdc\xf7\x83\x9e\xe5\x88i\x01\xf6qL\xd9r\x15\xdf\x1b\xcdP\x02 \x1e\xa8\xe3\x86x@v:\xad\xfcp\xc6Y\x03&\xa0\xad\x84c\x7f\xd9g\x19\xac\xf8\xac\xe4jo\xeb\xd8q'))
Signature share failed in SPBC!  sidA:220VACS220VACS-VABASPBC8 sidA:220VACS220VACS-VABASPBC8 8 0 b'\xc2y\xce\xd9S\xa4\xa5v0(\x00p\xb2z\xe8\x99\xc5\x12\xc1\r\xd7#+\xc2\x922w\x8d-\xeec\xe0' b'\xc2y\xce\xd9S\xa4\xa5v0(\x00p\xb2z\xe8\x99\xc5\x12\xc1\r\xd7#+\xc2\x922w\x8d-\xeec\xe0' 
Node 8 Delivers ACS Block in Round 220 with having 7000 TXs
this round time: 0.10145401954650879
Node 8 counting so-far tps: 60811.276417, latency 0.113466
8 start to run round 221 C: [2, 3, 4, 5, 6, 7, 8] N: 7
Signature share failed in CBC! ('sidA:221PB2218', 8, 6, ('PB_ECHO', b"0E\x02!\x00\xbeS\x82>q5\xad\x16\xc4\xfb\x0b\xbe'\xef\x00%\x81\xaeE-\xaao8)\xd7>\xfb>\x1e\n5\xff\x02 O}-\xf8\xd5\xdd\x8bX\xd7\xa4J\xdb3\x0b\xed\x8b\x1d\x01\xf0qh\xb5\x0b\x01k\xd2\xcd\x9d\rN'\x1b"))
1-Signature share failed in SPBC! (0, 'sidA:221VACS221VACS-VABASPBC8', 8, 6, ('SPBC_ECHO', b'0D\x02 1X\x92`B\xbchbvm\xc2\x14\x86\xa6\x80\x8a3{K\x10\xd3y\xc7\xeb\x08\xe1\xec\xf6}\xc2X\\\x02 F\xc5?\x0f\xb6\xcek\x10v\rmL\x12,\x17\x0b\xcf\xbb^\xbf\x137\xad\xac\xba\xb4w\xb5F\xed\x7f\xda'))
Signature share failed in SPBC!  sidA:221VACS221VACS-VABASPBC8 sidA:221VACS221VACS-VABASPBC8 8 0 b'N\xd8em\x05&Iq\x8f\x9c\x11\x9d\xdfA1\x9e\xbcyE\xb2\xa7I\xef\xf3\xb7\xcc\xff03W(D' b'N\xd8em\x05&Iq\x8f\x9c\x11\x9d\xdfA1\x9e\xbcyE\xb2\xa7I\xef\xf3\xb7\xcc\xff03W(D' 
Node 8 Delivers ACS Block in Round 221 with having 7000 TXs
this round time: 0.1016693115234375
Node 8 counting so-far tps: 61119.564792, latency 0.112971
8 start to run round 222 C: [2, 3, 4, 5, 6, 7, 8] N: 7
1-Signature share failed in SPBC! (0, 'sidA:222VACS222VACS-VABASPBC8', 8, 6, ('SPBC_ECHO', b"0D\x02 \rQw7/\xccl?6W\xbb\xc6b\xe4\xfejW\xf9\x88\x80.\xae'\xd8\xa8\xd1BU\xe4f\xb9\xbc\x02 T\x96\x05\x12\x88U\x04\xcc\xea\xfc\xa0F\xddN!\xc4\x83c\xd8\xb3\x98\x0f\xca\x95\xf4\x98\xca\x19[#D\xd8"))
Signature share failed in SPBC!  sidA:222VACS222VACS-VABASPBC8 sidA:222VACS222VACS-VABASPBC8 8 0 b'mB\x14\x90(\x95i\xe6t\xdf!\xd8=\xc4E\xbav`\x0ci\xd8\xd9\xf1\xda\xdb$\xdf\\\xed\x98\n\xd4' b'mB\x14\x90(\x95i\xe6t\xdf!\xd8=\xc4E\xbav`\x0ci\xd8\xd9\xf1\xda\xdb$\xdf\\\xed\x98\n\xd4' 
Node 8 Delivers ACS Block in Round 222 with having 7000 TXs
this round time: 0.10779809951782227
Node 8 counting so-far tps: 61251.634538, latency 0.112798
8 start to run round 223 C: [2, 3, 4, 5, 6, 7, 8] N: 7
1-Signature share failed in SPBC! (0, 'sidA:223VACS223VACS-VABASPBC8', 8, 6, ('SPBC_ECHO', b'0E\x02!\x00\x88\x821\xdcv\xb1\x87\x14}r\x0eN\x16\xca.\xa0\x1f\xde\xd9\x82:\x17Y\xc49\xb03S1;8\xef\x02 W\x03\xdcd\x9c\xca\xbb\x8bp\x81\xca\xd5\x88\xdcI\xa1\xe8Je\x8b\xe6\x97}\xe7o-q\xd3O\xc5m\xaf'))
Signature share failed in SPBC!  sidA:223VACS223VACS-VABASPBC8 sidA:223VACS223VACS-VABASPBC8 8 0 b'\xce\xfe\xac\xbbPI\xc6C\x10-^\xb0Vg\xb0\xd5\xa0\x06\x13\xdcG\x8a\x9f\x14.\xf0\x15\x9e\xeb\xa8E\xfb' b'\xce\xfe\xac\xbbPI\xc6C\x10-^\xb0Vg\xb0\xd5\xa0\x06\x13\xdcG\x8a\x9f\x14.\xf0\x15\x9e\xeb\xa8E\xfb' 
Node 8 Delivers ACS Block in Round 223 with having 7000 TXs
this round time: 0.10470247268676758
Node 8 counting so-far tps: 61449.408988, latency 0.112500
8 start to run round 224 C: [2, 3, 4, 5, 6, 7, 8] N: 7
1-Signature share failed in SPBC! (0, 'sidA:224VACS224VACS-VABASPBC8', 8, 6, ('SPBC_ECHO', b'0E\x02!\x00\x88\x95\x89[Q\xcb\x93\xfb\xe6\xed\t\x8ah\x10\x90\xe9\xf5V\x0f\x1e\xb5\\o\x9awA\xbc.\xa3Q\x89Y\x02 \x03\x1aT\x88\xb8\x9dM\xac\xd0<\xb4\x1dYlkcP\x9a\xd7dBaq\xfcLt\x01]\x87\xac\xdb\x83'))
Signature share failed in SPBC!  sidA:224VACS224VACS-VABASPBC8 sidA:224VACS224VACS-VABASPBC8 8 0 b'g\xd4}A\x9e:\xb4\xd9\x19\xe1\xfb\x83?\xcd\x8aZ!\xb7\xce \xd0\x04;\n\xa2y\xeb\x94\x17\xed\n\x02' b'g\xd4}A\x9e:\xb4\xd9\x19\xe1\xfb\x83?\xcd\x8aZ!\xb7\xce \xd0\x04;\n\xa2y\xeb\x94\x17\xed\n\x02' 
Node 8 Delivers ACS Block in Round 224 with having 7000 TXs
this round time: 0.10046839714050293
Node 8 counting so-far tps: 61729.567976, latency 0.112048
8 start to run round 225 C: [2, 3, 4, 5, 6, 7, 8] N: 7
1-Signature share failed in SPBC! (0, 'sidA:225VACS225VACS-VABASPBC8', 8, 6, ('SPBC_ECHO', b'0E\x02!\x00\xbe\xb6\x12\xca\x90\xefQ)\xe0g\x81\xb5\xb80\x1d(I\xce%\x8b!\xbdQ\xd8~5\x1c\x7f\xa5i\x03U\x02 WH\x86\xd5\x8cM(\x1f\xb5\xf0\xe4\xabP\xc2{g@\x99\x19\x85L\x001\xf5D~X\x8b\x02b\xb6\x92'))
Signature share failed in SPBC!  sidA:225VACS225VACS-VABASPBC8 sidA:225VACS225VACS-VABASPBC8 8 0 b'\xf8H\x98\xfb\x984\x13\x01\xd4\xafg\x1a \xc9\x99/T\xd5\x1a7\t[\x0b\x12\xdf\tp:\x83\x9d.\x01' b'\xf8H\x98\xfb\x984\x13\x01\xd4\xafg\x1a \xc9\x99/T\xd5\x1a7\t[\x0b\x12\xdf\tp:\x83\x9d.\x01' 
Node 8 Delivers ACS Block in Round 225 with having 7000 TXs
this round time: 0.10323643684387207
Node 8 counting so-far tps: 61925.204630, latency 0.111748
8 start to run round 226 C: [2, 3, 4, 5, 6, 7, 8] N: 7
1-Signature share failed in SPBC! (0, 'sidA:226VACS226VACS-VABASPBC8', 8, 6, ('SPBC_ECHO', b'0D\x02 /\xe5\xfd\xa9\xee\xee\xae\xbfb\xd4G*\xe0\x81\xda\xd5\xd4J\xea\xd3\xbd\xa3^p\xa9\xb3M8\x8c|\x04\xf8\x02 z\x8eA+iL\xaa\xa5\x15\xe9\xbd\xe6\xd1P\xda\xe7Ty\x86\xa5\xa1\xecN\x1e\xa0\xaa\x18\x14xT]\x89'))
Signature share failed in SPBC!  sidA:226VACS226VACS-VABASPBC8 sidA:226VACS226VACS-VABASPBC8 8 0 b'm\xff\xa7\xa2e\nn\x81\xdb\x0b\xce\xa7\xad}\x96\xfd\x9a\xf1Udy\x12\xbf=\x99\x89)f>\xa2\x14O' b'm\xff\xa7\xa2e\nn\x81\xdb\x0b\xce\xa7\xad}\x96\xfd\x9a\xf1Udy\x12\xbf=\x99\x89)f>\xa2\x14O' 
Node 8 Delivers ACS Block in Round 226 with having 7000 TXs
this round time: 0.10089659690856934
Node 8 counting so-far tps: 62158.996676, latency 0.111377
8 start to run round 227 C: [2, 3, 4, 5, 6, 7, 8] N: 7
1-Signature share failed in SPBC! (0, 'sidA:227VACS227VACS-VABASPBC8', 8, 6, ('SPBC_ECHO', b'0D\x02 (\xb1\xd5\x90_$\t\xfc\x19\x0f\xbf\xfb\xdd\x19\xcf\xb8T\x87\x08H\xd8\xf6\x13\xf0\x8a\xa4\xfe\x96lu\x955\x02 .bw\x7f`a\x9a\t\x8aF\xea\xee>$\x91\x13\xe2\x81\x95:\x17\xa9\xa1sr\x99\xc3;\x1f\xfe\x904'))
Signature share failed in SPBC!  sidA:227VACS227VACS-VABASPBC8 sidA:227VACS227VACS-VABASPBC8 8 0 b'_k\xef8\x1a\x088\xa3\xf2{\xc0I|\x19\xdeN\x8f\xc27oTQ\xa9\xec\x02\x84V\x8a\xc1\x0cji' b'_k\xef8\x1a\x088\xa3\xf2{\xc0I|\x19\xdeN\x8f\xc27oTQ\xa9\xec\x02\x84V\x8a\xc1\x0cji' 
Node 8 Delivers ACS Block in Round 227 with having 7000 TXs
this round time: 0.1042020320892334
Node 8 counting so-far tps: 62304.644179, latency 0.111162
8 start to run round 228 C: [2, 3, 4, 5, 6, 7, 8] N: 7
1-Signature share failed in SPBC! (0, 'sidA:228VACS228VACS-VABASPBC8', 8, 6, ('SPBC_ECHO', b'0D\x02 g\xd5\xe7\xbc3\x87S\xd9m%\xaf\xe8\xb7\x7fo\xd4+\xf1a\x90\xde\xae<E\xf8B\x7fnU\xab\xd0\x8f\x02 $\x19\xd5\x08\xff\xe0\x1b\x01\xf2\xcc\xd9\xc3\x9b%*A\xc6\xf2\xac\xa5,\x88\xa2;\xa4\xd2I\xd2\xa6,\x7fG'))
Signature share failed in SPBC!  sidA:228VACS228VACS-VABASPBC8 sidA:228VACS228VACS-VABASPBC8 8 0 b'\xd5\xa1\x7f\xfe\xd8)\xa6(\xa2\xda`\xea\xb3:\x9d\xad?\xf32n\xc3\xd4\xc2\xa1;o\xb5\xcd\xf0\xcd\xa6V' b'\xd5\xa1\x7f\xfe\xd8)\xa6(\xa2\xda`\xea\xb3:\x9d\xad?\xf32n\xc3\xd4\xc2\xa1;o\xb5\xcd\xf0\xcd\xa6V' 
Node 8 Delivers ACS Block in Round 228 with having 7000 TXs
this round time: 0.10149240493774414
Node 8 counting so-far tps: 62498.231574, latency 0.110860
8 start to run round 229 C: [2, 3, 4, 5, 6, 7, 8] N: 7
1-Signature share failed in SPBC! (0, 'sidA:229VACS229VACS-VABASPBC8', 8, 6, ('SPBC_ECHO', b'0E\x02!\x00\xc2\x9dG\xb9\xe1,\x97\xb8\xb0\x8e\x1en\xad\xabs\x9b\xa2\xad`\x91\x8e|3\xf6\x90\xd1\x06\xf7\xd7\xc7\xef\x97\x02 \x03&\x8a\xd2\x93C\xbcK\x0b`\x90_\xdbcS\xd7M\x9c\xb3\xb2~q>\xc7\xcfk\xae\x939\xb3F3'))
Signature share failed in SPBC!  sidA:229VACS229VACS-VABASPBC8 sidA:229VACS229VACS-VABASPBC8 8 0 b'\xe2\xeb\x13\x98)k\xce)\x97\xdclenP\xd0\x82H\xbc\r}k\xd5\x83wl\xe5!qN\xce\xa5\xb4' b'\xe2\xeb\x13\x98)k\xce)\x97\xdclenP\xd0\x82H\xbc\r}k\xd5\x83wl\xe5!qN\xce\xa5\xb4' 
Node 8 Delivers ACS Block in Round 229 with having 7000 TXs
this round time: 0.10105776786804199
Node 8 counting so-far tps: 62687.817229, latency 0.110564
8 start to run round 230 C: [2, 3, 4, 5, 6, 7, 8] N: 7
1-Signature share failed in SPBC! (0, 'sidA:230VACS230VACS-VABASPBC8', 8, 6, ('SPBC_ECHO', b'0E\x02!\x00\xf1c\xc6I%\xfb\xba\xbf\xde\x9d\x81\xc5Md\x8f\x99J\xf3\x1c\xe0=\xfd\xdb\xed\xe2FiY$\x18\x0c\x12\x02 ~E8\xb6\xcfcv#\xaf\x1e)\xb5\xa5[\xe2\xdd&I\xab\xf72"wm\x9e\xfc\x07\x1a\xcdR|4'))
Signature share failed in SPBC!  sidA:230VACS230VACS-VABASPBC8 sidA:230VACS230VACS-VABASPBC8 8 0 b'\x1a\xbcV\x98\x97j\x9d\xbd\x11\x9bu\x8bo\xec\xa7\xafP\xec\xf5\x18\xcd\x0c\x9b\xf3A\x0b\x0b\t\xbe\xa2\xc0p' b'\x1a\xbcV\x98\x97j\x9d\xbd\x11\x9bu\x8bo\xec\xa7\xafP\xec\xf5\x18\xcd\x0c\x9b\xf3A\x0b\x0b\t\xbe\xa2\xc0p' 
Node 8 Delivers ACS Block in Round 230 with having 7000 TXs
this round time: 0.1026923656463623
Node 8 counting so-far tps: 62834.186617, latency 0.110343
8 start to run round 231 C: [2, 3, 4, 5, 6, 7, 8] N: 7
1-Signature share failed in SPBC! (0, 'sidA:231VACS231VACS-VABASPBC8', 8, 6, ('SPBC_ECHO', b'0E\x02!\x00\x9a\xe2eW&\x01\xec\xefax\xa1p\xca\x0cw?\x11e\x19\x9e\x8e\x94\x92\xbc\xe4 \xd1e\xbd\xf2H\xf8\x02 !t\x94\xd7,\xc7\xa7Pe\xa5\xd2\xee73\x88#`>\xcf\xc6\xe32\xa3n\x84\xecb\xc0/\n\xf8q'))
Signature share failed in SPBC!  sidA:231VACS231VACS-VABASPBC8 sidA:231VACS231VACS-VABASPBC8 8 0 b'P\xdaD\xe1\xda\x17R\x92s\x7fV\x98UYv\x84X\x94\xdag\xfe\xc58+\xe95\x14\x93\x8a\xd9\xdf\xec' b'P\xdaD\xe1\xda\x17R\x92s\x7fV\x98UYv\x84X\x94\xdag\xfe\xc58+\xe95\x14\x93\x8a\xd9\xdf\xec' 
Node 8 Delivers ACS Block in Round 231 with having 7000 TXs
this round time: 0.1005256175994873
Node 8 counting so-far tps: 63012.214278, latency 0.110066
8 start to run round 232 C: [2, 3, 4, 5, 6, 7, 8] N: 7
1-Signature share failed in SPBC! (0, 'sidA:232VACS232VACS-VABASPBC8', 8, 6, ('SPBC_ECHO', b'0D\x02 (\xebOT<\x8c\xa0\x06(!)\xbd\xbf6F-}<i@;\x9b\x99^\xb6\xac\xbd\xaf\x88F\x1eL\x02 &\xd9\x01\xe1R\x006/\xf7K\xec\xc3\x02$\xef\xdc\xf5b\x03\nsAo\x97\xbf\x037\x17)\xfc\xd67'))
Signature share failed in SPBC!  sidA:232VACS232VACS-VABASPBC8 sidA:232VACS232VACS-VABASPBC8 8 0 b'.Om\x9eo\xd1x\xf5\xc0\xf8\xd5r7Y\xf1\xaf\x97\xba\xe7H@\x1b\xfcP\x19$\x95\x9dy}G\xf1' b'.Om\x9eo\xd1x\xf5\xc0\xf8\xd5r7Y\xf1\xaf\x97\xba\xe7H@\x1b\xfcP\x19$\x95\x9dy}G\xf1' 
Node 8 Delivers ACS Block in Round 232 with having 7000 TXs
this round time: 0.10475516319274902
Node 8 counting so-far tps: 63104.530219, latency 0.109937
8 start to run round 233 C: [2, 3, 4, 5, 6, 7, 8] N: 7
1-Signature share failed in SPBC! (0, 'sidA:233VACS233VACS-VABASPBC8', 8, 6, ('SPBC_ECHO', b'0D\x02 \x18|\x05\xb7\xf5\xb9o1\xfc\xd5Nr\x93\xd4b\x8c\x8f\xbcH\xb5\xa2\x83 \x90\xc0cQ\xbcc\xdc\xc2`\x02 \x02\x0bp\x00\x99\xe5\x82\xb2\x00c\x94\x12\xee\x94\xd2\xf3I\xb1UMY\t\xa8\xd9\xbf[\x8c~=\xb5&!'))
Signature share failed in SPBC!  sidA:233VACS233VACS-VABASPBC8 sidA:233VACS233VACS-VABASPBC8 8 0 b'#\xc2I\xf3\x1d\x01\x9e\x00\x94\x92.\xd9\xc3\x1e\x84T\x8f\xd0]\xe5\xe7\xe0\r\xf7\xa4)\xc7\xb2\x95\xc5[\xf3' b'#\xc2I\xf3\x1d\x01\x9e\x00\x94\x92.\xd9\xc3\x1e\x84T\x8f\xd0]\xe5\xe7\xe0\r\xf7\xa4)\xc7\xb2\x95\xc5[\xf3' 
Node 8 Delivers ACS Block in Round 233 with having 7000 TXs
this round time: 0.1028602123260498
Node 8 counting so-far tps: 63223.676845, latency 0.109759
8 start to run round 234 C: [2, 3, 4, 5, 6, 7, 8] N: 7
Signature share failed in CBC! ('sidA:234PB2348', 8, 6, ('PB_ECHO', b'0D\x02 c{\xc5I\xe1\xf7GL\xa8k6/\xdf\xbb\xf2e3s\xec\x80p\x1a\xfbY K\xad\x18ga\xc7\x15\x02 \x0e\x10\xe7\x1e\xdb\x1c\x94R\xbc\x8bg\xb0E]|\xe6)\xec\xe5\xca\x13N\x8f\x14\\\xf0\xb4\xe2\x9d\xaeqH'))
1-Signature share failed in SPBC! (0, 'sidA:234VACS234VACS-VABASPBC8', 8, 6, ('SPBC_ECHO', b'0D\x02 `r4\xe0n\x17\xf5\x99\xe5\xfb\x05.\x9dN\xc0\xd7l\xcd\x8dv\xdf\xf41\xa2\xce\xa1\x92\x9d,"\x9b\xdf\x02 \r\x05\xb9\xfdf\x82\xe9n\x15X\xa8\xcf\xf9\xc2\xd6\xcc[]\xb5 \x06*\x89\xf1\xb5\x97\xfd\xae\x91I\x99\x83'))
Signature share failed in SPBC!  sidA:234VACS234VACS-VABASPBC8 sidA:234VACS234VACS-VABASPBC8 8 0 b'\x85OW\xca\xa0\x975\xe1\x00)\xda\xaf\x18\x00Q2T\xc4\x11\xfa\xe8\xe3\x08-\xf2\xb39W\x03\x16)=' b'\x85OW\xca\xa0\x975\xe1\x00)\xda\xaf\x18\x00Q2T\xc4\x11\xfa\xe8\xe3\x08-\xf2\xb39W\x03\x16)=' 
Node 8 Delivers ACS Block in Round 234 with having 7000 TXs
this round time: 0.10472226142883301
Node 8 counting so-far tps: 63305.017839, latency 0.109647
8 start to run round 235 C: [2, 3, 4, 5, 6, 7, 8] N: 7
1-Signature share failed in SPBC! (0, 'sidA:235VACS235VACS-VABASPBC8', 8, 6, ('SPBC_ECHO', b'0E\x02!\x00\xe7\xca\xb9sm\xa5\x99\x94?I\x0c\xdeR\xe0\xb6&A\xd6W\xf3\xc6\x98HF\xfa\xe5U\xf2TN\x1d\xce\x02 E\xad\x93\xdb\xc1\x12\xb8\x01 \xb1\x7f\x1a%\xfa,X\xe92Fp\x96\x87\x8f\xf34\r\x1a\xed\x96\xe6R\x10'))
Signature share failed in SPBC!  sidA:235VACS235VACS-VABASPBC8 sidA:235VACS235VACS-VABASPBC8 8 0 b'\x91\x0c\xed%\x83\xe5\x0f\xa7\t}\xf4a\x8e\xee~\xff\x86\xaa\x13\xd7\xd3\xb5\x9a\x82\x0e\x02\xe6\x8a\xacG\x8cu' b'\x91\x0c\xed%\x83\xe5\x0f\xa7\t}\xf4a\x8e\xee~\xff\x86\xaa\x13\xd7\xd3\xb5\x9a\x82\x0e\x02\xe6\x8a\xacG\x8cu' 
Node 8 Delivers ACS Block in Round 235 with having 7000 TXs
this round time: 0.10238146781921387
Node 8 counting so-far tps: 63418.352259, latency 0.109477
8 start to run round 236 C: [2, 3, 4, 5, 6, 7, 8] N: 7
1-Signature share failed in SPBC! (0, 'sidA:236VACS236VACS-VABASPBC8', 8, 6, ('SPBC_ECHO', b'0E\x02!\x00\x93\xf6\x1aU\xb5\xdbe9\xf0\x8e|\xe6\x82?"\x80\xd2\x80\xa9\xd5b:B\x00:\xfa\xe7\xd2\x90\x0f\x08\xe9\x02 i\x99?DS\xd5=eO\xf2\x94\xf1\xf4\xdd\xb2jAqs(\xe8\xf7wl\xe9\x84\x17pB\xf3\xdfF'))
Signature share failed in SPBC!  sidA:236VACS236VACS-VABASPBC8 sidA:236VACS236VACS-VABASPBC8 8 0 b'P\xc2\x0b1|\xcd2_Q\xb4\xcd\xcc\x898\xc8\x12\xae\x94\xc1\xa8+\xd2d\xa0L\x16\xd3\xe5L/N\xfa' b'P\xc2\x0b1|\xcd2_Q\xb4\xcd\xcc\x898\xc8\x12\xae\x94\xc1\xa8+\xd2d\xa0L\x16\xd3\xe5L/N\xfa' 
Node 8 Delivers ACS Block in Round 236 with having 7000 TXs
this round time: 0.10340046882629395
Node 8 counting so-far tps: 63511.318702, latency 0.109342
8 start to run round 237 C: [2, 3, 4, 5, 6, 7, 8] N: 7
1-Signature share failed in SPBC! (0, 'sidA:237VACS237VACS-VABASPBC8', 8, 6, ('SPBC_ECHO', b'0E\x02!\x00\xa8\xe3\x11\x97\x84\xa4MS\x8e\x19YH\xd4\xd6&\xe8\x02\xef^\x13\x06\x93\xf11\xa0\x9e\xfb[\xc0I\x98\xf6\x02 T\x97R\xa3d\xed\x1f\x17\xa7\x87\x93^\x95\xbeKA\x95Wa\x8a\xc4\xbaT\n\xe1y1\xb0\xdb\xe85\x0c'))
Signature share failed in SPBC!  sidA:237VACS237VACS-VABASPBC8 sidA:237VACS237VACS-VABASPBC8 8 0 b'\x85,\x8e\xb2\xd5\x0b]!\x016Om\xb5\n\x98\xdeP9\r\xa7\xa1\xe2\x07 k\tS\x01\xda\x0f9\x80' b'\x85,\x8e\xb2\xd5\x0b]!\x016Om\xb5\n\x98\xdeP9\r\xa7\xa1\xe2\x07 k\tS\x01\xda\x0f9\x80' 
Node 8 Delivers ACS Block in Round 237 with having 7000 TXs
this round time: 0.10038971900939941
Node 8 counting so-far tps: 63646.374433, latency 0.109133
8 start to run round 238 C: [2, 3, 4, 5, 6, 7, 8] N: 7
1-Signature share failed in SPBC! (0, 'sidA:238VACS238VACS-VABASPBC8', 8, 6, ('SPBC_ECHO', b'0E\x02!\x00\xe7X/\xba\xa6Ch\x1a\xeb\xd4[\x8eo!\xb9\n\x10\xa5\xfc\xfc\xae\xfa\x04.`\xaeb\xa2\x08\xdd\n\xa1\x02 a\xe54Mf\xd5\xed\xa3\xfb\xdc`Ir\x94\x03\xed\x93\xe0\xacs\xea\xcd=\xa2\xd6rxKu\xb1\x8d>'))
Signature share failed in SPBC!  sidA:238VACS238VACS-VABASPBC8 sidA:238VACS238VACS-VABASPBC8 8 0 b"\xabHV~b\x8e'\x07S\xb5\xc3\x92-\x86S\x9c\xeaq\x84\xc6\xba\x1f\xf4Sb\xd6o\xeau\xc7\x90x" b"\xabHV~b\x8e'\x07S\xb5\xc3\x92-\x86S\x9c\xeaq\x84\xc6\xba\x1f\xf4Sb\xd6o\xeau\xc7\x90x" 
Node 8 Delivers ACS Block in Round 238 with having 7000 TXs
this round time: 0.10662579536437988
Node 8 counting so-far tps: 63679.425886, latency 0.109099
8 start to run round 239 C: [2, 3, 4, 5, 6, 7, 8] N: 7
1-Signature share failed in SPBC! (0, 'sidA:239VACS239VACS-VABASPBC8', 8, 6, ('SPBC_ECHO', b'0D\x02 \x0f\xb3@\xb7q H\xaf}S\xd1#\xc8\xcd\x85\xa7\xa6\xcc\x1c:\xe9\x10k\xea\xc6b]\x85\x12\xdaH!\x02 }o\x1d\x8c\x8b\xc1\x1bG\x80N\xb8\xe3\xd7f\xc5\xb7\xb3@\xb0\xee\xf8\xc8o\xefg\xd9\xbc\x1d\x81\xeeE\xc3'))
Signature share failed in SPBC!  sidA:239VACS239VACS-VABASPBC8 sidA:239VACS239VACS-VABASPBC8 8 0 b'\xbd\xf6\xf0\xa9\xfaD8\x03\xd6\xf75\xa7<,\x8cny>\xd3\xd5Z9K\x16R]S\x03:\xf1\xa1d' b'\xbd\xf6\xf0\xa9\xfaD8\x03\xd6\xf75\xa7<,\x8cny>\xd3\xd5Z9K\x16R]S\x03:\xf1\xa1d' 
Node 8 Delivers ACS Block in Round 239 with having 7000 TXs
this round time: 0.10619354248046875
Node 8 counting so-far tps: 63714.544301, latency 0.109060
8 start to run round 240 C: [2, 3, 4, 5, 6, 7, 8] N: 7
1-Signature share failed in SPBC! (0, 'sidA:240VACS240VACS-VABASPBC8', 8, 6, ('SPBC_ECHO', b'0E\x02!\x00\xb4\x819}\xfe\xb0\xf4\xf1\xc0\xf1\xdf\x83Uq\x17\xe3\x8a\xd3\xe7\x8f/y2\xb7\xee\xf7\x8f\x82\xb9\x80\x91\xd3\x02 \x17\xfe\x0f\xa8\xc6\xc2H\xb7\xb7\xeb\xee8\xebT\x10\xed\x16>j\x16v\xe1\x0e\xa7\xdb\xb3\xceo?\xcc\xd6H'))
Signature share failed in SPBC!  sidA:240VACS240VACS-VABASPBC8 sidA:240VACS240VACS-VABASPBC8 8 0 b'6\x11\xfa\xb6H\xaf\xdb\x83q#\xb3\x8fQs\xf6<\x90\xab\xd2\x9a\x06:1\xf7,\xbe#\xd2\xaa\xce\xff,' b'6\x11\xfa\xb6H\xaf\xdb\x83q#\xb3\x8fQs\xf6<\x90\xab\xd2\x9a\x06:1\xf7,\xbe#\xd2\xaa\xce\xff,' 
Node 8 Delivers ACS Block in Round 240 with having 7000 TXs
this round time: 0.10291886329650879
Node 8 counting so-far tps: 63795.849170, latency 0.108941
8 start to run round 241 C: [2, 3, 4, 5, 6, 7, 8] N: 7
1-Signature share failed in SPBC! (0, 'sidA:241VACS241VACS-VABASPBC8', 8, 6, ('SPBC_ECHO', b'0D\x02 k\xc8\xa1S\xa8\xb6\xb1\x94F\xe2\x1ch+\xcdT\xbb\x03\xb9ac\xc0q\xbd\xe0\xdcTi\xb4\x96G{\xfc\x02 \x03NJ\xf37\xaewx\xa52,\xfd\xd7!\x14I\x84z\xc2\xdef\xfcZ \x05~\x8e\x9c\xfa\x94\x9e\x01'))
Signature share failed in SPBC!  sidA:241VACS241VACS-VABASPBC8 sidA:241VACS241VACS-VABASPBC8 8 0 b'\x1fD\x93X\x006\xb2\x8b>Q\x9ab\x96!\xbe~\xfe\xecY\xd9\x1b\xb7\xaa\x03$8\x1f\xa1\x18\x01\xdf\xa7' b'\x1fD\x93X\x006\xb2\x8b>Q\x9ab\x96!\xbe~\xfe\xecY\xd9\x1b\xb7\xaa\x03$8\x1f\xa1\x18\x01\xdf\xa7' 
Node 8 Delivers ACS Block in Round 241 with having 7000 TXs
this round time: 0.1016855239868164
Node 8 counting so-far tps: 63892.088782, latency 0.108796
8 start to run round 242 C: [2, 3, 4, 5, 6, 7, 8] N: 7
1-Signature share failed in SPBC! (0, 'sidA:242VACS242VACS-VABASPBC8', 8, 6, ('SPBC_ECHO', b'0E\x02!\x00\xd5\xa9\xf0\x9e\xbb\x86\xea\xf2\xf7\x1bA\x81\xb15\xd4\x9a\x90;\x98\x1d\xc8\x16@\xf4L|\xee\x9c\xb5\x868\xb2\x02 BNM\xca\x1fS\x0c\xe4\xf4\x83\xc2\xd7\xc2\xe08EI\x83g;r#\xfb\x81\xcb\xf9E!\x8c\xa2\x1e>'))
Signature share failed in SPBC!  sidA:242VACS242VACS-VABASPBC8 sidA:242VACS242VACS-VABASPBC8 8 0 b'Y\x9d\xebg\xaev$\xe8q5\xe5I\xf4\xda4\x8b\xa9S\xd3D\xd9po\x8f\xcfH\x997\x98\xb0\xd5\xa7' b'Y\x9d\xebg\xaev$\xe8q5\xe5I\xf4\xda4\x8b\xa9S\xd3D\xd9po\x8f\xcfH\x997\x98\xb0\xd5\xa7' 
Node 8 Delivers ACS Block in Round 242 with having 7000 TXs
this round time: 0.10120177268981934
Node 8 counting so-far tps: 63991.472936, latency 0.108645
8 start to run round 243 C: [2, 3, 4, 5, 6, 7, 8] N: 7
1-Signature share failed in SPBC! (0, 'sidA:243VACS243VACS-VABASPBC8', 8, 6, ('SPBC_ECHO', b'0D\x02 )\xf0\x86\x90e9\xf4\x19\x05o\xf9"\x8b\xe2\x9dx\x1e\x00\xe4\x18\xa3\xdf\xfb4\xc5\xa1\xbd\xc0\x93AJ\xec\x02 7!\x92I\xe5\xc9\x7fC$1p\x82tZ\x17\x8a&M\xd1\xcc\x88\x9f$U#^XmOm\x04\x1d'))
Signature share failed in SPBC!  sidA:243VACS243VACS-VABASPBC8 sidA:243VACS243VACS-VABASPBC8 8 0 b'r\xbeK&*\x0e\x91\ri\xf1>\r\xbbK\xdc}\xcf\xb6\xf7\x82\x0c\xe0\xa5\xdd\xbct5}\xc7\xfcd\xe6' b'r\xbeK&*\x0e\x91\ri\xf1>\r\xbbK\xdc}\xcf\xb6\xf7\x82\x0c\xe0\xa5\xdd\xbct5}\xc7\xfcd\xe6' 
Node 8 Delivers ACS Block in Round 243 with having 7000 TXs
this round time: 0.10283803939819336
Node 8 counting so-far tps: 64064.855188, latency 0.108538
8 start to run round 244 C: [2, 3, 4, 5, 6, 7, 8] N: 7
Signature share failed in CBC! ('sidA:244PB2448', 8, 6, ('PB_ECHO', b'0E\x02!\x00\x91Ca\xa9\xf4!Gg\x95}\x0e\xe9\xdb\xb3m n\xde\xa8\xa23\x11\x8bQ\xd3\xb3\x0b[]\x9f\x06*\x02 \x14On^\xd2}\xe9\xc6\x00$\xb8\x83 \x1e\x9e\xb8#\x96\xc8\x03\xb9O\xc4SS8:%\xf1e\xd5\x0c'))
1-Signature share failed in SPBC! (0, 'sidA:244VACS244VACS-VABASPBC8', 8, 6, ('SPBC_ECHO', b'0D\x02 !\nN\n\x80\xc9\x8c:\xd4\xc9\xd4C\xeb\x96\xc7\xc6\x1c\x81\xaeY\xf2\x02S\xa8\x83\x16\xe4\x10\tZSk\x02 R=#G\x94\xb3\xad\x1b\xa8\x03v\xb8\xec/\xc1\xd3\x0e\xc8Q@Z(J\xbbh6\x1fE,\xea\xe5)'))
Signature share failed in SPBC!  sidA:244VACS244VACS-VABASPBC8 sidA:244VACS244VACS-VABASPBC8 8 0 b'\xb2\x81\x84\xbb\xf8G\'\x80"\xf0f\x8e\xc2f\xe7\xd6\xfa\xcb[\xa0ik \xb3*\xe8\x92\xb7-"\x83+' b'\xb2\x81\x84\xbb\xf8G\'\x80"\xf0f\x8e\xc2f\xe7\xd6\xfa\xcb[\xa0ik \xb3*\xe8\x92\xb7-"\x83+' 
Node 8 Delivers ACS Block in Round 244 with having 7000 TXs
this round time: 0.10542130470275879
Node 8 counting so-far tps: 64099.438114, latency 0.108496
8 start to run round 245 C: [2, 3, 4, 5, 6, 7, 8] N: 7
1-Signature share failed in SPBC! (0, 'sidA:245VACS245VACS-VABASPBC8', 8, 6, ('SPBC_ECHO', b'0D\x02 a\x0fA\xf7\xb5\xdc\xe0`\xe60\x12\x8c\xcb\xa8c\xb4~\xae\xd6\xcf\xb1\x1brV $\xa8a9\xdd\\h\x02 aLf\x7f\x80;\x8ar\x91]\x99\xdd\xf0\x03\x05\xc0\xf6l\t\xe5\xbc\xa4\xc6#\xb1\xbb\x07\x80\xa6\x05\xed\xf4'))
Signature share failed in SPBC!  sidA:245VACS245VACS-VABASPBC8 sidA:245VACS245VACS-VABASPBC8 8 0 b'-\x97\xe5_\x02\xd6\xadW\xd4\xc2\xc9\x0f\x963e\x94\xf7qUB\xdb\x1eF1$\xfa\xb8\x0b=\x16\x11\x99' b'-\x97\xe5_\x02\xd6\xadW\xd4\xc2\xc9\x0f\x963e\x94\xf7qUB\xdb\x1eF1$\xfa\xb8\x0b=\x16\x11\x99' 
Node 8 Delivers ACS Block in Round 245 with having 7000 TXs
this round time: 0.10399055480957031
Node 8 counting so-far tps: 64153.023878, latency 0.108421
8 start to run round 246 C: [2, 3, 4, 5, 6, 7, 8] N: 7
Signature share failed in CBC! ('sidA:246PB2468', 8, 6, ('PB_ECHO', b'0E\x02!\x00\xe4\x10\xb4G\xe3,|8\xdb\x97\x1cp\x94\x9a%A@-Go\x1b\xb3A`\xab\x0f\xf5\xc5\xc776I\x02 A\xb8=\xed@\xe5F\xb5\xe0\x97a\xe2n\x9f\x84B\xb6\xd3\xf8\xce}\x90\x8a\x1d\xa0\xcbL\xd3\xdd\x1b\x12\x84'))
1-Signature share failed in SPBC! (0, 'sidA:246VACS246VACS-VABASPBC8', 8, 6, ('SPBC_ECHO', b"0D\x02 \x18\\Q\x14\xcd\x03}\x1cR\x1b\xf6L:\xd5Y;\xe1#\xac\x87\x99\n\xffP\xd4t\xaaH\xect\xad\xbe\x02 !\xb5\x8bvP'y\xb9\xea\x8b\xde\xe7\x16\x04\xb5G\x9d\xf1\xe4\x9e\xc9\xea9\x0b\x9f\xa7&[GL\xd0T"))
Signature share failed in SPBC!  sidA:246VACS246VACS-VABASPBC8 sidA:246VACS246VACS-VABASPBC8 8 0 b'^d\x9e\x8a\x9e\xb6\xd7T\x84\x8c\xe9\x1ep@F\xec\xcef\xc1\x90\xce\x875\x8bni\x91\xda\xea\xba\x19(' b'^d\x9e\x8a\x9e\xb6\xd7T\x84\x8c\xe9\x1ep@F\xec\xcef\xc1\x90\xce\x875\x8bni\x91\xda\xea\xba\x19(' 
Node 8 Delivers ACS Block in Round 246 with having 7000 TXs
this round time: 0.1051642894744873
Node 8 counting so-far tps: 64189.515219, latency 0.108375
8 start to run round 247 C: [2, 3, 4, 5, 6, 7, 8] N: 7
Signature share failed in CBC! ('sidA:247PB2478', 8, 6, ('PB_ECHO', b'0D\x02 261Z\xe3C\xbe\xbeH\xa7\xa0\xde\xa5\x90dW\xf2h\xbb\x07)\xe0\x9c\xfdy\xda\xbb\xbf{X\xb9\x81\x02 -\x04^x}:\xa8=P~\xa1Z\xb1\r\xc6\xa0\x86\xf8]\xc90\xf0\x0c\xadl\xb8\xc2\xae\xfa\x13\x10\x02'))
1-Signature share failed in SPBC! (0, 'sidA:247VACS247VACS-VABASPBC8', 8, 6, ('SPBC_ECHO', b'0D\x02 gu\x8d\xeak2\xf2\xc25\x8c>\xd4D\xday\xf1\xa6^(\xdc\x0c\x9e\x9b0\xaf\xbd%\x92\xbf\xf7\xd9v\x02 #\xab\xcc\x14;Cr\xd0\x19)\xde\x9a\xba\xc9`Y\xa2}\xde\xc5\xf0\x94\x13\xaf\xf0\xe2X\xc8:\x19w\xa1'))
Signature share failed in SPBC!  sidA:247VACS247VACS-VABASPBC8 sidA:247VACS247VACS-VABASPBC8 8 0 b'\xd6\xdf{E|\x86\xca\x15u\x0fAU\xb8\xdf\xf1\xda%\xe2p\xc6\xd9\xbe\xad:\xb8n*\x11R\xfb5\x88' b'\xd6\xdf{E|\x86\xca\x15u\x0fAU\xb8\xdf\xf1\xda%\xe2p\xc6\xd9\xbe\xad:\xb8n*\x11R\xfb5\x88' 
Node 8 Delivers ACS Block in Round 247 with having 7000 TXs
this round time: 0.1050863265991211
Node 8 counting so-far tps: 64224.741786, latency 0.108330
8 start to run round 248 C: [2, 3, 4, 5, 6, 7, 8] N: 7
Signature share failed in CBC! ('sidA:248PB2488', 8, 6, ('PB_ECHO', b'0E\x02!\x00\xc1\x0e?\xfb\xe4\x9b\x192\x0bG \xd3AY\xf3\xa7^\xb9\x8em\xa8\xba\xb2e\xfb|\xa0mq\xae\xbb\xaf\x02 Ue\xf0$v\x0f\xba;\xef\x17N)\xaay\x1e8\x05\xf7\xb2\x9a\x8b\x8e\xec\xa3)5nX\x181x:'))
1-Signature share failed in SPBC! (0, 'sidA:248VACS248VACS-VABASPBC8', 8, 6, ('SPBC_ECHO', b"0D\x02 U}\xe3\xa7X\xb3\xb1c\x07\xaa,\x10'\xd1 I*\x87\x83\xf3\xc4\x9b\x9d\xa1xhP\x9f +\x078\x02 %\xec\x90\xbepD\xacv\xdf\xde\xc9 \xe8vi\xe4\x8dr\x9cf\r\xfcf\xeb>q\x08\xba\xa0b\xba\x08"))
Signature share failed in SPBC!  sidA:248VACS248VACS-VABASPBC8 sidA:248VACS248VACS-VABASPBC8 8 0 b'h\x80\xe6_\xb2\xce\xd1\x92H?\x11\xa1\xe5\x9f\xa1~\xfa\xc0\x9d\x04\x11\xad\xe6y\xebp\x0eWN5\xc5\x01' b'h\x80\xe6_\xb2\xce\xd1\x92H?\x11\xa1\xe5\x9f\xa1~\xfa\xc0\x9d\x04\x11\xad\xe6y\xebp\x0eWN5\xc5\x01' 
Node 8 Delivers ACS Block in Round 248 with having 7000 TXs
this round time: 0.10474181175231934
Node 8 counting so-far tps: 64263.350564, latency 0.108278
8 start to run round 249 C: [2, 3, 4, 5, 6, 7, 8] N: 7
Signature share failed in CBC! ('sidA:249PB2498', 8, 6, ('PB_ECHO', b'0E\x02!\x00\x8dTS\x8d\x02\x94&W\x8a"\x93oA\xe1\xca/\xd2\x06\xfb\xbc\xf7\'8"\xca\xde\xcb9`\x8aL\xf3\x02 $>#\xc8\xa1\x10\x85fN\x87\x00YZ\xecg\xa0\x19\x8e}N\xeb\x07n_\x19(\xfd\xffvvf\x1b'))
1-Signature share failed in SPBC! (0, 'sidA:249VACS249VACS-VABASPBC8', 8, 6, ('SPBC_ECHO', b"0E\x02!\x00\xc3Z.\xf0EQ'E\x03,2B\xc2.\x1a\xe7\xf83F\xa68\xf2\x0f\x88z\x8f\xd8\xb9\x93t#\x84\x02 \x04\x0b\x01\x8e\xce\xec\xa0\x8d\xce\xbc\x8f\x8d\x85\xccr\xb3\xb8@\xa9]Q\xd5\xf2J|?\x80\xeeQ\x93\xefZ"))
Signature share failed in SPBC!  sidA:249VACS249VACS-VABASPBC8 sidA:249VACS249VACS-VABASPBC8 8 0 b'eD\xaf\xff\xb9\x1f\xfcc4\xcd/\x80,{\xee%+\xe1e\xf1e \x9e\xf2\xaf\x9e\xe6\x9e\xa6\xa1\x8e\xde' b'eD\xaf\xff\xb9\x1f\xfcc4\xcd/\x80,{\xee%+\xe1e\xf1e \x9e\xf2\xaf\x9e\xe6\x9e\xa6\xa1\x8e\xde' 
Node 8 Delivers ACS Block in Round 249 with having 7000 TXs
this round time: 0.1080625057220459
Node 8 counting so-far tps: 64259.807987, latency 0.108298
8 start to run round 250 C: [2, 3, 4, 5, 6, 7, 8] N: 7
1-Signature share failed in SPBC! (0, 'sidA:250VACS250VACS-VABASPBC8', 8, 6, ('SPBC_ECHO', b'0D\x02 }G:T\x11r\x8d\x9e_\xa6\xee\x97\xdd\xafZ\xb5\x93\x0be\x9f\xd0\xd5\xe6\xce\xb3H6\xfd|\x1f\x02\xcf\x02 e/\x1a\x18x\x92,.(]\xc5\x89\xd1\x01\xd6\xcd\x08.d}\x1aV\xbbU8C\xb7D\xf5\x0f\x16\x15'))
Signature share failed in SPBC!  sidA:250VACS250VACS-VABASPBC8 sidA:250VACS250VACS-VABASPBC8 8 0 b"\x95\xb8\xa2\x85\xbb\xac\x02\x8b8*?p\x7f-@}\x0e^C\xf33\xc1\x19\x0e'\xb3o\xdfs\xaa\xa5\xa9" b"\x95\xb8\xa2\x85\xbb\xac\x02\x8b8*?p\x7f-@}\x0e^C\xf33\xc1\x19\x0e'\xb3o\xdfs\xaa\xa5\xa9" 
Node 8 Delivers ACS Block in Round 250 with having 7000 TXs
this round time: 0.09886360168457031
Node 8 counting so-far tps: 64353.271700, latency 0.108153
node 8 breaks in 5.408637 seconds with total delivered Txs 348000, latency: 0.108173, tps: 64341.550196
8 set stop as true
